<?xml version="1.0" encoding="UTF-8" standalone="yes"?>
<testsuites name="Sanity Check - 12.5.1 - 8499" time="522" tests="3" failures="0" errors="0">
    <testsuite name="Sanity Check - 12.5.1 - 8499" tests="3" failures="0" errors="0" time="522" timestamp="2019-08-21 14:44:03" hostname="bogdan.eremia - ROECR-L013.roecr.ecrion.com" id="Test Suites/Sanity Check - 12.5.1 - 8499">
        <properties>
            <property name="deviceName" value=""/>
            <property name="devicePlatform" value=""/>
            <property name="logFolder" value="C:\\Katalon Projects\\Nido_Patch3\\Reports\\20190821_144358\\Sanity Check - 12.5.1 - 8499\\20190821_144358"/>
            <property name="logFiles" value="C:\\Katalon Projects\\Nido_Patch3\\Reports\\20190821_144358\\Sanity Check - 12.5.1 - 8499\\20190821_144358\\execution0.log"/>
            <property name="attachments" value="C:\\Katalon Projects\\Nido_Patch3\\Reports\\20190821_144358\\Sanity Check - 12.5.1 - 8499\\20190821_144358\\1566387855223.png, C:\\Katalon Projects\\Nido_Patch3\\Reports\\20190821_144358\\Sanity Check - 12.5.1 - 8499\\20190821_144358\\1566387862446.png, C:\\Katalon Projects\\Nido_Patch3\\Reports\\20190821_144358\\Sanity Check - 12.5.1 - 8499\\20190821_144358\\1566387873094.png, C:\\Katalon Projects\\Nido_Patch3\\Reports\\20190821_144358\\Sanity Check - 12.5.1 - 8499\\20190821_144358\\1566387883518.png, C:\\Katalon Projects\\Nido_Patch3\\Reports\\20190821_144358\\Sanity Check - 12.5.1 - 8499\\20190821_144358\\1566387893959.png, C:\\Katalon Projects\\Nido_Patch3\\Reports\\20190821_144358\\Sanity Check - 12.5.1 - 8499\\20190821_144358\\1566387944708.png, C:\\Katalon Projects\\Nido_Patch3\\Reports\\20190821_144358\\Sanity Check - 12.5.1 - 8499\\20190821_144358\\1566388029177.png, C:\\Katalon Projects\\Nido_Patch3\\Reports\\20190821_144358\\Sanity Check - 12.5.1 - 8499\\20190821_144358\\1566388206752.png, C:\\Katalon Projects\\Nido_Patch3\\Reports\\20190821_144358\\Sanity Check - 12.5.1 - 8499\\20190821_144358\\1566388230562.png, C:\\Katalon Projects\\Nido_Patch3\\Reports\\20190821_144358\\Sanity Check - 12.5.1 - 8499\\20190821_144358\\1566388254294.png, C:\\Katalon Projects\\Nido_Patch3\\Reports\\20190821_144358\\Sanity Check - 12.5.1 - 8499\\20190821_144358\\1566388271388.png, C:\\Katalon Projects\\Nido_Patch3\\Reports\\20190821_144358\\Sanity Check - 12.5.1 - 8499\\20190821_144358\\1566388286325.png, C:\\Katalon Projects\\Nido_Patch3\\Reports\\20190821_144358\\Sanity Check - 12.5.1 - 8499\\20190821_144358\\1566388322639.png, C:\\Katalon Projects\\Nido_Patch3\\Reports\\20190821_144358\\Sanity Check - 12.5.1 - 8499\\20190821_144358\\1566388351436.png"/>
            <property name="hostName" value="bogdan.eremia - ROECR-L013.roecr.ecrion.com"/>
            <property name="os" value="Windows 10 64bit"/>
            <property name="katalonVersion" value="6.3.0.1"/>
            <property name="browser" value="Chrome 76.0.3809.100"/>
            <property name="hostAddress" value="192.168.192.57"/>
            <property name="sessionId" value="97b84c87dce34a67796d7cbdf91c4ddb"/>
            <property name="seleniumVersion" value="3.141.59"/>
            <property name="proxyInformation" value="ProxyInformation{proxyOption=NO_PROXY, proxyServerType=HTTP, password=, proxyServerAddress=, proxyServerPort=0}"/>
            <property name="platform" value="Windows 10"/>
        </properties>
        <testcase name="Test Cases/TESTCASE COLLECTIONS/Sysadmin - Testcases" classname="Test Cases/TESTCASE COLLECTIONS/Sysadmin - Testcases" status="PASSED">
            <system-out>2019-08-21 14:44:03 - [TEST_CASE][PASSED] - Test Cases/TESTCASE COLLECTIONS/Sysadmin - Testcases: Test Cases/TESTCASE COLLECTIONS/Sysadmin - Testcases&#xD;
&#xD;
2019-08-21 14:44:04 - [TEST_STEP][PASSED] - callTestCase(findTestCase("Sysadmin Portal/Create Multiple Environments"), ["Develop_env":findTestData("Environment Names").getValue(1, 1), "Username":Username_Admin, "Experience_Env":findTestData("Environment Names").getValue(1, 2), ... ], CONTINUE_ON_FAILURE): Call Test Case 'Test Cases/Sysadmin Portal/Create Multiple Environments' successfully&#xD;
&#xD;
2019-08-21 14:44:04 - [TEST_CASE][PASSED] - Test Cases/Sysadmin Portal/Create Multiple Environments: Test Cases/Sysadmin Portal/Create Multiple Environments&#xD;
&#xD;
2019-08-21 14:44:04 - [TEST_STEP][PASSED] - callTestCase(findTestCase("Sysadmin Login Page/login_Sysadmin"), [:], STOP_ON_FAILURE): Call Test Case 'Test Cases/Sysadmin Login Page/login_Sysadmin' successfully&#xD;
&#xD;
2019-08-21 14:44:04 - [TEST_CASE][PASSED] - Test Cases/Sysadmin Login Page/login_Sysadmin: Test Cases/Sysadmin Login Page/login_Sysadmin&#xD;
&#xD;
2019-08-21 14:44:05 - [TEST_STEP][PASSED] - openBrowser(url_sysadmin, CONTINUE_ON_FAILURE): Browser is opened with url: 'http://192.168.1.97:8095/'&#xD;
&#xD;
2019-08-21 14:44:05 - [MESSAGE][INFO] - Starting 'Chrome' driver&#xD;
&#xD;
2019-08-21 14:44:05 - [MESSAGE][INFO] - Action delay is set to 0 seconds&#xD;
&#xD;
2019-08-21 14:44:08 - [MESSAGE][PASSED] - Browser is opened with url: 'http://192.168.1.97:8095/'&#xD;
&#xD;
2019-08-21 14:44:08 - [TEST_STEP][PASSED] - maximizeWindow(CONTINUE_ON_FAILURE): Current window maximized&#xD;
&#xD;
2019-08-21 14:44:09 - [MESSAGE][PASSED] - Current window maximized&#xD;
&#xD;
2019-08-21 14:44:09 - [TEST_STEP][PASSED] - setText(findTestObject("Sysadmin Login Page/input_userName"), "sysadmin", CONTINUE_ON_FAILURE): Text 'sysadmin' is set on object 'Object Repository/Sysadmin Login Page/input_userName'&#xD;
&#xD;
2019-08-21 14:44:09 - [MESSAGE][PASSED] - Text 'sysadmin' is set on object 'Object Repository/Sysadmin Login Page/input_userName'&#xD;
&#xD;
2019-08-21 14:44:09 - [TEST_STEP][PASSED] - setText(findTestObject("Sysadmin Login Page/input_password"), "sysadmin", CONTINUE_ON_FAILURE): Text 'sysadmin' is set on object 'Object Repository/Sysadmin Login Page/input_password'&#xD;
&#xD;
2019-08-21 14:44:09 - [MESSAGE][PASSED] - Text 'sysadmin' is set on object 'Object Repository/Sysadmin Login Page/input_password'&#xD;
&#xD;
2019-08-21 14:44:09 - [TEST_STEP][PASSED] - click(findTestObject("Sysadmin Login Page/button_Sign in"), CONTINUE_ON_FAILURE): Object: 'Object Repository/Sysadmin Login Page/button_Sign in' is clicked on&#xD;
&#xD;
2019-08-21 14:44:09 - [MESSAGE][PASSED] - Object: 'Object Repository/Sysadmin Login Page/button_Sign in' is clicked on&#xD;
&#xD;
2019-08-21 14:44:09 - [TEST_STEP][PASSED] - if (verifyElementVisible(findTestObject("Sysadmin Login Page/Change_Password_Window/Textbox_Confirm_Password"), OPTIONAL)): Web element with id: 'Object Repository/Sysadmin Login Page/Change_Password_Window/Textbox_Confirm_Password' located by 'By.cssSelector: [id="confirmPasswordTxt"]' not found (Root cause: com.kms.katalon.core.exception.StepFailedException: Web element with id: 'Object Repository/Sysadmin Login Page/Change_Password_Window/Textbox_Confirm_Password' located by 'By.cssSelector: [id="confirmPasswordTxt"]' not found&#xD;
	at com.kms.katalon.core.webui.keyword.internal.WebUIKeywordMain.stepFailed(WebUIKeywordMain.groovy:64)&#xD;
	at com.kms.katalon.core.webui.keyword.builtin.VerifyElementVisibleKeyword$_verifyElementVisible_closure1.doCall(VerifyElementVisibleKeyword.groovy:89)&#xD;
	at com.kms.katalon.core.webui.keyword.builtin.VerifyElementVisibleKeyword$_verifyElementVisible_closure1.call(VerifyElementVisibleKeyword.groovy)&#xD;
	at com.kms.katalon.core.webui.keyword.internal.WebUIKeywordMain.runKeyword(WebUIKeywordMain.groovy:20)&#xD;
	at com.kms.katalon.core.webui.keyword.builtin.VerifyElementVisibleKeyword.verifyElementVisible(VerifyElementVisibleKeyword.groovy:97)&#xD;
	at com.kms.katalon.core.webui.keyword.builtin.VerifyElementVisibleKeyword.execute(VerifyElementVisibleKeyword.groovy:67)&#xD;
	at com.kms.katalon.core.keyword.internal.KeywordExecutor.executeKeywordForPlatform(KeywordExecutor.groovy:56)&#xD;
	at com.kms.katalon.core.webui.keyword.WebUiBuiltInKeywords.verifyElementVisible(WebUiBuiltInKeywords.groovy:358)&#xD;
	at com.kms.katalon.core.webui.keyword.WebUiBuiltInKeywords$verifyElementVisible$3.call(Unknown Source)&#xD;
	at login_Sysadmin.run(login_Sysadmin:32)&#xD;
	at com.kms.katalon.core.main.ScriptEngine.run(ScriptEngine.java:194)&#xD;
	at com.kms.katalon.core.main.ScriptEngine.runScriptAsRawText(ScriptEngine.java:119)&#xD;
	at com.kms.katalon.core.main.TestCaseExecutor.runScript(TestCaseExecutor.java:337)&#xD;
	at com.kms.katalon.core.main.TestCaseExecutor.doExecute(TestCaseExecutor.java:328)&#xD;
	at com.kms.katalon.core.main.TestCaseExecutor.processExecutionPhase(TestCaseExecutor.java:307)&#xD;
	at com.kms.katalon.core.main.TestCaseExecutor.accessMainPhase(TestCaseExecutor.java:299)&#xD;
	at com.kms.katalon.core.main.TestCaseExecutor.execute(TestCaseExecutor.java:233)&#xD;
	at com.kms.katalon.core.main.TestCaseMain.runTestCase(TestCaseMain.java:114)&#xD;
	at com.kms.katalon.core.keyword.builtin.CallTestCaseKeyword$_callTestCase_closure1.doCall(CallTestCaseKeyword.groovy:59)&#xD;
	at com.kms.katalon.core.keyword.builtin.CallTestCaseKeyword$_callTestCase_closure1.call(CallTestCaseKeyword.groovy)&#xD;
	at com.kms.katalon.core.keyword.internal.KeywordMain.runKeyword(KeywordMain.groovy:68)&#xD;
	at com.kms.katalon.core.keyword.builtin.CallTestCaseKeyword.callTestCase(CallTestCaseKeyword.groovy:81)&#xD;
	at com.kms.katalon.core.keyword.builtin.CallTestCaseKeyword.execute(CallTestCaseKeyword.groovy:44)&#xD;
	at com.kms.katalon.core.keyword.internal.KeywordExecutor.executeKeywordForPlatform(KeywordExecutor.groovy:56)&#xD;
	at com.kms.katalon.core.keyword.BuiltinKeywords.callTestCase(BuiltinKeywords.groovy:334)&#xD;
	at Create Multiple Environments.run(Create Multiple Environments:23)&#xD;
	at com.kms.katalon.core.main.ScriptEngine.run(ScriptEngine.java:194)&#xD;
	at com.kms.katalon.core.main.ScriptEngine.runScriptAsRawText(ScriptEngine.java:119)&#xD;
	at com.kms.katalon.core.main.TestCaseExecutor.runScript(TestCaseExecutor.java:337)&#xD;
	at com.kms.katalon.core.main.TestCaseExecutor.doExecute(TestCaseExecutor.java:328)&#xD;
	at com.kms.katalon.core.main.TestCaseExecutor.processExecutionPhase(TestCaseExecutor.java:307)&#xD;
	at com.kms.katalon.core.main.TestCaseExecutor.accessMainPhase(TestCaseExecutor.java:299)&#xD;
	at com.kms.katalon.core.main.TestCaseExecutor.execute(TestCaseExecutor.java:233)&#xD;
	at com.kms.katalon.core.main.TestCaseMain.runTestCase(TestCaseMain.java:114)&#xD;
	at com.kms.katalon.core.keyword.builtin.CallTestCaseKeyword$_callTestCase_closure1.doCall(CallTestCaseKeyword.groovy:59)&#xD;
	at com.kms.katalon.core.keyword.builtin.CallTestCaseKeyword$_callTestCase_closure1.call(CallTestCaseKeyword.groovy)&#xD;
	at com.kms.katalon.core.keyword.internal.KeywordMain.runKeyword(KeywordMain.groovy:68)&#xD;
	at com.kms.katalon.core.keyword.builtin.CallTestCaseKeyword.callTestCase(CallTestCaseKeyword.groovy:81)&#xD;
	at com.kms.katalon.core.keyword.builtin.CallTestCaseKeyword.execute(CallTestCaseKeyword.groovy:44)&#xD;
	at com.kms.katalon.core.keyword.internal.KeywordExecutor.executeKeywordForPlatform(KeywordExecutor.groovy:56)&#xD;
	at com.kms.katalon.core.keyword.BuiltinKeywords.callTestCase(BuiltinKeywords.groovy:334)&#xD;
	at Sysadmin - Testcases.run(Sysadmin - Testcases:25)&#xD;
	at com.kms.katalon.core.main.ScriptEngine.run(ScriptEngine.java:194)&#xD;
	at com.kms.katalon.core.main.ScriptEngine.runScriptAsRawText(ScriptEngine.java:119)&#xD;
	at com.kms.katalon.core.main.TestCaseExecutor.runScript(TestCaseExecutor.java:337)&#xD;
	at com.kms.katalon.core.main.TestCaseExecutor.doExecute(TestCaseExecutor.java:328)&#xD;
	at com.kms.katalon.core.main.TestCaseExecutor.processExecutionPhase(TestCaseExecutor.java:307)&#xD;
	at com.kms.katalon.core.main.TestCaseExecutor.accessMainPhase(TestCaseExecutor.java:299)&#xD;
	at com.kms.katalon.core.main.TestCaseExecutor.execute(TestCaseExecutor.java:233)&#xD;
	at com.kms.katalon.core.main.TestSuiteExecutor.accessTestCaseMainPhase(TestSuiteExecutor.java:150)&#xD;
	at com.kms.katalon.core.main.TestSuiteExecutor.accessTestSuiteMainPhase(TestSuiteExecutor.java:123)&#xD;
	at com.kms.katalon.core.main.TestSuiteExecutor.execute(TestSuiteExecutor.java:87)&#xD;
	at com.kms.katalon.core.main.TestCaseMain.startTestSuite(TestCaseMain.java:157)&#xD;
	at com.kms.katalon.core.main.TestCaseMain$startTestSuite$0.call(Unknown Source)&#xD;
	at TempTestSuite1566387838851.run(TempTestSuite1566387838851.groovy:35)&#xD;
)&#xD;
&#xD;
2019-08-21 14:44:15 - [MESSAGE][INFO] - Unable to find the element located by 'By.cssSelector: [id="confirmPasswordTxt"]'. Please recheck the objects properties to make sure the desired element is located. &#xD;
&#xD;
2019-08-21 14:44:15 - [MESSAGE][WARNING] - Web element with id: 'Object Repository/Sysadmin Login Page/Change_Password_Window/Textbox_Confirm_Password' located by 'By.cssSelector: [id="confirmPasswordTxt"]' not found (Root cause: com.kms.katalon.core.exception.StepFailedException: Web element with id: 'Object Repository/Sysadmin Login Page/Change_Password_Window/Textbox_Confirm_Password' located by 'By.cssSelector: [id="confirmPasswordTxt"]' not found&#xD;
	at com.kms.katalon.core.webui.keyword.internal.WebUIKeywordMain.stepFailed(WebUIKeywordMain.groovy:64)&#xD;
	at com.kms.katalon.core.webui.keyword.builtin.VerifyElementVisibleKeyword$_verifyElementVisible_closure1.doCall(VerifyElementVisibleKeyword.groovy:89)&#xD;
	at com.kms.katalon.core.webui.keyword.builtin.VerifyElementVisibleKeyword$_verifyElementVisible_closure1.call(VerifyElementVisibleKeyword.groovy)&#xD;
	at com.kms.katalon.core.webui.keyword.internal.WebUIKeywordMain.runKeyword(WebUIKeywordMain.groovy:20)&#xD;
	at com.kms.katalon.core.webui.keyword.builtin.VerifyElementVisibleKeyword.verifyElementVisible(VerifyElementVisibleKeyword.groovy:97)&#xD;
	at com.kms.katalon.core.webui.keyword.builtin.VerifyElementVisibleKeyword.execute(VerifyElementVisibleKeyword.groovy:67)&#xD;
	at com.kms.katalon.core.keyword.internal.KeywordExecutor.executeKeywordForPlatform(KeywordExecutor.groovy:56)&#xD;
	at com.kms.katalon.core.webui.keyword.WebUiBuiltInKeywords.verifyElementVisible(WebUiBuiltInKeywords.groovy:358)&#xD;
	at com.kms.katalon.core.webui.keyword.WebUiBuiltInKeywords$verifyElementVisible$3.call(Unknown Source)&#xD;
	at login_Sysadmin.run(login_Sysadmin:32)&#xD;
	at com.kms.katalon.core.main.ScriptEngine.run(ScriptEngine.java:194)&#xD;
	at com.kms.katalon.core.main.ScriptEngine.runScriptAsRawText(ScriptEngine.java:119)&#xD;
	at com.kms.katalon.core.main.TestCaseExecutor.runScript(TestCaseExecutor.java:337)&#xD;
	at com.kms.katalon.core.main.TestCaseExecutor.doExecute(TestCaseExecutor.java:328)&#xD;
	at com.kms.katalon.core.main.TestCaseExecutor.processExecutionPhase(TestCaseExecutor.java:307)&#xD;
	at com.kms.katalon.core.main.TestCaseExecutor.accessMainPhase(TestCaseExecutor.java:299)&#xD;
	at com.kms.katalon.core.main.TestCaseExecutor.execute(TestCaseExecutor.java:233)&#xD;
	at com.kms.katalon.core.main.TestCaseMain.runTestCase(TestCaseMain.java:114)&#xD;
	at com.kms.katalon.core.keyword.builtin.CallTestCaseKeyword$_callTestCase_closure1.doCall(CallTestCaseKeyword.groovy:59)&#xD;
	at com.kms.katalon.core.keyword.builtin.CallTestCaseKeyword$_callTestCase_closure1.call(CallTestCaseKeyword.groovy)&#xD;
	at com.kms.katalon.core.keyword.internal.KeywordMain.runKeyword(KeywordMain.groovy:68)&#xD;
	at com.kms.katalon.core.keyword.builtin.CallTestCaseKeyword.callTestCase(CallTestCaseKeyword.groovy:81)&#xD;
	at com.kms.katalon.core.keyword.builtin.CallTestCaseKeyword.execute(CallTestCaseKeyword.groovy:44)&#xD;
	at com.kms.katalon.core.keyword.internal.KeywordExecutor.executeKeywordForPlatform(KeywordExecutor.groovy:56)&#xD;
	at com.kms.katalon.core.keyword.BuiltinKeywords.callTestCase(BuiltinKeywords.groovy:334)&#xD;
	at Create Multiple Environments.run(Create Multiple Environments:23)&#xD;
	at com.kms.katalon.core.main.ScriptEngine.run(ScriptEngine.java:194)&#xD;
	at com.kms.katalon.core.main.ScriptEngine.runScriptAsRawText(ScriptEngine.java:119)&#xD;
	at com.kms.katalon.core.main.TestCaseExecutor.runScript(TestCaseExecutor.java:337)&#xD;
	at com.kms.katalon.core.main.TestCaseExecutor.doExecute(TestCaseExecutor.java:328)&#xD;
	at com.kms.katalon.core.main.TestCaseExecutor.processExecutionPhase(TestCaseExecutor.java:307)&#xD;
	at com.kms.katalon.core.main.TestCaseExecutor.accessMainPhase(TestCaseExecutor.java:299)&#xD;
	at com.kms.katalon.core.main.TestCaseExecutor.execute(TestCaseExecutor.java:233)&#xD;
	at com.kms.katalon.core.main.TestCaseMain.runTestCase(TestCaseMain.java:114)&#xD;
	at com.kms.katalon.core.keyword.builtin.CallTestCaseKeyword$_callTestCase_closure1.doCall(CallTestCaseKeyword.groovy:59)&#xD;
	at com.kms.katalon.core.keyword.builtin.CallTestCaseKeyword$_callTestCase_closure1.call(CallTestCaseKeyword.groovy)&#xD;
	at com.kms.katalon.core.keyword.internal.KeywordMain.runKeyword(KeywordMain.groovy:68)&#xD;
	at com.kms.katalon.core.keyword.builtin.CallTestCaseKeyword.callTestCase(CallTestCaseKeyword.groovy:81)&#xD;
	at com.kms.katalon.core.keyword.builtin.CallTestCaseKeyword.execute(CallTestCaseKeyword.groovy:44)&#xD;
	at com.kms.katalon.core.keyword.internal.KeywordExecutor.executeKeywordForPlatform(KeywordExecutor.groovy:56)&#xD;
	at com.kms.katalon.core.keyword.BuiltinKeywords.callTestCase(BuiltinKeywords.groovy:334)&#xD;
	at Sysadmin - Testcases.run(Sysadmin - Testcases:25)&#xD;
	at com.kms.katalon.core.main.ScriptEngine.run(ScriptEngine.java:194)&#xD;
	at com.kms.katalon.core.main.ScriptEngine.runScriptAsRawText(ScriptEngine.java:119)&#xD;
	at com.kms.katalon.core.main.TestCaseExecutor.runScript(TestCaseExecutor.java:337)&#xD;
	at com.kms.katalon.core.main.TestCaseExecutor.doExecute(TestCaseExecutor.java:328)&#xD;
	at com.kms.katalon.core.main.TestCaseExecutor.processExecutionPhase(TestCaseExecutor.java:307)&#xD;
	at com.kms.katalon.core.main.TestCaseExecutor.accessMainPhase(TestCaseExecutor.java:299)&#xD;
	at com.kms.katalon.core.main.TestCaseExecutor.execute(TestCaseExecutor.java:233)&#xD;
	at com.kms.katalon.core.main.TestSuiteExecutor.accessTestCaseMainPhase(TestSuiteExecutor.java:150)&#xD;
	at com.kms.katalon.core.main.TestSuiteExecutor.accessTestSuiteMainPhase(TestSuiteExecutor.java:123)&#xD;
	at com.kms.katalon.core.main.TestSuiteExecutor.execute(TestSuiteExecutor.java:87)&#xD;
	at com.kms.katalon.core.main.TestCaseMain.startTestSuite(TestCaseMain.java:157)&#xD;
	at com.kms.katalon.core.main.TestCaseMain$startTestSuite$0.call(Unknown Source)&#xD;
	at TempTestSuite1566387838851.run(TempTestSuite1566387838851.groovy:35)&#xD;
)&#xD;
[[ATTACHMENT|C:\\Katalon Projects\\Nido_Patch3\\Reports\\20190821_144358\\Sanity Check - 12.5.1 - 8499\\20190821_144358\\1566387855223.png]]&#xD;
&#xD;
2019-08-21 14:44:15 - [TEST_STEP][PASSED] - waitForElementVisible(findTestObject("Sysadmin Login Page/Environments card"), 5, CONTINUE_ON_FAILURE): Object 'Object Repository/Sysadmin Login Page/Environments card' is visible&#xD;
&#xD;
2019-08-21 14:44:15 - [MESSAGE][PASSED] - Object 'Object Repository/Sysadmin Login Page/Environments card' is visible&#xD;
&#xD;
2019-08-21 14:44:15 - [MESSAGE][PASSED] - Call Test Case 'Test Cases/Sysadmin Login Page/login_Sysadmin' successfully&#xD;
&#xD;
2019-08-21 14:44:15 - [TEST_STEP][PASSED] - click(findTestObject("Sysadmin Portal/a_Environments"), CONTINUE_ON_FAILURE): Object: 'Object Repository/Sysadmin Portal/a_Environments' is clicked on&#xD;
&#xD;
2019-08-21 14:44:15 - [MESSAGE][PASSED] - Object: 'Object Repository/Sysadmin Portal/a_Environments' is clicked on&#xD;
&#xD;
2019-08-21 14:44:15 - [TEST_STEP][PASSED] - sysadmin.Environment.Create_env("1_Develop", "eossi"): sysadmin.Environment.Create_env is PASSED&#xD;
&#xD;
2019-08-21 14:44:16 - [MESSAGE][PASSED] - Object 'Object Repository/Sysadmin Portal/Environments Page/button_New Environment' is visible&#xD;
&#xD;
2019-08-21 14:44:16 - [MESSAGE][PASSED] - Object: 'Object Repository/Sysadmin Portal/Environments Page/button_New Environment' is clicked on&#xD;
&#xD;
2019-08-21 14:44:17 - [MESSAGE][PASSED] - Object 'Object Repository/Sysadmin Portal/Environments Page/input_environmentName' is visible&#xD;
&#xD;
2019-08-21 14:44:17 - [MESSAGE][PASSED] - Text '1_Develop' is set on object 'Object Repository/Sysadmin Portal/Environments Page/input_environmentName'&#xD;
&#xD;
2019-08-21 14:44:17 - [MESSAGE][PASSED] - Text 'Ere' is set on object 'Object Repository/Sysadmin Portal/Environments Page/input_administratorName'&#xD;
&#xD;
2019-08-21 14:44:17 - [MESSAGE][PASSED] - Object 'Object Repository/Main Login Page/checkbox_GeneratePassworf' is un-checked&#xD;
&#xD;
2019-08-21 14:44:17 - [MESSAGE][PASSED] - Text 'ere123' is set on object 'Object Repository/Sysadmin Portal/Environments Page/input_administratorPassword'&#xD;
&#xD;
2019-08-21 14:44:17 - [MESSAGE][PASSED] - Text 'ere123' is set on object 'Object Repository/Sysadmin Portal/Environments Page/input_confirmAdministratorPass'&#xD;
&#xD;
2019-08-21 14:44:18 - [MESSAGE][PASSED] - Text 'bogdan.eremia@ecrion.com' is set on object 'Object Repository/Sysadmin Portal/Environments Page/input_administratorEmail'&#xD;
&#xD;
2019-08-21 14:44:18 - [MESSAGE][PASSED] - Object: 'Object Repository/Sysadmin Portal/Environments Page/createNewEnv_button' is clicked on&#xD;
&#xD;
2019-08-21 14:44:22 - [MESSAGE][PASSED] - Delayed 4 second(s)&#xD;
&#xD;
2019-08-21 14:44:22 - [MESSAGE][WARNING] - Object 'Object Repository/Sysadmin Portal/Environments Page/createNewEnv_button' is NOT visible (Root cause: com.kms.katalon.core.exception.StepFailedException: Object 'Object Repository/Sysadmin Portal/Environments Page/createNewEnv_button' is NOT visible&#xD;
	at com.kms.katalon.core.webui.keyword.internal.WebUIKeywordMain.stepFailed(WebUIKeywordMain.groovy:64)&#xD;
	at com.kms.katalon.core.webui.keyword.builtin.VerifyElementVisibleKeyword$_verifyElementVisible_closure1.doCall(VerifyElementVisibleKeyword.groovy:83)&#xD;
	at com.kms.katalon.core.webui.keyword.builtin.VerifyElementVisibleKeyword$_verifyElementVisible_closure1.call(VerifyElementVisibleKeyword.groovy)&#xD;
	at com.kms.katalon.core.webui.keyword.internal.WebUIKeywordMain.runKeyword(WebUIKeywordMain.groovy:20)&#xD;
	at com.kms.katalon.core.webui.keyword.builtin.VerifyElementVisibleKeyword.verifyElementVisible(VerifyElementVisibleKeyword.groovy:97)&#xD;
	at com.kms.katalon.core.webui.keyword.builtin.VerifyElementVisibleKeyword.execute(VerifyElementVisibleKeyword.groovy:67)&#xD;
	at com.kms.katalon.core.keyword.internal.KeywordExecutor.executeKeywordForPlatform(KeywordExecutor.groovy:56)&#xD;
	at com.kms.katalon.core.webui.keyword.WebUiBuiltInKeywords.verifyElementVisible(WebUiBuiltInKeywords.groovy:358)&#xD;
	at com.kms.katalon.core.webui.keyword.WebUiBuiltInKeywords$verifyElementVisible$3.call(Unknown Source)&#xD;
	at sysadmin.Environment.Create_env(Create_environment.groovy:54)&#xD;
	at sysadmin.Environment.invokeMethod(Create_environment.groovy)&#xD;
	at com.kms.katalon.core.main.CustomKeywordDelegatingMetaClass.invokeStaticMethod(CustomKeywordDelegatingMetaClass.java:50)&#xD;
	at Create Multiple Environments.run(Create Multiple Environments:28)&#xD;
	at com.kms.katalon.core.main.ScriptEngine.run(ScriptEngine.java:194)&#xD;
	at com.kms.katalon.core.main.ScriptEngine.runScriptAsRawText(ScriptEngine.java:119)&#xD;
	at com.kms.katalon.core.main.TestCaseExecutor.runScript(TestCaseExecutor.java:337)&#xD;
	at com.kms.katalon.core.main.TestCaseExecutor.doExecute(TestCaseExecutor.java:328)&#xD;
	at com.kms.katalon.core.main.TestCaseExecutor.processExecutionPhase(TestCaseExecutor.java:307)&#xD;
	at com.kms.katalon.core.main.TestCaseExecutor.accessMainPhase(TestCaseExecutor.java:299)&#xD;
	at com.kms.katalon.core.main.TestCaseExecutor.execute(TestCaseExecutor.java:233)&#xD;
	at com.kms.katalon.core.main.TestCaseMain.runTestCase(TestCaseMain.java:114)&#xD;
	at com.kms.katalon.core.keyword.builtin.CallTestCaseKeyword$_callTestCase_closure1.doCall(CallTestCaseKeyword.groovy:59)&#xD;
	at com.kms.katalon.core.keyword.builtin.CallTestCaseKeyword$_callTestCase_closure1.call(CallTestCaseKeyword.groovy)&#xD;
	at com.kms.katalon.core.keyword.internal.KeywordMain.runKeyword(KeywordMain.groovy:68)&#xD;
	at com.kms.katalon.core.keyword.builtin.CallTestCaseKeyword.callTestCase(CallTestCaseKeyword.groovy:81)&#xD;
	at com.kms.katalon.core.keyword.builtin.CallTestCaseKeyword.execute(CallTestCaseKeyword.groovy:44)&#xD;
	at com.kms.katalon.core.keyword.internal.KeywordExecutor.executeKeywordForPlatform(KeywordExecutor.groovy:56)&#xD;
	at com.kms.katalon.core.keyword.BuiltinKeywords.callTestCase(BuiltinKeywords.groovy:334)&#xD;
	at Sysadmin - Testcases.run(Sysadmin - Testcases:25)&#xD;
	at com.kms.katalon.core.main.ScriptEngine.run(ScriptEngine.java:194)&#xD;
	at com.kms.katalon.core.main.ScriptEngine.runScriptAsRawText(ScriptEngine.java:119)&#xD;
	at com.kms.katalon.core.main.TestCaseExecutor.runScript(TestCaseExecutor.java:337)&#xD;
	at com.kms.katalon.core.main.TestCaseExecutor.doExecute(TestCaseExecutor.java:328)&#xD;
	at com.kms.katalon.core.main.TestCaseExecutor.processExecutionPhase(TestCaseExecutor.java:307)&#xD;
	at com.kms.katalon.core.main.TestCaseExecutor.accessMainPhase(TestCaseExecutor.java:299)&#xD;
	at com.kms.katalon.core.main.TestCaseExecutor.execute(TestCaseExecutor.java:233)&#xD;
	at com.kms.katalon.core.main.TestSuiteExecutor.accessTestCaseMainPhase(TestSuiteExecutor.java:150)&#xD;
	at com.kms.katalon.core.main.TestSuiteExecutor.accessTestSuiteMainPhase(TestSuiteExecutor.java:123)&#xD;
	at com.kms.katalon.core.main.TestSuiteExecutor.execute(TestSuiteExecutor.java:87)&#xD;
	at com.kms.katalon.core.main.TestCaseMain.startTestSuite(TestCaseMain.java:157)&#xD;
	at com.kms.katalon.core.main.TestCaseMain$startTestSuite$0.call(Unknown Source)&#xD;
	at TempTestSuite1566387838851.run(TempTestSuite1566387838851.groovy:35)&#xD;
)&#xD;
[[ATTACHMENT|C:\\Katalon Projects\\Nido_Patch3\\Reports\\20190821_144358\\Sanity Check - 12.5.1 - 8499\\20190821_144358\\1566387862446.png]]&#xD;
&#xD;
2019-08-21 14:44:22 - [MESSAGE][PASSED] - Object 'Object Repository/Page_Environments - EOS/select_FeatureSet' is visible&#xD;
&#xD;
2019-08-21 14:44:23 - [MESSAGE][PASSED] - All options with value 'eossi' are selected in object 'Object Repository/Page_Environments - EOS/select_FeatureSet'  using regular expression&#xD;
&#xD;
2019-08-21 14:44:23 - [MESSAGE][PASSED] - Object: 'Object Repository/Sysadmin Portal/Environments Page/Ok button_Edit Environment' is clicked on&#xD;
&#xD;
2019-08-21 14:44:23 - [MESSAGE][PASSED] - sysadmin.Environment.Create_env is PASSED&#xD;
&#xD;
2019-08-21 14:44:23 - [TEST_STEP][PASSED] - delay(4, CONTINUE_ON_FAILURE): Delayed 4 second(s)&#xD;
&#xD;
2019-08-21 14:44:27 - [MESSAGE][PASSED] - Delayed 4 second(s)&#xD;
&#xD;
2019-08-21 14:44:27 - [TEST_STEP][PASSED] - sysadmin.Environment.Create_env("2_Experience_Env", "eoscem"): sysadmin.Environment.Create_env is PASSED&#xD;
&#xD;
2019-08-21 14:44:27 - [MESSAGE][PASSED] - Object 'Object Repository/Sysadmin Portal/Environments Page/button_New Environment' is visible&#xD;
&#xD;
2019-08-21 14:44:27 - [MESSAGE][PASSED] - Object: 'Object Repository/Sysadmin Portal/Environments Page/button_New Environment' is clicked on&#xD;
&#xD;
2019-08-21 14:44:27 - [MESSAGE][PASSED] - Object 'Object Repository/Sysadmin Portal/Environments Page/input_environmentName' is visible&#xD;
&#xD;
2019-08-21 14:44:28 - [MESSAGE][PASSED] - Text '2_Experience_Env' is set on object 'Object Repository/Sysadmin Portal/Environments Page/input_environmentName'&#xD;
&#xD;
2019-08-21 14:44:28 - [MESSAGE][PASSED] - Text 'Ere' is set on object 'Object Repository/Sysadmin Portal/Environments Page/input_administratorName'&#xD;
&#xD;
2019-08-21 14:44:28 - [MESSAGE][PASSED] - Object 'Object Repository/Main Login Page/checkbox_GeneratePassworf' is un-checked&#xD;
&#xD;
2019-08-21 14:44:28 - [MESSAGE][PASSED] - Text 'ere123' is set on object 'Object Repository/Sysadmin Portal/Environments Page/input_administratorPassword'&#xD;
&#xD;
2019-08-21 14:44:28 - [MESSAGE][PASSED] - Text 'ere123' is set on object 'Object Repository/Sysadmin Portal/Environments Page/input_confirmAdministratorPass'&#xD;
&#xD;
2019-08-21 14:44:28 - [MESSAGE][PASSED] - Text 'bogdan.eremia@ecrion.com' is set on object 'Object Repository/Sysadmin Portal/Environments Page/input_administratorEmail'&#xD;
&#xD;
2019-08-21 14:44:29 - [MESSAGE][PASSED] - Object: 'Object Repository/Sysadmin Portal/Environments Page/createNewEnv_button' is clicked on&#xD;
&#xD;
2019-08-21 14:44:33 - [MESSAGE][PASSED] - Delayed 4 second(s)&#xD;
&#xD;
2019-08-21 14:44:33 - [MESSAGE][WARNING] - Object 'Object Repository/Sysadmin Portal/Environments Page/createNewEnv_button' is NOT visible (Root cause: com.kms.katalon.core.exception.StepFailedException: Object 'Object Repository/Sysadmin Portal/Environments Page/createNewEnv_button' is NOT visible&#xD;
	at com.kms.katalon.core.webui.keyword.internal.WebUIKeywordMain.stepFailed(WebUIKeywordMain.groovy:64)&#xD;
	at com.kms.katalon.core.webui.keyword.builtin.VerifyElementVisibleKeyword$_verifyElementVisible_closure1.doCall(VerifyElementVisibleKeyword.groovy:83)&#xD;
	at com.kms.katalon.core.webui.keyword.builtin.VerifyElementVisibleKeyword$_verifyElementVisible_closure1.call(VerifyElementVisibleKeyword.groovy)&#xD;
	at com.kms.katalon.core.webui.keyword.internal.WebUIKeywordMain.runKeyword(WebUIKeywordMain.groovy:20)&#xD;
	at com.kms.katalon.core.webui.keyword.builtin.VerifyElementVisibleKeyword.verifyElementVisible(VerifyElementVisibleKeyword.groovy:97)&#xD;
	at com.kms.katalon.core.webui.keyword.builtin.VerifyElementVisibleKeyword.execute(VerifyElementVisibleKeyword.groovy:67)&#xD;
	at com.kms.katalon.core.keyword.internal.KeywordExecutor.executeKeywordForPlatform(KeywordExecutor.groovy:56)&#xD;
	at com.kms.katalon.core.webui.keyword.WebUiBuiltInKeywords.verifyElementVisible(WebUiBuiltInKeywords.groovy:358)&#xD;
	at com.kms.katalon.core.webui.keyword.WebUiBuiltInKeywords$verifyElementVisible$3.call(Unknown Source)&#xD;
	at sysadmin.Environment.Create_env(Create_environment.groovy:54)&#xD;
	at sysadmin.Environment.invokeMethod(Create_environment.groovy)&#xD;
	at com.kms.katalon.core.main.CustomKeywordDelegatingMetaClass.invokeStaticMethod(CustomKeywordDelegatingMetaClass.java:50)&#xD;
	at Create Multiple Environments.run(Create Multiple Environments:32)&#xD;
	at com.kms.katalon.core.main.ScriptEngine.run(ScriptEngine.java:194)&#xD;
	at com.kms.katalon.core.main.ScriptEngine.runScriptAsRawText(ScriptEngine.java:119)&#xD;
	at com.kms.katalon.core.main.TestCaseExecutor.runScript(TestCaseExecutor.java:337)&#xD;
	at com.kms.katalon.core.main.TestCaseExecutor.doExecute(TestCaseExecutor.java:328)&#xD;
	at com.kms.katalon.core.main.TestCaseExecutor.processExecutionPhase(TestCaseExecutor.java:307)&#xD;
	at com.kms.katalon.core.main.TestCaseExecutor.accessMainPhase(TestCaseExecutor.java:299)&#xD;
	at com.kms.katalon.core.main.TestCaseExecutor.execute(TestCaseExecutor.java:233)&#xD;
	at com.kms.katalon.core.main.TestCaseMain.runTestCase(TestCaseMain.java:114)&#xD;
	at com.kms.katalon.core.keyword.builtin.CallTestCaseKeyword$_callTestCase_closure1.doCall(CallTestCaseKeyword.groovy:59)&#xD;
	at com.kms.katalon.core.keyword.builtin.CallTestCaseKeyword$_callTestCase_closure1.call(CallTestCaseKeyword.groovy)&#xD;
	at com.kms.katalon.core.keyword.internal.KeywordMain.runKeyword(KeywordMain.groovy:68)&#xD;
	at com.kms.katalon.core.keyword.builtin.CallTestCaseKeyword.callTestCase(CallTestCaseKeyword.groovy:81)&#xD;
	at com.kms.katalon.core.keyword.builtin.CallTestCaseKeyword.execute(CallTestCaseKeyword.groovy:44)&#xD;
	at com.kms.katalon.core.keyword.internal.KeywordExecutor.executeKeywordForPlatform(KeywordExecutor.groovy:56)&#xD;
	at com.kms.katalon.core.keyword.BuiltinKeywords.callTestCase(BuiltinKeywords.groovy:334)&#xD;
	at Sysadmin - Testcases.run(Sysadmin - Testcases:25)&#xD;
	at com.kms.katalon.core.main.ScriptEngine.run(ScriptEngine.java:194)&#xD;
	at com.kms.katalon.core.main.ScriptEngine.runScriptAsRawText(ScriptEngine.java:119)&#xD;
	at com.kms.katalon.core.main.TestCaseExecutor.runScript(TestCaseExecutor.java:337)&#xD;
	at com.kms.katalon.core.main.TestCaseExecutor.doExecute(TestCaseExecutor.java:328)&#xD;
	at com.kms.katalon.core.main.TestCaseExecutor.processExecutionPhase(TestCaseExecutor.java:307)&#xD;
	at com.kms.katalon.core.main.TestCaseExecutor.accessMainPhase(TestCaseExecutor.java:299)&#xD;
	at com.kms.katalon.core.main.TestCaseExecutor.execute(TestCaseExecutor.java:233)&#xD;
	at com.kms.katalon.core.main.TestSuiteExecutor.accessTestCaseMainPhase(TestSuiteExecutor.java:150)&#xD;
	at com.kms.katalon.core.main.TestSuiteExecutor.accessTestSuiteMainPhase(TestSuiteExecutor.java:123)&#xD;
	at com.kms.katalon.core.main.TestSuiteExecutor.execute(TestSuiteExecutor.java:87)&#xD;
	at com.kms.katalon.core.main.TestCaseMain.startTestSuite(TestCaseMain.java:157)&#xD;
	at com.kms.katalon.core.main.TestCaseMain$startTestSuite$0.call(Unknown Source)&#xD;
	at TempTestSuite1566387838851.run(TempTestSuite1566387838851.groovy:35)&#xD;
)&#xD;
[[ATTACHMENT|C:\\Katalon Projects\\Nido_Patch3\\Reports\\20190821_144358\\Sanity Check - 12.5.1 - 8499\\20190821_144358\\1566387873094.png]]&#xD;
&#xD;
2019-08-21 14:44:33 - [MESSAGE][PASSED] - Object 'Object Repository/Page_Environments - EOS/select_FeatureSet' is visible&#xD;
&#xD;
2019-08-21 14:44:33 - [MESSAGE][PASSED] - All options with value 'eoscem' are selected in object 'Object Repository/Page_Environments - EOS/select_FeatureSet'  using regular expression&#xD;
&#xD;
2019-08-21 14:44:33 - [MESSAGE][PASSED] - Object: 'Object Repository/Sysadmin Portal/Environments Page/Ok button_Edit Environment' is clicked on&#xD;
&#xD;
2019-08-21 14:44:33 - [MESSAGE][PASSED] - sysadmin.Environment.Create_env is PASSED&#xD;
&#xD;
2019-08-21 14:44:33 - [TEST_STEP][PASSED] - delay(4, CONTINUE_ON_FAILURE): Delayed 4 second(s)&#xD;
&#xD;
2019-08-21 14:44:37 - [MESSAGE][PASSED] - Delayed 4 second(s)&#xD;
&#xD;
2019-08-21 14:44:37 - [TEST_STEP][PASSED] - sysadmin.Environment.Create_env("3_Custom_Env", "eoscustom"): sysadmin.Environment.Create_env is PASSED&#xD;
&#xD;
2019-08-21 14:44:37 - [MESSAGE][PASSED] - Object 'Object Repository/Sysadmin Portal/Environments Page/button_New Environment' is visible&#xD;
&#xD;
2019-08-21 14:44:37 - [MESSAGE][PASSED] - Object: 'Object Repository/Sysadmin Portal/Environments Page/button_New Environment' is clicked on&#xD;
&#xD;
2019-08-21 14:44:38 - [MESSAGE][PASSED] - Object 'Object Repository/Sysadmin Portal/Environments Page/input_environmentName' is visible&#xD;
&#xD;
2019-08-21 14:44:38 - [MESSAGE][PASSED] - Text '3_Custom_Env' is set on object 'Object Repository/Sysadmin Portal/Environments Page/input_environmentName'&#xD;
&#xD;
2019-08-21 14:44:38 - [MESSAGE][PASSED] - Text 'Ere' is set on object 'Object Repository/Sysadmin Portal/Environments Page/input_administratorName'&#xD;
&#xD;
2019-08-21 14:44:38 - [MESSAGE][PASSED] - Object 'Object Repository/Main Login Page/checkbox_GeneratePassworf' is un-checked&#xD;
&#xD;
2019-08-21 14:44:38 - [MESSAGE][PASSED] - Text 'ere123' is set on object 'Object Repository/Sysadmin Portal/Environments Page/input_administratorPassword'&#xD;
&#xD;
2019-08-21 14:44:39 - [MESSAGE][PASSED] - Text 'ere123' is set on object 'Object Repository/Sysadmin Portal/Environments Page/input_confirmAdministratorPass'&#xD;
&#xD;
2019-08-21 14:44:39 - [MESSAGE][PASSED] - Text 'bogdan.eremia@ecrion.com' is set on object 'Object Repository/Sysadmin Portal/Environments Page/input_administratorEmail'&#xD;
&#xD;
2019-08-21 14:44:39 - [MESSAGE][PASSED] - Object: 'Object Repository/Sysadmin Portal/Environments Page/createNewEnv_button' is clicked on&#xD;
&#xD;
2019-08-21 14:44:43 - [MESSAGE][PASSED] - Delayed 4 second(s)&#xD;
&#xD;
2019-08-21 14:44:43 - [MESSAGE][WARNING] - Object 'Object Repository/Sysadmin Portal/Environments Page/createNewEnv_button' is NOT visible (Root cause: com.kms.katalon.core.exception.StepFailedException: Object 'Object Repository/Sysadmin Portal/Environments Page/createNewEnv_button' is NOT visible&#xD;
	at com.kms.katalon.core.webui.keyword.internal.WebUIKeywordMain.stepFailed(WebUIKeywordMain.groovy:64)&#xD;
	at com.kms.katalon.core.webui.keyword.builtin.VerifyElementVisibleKeyword$_verifyElementVisible_closure1.doCall(VerifyElementVisibleKeyword.groovy:83)&#xD;
	at com.kms.katalon.core.webui.keyword.builtin.VerifyElementVisibleKeyword$_verifyElementVisible_closure1.call(VerifyElementVisibleKeyword.groovy)&#xD;
	at com.kms.katalon.core.webui.keyword.internal.WebUIKeywordMain.runKeyword(WebUIKeywordMain.groovy:20)&#xD;
	at com.kms.katalon.core.webui.keyword.builtin.VerifyElementVisibleKeyword.verifyElementVisible(VerifyElementVisibleKeyword.groovy:97)&#xD;
	at com.kms.katalon.core.webui.keyword.builtin.VerifyElementVisibleKeyword.execute(VerifyElementVisibleKeyword.groovy:67)&#xD;
	at com.kms.katalon.core.keyword.internal.KeywordExecutor.executeKeywordForPlatform(KeywordExecutor.groovy:56)&#xD;
	at com.kms.katalon.core.webui.keyword.WebUiBuiltInKeywords.verifyElementVisible(WebUiBuiltInKeywords.groovy:358)&#xD;
	at com.kms.katalon.core.webui.keyword.WebUiBuiltInKeywords$verifyElementVisible$3.call(Unknown Source)&#xD;
	at sysadmin.Environment.Create_env(Create_environment.groovy:54)&#xD;
	at sysadmin.Environment.invokeMethod(Create_environment.groovy)&#xD;
	at com.kms.katalon.core.main.CustomKeywordDelegatingMetaClass.invokeStaticMethod(CustomKeywordDelegatingMetaClass.java:50)&#xD;
	at Create Multiple Environments.run(Create Multiple Environments:36)&#xD;
	at com.kms.katalon.core.main.ScriptEngine.run(ScriptEngine.java:194)&#xD;
	at com.kms.katalon.core.main.ScriptEngine.runScriptAsRawText(ScriptEngine.java:119)&#xD;
	at com.kms.katalon.core.main.TestCaseExecutor.runScript(TestCaseExecutor.java:337)&#xD;
	at com.kms.katalon.core.main.TestCaseExecutor.doExecute(TestCaseExecutor.java:328)&#xD;
	at com.kms.katalon.core.main.TestCaseExecutor.processExecutionPhase(TestCaseExecutor.java:307)&#xD;
	at com.kms.katalon.core.main.TestCaseExecutor.accessMainPhase(TestCaseExecutor.java:299)&#xD;
	at com.kms.katalon.core.main.TestCaseExecutor.execute(TestCaseExecutor.java:233)&#xD;
	at com.kms.katalon.core.main.TestCaseMain.runTestCase(TestCaseMain.java:114)&#xD;
	at com.kms.katalon.core.keyword.builtin.CallTestCaseKeyword$_callTestCase_closure1.doCall(CallTestCaseKeyword.groovy:59)&#xD;
	at com.kms.katalon.core.keyword.builtin.CallTestCaseKeyword$_callTestCase_closure1.call(CallTestCaseKeyword.groovy)&#xD;
	at com.kms.katalon.core.keyword.internal.KeywordMain.runKeyword(KeywordMain.groovy:68)&#xD;
	at com.kms.katalon.core.keyword.builtin.CallTestCaseKeyword.callTestCase(CallTestCaseKeyword.groovy:81)&#xD;
	at com.kms.katalon.core.keyword.builtin.CallTestCaseKeyword.execute(CallTestCaseKeyword.groovy:44)&#xD;
	at com.kms.katalon.core.keyword.internal.KeywordExecutor.executeKeywordForPlatform(KeywordExecutor.groovy:56)&#xD;
	at com.kms.katalon.core.keyword.BuiltinKeywords.callTestCase(BuiltinKeywords.groovy:334)&#xD;
	at Sysadmin - Testcases.run(Sysadmin - Testcases:25)&#xD;
	at com.kms.katalon.core.main.ScriptEngine.run(ScriptEngine.java:194)&#xD;
	at com.kms.katalon.core.main.ScriptEngine.runScriptAsRawText(ScriptEngine.java:119)&#xD;
	at com.kms.katalon.core.main.TestCaseExecutor.runScript(TestCaseExecutor.java:337)&#xD;
	at com.kms.katalon.core.main.TestCaseExecutor.doExecute(TestCaseExecutor.java:328)&#xD;
	at com.kms.katalon.core.main.TestCaseExecutor.processExecutionPhase(TestCaseExecutor.java:307)&#xD;
	at com.kms.katalon.core.main.TestCaseExecutor.accessMainPhase(TestCaseExecutor.java:299)&#xD;
	at com.kms.katalon.core.main.TestCaseExecutor.execute(TestCaseExecutor.java:233)&#xD;
	at com.kms.katalon.core.main.TestSuiteExecutor.accessTestCaseMainPhase(TestSuiteExecutor.java:150)&#xD;
	at com.kms.katalon.core.main.TestSuiteExecutor.accessTestSuiteMainPhase(TestSuiteExecutor.java:123)&#xD;
	at com.kms.katalon.core.main.TestSuiteExecutor.execute(TestSuiteExecutor.java:87)&#xD;
	at com.kms.katalon.core.main.TestCaseMain.startTestSuite(TestCaseMain.java:157)&#xD;
	at com.kms.katalon.core.main.TestCaseMain$startTestSuite$0.call(Unknown Source)&#xD;
	at TempTestSuite1566387838851.run(TempTestSuite1566387838851.groovy:35)&#xD;
)&#xD;
[[ATTACHMENT|C:\\Katalon Projects\\Nido_Patch3\\Reports\\20190821_144358\\Sanity Check - 12.5.1 - 8499\\20190821_144358\\1566387883518.png]]&#xD;
&#xD;
2019-08-21 14:44:43 - [MESSAGE][PASSED] - Object 'Object Repository/Page_Environments - EOS/select_FeatureSet' is visible&#xD;
&#xD;
2019-08-21 14:44:44 - [MESSAGE][PASSED] - All options with value 'eoscustom' are selected in object 'Object Repository/Page_Environments - EOS/select_FeatureSet'  using regular expression&#xD;
&#xD;
2019-08-21 14:44:44 - [MESSAGE][PASSED] - Object: 'Object Repository/Sysadmin Portal/Environments Page/Ok button_Edit Environment' is clicked on&#xD;
&#xD;
2019-08-21 14:44:44 - [MESSAGE][PASSED] - sysadmin.Environment.Create_env is PASSED&#xD;
&#xD;
2019-08-21 14:44:44 - [TEST_STEP][PASSED] - delay(4, CONTINUE_ON_FAILURE): Delayed 4 second(s)&#xD;
&#xD;
2019-08-21 14:44:48 - [MESSAGE][PASSED] - Delayed 4 second(s)&#xD;
&#xD;
2019-08-21 14:44:48 - [TEST_STEP][PASSED] - sysadmin.Environment.Create_env("4_Converse_Env", "eosccm"): sysadmin.Environment.Create_env is PASSED&#xD;
&#xD;
2019-08-21 14:44:48 - [MESSAGE][PASSED] - Object 'Object Repository/Sysadmin Portal/Environments Page/button_New Environment' is visible&#xD;
&#xD;
2019-08-21 14:44:48 - [MESSAGE][PASSED] - Object: 'Object Repository/Sysadmin Portal/Environments Page/button_New Environment' is clicked on&#xD;
&#xD;
2019-08-21 14:44:48 - [MESSAGE][PASSED] - Object 'Object Repository/Sysadmin Portal/Environments Page/input_environmentName' is visible&#xD;
&#xD;
2019-08-21 14:44:49 - [MESSAGE][PASSED] - Text '4_Converse_Env' is set on object 'Object Repository/Sysadmin Portal/Environments Page/input_environmentName'&#xD;
&#xD;
2019-08-21 14:44:49 - [MESSAGE][PASSED] - Text 'Ere' is set on object 'Object Repository/Sysadmin Portal/Environments Page/input_administratorName'&#xD;
&#xD;
2019-08-21 14:44:49 - [MESSAGE][PASSED] - Object 'Object Repository/Main Login Page/checkbox_GeneratePassworf' is un-checked&#xD;
&#xD;
2019-08-21 14:44:49 - [MESSAGE][PASSED] - Text 'ere123' is set on object 'Object Repository/Sysadmin Portal/Environments Page/input_administratorPassword'&#xD;
&#xD;
2019-08-21 14:44:49 - [MESSAGE][PASSED] - Text 'ere123' is set on object 'Object Repository/Sysadmin Portal/Environments Page/input_confirmAdministratorPass'&#xD;
&#xD;
2019-08-21 14:44:49 - [MESSAGE][PASSED] - Text 'bogdan.eremia@ecrion.com' is set on object 'Object Repository/Sysadmin Portal/Environments Page/input_administratorEmail'&#xD;
&#xD;
2019-08-21 14:44:49 - [MESSAGE][PASSED] - Object: 'Object Repository/Sysadmin Portal/Environments Page/createNewEnv_button' is clicked on&#xD;
&#xD;
2019-08-21 14:44:53 - [MESSAGE][PASSED] - Delayed 4 second(s)&#xD;
&#xD;
2019-08-21 14:44:54 - [MESSAGE][WARNING] - Object 'Object Repository/Sysadmin Portal/Environments Page/createNewEnv_button' is NOT visible (Root cause: com.kms.katalon.core.exception.StepFailedException: Object 'Object Repository/Sysadmin Portal/Environments Page/createNewEnv_button' is NOT visible&#xD;
	at com.kms.katalon.core.webui.keyword.internal.WebUIKeywordMain.stepFailed(WebUIKeywordMain.groovy:64)&#xD;
	at com.kms.katalon.core.webui.keyword.builtin.VerifyElementVisibleKeyword$_verifyElementVisible_closure1.doCall(VerifyElementVisibleKeyword.groovy:83)&#xD;
	at com.kms.katalon.core.webui.keyword.builtin.VerifyElementVisibleKeyword$_verifyElementVisible_closure1.call(VerifyElementVisibleKeyword.groovy)&#xD;
	at com.kms.katalon.core.webui.keyword.internal.WebUIKeywordMain.runKeyword(WebUIKeywordMain.groovy:20)&#xD;
	at com.kms.katalon.core.webui.keyword.builtin.VerifyElementVisibleKeyword.verifyElementVisible(VerifyElementVisibleKeyword.groovy:97)&#xD;
	at com.kms.katalon.core.webui.keyword.builtin.VerifyElementVisibleKeyword.execute(VerifyElementVisibleKeyword.groovy:67)&#xD;
	at com.kms.katalon.core.keyword.internal.KeywordExecutor.executeKeywordForPlatform(KeywordExecutor.groovy:56)&#xD;
	at com.kms.katalon.core.webui.keyword.WebUiBuiltInKeywords.verifyElementVisible(WebUiBuiltInKeywords.groovy:358)&#xD;
	at com.kms.katalon.core.webui.keyword.WebUiBuiltInKeywords$verifyElementVisible$3.call(Unknown Source)&#xD;
	at sysadmin.Environment.Create_env(Create_environment.groovy:54)&#xD;
	at sysadmin.Environment.invokeMethod(Create_environment.groovy)&#xD;
	at com.kms.katalon.core.main.CustomKeywordDelegatingMetaClass.invokeStaticMethod(CustomKeywordDelegatingMetaClass.java:50)&#xD;
	at Create Multiple Environments.run(Create Multiple Environments:40)&#xD;
	at com.kms.katalon.core.main.ScriptEngine.run(ScriptEngine.java:194)&#xD;
	at com.kms.katalon.core.main.ScriptEngine.runScriptAsRawText(ScriptEngine.java:119)&#xD;
	at com.kms.katalon.core.main.TestCaseExecutor.runScript(TestCaseExecutor.java:337)&#xD;
	at com.kms.katalon.core.main.TestCaseExecutor.doExecute(TestCaseExecutor.java:328)&#xD;
	at com.kms.katalon.core.main.TestCaseExecutor.processExecutionPhase(TestCaseExecutor.java:307)&#xD;
	at com.kms.katalon.core.main.TestCaseExecutor.accessMainPhase(TestCaseExecutor.java:299)&#xD;
	at com.kms.katalon.core.main.TestCaseExecutor.execute(TestCaseExecutor.java:233)&#xD;
	at com.kms.katalon.core.main.TestCaseMain.runTestCase(TestCaseMain.java:114)&#xD;
	at com.kms.katalon.core.keyword.builtin.CallTestCaseKeyword$_callTestCase_closure1.doCall(CallTestCaseKeyword.groovy:59)&#xD;
	at com.kms.katalon.core.keyword.builtin.CallTestCaseKeyword$_callTestCase_closure1.call(CallTestCaseKeyword.groovy)&#xD;
	at com.kms.katalon.core.keyword.internal.KeywordMain.runKeyword(KeywordMain.groovy:68)&#xD;
	at com.kms.katalon.core.keyword.builtin.CallTestCaseKeyword.callTestCase(CallTestCaseKeyword.groovy:81)&#xD;
	at com.kms.katalon.core.keyword.builtin.CallTestCaseKeyword.execute(CallTestCaseKeyword.groovy:44)&#xD;
	at com.kms.katalon.core.keyword.internal.KeywordExecutor.executeKeywordForPlatform(KeywordExecutor.groovy:56)&#xD;
	at com.kms.katalon.core.keyword.BuiltinKeywords.callTestCase(BuiltinKeywords.groovy:334)&#xD;
	at Sysadmin - Testcases.run(Sysadmin - Testcases:25)&#xD;
	at com.kms.katalon.core.main.ScriptEngine.run(ScriptEngine.java:194)&#xD;
	at com.kms.katalon.core.main.ScriptEngine.runScriptAsRawText(ScriptEngine.java:119)&#xD;
	at com.kms.katalon.core.main.TestCaseExecutor.runScript(TestCaseExecutor.java:337)&#xD;
	at com.kms.katalon.core.main.TestCaseExecutor.doExecute(TestCaseExecutor.java:328)&#xD;
	at com.kms.katalon.core.main.TestCaseExecutor.processExecutionPhase(TestCaseExecutor.java:307)&#xD;
	at com.kms.katalon.core.main.TestCaseExecutor.accessMainPhase(TestCaseExecutor.java:299)&#xD;
	at com.kms.katalon.core.main.TestCaseExecutor.execute(TestCaseExecutor.java:233)&#xD;
	at com.kms.katalon.core.main.TestSuiteExecutor.accessTestCaseMainPhase(TestSuiteExecutor.java:150)&#xD;
	at com.kms.katalon.core.main.TestSuiteExecutor.accessTestSuiteMainPhase(TestSuiteExecutor.java:123)&#xD;
	at com.kms.katalon.core.main.TestSuiteExecutor.execute(TestSuiteExecutor.java:87)&#xD;
	at com.kms.katalon.core.main.TestCaseMain.startTestSuite(TestCaseMain.java:157)&#xD;
	at com.kms.katalon.core.main.TestCaseMain$startTestSuite$0.call(Unknown Source)&#xD;
	at TempTestSuite1566387838851.run(TempTestSuite1566387838851.groovy:35)&#xD;
)&#xD;
[[ATTACHMENT|C:\\Katalon Projects\\Nido_Patch3\\Reports\\20190821_144358\\Sanity Check - 12.5.1 - 8499\\20190821_144358\\1566387893959.png]]&#xD;
&#xD;
2019-08-21 14:44:54 - [MESSAGE][PASSED] - Object 'Object Repository/Page_Environments - EOS/select_FeatureSet' is visible&#xD;
&#xD;
2019-08-21 14:44:54 - [MESSAGE][PASSED] - All options with value 'eosccm' are selected in object 'Object Repository/Page_Environments - EOS/select_FeatureSet'  using regular expression&#xD;
&#xD;
2019-08-21 14:44:54 - [MESSAGE][PASSED] - Object: 'Object Repository/Sysadmin Portal/Environments Page/Ok button_Edit Environment' is clicked on&#xD;
&#xD;
2019-08-21 14:44:54 - [MESSAGE][PASSED] - sysadmin.Environment.Create_env is PASSED&#xD;
&#xD;
2019-08-21 14:44:54 - [MESSAGE][PASSED] - Call Test Case 'Test Cases/Sysadmin Portal/Create Multiple Environments' successfully&#xD;
&#xD;
2019-08-21 14:44:54 - [TEST_STEP][PASSED] - delay(3, CONTINUE_ON_FAILURE): Delayed 3 second(s)&#xD;
&#xD;
2019-08-21 14:44:57 - [MESSAGE][PASSED] - Delayed 3 second(s)&#xD;
&#xD;
2019-08-21 14:44:57 - [TEST_STEP][PASSED] - callTestCase(findTestCase("Sysadmin Portal/Set_NoOfThreads"), ["EnvName":"QaTest", "Username":"Ere"], CONTINUE_ON_FAILURE): Call Test Case 'Test Cases/Sysadmin Portal/Set_NoOfThreads' successfully&#xD;
&#xD;
2019-08-21 14:44:57 - [TEST_CASE][PASSED] - Test Cases/Sysadmin Portal/Set_NoOfThreads: Test Cases/Sysadmin Portal/Set_NoOfThreads&#xD;
&#xD;
2019-08-21 14:44:57 - [TEST_STEP][NOT_RUN] - callTestCase(findTestCase("Sysadmin Login Page/login_Sysadmin"), [:], STOP_ON_FAILURE): NOT_RUN: callTestCase(findTestCase("Sysadmin Login Page/login_Sysadmin"), [:], STOP_ON_FAILURE)&#xD;
&#xD;
2019-08-21 14:44:57 - [MESSAGE][NOT_RUN] - NOT_RUN: callTestCase(findTestCase("Sysadmin Login Page/login_Sysadmin"), [:], STOP_ON_FAILURE)&#xD;
&#xD;
2019-08-21 14:44:57 - [TEST_STEP][NOT_RUN] - click(findTestObject("Sysadmin Portal/a_Environments"), CONTINUE_ON_FAILURE): NOT_RUN: click(findTestObject("Sysadmin Portal/a_Environments"), CONTINUE_ON_FAILURE)&#xD;
&#xD;
2019-08-21 14:44:57 - [MESSAGE][NOT_RUN] - NOT_RUN: click(findTestObject("Sysadmin Portal/a_Environments"), CONTINUE_ON_FAILURE)&#xD;
&#xD;
2019-08-21 14:44:57 - [TEST_STEP][PASSED] - click(findTestObject("Sysadmin Portal/Environments Page/select_2_Experience_Env"), STOP_ON_FAILURE): Object: 'Object Repository/Sysadmin Portal/Environments Page/select_2_Experience_Env' is clicked on&#xD;
&#xD;
2019-08-21 14:44:57 - [MESSAGE][PASSED] - Object: 'Object Repository/Sysadmin Portal/Environments Page/select_2_Experience_Env' is clicked on&#xD;
&#xD;
2019-08-21 14:44:57 - [TEST_STEP][PASSED] - delay(1, STOP_ON_FAILURE): Delayed 1 second(s)&#xD;
&#xD;
2019-08-21 14:44:58 - [MESSAGE][PASSED] - Delayed 1 second(s)&#xD;
&#xD;
2019-08-21 14:44:58 - [TEST_STEP][PASSED] - click(findTestObject("Object Repository/Page_Environments - EOS/Page_Environments - EOS/a_Resources")): Object: 'Object Repository/Page_Environments - EOS/Page_Environments - EOS/a_Resources' is clicked on&#xD;
&#xD;
2019-08-21 14:44:59 - [MESSAGE][PASSED] - Object: 'Object Repository/Page_Environments - EOS/Page_Environments - EOS/a_Resources' is clicked on&#xD;
&#xD;
2019-08-21 14:44:59 - [TEST_STEP][PASSED] - click(findTestObject("Object Repository/Page_Environments - EOS/Page_Environments - EOS/button_8 Threads - Large Instance")): Object: 'Object Repository/Page_Environments - EOS/Page_Environments - EOS/button_8 Threads - Large Instance' is clicked on&#xD;
&#xD;
2019-08-21 14:44:59 - [MESSAGE][PASSED] - Object: 'Object Repository/Page_Environments - EOS/Page_Environments - EOS/button_8 Threads - Large Instance' is clicked on&#xD;
&#xD;
2019-08-21 14:44:59 - [TEST_STEP][PASSED] - delay(1, STOP_ON_FAILURE): Delayed 1 second(s)&#xD;
&#xD;
2019-08-21 14:45:00 - [MESSAGE][PASSED] - Delayed 1 second(s)&#xD;
&#xD;
2019-08-21 14:45:00 - [TEST_STEP][PASSED] - click(findTestObject("Object Repository/Page_Environments - EOS/Page_Environments - EOS/a_8 Threads - Large Instance")): Object: 'Object Repository/Page_Environments - EOS/Page_Environments - EOS/a_8 Threads - Large Instance' is clicked on&#xD;
&#xD;
2019-08-21 14:45:00 - [MESSAGE][PASSED] - Object: 'Object Repository/Page_Environments - EOS/Page_Environments - EOS/a_8 Threads - Large Instance' is clicked on&#xD;
&#xD;
2019-08-21 14:45:00 - [TEST_STEP][PASSED] - delay(1, STOP_ON_FAILURE): Delayed 1 second(s)&#xD;
&#xD;
2019-08-21 14:45:01 - [MESSAGE][PASSED] - Delayed 1 second(s)&#xD;
&#xD;
2019-08-21 14:45:01 - [TEST_STEP][PASSED] - click(findTestObject("Object Repository/Page_Environments - EOS/Page_Environments - EOS/button_Ok")): Object: 'Object Repository/Page_Environments - EOS/Page_Environments - EOS/button_Ok' is clicked on&#xD;
&#xD;
2019-08-21 14:45:01 - [MESSAGE][PASSED] - Object: 'Object Repository/Page_Environments - EOS/Page_Environments - EOS/button_Ok' is clicked on&#xD;
&#xD;
2019-08-21 14:45:01 - [MESSAGE][PASSED] - Call Test Case 'Test Cases/Sysadmin Portal/Set_NoOfThreads' successfully&#xD;
&#xD;
2019-08-21 14:45:01 - [TEST_STEP][PASSED] - delay(3, CONTINUE_ON_FAILURE): Delayed 3 second(s)&#xD;
&#xD;
2019-08-21 14:45:04 - [MESSAGE][PASSED] - Delayed 3 second(s)&#xD;
&#xD;
2019-08-21 14:45:04 - [TEST_STEP][PASSED] - callTestCase(findTestCase("Sysadmin Portal/Domain/PreProd_Test"), [:], CONTINUE_ON_FAILURE): Call Test Case 'Test Cases/Sysadmin Portal/Domain/PreProd_Test' successfully&#xD;
&#xD;
2019-08-21 14:45:04 - [TEST_CASE][PASSED] - Test Cases/Sysadmin Portal/Domain/PreProd_Test: Test Cases/Sysadmin Portal/Domain/PreProd_Test&#xD;
&#xD;
2019-08-21 14:45:04 - [TEST_STEP][NOT_RUN] - callTestCase(findTestCase("Sysadmin Login Page/login_Sysadmin"), [:], STOP_ON_FAILURE): NOT_RUN: callTestCase(findTestCase("Sysadmin Login Page/login_Sysadmin"), [:], STOP_ON_FAILURE)&#xD;
&#xD;
2019-08-21 14:45:04 - [MESSAGE][NOT_RUN] - NOT_RUN: callTestCase(findTestCase("Sysadmin Login Page/login_Sysadmin"), [:], STOP_ON_FAILURE)&#xD;
&#xD;
2019-08-21 14:45:04 - [TEST_STEP][PASSED] - navigateToUrl(url_sysadmin): Navigate to 'http://192.168.1.97:8095/' successfully&#xD;
&#xD;
2019-08-21 14:45:04 - [MESSAGE][PASSED] - Navigate to 'http://192.168.1.97:8095/' successfully&#xD;
&#xD;
2019-08-21 14:45:04 - [TEST_STEP][PASSED] - delay(2): Delayed 2 second(s)&#xD;
&#xD;
2019-08-21 14:45:06 - [MESSAGE][PASSED] - Delayed 2 second(s)&#xD;
&#xD;
2019-08-21 14:45:06 - [TEST_STEP][PASSED] - click(findTestObject("Sysadmin Portal/Domain/Page_Welcome - EOS/a_Domain")): Object: 'Object Repository/Sysadmin Portal/Domain/Page_Welcome - EOS/a_Domain' is clicked on&#xD;
&#xD;
2019-08-21 14:45:06 - [MESSAGE][PASSED] - Object: 'Object Repository/Sysadmin Portal/Domain/Page_Welcome - EOS/a_Domain' is clicked on&#xD;
&#xD;
2019-08-21 14:45:06 - [TEST_STEP][PASSED] - click(findTestObject("Sysadmin Portal/Domain/button_PreProduction_Test")): Object: 'Object Repository/Sysadmin Portal/Domain/button_PreProduction_Test' is clicked on&#xD;
&#xD;
2019-08-21 14:45:07 - [MESSAGE][PASSED] - Object: 'Object Repository/Sysadmin Portal/Domain/button_PreProduction_Test' is clicked on&#xD;
&#xD;
2019-08-21 14:45:07 - [TEST_STEP][PASSED] - while (verifyElementAttributeValue(findTestObject("Sysadmin Portal/Domain/verify_PreProdTestFinish"), "class", "fa fa-circle-o-notch fa-spin", 1, OPTIONAL) == true): Object 'Object Repository/Sysadmin Portal/Domain/verify_PreProdTestFinish' has attribute 'class' with actual value 'fa fa-check-circle' instead of expected value 'fa fa-circle-o-notch fa-spin' (Root cause: com.kms.katalon.core.exception.StepFailedException: Object 'Object Repository/Sysadmin Portal/Domain/verify_PreProdTestFinish' has attribute 'class' with actual value 'fa fa-check-circle' instead of expected value 'fa fa-circle-o-notch fa-spin'&#xD;
	at com.kms.katalon.core.webui.keyword.internal.WebUIKeywordMain.stepFailed(WebUIKeywordMain.groovy:64)&#xD;
	at com.kms.katalon.core.webui.keyword.builtin.VerifyElementAttributeValueKeyword$_verifyElementAttributeValue_closure1.doCall(VerifyElementAttributeValueKeyword.groovy:94)&#xD;
	at com.kms.katalon.core.webui.keyword.builtin.VerifyElementAttributeValueKeyword$_verifyElementAttributeValue_closure1.call(VerifyElementAttributeValueKeyword.groovy)&#xD;
	at com.kms.katalon.core.webui.keyword.internal.WebUIKeywordMain.runKeyword(WebUIKeywordMain.groovy:20)&#xD;
	at com.kms.katalon.core.webui.keyword.builtin.VerifyElementAttributeValueKeyword.verifyElementAttributeValue(VerifyElementAttributeValueKeyword.groovy:109)&#xD;
	at com.kms.katalon.core.webui.keyword.builtin.VerifyElementAttributeValueKeyword.execute(VerifyElementAttributeValueKeyword.groovy:70)&#xD;
	at com.kms.katalon.core.keyword.internal.KeywordExecutor.executeKeywordForPlatform(KeywordExecutor.groovy:56)&#xD;
	at com.kms.katalon.core.webui.keyword.WebUiBuiltInKeywords.verifyElementAttributeValue(WebUiBuiltInKeywords.groovy:3234)&#xD;
	at com.kms.katalon.core.webui.keyword.WebUiBuiltInKeywords$verifyElementAttributeValue$10.call(Unknown Source)&#xD;
	at PreProd_Test.run(PreProd_Test:33)&#xD;
	at com.kms.katalon.core.main.ScriptEngine.run(ScriptEngine.java:194)&#xD;
	at com.kms.katalon.core.main.ScriptEngine.runScriptAsRawText(ScriptEngine.java:119)&#xD;
	at com.kms.katalon.core.main.TestCaseExecutor.runScript(TestCaseExecutor.java:337)&#xD;
	at com.kms.katalon.core.main.TestCaseExecutor.doExecute(TestCaseExecutor.java:328)&#xD;
	at com.kms.katalon.core.main.TestCaseExecutor.processExecutionPhase(TestCaseExecutor.java:307)&#xD;
	at com.kms.katalon.core.main.TestCaseExecutor.accessMainPhase(TestCaseExecutor.java:299)&#xD;
	at com.kms.katalon.core.main.TestCaseExecutor.execute(TestCaseExecutor.java:233)&#xD;
	at com.kms.katalon.core.main.TestCaseMain.runTestCase(TestCaseMain.java:114)&#xD;
	at com.kms.katalon.core.keyword.builtin.CallTestCaseKeyword$_callTestCase_closure1.doCall(CallTestCaseKeyword.groovy:59)&#xD;
	at com.kms.katalon.core.keyword.builtin.CallTestCaseKeyword$_callTestCase_closure1.call(CallTestCaseKeyword.groovy)&#xD;
	at com.kms.katalon.core.keyword.internal.KeywordMain.runKeyword(KeywordMain.groovy:68)&#xD;
	at com.kms.katalon.core.keyword.builtin.CallTestCaseKeyword.callTestCase(CallTestCaseKeyword.groovy:81)&#xD;
	at com.kms.katalon.core.keyword.builtin.CallTestCaseKeyword.execute(CallTestCaseKeyword.groovy:44)&#xD;
	at com.kms.katalon.core.keyword.internal.KeywordExecutor.executeKeywordForPlatform(KeywordExecutor.groovy:56)&#xD;
	at com.kms.katalon.core.keyword.BuiltinKeywords.callTestCase(BuiltinKeywords.groovy:334)&#xD;
	at Sysadmin - Testcases.run(Sysadmin - Testcases:33)&#xD;
	at com.kms.katalon.core.main.ScriptEngine.run(ScriptEngine.java:194)&#xD;
	at com.kms.katalon.core.main.ScriptEngine.runScriptAsRawText(ScriptEngine.java:119)&#xD;
	at com.kms.katalon.core.main.TestCaseExecutor.runScript(TestCaseExecutor.java:337)&#xD;
	at com.kms.katalon.core.main.TestCaseExecutor.doExecute(TestCaseExecutor.java:328)&#xD;
	at com.kms.katalon.core.main.TestCaseExecutor.processExecutionPhase(TestCaseExecutor.java:307)&#xD;
	at com.kms.katalon.core.main.TestCaseExecutor.accessMainPhase(TestCaseExecutor.java:299)&#xD;
	at com.kms.katalon.core.main.TestCaseExecutor.execute(TestCaseExecutor.java:233)&#xD;
	at com.kms.katalon.core.main.TestSuiteExecutor.accessTestCaseMainPhase(TestSuiteExecutor.java:150)&#xD;
	at com.kms.katalon.core.main.TestSuiteExecutor.accessTestSuiteMainPhase(TestSuiteExecutor.java:123)&#xD;
	at com.kms.katalon.core.main.TestSuiteExecutor.execute(TestSuiteExecutor.java:87)&#xD;
	at com.kms.katalon.core.main.TestCaseMain.startTestSuite(TestCaseMain.java:157)&#xD;
	at com.kms.katalon.core.main.TestCaseMain$startTestSuite$0.call(Unknown Source)&#xD;
	at TempTestSuite1566387838851.run(TempTestSuite1566387838851.groovy:35)&#xD;
)&#xD;
&#xD;
2019-08-21 14:45:07 - [MESSAGE][PASSED] - Object 'Object Repository/Sysadmin Portal/Domain/verify_PreProdTestFinish' has attribute 'class' with value 'fa fa-circle-o-notch fa-spin'&#xD;
&#xD;
2019-08-21 14:45:07 - [TEST_STEP][PASSED] - delay(2): Object 'Object Repository/Sysadmin Portal/Domain/verify_PreProdTestFinish' has attribute 'class' with value 'fa fa-circle-o-notch fa-spin'&#xD;
&#xD;
2019-08-21 14:45:09 - [MESSAGE][PASSED] - Delayed 2 second(s)&#xD;
&#xD;
2019-08-21 14:45:09 - [MESSAGE][PASSED] - Object 'Object Repository/Sysadmin Portal/Domain/verify_PreProdTestFinish' has attribute 'class' with value 'fa fa-circle-o-notch fa-spin'&#xD;
&#xD;
2019-08-21 14:45:09 - [TEST_STEP][PASSED] - delay(2): Object 'Object Repository/Sysadmin Portal/Domain/verify_PreProdTestFinish' has attribute 'class' with value 'fa fa-circle-o-notch fa-spin'&#xD;
&#xD;
2019-08-21 14:45:11 - [MESSAGE][PASSED] - Delayed 2 second(s)&#xD;
&#xD;
2019-08-21 14:45:11 - [MESSAGE][PASSED] - Object 'Object Repository/Sysadmin Portal/Domain/verify_PreProdTestFinish' has attribute 'class' with value 'fa fa-circle-o-notch fa-spin'&#xD;
&#xD;
2019-08-21 14:45:11 - [TEST_STEP][PASSED] - delay(2): Object 'Object Repository/Sysadmin Portal/Domain/verify_PreProdTestFinish' has attribute 'class' with value 'fa fa-circle-o-notch fa-spin'&#xD;
&#xD;
2019-08-21 14:45:13 - [MESSAGE][PASSED] - Delayed 2 second(s)&#xD;
&#xD;
2019-08-21 14:45:13 - [MESSAGE][PASSED] - Object 'Object Repository/Sysadmin Portal/Domain/verify_PreProdTestFinish' has attribute 'class' with value 'fa fa-circle-o-notch fa-spin'&#xD;
&#xD;
2019-08-21 14:45:13 - [TEST_STEP][PASSED] - delay(2): Object 'Object Repository/Sysadmin Portal/Domain/verify_PreProdTestFinish' has attribute 'class' with value 'fa fa-circle-o-notch fa-spin'&#xD;
&#xD;
2019-08-21 14:45:15 - [MESSAGE][PASSED] - Delayed 2 second(s)&#xD;
&#xD;
2019-08-21 14:45:15 - [MESSAGE][PASSED] - Object 'Object Repository/Sysadmin Portal/Domain/verify_PreProdTestFinish' has attribute 'class' with value 'fa fa-circle-o-notch fa-spin'&#xD;
&#xD;
2019-08-21 14:45:15 - [TEST_STEP][PASSED] - delay(2): Object 'Object Repository/Sysadmin Portal/Domain/verify_PreProdTestFinish' has attribute 'class' with value 'fa fa-circle-o-notch fa-spin'&#xD;
&#xD;
2019-08-21 14:45:17 - [MESSAGE][PASSED] - Delayed 2 second(s)&#xD;
&#xD;
2019-08-21 14:45:17 - [MESSAGE][PASSED] - Object 'Object Repository/Sysadmin Portal/Domain/verify_PreProdTestFinish' has attribute 'class' with value 'fa fa-circle-o-notch fa-spin'&#xD;
&#xD;
2019-08-21 14:45:17 - [TEST_STEP][PASSED] - delay(2): Object 'Object Repository/Sysadmin Portal/Domain/verify_PreProdTestFinish' has attribute 'class' with value 'fa fa-circle-o-notch fa-spin'&#xD;
&#xD;
2019-08-21 14:45:19 - [MESSAGE][PASSED] - Delayed 2 second(s)&#xD;
&#xD;
2019-08-21 14:45:19 - [MESSAGE][PASSED] - Object 'Object Repository/Sysadmin Portal/Domain/verify_PreProdTestFinish' has attribute 'class' with value 'fa fa-circle-o-notch fa-spin'&#xD;
&#xD;
2019-08-21 14:45:19 - [TEST_STEP][PASSED] - delay(2): Object 'Object Repository/Sysadmin Portal/Domain/verify_PreProdTestFinish' has attribute 'class' with value 'fa fa-circle-o-notch fa-spin'&#xD;
&#xD;
2019-08-21 14:45:21 - [MESSAGE][PASSED] - Delayed 2 second(s)&#xD;
&#xD;
2019-08-21 14:45:21 - [MESSAGE][PASSED] - Object 'Object Repository/Sysadmin Portal/Domain/verify_PreProdTestFinish' has attribute 'class' with value 'fa fa-circle-o-notch fa-spin'&#xD;
&#xD;
2019-08-21 14:45:21 - [TEST_STEP][PASSED] - delay(2): Object 'Object Repository/Sysadmin Portal/Domain/verify_PreProdTestFinish' has attribute 'class' with value 'fa fa-circle-o-notch fa-spin'&#xD;
&#xD;
2019-08-21 14:45:23 - [MESSAGE][PASSED] - Delayed 2 second(s)&#xD;
&#xD;
2019-08-21 14:45:24 - [MESSAGE][PASSED] - Object 'Object Repository/Sysadmin Portal/Domain/verify_PreProdTestFinish' has attribute 'class' with value 'fa fa-circle-o-notch fa-spin'&#xD;
&#xD;
2019-08-21 14:45:24 - [TEST_STEP][PASSED] - delay(2): Object 'Object Repository/Sysadmin Portal/Domain/verify_PreProdTestFinish' has attribute 'class' with value 'fa fa-circle-o-notch fa-spin'&#xD;
&#xD;
2019-08-21 14:45:26 - [MESSAGE][PASSED] - Delayed 2 second(s)&#xD;
&#xD;
2019-08-21 14:45:26 - [MESSAGE][PASSED] - Object 'Object Repository/Sysadmin Portal/Domain/verify_PreProdTestFinish' has attribute 'class' with value 'fa fa-circle-o-notch fa-spin'&#xD;
&#xD;
2019-08-21 14:45:26 - [TEST_STEP][PASSED] - delay(2): Object 'Object Repository/Sysadmin Portal/Domain/verify_PreProdTestFinish' has attribute 'class' with value 'fa fa-circle-o-notch fa-spin'&#xD;
&#xD;
2019-08-21 14:45:28 - [MESSAGE][PASSED] - Delayed 2 second(s)&#xD;
&#xD;
2019-08-21 14:45:28 - [MESSAGE][PASSED] - Object 'Object Repository/Sysadmin Portal/Domain/verify_PreProdTestFinish' has attribute 'class' with value 'fa fa-circle-o-notch fa-spin'&#xD;
&#xD;
2019-08-21 14:45:28 - [TEST_STEP][PASSED] - delay(2): Object 'Object Repository/Sysadmin Portal/Domain/verify_PreProdTestFinish' has attribute 'class' with value 'fa fa-circle-o-notch fa-spin'&#xD;
&#xD;
2019-08-21 14:45:30 - [MESSAGE][PASSED] - Delayed 2 second(s)&#xD;
&#xD;
2019-08-21 14:45:30 - [MESSAGE][PASSED] - Object 'Object Repository/Sysadmin Portal/Domain/verify_PreProdTestFinish' has attribute 'class' with value 'fa fa-circle-o-notch fa-spin'&#xD;
&#xD;
2019-08-21 14:45:30 - [TEST_STEP][PASSED] - delay(2): Object 'Object Repository/Sysadmin Portal/Domain/verify_PreProdTestFinish' has attribute 'class' with value 'fa fa-circle-o-notch fa-spin'&#xD;
&#xD;
2019-08-21 14:45:32 - [MESSAGE][PASSED] - Delayed 2 second(s)&#xD;
&#xD;
2019-08-21 14:45:32 - [MESSAGE][PASSED] - Object 'Object Repository/Sysadmin Portal/Domain/verify_PreProdTestFinish' has attribute 'class' with value 'fa fa-circle-o-notch fa-spin'&#xD;
&#xD;
2019-08-21 14:45:32 - [TEST_STEP][PASSED] - delay(2): Object 'Object Repository/Sysadmin Portal/Domain/verify_PreProdTestFinish' has attribute 'class' with value 'fa fa-circle-o-notch fa-spin'&#xD;
&#xD;
2019-08-21 14:45:34 - [MESSAGE][PASSED] - Delayed 2 second(s)&#xD;
&#xD;
2019-08-21 14:45:34 - [MESSAGE][PASSED] - Object 'Object Repository/Sysadmin Portal/Domain/verify_PreProdTestFinish' has attribute 'class' with value 'fa fa-circle-o-notch fa-spin'&#xD;
&#xD;
2019-08-21 14:45:34 - [TEST_STEP][PASSED] - delay(2): Object 'Object Repository/Sysadmin Portal/Domain/verify_PreProdTestFinish' has attribute 'class' with value 'fa fa-circle-o-notch fa-spin'&#xD;
&#xD;
2019-08-21 14:45:36 - [MESSAGE][PASSED] - Delayed 2 second(s)&#xD;
&#xD;
2019-08-21 14:45:36 - [MESSAGE][PASSED] - Object 'Object Repository/Sysadmin Portal/Domain/verify_PreProdTestFinish' has attribute 'class' with value 'fa fa-circle-o-notch fa-spin'&#xD;
&#xD;
2019-08-21 14:45:36 - [TEST_STEP][PASSED] - delay(2): Object 'Object Repository/Sysadmin Portal/Domain/verify_PreProdTestFinish' has attribute 'class' with value 'fa fa-circle-o-notch fa-spin'&#xD;
&#xD;
2019-08-21 14:45:38 - [MESSAGE][PASSED] - Delayed 2 second(s)&#xD;
&#xD;
2019-08-21 14:45:38 - [MESSAGE][PASSED] - Object 'Object Repository/Sysadmin Portal/Domain/verify_PreProdTestFinish' has attribute 'class' with value 'fa fa-circle-o-notch fa-spin'&#xD;
&#xD;
2019-08-21 14:45:38 - [TEST_STEP][PASSED] - delay(2): Object 'Object Repository/Sysadmin Portal/Domain/verify_PreProdTestFinish' has attribute 'class' with value 'fa fa-circle-o-notch fa-spin'&#xD;
&#xD;
2019-08-21 14:45:40 - [MESSAGE][PASSED] - Delayed 2 second(s)&#xD;
&#xD;
2019-08-21 14:45:40 - [MESSAGE][PASSED] - Object 'Object Repository/Sysadmin Portal/Domain/verify_PreProdTestFinish' has attribute 'class' with value 'fa fa-circle-o-notch fa-spin'&#xD;
&#xD;
2019-08-21 14:45:40 - [TEST_STEP][PASSED] - delay(2): Object 'Object Repository/Sysadmin Portal/Domain/verify_PreProdTestFinish' has attribute 'class' with value 'fa fa-circle-o-notch fa-spin'&#xD;
&#xD;
2019-08-21 14:45:42 - [MESSAGE][PASSED] - Delayed 2 second(s)&#xD;
&#xD;
2019-08-21 14:45:42 - [MESSAGE][PASSED] - Object 'Object Repository/Sysadmin Portal/Domain/verify_PreProdTestFinish' has attribute 'class' with value 'fa fa-circle-o-notch fa-spin'&#xD;
&#xD;
2019-08-21 14:45:42 - [TEST_STEP][PASSED] - delay(2): Object 'Object Repository/Sysadmin Portal/Domain/verify_PreProdTestFinish' has attribute 'class' with actual value 'fa fa-check-circle' instead of expected value 'fa fa-circle-o-notch fa-spin' (Root cause: com.kms.katalon.core.exception.StepFailedException: Object 'Object Repository/Sysadmin Portal/Domain/verify_PreProdTestFinish' has attribute 'class' with actual value 'fa fa-check-circle' instead of expected value 'fa fa-circle-o-notch fa-spin'&#xD;
	at com.kms.katalon.core.webui.keyword.internal.WebUIKeywordMain.stepFailed(WebUIKeywordMain.groovy:64)&#xD;
	at com.kms.katalon.core.webui.keyword.builtin.VerifyElementAttributeValueKeyword$_verifyElementAttributeValue_closure1.doCall(VerifyElementAttributeValueKeyword.groovy:94)&#xD;
	at com.kms.katalon.core.webui.keyword.builtin.VerifyElementAttributeValueKeyword$_verifyElementAttributeValue_closure1.call(VerifyElementAttributeValueKeyword.groovy)&#xD;
	at com.kms.katalon.core.webui.keyword.internal.WebUIKeywordMain.runKeyword(WebUIKeywordMain.groovy:20)&#xD;
	at com.kms.katalon.core.webui.keyword.builtin.VerifyElementAttributeValueKeyword.verifyElementAttributeValue(VerifyElementAttributeValueKeyword.groovy:109)&#xD;
	at com.kms.katalon.core.webui.keyword.builtin.VerifyElementAttributeValueKeyword.execute(VerifyElementAttributeValueKeyword.groovy:70)&#xD;
	at com.kms.katalon.core.keyword.internal.KeywordExecutor.executeKeywordForPlatform(KeywordExecutor.groovy:56)&#xD;
	at com.kms.katalon.core.webui.keyword.WebUiBuiltInKeywords.verifyElementAttributeValue(WebUiBuiltInKeywords.groovy:3234)&#xD;
	at com.kms.katalon.core.webui.keyword.WebUiBuiltInKeywords$verifyElementAttributeValue$10.call(Unknown Source)&#xD;
	at PreProd_Test.run(PreProd_Test:33)&#xD;
	at com.kms.katalon.core.main.ScriptEngine.run(ScriptEngine.java:194)&#xD;
	at com.kms.katalon.core.main.ScriptEngine.runScriptAsRawText(ScriptEngine.java:119)&#xD;
	at com.kms.katalon.core.main.TestCaseExecutor.runScript(TestCaseExecutor.java:337)&#xD;
	at com.kms.katalon.core.main.TestCaseExecutor.doExecute(TestCaseExecutor.java:328)&#xD;
	at com.kms.katalon.core.main.TestCaseExecutor.processExecutionPhase(TestCaseExecutor.java:307)&#xD;
	at com.kms.katalon.core.main.TestCaseExecutor.accessMainPhase(TestCaseExecutor.java:299)&#xD;
	at com.kms.katalon.core.main.TestCaseExecutor.execute(TestCaseExecutor.java:233)&#xD;
	at com.kms.katalon.core.main.TestCaseMain.runTestCase(TestCaseMain.java:114)&#xD;
	at com.kms.katalon.core.keyword.builtin.CallTestCaseKeyword$_callTestCase_closure1.doCall(CallTestCaseKeyword.groovy:59)&#xD;
	at com.kms.katalon.core.keyword.builtin.CallTestCaseKeyword$_callTestCase_closure1.call(CallTestCaseKeyword.groovy)&#xD;
	at com.kms.katalon.core.keyword.internal.KeywordMain.runKeyword(KeywordMain.groovy:68)&#xD;
	at com.kms.katalon.core.keyword.builtin.CallTestCaseKeyword.callTestCase(CallTestCaseKeyword.groovy:81)&#xD;
	at com.kms.katalon.core.keyword.builtin.CallTestCaseKeyword.execute(CallTestCaseKeyword.groovy:44)&#xD;
	at com.kms.katalon.core.keyword.internal.KeywordExecutor.executeKeywordForPlatform(KeywordExecutor.groovy:56)&#xD;
	at com.kms.katalon.core.keyword.BuiltinKeywords.callTestCase(BuiltinKeywords.groovy:334)&#xD;
	at Sysadmin - Testcases.run(Sysadmin - Testcases:33)&#xD;
	at com.kms.katalon.core.main.ScriptEngine.run(ScriptEngine.java:194)&#xD;
	at com.kms.katalon.core.main.ScriptEngine.runScriptAsRawText(ScriptEngine.java:119)&#xD;
	at com.kms.katalon.core.main.TestCaseExecutor.runScript(TestCaseExecutor.java:337)&#xD;
	at com.kms.katalon.core.main.TestCaseExecutor.doExecute(TestCaseExecutor.java:328)&#xD;
	at com.kms.katalon.core.main.TestCaseExecutor.processExecutionPhase(TestCaseExecutor.java:307)&#xD;
	at com.kms.katalon.core.main.TestCaseExecutor.accessMainPhase(TestCaseExecutor.java:299)&#xD;
	at com.kms.katalon.core.main.TestCaseExecutor.execute(TestCaseExecutor.java:233)&#xD;
	at com.kms.katalon.core.main.TestSuiteExecutor.accessTestCaseMainPhase(TestSuiteExecutor.java:150)&#xD;
	at com.kms.katalon.core.main.TestSuiteExecutor.accessTestSuiteMainPhase(TestSuiteExecutor.java:123)&#xD;
	at com.kms.katalon.core.main.TestSuiteExecutor.execute(TestSuiteExecutor.java:87)&#xD;
	at com.kms.katalon.core.main.TestCaseMain.startTestSuite(TestCaseMain.java:157)&#xD;
	at com.kms.katalon.core.main.TestCaseMain$startTestSuite$0.call(Unknown Source)&#xD;
	at TempTestSuite1566387838851.run(TempTestSuite1566387838851.groovy:35)&#xD;
)&#xD;
&#xD;
2019-08-21 14:45:44 - [MESSAGE][PASSED] - Delayed 2 second(s)&#xD;
&#xD;
2019-08-21 14:45:45 - [MESSAGE][WARNING] - Object 'Object Repository/Sysadmin Portal/Domain/verify_PreProdTestFinish' has attribute 'class' with actual value 'fa fa-check-circle' instead of expected value 'fa fa-circle-o-notch fa-spin' (Root cause: com.kms.katalon.core.exception.StepFailedException: Object 'Object Repository/Sysadmin Portal/Domain/verify_PreProdTestFinish' has attribute 'class' with actual value 'fa fa-check-circle' instead of expected value 'fa fa-circle-o-notch fa-spin'&#xD;
	at com.kms.katalon.core.webui.keyword.internal.WebUIKeywordMain.stepFailed(WebUIKeywordMain.groovy:64)&#xD;
	at com.kms.katalon.core.webui.keyword.builtin.VerifyElementAttributeValueKeyword$_verifyElementAttributeValue_closure1.doCall(VerifyElementAttributeValueKeyword.groovy:94)&#xD;
	at com.kms.katalon.core.webui.keyword.builtin.VerifyElementAttributeValueKeyword$_verifyElementAttributeValue_closure1.call(VerifyElementAttributeValueKeyword.groovy)&#xD;
	at com.kms.katalon.core.webui.keyword.internal.WebUIKeywordMain.runKeyword(WebUIKeywordMain.groovy:20)&#xD;
	at com.kms.katalon.core.webui.keyword.builtin.VerifyElementAttributeValueKeyword.verifyElementAttributeValue(VerifyElementAttributeValueKeyword.groovy:109)&#xD;
	at com.kms.katalon.core.webui.keyword.builtin.VerifyElementAttributeValueKeyword.execute(VerifyElementAttributeValueKeyword.groovy:70)&#xD;
	at com.kms.katalon.core.keyword.internal.KeywordExecutor.executeKeywordForPlatform(KeywordExecutor.groovy:56)&#xD;
	at com.kms.katalon.core.webui.keyword.WebUiBuiltInKeywords.verifyElementAttributeValue(WebUiBuiltInKeywords.groovy:3234)&#xD;
	at com.kms.katalon.core.webui.keyword.WebUiBuiltInKeywords$verifyElementAttributeValue$10.call(Unknown Source)&#xD;
	at PreProd_Test.run(PreProd_Test:33)&#xD;
	at com.kms.katalon.core.main.ScriptEngine.run(ScriptEngine.java:194)&#xD;
	at com.kms.katalon.core.main.ScriptEngine.runScriptAsRawText(ScriptEngine.java:119)&#xD;
	at com.kms.katalon.core.main.TestCaseExecutor.runScript(TestCaseExecutor.java:337)&#xD;
	at com.kms.katalon.core.main.TestCaseExecutor.doExecute(TestCaseExecutor.java:328)&#xD;
	at com.kms.katalon.core.main.TestCaseExecutor.processExecutionPhase(TestCaseExecutor.java:307)&#xD;
	at com.kms.katalon.core.main.TestCaseExecutor.accessMainPhase(TestCaseExecutor.java:299)&#xD;
	at com.kms.katalon.core.main.TestCaseExecutor.execute(TestCaseExecutor.java:233)&#xD;
	at com.kms.katalon.core.main.TestCaseMain.runTestCase(TestCaseMain.java:114)&#xD;
	at com.kms.katalon.core.keyword.builtin.CallTestCaseKeyword$_callTestCase_closure1.doCall(CallTestCaseKeyword.groovy:59)&#xD;
	at com.kms.katalon.core.keyword.builtin.CallTestCaseKeyword$_callTestCase_closure1.call(CallTestCaseKeyword.groovy)&#xD;
	at com.kms.katalon.core.keyword.internal.KeywordMain.runKeyword(KeywordMain.groovy:68)&#xD;
	at com.kms.katalon.core.keyword.builtin.CallTestCaseKeyword.callTestCase(CallTestCaseKeyword.groovy:81)&#xD;
	at com.kms.katalon.core.keyword.builtin.CallTestCaseKeyword.execute(CallTestCaseKeyword.groovy:44)&#xD;
	at com.kms.katalon.core.keyword.internal.KeywordExecutor.executeKeywordForPlatform(KeywordExecutor.groovy:56)&#xD;
	at com.kms.katalon.core.keyword.BuiltinKeywords.callTestCase(BuiltinKeywords.groovy:334)&#xD;
	at Sysadmin - Testcases.run(Sysadmin - Testcases:33)&#xD;
	at com.kms.katalon.core.main.ScriptEngine.run(ScriptEngine.java:194)&#xD;
	at com.kms.katalon.core.main.ScriptEngine.runScriptAsRawText(ScriptEngine.java:119)&#xD;
	at com.kms.katalon.core.main.TestCaseExecutor.runScript(TestCaseExecutor.java:337)&#xD;
	at com.kms.katalon.core.main.TestCaseExecutor.doExecute(TestCaseExecutor.java:328)&#xD;
	at com.kms.katalon.core.main.TestCaseExecutor.processExecutionPhase(TestCaseExecutor.java:307)&#xD;
	at com.kms.katalon.core.main.TestCaseExecutor.accessMainPhase(TestCaseExecutor.java:299)&#xD;
	at com.kms.katalon.core.main.TestCaseExecutor.execute(TestCaseExecutor.java:233)&#xD;
	at com.kms.katalon.core.main.TestSuiteExecutor.accessTestCaseMainPhase(TestSuiteExecutor.java:150)&#xD;
	at com.kms.katalon.core.main.TestSuiteExecutor.accessTestSuiteMainPhase(TestSuiteExecutor.java:123)&#xD;
	at com.kms.katalon.core.main.TestSuiteExecutor.execute(TestSuiteExecutor.java:87)&#xD;
	at com.kms.katalon.core.main.TestCaseMain.startTestSuite(TestCaseMain.java:157)&#xD;
	at com.kms.katalon.core.main.TestCaseMain$startTestSuite$0.call(Unknown Source)&#xD;
	at TempTestSuite1566387838851.run(TempTestSuite1566387838851.groovy:35)&#xD;
)&#xD;
[[ATTACHMENT|C:\\Katalon Projects\\Nido_Patch3\\Reports\\20190821_144358\\Sanity Check - 12.5.1 - 8499\\20190821_144358\\1566387944708.png]]&#xD;
&#xD;
2019-08-21 14:45:45 - [TEST_STEP][PASSED] - verifyElementNotPresent(findTestObject("Sysadmin Portal/Domain/Details_Button_Visible"), 1): Web element with id: 'Object Repository/Sysadmin Portal/Domain/Details_Button_Visible' located by 'By.cssSelector: [id="stepInfoBody"] [class="btn btn-link errorDetails"]' is not present after '1' second(s)&#xD;
&#xD;
2019-08-21 14:45:45 - [MESSAGE][PASSED] - Web element with id: 'Object Repository/Sysadmin Portal/Domain/Details_Button_Visible' located by 'By.cssSelector: [id="stepInfoBody"] [class="btn btn-link errorDetails"]' is not present after '1' second(s)&#xD;
&#xD;
2019-08-21 14:45:45 - [TEST_STEP][PASSED] - click(findTestObject("Sysadmin Portal/Domain/button_PreProd_Close")): Object: 'Object Repository/Sysadmin Portal/Domain/button_PreProd_Close' is clicked on&#xD;
&#xD;
2019-08-21 14:45:45 - [MESSAGE][PASSED] - Object: 'Object Repository/Sysadmin Portal/Domain/button_PreProd_Close' is clicked on&#xD;
&#xD;
2019-08-21 14:45:45 - [MESSAGE][PASSED] - Call Test Case 'Test Cases/Sysadmin Portal/Domain/PreProd_Test' successfully&#xD;
&#xD;
2019-08-21 14:45:45 - [TEST_STEP][PASSED] - delay(3, CONTINUE_ON_FAILURE): Delayed 3 second(s)&#xD;
&#xD;
2019-08-21 14:45:48 - [MESSAGE][PASSED] - Delayed 3 second(s)&#xD;
&#xD;
2019-08-21 14:45:48 - [TEST_STEP][PASSED] - callTestCase(findTestCase("Sysadmin Portal/Help/Sysadmin_Ask a question_Window"), [:], CONTINUE_ON_FAILURE): Call Test Case 'Test Cases/Sysadmin Portal/Help/Sysadmin_Ask a question_Window' successfully&#xD;
&#xD;
2019-08-21 14:45:48 - [TEST_CASE][PASSED] - Test Cases/Sysadmin Portal/Help/Sysadmin_Ask a question_Window: Test Cases/Sysadmin Portal/Help/Sysadmin_Ask a question_Window&#xD;
&#xD;
2019-08-21 14:45:48 - [TEST_STEP][NOT_RUN] - callTestCase(findTestCase("Sysadmin Login Page/login_Sysadmin"), [:], STOP_ON_FAILURE): NOT_RUN: callTestCase(findTestCase("Sysadmin Login Page/login_Sysadmin"), [:], STOP_ON_FAILURE)&#xD;
&#xD;
2019-08-21 14:45:48 - [MESSAGE][NOT_RUN] - NOT_RUN: callTestCase(findTestCase("Sysadmin Login Page/login_Sysadmin"), [:], STOP_ON_FAILURE)&#xD;
&#xD;
2019-08-21 14:45:48 - [TEST_STEP][PASSED] - delay(1): Delayed 1 second(s)&#xD;
&#xD;
2019-08-21 14:45:49 - [MESSAGE][PASSED] - Delayed 1 second(s)&#xD;
&#xD;
2019-08-21 14:45:49 - [TEST_STEP][PASSED] - click(findTestObject("Sysadmin Portal/Help Dropdown")): Object: 'Object Repository/Sysadmin Portal/Help Dropdown' is clicked on&#xD;
&#xD;
2019-08-21 14:45:49 - [MESSAGE][PASSED] - Object: 'Object Repository/Sysadmin Portal/Help Dropdown' is clicked on&#xD;
&#xD;
2019-08-21 14:45:49 - [TEST_STEP][PASSED] - delay(1): Delayed 1 second(s)&#xD;
&#xD;
2019-08-21 14:45:50 - [MESSAGE][PASSED] - Delayed 1 second(s)&#xD;
&#xD;
2019-08-21 14:45:50 - [TEST_STEP][PASSED] - click(findTestObject("Sysadmin Portal/Help Dropdown (1)/a_Ask a Question")): Object: 'Object Repository/Sysadmin Portal/Help Dropdown (1)/a_Ask a Question' is clicked on&#xD;
&#xD;
2019-08-21 14:45:50 - [MESSAGE][PASSED] - Object: 'Object Repository/Sysadmin Portal/Help Dropdown (1)/a_Ask a Question' is clicked on&#xD;
&#xD;
2019-08-21 14:45:50 - [TEST_STEP][PASSED] - waitForElementVisible(findTestObject("Sysadmin Portal/Help Dropdown (1)/Ask a question window/input_attachment1"), 5): Object 'Object Repository/Sysadmin Portal/Help Dropdown (1)/Ask a question window/input_attachment1' is visible&#xD;
&#xD;
2019-08-21 14:45:51 - [MESSAGE][PASSED] - Object 'Object Repository/Sysadmin Portal/Help Dropdown (1)/Ask a question window/input_attachment1' is visible&#xD;
&#xD;
2019-08-21 14:45:51 - [TEST_STEP][PASSED] - delay(1): Delayed 1 second(s)&#xD;
&#xD;
2019-08-21 14:45:52 - [MESSAGE][PASSED] - Delayed 1 second(s)&#xD;
&#xD;
2019-08-21 14:45:52 - [TEST_STEP][PASSED] - verifyElementClickable(findTestObject("Sysadmin Portal/Help Dropdown (1)/Ask a question window/input_attachment1"), STOP_ON_FAILURE): Object 'Object Repository/Sysadmin Portal/Help Dropdown (1)/Ask a question window/input_attachment1' is clickable&#xD;
&#xD;
2019-08-21 14:45:52 - [MESSAGE][PASSED] - Object 'Object Repository/Sysadmin Portal/Help Dropdown (1)/Ask a question window/input_attachment1' is clickable&#xD;
&#xD;
2019-08-21 14:45:52 - [TEST_STEP][PASSED] - verifyElementClickable(findTestObject("Sysadmin Portal/Help Dropdown (1)/Ask a question window/input_attachment2"), STOP_ON_FAILURE): Object 'Object Repository/Sysadmin Portal/Help Dropdown (1)/Ask a question window/input_attachment2' is clickable&#xD;
&#xD;
2019-08-21 14:45:52 - [MESSAGE][PASSED] - Object 'Object Repository/Sysadmin Portal/Help Dropdown (1)/Ask a question window/input_attachment2' is clickable&#xD;
&#xD;
2019-08-21 14:45:52 - [TEST_STEP][PASSED] - verifyElementClickable(findTestObject("Sysadmin Portal/Help Dropdown (1)/Ask a question window/input_attachment3"), STOP_ON_FAILURE): Object 'Object Repository/Sysadmin Portal/Help Dropdown (1)/Ask a question window/input_attachment3' is clickable&#xD;
&#xD;
2019-08-21 14:45:52 - [MESSAGE][PASSED] - Object 'Object Repository/Sysadmin Portal/Help Dropdown (1)/Ask a question window/input_attachment3' is clickable&#xD;
&#xD;
2019-08-21 14:45:52 - [TEST_STEP][PASSED] - verifyElementClickable(findTestObject("Sysadmin Portal/Help Dropdown (1)/Ask a question window/input_attachment4"), STOP_ON_FAILURE): Object 'Object Repository/Sysadmin Portal/Help Dropdown (1)/Ask a question window/input_attachment4' is clickable&#xD;
&#xD;
2019-08-21 14:45:52 - [MESSAGE][PASSED] - Object 'Object Repository/Sysadmin Portal/Help Dropdown (1)/Ask a question window/input_attachment4' is clickable&#xD;
&#xD;
2019-08-21 14:45:52 - [TEST_STEP][PASSED] - uploadFile(findTestObject("Sysadmin Portal/Help Dropdown (1)/Ask a question window/input_attachment1"), FilePath_SupportTicket): File 'C:\Users\bogdan.eremia\Downloads\Support_Test\download.jfif' sent to object: 'Object Repository/Sysadmin Portal/Help Dropdown (1)/Ask a question window/input_attachment1'&#xD;
&#xD;
2019-08-21 14:45:52 - [MESSAGE][PASSED] - File 'C:\Users\bogdan.eremia\Downloads\Support_Test\download.jfif' sent to object: 'Object Repository/Sysadmin Portal/Help Dropdown (1)/Ask a question window/input_attachment1'&#xD;
&#xD;
2019-08-21 14:45:52 - [TEST_STEP][PASSED] - click(findTestObject("Sysadmin Portal/Help Dropdown (1)/Ask a question window/select_NormalUrgentHighLow")): Object: 'Object Repository/Sysadmin Portal/Help Dropdown (1)/Ask a question window/select_NormalUrgentHighLow' is clicked on&#xD;
&#xD;
2019-08-21 14:45:52 - [MESSAGE][PASSED] - Object: 'Object Repository/Sysadmin Portal/Help Dropdown (1)/Ask a question window/select_NormalUrgentHighLow' is clicked on&#xD;
&#xD;
2019-08-21 14:45:52 - [TEST_STEP][PASSED] - selectOptionByValue(findTestObject("Sysadmin Portal/Help Dropdown (1)/Ask a question window/select_NormalUrgentHighLow"), "Low", false): All options with value 'Low' are selected in object 'Object Repository/Sysadmin Portal/Help Dropdown (1)/Ask a question window/select_NormalUrgentHighLow' &#xD;
&#xD;
2019-08-21 14:45:52 - [MESSAGE][PASSED] - All options with value 'Low' are selected in object 'Object Repository/Sysadmin Portal/Help Dropdown (1)/Ask a question window/select_NormalUrgentHighLow' &#xD;
&#xD;
2019-08-21 14:45:52 - [TEST_STEP][PASSED] - verifyOptionSelectedByValue(findTestObject("Sysadmin Portal/Help Dropdown (1)/Ask a question window/select_NormalUrgentHighLow"), "Low", false, 4): All options with value 'Low' are selected in object 'Object Repository/Sysadmin Portal/Help Dropdown (1)/Ask a question window/select_NormalUrgentHighLow' &#xD;
&#xD;
2019-08-21 14:45:52 - [MESSAGE][PASSED] - All options with value 'Low' are selected in object 'Object Repository/Sysadmin Portal/Help Dropdown (1)/Ask a question window/select_NormalUrgentHighLow' &#xD;
&#xD;
2019-08-21 14:45:52 - [TEST_STEP][PASSED] - setText(findTestObject("Sysadmin Portal/Help Dropdown (1)/Ask a question window/input_Name"), "QA Test"): Text 'QA Test' is set on object 'Object Repository/Sysadmin Portal/Help Dropdown (1)/Ask a question window/input_Name'&#xD;
&#xD;
2019-08-21 14:45:53 - [MESSAGE][PASSED] - Text 'QA Test' is set on object 'Object Repository/Sysadmin Portal/Help Dropdown (1)/Ask a question window/input_Name'&#xD;
&#xD;
2019-08-21 14:45:53 - [TEST_STEP][PASSED] - setText(findTestObject("Sysadmin Portal/Help Dropdown (1)/Ask a question window/input_Subject"), "QA Test"): Text 'QA Test' is set on object 'Object Repository/Sysadmin Portal/Help Dropdown (1)/Ask a question window/input_Subject'&#xD;
&#xD;
2019-08-21 14:45:53 - [MESSAGE][PASSED] - Text 'QA Test' is set on object 'Object Repository/Sysadmin Portal/Help Dropdown (1)/Ask a question window/input_Subject'&#xD;
&#xD;
2019-08-21 14:45:53 - [TEST_STEP][PASSED] - setText(findTestObject("Sysadmin Portal/Help Dropdown (1)/Ask a question window/input_EmailAddress"), "QATest@ecrion.com"): Text 'QATest@ecrion.com' is set on object 'Object Repository/Sysadmin Portal/Help Dropdown (1)/Ask a question window/input_EmailAddress'&#xD;
&#xD;
2019-08-21 14:45:53 - [MESSAGE][PASSED] - Text 'QATest@ecrion.com' is set on object 'Object Repository/Sysadmin Portal/Help Dropdown (1)/Ask a question window/input_EmailAddress'&#xD;
&#xD;
2019-08-21 14:45:53 - [TEST_STEP][PASSED] - setText(findTestObject("Sysadmin Portal/Help Dropdown (1)/Ask a question window/textarea_Description"), "This is a test !@#$%^&amp;*()_+}{][:"|\';&lt;&gt;?/.,`~"): Text 'This is a test !@#$%^&amp;*()_+}{][:"|\';&lt;&gt;?/.,`~' is set on object 'Object Repository/Sysadmin Portal/Help Dropdown (1)/Ask a question window/textarea_Description'&#xD;
&#xD;
2019-08-21 14:45:53 - [MESSAGE][PASSED] - Text 'This is a test !@#$%^&amp;*()_+}{][:"|\';&lt;&gt;?/.,`~' is set on object 'Object Repository/Sysadmin Portal/Help Dropdown (1)/Ask a question window/textarea_Description'&#xD;
&#xD;
2019-08-21 14:45:53 - [TEST_STEP][PASSED] - click(findTestObject("Sysadmin Portal/Help Dropdown (1)/Ask a question window/input_submitBtn"), STOP_ON_FAILURE): Object: 'Object Repository/Sysadmin Portal/Help Dropdown (1)/Ask a question window/input_submitBtn' is clicked on&#xD;
&#xD;
2019-08-21 14:45:54 - [MESSAGE][PASSED] - Object: 'Object Repository/Sysadmin Portal/Help Dropdown (1)/Ask a question window/input_submitBtn' is clicked on&#xD;
&#xD;
2019-08-21 14:45:54 - [TEST_STEP][PASSED] - waitForElementVisible(findTestObject("Sysadmin Portal/Help Dropdown (1)/Ask a question window/Confirmation Message Page/p_A separate confirmation emai"), 15): Object 'Object Repository/Sysadmin Portal/Help Dropdown (1)/Ask a question window/Confirmation Message Page/p_A separate confirmation emai' is visible&#xD;
&#xD;
2019-08-21 14:45:56 - [MESSAGE][PASSED] - Object 'Object Repository/Sysadmin Portal/Help Dropdown (1)/Ask a question window/Confirmation Message Page/p_A separate confirmation emai' is visible&#xD;
&#xD;
2019-08-21 14:45:56 - [TEST_STEP][PASSED] - verifyElementVisible(findTestObject("Sysadmin Portal/Help Dropdown (1)/Ask a question window/Confirmation Message Page/p_A separate confirmation emai")): Object 'Object Repository/Sysadmin Portal/Help Dropdown (1)/Ask a question window/Confirmation Message Page/p_A separate confirmation emai' is visible&#xD;
&#xD;
2019-08-21 14:45:56 - [MESSAGE][PASSED] - Object 'Object Repository/Sysadmin Portal/Help Dropdown (1)/Ask a question window/Confirmation Message Page/p_A separate confirmation emai' is visible&#xD;
&#xD;
2019-08-21 14:45:56 - [TEST_STEP][PASSED] - verifyElementVisible(findTestObject("Sysadmin Portal/Help Dropdown (1)/Ask a question window/Confirmation Message Page/p_IMPORTANT If you dont receiv")): Object 'Object Repository/Sysadmin Portal/Help Dropdown (1)/Ask a question window/Confirmation Message Page/p_IMPORTANT If you dont receiv' is visible&#xD;
&#xD;
2019-08-21 14:45:56 - [MESSAGE][PASSED] - Object 'Object Repository/Sysadmin Portal/Help Dropdown (1)/Ask a question window/Confirmation Message Page/p_IMPORTANT If you dont receiv' is visible&#xD;
&#xD;
2019-08-21 14:45:56 - [TEST_STEP][PASSED] - verifyElementVisible(findTestObject("Sysadmin Portal/Help Dropdown (1)/Ask a question window/Confirmation Message Page/p_Our working hours are")): Object 'Object Repository/Sysadmin Portal/Help Dropdown (1)/Ask a question window/Confirmation Message Page/p_Our working hours are' is visible&#xD;
&#xD;
2019-08-21 14:45:56 - [MESSAGE][PASSED] - Object 'Object Repository/Sysadmin Portal/Help Dropdown (1)/Ask a question window/Confirmation Message Page/p_Our working hours are' is visible&#xD;
&#xD;
2019-08-21 14:45:56 - [TEST_STEP][PASSED] - verifyElementVisible(findTestObject("Sysadmin Portal/Help Dropdown (1)/Ask a question window/Confirmation Message Page/p_Your message has been sent a")): Object 'Object Repository/Sysadmin Portal/Help Dropdown (1)/Ask a question window/Confirmation Message Page/p_Your message has been sent a' is visible&#xD;
&#xD;
2019-08-21 14:45:56 - [MESSAGE][PASSED] - Object 'Object Repository/Sysadmin Portal/Help Dropdown (1)/Ask a question window/Confirmation Message Page/p_Your message has been sent a' is visible&#xD;
&#xD;
2019-08-21 14:45:56 - [TEST_STEP][PASSED] - verifyElementClickable(findTestObject("Sysadmin Portal/Help Dropdown (1)/Ask a question window/Confirmation Message Page/button_OK")): Object 'Object Repository/Sysadmin Portal/Help Dropdown (1)/Ask a question window/Confirmation Message Page/button_OK' is clickable&#xD;
&#xD;
2019-08-21 14:45:57 - [MESSAGE][PASSED] - Object 'Object Repository/Sysadmin Portal/Help Dropdown (1)/Ask a question window/Confirmation Message Page/button_OK' is clickable&#xD;
&#xD;
2019-08-21 14:45:57 - [TEST_STEP][PASSED] - click(findTestObject("Sysadmin Portal/Help Dropdown (1)/Ask a question window/Confirmation Message Page/button_OK")): Object: 'Object Repository/Sysadmin Portal/Help Dropdown (1)/Ask a question window/Confirmation Message Page/button_OK' is clicked on&#xD;
&#xD;
2019-08-21 14:45:57 - [MESSAGE][PASSED] - Object: 'Object Repository/Sysadmin Portal/Help Dropdown (1)/Ask a question window/Confirmation Message Page/button_OK' is clicked on&#xD;
&#xD;
2019-08-21 14:45:57 - [TEST_STEP][NOT_RUN] - closeBrowser(): NOT_RUN: closeBrowser()&#xD;
&#xD;
2019-08-21 14:45:57 - [MESSAGE][NOT_RUN] - NOT_RUN: closeBrowser()&#xD;
&#xD;
2019-08-21 14:45:57 - [MESSAGE][PASSED] - Call Test Case 'Test Cases/Sysadmin Portal/Help/Sysadmin_Ask a question_Window' successfully&#xD;
&#xD;
2019-08-21 14:45:57 - [TEST_STEP][PASSED] - delay(3, CONTINUE_ON_FAILURE): Delayed 3 second(s)&#xD;
&#xD;
2019-08-21 14:46:00 - [MESSAGE][PASSED] - Delayed 3 second(s)&#xD;
&#xD;
2019-08-21 14:46:00 - [TEST_STEP][PASSED] - callTestCase(findTestCase("Sysadmin Portal/Domain/EmailConnection/Set_Email_Connection"), [:], CONTINUE_ON_FAILURE): Call Test Case 'Test Cases/Sysadmin Portal/Domain/EmailConnection/Set_Email_Connection' successfully&#xD;
&#xD;
2019-08-21 14:46:00 - [TEST_CASE][PASSED] - Test Cases/Sysadmin Portal/Domain/EmailConnection/Set_Email_Connection: Test Cases/Sysadmin Portal/Domain/EmailConnection/Set_Email_Connection&#xD;
&#xD;
2019-08-21 14:46:00 - [TEST_STEP][NOT_RUN] - callTestCase(findTestCase("Sysadmin Login Page/login_Sysadmin"), [:], STOP_ON_FAILURE): NOT_RUN: callTestCase(findTestCase("Sysadmin Login Page/login_Sysadmin"), [:], STOP_ON_FAILURE)&#xD;
&#xD;
2019-08-21 14:46:00 - [MESSAGE][NOT_RUN] - NOT_RUN: callTestCase(findTestCase("Sysadmin Login Page/login_Sysadmin"), [:], STOP_ON_FAILURE)&#xD;
&#xD;
2019-08-21 14:46:00 - [TEST_STEP][PASSED] - navigateToUrl(url_sysadmin): Navigate to 'http://192.168.1.97:8095/' successfully&#xD;
&#xD;
2019-08-21 14:46:00 - [MESSAGE][PASSED] - Navigate to 'http://192.168.1.97:8095/' successfully&#xD;
&#xD;
2019-08-21 14:46:00 - [TEST_STEP][PASSED] - delay(2): Delayed 2 second(s)&#xD;
&#xD;
2019-08-21 14:46:02 - [MESSAGE][PASSED] - Delayed 2 second(s)&#xD;
&#xD;
2019-08-21 14:46:02 - [TEST_STEP][PASSED] - click(findTestObject("Sysadmin Portal/Domain/Page_Welcome - EOS/a_Domain")): Object: 'Object Repository/Sysadmin Portal/Domain/Page_Welcome - EOS/a_Domain' is clicked on&#xD;
&#xD;
2019-08-21 14:46:02 - [MESSAGE][PASSED] - Object: 'Object Repository/Sysadmin Portal/Domain/Page_Welcome - EOS/a_Domain' is clicked on&#xD;
&#xD;
2019-08-21 14:46:02 - [TEST_STEP][PASSED] - delay(2): Delayed 2 second(s)&#xD;
&#xD;
2019-08-21 14:46:04 - [MESSAGE][PASSED] - Delayed 2 second(s)&#xD;
&#xD;
2019-08-21 14:46:04 - [TEST_STEP][PASSED] - click(findTestObject("Sysadmin Portal/Domain/Links/button_Email")): Object: 'Object Repository/Sysadmin Portal/Domain/Links/button_Email' is clicked on&#xD;
&#xD;
2019-08-21 14:46:04 - [MESSAGE][PASSED] - Object: 'Object Repository/Sysadmin Portal/Domain/Links/button_Email' is clicked on&#xD;
&#xD;
2019-08-21 14:46:04 - [TEST_STEP][PASSED] - setText(findTestObject("Sysadmin Portal/Domain/Page_Email/input_smtpUserNameTxt"), "test.notifications@ecrion.com", CONTINUE_ON_FAILURE): Text 'test.notifications@ecrion.com' is set on object 'Object Repository/Sysadmin Portal/Domain/Page_Email/input_smtpUserNameTxt'&#xD;
&#xD;
2019-08-21 14:46:05 - [MESSAGE][PASSED] - Text 'test.notifications@ecrion.com' is set on object 'Object Repository/Sysadmin Portal/Domain/Page_Email/input_smtpUserNameTxt'&#xD;
&#xD;
2019-08-21 14:46:05 - [TEST_STEP][PASSED] - setText(findTestObject("Sysadmin Portal/Domain/Page_Email/input_smtpHostTxt"), "smtp.office365.com", CONTINUE_ON_FAILURE): Text 'smtp.office365.com' is set on object 'Object Repository/Sysadmin Portal/Domain/Page_Email/input_smtpHostTxt'&#xD;
&#xD;
2019-08-21 14:46:05 - [MESSAGE][PASSED] - Text 'smtp.office365.com' is set on object 'Object Repository/Sysadmin Portal/Domain/Page_Email/input_smtpHostTxt'&#xD;
&#xD;
2019-08-21 14:46:05 - [TEST_STEP][PASSED] - setText(findTestObject("Sysadmin Portal/Domain/Page_Email/input_smtpPasswordTxt"), "3cr1oN123456", CONTINUE_ON_FAILURE): Text '3cr1oN123456' is set on object 'Object Repository/Sysadmin Portal/Domain/Page_Email/input_smtpPasswordTxt'&#xD;
&#xD;
2019-08-21 14:46:05 - [MESSAGE][PASSED] - Text '3cr1oN123456' is set on object 'Object Repository/Sysadmin Portal/Domain/Page_Email/input_smtpPasswordTxt'&#xD;
&#xD;
2019-08-21 14:46:05 - [TEST_STEP][PASSED] - setText(findTestObject("Sysadmin Portal/Domain/Page_Email/input_smtpFromTxt"), "test.notifications@ecrion.com", CONTINUE_ON_FAILURE): Text 'test.notifications@ecrion.com' is set on object 'Object Repository/Sysadmin Portal/Domain/Page_Email/input_smtpFromTxt'&#xD;
&#xD;
2019-08-21 14:46:06 - [MESSAGE][PASSED] - Text 'test.notifications@ecrion.com' is set on object 'Object Repository/Sysadmin Portal/Domain/Page_Email/input_smtpFromTxt'&#xD;
&#xD;
2019-08-21 14:46:06 - [TEST_STEP][PASSED] - setText(findTestObject("Sysadmin Portal/Domain/Page_Email/input_smtpPortTxt"), "587"): Text '587' is set on object 'Object Repository/Sysadmin Portal/Domain/Page_Email/input_smtpPortTxt'&#xD;
&#xD;
2019-08-21 14:46:06 - [MESSAGE][PASSED] - Text '587' is set on object 'Object Repository/Sysadmin Portal/Domain/Page_Email/input_smtpPortTxt'&#xD;
&#xD;
2019-08-21 14:46:06 - [TEST_STEP][PASSED] - check(findTestObject("Sysadmin Portal/Domain/Page_Email/input_smtpSSL"), CONTINUE_ON_FAILURE): Object 'Object Repository/Sysadmin Portal/Domain/Page_Email/input_smtpSSL' is checked&#xD;
&#xD;
2019-08-21 14:46:06 - [MESSAGE][PASSED] - Object 'Object Repository/Sysadmin Portal/Domain/Page_Email/input_smtpSSL' is checked&#xD;
&#xD;
2019-08-21 14:46:06 - [TEST_STEP][PASSED] - click(findTestObject("Admin/SettingsSysinternalsEmail/button_Test Connection"), CONTINUE_ON_FAILURE): Object: 'Object Repository/Admin/SettingsSysinternalsEmail/button_Test Connection' is clicked on&#xD;
&#xD;
2019-08-21 14:46:06 - [MESSAGE][PASSED] - Object: 'Object Repository/Admin/SettingsSysinternalsEmail/button_Test Connection' is clicked on&#xD;
&#xD;
2019-08-21 14:46:06 - [TEST_STEP][PASSED] - delay(1, STOP_ON_FAILURE): Delayed 1 second(s)&#xD;
&#xD;
2019-08-21 14:46:07 - [MESSAGE][PASSED] - Delayed 1 second(s)&#xD;
&#xD;
2019-08-21 14:46:07 - [TEST_STEP][PASSED] - verifyElementVisible(findTestObject("Sysadmin Portal/Domain/Page_Email/alert_Connection_Ok")): Object 'Object Repository/Sysadmin Portal/Domain/Page_Email/alert_Connection_Ok' is visible&#xD;
&#xD;
2019-08-21 14:46:07 - [MESSAGE][PASSED] - Object 'Object Repository/Sysadmin Portal/Domain/Page_Email/alert_Connection_Ok' is visible&#xD;
&#xD;
2019-08-21 14:46:07 - [MESSAGE][PASSED] - Call Test Case 'Test Cases/Sysadmin Portal/Domain/EmailConnection/Set_Email_Connection' successfully&#xD;
&#xD;
2019-08-21 14:46:07 - [TEST_STEP][PASSED] - delay(3, CONTINUE_ON_FAILURE): Delayed 3 second(s)&#xD;
&#xD;
2019-08-21 14:46:10 - [MESSAGE][PASSED] - Delayed 3 second(s)&#xD;
&#xD;
2019-08-21 14:46:10 - [TEST_STEP][PASSED] - callTestCase(findTestCase("Sysadmin Portal/Domain/AmazonConnection/Create_Amazon_Connection"), ["variable":url_sysadmin], CONTINUE_ON_FAILURE): Call Test Case 'Test Cases/Sysadmin Portal/Domain/AmazonConnection/Create_Amazon_Connection' successfully&#xD;
&#xD;
2019-08-21 14:46:10 - [TEST_CASE][PASSED] - Test Cases/Sysadmin Portal/Domain/AmazonConnection/Create_Amazon_Connection: Test Cases/Sysadmin Portal/Domain/AmazonConnection/Create_Amazon_Connection&#xD;
&#xD;
2019-08-21 14:46:11 - [TEST_STEP][NOT_RUN] - callTestCase(findTestCase("Sysadmin Login Page/login_Sysadmin"), [:], STOP_ON_FAILURE): NOT_RUN: callTestCase(findTestCase("Sysadmin Login Page/login_Sysadmin"), [:], STOP_ON_FAILURE)&#xD;
&#xD;
2019-08-21 14:46:11 - [MESSAGE][NOT_RUN] - NOT_RUN: callTestCase(findTestCase("Sysadmin Login Page/login_Sysadmin"), [:], STOP_ON_FAILURE)&#xD;
&#xD;
2019-08-21 14:46:11 - [TEST_STEP][NOT_RUN] - navigateToUrl(url_sysadmin, CONTINUE_ON_FAILURE): NOT_RUN: navigateToUrl(url_sysadmin, CONTINUE_ON_FAILURE)&#xD;
&#xD;
2019-08-21 14:46:11 - [MESSAGE][NOT_RUN] - NOT_RUN: navigateToUrl(url_sysadmin, CONTINUE_ON_FAILURE)&#xD;
&#xD;
2019-08-21 14:46:11 - [TEST_STEP][NOT_RUN] - delay(2): NOT_RUN: delay(2)&#xD;
&#xD;
2019-08-21 14:46:11 - [MESSAGE][NOT_RUN] - NOT_RUN: delay(2)&#xD;
&#xD;
2019-08-21 14:46:11 - [TEST_STEP][NOT_RUN] - click(findTestObject("Sysadmin Portal/Domain/Page_Welcome - EOS/a_Domain"), CONTINUE_ON_FAILURE): NOT_RUN: click(findTestObject("Sysadmin Portal/Domain/Page_Welcome - EOS/a_Domain"), CONTINUE_ON_FAILURE)&#xD;
&#xD;
2019-08-21 14:46:11 - [MESSAGE][NOT_RUN] - NOT_RUN: click(findTestObject("Sysadmin Portal/Domain/Page_Welcome - EOS/a_Domain"), CONTINUE_ON_FAILURE)&#xD;
&#xD;
2019-08-21 14:46:11 - [TEST_STEP][PASSED] - back(CONTINUE_ON_FAILURE): Navigate back successfully&#xD;
&#xD;
2019-08-21 14:46:11 - [MESSAGE][PASSED] - Navigate back successfully&#xD;
&#xD;
2019-08-21 14:46:11 - [TEST_STEP][PASSED] - delay(2, CONTINUE_ON_FAILURE): Delayed 2 second(s)&#xD;
&#xD;
2019-08-21 14:46:13 - [MESSAGE][PASSED] - Delayed 2 second(s)&#xD;
&#xD;
2019-08-21 14:46:13 - [TEST_STEP][PASSED] - click(findTestObject("Sysadmin Portal/Domain/Links/button_Amazon"), CONTINUE_ON_FAILURE): Object: 'Object Repository/Sysadmin Portal/Domain/Links/button_Amazon' is clicked on&#xD;
&#xD;
2019-08-21 14:46:13 - [MESSAGE][PASSED] - Object: 'Object Repository/Sysadmin Portal/Domain/Links/button_Amazon' is clicked on&#xD;
&#xD;
2019-08-21 14:46:13 - [TEST_STEP][PASSED] - setText(findTestObject("Sysadmin Portal/Domain/Page_Amazon/input_AWS access key"), AmazonAccessKeyID, CONTINUE_ON_FAILURE): Text 'AKIAIOTZM25A57BK3Z6A' is set on object 'Object Repository/Sysadmin Portal/Domain/Page_Amazon/input_AWS access key'&#xD;
&#xD;
2019-08-21 14:46:13 - [MESSAGE][PASSED] - Text 'AKIAIOTZM25A57BK3Z6A' is set on object 'Object Repository/Sysadmin Portal/Domain/Page_Amazon/input_AWS access key'&#xD;
&#xD;
2019-08-21 14:46:13 - [TEST_STEP][NOT_RUN] - delay(1, CONTINUE_ON_FAILURE): NOT_RUN: delay(1, CONTINUE_ON_FAILURE)&#xD;
&#xD;
2019-08-21 14:46:13 - [MESSAGE][NOT_RUN] - NOT_RUN: delay(1, CONTINUE_ON_FAILURE)&#xD;
&#xD;
2019-08-21 14:46:13 - [TEST_STEP][NOT_RUN] - verifyElementText(findTestObject("Sysadmin Portal/Domain/Page_Amazon/message_Saved_AWSAccesKey"), "Saved", CONTINUE_ON_FAILURE): NOT_RUN: verifyElementText(findTestObject("Sysadmin Portal/Domain/Page_Amazon/message_Saved_AWSAccesKey"), "Saved", CONTINUE_ON_FAILURE)&#xD;
&#xD;
2019-08-21 14:46:13 - [MESSAGE][NOT_RUN] - NOT_RUN: verifyElementText(findTestObject("Sysadmin Portal/Domain/Page_Amazon/message_Saved_AWSAccesKey"), "Saved", CONTINUE_ON_FAILURE)&#xD;
&#xD;
2019-08-21 14:46:13 - [TEST_STEP][PASSED] - setText(findTestObject("Sysadmin Portal/Domain/Page_Amazon/input_AWS secret access key"), AWSSecretAccessKey, CONTINUE_ON_FAILURE): Text 's+xlU92Ni2V4pVWthe6JpBQGsHtX82IPt3jkUXbE' is set on object 'Object Repository/Sysadmin Portal/Domain/Page_Amazon/input_AWS secret access key'&#xD;
&#xD;
2019-08-21 14:46:13 - [MESSAGE][PASSED] - Text 's+xlU92Ni2V4pVWthe6JpBQGsHtX82IPt3jkUXbE' is set on object 'Object Repository/Sysadmin Portal/Domain/Page_Amazon/input_AWS secret access key'&#xD;
&#xD;
2019-08-21 14:46:13 - [TEST_STEP][NOT_RUN] - delay(1, CONTINUE_ON_FAILURE): NOT_RUN: delay(1, CONTINUE_ON_FAILURE)&#xD;
&#xD;
2019-08-21 14:46:13 - [MESSAGE][NOT_RUN] - NOT_RUN: delay(1, CONTINUE_ON_FAILURE)&#xD;
&#xD;
2019-08-21 14:46:13 - [TEST_STEP][NOT_RUN] - verifyElementText(findTestObject("Sysadmin Portal/Domain/Page_Amazon/message_Saved_AWSSecretKey"), "Saved", CONTINUE_ON_FAILURE): NOT_RUN: verifyElementText(findTestObject("Sysadmin Portal/Domain/Page_Amazon/message_Saved_AWSSecretKey"), "Saved", CONTINUE_ON_FAILURE)&#xD;
&#xD;
2019-08-21 14:46:13 - [MESSAGE][NOT_RUN] - NOT_RUN: verifyElementText(findTestObject("Sysadmin Portal/Domain/Page_Amazon/message_Saved_AWSSecretKey"), "Saved", CONTINUE_ON_FAILURE)&#xD;
&#xD;
2019-08-21 14:46:13 - [TEST_STEP][PASSED] - selectOptionByValue(findTestObject("Sysadmin Portal/Domain/Page_Amazon/select_Region"), "USEast1", false, CONTINUE_ON_FAILURE): All options with value 'USEast1' are selected in object 'Object Repository/Sysadmin Portal/Domain/Page_Amazon/select_Region' &#xD;
&#xD;
2019-08-21 14:46:13 - [MESSAGE][PASSED] - All options with value 'USEast1' are selected in object 'Object Repository/Sysadmin Portal/Domain/Page_Amazon/select_Region' &#xD;
&#xD;
2019-08-21 14:46:13 - [TEST_STEP][PASSED] - delay(1, CONTINUE_ON_FAILURE): Delayed 1 second(s)&#xD;
&#xD;
2019-08-21 14:46:14 - [MESSAGE][PASSED] - Delayed 1 second(s)&#xD;
&#xD;
2019-08-21 14:46:14 - [MESSAGE][PASSED] - Call Test Case 'Test Cases/Sysadmin Portal/Domain/AmazonConnection/Create_Amazon_Connection' successfully&#xD;
&#xD;
2019-08-21 14:46:14 - [TEST_STEP][PASSED] - delay(3, CONTINUE_ON_FAILURE): Delayed 3 second(s)&#xD;
&#xD;
2019-08-21 14:46:17 - [MESSAGE][PASSED] - Delayed 3 second(s)&#xD;
&#xD;
2019-08-21 14:46:17 - [TEST_STEP][PASSED] - callTestCase(findTestCase("Sysadmin Portal/Edit Account/Edit Account"), [:], CONTINUE_ON_FAILURE): Call Test Case 'Test Cases/Sysadmin Portal/Edit Account/Edit Account' successfully&#xD;
&#xD;
2019-08-21 14:46:17 - [TEST_CASE][PASSED] - Test Cases/Sysadmin Portal/Edit Account/Edit Account: Test Cases/Sysadmin Portal/Edit Account/Edit Account&#xD;
&#xD;
2019-08-21 14:46:18 - [TEST_STEP][NOT_RUN] - callTestCase(findTestCase("Sysadmin Login Page/login_Sysadmin"), [:], CONTINUE_ON_FAILURE): NOT_RUN: callTestCase(findTestCase("Sysadmin Login Page/login_Sysadmin"), [:], CONTINUE_ON_FAILURE)&#xD;
&#xD;
2019-08-21 14:46:18 - [MESSAGE][NOT_RUN] - NOT_RUN: callTestCase(findTestCase("Sysadmin Login Page/login_Sysadmin"), [:], CONTINUE_ON_FAILURE)&#xD;
&#xD;
2019-08-21 14:46:18 - [TEST_STEP][NOT_RUN] - delay(2): NOT_RUN: delay(2)&#xD;
&#xD;
2019-08-21 14:46:18 - [MESSAGE][NOT_RUN] - NOT_RUN: delay(2)&#xD;
&#xD;
2019-08-21 14:46:18 - [TEST_STEP][PASSED] - click(findTestObject("Sysadmin Portal/Sysadmin dropdown"), CONTINUE_ON_FAILURE): Object: 'Object Repository/Sysadmin Portal/Sysadmin dropdown' is clicked on&#xD;
&#xD;
2019-08-21 14:46:18 - [MESSAGE][PASSED] - Object: 'Object Repository/Sysadmin Portal/Sysadmin dropdown' is clicked on&#xD;
&#xD;
2019-08-21 14:46:18 - [TEST_STEP][PASSED] - delay(1): Delayed 1 second(s)&#xD;
&#xD;
2019-08-21 14:46:19 - [MESSAGE][PASSED] - Delayed 1 second(s)&#xD;
&#xD;
2019-08-21 14:46:19 - [TEST_STEP][PASSED] - click(findTestObject("Sysadmin Portal/Sysadmin_dropdown/Sys_Dropdown_Edit Account"), CONTINUE_ON_FAILURE): Object: 'Object Repository/Sysadmin Portal/Sysadmin_dropdown/Sys_Dropdown_Edit Account' is clicked on&#xD;
&#xD;
2019-08-21 14:46:19 - [MESSAGE][PASSED] - Object: 'Object Repository/Sysadmin Portal/Sysadmin_dropdown/Sys_Dropdown_Edit Account' is clicked on&#xD;
&#xD;
2019-08-21 14:46:19 - [TEST_STEP][PASSED] - verifyElementAttributeValue(findTestObject("Sysadmin Portal/Sysadmin_dropdown/Edit Account Window/input_userNameTxt"), "readonly", "true", 0, CONTINUE_ON_FAILURE): Object 'Object Repository/Sysadmin Portal/Sysadmin_dropdown/Edit Account Window/input_userNameTxt' has attribute 'readonly' with value 'true'&#xD;
&#xD;
2019-08-21 14:46:19 - [MESSAGE][WARNING] - Timeout '0' is invalid. Using default page load timeout: '5'&#xD;
&#xD;
2019-08-21 14:46:19 - [MESSAGE][PASSED] - Object 'Object Repository/Sysadmin Portal/Sysadmin_dropdown/Edit Account Window/input_userNameTxt' has attribute 'readonly' with value 'true'&#xD;
&#xD;
2019-08-21 14:46:19 - [TEST_STEP][PASSED] - delay(1, CONTINUE_ON_FAILURE): Delayed 1 second(s)&#xD;
&#xD;
2019-08-21 14:46:20 - [MESSAGE][PASSED] - Delayed 1 second(s)&#xD;
&#xD;
2019-08-21 14:46:20 - [TEST_STEP][PASSED] - click(findTestObject("Object Repository/Page_Welcome - EOS/button_Change Password"), CONTINUE_ON_FAILURE): Object: 'Object Repository/Page_Welcome - EOS/button_Change Password' is clicked on&#xD;
&#xD;
2019-08-21 14:46:20 - [MESSAGE][PASSED] - Object: 'Object Repository/Page_Welcome - EOS/button_Change Password' is clicked on&#xD;
&#xD;
2019-08-21 14:46:20 - [TEST_STEP][PASSED] - delay(1, CONTINUE_ON_FAILURE): Delayed 1 second(s)&#xD;
&#xD;
2019-08-21 14:46:21 - [MESSAGE][PASSED] - Delayed 1 second(s)&#xD;
&#xD;
2019-08-21 14:46:21 - [TEST_STEP][PASSED] - setText(findTestObject("Sysadmin Portal/Sysadmin_dropdown/Edit Account Window/input_oldPasswordTxt"), "sysadmi", CONTINUE_ON_FAILURE): Text 'sysadmi' is set on object 'Object Repository/Sysadmin Portal/Sysadmin_dropdown/Edit Account Window/input_oldPasswordTxt'&#xD;
&#xD;
2019-08-21 14:46:21 - [MESSAGE][PASSED] - Text 'sysadmi' is set on object 'Object Repository/Sysadmin Portal/Sysadmin_dropdown/Edit Account Window/input_oldPasswordTxt'&#xD;
&#xD;
2019-08-21 14:46:21 - [TEST_STEP][PASSED] - setText(findTestObject("Sysadmin Portal/Sysadmin_dropdown/Edit Account Window/input_newPasswordTxt"), "sysadmin", CONTINUE_ON_FAILURE): Text 'sysadmin' is set on object 'Object Repository/Sysadmin Portal/Sysadmin_dropdown/Edit Account Window/input_newPasswordTxt'&#xD;
&#xD;
2019-08-21 14:46:21 - [MESSAGE][PASSED] - Text 'sysadmin' is set on object 'Object Repository/Sysadmin Portal/Sysadmin_dropdown/Edit Account Window/input_newPasswordTxt'&#xD;
&#xD;
2019-08-21 14:46:21 - [TEST_STEP][PASSED] - setText(findTestObject("Sysadmin Portal/Sysadmin_dropdown/Edit Account Window/input_confirmPasswordTxt"), "sysadmin", CONTINUE_ON_FAILURE): Text 'sysadmin' is set on object 'Object Repository/Sysadmin Portal/Sysadmin_dropdown/Edit Account Window/input_confirmPasswordTxt'&#xD;
&#xD;
2019-08-21 14:46:21 - [MESSAGE][PASSED] - Text 'sysadmin' is set on object 'Object Repository/Sysadmin Portal/Sysadmin_dropdown/Edit Account Window/input_confirmPasswordTxt'&#xD;
&#xD;
2019-08-21 14:46:21 - [TEST_STEP][PASSED] - delay(1, CONTINUE_ON_FAILURE): Delayed 1 second(s)&#xD;
&#xD;
2019-08-21 14:46:22 - [MESSAGE][PASSED] - Delayed 1 second(s)&#xD;
&#xD;
2019-08-21 14:46:22 - [TEST_STEP][PASSED] - click(findTestObject("Object Repository/Page_Welcome - EOS/button_OK_1"), CONTINUE_ON_FAILURE): Object: 'Object Repository/Page_Welcome - EOS/button_OK_1' is clicked on&#xD;
&#xD;
2019-08-21 14:46:22 - [MESSAGE][PASSED] - Object: 'Object Repository/Page_Welcome - EOS/button_OK_1' is clicked on&#xD;
&#xD;
2019-08-21 14:46:22 - [TEST_STEP][PASSED] - waitForElementVisible(findTestObject("Sysadmin Portal/Sysadmin_dropdown/Edit Account Window/message_OldPassError"), 5, CONTINUE_ON_FAILURE): Object 'Object Repository/Sysadmin Portal/Sysadmin_dropdown/Edit Account Window/message_OldPassError' is visible&#xD;
&#xD;
2019-08-21 14:46:23 - [MESSAGE][PASSED] - Object 'Object Repository/Sysadmin Portal/Sysadmin_dropdown/Edit Account Window/message_OldPassError' is visible&#xD;
&#xD;
2019-08-21 14:46:23 - [TEST_STEP][PASSED] - verifyElementVisible(findTestObject("Sysadmin Portal/Sysadmin_dropdown/Edit Account Window/message_OldPassError"), CONTINUE_ON_FAILURE): Object 'Object Repository/Sysadmin Portal/Sysadmin_dropdown/Edit Account Window/message_OldPassError' is visible&#xD;
&#xD;
2019-08-21 14:46:23 - [MESSAGE][PASSED] - Object 'Object Repository/Sysadmin Portal/Sysadmin_dropdown/Edit Account Window/message_OldPassError' is visible&#xD;
&#xD;
2019-08-21 14:46:23 - [TEST_STEP][PASSED] - verifyElementText(findTestObject("Sysadmin Portal/Sysadmin_dropdown/Edit Account Window/message_OldPassError"), "Cannot change password. The old password does not match the one you have entered.", CONTINUE_ON_FAILURE): Actual text and expected text of test object 'Object Repository/Sysadmin Portal/Sysadmin_dropdown/Edit Account Window/message_OldPassError' are matched.&#xD;
&#xD;
2019-08-21 14:46:23 - [MESSAGE][PASSED] - Actual text and expected text of test object 'Object Repository/Sysadmin Portal/Sysadmin_dropdown/Edit Account Window/message_OldPassError' are matched.&#xD;
&#xD;
2019-08-21 14:46:23 - [TEST_STEP][PASSED] - delay(1, CONTINUE_ON_FAILURE): Delayed 1 second(s)&#xD;
&#xD;
2019-08-21 14:46:24 - [MESSAGE][PASSED] - Delayed 1 second(s)&#xD;
&#xD;
2019-08-21 14:46:24 - [TEST_STEP][PASSED] - setText(findTestObject("Sysadmin Portal/Sysadmin_dropdown/Edit Account Window/input_oldPasswordTxt"), "sysadmin", CONTINUE_ON_FAILURE): Text 'sysadmin' is set on object 'Object Repository/Sysadmin Portal/Sysadmin_dropdown/Edit Account Window/input_oldPasswordTxt'&#xD;
&#xD;
2019-08-21 14:46:24 - [MESSAGE][PASSED] - Text 'sysadmin' is set on object 'Object Repository/Sysadmin Portal/Sysadmin_dropdown/Edit Account Window/input_oldPasswordTxt'&#xD;
&#xD;
2019-08-21 14:46:24 - [TEST_STEP][PASSED] - click(findTestObject("Object Repository/Page_Welcome - EOS/button_OK_1"), CONTINUE_ON_FAILURE): Object: 'Object Repository/Page_Welcome - EOS/button_OK_1' is clicked on&#xD;
&#xD;
2019-08-21 14:46:24 - [MESSAGE][PASSED] - Object: 'Object Repository/Page_Welcome - EOS/button_OK_1' is clicked on&#xD;
&#xD;
2019-08-21 14:46:24 - [TEST_STEP][PASSED] - setText(findTestObject("Sysadmin Portal/Sysadmin_dropdown/Edit Account Window/input_emailTxtName"), Email_Admin, CONTINUE_ON_FAILURE): Text 'bogdan.eremia@ecrion.com' is set on object 'Object Repository/Sysadmin Portal/Sysadmin_dropdown/Edit Account Window/input_emailTxtName'&#xD;
&#xD;
2019-08-21 14:46:24 - [MESSAGE][PASSED] - Text 'bogdan.eremia@ecrion.com' is set on object 'Object Repository/Sysadmin Portal/Sysadmin_dropdown/Edit Account Window/input_emailTxtName'&#xD;
&#xD;
2019-08-21 14:46:24 - [TEST_STEP][PASSED] - click(findTestObject("Sysadmin Portal/Sysadmin_dropdown/Edit Account Window/button_OK"), CONTINUE_ON_FAILURE): Object: 'Object Repository/Sysadmin Portal/Sysadmin_dropdown/Edit Account Window/button_OK' is clicked on&#xD;
&#xD;
2019-08-21 14:46:24 - [MESSAGE][PASSED] - Object: 'Object Repository/Sysadmin Portal/Sysadmin_dropdown/Edit Account Window/button_OK' is clicked on&#xD;
&#xD;
2019-08-21 14:46:24 - [TEST_STEP][PASSED] - closeBrowser(CONTINUE_ON_FAILURE): Browser is closed&#xD;
&#xD;
2019-08-21 14:46:25 - [MESSAGE][PASSED] - Browser is closed&#xD;
&#xD;
2019-08-21 14:46:25 - [MESSAGE][PASSED] - Call Test Case 'Test Cases/Sysadmin Portal/Edit Account/Edit Account' successfully&#xD;
&#xD;
2019-08-21 14:46:25 - [TEST_STEP][PASSED] - delay(3, CONTINUE_ON_FAILURE): Delayed 3 second(s)&#xD;
&#xD;
2019-08-21 14:46:28 - [MESSAGE][PASSED] - Delayed 3 second(s)&#xD;
&#xD;
2019-08-21 14:46:28 - [TEST_STEP][PASSED] - callTestCase(findTestCase("Sysadmin Login Page/Reset password"), [:], CONTINUE_ON_FAILURE): Call Test Case 'Test Cases/Sysadmin Login Page/Reset password' successfully&#xD;
&#xD;
2019-08-21 14:46:28 - [TEST_CASE][PASSED] - Test Cases/Sysadmin Login Page/Reset password: Test Cases/Sysadmin Login Page/Reset password&#xD;
&#xD;
2019-08-21 14:46:28 - [TEST_STEP][PASSED] - openBrowser(url_sysadmin, CONTINUE_ON_FAILURE): Browser is opened with url: 'http://192.168.1.97:8095/'&#xD;
&#xD;
2019-08-21 14:46:28 - [MESSAGE][INFO] - Starting 'Chrome' driver&#xD;
&#xD;
2019-08-21 14:46:30 - [MESSAGE][PASSED] - Browser is opened with url: 'http://192.168.1.97:8095/'&#xD;
&#xD;
2019-08-21 14:46:30 - [TEST_STEP][PASSED] - maximizeWindow(CONTINUE_ON_FAILURE): Current window maximized&#xD;
&#xD;
2019-08-21 14:46:31 - [MESSAGE][PASSED] - Current window maximized&#xD;
&#xD;
2019-08-21 14:46:31 - [TEST_STEP][PASSED] - click(findTestObject("Sysadmin Login Page/button_Forgot Password"), CONTINUE_ON_FAILURE): Object: 'Object Repository/Sysadmin Login Page/button_Forgot Password' is clicked on&#xD;
&#xD;
2019-08-21 14:46:32 - [MESSAGE][PASSED] - Object: 'Object Repository/Sysadmin Login Page/button_Forgot Password' is clicked on&#xD;
&#xD;
2019-08-21 14:46:32 - [TEST_STEP][PASSED] - delay(1): Delayed 1 second(s)&#xD;
&#xD;
2019-08-21 14:46:33 - [MESSAGE][PASSED] - Delayed 1 second(s)&#xD;
&#xD;
2019-08-21 14:46:33 - [TEST_STEP][PASSED] - verifyElementVisible(findTestObject("Sysadmin Login Page/Forgot Password Window/Title"), CONTINUE_ON_FAILURE): Object 'Object Repository/Sysadmin Login Page/Forgot Password Window/Title' is visible&#xD;
&#xD;
2019-08-21 14:46:33 - [MESSAGE][PASSED] - Object 'Object Repository/Sysadmin Login Page/Forgot Password Window/Title' is visible&#xD;
&#xD;
2019-08-21 14:46:33 - [TEST_STEP][PASSED] - verifyElementVisible(findTestObject("Sysadmin Login Page/Forgot Password Window/label_Email"), CONTINUE_ON_FAILURE): Object 'Object Repository/Sysadmin Login Page/Forgot Password Window/label_Email' is visible&#xD;
&#xD;
2019-08-21 14:46:33 - [MESSAGE][PASSED] - Object 'Object Repository/Sysadmin Login Page/Forgot Password Window/label_Email' is visible&#xD;
&#xD;
2019-08-21 14:46:33 - [TEST_STEP][PASSED] - verifyElementVisible(findTestObject("Sysadmin Login Page/Forgot Password Window/Email textbox"), CONTINUE_ON_FAILURE): Object 'Object Repository/Sysadmin Login Page/Forgot Password Window/Email textbox' is visible&#xD;
&#xD;
2019-08-21 14:46:33 - [MESSAGE][PASSED] - Object 'Object Repository/Sysadmin Login Page/Forgot Password Window/Email textbox' is visible&#xD;
&#xD;
2019-08-21 14:46:33 - [TEST_STEP][PASSED] - verifyElementClickable(findTestObject("Sysadmin Login Page/Forgot Password Window/Cancel_Button"), CONTINUE_ON_FAILURE): Object 'Object Repository/Sysadmin Login Page/Forgot Password Window/Cancel_Button' is clickable&#xD;
&#xD;
2019-08-21 14:46:33 - [MESSAGE][PASSED] - Object 'Object Repository/Sysadmin Login Page/Forgot Password Window/Cancel_Button' is clickable&#xD;
&#xD;
2019-08-21 14:46:33 - [TEST_STEP][PASSED] - verifyElementClickable(findTestObject("Sysadmin Login Page/Forgot Password Window/Close window X button"), CONTINUE_ON_FAILURE): Object 'Object Repository/Sysadmin Login Page/Forgot Password Window/Close window X button' is clickable&#xD;
&#xD;
2019-08-21 14:46:33 - [MESSAGE][PASSED] - Object 'Object Repository/Sysadmin Login Page/Forgot Password Window/Close window X button' is clickable&#xD;
&#xD;
2019-08-21 14:46:33 - [TEST_STEP][PASSED] - setText(findTestObject("Sysadmin Login Page/Forgot Password Window/Email textbox"), "asdasdw123@asd.com", CONTINUE_ON_FAILURE): Text 'asdasdw123@asd.com' is set on object 'Object Repository/Sysadmin Login Page/Forgot Password Window/Email textbox'&#xD;
&#xD;
2019-08-21 14:46:33 - [MESSAGE][PASSED] - Text 'asdasdw123@asd.com' is set on object 'Object Repository/Sysadmin Login Page/Forgot Password Window/Email textbox'&#xD;
&#xD;
2019-08-21 14:46:33 - [TEST_STEP][PASSED] - click(findTestObject("Sysadmin Login Page/Forgot Password Window/Send_button"), CONTINUE_ON_FAILURE): Object: 'Object Repository/Sysadmin Login Page/Forgot Password Window/Send_button' is clicked on&#xD;
&#xD;
2019-08-21 14:46:33 - [MESSAGE][PASSED] - Object: 'Object Repository/Sysadmin Login Page/Forgot Password Window/Send_button' is clicked on&#xD;
&#xD;
2019-08-21 14:46:33 - [TEST_STEP][PASSED] - waitForElementVisible(findTestObject("Sysadmin Login Page/Forgot Password Window/message_InvalidUser"), 3, CONTINUE_ON_FAILURE): Object 'Object Repository/Sysadmin Login Page/Forgot Password Window/message_InvalidUser' is visible&#xD;
&#xD;
2019-08-21 14:46:33 - [MESSAGE][PASSED] - Object 'Object Repository/Sysadmin Login Page/Forgot Password Window/message_InvalidUser' is visible&#xD;
&#xD;
2019-08-21 14:46:33 - [TEST_STEP][PASSED] - verifyElementVisible(findTestObject("Sysadmin Login Page/Forgot Password Window/message_InvalidUser"), CONTINUE_ON_FAILURE): Object 'Object Repository/Sysadmin Login Page/Forgot Password Window/message_InvalidUser' is visible&#xD;
&#xD;
2019-08-21 14:46:33 - [MESSAGE][PASSED] - Object 'Object Repository/Sysadmin Login Page/Forgot Password Window/message_InvalidUser' is visible&#xD;
&#xD;
2019-08-21 14:46:33 - [TEST_STEP][PASSED] - verifyElementText(findTestObject("Sysadmin Login Page/Forgot Password Window/message_InvalidUser"), "Password cannot be reset. Invalid user.", CONTINUE_ON_FAILURE): Actual text and expected text of test object 'Object Repository/Sysadmin Login Page/Forgot Password Window/message_InvalidUser' are matched.&#xD;
&#xD;
2019-08-21 14:46:34 - [MESSAGE][PASSED] - Actual text and expected text of test object 'Object Repository/Sysadmin Login Page/Forgot Password Window/message_InvalidUser' are matched.&#xD;
&#xD;
2019-08-21 14:46:34 - [TEST_STEP][PASSED] - setText(findTestObject("Sysadmin Login Page/Forgot Password Window/Email textbox"), Email_Admin, CONTINUE_ON_FAILURE): Text 'bogdan.eremia@ecrion.com' is set on object 'Object Repository/Sysadmin Login Page/Forgot Password Window/Email textbox'&#xD;
&#xD;
2019-08-21 14:46:34 - [MESSAGE][PASSED] - Text 'bogdan.eremia@ecrion.com' is set on object 'Object Repository/Sysadmin Login Page/Forgot Password Window/Email textbox'&#xD;
&#xD;
2019-08-21 14:46:34 - [TEST_STEP][PASSED] - click(findTestObject("Sysadmin Login Page/Forgot Password Window/Send_button"), CONTINUE_ON_FAILURE): Object: 'Object Repository/Sysadmin Login Page/Forgot Password Window/Send_button' is clicked on&#xD;
&#xD;
2019-08-21 14:46:34 - [MESSAGE][PASSED] - Object: 'Object Repository/Sysadmin Login Page/Forgot Password Window/Send_button' is clicked on&#xD;
&#xD;
2019-08-21 14:46:34 - [TEST_STEP][PASSED] - waitForElementVisible(findTestObject("Sysadmin Login Page/Forgot Password Window/message_Email Sent"), 40): Object 'Object Repository/Sysadmin Login Page/Forgot Password Window/message_Email Sent' is visible&#xD;
&#xD;
2019-08-21 14:46:41 - [MESSAGE][PASSED] - Object 'Object Repository/Sysadmin Login Page/Forgot Password Window/message_Email Sent' is visible&#xD;
&#xD;
2019-08-21 14:46:41 - [TEST_STEP][PASSED] - verifyElementText(findTestObject("Sysadmin Login Page/Forgot Password Window/message_Email Sent"), "Email sent with instructions on how to reset your password. Check your inbox.", CONTINUE_ON_FAILURE): Actual text and expected text of test object 'Object Repository/Sysadmin Login Page/Forgot Password Window/message_Email Sent' are matched.&#xD;
&#xD;
2019-08-21 14:46:41 - [MESSAGE][PASSED] - Actual text and expected text of test object 'Object Repository/Sysadmin Login Page/Forgot Password Window/message_Email Sent' are matched.&#xD;
&#xD;
2019-08-21 14:46:41 - [TEST_STEP][PASSED] - verifyElementText(findTestObject("Sysadmin Login Page/Forgot Password Window/button_OK"), "OK", CONTINUE_ON_FAILURE): Actual text and expected text of test object 'Object Repository/Sysadmin Login Page/Forgot Password Window/button_OK' are matched.&#xD;
&#xD;
2019-08-21 14:46:41 - [MESSAGE][PASSED] - Actual text and expected text of test object 'Object Repository/Sysadmin Login Page/Forgot Password Window/button_OK' are matched.&#xD;
&#xD;
2019-08-21 14:46:41 - [TEST_STEP][PASSED] - click(findTestObject("Sysadmin Login Page/Forgot Password Window/button_OK"), CONTINUE_ON_FAILURE): Object: 'Object Repository/Sysadmin Login Page/Forgot Password Window/button_OK' is clicked on&#xD;
&#xD;
2019-08-21 14:46:41 - [MESSAGE][PASSED] - Object: 'Object Repository/Sysadmin Login Page/Forgot Password Window/button_OK' is clicked on&#xD;
&#xD;
2019-08-21 14:46:41 - [TEST_STEP][PASSED] - closeBrowser(): Browser is closed&#xD;
&#xD;
2019-08-21 14:46:42 - [MESSAGE][PASSED] - Browser is closed&#xD;
&#xD;
2019-08-21 14:46:42 - [MESSAGE][PASSED] - Call Test Case 'Test Cases/Sysadmin Login Page/Reset password' successfully&#xD;
&#xD;
2019-08-21 14:46:42 - [TEST_STEP][PASSED] - windowsCommands.taskKill.kill_service(): windowsCommands.taskKill.kill_service is PASSED&#xD;
&#xD;
2019-08-21 14:46:42 - [MESSAGE][PASSED] - windowsCommands.taskKill.kill_service is PASSED&#xD;
&#xD;
2019-08-21 14:46:42 - [TEST_STEP][PASSED] - Start listener action : sampleAfterTestCase: null</system-out>
            <system-err></system-err>
        </testcase>
        <testcase name="Test Cases/TESTCASE COLLECTIONS/Admin - Testcases" classname="Test Cases/TESTCASE COLLECTIONS/Admin - Testcases" status="PASSED">
            <system-out>2019-08-21 14:46:42 - [TEST_CASE][PASSED] - Test Cases/TESTCASE COLLECTIONS/Admin - Testcases: Test Cases/TESTCASE COLLECTIONS/Admin - Testcases&#xD;
&#xD;
2019-08-21 14:46:42 - [TEST_STEP][PASSED] - callTestCase(findTestCase("Admin/Admin_Settings"), [:], CONTINUE_ON_FAILURE): Call Test Case 'Test Cases/Admin/Admin_Settings' successfully&#xD;
&#xD;
2019-08-21 14:46:42 - [TEST_CASE][PASSED] - Test Cases/Admin/Admin_Settings: Test Cases/Admin/Admin_Settings&#xD;
&#xD;
2019-08-21 14:46:42 - [TEST_STEP][PASSED] - callTestCase(findTestCase("Admin/Login_sysinternals"), [:], CONTINUE_ON_FAILURE): Call Test Case 'Test Cases/Admin/Login_sysinternals' successfully&#xD;
&#xD;
2019-08-21 14:46:42 - [TEST_CASE][PASSED] - Test Cases/Admin/Login_sysinternals: Test Cases/Admin/Login_sysinternals&#xD;
&#xD;
2019-08-21 14:46:42 - [TEST_STEP][PASSED] - callTestCase(findTestCase("Main Login Page/login_Enterprise"), [:], CONTINUE_ON_FAILURE): Call Test Case 'Test Cases/Main Login Page/login_Enterprise' successfully&#xD;
&#xD;
2019-08-21 14:46:42 - [TEST_CASE][PASSED] - Test Cases/Main Login Page/login_Enterprise: Test Cases/Main Login Page/login_Enterprise&#xD;
&#xD;
2019-08-21 14:46:42 - [TEST_STEP][PASSED] - openBrowser(url_enterprise, STOP_ON_FAILURE): Browser is opened with url: 'http://192.168.1.97:8094/'&#xD;
&#xD;
2019-08-21 14:46:42 - [MESSAGE][INFO] - Starting 'Chrome' driver&#xD;
&#xD;
2019-08-21 14:46:45 - [MESSAGE][PASSED] - Browser is opened with url: 'http://192.168.1.97:8094/'&#xD;
&#xD;
2019-08-21 14:46:45 - [TEST_STEP][PASSED] - maximizeWindow(): Current window maximized&#xD;
&#xD;
2019-08-21 14:46:46 - [MESSAGE][PASSED] - Current window maximized&#xD;
&#xD;
2019-08-21 14:46:46 - [TEST_STEP][PASSED] - setText(findTestObject("Main Login Page/input_userName"), Username_Admin, CONTINUE_ON_FAILURE): Text 'Ere' is set on object 'Object Repository/Main Login Page/input_userName'&#xD;
&#xD;
2019-08-21 14:46:46 - [MESSAGE][PASSED] - Text 'Ere' is set on object 'Object Repository/Main Login Page/input_userName'&#xD;
&#xD;
2019-08-21 14:46:46 - [TEST_STEP][PASSED] - setText(findTestObject("Main Login Page/input_password"), Password_Admin, CONTINUE_ON_FAILURE): Text 'ere123' is set on object 'Object Repository/Main Login Page/input_password'&#xD;
&#xD;
2019-08-21 14:46:46 - [MESSAGE][PASSED] - Text 'ere123' is set on object 'Object Repository/Main Login Page/input_password'&#xD;
&#xD;
2019-08-21 14:46:46 - [TEST_STEP][PASSED] - click(findTestObject("Main Login Page/button_Sign in"), CONTINUE_ON_FAILURE): Object: 'Object Repository/Main Login Page/button_Sign in' is clicked on&#xD;
&#xD;
2019-08-21 14:46:46 - [MESSAGE][PASSED] - Object: 'Object Repository/Main Login Page/button_Sign in' is clicked on&#xD;
&#xD;
2019-08-21 14:46:46 - [TEST_STEP][PASSED] - delay(1, CONTINUE_ON_FAILURE): Delayed 1 second(s)&#xD;
&#xD;
2019-08-21 14:46:47 - [MESSAGE][PASSED] - Delayed 1 second(s)&#xD;
&#xD;
2019-08-21 14:46:47 - [TEST_STEP][PASSED] - if (verifyElementVisible(findTestObject("Main Login Page/Multiple environments/Environment Selector"), OPTIONAL)): Delayed 2 second(s)&#xD;
&#xD;
2019-08-21 14:46:48 - [MESSAGE][PASSED] - Object 'Object Repository/Main Login Page/Multiple environments/Environment Selector' is visible&#xD;
&#xD;
2019-08-21 14:46:48 - [TEST_STEP][NOT_RUN] - delay(1, CONTINUE_ON_FAILURE): NOT_RUN: delay(1, CONTINUE_ON_FAILURE)&#xD;
&#xD;
2019-08-21 14:46:48 - [MESSAGE][NOT_RUN] - NOT_RUN: delay(1, CONTINUE_ON_FAILURE)&#xD;
&#xD;
2019-08-21 14:46:48 - [TEST_STEP][PASSED] - waitForElementClickable(findTestObject("Main Login Page/Multiple environments/button_Continue"), 0, CONTINUE_ON_FAILURE): Object 'Object Repository/Main Login Page/Multiple environments/button_Continue' is clickable&#xD;
&#xD;
2019-08-21 14:46:48 - [MESSAGE][WARNING] - Timeout '0' is invalid. Using default page load timeout: '5'&#xD;
&#xD;
2019-08-21 14:46:48 - [MESSAGE][PASSED] - Object 'Object Repository/Main Login Page/Multiple environments/button_Continue' is clickable&#xD;
&#xD;
2019-08-21 14:46:48 - [TEST_STEP][PASSED] - click(findTestObject("Main Login Page/Multiple environments/Environment Selector"), CONTINUE_ON_FAILURE): Object: 'Object Repository/Main Login Page/Multiple environments/Environment Selector' is clicked on&#xD;
&#xD;
2019-08-21 14:46:48 - [MESSAGE][PASSED] - Object: 'Object Repository/Main Login Page/Multiple environments/Environment Selector' is clicked on&#xD;
&#xD;
2019-08-21 14:46:48 - [TEST_STEP][PASSED] - waitForElementVisible(findTestObject("Main Login Page/Multiple environments/button_Continue"), 1, CONTINUE_ON_FAILURE): Object 'Object Repository/Main Login Page/Multiple environments/button_Continue' is visible&#xD;
&#xD;
2019-08-21 14:46:48 - [MESSAGE][PASSED] - Object 'Object Repository/Main Login Page/Multiple environments/button_Continue' is visible&#xD;
&#xD;
2019-08-21 14:46:48 - [TEST_STEP][PASSED] - click(findTestObject("Main Login Page/Multiple environments/button_Continue"), CONTINUE_ON_FAILURE): Object: 'Object Repository/Main Login Page/Multiple environments/button_Continue' is clicked on&#xD;
&#xD;
2019-08-21 14:46:48 - [MESSAGE][PASSED] - Object: 'Object Repository/Main Login Page/Multiple environments/button_Continue' is clicked on&#xD;
&#xD;
2019-08-21 14:46:48 - [TEST_STEP][PASSED] - delay(2, CONTINUE_ON_FAILURE): Delayed 2 second(s)&#xD;
&#xD;
2019-08-21 14:46:50 - [MESSAGE][PASSED] - Delayed 2 second(s)&#xD;
&#xD;
2019-08-21 14:46:50 - [MESSAGE][PASSED] - Call Test Case 'Test Cases/Main Login Page/login_Enterprise' successfully&#xD;
&#xD;
2019-08-21 14:46:50 - [TEST_STEP][PASSED] - delay(3, CONTINUE_ON_FAILURE): Delayed 3 second(s)&#xD;
&#xD;
2019-08-21 14:46:53 - [MESSAGE][PASSED] - Delayed 3 second(s)&#xD;
&#xD;
2019-08-21 14:46:53 - [TEST_STEP][PASSED] - click(findTestObject("Admin/a_Admin"), CONTINUE_ON_FAILURE): Object: 'Object Repository/Admin/a_Admin' is clicked on&#xD;
&#xD;
2019-08-21 14:46:53 - [MESSAGE][PASSED] - Object: 'Object Repository/Admin/a_Admin' is clicked on&#xD;
&#xD;
2019-08-21 14:46:53 - [TEST_STEP][PASSED] - delay(3, CONTINUE_ON_FAILURE): Delayed 3 second(s)&#xD;
&#xD;
2019-08-21 14:46:56 - [MESSAGE][PASSED] - Delayed 3 second(s)&#xD;
&#xD;
2019-08-21 14:46:56 - [TEST_STEP][PASSED] - verifyElementText(findTestObject("Admin/SettingsHome/Home_Text"), "General", CONTINUE_ON_FAILURE): Actual text and expected text of test object 'Object Repository/Admin/SettingsHome/Home_Text' are matched.&#xD;
&#xD;
2019-08-21 14:46:56 - [MESSAGE][PASSED] - Actual text and expected text of test object 'Object Repository/Admin/SettingsHome/Home_Text' are matched.&#xD;
&#xD;
2019-08-21 14:46:56 - [TEST_STEP][PASSED] - verifyElementText(findTestObject("Admin/SettingsHome/Advanced_text"), "Advanced", CONTINUE_ON_FAILURE): Actual text and expected text of test object 'Object Repository/Admin/SettingsHome/Advanced_text' are matched.&#xD;
&#xD;
2019-08-21 14:46:56 - [MESSAGE][PASSED] - Actual text and expected text of test object 'Object Repository/Admin/SettingsHome/Advanced_text' are matched.&#xD;
&#xD;
2019-08-21 14:46:56 - [TEST_STEP][PASSED] - verifyElementVisible(findTestObject("Admin/SettingsHome/Timezone_text"), CONTINUE_ON_FAILURE): Object 'Object Repository/Admin/SettingsHome/Timezone_text' is visible&#xD;
&#xD;
2019-08-21 14:46:56 - [MESSAGE][PASSED] - Object 'Object Repository/Admin/SettingsHome/Timezone_text' is visible&#xD;
&#xD;
2019-08-21 14:46:56 - [TEST_STEP][PASSED] - verifyElementVisible(findTestObject("Admin/SettingsHome/Show Internals_text"), CONTINUE_ON_FAILURE): Object 'Object Repository/Admin/SettingsHome/Show Internals_text' is visible&#xD;
&#xD;
2019-08-21 14:46:56 - [MESSAGE][PASSED] - Object 'Object Repository/Admin/SettingsHome/Show Internals_text' is visible&#xD;
&#xD;
2019-08-21 14:46:56 - [TEST_STEP][PASSED] - if (verifyElementNotChecked(findTestObject("Admin/SettingsHome/input_showSysinternals"), 1, OPTIONAL)): Object 'Object Repository/Admin/SettingsHome/input_showSysinternals' is checked&#xD;
&#xD;
2019-08-21 14:46:56 - [MESSAGE][PASSED] - Object 'Object Repository/Admin/SettingsHome/input_showSysinternals' is not checked&#xD;
&#xD;
2019-08-21 14:46:56 - [TEST_STEP][PASSED] - check(findTestObject("Admin/SettingsHome/input_showSysinternals"), CONTINUE_ON_FAILURE): Object 'Object Repository/Admin/SettingsHome/input_showSysinternals' is checked&#xD;
&#xD;
2019-08-21 14:46:56 - [MESSAGE][PASSED] - Object 'Object Repository/Admin/SettingsHome/input_showSysinternals' is checked&#xD;
&#xD;
2019-08-21 14:46:56 - [TEST_STEP][PASSED] - click(findTestObject("Admin/SettingsHome/Sysinternals_Button"), CONTINUE_ON_FAILURE): Object: 'Object Repository/Admin/SettingsHome/Sysinternals_Button' is clicked on&#xD;
&#xD;
2019-08-21 14:46:57 - [MESSAGE][PASSED] - Object: 'Object Repository/Admin/SettingsHome/Sysinternals_Button' is clicked on&#xD;
&#xD;
2019-08-21 14:46:57 - [TEST_STEP][PASSED] - callTestCase(findTestCase("Admin/verifyElements_Sysinternals"), [:], STOP_ON_FAILURE): Call Test Case 'Test Cases/Admin/verifyElements_Sysinternals' successfully&#xD;
&#xD;
2019-08-21 14:46:57 - [TEST_CASE][PASSED] - Test Cases/Admin/verifyElements_Sysinternals: Test Cases/Admin/verifyElements_Sysinternals&#xD;
&#xD;
2019-08-21 14:46:57 - [TEST_STEP][PASSED] - verifyElementText(findTestObject("Admin/SettingsSysinternals/Configuration_text"), "Configuration", CONTINUE_ON_FAILURE): Actual text and expected text of test object 'Object Repository/Admin/SettingsSysinternals/Configuration_text' are matched.&#xD;
&#xD;
2019-08-21 14:46:57 - [MESSAGE][PASSED] - Actual text and expected text of test object 'Object Repository/Admin/SettingsSysinternals/Configuration_text' are matched.&#xD;
&#xD;
2019-08-21 14:46:57 - [TEST_STEP][PASSED] - verifyElementText(findTestObject("Admin/SettingsSysinternals/Connections_text"), "Connections", CONTINUE_ON_FAILURE): Actual text and expected text of test object 'Object Repository/Admin/SettingsSysinternals/Connections_text' are matched.&#xD;
&#xD;
2019-08-21 14:46:57 - [MESSAGE][PASSED] - Actual text and expected text of test object 'Object Repository/Admin/SettingsSysinternals/Connections_text' are matched.&#xD;
&#xD;
2019-08-21 14:46:57 - [TEST_STEP][PASSED] - verifyElementText(findTestObject("Admin/SettingsSysinternals/Warning_text"), "Warning: Use only when instructed by Ecrion Technical Support. Using Sysinternals incorrectly may result in serious problems and data loss.", CONTINUE_ON_FAILURE): Actual text and expected text of test object 'Object Repository/Admin/SettingsSysinternals/Warning_text' are matched.&#xD;
&#xD;
2019-08-21 14:46:57 - [MESSAGE][PASSED] - Actual text and expected text of test object 'Object Repository/Admin/SettingsSysinternals/Warning_text' are matched.&#xD;
&#xD;
2019-08-21 14:46:57 - [TEST_STEP][PASSED] - verifyElementText(findTestObject("Admin/SettingsSysinternals/Workspaces_text"), "Workspaces", CONTINUE_ON_FAILURE): Actual text and expected text of test object 'Object Repository/Admin/SettingsSysinternals/Workspaces_text' are matched.&#xD;
&#xD;
2019-08-21 14:46:57 - [MESSAGE][PASSED] - Actual text and expected text of test object 'Object Repository/Admin/SettingsSysinternals/Workspaces_text' are matched.&#xD;
&#xD;
2019-08-21 14:46:57 - [TEST_STEP][PASSED] - verifyElementVisible(findTestObject("Admin/SettingsSysinternals/a_Email"), CONTINUE_ON_FAILURE): Object 'Object Repository/Admin/SettingsSysinternals/a_Email' is visible&#xD;
&#xD;
2019-08-21 14:46:57 - [MESSAGE][PASSED] - Object 'Object Repository/Admin/SettingsSysinternals/a_Email' is visible&#xD;
&#xD;
2019-08-21 14:46:57 - [TEST_STEP][PASSED] - verifyElementVisible(findTestObject("Admin/SettingsSysinternals/a_Amazon S3"), CONTINUE_ON_FAILURE): Object 'Object Repository/Admin/SettingsSysinternals/a_Amazon S3' is visible&#xD;
&#xD;
2019-08-21 14:46:57 - [MESSAGE][PASSED] - Object 'Object Repository/Admin/SettingsSysinternals/a_Amazon S3' is visible&#xD;
&#xD;
2019-08-21 14:46:57 - [TEST_STEP][PASSED] - verifyElementVisible(findTestObject("Admin/SettingsSysinternals/a_Audit"), CONTINUE_ON_FAILURE): Object 'Object Repository/Admin/SettingsSysinternals/a_Audit' is visible&#xD;
&#xD;
2019-08-21 14:46:57 - [MESSAGE][PASSED] - Object 'Object Repository/Admin/SettingsSysinternals/a_Audit' is visible&#xD;
&#xD;
2019-08-21 14:46:57 - [TEST_STEP][PASSED] - verifyElementVisible(findTestObject("Admin/SettingsSysinternals/a_Custom Paths"), CONTINUE_ON_FAILURE): Object 'Object Repository/Admin/SettingsSysinternals/a_Custom Paths' is visible&#xD;
&#xD;
2019-08-21 14:46:57 - [MESSAGE][PASSED] - Object 'Object Repository/Admin/SettingsSysinternals/a_Custom Paths' is visible&#xD;
&#xD;
2019-08-21 14:46:57 - [TEST_STEP][PASSED] - verifyElementVisible(findTestObject("Admin/SettingsSysinternals/a_Database"), CONTINUE_ON_FAILURE): Object 'Object Repository/Admin/SettingsSysinternals/a_Database' is visible&#xD;
&#xD;
2019-08-21 14:46:57 - [MESSAGE][PASSED] - Object 'Object Repository/Admin/SettingsSysinternals/a_Database' is visible&#xD;
&#xD;
2019-08-21 14:46:57 - [TEST_STEP][PASSED] - verifyElementVisible(findTestObject("Admin/SettingsSysinternals/a_Document DB"), CONTINUE_ON_FAILURE): Object 'Object Repository/Admin/SettingsSysinternals/a_Document DB' is visible&#xD;
&#xD;
2019-08-21 14:46:57 - [MESSAGE][PASSED] - Object 'Object Repository/Admin/SettingsSysinternals/a_Document DB' is visible&#xD;
&#xD;
2019-08-21 14:46:57 - [TEST_STEP][PASSED] - verifyElementVisible(findTestObject("Admin/SettingsSysinternals/a_Docusign"), CONTINUE_ON_FAILURE): Object 'Object Repository/Admin/SettingsSysinternals/a_Docusign' is visible&#xD;
&#xD;
2019-08-21 14:46:57 - [MESSAGE][PASSED] - Object 'Object Repository/Admin/SettingsSysinternals/a_Docusign' is visible&#xD;
&#xD;
2019-08-21 14:46:57 - [TEST_STEP][PASSED] - verifyElementVisible(findTestObject("Admin/SettingsSysinternals/a_Environment Variables"), CONTINUE_ON_FAILURE): Object 'Object Repository/Admin/SettingsSysinternals/a_Environment Variables' is visible&#xD;
&#xD;
2019-08-21 14:46:57 - [MESSAGE][PASSED] - Object 'Object Repository/Admin/SettingsSysinternals/a_Environment Variables' is visible&#xD;
&#xD;
2019-08-21 14:46:57 - [TEST_STEP][PASSED] - verifyElementVisible(findTestObject("Admin/SettingsSysinternals/a_Facebook"), CONTINUE_ON_FAILURE): Object 'Object Repository/Admin/SettingsSysinternals/a_Facebook' is visible&#xD;
&#xD;
2019-08-21 14:46:58 - [MESSAGE][PASSED] - Object 'Object Repository/Admin/SettingsSysinternals/a_Facebook' is visible&#xD;
&#xD;
2019-08-21 14:46:58 - [TEST_STEP][PASSED] - verifyElementVisible(findTestObject("Admin/SettingsSysinternals/a_Forms"), CONTINUE_ON_FAILURE): Object 'Object Repository/Admin/SettingsSysinternals/a_Forms' is visible&#xD;
&#xD;
2019-08-21 14:46:58 - [MESSAGE][PASSED] - Object 'Object Repository/Admin/SettingsSysinternals/a_Forms' is visible&#xD;
&#xD;
2019-08-21 14:46:58 - [TEST_STEP][PASSED] - verifyElementVisible(findTestObject("Admin/SettingsSysinternals/a_FTPFTPS"), CONTINUE_ON_FAILURE): Object 'Object Repository/Admin/SettingsSysinternals/a_FTPFTPS' is visible&#xD;
&#xD;
2019-08-21 14:46:58 - [MESSAGE][PASSED] - Object 'Object Repository/Admin/SettingsSysinternals/a_FTPFTPS' is visible&#xD;
&#xD;
2019-08-21 14:46:58 - [TEST_STEP][PASSED] - verifyElementVisible(findTestObject("Admin/SettingsSysinternals/a_Microsoft Dynamics CRM"), CONTINUE_ON_FAILURE): Object 'Object Repository/Admin/SettingsSysinternals/a_Microsoft Dynamics CRM' is visible&#xD;
&#xD;
2019-08-21 14:46:58 - [MESSAGE][PASSED] - Object 'Object Repository/Admin/SettingsSysinternals/a_Microsoft Dynamics CRM' is visible&#xD;
&#xD;
2019-08-21 14:46:58 - [TEST_STEP][PASSED] - verifyElementVisible(findTestObject("Admin/SettingsSysinternals/a_Portal"), CONTINUE_ON_FAILURE): Object 'Object Repository/Admin/SettingsSysinternals/a_Portal' is visible&#xD;
&#xD;
2019-08-21 14:46:58 - [MESSAGE][PASSED] - Object 'Object Repository/Admin/SettingsSysinternals/a_Portal' is visible&#xD;
&#xD;
2019-08-21 14:46:58 - [TEST_STEP][PASSED] - verifyElementVisible(findTestObject("Admin/SettingsSysinternals/a_Profiles"), CONTINUE_ON_FAILURE): Object 'Object Repository/Admin/SettingsSysinternals/a_Profiles' is visible&#xD;
&#xD;
2019-08-21 14:46:58 - [MESSAGE][PASSED] - Object 'Object Repository/Admin/SettingsSysinternals/a_Profiles' is visible&#xD;
&#xD;
2019-08-21 14:46:58 - [TEST_STEP][PASSED] - verifyElementVisible(findTestObject("Admin/SettingsSysinternals/a_Salesforce"), CONTINUE_ON_FAILURE): Object 'Object Repository/Admin/SettingsSysinternals/a_Salesforce' is visible&#xD;
&#xD;
2019-08-21 14:46:58 - [MESSAGE][PASSED] - Object 'Object Repository/Admin/SettingsSysinternals/a_Salesforce' is visible&#xD;
&#xD;
2019-08-21 14:46:58 - [TEST_STEP][PASSED] - verifyElementVisible(findTestObject("Admin/SettingsSysinternals/a_SFTP"), CONTINUE_ON_FAILURE): Object 'Object Repository/Admin/SettingsSysinternals/a_SFTP' is visible&#xD;
&#xD;
2019-08-21 14:46:58 - [MESSAGE][PASSED] - Object 'Object Repository/Admin/SettingsSysinternals/a_SFTP' is visible&#xD;
&#xD;
2019-08-21 14:46:58 - [TEST_STEP][PASSED] - verifyElementVisible(findTestObject("Admin/SettingsSysinternals/a_Sharepoint"), CONTINUE_ON_FAILURE): Object 'Object Repository/Admin/SettingsSysinternals/a_Sharepoint' is visible&#xD;
&#xD;
2019-08-21 14:46:58 - [MESSAGE][PASSED] - Object 'Object Repository/Admin/SettingsSysinternals/a_Sharepoint' is visible&#xD;
&#xD;
2019-08-21 14:46:58 - [TEST_STEP][PASSED] - verifyElementVisible(findTestObject("Admin/SettingsSysinternals/a_SMS"), CONTINUE_ON_FAILURE): Object 'Object Repository/Admin/SettingsSysinternals/a_SMS' is visible&#xD;
&#xD;
2019-08-21 14:46:58 - [MESSAGE][PASSED] - Object 'Object Repository/Admin/SettingsSysinternals/a_SMS' is visible&#xD;
&#xD;
2019-08-21 14:46:58 - [TEST_STEP][PASSED] - verifyElementVisible(findTestObject("Admin/SettingsSysinternals/a_SSO"), CONTINUE_ON_FAILURE): Object 'Object Repository/Admin/SettingsSysinternals/a_SSO' is visible&#xD;
&#xD;
2019-08-21 14:46:58 - [MESSAGE][PASSED] - Object 'Object Repository/Admin/SettingsSysinternals/a_SSO' is visible&#xD;
&#xD;
2019-08-21 14:46:58 - [TEST_STEP][PASSED] - verifyElementVisible(findTestObject("Admin/SettingsSysinternals/a_Tags"), CONTINUE_ON_FAILURE): Object 'Object Repository/Admin/SettingsSysinternals/a_Tags' is visible&#xD;
&#xD;
2019-08-21 14:46:58 - [MESSAGE][PASSED] - Object 'Object Repository/Admin/SettingsSysinternals/a_Tags' is visible&#xD;
&#xD;
2019-08-21 14:46:58 - [TEST_STEP][PASSED] - verifyElementVisible(findTestObject("Admin/SettingsSysinternals/a_Tasks"), CONTINUE_ON_FAILURE): Object 'Object Repository/Admin/SettingsSysinternals/a_Tasks' is visible&#xD;
&#xD;
2019-08-21 14:46:58 - [MESSAGE][PASSED] - Object 'Object Repository/Admin/SettingsSysinternals/a_Tasks' is visible&#xD;
&#xD;
2019-08-21 14:46:58 - [TEST_STEP][PASSED] - verifyElementVisible(findTestObject("Admin/SettingsSysinternals/a_Views"), CONTINUE_ON_FAILURE): Object 'Object Repository/Admin/SettingsSysinternals/a_Views' is visible&#xD;
&#xD;
2019-08-21 14:46:58 - [MESSAGE][PASSED] - Object 'Object Repository/Admin/SettingsSysinternals/a_Views' is visible&#xD;
&#xD;
2019-08-21 14:46:58 - [TEST_STEP][PASSED] - verifyElementVisible(findTestObject("Admin/SettingsSysinternals/Page_Sysinternals - Workspaces/a_Execution Log"), CONTINUE_ON_FAILURE): Object 'Object Repository/Admin/SettingsSysinternals/Page_Sysinternals - Workspaces/a_Execution Log' is visible&#xD;
&#xD;
2019-08-21 14:46:58 - [MESSAGE][PASSED] - Object 'Object Repository/Admin/SettingsSysinternals/Page_Sysinternals - Workspaces/a_Execution Log' is visible&#xD;
&#xD;
2019-08-21 14:46:58 - [TEST_STEP][PASSED] - verifyElementVisible(findTestObject("Admin/SettingsSysinternals/Page_Sysinternals - Workspaces/a_Jobs"), CONTINUE_ON_FAILURE): Object 'Object Repository/Admin/SettingsSysinternals/Page_Sysinternals - Workspaces/a_Jobs' is visible&#xD;
&#xD;
2019-08-21 14:46:58 - [MESSAGE][PASSED] - Object 'Object Repository/Admin/SettingsSysinternals/Page_Sysinternals - Workspaces/a_Jobs' is visible&#xD;
&#xD;
2019-08-21 14:46:58 - [TEST_STEP][PASSED] - verifyElementVisible(findTestObject("Admin/SettingsSysinternals/Page_Sysinternals - Workspaces/a_Schedules"), CONTINUE_ON_FAILURE): Object 'Object Repository/Admin/SettingsSysinternals/Page_Sysinternals - Workspaces/a_Schedules' is visible&#xD;
&#xD;
2019-08-21 14:46:58 - [MESSAGE][PASSED] - Object 'Object Repository/Admin/SettingsSysinternals/Page_Sysinternals - Workspaces/a_Schedules' is visible&#xD;
&#xD;
2019-08-21 14:46:58 - [TEST_STEP][PASSED] - verifyElementVisible(findTestObject("Admin/SettingsSysinternals/Page_Sysinternals - Workspaces/a_Sync Log"), CONTINUE_ON_FAILURE): Object 'Object Repository/Admin/SettingsSysinternals/Page_Sysinternals - Workspaces/a_Sync Log' is visible&#xD;
&#xD;
2019-08-21 14:46:58 - [MESSAGE][PASSED] - Object 'Object Repository/Admin/SettingsSysinternals/Page_Sysinternals - Workspaces/a_Sync Log' is visible&#xD;
&#xD;
2019-08-21 14:46:58 - [TEST_STEP][PASSED] - verifyElementVisible(findTestObject("Admin/SettingsSysinternals/Page_Sysinternals - Workspaces/a_Triggers"), CONTINUE_ON_FAILURE): Object 'Object Repository/Admin/SettingsSysinternals/Page_Sysinternals - Workspaces/a_Triggers' is visible&#xD;
&#xD;
2019-08-21 14:46:59 - [MESSAGE][PASSED] - Object 'Object Repository/Admin/SettingsSysinternals/Page_Sysinternals - Workspaces/a_Triggers' is visible&#xD;
&#xD;
2019-08-21 14:46:59 - [TEST_STEP][PASSED] - verifyElementVisible(findTestObject("Admin/SettingsSysinternals/Page_Sysinternals - Workspaces/input_Show Activities_showActivities"), CONTINUE_ON_FAILURE): Object 'Object Repository/Admin/SettingsSysinternals/Page_Sysinternals - Workspaces/input_Show Activities_showActivities' is visible&#xD;
&#xD;
2019-08-21 14:46:59 - [MESSAGE][PASSED] - Object 'Object Repository/Admin/SettingsSysinternals/Page_Sysinternals - Workspaces/input_Show Activities_showActivities' is visible&#xD;
&#xD;
2019-08-21 14:46:59 - [MESSAGE][PASSED] - Call Test Case 'Test Cases/Admin/verifyElements_Sysinternals' successfully&#xD;
&#xD;
2019-08-21 14:46:59 - [TEST_STEP][PASSED] - if (verifyElementNotChecked(findTestObject("Admin/SettingsSysinternals/Page_Sysinternals - Workspaces/input_Show Activities_showActivities"), 1, OPTIONAL)): Object 'Object Repository/Admin/SettingsSysinternals/Page_Sysinternals - Workspaces/input_Show Activities_showActivities' is checked&#xD;
&#xD;
2019-08-21 14:46:59 - [MESSAGE][PASSED] - Object 'Object Repository/Admin/SettingsSysinternals/Page_Sysinternals - Workspaces/input_Show Activities_showActivities' is not checked&#xD;
&#xD;
2019-08-21 14:46:59 - [TEST_STEP][PASSED] - check(findTestObject("Admin/SettingsSysinternals/Page_Sysinternals - Workspaces/input_Show Activities_showActivities"), STOP_ON_FAILURE): Object 'Object Repository/Admin/SettingsSysinternals/Page_Sysinternals - Workspaces/input_Show Activities_showActivities' is checked&#xD;
&#xD;
2019-08-21 14:46:59 - [MESSAGE][PASSED] - Object 'Object Repository/Admin/SettingsSysinternals/Page_Sysinternals - Workspaces/input_Show Activities_showActivities' is checked&#xD;
&#xD;
2019-08-21 14:46:59 - [MESSAGE][PASSED] - Call Test Case 'Test Cases/Admin/Login_sysinternals' successfully&#xD;
&#xD;
2019-08-21 14:46:59 - [TEST_STEP][PASSED] - callTestCase(findTestCase("Admin/Create_EmailConnection"), [:], CONTINUE_ON_FAILURE): Call Test Case 'Test Cases/Admin/Create_EmailConnection' successfully&#xD;
&#xD;
2019-08-21 14:46:59 - [TEST_CASE][PASSED] - Test Cases/Admin/Create_EmailConnection: Test Cases/Admin/Create_EmailConnection&#xD;
&#xD;
2019-08-21 14:46:59 - [TEST_STEP][PASSED] - click(findTestObject("Admin/SettingsSysinternals/a_Email"), CONTINUE_ON_FAILURE): Object: 'Object Repository/Admin/SettingsSysinternals/a_Email' is clicked on&#xD;
&#xD;
2019-08-21 14:46:59 - [MESSAGE][PASSED] - Object: 'Object Repository/Admin/SettingsSysinternals/a_Email' is clicked on&#xD;
&#xD;
2019-08-21 14:46:59 - [TEST_STEP][PASSED] - waitForPageLoad(3, CONTINUE_ON_FAILURE): Wait for page load successfully&#xD;
&#xD;
2019-08-21 14:46:59 - [MESSAGE][PASSED] - Wait for page load successfully&#xD;
&#xD;
2019-08-21 14:46:59 - [TEST_STEP][PASSED] - verifyElementText(findTestObject("Admin/SettingsSysinternalsEmail/h2_Email Connections"), "Email Connections", CONTINUE_ON_FAILURE): Actual text and expected text of test object 'Object Repository/Admin/SettingsSysinternalsEmail/h2_Email Connections' are matched.&#xD;
&#xD;
2019-08-21 14:46:59 - [MESSAGE][PASSED] - Actual text and expected text of test object 'Object Repository/Admin/SettingsSysinternalsEmail/h2_Email Connections' are matched.&#xD;
&#xD;
2019-08-21 14:46:59 - [TEST_STEP][PASSED] - verifyElementText(findTestObject("Admin/SettingsSysinternalsEmail/span_Create and manage email c"), "Create and manage email connections.", CONTINUE_ON_FAILURE): Actual text and expected text of test object 'Object Repository/Admin/SettingsSysinternalsEmail/span_Create and manage email c' are matched.&#xD;
&#xD;
2019-08-21 14:46:59 - [MESSAGE][PASSED] - Actual text and expected text of test object 'Object Repository/Admin/SettingsSysinternalsEmail/span_Create and manage email c' are matched.&#xD;
&#xD;
2019-08-21 14:46:59 - [TEST_STEP][PASSED] - verifyElementText(findTestObject("Admin/SettingsSysinternalsEmail/span_Create and manage email c"), "Create and manage email connections.", CONTINUE_ON_FAILURE): Actual text and expected text of test object 'Object Repository/Admin/SettingsSysinternalsEmail/span_Create and manage email c' are matched.&#xD;
&#xD;
2019-08-21 14:46:59 - [MESSAGE][PASSED] - Actual text and expected text of test object 'Object Repository/Admin/SettingsSysinternalsEmail/span_Create and manage email c' are matched.&#xD;
&#xD;
2019-08-21 14:46:59 - [TEST_STEP][PASSED] - verifyElementText(findTestObject("Admin/SettingsSysinternalsEmail/th_Name"), "Name", CONTINUE_ON_FAILURE): Actual text and expected text of test object 'Object Repository/Admin/SettingsSysinternalsEmail/th_Name' are matched.&#xD;
&#xD;
2019-08-21 14:46:59 - [MESSAGE][PASSED] - Actual text and expected text of test object 'Object Repository/Admin/SettingsSysinternalsEmail/th_Name' are matched.&#xD;
&#xD;
2019-08-21 14:46:59 - [TEST_STEP][PASSED] - verifyElementText(findTestObject("Admin/SettingsSysinternalsEmail/th_Status"), "Status", CONTINUE_ON_FAILURE): Actual text and expected text of test object 'Object Repository/Admin/SettingsSysinternalsEmail/th_Status' are matched.&#xD;
&#xD;
2019-08-21 14:46:59 - [MESSAGE][PASSED] - Actual text and expected text of test object 'Object Repository/Admin/SettingsSysinternalsEmail/th_Status' are matched.&#xD;
&#xD;
2019-08-21 14:46:59 - [TEST_STEP][PASSED] - verifyElementText(findTestObject("Admin/SettingsSysinternalsEmail/th_Type"), "Type", CONTINUE_ON_FAILURE): Actual text and expected text of test object 'Object Repository/Admin/SettingsSysinternalsEmail/th_Type' are matched.&#xD;
&#xD;
2019-08-21 14:46:59 - [MESSAGE][PASSED] - Actual text and expected text of test object 'Object Repository/Admin/SettingsSysinternalsEmail/th_Type' are matched.&#xD;
&#xD;
2019-08-21 14:46:59 - [TEST_STEP][PASSED] - verifyElementText(findTestObject("Admin/SettingsSysinternalsEmail/td_No items"), "No items", CONTINUE_ON_FAILURE): Actual text and expected text of test object 'Object Repository/Admin/SettingsSysinternalsEmail/td_No items' are matched.&#xD;
&#xD;
2019-08-21 14:46:59 - [MESSAGE][PASSED] - Actual text and expected text of test object 'Object Repository/Admin/SettingsSysinternalsEmail/td_No items' are matched.&#xD;
&#xD;
2019-08-21 14:46:59 - [TEST_STEP][PASSED] - verifyElementAttributeValue(findTestObject("Admin/SettingsSysinternalsEmail/button_New Connection"), "title", "New Connection", 2, CONTINUE_ON_FAILURE): Object 'Object Repository/Admin/SettingsSysinternalsEmail/button_New Connection' has attribute 'title' with value 'New Connection'&#xD;
&#xD;
2019-08-21 14:47:00 - [MESSAGE][PASSED] - Object 'Object Repository/Admin/SettingsSysinternalsEmail/button_New Connection' has attribute 'title' with value 'New Connection'&#xD;
&#xD;
2019-08-21 14:47:00 - [TEST_STEP][PASSED] - click(findTestObject("Admin/SettingsSysinternalsEmail/button_New Connection"), CONTINUE_ON_FAILURE): Object: 'Object Repository/Admin/SettingsSysinternalsEmail/button_New Connection' is clicked on&#xD;
&#xD;
2019-08-21 14:47:00 - [MESSAGE][PASSED] - Object: 'Object Repository/Admin/SettingsSysinternalsEmail/button_New Connection' is clicked on&#xD;
&#xD;
2019-08-21 14:47:00 - [TEST_STEP][PASSED] - verifyElementText(findTestObject("Admin/SettingsSysinternalsEmail/h4_New Email Connection"), "New Email Connection", CONTINUE_ON_FAILURE): Actual text and expected text of test object 'Object Repository/Admin/SettingsSysinternalsEmail/h4_New Email Connection' are matched.&#xD;
&#xD;
2019-08-21 14:47:00 - [MESSAGE][PASSED] - Actual text and expected text of test object 'Object Repository/Admin/SettingsSysinternalsEmail/h4_New Email Connection' are matched.&#xD;
&#xD;
2019-08-21 14:47:00 - [TEST_STEP][PASSED] - setText(findTestObject("Admin/SettingsSysinternalsEmail/input_connectionNameTxt"), "test_email_123!@#$QWE@#", CONTINUE_ON_FAILURE): Text 'test_email_123!@#$QWE@#' is set on object 'Object Repository/Admin/SettingsSysinternalsEmail/input_connectionNameTxt'&#xD;
&#xD;
2019-08-21 14:47:00 - [MESSAGE][PASSED] - Text 'test_email_123!@#$QWE@#' is set on object 'Object Repository/Admin/SettingsSysinternalsEmail/input_connectionNameTxt'&#xD;
&#xD;
2019-08-21 14:47:00 - [TEST_STEP][PASSED] - selectOptionByValue(findTestObject("Admin/SettingsSysinternalsEmail/select_SMTP"), "ses", false, CONTINUE_ON_FAILURE): All options with value 'ses' are selected in object 'Object Repository/Admin/SettingsSysinternalsEmail/select_SMTP' &#xD;
&#xD;
2019-08-21 14:47:01 - [MESSAGE][PASSED] - All options with value 'ses' are selected in object 'Object Repository/Admin/SettingsSysinternalsEmail/select_SMTP' &#xD;
&#xD;
2019-08-21 14:47:01 - [TEST_STEP][PASSED] - selectOptionByValue(findTestObject("Admin/SettingsSysinternalsEmail/select_SMTP"), "email", false, CONTINUE_ON_FAILURE): All options with value 'email' are selected in object 'Object Repository/Admin/SettingsSysinternalsEmail/select_SMTP' &#xD;
&#xD;
2019-08-21 14:47:01 - [MESSAGE][PASSED] - All options with value 'email' are selected in object 'Object Repository/Admin/SettingsSysinternalsEmail/select_SMTP' &#xD;
&#xD;
2019-08-21 14:47:01 - [TEST_STEP][PASSED] - verifyElementClickable(findTestObject("Admin/SettingsSysinternalsEmail/button_Cancel"), CONTINUE_ON_FAILURE): Object 'Object Repository/Admin/SettingsSysinternalsEmail/button_Cancel' is clickable&#xD;
&#xD;
2019-08-21 14:47:01 - [MESSAGE][PASSED] - Object 'Object Repository/Admin/SettingsSysinternalsEmail/button_Cancel' is clickable&#xD;
&#xD;
2019-08-21 14:47:01 - [TEST_STEP][PASSED] - verifyElementText(findTestObject("Admin/SettingsSysinternalsEmail/button_Cancel"), "Cancel", CONTINUE_ON_FAILURE): Actual text and expected text of test object 'Object Repository/Admin/SettingsSysinternalsEmail/button_Cancel' are matched.&#xD;
&#xD;
2019-08-21 14:47:01 - [MESSAGE][PASSED] - Actual text and expected text of test object 'Object Repository/Admin/SettingsSysinternalsEmail/button_Cancel' are matched.&#xD;
&#xD;
2019-08-21 14:47:01 - [TEST_STEP][PASSED] - verifyElementText(findTestObject("Admin/SettingsSysinternalsEmail/button_Continue"), "Continue", CONTINUE_ON_FAILURE): Actual text and expected text of test object 'Object Repository/Admin/SettingsSysinternalsEmail/button_Continue' are matched.&#xD;
&#xD;
2019-08-21 14:47:01 - [MESSAGE][PASSED] - Actual text and expected text of test object 'Object Repository/Admin/SettingsSysinternalsEmail/button_Continue' are matched.&#xD;
&#xD;
2019-08-21 14:47:01 - [TEST_STEP][PASSED] - click(findTestObject("Admin/SettingsSysinternalsEmail/button_Continue"), CONTINUE_ON_FAILURE): Object: 'Object Repository/Admin/SettingsSysinternalsEmail/button_Continue' is clicked on&#xD;
&#xD;
2019-08-21 14:47:01 - [MESSAGE][PASSED] - Object: 'Object Repository/Admin/SettingsSysinternalsEmail/button_Continue' is clicked on&#xD;
&#xD;
2019-08-21 14:47:01 - [TEST_STEP][PASSED] - verifyElementText(findTestObject("Admin/SettingsSysinternalsEmail/label_From"), "From", CONTINUE_ON_FAILURE): Actual text and expected text of test object 'Object Repository/Admin/SettingsSysinternalsEmail/label_From' are matched.&#xD;
&#xD;
2019-08-21 14:47:01 - [MESSAGE][PASSED] - Actual text and expected text of test object 'Object Repository/Admin/SettingsSysinternalsEmail/label_From' are matched.&#xD;
&#xD;
2019-08-21 14:47:01 - [TEST_STEP][PASSED] - verifyElementText(findTestObject("Admin/SettingsSysinternalsEmail/label_Password"), "Password", CONTINUE_ON_FAILURE): Actual text and expected text of test object 'Object Repository/Admin/SettingsSysinternalsEmail/label_Password' are matched.&#xD;
&#xD;
2019-08-21 14:47:01 - [MESSAGE][PASSED] - Actual text and expected text of test object 'Object Repository/Admin/SettingsSysinternalsEmail/label_Password' are matched.&#xD;
&#xD;
2019-08-21 14:47:01 - [TEST_STEP][PASSED] - verifyElementText(findTestObject("Admin/SettingsSysinternalsEmail/label_Username"), "Username", CONTINUE_ON_FAILURE): Actual text and expected text of test object 'Object Repository/Admin/SettingsSysinternalsEmail/label_Username' are matched.&#xD;
&#xD;
2019-08-21 14:47:01 - [MESSAGE][PASSED] - Actual text and expected text of test object 'Object Repository/Admin/SettingsSysinternalsEmail/label_Username' are matched.&#xD;
&#xD;
2019-08-21 14:47:01 - [TEST_STEP][PASSED] - verifyElementText(findTestObject("Admin/SettingsSysinternalsEmail/label_Port"), "Port", CONTINUE_ON_FAILURE): Actual text and expected text of test object 'Object Repository/Admin/SettingsSysinternalsEmail/label_Port' are matched.&#xD;
&#xD;
2019-08-21 14:47:01 - [MESSAGE][PASSED] - Actual text and expected text of test object 'Object Repository/Admin/SettingsSysinternalsEmail/label_Port' are matched.&#xD;
&#xD;
2019-08-21 14:47:01 - [TEST_STEP][PASSED] - verifyElementText(findTestObject("Admin/SettingsSysinternalsEmail/label_Server Name"), "Server Name", CONTINUE_ON_FAILURE): Actual text and expected text of test object 'Object Repository/Admin/SettingsSysinternalsEmail/label_Server Name' are matched.&#xD;
&#xD;
2019-08-21 14:47:01 - [MESSAGE][PASSED] - Actual text and expected text of test object 'Object Repository/Admin/SettingsSysinternalsEmail/label_Server Name' are matched.&#xD;
&#xD;
2019-08-21 14:47:01 - [TEST_STEP][PASSED] - verifyElementText(findTestObject("Admin/SettingsSysinternalsEmail/strong_Encrypt Connection"), "Encrypt Connection", CONTINUE_ON_FAILURE): Actual text and expected text of test object 'Object Repository/Admin/SettingsSysinternalsEmail/strong_Encrypt Connection' are matched.&#xD;
&#xD;
2019-08-21 14:47:01 - [MESSAGE][PASSED] - Actual text and expected text of test object 'Object Repository/Admin/SettingsSysinternalsEmail/strong_Encrypt Connection' are matched.&#xD;
&#xD;
2019-08-21 14:47:01 - [TEST_STEP][PASSED] - verifyElementText(findTestObject("Admin/SettingsSysinternalsEmail/button_Test Connection"), "Test Connection", CONTINUE_ON_FAILURE): Actual text and expected text of test object 'Object Repository/Admin/SettingsSysinternalsEmail/button_Test Connection' are matched.&#xD;
&#xD;
2019-08-21 14:47:01 - [MESSAGE][PASSED] - Actual text and expected text of test object 'Object Repository/Admin/SettingsSysinternalsEmail/button_Test Connection' are matched.&#xD;
&#xD;
2019-08-21 14:47:01 - [TEST_STEP][PASSED] - verifyElementText(findTestObject("Admin/SettingsSysinternalsEmail/button_Cancel"), "Cancel", CONTINUE_ON_FAILURE): Actual text and expected text of test object 'Object Repository/Admin/SettingsSysinternalsEmail/button_Cancel' are matched.&#xD;
&#xD;
2019-08-21 14:47:01 - [MESSAGE][PASSED] - Actual text and expected text of test object 'Object Repository/Admin/SettingsSysinternalsEmail/button_Cancel' are matched.&#xD;
&#xD;
2019-08-21 14:47:01 - [TEST_STEP][PASSED] - verifyElementText(findTestObject("Admin/SettingsSysinternalsEmail/button_Back"), "Back", CONTINUE_ON_FAILURE): Actual text and expected text of test object 'Object Repository/Admin/SettingsSysinternalsEmail/button_Back' are matched.&#xD;
&#xD;
2019-08-21 14:47:01 - [MESSAGE][PASSED] - Actual text and expected text of test object 'Object Repository/Admin/SettingsSysinternalsEmail/button_Back' are matched.&#xD;
&#xD;
2019-08-21 14:47:01 - [TEST_STEP][PASSED] - verifyElementText(findTestObject("Admin/SettingsSysinternalsEmail/button_Ok"), "Ok", CONTINUE_ON_FAILURE): Actual text and expected text of test object 'Object Repository/Admin/SettingsSysinternalsEmail/button_Ok' are matched.&#xD;
&#xD;
2019-08-21 14:47:02 - [MESSAGE][PASSED] - Actual text and expected text of test object 'Object Repository/Admin/SettingsSysinternalsEmail/button_Ok' are matched.&#xD;
&#xD;
2019-08-21 14:47:02 - [TEST_STEP][PASSED] - verifyElementClickable(findTestObject("Admin/SettingsSysinternalsEmail/button_Cancel"), CONTINUE_ON_FAILURE): Object 'Object Repository/Admin/SettingsSysinternalsEmail/button_Cancel' is clickable&#xD;
&#xD;
2019-08-21 14:47:02 - [MESSAGE][PASSED] - Object 'Object Repository/Admin/SettingsSysinternalsEmail/button_Cancel' is clickable&#xD;
&#xD;
2019-08-21 14:47:02 - [TEST_STEP][PASSED] - verifyElementClickable(findTestObject("Admin/SettingsSysinternalsEmail/button_Back"), CONTINUE_ON_FAILURE): Object 'Object Repository/Admin/SettingsSysinternalsEmail/button_Back' is clickable&#xD;
&#xD;
2019-08-21 14:47:02 - [MESSAGE][PASSED] - Object 'Object Repository/Admin/SettingsSysinternalsEmail/button_Back' is clickable&#xD;
&#xD;
2019-08-21 14:47:02 - [TEST_STEP][PASSED] - setText(findTestObject("Admin/SettingsSysinternalsEmail/input_smtpUserNameTxt"), "test.notifications@ecrion.com", CONTINUE_ON_FAILURE): Text 'test.notifications@ecrion.com' is set on object 'Object Repository/Admin/SettingsSysinternalsEmail/input_smtpUserNameTxt'&#xD;
&#xD;
2019-08-21 14:47:02 - [MESSAGE][PASSED] - Text 'test.notifications@ecrion.com' is set on object 'Object Repository/Admin/SettingsSysinternalsEmail/input_smtpUserNameTxt'&#xD;
&#xD;
2019-08-21 14:47:02 - [TEST_STEP][PASSED] - setText(findTestObject("Admin/SettingsSysinternalsEmail/input_ServerName"), "smtp.office365.com", CONTINUE_ON_FAILURE): Text 'smtp.office365.com' is set on object 'Object Repository/Admin/SettingsSysinternalsEmail/input_ServerName'&#xD;
&#xD;
2019-08-21 14:47:02 - [MESSAGE][PASSED] - Text 'smtp.office365.com' is set on object 'Object Repository/Admin/SettingsSysinternalsEmail/input_ServerName'&#xD;
&#xD;
2019-08-21 14:47:02 - [TEST_STEP][PASSED] - setText(findTestObject("Admin/SettingsSysinternalsEmail/input_passwordTxt"), "3cr1oN123456", CONTINUE_ON_FAILURE): Text '3cr1oN123456' is set on object 'Object Repository/Admin/SettingsSysinternalsEmail/input_passwordTxt'&#xD;
&#xD;
2019-08-21 14:47:02 - [MESSAGE][PASSED] - Text '3cr1oN123456' is set on object 'Object Repository/Admin/SettingsSysinternalsEmail/input_passwordTxt'&#xD;
&#xD;
2019-08-21 14:47:02 - [TEST_STEP][PASSED] - setText(findTestObject("Admin/SettingsSysinternalsEmail/input_smtpFromTxt"), "test.notifications@ecrion.com", CONTINUE_ON_FAILURE): Text 'test.notifications@ecrion.com' is set on object 'Object Repository/Admin/SettingsSysinternalsEmail/input_smtpFromTxt'&#xD;
&#xD;
2019-08-21 14:47:03 - [MESSAGE][PASSED] - Text 'test.notifications@ecrion.com' is set on object 'Object Repository/Admin/SettingsSysinternalsEmail/input_smtpFromTxt'&#xD;
&#xD;
2019-08-21 14:47:03 - [TEST_STEP][PASSED] - setText(findTestObject("Admin/SettingsSysinternalsEmail/input_smtpPortTxt"), "587", CONTINUE_ON_FAILURE): Text '587' is set on object 'Object Repository/Admin/SettingsSysinternalsEmail/input_smtpPortTxt'&#xD;
&#xD;
2019-08-21 14:47:03 - [MESSAGE][PASSED] - Text '587' is set on object 'Object Repository/Admin/SettingsSysinternalsEmail/input_smtpPortTxt'&#xD;
&#xD;
2019-08-21 14:47:03 - [TEST_STEP][PASSED] - check(findTestObject("Admin/SettingsSysinternalsEmail/input_EncryptCOnnection"), CONTINUE_ON_FAILURE): Object 'Object Repository/Admin/SettingsSysinternalsEmail/input_EncryptCOnnection' is checked&#xD;
&#xD;
2019-08-21 14:47:03 - [MESSAGE][PASSED] - Object 'Object Repository/Admin/SettingsSysinternalsEmail/input_EncryptCOnnection' is checked&#xD;
&#xD;
2019-08-21 14:47:03 - [TEST_STEP][PASSED] - click(findTestObject("Admin/SettingsSysinternalsEmail/button_Test Connection"), CONTINUE_ON_FAILURE): Object: 'Object Repository/Admin/SettingsSysinternalsEmail/button_Test Connection' is clicked on&#xD;
&#xD;
2019-08-21 14:47:03 - [MESSAGE][PASSED] - Object: 'Object Repository/Admin/SettingsSysinternalsEmail/button_Test Connection' is clicked on&#xD;
&#xD;
2019-08-21 14:47:03 - [TEST_STEP][PASSED] - waitForElementVisible(findTestObject("Admin/SettingsSysinternalsEmail/Connection_Succeeded_Message"), 3, CONTINUE_ON_FAILURE): Object 'Object Repository/Admin/SettingsSysinternalsEmail/Connection_Succeeded_Message' is visible&#xD;
&#xD;
2019-08-21 14:47:04 - [MESSAGE][PASSED] - Object 'Object Repository/Admin/SettingsSysinternalsEmail/Connection_Succeeded_Message' is visible&#xD;
&#xD;
2019-08-21 14:47:04 - [TEST_STEP][PASSED] - verifyElementVisible(findTestObject("Admin/SettingsSysinternalsEmail/Connection_Succeeded_Message"), CONTINUE_ON_FAILURE): Object 'Object Repository/Admin/SettingsSysinternalsEmail/Connection_Succeeded_Message' is visible&#xD;
&#xD;
2019-08-21 14:47:04 - [MESSAGE][PASSED] - Object 'Object Repository/Admin/SettingsSysinternalsEmail/Connection_Succeeded_Message' is visible&#xD;
&#xD;
2019-08-21 14:47:04 - [TEST_STEP][PASSED] - verifyElementText(findTestObject("Admin/SettingsSysinternalsEmail/Connection_Succeeded_Message"), "Connection Succeeded", CONTINUE_ON_FAILURE): Actual text and expected text of test object 'Object Repository/Admin/SettingsSysinternalsEmail/Connection_Succeeded_Message' are matched.&#xD;
&#xD;
2019-08-21 14:47:04 - [MESSAGE][PASSED] - Actual text and expected text of test object 'Object Repository/Admin/SettingsSysinternalsEmail/Connection_Succeeded_Message' are matched.&#xD;
&#xD;
2019-08-21 14:47:04 - [TEST_STEP][PASSED] - verifyElementText(findTestObject("Admin/SettingsSysinternalsEmail/button_Test Connection"), "Connection succeeded", CONTINUE_ON_FAILURE): Actual text and expected text of test object 'Object Repository/Admin/SettingsSysinternalsEmail/button_Test Connection' are matched.&#xD;
&#xD;
2019-08-21 14:47:04 - [MESSAGE][PASSED] - Actual text and expected text of test object 'Object Repository/Admin/SettingsSysinternalsEmail/button_Test Connection' are matched.&#xD;
&#xD;
2019-08-21 14:47:04 - [TEST_STEP][PASSED] - verifyElementNotClickable(findTestObject("Admin/SettingsSysinternalsEmail/button_Test Connection"), CONTINUE_ON_FAILURE): Object 'Object Repository/Admin/SettingsSysinternalsEmail/button_Test Connection' is NOT clickable&#xD;
&#xD;
2019-08-21 14:47:04 - [MESSAGE][PASSED] - Object 'Object Repository/Admin/SettingsSysinternalsEmail/button_Test Connection' is NOT clickable&#xD;
&#xD;
2019-08-21 14:47:04 - [TEST_STEP][PASSED] - click(findTestObject("Admin/SettingsSysinternalsEmail/button_Ok"), CONTINUE_ON_FAILURE): Object: 'Object Repository/Admin/SettingsSysinternalsEmail/button_Ok' is clicked on&#xD;
&#xD;
2019-08-21 14:47:04 - [MESSAGE][PASSED] - Object: 'Object Repository/Admin/SettingsSysinternalsEmail/button_Ok' is clicked on&#xD;
&#xD;
2019-08-21 14:47:04 - [TEST_STEP][PASSED] - back(CONTINUE_ON_FAILURE): Navigate back successfully&#xD;
&#xD;
2019-08-21 14:47:04 - [MESSAGE][PASSED] - Navigate back successfully&#xD;
&#xD;
2019-08-21 14:47:04 - [TEST_STEP][PASSED] - delay(1, CONTINUE_ON_FAILURE): Delayed 1 second(s)&#xD;
&#xD;
2019-08-21 14:47:05 - [MESSAGE][PASSED] - Delayed 1 second(s)&#xD;
&#xD;
2019-08-21 14:47:05 - [MESSAGE][PASSED] - Call Test Case 'Test Cases/Admin/Create_EmailConnection' successfully&#xD;
&#xD;
2019-08-21 14:47:05 - [TEST_STEP][PASSED] - delay(2, CONTINUE_ON_FAILURE): Delayed 2 second(s)&#xD;
&#xD;
2019-08-21 14:47:07 - [MESSAGE][PASSED] - Delayed 2 second(s)&#xD;
&#xD;
2019-08-21 14:47:07 - [TEST_STEP][PASSED] - callTestCase(findTestCase("Admin/Create_SMSConnection"), [:], CONTINUE_ON_FAILURE): Call Test Case 'Test Cases/Admin/Create_SMSConnection' successfully&#xD;
&#xD;
2019-08-21 14:47:07 - [TEST_CASE][PASSED] - Test Cases/Admin/Create_SMSConnection: Test Cases/Admin/Create_SMSConnection&#xD;
&#xD;
2019-08-21 14:47:07 - [TEST_STEP][NOT_RUN] - callTestCase(findTestCase("Admin/Login_sysinternals"), [:], STOP_ON_FAILURE): NOT_RUN: callTestCase(findTestCase("Admin/Login_sysinternals"), [:], STOP_ON_FAILURE)&#xD;
&#xD;
2019-08-21 14:47:07 - [MESSAGE][NOT_RUN] - NOT_RUN: callTestCase(findTestCase("Admin/Login_sysinternals"), [:], STOP_ON_FAILURE)&#xD;
&#xD;
2019-08-21 14:47:07 - [TEST_STEP][PASSED] - click(findTestObject("Admin/SettingsSysinternals/a_SMS"), CONTINUE_ON_FAILURE): Object: 'Object Repository/Admin/SettingsSysinternals/a_SMS' is clicked on&#xD;
&#xD;
2019-08-21 14:47:07 - [MESSAGE][PASSED] - Object: 'Object Repository/Admin/SettingsSysinternals/a_SMS' is clicked on&#xD;
&#xD;
2019-08-21 14:47:07 - [TEST_STEP][PASSED] - click(findTestObject("Admin/SettingsSysinternalsEmail/button_New Connection"), CONTINUE_ON_FAILURE): Object: 'Object Repository/Admin/SettingsSysinternalsEmail/button_New Connection' is clicked on&#xD;
&#xD;
2019-08-21 14:47:07 - [MESSAGE][PASSED] - Object: 'Object Repository/Admin/SettingsSysinternalsEmail/button_New Connection' is clicked on&#xD;
&#xD;
2019-08-21 14:47:07 - [TEST_STEP][PASSED] - delay(1, CONTINUE_ON_FAILURE): Delayed 1 second(s)&#xD;
&#xD;
2019-08-21 14:47:08 - [MESSAGE][PASSED] - Delayed 1 second(s)&#xD;
&#xD;
2019-08-21 14:47:08 - [TEST_STEP][PASSED] - setText(findTestObject("Admin/SettingsSysinternals/Page_SMSConnection/input_Connection Name_SMS"), SMSConnection, CONTINUE_ON_FAILURE): Text 'SmsConnection' is set on object 'Object Repository/Admin/SettingsSysinternals/Page_SMSConnection/input_Connection Name_SMS'&#xD;
&#xD;
2019-08-21 14:47:08 - [MESSAGE][PASSED] - Text 'SmsConnection' is set on object 'Object Repository/Admin/SettingsSysinternals/Page_SMSConnection/input_Connection Name_SMS'&#xD;
&#xD;
2019-08-21 14:47:08 - [TEST_STEP][PASSED] - click(findTestObject("Admin/SettingsSysinternals/Page_SMSConnection/button_Save_SmsConnection"), CONTINUE_ON_FAILURE): Object: 'Object Repository/Admin/SettingsSysinternals/Page_SMSConnection/button_Save_SmsConnection' is clicked on&#xD;
&#xD;
2019-08-21 14:47:09 - [MESSAGE][PASSED] - Object: 'Object Repository/Admin/SettingsSysinternals/Page_SMSConnection/button_Save_SmsConnection' is clicked on&#xD;
&#xD;
2019-08-21 14:47:09 - [TEST_STEP][PASSED] - if (verifyElementVisible(findTestObject("Admin/SettingsSysinternals/Page_SMSConnection/text_Connection_AlreadyExists"), OPTIONAL) == false): Object 'Object Repository/Admin/SettingsSysinternals/Page_SMSConnection/verify_ConnectionPresent' is visible&#xD;
&#xD;
2019-08-21 14:47:09 - [MESSAGE][WARNING] - Object 'Object Repository/Admin/SettingsSysinternals/Page_SMSConnection/text_Connection_AlreadyExists' is NOT visible (Root cause: com.kms.katalon.core.exception.StepFailedException: Object 'Object Repository/Admin/SettingsSysinternals/Page_SMSConnection/text_Connection_AlreadyExists' is NOT visible&#xD;
	at com.kms.katalon.core.webui.keyword.internal.WebUIKeywordMain.stepFailed(WebUIKeywordMain.groovy:64)&#xD;
	at com.kms.katalon.core.webui.keyword.builtin.VerifyElementVisibleKeyword$_verifyElementVisible_closure1.doCall(VerifyElementVisibleKeyword.groovy:83)&#xD;
	at com.kms.katalon.core.webui.keyword.builtin.VerifyElementVisibleKeyword$_verifyElementVisible_closure1.call(VerifyElementVisibleKeyword.groovy)&#xD;
	at com.kms.katalon.core.webui.keyword.internal.WebUIKeywordMain.runKeyword(WebUIKeywordMain.groovy:20)&#xD;
	at com.kms.katalon.core.webui.keyword.builtin.VerifyElementVisibleKeyword.verifyElementVisible(VerifyElementVisibleKeyword.groovy:97)&#xD;
	at com.kms.katalon.core.webui.keyword.builtin.VerifyElementVisibleKeyword.execute(VerifyElementVisibleKeyword.groovy:67)&#xD;
	at com.kms.katalon.core.keyword.internal.KeywordExecutor.executeKeywordForPlatform(KeywordExecutor.groovy:56)&#xD;
	at com.kms.katalon.core.webui.keyword.WebUiBuiltInKeywords.verifyElementVisible(WebUiBuiltInKeywords.groovy:358)&#xD;
	at com.kms.katalon.core.webui.keyword.WebUiBuiltInKeywords$verifyElementVisible$3.call(Unknown Source)&#xD;
	at Create_SMSConnection.run(Create_SMSConnection:29)&#xD;
	at com.kms.katalon.core.main.ScriptEngine.run(ScriptEngine.java:194)&#xD;
	at com.kms.katalon.core.main.ScriptEngine.runScriptAsRawText(ScriptEngine.java:119)&#xD;
	at com.kms.katalon.core.main.TestCaseExecutor.runScript(TestCaseExecutor.java:337)&#xD;
	at com.kms.katalon.core.main.TestCaseExecutor.doExecute(TestCaseExecutor.java:328)&#xD;
	at com.kms.katalon.core.main.TestCaseExecutor.processExecutionPhase(TestCaseExecutor.java:307)&#xD;
	at com.kms.katalon.core.main.TestCaseExecutor.accessMainPhase(TestCaseExecutor.java:299)&#xD;
	at com.kms.katalon.core.main.TestCaseExecutor.execute(TestCaseExecutor.java:233)&#xD;
	at com.kms.katalon.core.main.TestCaseMain.runTestCase(TestCaseMain.java:114)&#xD;
	at com.kms.katalon.core.keyword.builtin.CallTestCaseKeyword$_callTestCase_closure1.doCall(CallTestCaseKeyword.groovy:59)&#xD;
	at com.kms.katalon.core.keyword.builtin.CallTestCaseKeyword$_callTestCase_closure1.call(CallTestCaseKeyword.groovy)&#xD;
	at com.kms.katalon.core.keyword.internal.KeywordMain.runKeyword(KeywordMain.groovy:68)&#xD;
	at com.kms.katalon.core.keyword.builtin.CallTestCaseKeyword.callTestCase(CallTestCaseKeyword.groovy:81)&#xD;
	at com.kms.katalon.core.keyword.builtin.CallTestCaseKeyword.execute(CallTestCaseKeyword.groovy:44)&#xD;
	at com.kms.katalon.core.keyword.internal.KeywordExecutor.executeKeywordForPlatform(KeywordExecutor.groovy:56)&#xD;
	at com.kms.katalon.core.keyword.BuiltinKeywords.callTestCase(BuiltinKeywords.groovy:334)&#xD;
	at Admin_Settings.run(Admin_Settings:35)&#xD;
	at com.kms.katalon.core.main.ScriptEngine.run(ScriptEngine.java:194)&#xD;
	at com.kms.katalon.core.main.ScriptEngine.runScriptAsRawText(ScriptEngine.java:119)&#xD;
	at com.kms.katalon.core.main.TestCaseExecutor.runScript(TestCaseExecutor.java:337)&#xD;
	at com.kms.katalon.core.main.TestCaseExecutor.doExecute(TestCaseExecutor.java:328)&#xD;
	at com.kms.katalon.core.main.TestCaseExecutor.processExecutionPhase(TestCaseExecutor.java:307)&#xD;
	at com.kms.katalon.core.main.TestCaseExecutor.accessMainPhase(TestCaseExecutor.java:299)&#xD;
	at com.kms.katalon.core.main.TestCaseExecutor.execute(TestCaseExecutor.java:233)&#xD;
	at com.kms.katalon.core.main.TestCaseMain.runTestCase(TestCaseMain.java:114)&#xD;
	at com.kms.katalon.core.keyword.builtin.CallTestCaseKeyword$_callTestCase_closure1.doCall(CallTestCaseKeyword.groovy:59)&#xD;
	at com.kms.katalon.core.keyword.builtin.CallTestCaseKeyword$_callTestCase_closure1.call(CallTestCaseKeyword.groovy)&#xD;
	at com.kms.katalon.core.keyword.internal.KeywordMain.runKeyword(KeywordMain.groovy:68)&#xD;
	at com.kms.katalon.core.keyword.builtin.CallTestCaseKeyword.callTestCase(CallTestCaseKeyword.groovy:81)&#xD;
	at com.kms.katalon.core.keyword.builtin.CallTestCaseKeyword.execute(CallTestCaseKeyword.groovy:44)&#xD;
	at com.kms.katalon.core.keyword.internal.KeywordExecutor.executeKeywordForPlatform(KeywordExecutor.groovy:56)&#xD;
	at com.kms.katalon.core.keyword.BuiltinKeywords.callTestCase(BuiltinKeywords.groovy:334)&#xD;
	at Admin - Testcases.run(Admin - Testcases:16)&#xD;
	at com.kms.katalon.core.main.ScriptEngine.run(ScriptEngine.java:194)&#xD;
	at com.kms.katalon.core.main.ScriptEngine.runScriptAsRawText(ScriptEngine.java:119)&#xD;
	at com.kms.katalon.core.main.TestCaseExecutor.runScript(TestCaseExecutor.java:337)&#xD;
	at com.kms.katalon.core.main.TestCaseExecutor.doExecute(TestCaseExecutor.java:328)&#xD;
	at com.kms.katalon.core.main.TestCaseExecutor.processExecutionPhase(TestCaseExecutor.java:307)&#xD;
	at com.kms.katalon.core.main.TestCaseExecutor.accessMainPhase(TestCaseExecutor.java:299)&#xD;
	at com.kms.katalon.core.main.TestCaseExecutor.execute(TestCaseExecutor.java:233)&#xD;
	at com.kms.katalon.core.main.TestSuiteExecutor.accessTestCaseMainPhase(TestSuiteExecutor.java:150)&#xD;
	at com.kms.katalon.core.main.TestSuiteExecutor.accessTestSuiteMainPhase(TestSuiteExecutor.java:123)&#xD;
	at com.kms.katalon.core.main.TestSuiteExecutor.execute(TestSuiteExecutor.java:87)&#xD;
	at com.kms.katalon.core.main.TestCaseMain.startTestSuite(TestCaseMain.java:157)&#xD;
	at com.kms.katalon.core.main.TestCaseMain$startTestSuite$0.call(Unknown Source)&#xD;
	at TempTestSuite1566387838851.run(TempTestSuite1566387838851.groovy:35)&#xD;
)&#xD;
[[ATTACHMENT|C:\\Katalon Projects\\Nido_Patch3\\Reports\\20190821_144358\\Sanity Check - 12.5.1 - 8499\\20190821_144358\\1566388029177.png]]&#xD;
&#xD;
2019-08-21 14:47:09 - [TEST_STEP][PASSED] - verifyElementVisible(findTestObject("Admin/SettingsSysinternals/Page_SMSConnection/verify_ConnectionPresent"), CONTINUE_ON_FAILURE): Object 'Object Repository/Admin/SettingsSysinternals/Page_SMSConnection/verify_ConnectionPresent' is visible&#xD;
&#xD;
2019-08-21 14:47:09 - [MESSAGE][PASSED] - Object 'Object Repository/Admin/SettingsSysinternals/Page_SMSConnection/verify_ConnectionPresent' is visible&#xD;
&#xD;
2019-08-21 14:47:09 - [TEST_STEP][PASSED] - delay(1, CONTINUE_ON_FAILURE): Delayed 1 second(s)&#xD;
&#xD;
2019-08-21 14:47:10 - [MESSAGE][PASSED] - Delayed 1 second(s)&#xD;
&#xD;
2019-08-21 14:47:10 - [TEST_STEP][PASSED] - click(findTestObject("Admin/SettingsSysinternals/Page_SMSConnection/verify_ConnectionPresent"), CONTINUE_ON_FAILURE): Object: 'Object Repository/Admin/SettingsSysinternals/Page_SMSConnection/verify_ConnectionPresent' is clicked on&#xD;
&#xD;
2019-08-21 14:47:10 - [MESSAGE][PASSED] - Object: 'Object Repository/Admin/SettingsSysinternals/Page_SMSConnection/verify_ConnectionPresent' is clicked on&#xD;
&#xD;
2019-08-21 14:47:10 - [TEST_STEP][PASSED] - delay(1, CONTINUE_ON_FAILURE): Delayed 1 second(s)&#xD;
&#xD;
2019-08-21 14:47:11 - [MESSAGE][PASSED] - Delayed 1 second(s)&#xD;
&#xD;
2019-08-21 14:47:11 - [TEST_STEP][PASSED] - click(findTestObject("Admin/SettingsSysinternals/Page_SMSConnection/button_DeleteConnection"), CONTINUE_ON_FAILURE): Object: 'Object Repository/Admin/SettingsSysinternals/Page_SMSConnection/button_DeleteConnection' is clicked on&#xD;
&#xD;
2019-08-21 14:47:11 - [MESSAGE][PASSED] - Object: 'Object Repository/Admin/SettingsSysinternals/Page_SMSConnection/button_DeleteConnection' is clicked on&#xD;
&#xD;
2019-08-21 14:47:11 - [TEST_STEP][PASSED] - delay(1, CONTINUE_ON_FAILURE): Delayed 1 second(s)&#xD;
&#xD;
2019-08-21 14:47:12 - [MESSAGE][PASSED] - Delayed 1 second(s)&#xD;
&#xD;
2019-08-21 14:47:12 - [TEST_STEP][PASSED] - click(findTestObject("Admin/SettingsSysinternals/Page_SMSConnection/button_ConfirmDeleteConnection"), CONTINUE_ON_FAILURE): Object: 'Object Repository/Admin/SettingsSysinternals/Page_SMSConnection/button_ConfirmDeleteConnection' is clicked on&#xD;
&#xD;
2019-08-21 14:47:12 - [MESSAGE][PASSED] - Object: 'Object Repository/Admin/SettingsSysinternals/Page_SMSConnection/button_ConfirmDeleteConnection' is clicked on&#xD;
&#xD;
2019-08-21 14:47:12 - [TEST_STEP][PASSED] - delay(1, CONTINUE_ON_FAILURE): Delayed 1 second(s)&#xD;
&#xD;
2019-08-21 14:47:13 - [MESSAGE][PASSED] - Delayed 1 second(s)&#xD;
&#xD;
2019-08-21 14:47:13 - [TEST_STEP][PASSED] - verifyElementNotPresent(findTestObject("Admin/SettingsSysinternals/Page_SMSConnection/verify_ConnectionPresent"), 2, CONTINUE_ON_FAILURE): Web element with id: 'Object Repository/Admin/SettingsSysinternals/Page_SMSConnection/verify_ConnectionPresent' located by 'By.cssSelector: [id="connectionType_smsamazonwebservices"]' is not present after '2' second(s)&#xD;
&#xD;
2019-08-21 14:47:13 - [MESSAGE][PASSED] - Web element with id: 'Object Repository/Admin/SettingsSysinternals/Page_SMSConnection/verify_ConnectionPresent' located by 'By.cssSelector: [id="connectionType_smsamazonwebservices"]' is not present after '2' second(s)&#xD;
&#xD;
2019-08-21 14:47:13 - [TEST_STEP][PASSED] - click(findTestObject("Admin/SettingsSysinternalsEmail/button_New Connection"), CONTINUE_ON_FAILURE): Object: 'Object Repository/Admin/SettingsSysinternalsEmail/button_New Connection' is clicked on&#xD;
&#xD;
2019-08-21 14:47:13 - [MESSAGE][PASSED] - Object: 'Object Repository/Admin/SettingsSysinternalsEmail/button_New Connection' is clicked on&#xD;
&#xD;
2019-08-21 14:47:13 - [TEST_STEP][PASSED] - delay(1, CONTINUE_ON_FAILURE): Delayed 1 second(s)&#xD;
&#xD;
2019-08-21 14:47:14 - [MESSAGE][PASSED] - Delayed 1 second(s)&#xD;
&#xD;
2019-08-21 14:47:14 - [TEST_STEP][PASSED] - setText(findTestObject("Admin/SettingsSysinternals/Page_SMSConnection/input_Connection Name_SMS"), SMSConnection, CONTINUE_ON_FAILURE): Text 'SmsConnection' is set on object 'Object Repository/Admin/SettingsSysinternals/Page_SMSConnection/input_Connection Name_SMS'&#xD;
&#xD;
2019-08-21 14:47:15 - [MESSAGE][PASSED] - Text 'SmsConnection' is set on object 'Object Repository/Admin/SettingsSysinternals/Page_SMSConnection/input_Connection Name_SMS'&#xD;
&#xD;
2019-08-21 14:47:15 - [TEST_STEP][PASSED] - click(findTestObject("Admin/SettingsSysinternals/Page_SMSConnection/button_Save_SmsConnection"), CONTINUE_ON_FAILURE): Object: 'Object Repository/Admin/SettingsSysinternals/Page_SMSConnection/button_Save_SmsConnection' is clicked on&#xD;
&#xD;
2019-08-21 14:47:15 - [MESSAGE][PASSED] - Object: 'Object Repository/Admin/SettingsSysinternals/Page_SMSConnection/button_Save_SmsConnection' is clicked on&#xD;
&#xD;
2019-08-21 14:47:15 - [TEST_STEP][PASSED] - verifyElementVisible(findTestObject("Admin/SettingsSysinternals/Page_SMSConnection/verify_ConnectionPresent"), CONTINUE_ON_FAILURE): Object 'Object Repository/Admin/SettingsSysinternals/Page_SMSConnection/verify_ConnectionPresent' is visible&#xD;
&#xD;
2019-08-21 14:47:15 - [MESSAGE][PASSED] - Object 'Object Repository/Admin/SettingsSysinternals/Page_SMSConnection/verify_ConnectionPresent' is visible&#xD;
&#xD;
2019-08-21 14:47:15 - [MESSAGE][PASSED] - Call Test Case 'Test Cases/Admin/Create_SMSConnection' successfully&#xD;
&#xD;
2019-08-21 14:47:15 - [TEST_STEP][PASSED] - delay(2, CONTINUE_ON_FAILURE): Delayed 2 second(s)&#xD;
&#xD;
2019-08-21 14:47:17 - [MESSAGE][PASSED] - Delayed 2 second(s)&#xD;
&#xD;
2019-08-21 14:47:17 - [TEST_STEP][PASSED] - callTestCase(findTestCase("Admin/Create_EmailChannel"), [:], CONTINUE_ON_FAILURE): Call Test Case 'Test Cases/Admin/Create_EmailChannel' successfully&#xD;
&#xD;
2019-08-21 14:47:17 - [TEST_CASE][PASSED] - Test Cases/Admin/Create_EmailChannel: Test Cases/Admin/Create_EmailChannel&#xD;
&#xD;
2019-08-21 14:47:17 - [TEST_STEP][PASSED] - waitForElementClickable(findTestObject("Admin/SettingsChannels/div_Channels"), 3, CONTINUE_ON_FAILURE): Object 'Object Repository/Admin/SettingsChannels/div_Channels' is clickable&#xD;
&#xD;
2019-08-21 14:47:17 - [MESSAGE][PASSED] - Object 'Object Repository/Admin/SettingsChannels/div_Channels' is clickable&#xD;
&#xD;
2019-08-21 14:47:17 - [TEST_STEP][PASSED] - delay(1, CONTINUE_ON_FAILURE): Delayed 1 second(s)&#xD;
&#xD;
2019-08-21 14:47:18 - [MESSAGE][PASSED] - Delayed 1 second(s)&#xD;
&#xD;
2019-08-21 14:47:18 - [TEST_STEP][PASSED] - click(findTestObject("Admin/SettingsChannels/div_Channels"), CONTINUE_ON_FAILURE): Object: 'Object Repository/Admin/SettingsChannels/div_Channels' is clicked on&#xD;
&#xD;
2019-08-21 14:47:18 - [MESSAGE][PASSED] - Object: 'Object Repository/Admin/SettingsChannels/div_Channels' is clicked on&#xD;
&#xD;
2019-08-21 14:47:18 - [TEST_STEP][PASSED] - click(findTestObject("Admin/SettingsChannels/button_New Channel"), CONTINUE_ON_FAILURE): Object: 'Object Repository/Admin/SettingsChannels/button_New Channel' is clicked on&#xD;
&#xD;
2019-08-21 14:47:19 - [MESSAGE][PASSED] - Object: 'Object Repository/Admin/SettingsChannels/button_New Channel' is clicked on&#xD;
&#xD;
2019-08-21 14:47:19 - [TEST_STEP][PASSED] - delay(1, CONTINUE_ON_FAILURE): Delayed 1 second(s)&#xD;
&#xD;
2019-08-21 14:47:20 - [MESSAGE][PASSED] - Delayed 1 second(s)&#xD;
&#xD;
2019-08-21 14:47:20 - [TEST_STEP][PASSED] - click(findTestObject("Admin/Channels/Email/select_EmailQueue"), CONTINUE_ON_FAILURE): Object: 'Object Repository/Admin/Channels/Email/select_EmailQueue' is clicked on&#xD;
&#xD;
2019-08-21 14:47:20 - [MESSAGE][PASSED] - Object: 'Object Repository/Admin/Channels/Email/select_EmailQueue' is clicked on&#xD;
&#xD;
2019-08-21 14:47:20 - [TEST_STEP][PASSED] - delay(1, CONTINUE_ON_FAILURE): Delayed 1 second(s)&#xD;
&#xD;
2019-08-21 14:47:21 - [MESSAGE][PASSED] - Delayed 1 second(s)&#xD;
&#xD;
2019-08-21 14:47:21 - [TEST_STEP][PASSED] - verifyElementNotVisible(findTestObject("Admin/Channels/Email/div_No connection defined. Ple"), CONTINUE_ON_FAILURE): Object 'Object Repository/Admin/Channels/Email/div_No connection defined. Ple' is NOT visible&#xD;
&#xD;
2019-08-21 14:47:21 - [MESSAGE][PASSED] - Object 'Object Repository/Admin/Channels/Email/div_No connection defined. Ple' is NOT visible&#xD;
&#xD;
2019-08-21 14:47:21 - [TEST_STEP][PASSED] - delay(1, CONTINUE_ON_FAILURE): Delayed 1 second(s)&#xD;
&#xD;
2019-08-21 14:47:22 - [MESSAGE][PASSED] - Delayed 1 second(s)&#xD;
&#xD;
2019-08-21 14:47:22 - [TEST_STEP][PASSED] - setText(findTestObject("Admin/Channels/Email/input_name"), "1_TesT_Email_ConneCTIon1!@", CONTINUE_ON_FAILURE): Text '1_TesT_Email_ConneCTIon1!@' is set on object 'Object Repository/Admin/Channels/Email/input_name'&#xD;
&#xD;
2019-08-21 14:47:22 - [MESSAGE][PASSED] - Text '1_TesT_Email_ConneCTIon1!@' is set on object 'Object Repository/Admin/Channels/Email/input_name'&#xD;
&#xD;
2019-08-21 14:47:22 - [TEST_STEP][PASSED] - setText(findTestObject("Admin/Channels/Email/textarea_description"), "This is an email connection that connects an email. !@#$1234{}][;'\:"|&lt;&gt;?/.,)(*&amp;^%+_-=ÆØÅ", CONTINUE_ON_FAILURE): Text 'This is an email connection that connects an email. !@#$1234{}][;'\:"|&lt;&gt;?/.,)(*&amp;^%+_-=ÆØÅ' is set on object 'Object Repository/Admin/Channels/Email/textarea_description'&#xD;
&#xD;
2019-08-21 14:47:23 - [MESSAGE][PASSED] - Text 'This is an email connection that connects an email. !@#$1234{}][;'\:"|&lt;&gt;?/.,)(*&amp;^%+_-=ÆØÅ' is set on object 'Object Repository/Admin/Channels/Email/textarea_description'&#xD;
&#xD;
2019-08-21 14:47:23 - [TEST_STEP][PASSED] - verifyElementText(findTestObject("Admin/Channels/Email/label_Name"), "Name", CONTINUE_ON_FAILURE): Actual text and expected text of test object 'Object Repository/Admin/Channels/Email/label_Name' are matched.&#xD;
&#xD;
2019-08-21 14:47:23 - [MESSAGE][PASSED] - Actual text and expected text of test object 'Object Repository/Admin/Channels/Email/label_Name' are matched.&#xD;
&#xD;
2019-08-21 14:47:23 - [TEST_STEP][PASSED] - verifyElementText(findTestObject("Admin/Channels/Email/label_Description"), "Description", CONTINUE_ON_FAILURE): Actual text and expected text of test object 'Object Repository/Admin/Channels/Email/label_Description' are matched.&#xD;
&#xD;
2019-08-21 14:47:23 - [MESSAGE][PASSED] - Actual text and expected text of test object 'Object Repository/Admin/Channels/Email/label_Description' are matched.&#xD;
&#xD;
2019-08-21 14:47:23 - [TEST_STEP][PASSED] - verifyElementText(findTestObject("Admin/Channels/Email/label_Email connection"), "Email connection", CONTINUE_ON_FAILURE): Actual text and expected text of test object 'Object Repository/Admin/Channels/Email/label_Email connection' are matched.&#xD;
&#xD;
2019-08-21 14:47:23 - [MESSAGE][PASSED] - Actual text and expected text of test object 'Object Repository/Admin/Channels/Email/label_Email connection' are matched.&#xD;
&#xD;
2019-08-21 14:47:23 - [TEST_STEP][PASSED] - verifyElementText(findTestObject("Admin/Channels/Email/label_Track Email Read"), "Track Email Read", CONTINUE_ON_FAILURE): Actual text and expected text of test object 'Object Repository/Admin/Channels/Email/label_Track Email Read' are matched.&#xD;
&#xD;
2019-08-21 14:47:23 - [MESSAGE][PASSED] - Actual text and expected text of test object 'Object Repository/Admin/Channels/Email/label_Track Email Read' are matched.&#xD;
&#xD;
2019-08-21 14:47:23 - [TEST_STEP][PASSED] - verifyElementClickable(findTestObject("Admin/Channels/Email/button_Cancel_channels"), CONTINUE_ON_FAILURE): Object 'Object Repository/Admin/Channels/Email/button_Cancel_channels' is clickable&#xD;
&#xD;
2019-08-21 14:47:23 - [MESSAGE][PASSED] - Object 'Object Repository/Admin/Channels/Email/button_Cancel_channels' is clickable&#xD;
&#xD;
2019-08-21 14:47:23 - [TEST_STEP][PASSED] - verifyElementClickable(findTestObject("Admin/Channels/Email/button_Save"), CONTINUE_ON_FAILURE): Object 'Object Repository/Admin/Channels/Email/button_Save' is clickable&#xD;
&#xD;
2019-08-21 14:47:23 - [MESSAGE][PASSED] - Object 'Object Repository/Admin/Channels/Email/button_Save' is clickable&#xD;
&#xD;
2019-08-21 14:47:23 - [TEST_STEP][PASSED] - check(findTestObject("Admin/Channels/Email/input_trackEmailRead"), CONTINUE_ON_FAILURE): Object 'Object Repository/Admin/Channels/Email/input_trackEmailRead' is checked&#xD;
&#xD;
2019-08-21 14:47:23 - [MESSAGE][PASSED] - Object 'Object Repository/Admin/Channels/Email/input_trackEmailRead' is checked&#xD;
&#xD;
2019-08-21 14:47:23 - [TEST_STEP][PASSED] - click(findTestObject("Admin/Channels/Email/button_Send test email"), CONTINUE_ON_FAILURE): Object: 'Object Repository/Admin/Channels/Email/button_Send test email' is clicked on&#xD;
&#xD;
2019-08-21 14:47:23 - [MESSAGE][PASSED] - Object: 'Object Repository/Admin/Channels/Email/button_Send test email' is clicked on&#xD;
&#xD;
2019-08-21 14:47:23 - [TEST_STEP][PASSED] - delay(1, CONTINUE_ON_FAILURE): Delayed 1 second(s)&#xD;
&#xD;
2019-08-21 14:47:24 - [MESSAGE][PASSED] - Delayed 1 second(s)&#xD;
&#xD;
2019-08-21 14:47:24 - [TEST_STEP][NOT_RUN] - verifyElementText(findTestObject("Admin/Channels/Email/Send_Test_Mail/button_Send"), "Send", CONTINUE_ON_FAILURE): NOT_RUN: verifyElementText(findTestObject("Admin/Channels/Email/Send_Test_Mail/button_Send"), "Send", CONTINUE_ON_FAILURE)&#xD;
&#xD;
2019-08-21 14:47:24 - [MESSAGE][NOT_RUN] - NOT_RUN: verifyElementText(findTestObject("Admin/Channels/Email/Send_Test_Mail/button_Send"), "Send", CONTINUE_ON_FAILURE)&#xD;
&#xD;
2019-08-21 14:47:24 - [TEST_STEP][NOT_RUN] - verifyElementAttributeValue(findTestObject("Admin/Channels/Email/Send_Test_Mail/input_subject"), "value", "Test: Samples Email Queue", 0, CONTINUE_ON_FAILURE): NOT_RUN: verifyElementAttributeValue(findTestObject("Admin/Channels/Email/Send_Test_Mail/input_subject"), "value", "Test: Samples Email Queue", 0, CONTINUE_ON_FAILURE)&#xD;
&#xD;
2019-08-21 14:47:24 - [MESSAGE][NOT_RUN] - NOT_RUN: verifyElementAttributeValue(findTestObject("Admin/Channels/Email/Send_Test_Mail/input_subject"), "value", "Test: Samples Email Queue", 0, CONTINUE_ON_FAILURE)&#xD;
&#xD;
2019-08-21 14:47:24 - [TEST_STEP][NOT_RUN] - verifyElementText(findTestObject("Admin/Channels/Email/Send_Test_Mail/textarea_This is a message to"), " This is a message to test that the Samples Email Queue is working correctly.", CONTINUE_ON_FAILURE): NOT_RUN: verifyElementText(findTestObject("Admin/Channels/Email/Send_Test_Mail/textarea_This is a message to"), " This is a message to test that the Samples Email Queue is working correctly.", CONTINUE_ON_FAILURE)&#xD;
&#xD;
2019-08-21 14:47:24 - [MESSAGE][NOT_RUN] - NOT_RUN: verifyElementText(findTestObject("Admin/Channels/Email/Send_Test_Mail/textarea_This is a message to"), " This is a message to test that the Samples Email Queue is working correctly.", CONTINUE_ON_FAILURE)&#xD;
&#xD;
2019-08-21 14:47:24 - [TEST_STEP][NOT_RUN] - verifyElementText(findTestObject("Admin/Channels/Email/Send_Test_Mail/label_Email Body"), "Email Body", CONTINUE_ON_FAILURE): NOT_RUN: verifyElementText(findTestObject("Admin/Channels/Email/Send_Test_Mail/label_Email Body"), "Email Body", CONTINUE_ON_FAILURE)&#xD;
&#xD;
2019-08-21 14:47:24 - [MESSAGE][NOT_RUN] - NOT_RUN: verifyElementText(findTestObject("Admin/Channels/Email/Send_Test_Mail/label_Email Body"), "Email Body", CONTINUE_ON_FAILURE)&#xD;
&#xD;
2019-08-21 14:47:24 - [TEST_STEP][NOT_RUN] - verifyElementText(findTestObject("Admin/Channels/Email/Send_Test_Mail/label_Subject"), "Subject", CONTINUE_ON_FAILURE): NOT_RUN: verifyElementText(findTestObject("Admin/Channels/Email/Send_Test_Mail/label_Subject"), "Subject", CONTINUE_ON_FAILURE)&#xD;
&#xD;
2019-08-21 14:47:24 - [MESSAGE][NOT_RUN] - NOT_RUN: verifyElementText(findTestObject("Admin/Channels/Email/Send_Test_Mail/label_Subject"), "Subject", CONTINUE_ON_FAILURE)&#xD;
&#xD;
2019-08-21 14:47:24 - [TEST_STEP][NOT_RUN] - verifyElementText(findTestObject("Admin/Channels/Email/Send_Test_Mail/label_To"), "To", CONTINUE_ON_FAILURE): NOT_RUN: verifyElementText(findTestObject("Admin/Channels/Email/Send_Test_Mail/label_To"), "To", CONTINUE_ON_FAILURE)&#xD;
&#xD;
2019-08-21 14:47:24 - [MESSAGE][NOT_RUN] - NOT_RUN: verifyElementText(findTestObject("Admin/Channels/Email/Send_Test_Mail/label_To"), "To", CONTINUE_ON_FAILURE)&#xD;
&#xD;
2019-08-21 14:47:24 - [TEST_STEP][PASSED] - click(findTestObject("Admin/Channels/Email/Send_Test_Mail/button_Send"), CONTINUE_ON_FAILURE): Object: 'Object Repository/Admin/Channels/Email/Send_Test_Mail/button_Send' is clicked on&#xD;
&#xD;
2019-08-21 14:47:24 - [MESSAGE][PASSED] - Object: 'Object Repository/Admin/Channels/Email/Send_Test_Mail/button_Send' is clicked on&#xD;
&#xD;
2019-08-21 14:47:24 - [TEST_STEP][PASSED] - waitForElementNotClickable(findTestObject("Admin/Channels/Email/Send_Test_Mail/button_Send"), 1, CONTINUE_ON_FAILURE): Object 'Object Repository/Admin/Channels/Email/Send_Test_Mail/button_Send' is NOT clickable&#xD;
&#xD;
2019-08-21 14:47:25 - [MESSAGE][PASSED] - Object 'Object Repository/Admin/Channels/Email/Send_Test_Mail/button_Send' is NOT clickable&#xD;
&#xD;
2019-08-21 14:47:25 - [TEST_STEP][PASSED] - verifyElementNotClickable(findTestObject("Admin/Channels/Email/Send_Test_Mail/button_Send"), CONTINUE_ON_FAILURE): Object 'Object Repository/Admin/Channels/Email/Send_Test_Mail/button_Send' is NOT clickable&#xD;
&#xD;
2019-08-21 14:47:25 - [MESSAGE][PASSED] - Object 'Object Repository/Admin/Channels/Email/Send_Test_Mail/button_Send' is NOT clickable&#xD;
&#xD;
2019-08-21 14:47:25 - [TEST_STEP][PASSED] - delay(2, CONTINUE_ON_FAILURE): Delayed 2 second(s)&#xD;
&#xD;
2019-08-21 14:47:27 - [MESSAGE][PASSED] - Delayed 2 second(s)&#xD;
&#xD;
2019-08-21 14:47:27 - [TEST_STEP][NOT_RUN] - verifyElementText(findTestObject("Admin/Channels/Email/Send_Test_Mail/button_Send"), "Email send failed", CONTINUE_ON_FAILURE): NOT_RUN: verifyElementText(findTestObject("Admin/Channels/Email/Send_Test_Mail/button_Send"), "Email send failed", CONTINUE_ON_FAILURE)&#xD;
&#xD;
2019-08-21 14:47:27 - [MESSAGE][NOT_RUN] - NOT_RUN: verifyElementText(findTestObject("Admin/Channels/Email/Send_Test_Mail/button_Send"), "Email send failed", CONTINUE_ON_FAILURE)&#xD;
&#xD;
2019-08-21 14:47:27 - [TEST_STEP][NOT_RUN] - delay(2, CONTINUE_ON_FAILURE): NOT_RUN: delay(2, CONTINUE_ON_FAILURE)&#xD;
&#xD;
2019-08-21 14:47:27 - [MESSAGE][NOT_RUN] - NOT_RUN: delay(2, CONTINUE_ON_FAILURE)&#xD;
&#xD;
2019-08-21 14:47:27 - [TEST_STEP][PASSED] - click(findTestObject("Admin/Channels/Email/Send_Test_Mail/button_Cancel"), CONTINUE_ON_FAILURE): Object: 'Object Repository/Admin/Channels/Email/Send_Test_Mail/button_Cancel' is clicked on&#xD;
&#xD;
2019-08-21 14:47:27 - [MESSAGE][PASSED] - Object: 'Object Repository/Admin/Channels/Email/Send_Test_Mail/button_Cancel' is clicked on&#xD;
&#xD;
2019-08-21 14:47:27 - [TEST_STEP][PASSED] - delay(1, CONTINUE_ON_FAILURE): Delayed 1 second(s)&#xD;
&#xD;
2019-08-21 14:47:28 - [MESSAGE][PASSED] - Delayed 1 second(s)&#xD;
&#xD;
2019-08-21 14:47:28 - [TEST_STEP][PASSED] - click(findTestObject("Admin/Channels/Email/button_Send test email"), CONTINUE_ON_FAILURE): Object: 'Object Repository/Admin/Channels/Email/button_Send test email' is clicked on&#xD;
&#xD;
2019-08-21 14:47:28 - [MESSAGE][PASSED] - Object: 'Object Repository/Admin/Channels/Email/button_Send test email' is clicked on&#xD;
&#xD;
2019-08-21 14:47:28 - [TEST_STEP][PASSED] - delay(1, CONTINUE_ON_FAILURE): Delayed 1 second(s)&#xD;
&#xD;
2019-08-21 14:47:29 - [MESSAGE][PASSED] - Delayed 1 second(s)&#xD;
&#xD;
2019-08-21 14:47:29 - [TEST_STEP][PASSED] - setText(findTestObject("Admin/Channels/Email/Send_Test_Mail/input_name"), Email_Admin, CONTINUE_ON_FAILURE): Text 'bogdan.eremia@ecrion.com' is set on object 'Object Repository/Admin/Channels/Email/Send_Test_Mail/input_name'&#xD;
&#xD;
2019-08-21 14:47:29 - [MESSAGE][PASSED] - Text 'bogdan.eremia@ecrion.com' is set on object 'Object Repository/Admin/Channels/Email/Send_Test_Mail/input_name'&#xD;
&#xD;
2019-08-21 14:47:29 - [TEST_STEP][NOT_RUN] - setText(findTestObject("Admin/Channels/Email/Send_Test_Mail/input_subject"), "!@#$%^&amp;*()_+=-0", CONTINUE_ON_FAILURE): NOT_RUN: setText(findTestObject("Admin/Channels/Email/Send_Test_Mail/input_subject"), "!@#$%^&amp;*()_+=-0", CONTINUE_ON_FAILURE)&#xD;
&#xD;
2019-08-21 14:47:29 - [MESSAGE][NOT_RUN] - NOT_RUN: setText(findTestObject("Admin/Channels/Email/Send_Test_Mail/input_subject"), "!@#$%^&amp;*()_+=-0", CONTINUE_ON_FAILURE)&#xD;
&#xD;
2019-08-21 14:47:29 - [TEST_STEP][NOT_RUN] - setText(findTestObject("Admin/Channels/Email/Send_Test_Mail/textarea_This is a message to"), " This is a message to test that the Samples Email Queue is working correctly. !@#$%^^&amp;&amp;*()_+=-0987654321{}:"|?&gt;&lt;,./;'\][", CONTINUE_ON_FAILURE): NOT_RUN: setText(findTestObject("Admin/Channels/Email/Send_Test_Mail/textarea_This is a message to"), " This is a message to test that the Samples Email Queue is working correctly. !@#$%^^&amp;&amp;*()_+=-0987654321{}:"|?&gt;&lt;,./;'\][", CONTINUE_ON_FAILURE)&#xD;
&#xD;
2019-08-21 14:47:29 - [MESSAGE][NOT_RUN] - NOT_RUN: setText(findTestObject("Admin/Channels/Email/Send_Test_Mail/textarea_This is a message to"), " This is a message to test that the Samples Email Queue is working correctly. !@#$%^^&amp;&amp;*()_+=-0987654321{}:"|?&gt;&lt;,./;'\][", CONTINUE_ON_FAILURE)&#xD;
&#xD;
2019-08-21 14:47:29 - [TEST_STEP][PASSED] - click(findTestObject("Admin/Channels/Email/Send_Test_Mail/button_Send"), CONTINUE_ON_FAILURE): Object: 'Object Repository/Admin/Channels/Email/Send_Test_Mail/button_Send' is clicked on&#xD;
&#xD;
2019-08-21 14:47:29 - [MESSAGE][PASSED] - Object: 'Object Repository/Admin/Channels/Email/Send_Test_Mail/button_Send' is clicked on&#xD;
&#xD;
2019-08-21 14:47:29 - [TEST_STEP][PASSED] - delay(7, CONTINUE_ON_FAILURE): Delayed 7 second(s)&#xD;
&#xD;
2019-08-21 14:47:36 - [MESSAGE][PASSED] - Delayed 7 second(s)&#xD;
&#xD;
2019-08-21 14:47:36 - [TEST_STEP][PASSED] - verifyElementNotClickable(findTestObject("Admin/Channels/Email/Send_Test_Mail/button_Send"), CONTINUE_ON_FAILURE): Object 'Object Repository/Admin/Channels/Email/Send_Test_Mail/button_Send' is NOT clickable&#xD;
&#xD;
2019-08-21 14:47:36 - [MESSAGE][PASSED] - Object 'Object Repository/Admin/Channels/Email/Send_Test_Mail/button_Send' is NOT clickable&#xD;
&#xD;
2019-08-21 14:47:36 - [TEST_STEP][PASSED] - waitForElementAttributeValue(findTestObject("Admin/Channels/Email/Send_Test_Mail/button_Send"), "Text", "Email sent", 10, CONTINUE_ON_FAILURE): Object 'Object Repository/Admin/Channels/Email/Send_Test_Mail/button_Send' does not have attribute 'Text' with value 'Email sent'&#xD;
&#xD;
2019-08-21 14:47:46 - [MESSAGE][WARNING] - Object 'Object Repository/Admin/Channels/Email/Send_Test_Mail/button_Send' does not have attribute 'Text' with value 'Email sent'&#xD;
&#xD;
2019-08-21 14:47:46 - [TEST_STEP][PASSED] - verifyElementText(findTestObject("Admin/Channels/Email/Send_Test_Mail/button_Send"), "Email sent", CONTINUE_ON_FAILURE): Actual text and expected text of test object 'Object Repository/Admin/Channels/Email/Send_Test_Mail/button_Send' are matched.&#xD;
&#xD;
2019-08-21 14:47:47 - [MESSAGE][PASSED] - Actual text and expected text of test object 'Object Repository/Admin/Channels/Email/Send_Test_Mail/button_Send' are matched.&#xD;
&#xD;
2019-08-21 14:47:47 - [TEST_STEP][NOT_RUN] - delay(2, CONTINUE_ON_FAILURE): NOT_RUN: delay(2, CONTINUE_ON_FAILURE)&#xD;
&#xD;
2019-08-21 14:47:47 - [MESSAGE][NOT_RUN] - NOT_RUN: delay(2, CONTINUE_ON_FAILURE)&#xD;
&#xD;
2019-08-21 14:47:47 - [TEST_STEP][PASSED] - delay(1, CONTINUE_ON_FAILURE): Delayed 1 second(s)&#xD;
&#xD;
2019-08-21 14:47:48 - [MESSAGE][PASSED] - Delayed 1 second(s)&#xD;
&#xD;
2019-08-21 14:47:48 - [TEST_STEP][PASSED] - click(findTestObject("Admin/Channels/Email/Send_Test_Mail/button_Cancel"), CONTINUE_ON_FAILURE): Object: 'Object Repository/Admin/Channels/Email/Send_Test_Mail/button_Cancel' is clicked on&#xD;
&#xD;
2019-08-21 14:47:48 - [MESSAGE][PASSED] - Object: 'Object Repository/Admin/Channels/Email/Send_Test_Mail/button_Cancel' is clicked on&#xD;
&#xD;
2019-08-21 14:47:48 - [TEST_STEP][PASSED] - delay(1, CONTINUE_ON_FAILURE): Delayed 1 second(s)&#xD;
&#xD;
2019-08-21 14:47:49 - [MESSAGE][PASSED] - Delayed 1 second(s)&#xD;
&#xD;
2019-08-21 14:47:49 - [TEST_STEP][PASSED] - click(findTestObject("Admin/Channels/Email/button_Save"), CONTINUE_ON_FAILURE): Object: 'Object Repository/Admin/Channels/Email/button_Save' is clicked on&#xD;
&#xD;
2019-08-21 14:47:49 - [MESSAGE][PASSED] - Object: 'Object Repository/Admin/Channels/Email/button_Save' is clicked on&#xD;
&#xD;
2019-08-21 14:47:49 - [TEST_STEP][NOT_RUN] - if (verifyElementNotPresent(findTestObject("Admin/Channels/Email/Channel_Contextual Menu"), 2, OPTIONAL)): NOT_RUN: if (verifyElementNotPresent(findTestObject("Admin/Channels/Email/Channel_Contextual Menu"), 2, OPTIONAL))&#xD;
&#xD;
2019-08-21 14:47:49 - [MESSAGE][NOT_RUN] - NOT_RUN: if (verifyElementNotPresent(findTestObject("Admin/Channels/Email/Channel_Contextual Menu"), 2, OPTIONAL))&#xD;
&#xD;
2019-08-21 14:47:49 - [TEST_STEP][NOT_RUN] - verifyElementClickable(findTestObject("Admin/Channels/Email/Contextual_Delete"), CONTINUE_ON_FAILURE): NOT_RUN: verifyElementClickable(findTestObject("Admin/Channels/Email/Contextual_Delete"), CONTINUE_ON_FAILURE)&#xD;
&#xD;
2019-08-21 14:47:49 - [MESSAGE][NOT_RUN] - NOT_RUN: verifyElementClickable(findTestObject("Admin/Channels/Email/Contextual_Delete"), CONTINUE_ON_FAILURE)&#xD;
&#xD;
2019-08-21 14:47:49 - [TEST_STEP][NOT_RUN] - verifyElementText(findTestObject("Admin/Channels/Email/Contextual_Delete"), "Delete", CONTINUE_ON_FAILURE): NOT_RUN: verifyElementText(findTestObject("Admin/Channels/Email/Contextual_Delete"), "Delete", CONTINUE_ON_FAILURE)&#xD;
&#xD;
2019-08-21 14:47:49 - [MESSAGE][NOT_RUN] - NOT_RUN: verifyElementText(findTestObject("Admin/Channels/Email/Contextual_Delete"), "Delete", CONTINUE_ON_FAILURE)&#xD;
&#xD;
2019-08-21 14:47:49 - [TEST_STEP][NOT_RUN] - verifyElementText(findTestObject("Admin/Channels/Email/Contextual_Properties"), "Properties", CONTINUE_ON_FAILURE): NOT_RUN: verifyElementText(findTestObject("Admin/Channels/Email/Contextual_Properties"), "Properties", CONTINUE_ON_FAILURE)&#xD;
&#xD;
2019-08-21 14:47:49 - [MESSAGE][NOT_RUN] - NOT_RUN: verifyElementText(findTestObject("Admin/Channels/Email/Contextual_Properties"), "Properties", CONTINUE_ON_FAILURE)&#xD;
&#xD;
2019-08-21 14:47:49 - [TEST_STEP][NOT_RUN] - click(findTestObject("Admin/Channels/Email/Contextual_Properties"), CONTINUE_ON_FAILURE): NOT_RUN: click(findTestObject("Admin/Channels/Email/Contextual_Properties"), CONTINUE_ON_FAILURE)&#xD;
&#xD;
2019-08-21 14:47:49 - [MESSAGE][NOT_RUN] - NOT_RUN: click(findTestObject("Admin/Channels/Email/Contextual_Properties"), CONTINUE_ON_FAILURE)&#xD;
&#xD;
2019-08-21 14:47:49 - [TEST_STEP][NOT_RUN] - click(findTestObject("Admin/Channels/Email/button_Save"), CONTINUE_ON_FAILURE): NOT_RUN: click(findTestObject("Admin/Channels/Email/button_Save"), CONTINUE_ON_FAILURE)&#xD;
&#xD;
2019-08-21 14:47:49 - [MESSAGE][NOT_RUN] - NOT_RUN: click(findTestObject("Admin/Channels/Email/button_Save"), CONTINUE_ON_FAILURE)&#xD;
&#xD;
2019-08-21 14:47:49 - [MESSAGE][PASSED] - Call Test Case 'Test Cases/Admin/Create_EmailChannel' successfully&#xD;
&#xD;
2019-08-21 14:47:49 - [TEST_STEP][PASSED] - delay(2, CONTINUE_ON_FAILURE): Delayed 2 second(s)&#xD;
&#xD;
2019-08-21 14:47:51 - [MESSAGE][PASSED] - Delayed 2 second(s)&#xD;
&#xD;
2019-08-21 14:47:51 - [TEST_STEP][PASSED] - callTestCase(findTestCase("Admin/Create_PrintChannel"), [:], CONTINUE_ON_FAILURE): Call Test Case 'Test Cases/Admin/Create_PrintChannel' successfully&#xD;
&#xD;
2019-08-21 14:47:51 - [TEST_CASE][PASSED] - Test Cases/Admin/Create_PrintChannel: Test Cases/Admin/Create_PrintChannel&#xD;
&#xD;
2019-08-21 14:47:51 - [TEST_STEP][PASSED] - waitForElementClickable(findTestObject("Admin/SettingsChannels/div_Channels"), 3, CONTINUE_ON_FAILURE): Object 'Object Repository/Admin/SettingsChannels/div_Channels' is clickable&#xD;
&#xD;
2019-08-21 14:47:51 - [MESSAGE][PASSED] - Object 'Object Repository/Admin/SettingsChannels/div_Channels' is clickable&#xD;
&#xD;
2019-08-21 14:47:51 - [TEST_STEP][PASSED] - delay(1, CONTINUE_ON_FAILURE): Delayed 1 second(s)&#xD;
&#xD;
2019-08-21 14:47:52 - [MESSAGE][PASSED] - Delayed 1 second(s)&#xD;
&#xD;
2019-08-21 14:47:52 - [TEST_STEP][PASSED] - click(findTestObject("Admin/SettingsChannels/div_Channels"), CONTINUE_ON_FAILURE): Object: 'Object Repository/Admin/SettingsChannels/div_Channels' is clicked on&#xD;
&#xD;
2019-08-21 14:47:52 - [MESSAGE][PASSED] - Object: 'Object Repository/Admin/SettingsChannels/div_Channels' is clicked on&#xD;
&#xD;
2019-08-21 14:47:52 - [TEST_STEP][PASSED] - click(findTestObject("Admin/SettingsChannels/button_New Channel"), CONTINUE_ON_FAILURE): Object: 'Object Repository/Admin/SettingsChannels/button_New Channel' is clicked on&#xD;
&#xD;
2019-08-21 14:47:52 - [MESSAGE][PASSED] - Object: 'Object Repository/Admin/SettingsChannels/button_New Channel' is clicked on&#xD;
&#xD;
2019-08-21 14:47:52 - [TEST_STEP][PASSED] - delay(1, CONTINUE_ON_FAILURE): Delayed 1 second(s)&#xD;
&#xD;
2019-08-21 14:47:53 - [MESSAGE][PASSED] - Delayed 1 second(s)&#xD;
&#xD;
2019-08-21 14:47:53 - [TEST_STEP][PASSED] - click(findTestObject("Admin/Channels/Print/select_PrintQueue"), CONTINUE_ON_FAILURE): Object: 'Object Repository/Admin/Channels/Print/select_PrintQueue' is clicked on&#xD;
&#xD;
2019-08-21 14:47:53 - [MESSAGE][PASSED] - Object: 'Object Repository/Admin/Channels/Print/select_PrintQueue' is clicked on&#xD;
&#xD;
2019-08-21 14:47:53 - [TEST_STEP][PASSED] - delay(1, CONTINUE_ON_FAILURE): Delayed 1 second(s)&#xD;
&#xD;
2019-08-21 14:47:54 - [MESSAGE][PASSED] - Delayed 1 second(s)&#xD;
&#xD;
2019-08-21 14:47:54 - [TEST_STEP][PASSED] - setText(findTestObject("Admin/Channels/Email/input_name"), "2_TesT_PrintConneCTIon1!@", CONTINUE_ON_FAILURE): Text '2_TesT_PrintConneCTIon1!@' is set on object 'Object Repository/Admin/Channels/Email/input_name'&#xD;
&#xD;
2019-08-21 14:47:55 - [MESSAGE][PASSED] - Text '2_TesT_PrintConneCTIon1!@' is set on object 'Object Repository/Admin/Channels/Email/input_name'&#xD;
&#xD;
2019-08-21 14:47:55 - [TEST_STEP][PASSED] - setText(findTestObject("Admin/Channels/Email/textarea_description"), "This is a Print connection that connects a Printer. !@#$1234{}][;'\:"|&lt;&gt;?/.,)(*&amp;^%+_-=ÆØÅ", CONTINUE_ON_FAILURE): Text 'This is a Print connection that connects a Printer. !@#$1234{}][;'\:"|&lt;&gt;?/.,)(*&amp;^%+_-=ÆØÅ' is set on object 'Object Repository/Admin/Channels/Email/textarea_description'&#xD;
&#xD;
2019-08-21 14:47:55 - [MESSAGE][PASSED] - Text 'This is a Print connection that connects a Printer. !@#$1234{}][;'\:"|&lt;&gt;?/.,)(*&amp;^%+_-=ÆØÅ' is set on object 'Object Repository/Admin/Channels/Email/textarea_description'&#xD;
&#xD;
2019-08-21 14:47:55 - [TEST_STEP][PASSED] - setText(findTestObject("Admin/Channels/Print/setText_PrinterName"), Printer_Name, CONTINUE_ON_FAILURE): Text 'ROECRPRN02' is set on object 'Object Repository/Admin/Channels/Print/setText_PrinterName'&#xD;
&#xD;
2019-08-21 14:47:55 - [MESSAGE][PASSED] - Text 'ROECRPRN02' is set on object 'Object Repository/Admin/Channels/Print/setText_PrinterName'&#xD;
&#xD;
2019-08-21 14:47:55 - [TEST_STEP][PASSED] - verifyElementClickable(findTestObject("Admin/Channels/Email/button_Cancel_channels"), CONTINUE_ON_FAILURE): Object 'Object Repository/Admin/Channels/Email/button_Cancel_channels' is clickable&#xD;
&#xD;
2019-08-21 14:47:55 - [MESSAGE][PASSED] - Object 'Object Repository/Admin/Channels/Email/button_Cancel_channels' is clickable&#xD;
&#xD;
2019-08-21 14:47:55 - [TEST_STEP][PASSED] - verifyElementClickable(findTestObject("Admin/Channels/Email/button_Save"), CONTINUE_ON_FAILURE): Object 'Object Repository/Admin/Channels/Email/button_Save' is clickable&#xD;
&#xD;
2019-08-21 14:47:55 - [MESSAGE][PASSED] - Object 'Object Repository/Admin/Channels/Email/button_Save' is clickable&#xD;
&#xD;
2019-08-21 14:47:55 - [TEST_STEP][PASSED] - click(findTestObject("Admin/Channels/Email/button_Save"), CONTINUE_ON_FAILURE): Object: 'Object Repository/Admin/Channels/Email/button_Save' is clicked on&#xD;
&#xD;
2019-08-21 14:47:55 - [MESSAGE][PASSED] - Object: 'Object Repository/Admin/Channels/Email/button_Save' is clicked on&#xD;
&#xD;
2019-08-21 14:47:55 - [MESSAGE][PASSED] - Call Test Case 'Test Cases/Admin/Create_PrintChannel' successfully&#xD;
&#xD;
2019-08-21 14:47:55 - [TEST_STEP][PASSED] - delay(2, CONTINUE_ON_FAILURE): Delayed 2 second(s)&#xD;
&#xD;
2019-08-21 14:47:57 - [MESSAGE][PASSED] - Delayed 2 second(s)&#xD;
&#xD;
2019-08-21 14:47:57 - [TEST_STEP][PASSED] - callTestCase(findTestCase("Admin/Create_SMSChannel"), [:], CONTINUE_ON_FAILURE): Call Test Case 'Test Cases/Admin/Create_SMSChannel' successfully&#xD;
&#xD;
2019-08-21 14:47:58 - [TEST_CASE][PASSED] - Test Cases/Admin/Create_SMSChannel: Test Cases/Admin/Create_SMSChannel&#xD;
&#xD;
2019-08-21 14:47:58 - [TEST_STEP][PASSED] - waitForElementClickable(findTestObject("Admin/SettingsChannels/div_Channels"), 3, CONTINUE_ON_FAILURE): Object 'Object Repository/Admin/SettingsChannels/div_Channels' is clickable&#xD;
&#xD;
2019-08-21 14:47:58 - [MESSAGE][PASSED] - Object 'Object Repository/Admin/SettingsChannels/div_Channels' is clickable&#xD;
&#xD;
2019-08-21 14:47:58 - [TEST_STEP][PASSED] - delay(1, CONTINUE_ON_FAILURE): Delayed 1 second(s)&#xD;
&#xD;
2019-08-21 14:47:59 - [MESSAGE][PASSED] - Delayed 1 second(s)&#xD;
&#xD;
2019-08-21 14:47:59 - [TEST_STEP][PASSED] - click(findTestObject("Admin/SettingsChannels/div_Channels"), CONTINUE_ON_FAILURE): Object: 'Object Repository/Admin/SettingsChannels/div_Channels' is clicked on&#xD;
&#xD;
2019-08-21 14:47:59 - [MESSAGE][PASSED] - Object: 'Object Repository/Admin/SettingsChannels/div_Channels' is clicked on&#xD;
&#xD;
2019-08-21 14:47:59 - [TEST_STEP][PASSED] - click(findTestObject("Admin/SettingsChannels/button_New Channel"), CONTINUE_ON_FAILURE): Object: 'Object Repository/Admin/SettingsChannels/button_New Channel' is clicked on&#xD;
&#xD;
2019-08-21 14:47:59 - [MESSAGE][PASSED] - Object: 'Object Repository/Admin/SettingsChannels/button_New Channel' is clicked on&#xD;
&#xD;
2019-08-21 14:47:59 - [TEST_STEP][PASSED] - delay(1, CONTINUE_ON_FAILURE): Delayed 1 second(s)&#xD;
&#xD;
2019-08-21 14:48:00 - [MESSAGE][PASSED] - Delayed 1 second(s)&#xD;
&#xD;
2019-08-21 14:48:00 - [TEST_STEP][PASSED] - click(findTestObject("Admin/Channels/SMS/select_SMSQueue"), CONTINUE_ON_FAILURE): Object: 'Object Repository/Admin/Channels/SMS/select_SMSQueue' is clicked on&#xD;
&#xD;
2019-08-21 14:48:00 - [MESSAGE][PASSED] - Object: 'Object Repository/Admin/Channels/SMS/select_SMSQueue' is clicked on&#xD;
&#xD;
2019-08-21 14:48:00 - [TEST_STEP][PASSED] - delay(1, CONTINUE_ON_FAILURE): Delayed 1 second(s)&#xD;
&#xD;
2019-08-21 14:48:01 - [MESSAGE][PASSED] - Delayed 1 second(s)&#xD;
&#xD;
2019-08-21 14:48:01 - [TEST_STEP][PASSED] - setText(findTestObject("Admin/Channels/Email/input_name"), "3_TesT_SMSConneCTIon1!@", CONTINUE_ON_FAILURE): Text '3_TesT_SMSConneCTIon1!@' is set on object 'Object Repository/Admin/Channels/Email/input_name'&#xD;
&#xD;
2019-08-21 14:48:01 - [MESSAGE][PASSED] - Text '3_TesT_SMSConneCTIon1!@' is set on object 'Object Repository/Admin/Channels/Email/input_name'&#xD;
&#xD;
2019-08-21 14:48:01 - [TEST_STEP][PASSED] - setText(findTestObject("Admin/Channels/Email/textarea_description"), "This is a SMS connection that connects a SMS. !@#$1234{}][;'\:"|&lt;&gt;?/.,)(*&amp;^%+_-=ÆØÅ", CONTINUE_ON_FAILURE): Text 'This is a SMS connection that connects a SMS. !@#$1234{}][;'\:"|&lt;&gt;?/.,)(*&amp;^%+_-=ÆØÅ' is set on object 'Object Repository/Admin/Channels/Email/textarea_description'&#xD;
&#xD;
2019-08-21 14:48:02 - [MESSAGE][PASSED] - Text 'This is a SMS connection that connects a SMS. !@#$1234{}][;'\:"|&lt;&gt;?/.,)(*&amp;^%+_-=ÆØÅ' is set on object 'Object Repository/Admin/Channels/Email/textarea_description'&#xD;
&#xD;
2019-08-21 14:48:02 - [TEST_STEP][PASSED] - verifyElementClickable(findTestObject("Admin/Channels/Email/button_Cancel_channels"), CONTINUE_ON_FAILURE): Object 'Object Repository/Admin/Channels/Email/button_Cancel_channels' is clickable&#xD;
&#xD;
2019-08-21 14:48:02 - [MESSAGE][PASSED] - Object 'Object Repository/Admin/Channels/Email/button_Cancel_channels' is clickable&#xD;
&#xD;
2019-08-21 14:48:02 - [TEST_STEP][PASSED] - verifyElementClickable(findTestObject("Admin/Channels/Email/button_Save"), CONTINUE_ON_FAILURE): Object 'Object Repository/Admin/Channels/Email/button_Save' is clickable&#xD;
&#xD;
2019-08-21 14:48:02 - [MESSAGE][PASSED] - Object 'Object Repository/Admin/Channels/Email/button_Save' is clickable&#xD;
&#xD;
2019-08-21 14:48:02 - [TEST_STEP][PASSED] - click(findTestObject("Admin/Channels/Email/button_Save"), CONTINUE_ON_FAILURE): Object: 'Object Repository/Admin/Channels/Email/button_Save' is clicked on&#xD;
&#xD;
2019-08-21 14:48:02 - [MESSAGE][PASSED] - Object: 'Object Repository/Admin/Channels/Email/button_Save' is clicked on&#xD;
&#xD;
2019-08-21 14:48:02 - [MESSAGE][PASSED] - Call Test Case 'Test Cases/Admin/Create_SMSChannel' successfully&#xD;
&#xD;
2019-08-21 14:48:02 - [TEST_STEP][PASSED] - delay(2, CONTINUE_ON_FAILURE): Delayed 2 second(s)&#xD;
&#xD;
2019-08-21 14:48:04 - [MESSAGE][PASSED] - Delayed 2 second(s)&#xD;
&#xD;
2019-08-21 14:48:04 - [TEST_STEP][PASSED] - verifyElementText(findTestObject("Admin/SettingsChannels/verify_EmailChannelExists"), "1_TesT_Email_ConneCTIon1!@", CONTINUE_ON_FAILURE): Actual text and expected text of test object 'Object Repository/Admin/SettingsChannels/verify_EmailChannelExists' are matched.&#xD;
&#xD;
2019-08-21 14:48:04 - [MESSAGE][PASSED] - Actual text and expected text of test object 'Object Repository/Admin/SettingsChannels/verify_EmailChannelExists' are matched.&#xD;
&#xD;
2019-08-21 14:48:04 - [TEST_STEP][PASSED] - verifyElementText(findTestObject("Admin/SettingsChannels/verify_PrintChannelExists"), "2_TesT_PrintConneCTIon1!@", CONTINUE_ON_FAILURE): Actual text and expected text of test object 'Object Repository/Admin/SettingsChannels/verify_PrintChannelExists' are matched.&#xD;
&#xD;
2019-08-21 14:48:04 - [MESSAGE][PASSED] - Actual text and expected text of test object 'Object Repository/Admin/SettingsChannels/verify_PrintChannelExists' are matched.&#xD;
&#xD;
2019-08-21 14:48:04 - [TEST_STEP][PASSED] - verifyElementText(findTestObject("Admin/SettingsChannels/verify_SMSChannelExists"), "3_TesT_SMSConneCTIon1!@", CONTINUE_ON_FAILURE): Actual text and expected text of test object 'Object Repository/Admin/SettingsChannels/verify_SMSChannelExists' are matched.&#xD;
&#xD;
2019-08-21 14:48:04 - [MESSAGE][PASSED] - Actual text and expected text of test object 'Object Repository/Admin/SettingsChannels/verify_SMSChannelExists' are matched.&#xD;
&#xD;
2019-08-21 14:48:04 - [MESSAGE][PASSED] - Call Test Case 'Test Cases/Admin/Admin_Settings' successfully&#xD;
&#xD;
2019-08-21 14:48:04 - [TEST_STEP][PASSED] - delay(2, CONTINUE_ON_FAILURE): Delayed 2 second(s)&#xD;
&#xD;
2019-08-21 14:48:06 - [MESSAGE][PASSED] - Delayed 2 second(s)&#xD;
&#xD;
2019-08-21 14:48:06 - [TEST_STEP][NOT_RUN] - callTestCase(findTestCase("Admin/ES_LIcensesTests"), [:], CONTINUE_ON_FAILURE): NOT_RUN: callTestCase(findTestCase("Admin/ES_LIcensesTests"), [:], CONTINUE_ON_FAILURE)&#xD;
&#xD;
2019-08-21 14:48:06 - [MESSAGE][NOT_RUN] - NOT_RUN: callTestCase(findTestCase("Admin/ES_LIcensesTests"), [:], CONTINUE_ON_FAILURE)&#xD;
&#xD;
2019-08-21 14:48:06 - [TEST_STEP][NOT_RUN] - delay(2, CONTINUE_ON_FAILURE): NOT_RUN: delay(2, CONTINUE_ON_FAILURE)&#xD;
&#xD;
2019-08-21 14:48:06 - [MESSAGE][NOT_RUN] - NOT_RUN: delay(2, CONTINUE_ON_FAILURE)&#xD;
&#xD;
2019-08-21 14:48:06 - [TEST_STEP][PASSED] - callTestCase(findTestCase("Contacts/Create_Contact"), [:], CONTINUE_ON_FAILURE): Call Test Case 'Test Cases/Contacts/Create_Contact' successfully&#xD;
&#xD;
2019-08-21 14:48:06 - [TEST_CASE][PASSED] - Test Cases/Contacts/Create_Contact: Test Cases/Contacts/Create_Contact&#xD;
&#xD;
2019-08-21 14:48:06 - [TEST_STEP][NOT_RUN] - callTestCase(findTestCase("Main Login Page/login_Enterprise"), [:], STOP_ON_FAILURE): NOT_RUN: callTestCase(findTestCase("Main Login Page/login_Enterprise"), [:], STOP_ON_FAILURE)&#xD;
&#xD;
2019-08-21 14:48:06 - [MESSAGE][NOT_RUN] - NOT_RUN: callTestCase(findTestCase("Main Login Page/login_Enterprise"), [:], STOP_ON_FAILURE)&#xD;
&#xD;
2019-08-21 14:48:06 - [TEST_STEP][PASSED] - navigateToUrl(url_enterprise, CONTINUE_ON_FAILURE): Navigate to 'http://192.168.1.97:8094/' successfully&#xD;
&#xD;
2019-08-21 14:48:06 - [MESSAGE][PASSED] - Navigate to 'http://192.168.1.97:8094/' successfully&#xD;
&#xD;
2019-08-21 14:48:06 - [TEST_STEP][PASSED] - click(findTestObject("Contacts/Page_Welcome - EOS/a_Contacts"), CONTINUE_ON_FAILURE): Object: 'Object Repository/Contacts/Page_Welcome - EOS/a_Contacts' is clicked on&#xD;
&#xD;
2019-08-21 14:48:07 - [MESSAGE][PASSED] - Object: 'Object Repository/Contacts/Page_Welcome - EOS/a_Contacts' is clicked on&#xD;
&#xD;
2019-08-21 14:48:07 - [TEST_STEP][PASSED] - click(findTestObject("Contacts/Page_Contacts/button_New"), CONTINUE_ON_FAILURE): Object: 'Object Repository/Contacts/Page_Contacts/button_New' is clicked on&#xD;
&#xD;
2019-08-21 14:48:08 - [MESSAGE][PASSED] - Object: 'Object Repository/Contacts/Page_Contacts/button_New' is clicked on&#xD;
&#xD;
2019-08-21 14:48:08 - [TEST_STEP][PASSED] - click(findTestObject("Contacts/Page_Contacts/a_Contact"), CONTINUE_ON_FAILURE): Object: 'Object Repository/Contacts/Page_Contacts/a_Contact' is clicked on&#xD;
&#xD;
2019-08-21 14:48:08 - [MESSAGE][PASSED] - Object: 'Object Repository/Contacts/Page_Contacts/a_Contact' is clicked on&#xD;
&#xD;
2019-08-21 14:48:08 - [TEST_STEP][PASSED] - setText(findTestObject("Contacts/Page_Contacts/input_FirstName"), "TestContact", CONTINUE_ON_FAILURE): Text 'TestContact' is set on object 'Object Repository/Contacts/Page_Contacts/input_FirstName'&#xD;
&#xD;
2019-08-21 14:48:09 - [MESSAGE][PASSED] - Text 'TestContact' is set on object 'Object Repository/Contacts/Page_Contacts/input_FirstName'&#xD;
&#xD;
2019-08-21 14:48:09 - [TEST_STEP][PASSED] - setText(findTestObject("Contacts/Page_Contacts/input_LAstName"), "TestContactLM", CONTINUE_ON_FAILURE): Text 'TestContactLM' is set on object 'Object Repository/Contacts/Page_Contacts/input_LAstName'&#xD;
&#xD;
2019-08-21 14:48:09 - [MESSAGE][PASSED] - Text 'TestContactLM' is set on object 'Object Repository/Contacts/Page_Contacts/input_LAstName'&#xD;
&#xD;
2019-08-21 14:48:09 - [TEST_STEP][PASSED] - setText(findTestObject("Contacts/Page_Contacts/input_email"), "test@test.test", CONTINUE_ON_FAILURE): Text 'test@test.test' is set on object 'Object Repository/Contacts/Page_Contacts/input_email'&#xD;
&#xD;
2019-08-21 14:48:09 - [MESSAGE][PASSED] - Text 'test@test.test' is set on object 'Object Repository/Contacts/Page_Contacts/input_email'&#xD;
&#xD;
2019-08-21 14:48:09 - [TEST_STEP][PASSED] - setText(findTestObject("Contacts/Page_Contacts/input_Phone"), "02123456789", CONTINUE_ON_FAILURE): Text '02123456789' is set on object 'Object Repository/Contacts/Page_Contacts/input_Phone'&#xD;
&#xD;
2019-08-21 14:48:10 - [MESSAGE][PASSED] - Text '02123456789' is set on object 'Object Repository/Contacts/Page_Contacts/input_Phone'&#xD;
&#xD;
2019-08-21 14:48:10 - [TEST_STEP][PASSED] - setText(findTestObject("Contacts/Page_Contacts/input_contactNO"), "13", CONTINUE_ON_FAILURE): Text '13' is set on object 'Object Repository/Contacts/Page_Contacts/input_contactNO'&#xD;
&#xD;
2019-08-21 14:48:10 - [MESSAGE][PASSED] - Text '13' is set on object 'Object Repository/Contacts/Page_Contacts/input_contactNO'&#xD;
&#xD;
2019-08-21 14:48:10 - [TEST_STEP][PASSED] - setText(findTestObject("Contacts/Page_Contacts/input_mobile"), "0712345678", CONTINUE_ON_FAILURE): Text '0712345678' is set on object 'Object Repository/Contacts/Page_Contacts/input_mobile'&#xD;
&#xD;
2019-08-21 14:48:10 - [MESSAGE][PASSED] - Text '0712345678' is set on object 'Object Repository/Contacts/Page_Contacts/input_mobile'&#xD;
&#xD;
2019-08-21 14:48:10 - [TEST_STEP][PASSED] - check(findTestObject("Contacts/Page_Contacts/input_PrimaryContact"), CONTINUE_ON_FAILURE): Object 'Object Repository/Contacts/Page_Contacts/input_PrimaryContact' is checked&#xD;
&#xD;
2019-08-21 14:48:10 - [MESSAGE][PASSED] - Object 'Object Repository/Contacts/Page_Contacts/input_PrimaryContact' is checked&#xD;
&#xD;
2019-08-21 14:48:10 - [TEST_STEP][PASSED] - click(findTestObject("Contacts/Page_Contacts/a_Address"), CONTINUE_ON_FAILURE): Object: 'Object Repository/Contacts/Page_Contacts/a_Address' is clicked on&#xD;
&#xD;
2019-08-21 14:48:10 - [MESSAGE][PASSED] - Object: 'Object Repository/Contacts/Page_Contacts/a_Address' is clicked on&#xD;
&#xD;
2019-08-21 14:48:10 - [TEST_STEP][PASSED] - setText(findTestObject("Contacts/Page_Contacts/input_Street"), "QA Street", CONTINUE_ON_FAILURE): Text 'QA Street' is set on object 'Object Repository/Contacts/Page_Contacts/input_Street'&#xD;
&#xD;
2019-08-21 14:48:10 - [MESSAGE][PASSED] - Text 'QA Street' is set on object 'Object Repository/Contacts/Page_Contacts/input_Street'&#xD;
&#xD;
2019-08-21 14:48:10 - [TEST_STEP][PASSED] - setText(findTestObject("Contacts/Page_Contacts/input_ZipPostalCode"), "777", CONTINUE_ON_FAILURE): Text '777' is set on object 'Object Repository/Contacts/Page_Contacts/input_ZipPostalCode'&#xD;
&#xD;
2019-08-21 14:48:10 - [MESSAGE][PASSED] - Text '777' is set on object 'Object Repository/Contacts/Page_Contacts/input_ZipPostalCode'&#xD;
&#xD;
2019-08-21 14:48:10 - [TEST_STEP][PASSED] - setText(findTestObject("Contacts/Page_Contacts/input_City"), "QA City", CONTINUE_ON_FAILURE): Text 'QA City' is set on object 'Object Repository/Contacts/Page_Contacts/input_City'&#xD;
&#xD;
2019-08-21 14:48:10 - [MESSAGE][PASSED] - Text 'QA City' is set on object 'Object Repository/Contacts/Page_Contacts/input_City'&#xD;
&#xD;
2019-08-21 14:48:10 - [TEST_STEP][PASSED] - setText(findTestObject("Contacts/Page_Contacts/input_State"), "QA State", CONTINUE_ON_FAILURE): Text 'QA State' is set on object 'Object Repository/Contacts/Page_Contacts/input_State'&#xD;
&#xD;
2019-08-21 14:48:11 - [MESSAGE][PASSED] - Text 'QA State' is set on object 'Object Repository/Contacts/Page_Contacts/input_State'&#xD;
&#xD;
2019-08-21 14:48:11 - [TEST_STEP][PASSED] - setText(findTestObject("Contacts/Page_Contacts/input_Country"), "QA Country", CONTINUE_ON_FAILURE): Text 'QA Country' is set on object 'Object Repository/Contacts/Page_Contacts/input_Country'&#xD;
&#xD;
2019-08-21 14:48:11 - [MESSAGE][PASSED] - Text 'QA Country' is set on object 'Object Repository/Contacts/Page_Contacts/input_Country'&#xD;
&#xD;
2019-08-21 14:48:11 - [TEST_STEP][PASSED] - click(findTestObject("Contacts/Page_Contacts/a_Demographics"), CONTINUE_ON_FAILURE): Object: 'Object Repository/Contacts/Page_Contacts/a_Demographics' is clicked on&#xD;
&#xD;
2019-08-21 14:48:11 - [MESSAGE][PASSED] - Object: 'Object Repository/Contacts/Page_Contacts/a_Demographics' is clicked on&#xD;
&#xD;
2019-08-21 14:48:11 - [TEST_STEP][PASSED] - setText(findTestObject("Contacts/Page_Contacts/input_DateOfBirth"), "010186", CONTINUE_ON_FAILURE): Text '010186' is set on object 'Object Repository/Contacts/Page_Contacts/input_DateOfBirth'&#xD;
&#xD;
2019-08-21 14:48:11 - [MESSAGE][PASSED] - Text '010186' is set on object 'Object Repository/Contacts/Page_Contacts/input_DateOfBirth'&#xD;
&#xD;
2019-08-21 14:48:11 - [TEST_STEP][PASSED] - click(findTestObject("Contacts/Page_Contacts/a_Sales"), CONTINUE_ON_FAILURE): Object: 'Object Repository/Contacts/Page_Contacts/a_Sales' is clicked on&#xD;
&#xD;
2019-08-21 14:48:11 - [MESSAGE][PASSED] - Object: 'Object Repository/Contacts/Page_Contacts/a_Sales' is clicked on&#xD;
&#xD;
2019-08-21 14:48:11 - [TEST_STEP][PASSED] - setText(findTestObject("Contacts/Page_Contacts/input_Company"), "QA Inc Ltd", CONTINUE_ON_FAILURE): Text 'QA Inc Ltd' is set on object 'Object Repository/Contacts/Page_Contacts/input_Company'&#xD;
&#xD;
2019-08-21 14:48:11 - [MESSAGE][PASSED] - Text 'QA Inc Ltd' is set on object 'Object Repository/Contacts/Page_Contacts/input_Company'&#xD;
&#xD;
2019-08-21 14:48:11 - [TEST_STEP][PASSED] - setText(findTestObject("Contacts/Page_Contacts/input_Title"), "Mr. QA", CONTINUE_ON_FAILURE): Text 'Mr. QA' is set on object 'Object Repository/Contacts/Page_Contacts/input_Title'&#xD;
&#xD;
2019-08-21 14:48:11 - [MESSAGE][PASSED] - Text 'Mr. QA' is set on object 'Object Repository/Contacts/Page_Contacts/input_Title'&#xD;
&#xD;
2019-08-21 14:48:11 - [TEST_STEP][PASSED] - setText(findTestObject("Contacts/Page_Contacts/input_Industry"), "QA", CONTINUE_ON_FAILURE): Text 'QA' is set on object 'Object Repository/Contacts/Page_Contacts/input_Industry'&#xD;
&#xD;
2019-08-21 14:48:12 - [MESSAGE][PASSED] - Text 'QA' is set on object 'Object Repository/Contacts/Page_Contacts/input_Industry'&#xD;
&#xD;
2019-08-21 14:48:12 - [TEST_STEP][PASSED] - setText(findTestObject("Contacts/Page_Contacts/input_LeadSource"), "Automation", CONTINUE_ON_FAILURE): Text 'Automation' is set on object 'Object Repository/Contacts/Page_Contacts/input_LeadSource'&#xD;
&#xD;
2019-08-21 14:48:12 - [MESSAGE][PASSED] - Text 'Automation' is set on object 'Object Repository/Contacts/Page_Contacts/input_LeadSource'&#xD;
&#xD;
2019-08-21 14:48:12 - [TEST_STEP][PASSED] - click(findTestObject("Contacts/Page_Contacts/input_modalOkBtn"), CONTINUE_ON_FAILURE): Object: 'Object Repository/Contacts/Page_Contacts/input_modalOkBtn' is clicked on&#xD;
&#xD;
2019-08-21 14:48:12 - [MESSAGE][PASSED] - Object: 'Object Repository/Contacts/Page_Contacts/input_modalOkBtn' is clicked on&#xD;
&#xD;
2019-08-21 14:48:12 - [TEST_STEP][PASSED] - delay(2, CONTINUE_ON_FAILURE): Delayed 2 second(s)&#xD;
&#xD;
2019-08-21 14:48:14 - [MESSAGE][PASSED] - Delayed 2 second(s)&#xD;
&#xD;
2019-08-21 14:48:14 - [TEST_STEP][PASSED] - verifyElementPresent(findTestObject("Contacts/Page_Contacts/verify_Createdcontact"), 3, CONTINUE_ON_FAILURE): Object 'Object Repository/Contacts/Page_Contacts/verify_Createdcontact' is present&#xD;
&#xD;
2019-08-21 14:48:14 - [MESSAGE][PASSED] - Object 'Object Repository/Contacts/Page_Contacts/verify_Createdcontact' is present&#xD;
&#xD;
2019-08-21 14:48:14 - [TEST_STEP][PASSED] - click(findTestObject("Contacts/Page_Contacts/verify_Createdcontact"), CONTINUE_ON_FAILURE): Object: 'Object Repository/Contacts/Page_Contacts/verify_Createdcontact' is clicked on&#xD;
&#xD;
2019-08-21 14:48:14 - [MESSAGE][PASSED] - Object: 'Object Repository/Contacts/Page_Contacts/verify_Createdcontact' is clicked on&#xD;
&#xD;
2019-08-21 14:48:14 - [MESSAGE][PASSED] - Call Test Case 'Test Cases/Contacts/Create_Contact' successfully&#xD;
&#xD;
2019-08-21 14:48:14 - [TEST_STEP][PASSED] - delay(2): Delayed 2 second(s)&#xD;
&#xD;
2019-08-21 14:48:16 - [MESSAGE][PASSED] - Delayed 2 second(s)&#xD;
&#xD;
2019-08-21 14:48:16 - [TEST_STEP][PASSED] - callTestCase(findTestCase("Workspaces/Create_Workspace"), [:], STOP_ON_FAILURE): Call Test Case 'Test Cases/Workspaces/Create_Workspace' successfully&#xD;
&#xD;
2019-08-21 14:48:16 - [TEST_CASE][PASSED] - Test Cases/Workspaces/Create_Workspace: Test Cases/Workspaces/Create_Workspace&#xD;
&#xD;
2019-08-21 14:48:16 - [TEST_STEP][NOT_RUN] - callTestCase(findTestCase("Main Login Page/login_Enterprise"), [:], CONTINUE_ON_FAILURE): NOT_RUN: callTestCase(findTestCase("Main Login Page/login_Enterprise"), [:], CONTINUE_ON_FAILURE)&#xD;
&#xD;
2019-08-21 14:48:16 - [MESSAGE][NOT_RUN] - NOT_RUN: callTestCase(findTestCase("Main Login Page/login_Enterprise"), [:], CONTINUE_ON_FAILURE)&#xD;
&#xD;
2019-08-21 14:48:16 - [TEST_STEP][PASSED] - navigateToUrl(url_enterprise): Navigate to 'http://192.168.1.97:8094/' successfully&#xD;
&#xD;
2019-08-21 14:48:16 - [MESSAGE][PASSED] - Navigate to 'http://192.168.1.97:8094/' successfully&#xD;
&#xD;
2019-08-21 14:48:16 - [TEST_STEP][PASSED] - click(findTestObject("Workspaces/a_Workspaces"), CONTINUE_ON_FAILURE): Object: 'Object Repository/Workspaces/a_Workspaces' is clicked on&#xD;
&#xD;
2019-08-21 14:48:17 - [MESSAGE][PASSED] - Object: 'Object Repository/Workspaces/a_Workspaces' is clicked on&#xD;
&#xD;
2019-08-21 14:48:17 - [TEST_STEP][PASSED] - delay(1): Delayed 1 second(s)&#xD;
&#xD;
2019-08-21 14:48:18 - [MESSAGE][PASSED] - Delayed 1 second(s)&#xD;
&#xD;
2019-08-21 14:48:18 - [TEST_STEP][PASSED] - click(findTestObject("Workspaces/button_New Workspace"), CONTINUE_ON_FAILURE): Object: 'Object Repository/Workspaces/button_New Workspace' is clicked on&#xD;
&#xD;
2019-08-21 14:48:18 - [MESSAGE][PASSED] - Object: 'Object Repository/Workspaces/button_New Workspace' is clicked on&#xD;
&#xD;
2019-08-21 14:48:18 - [TEST_STEP][PASSED] - callTestCase(findTestCase("Workspaces/Verifications/Verifications_CreateWorkspace"), [:], CONTINUE_ON_FAILURE): Call Test Case 'Test Cases/Workspaces/Verifications/Verifications_CreateWorkspace' successfully&#xD;
&#xD;
2019-08-21 14:48:19 - [TEST_CASE][PASSED] - Test Cases/Workspaces/Verifications/Verifications_CreateWorkspace: Test Cases/Workspaces/Verifications/Verifications_CreateWorkspace&#xD;
&#xD;
2019-08-21 14:48:19 - [TEST_STEP][PASSED] - verifyElementClickable(findTestObject("Workspaces/button_Close"), CONTINUE_ON_FAILURE): Object 'Object Repository/Workspaces/button_Close' is clickable&#xD;
&#xD;
2019-08-21 14:48:19 - [MESSAGE][PASSED] - Object 'Object Repository/Workspaces/button_Close' is clickable&#xD;
&#xD;
2019-08-21 14:48:19 - [TEST_STEP][PASSED] - verifyElementText(findTestObject("Workspaces/label_Description"), "Description", CONTINUE_ON_FAILURE): Actual text and expected text of test object 'Object Repository/Workspaces/label_Description' are matched.&#xD;
&#xD;
2019-08-21 14:48:19 - [MESSAGE][PASSED] - Actual text and expected text of test object 'Object Repository/Workspaces/label_Description' are matched.&#xD;
&#xD;
2019-08-21 14:48:19 - [TEST_STEP][PASSED] - verifyElementText(findTestObject("Workspaces/label_Workspace Name"), "Workspace Name", CONTINUE_ON_FAILURE): Actual text and expected text of test object 'Object Repository/Workspaces/label_Workspace Name' are matched.&#xD;
&#xD;
2019-08-21 14:48:19 - [MESSAGE][PASSED] - Actual text and expected text of test object 'Object Repository/Workspaces/label_Workspace Name' are matched.&#xD;
&#xD;
2019-08-21 14:48:19 - [TEST_STEP][PASSED] - verifyElementText(findTestObject("Workspaces/button_Close"), "Close", CONTINUE_ON_FAILURE): Actual text and expected text of test object 'Object Repository/Workspaces/button_Close' are matched.&#xD;
&#xD;
2019-08-21 14:48:19 - [MESSAGE][PASSED] - Actual text and expected text of test object 'Object Repository/Workspaces/button_Close' are matched.&#xD;
&#xD;
2019-08-21 14:48:19 - [TEST_STEP][PASSED] - verifyElementText(findTestObject("Workspaces/title_NewWorkspace"), "New Workspace", CONTINUE_ON_FAILURE): Actual text and expected text of test object 'Object Repository/Workspaces/title_NewWorkspace' are matched.&#xD;
&#xD;
2019-08-21 14:48:19 - [MESSAGE][PASSED] - Actual text and expected text of test object 'Object Repository/Workspaces/title_NewWorkspace' are matched.&#xD;
&#xD;
2019-08-21 14:48:19 - [MESSAGE][PASSED] - Call Test Case 'Test Cases/Workspaces/Verifications/Verifications_CreateWorkspace' successfully&#xD;
&#xD;
2019-08-21 14:48:19 - [TEST_STEP][PASSED] - setText(findTestObject("Workspaces/input_Workspace Name_workspace_Name"), Workspace_Name, CONTINUE_ON_FAILURE): Text 'Test' is set on object 'Object Repository/Workspaces/input_Workspace Name_workspace_Name'&#xD;
&#xD;
2019-08-21 14:48:19 - [MESSAGE][PASSED] - Text 'Test' is set on object 'Object Repository/Workspaces/input_Workspace Name_workspace_Name'&#xD;
&#xD;
2019-08-21 14:48:19 - [TEST_STEP][PASSED] - setText(findTestObject("Workspaces/textarea_Description_workspace_Description"), "This is the second workspace", CONTINUE_ON_FAILURE): Text 'This is the second workspace' is set on object 'Object Repository/Workspaces/textarea_Description_workspace_Description'&#xD;
&#xD;
2019-08-21 14:48:20 - [MESSAGE][PASSED] - Text 'This is the second workspace' is set on object 'Object Repository/Workspaces/textarea_Description_workspace_Description'&#xD;
&#xD;
2019-08-21 14:48:20 - [TEST_STEP][PASSED] - delay(1): Delayed 1 second(s)&#xD;
&#xD;
2019-08-21 14:48:21 - [MESSAGE][PASSED] - Delayed 1 second(s)&#xD;
&#xD;
2019-08-21 14:48:21 - [TEST_STEP][PASSED] - click(findTestObject("Workspaces/button_createWorkspaceBtn"), CONTINUE_ON_FAILURE): Object: 'Object Repository/Workspaces/button_createWorkspaceBtn' is clicked on&#xD;
&#xD;
2019-08-21 14:48:21 - [MESSAGE][PASSED] - Object: 'Object Repository/Workspaces/button_createWorkspaceBtn' is clicked on&#xD;
&#xD;
2019-08-21 14:48:21 - [TEST_STEP][PASSED] - delay(1): Delayed 1 second(s)&#xD;
&#xD;
2019-08-21 14:48:22 - [MESSAGE][PASSED] - Delayed 1 second(s)&#xD;
&#xD;
2019-08-21 14:48:22 - [TEST_STEP][PASSED] - verifyElementVisible(findTestObject("Workspaces/verify_CreatedWorkspace")): Object 'Object Repository/Workspaces/verify_CreatedWorkspace' is visible&#xD;
&#xD;
2019-08-21 14:48:22 - [MESSAGE][PASSED] - Object 'Object Repository/Workspaces/verify_CreatedWorkspace' is visible&#xD;
&#xD;
2019-08-21 14:48:22 - [TEST_STEP][PASSED] - verifyElementVisible(findTestObject("Workspaces/verify_JobsActiviry")): Object 'Object Repository/Workspaces/verify_JobsActiviry' is visible&#xD;
&#xD;
2019-08-21 14:48:22 - [MESSAGE][PASSED] - Object 'Object Repository/Workspaces/verify_JobsActiviry' is visible&#xD;
&#xD;
2019-08-21 14:48:22 - [TEST_STEP][PASSED] - verifyElementVisible(findTestObject("Workspaces/verify_Schedules")): Object 'Object Repository/Workspaces/verify_Schedules' is visible&#xD;
&#xD;
2019-08-21 14:48:22 - [MESSAGE][PASSED] - Object 'Object Repository/Workspaces/verify_Schedules' is visible&#xD;
&#xD;
2019-08-21 14:48:22 - [TEST_STEP][PASSED] - verifyElementVisible(findTestObject("Workspaces/verify_Triggers")): Object 'Object Repository/Workspaces/verify_Triggers' is visible&#xD;
&#xD;
2019-08-21 14:48:22 - [MESSAGE][PASSED] - Object 'Object Repository/Workspaces/verify_Triggers' is visible&#xD;
&#xD;
2019-08-21 14:48:22 - [TEST_STEP][PASSED] - verifyElementText(findTestObject("Workspaces/verify_CreatedWorkspace"), Workspace_Name): Actual text and expected text of test object 'Object Repository/Workspaces/verify_CreatedWorkspace' are matched.&#xD;
&#xD;
2019-08-21 14:48:22 - [MESSAGE][PASSED] - Actual text and expected text of test object 'Object Repository/Workspaces/verify_CreatedWorkspace' are matched.&#xD;
&#xD;
2019-08-21 14:48:22 - [MESSAGE][PASSED] - Call Test Case 'Test Cases/Workspaces/Create_Workspace' successfully&#xD;
&#xD;
2019-08-21 14:48:22 - [TEST_STEP][PASSED] - delay(2, CONTINUE_ON_FAILURE): Delayed 2 second(s)&#xD;
&#xD;
2019-08-21 14:48:24 - [MESSAGE][PASSED] - Delayed 2 second(s)&#xD;
&#xD;
2019-08-21 14:48:24 - [TEST_STEP][PASSED] - callTestCase(findTestCase("Groups_Users/Create Group_Users"), [:], CONTINUE_ON_FAILURE): Call Test Case 'Test Cases/Groups_Users/Create Group_Users' successfully&#xD;
&#xD;
2019-08-21 14:48:24 - [TEST_CASE][PASSED] - Test Cases/Groups_Users/Create Group_Users: Test Cases/Groups_Users/Create Group_Users&#xD;
&#xD;
2019-08-21 14:48:25 - [TEST_STEP][PASSED] - callTestCase(findTestCase("Main Login Page/login_Enterprise"), [:], STOP_ON_FAILURE): Call Test Case 'Test Cases/Main Login Page/login_Enterprise' successfully&#xD;
&#xD;
2019-08-21 14:48:25 - [TEST_CASE][PASSED] - Test Cases/Main Login Page/login_Enterprise: Test Cases/Main Login Page/login_Enterprise&#xD;
&#xD;
2019-08-21 14:48:25 - [TEST_STEP][PASSED] - openBrowser(url_enterprise, STOP_ON_FAILURE): Browser is opened with url: 'http://192.168.1.97:8094/'&#xD;
&#xD;
2019-08-21 14:48:25 - [MESSAGE][WARNING] - A browser is already opened. Closing browser and opening a new one&#xD;
&#xD;
2019-08-21 14:48:25 - [MESSAGE][INFO] - Starting 'Chrome' driver&#xD;
&#xD;
2019-08-21 14:48:28 - [MESSAGE][PASSED] - Browser is opened with url: 'http://192.168.1.97:8094/'&#xD;
&#xD;
2019-08-21 14:48:28 - [TEST_STEP][PASSED] - maximizeWindow(): Current window maximized&#xD;
&#xD;
2019-08-21 14:48:29 - [MESSAGE][PASSED] - Current window maximized&#xD;
&#xD;
2019-08-21 14:48:29 - [TEST_STEP][PASSED] - setText(findTestObject("Main Login Page/input_userName"), Username_Admin, CONTINUE_ON_FAILURE): Text 'Ere' is set on object 'Object Repository/Main Login Page/input_userName'&#xD;
&#xD;
2019-08-21 14:48:29 - [MESSAGE][PASSED] - Text 'Ere' is set on object 'Object Repository/Main Login Page/input_userName'&#xD;
&#xD;
2019-08-21 14:48:29 - [TEST_STEP][PASSED] - setText(findTestObject("Main Login Page/input_password"), Password_Admin, CONTINUE_ON_FAILURE): Text 'ere123' is set on object 'Object Repository/Main Login Page/input_password'&#xD;
&#xD;
2019-08-21 14:48:29 - [MESSAGE][PASSED] - Text 'ere123' is set on object 'Object Repository/Main Login Page/input_password'&#xD;
&#xD;
2019-08-21 14:48:29 - [TEST_STEP][PASSED] - click(findTestObject("Main Login Page/button_Sign in"), CONTINUE_ON_FAILURE): Object: 'Object Repository/Main Login Page/button_Sign in' is clicked on&#xD;
&#xD;
2019-08-21 14:48:30 - [MESSAGE][PASSED] - Object: 'Object Repository/Main Login Page/button_Sign in' is clicked on&#xD;
&#xD;
2019-08-21 14:48:30 - [TEST_STEP][PASSED] - delay(1, CONTINUE_ON_FAILURE): Delayed 1 second(s)&#xD;
&#xD;
2019-08-21 14:48:31 - [MESSAGE][PASSED] - Delayed 1 second(s)&#xD;
&#xD;
2019-08-21 14:48:31 - [TEST_STEP][PASSED] - if (verifyElementVisible(findTestObject("Main Login Page/Multiple environments/Environment Selector"), OPTIONAL)): Delayed 2 second(s)&#xD;
&#xD;
2019-08-21 14:48:31 - [MESSAGE][PASSED] - Object 'Object Repository/Main Login Page/Multiple environments/Environment Selector' is visible&#xD;
&#xD;
2019-08-21 14:48:31 - [TEST_STEP][NOT_RUN] - delay(1, CONTINUE_ON_FAILURE): NOT_RUN: delay(1, CONTINUE_ON_FAILURE)&#xD;
&#xD;
2019-08-21 14:48:31 - [MESSAGE][NOT_RUN] - NOT_RUN: delay(1, CONTINUE_ON_FAILURE)&#xD;
&#xD;
2019-08-21 14:48:31 - [TEST_STEP][PASSED] - waitForElementClickable(findTestObject("Main Login Page/Multiple environments/button_Continue"), 0, CONTINUE_ON_FAILURE): Object 'Object Repository/Main Login Page/Multiple environments/button_Continue' is clickable&#xD;
&#xD;
2019-08-21 14:48:31 - [MESSAGE][WARNING] - Timeout '0' is invalid. Using default page load timeout: '5'&#xD;
&#xD;
2019-08-21 14:48:31 - [MESSAGE][PASSED] - Object 'Object Repository/Main Login Page/Multiple environments/button_Continue' is clickable&#xD;
&#xD;
2019-08-21 14:48:31 - [TEST_STEP][PASSED] - click(findTestObject("Main Login Page/Multiple environments/Environment Selector"), CONTINUE_ON_FAILURE): Object: 'Object Repository/Main Login Page/Multiple environments/Environment Selector' is clicked on&#xD;
&#xD;
2019-08-21 14:48:31 - [MESSAGE][PASSED] - Object: 'Object Repository/Main Login Page/Multiple environments/Environment Selector' is clicked on&#xD;
&#xD;
2019-08-21 14:48:31 - [TEST_STEP][PASSED] - waitForElementVisible(findTestObject("Main Login Page/Multiple environments/button_Continue"), 1, CONTINUE_ON_FAILURE): Object 'Object Repository/Main Login Page/Multiple environments/button_Continue' is visible&#xD;
&#xD;
2019-08-21 14:48:31 - [MESSAGE][PASSED] - Object 'Object Repository/Main Login Page/Multiple environments/button_Continue' is visible&#xD;
&#xD;
2019-08-21 14:48:31 - [TEST_STEP][PASSED] - click(findTestObject("Main Login Page/Multiple environments/button_Continue"), CONTINUE_ON_FAILURE): Object: 'Object Repository/Main Login Page/Multiple environments/button_Continue' is clicked on&#xD;
&#xD;
2019-08-21 14:48:31 - [MESSAGE][PASSED] - Object: 'Object Repository/Main Login Page/Multiple environments/button_Continue' is clicked on&#xD;
&#xD;
2019-08-21 14:48:31 - [TEST_STEP][PASSED] - delay(2, CONTINUE_ON_FAILURE): Delayed 2 second(s)&#xD;
&#xD;
2019-08-21 14:48:33 - [MESSAGE][PASSED] - Delayed 2 second(s)&#xD;
&#xD;
2019-08-21 14:48:33 - [MESSAGE][PASSED] - Call Test Case 'Test Cases/Main Login Page/login_Enterprise' successfully&#xD;
&#xD;
2019-08-21 14:48:33 - [TEST_STEP][PASSED] - navigateToUrl(url_enterprise): Navigate to 'http://192.168.1.97:8094/' successfully&#xD;
&#xD;
2019-08-21 14:48:33 - [MESSAGE][PASSED] - Navigate to 'http://192.168.1.97:8094/' successfully&#xD;
&#xD;
2019-08-21 14:48:33 - [TEST_STEP][PASSED] - click(findTestObject("Groups_Users/Page_Welcome - EOS/a_Admin")): Object: 'Object Repository/Groups_Users/Page_Welcome - EOS/a_Admin' is clicked on&#xD;
&#xD;
2019-08-21 14:48:34 - [MESSAGE][PASSED] - Object: 'Object Repository/Groups_Users/Page_Welcome - EOS/a_Admin' is clicked on&#xD;
&#xD;
2019-08-21 14:48:34 - [TEST_STEP][PASSED] - click(findTestObject("Groups_Users/Page_Settings - EOS/div_Users")): Object: 'Object Repository/Groups_Users/Page_Settings - EOS/div_Users' is clicked on&#xD;
&#xD;
2019-08-21 14:48:36 - [MESSAGE][PASSED] - Object: 'Object Repository/Groups_Users/Page_Settings - EOS/div_Users' is clicked on&#xD;
&#xD;
2019-08-21 14:48:36 - [TEST_STEP][PASSED] - click(findTestObject("Groups_Users/Page_Users - Settings - EOS/button_New User")): Object: 'Object Repository/Groups_Users/Page_Users - Settings - EOS/button_New User' is clicked on&#xD;
&#xD;
2019-08-21 14:48:36 - [MESSAGE][PASSED] - Object: 'Object Repository/Groups_Users/Page_Users - Settings - EOS/button_New User' is clicked on&#xD;
&#xD;
2019-08-21 14:48:36 - [TEST_STEP][PASSED] - delay(1, STOP_ON_FAILURE): Delayed 1 second(s)&#xD;
&#xD;
2019-08-21 14:48:37 - [MESSAGE][PASSED] - Delayed 1 second(s)&#xD;
&#xD;
2019-08-21 14:48:37 - [TEST_STEP][PASSED] - setText(findTestObject("Groups_Users/Page_Users - Settings - EOS/input_emailTxtName"), email_NonAdmin): Text 'test@test.ro' is set on object 'Object Repository/Groups_Users/Page_Users - Settings - EOS/input_emailTxtName'&#xD;
&#xD;
2019-08-21 14:48:37 - [MESSAGE][PASSED] - Text 'test@test.ro' is set on object 'Object Repository/Groups_Users/Page_Users - Settings - EOS/input_emailTxtName'&#xD;
&#xD;
2019-08-21 14:48:37 - [TEST_STEP][PASSED] - click(findTestObject("Groups_Users/Page_Users - Settings - EOS/input_userNext")): Object: 'Object Repository/Groups_Users/Page_Users - Settings - EOS/input_userNext' is clicked on&#xD;
&#xD;
2019-08-21 14:48:37 - [MESSAGE][PASSED] - Object: 'Object Repository/Groups_Users/Page_Users - Settings - EOS/input_userNext' is clicked on&#xD;
&#xD;
2019-08-21 14:48:37 - [TEST_STEP][PASSED] - delay(1): Delayed 1 second(s)&#xD;
&#xD;
2019-08-21 14:48:38 - [MESSAGE][PASSED] - Delayed 1 second(s)&#xD;
&#xD;
2019-08-21 14:48:38 - [TEST_STEP][PASSED] - setText(findTestObject("Groups_Users/Page_Users - Settings - EOS/input_loginTxtName"), username_NonAdmin): Text 'Erre' is set on object 'Object Repository/Groups_Users/Page_Users - Settings - EOS/input_loginTxtName'&#xD;
&#xD;
2019-08-21 14:48:38 - [MESSAGE][PASSED] - Text 'Erre' is set on object 'Object Repository/Groups_Users/Page_Users - Settings - EOS/input_loginTxtName'&#xD;
&#xD;
2019-08-21 14:48:38 - [TEST_STEP][PASSED] - js_Actions.JS_Click.clickUsingJS(findTestObject("Object Repository/Groups_Users/Page_Users - Settings - EOS/input_autoPasswordChkBox"), 0): js_Actions.JS_Click.clickUsingJS is PASSED&#xD;
&#xD;
2019-08-21 14:48:39 - [MESSAGE][WARNING] - Timeout '0' is invalid. Using default page load timeout: '5'&#xD;
&#xD;
2019-08-21 14:48:39 - [MESSAGE][PASSED] - js_Actions.JS_Click.clickUsingJS is PASSED&#xD;
&#xD;
2019-08-21 14:48:39 - [TEST_STEP][PASSED] - delay(1): Delayed 1 second(s)&#xD;
&#xD;
2019-08-21 14:48:40 - [MESSAGE][PASSED] - Delayed 1 second(s)&#xD;
&#xD;
2019-08-21 14:48:40 - [TEST_STEP][PASSED] - setText(findTestObject("Groups_Users/Page_Users - Settings - EOS/input_passwordTxtName"), password_NonAdmin): Text 'ere123' is set on object 'Object Repository/Groups_Users/Page_Users - Settings - EOS/input_passwordTxtName'&#xD;
&#xD;
2019-08-21 14:48:40 - [MESSAGE][PASSED] - Text 'ere123' is set on object 'Object Repository/Groups_Users/Page_Users - Settings - EOS/input_passwordTxtName'&#xD;
&#xD;
2019-08-21 14:48:40 - [TEST_STEP][PASSED] - setText(findTestObject("Groups_Users/Page_Users - Settings - EOS/input_confirmPasswordTxtName"), password_NonAdmin): Text 'ere123' is set on object 'Object Repository/Groups_Users/Page_Users - Settings - EOS/input_confirmPasswordTxtName'&#xD;
&#xD;
2019-08-21 14:48:40 - [MESSAGE][PASSED] - Text 'ere123' is set on object 'Object Repository/Groups_Users/Page_Users - Settings - EOS/input_confirmPasswordTxtName'&#xD;
&#xD;
2019-08-21 14:48:40 - [TEST_STEP][PASSED] - setText(findTestObject("Groups_Users/Page_Users - Settings - EOS/input_firstName"), findTestData("NonAdminUser_Data").getValue(1, 1)): Text 'Non_Admin_FirstnAME' is set on object 'Object Repository/Groups_Users/Page_Users - Settings - EOS/input_firstName'&#xD;
&#xD;
2019-08-21 14:48:40 - [MESSAGE][PASSED] - Text 'Non_Admin_FirstnAME' is set on object 'Object Repository/Groups_Users/Page_Users - Settings - EOS/input_firstName'&#xD;
&#xD;
2019-08-21 14:48:40 - [TEST_STEP][PASSED] - setText(findTestObject("Groups_Users/Page_Users - Settings - EOS/input_lastName"), findTestData("NonAdminUser_Data").getValue(1, 2)): Text 'Non_admin_LastName' is set on object 'Object Repository/Groups_Users/Page_Users - Settings - EOS/input_lastName'&#xD;
&#xD;
2019-08-21 14:48:40 - [MESSAGE][PASSED] - Text 'Non_admin_LastName' is set on object 'Object Repository/Groups_Users/Page_Users - Settings - EOS/input_lastName'&#xD;
&#xD;
2019-08-21 14:48:40 - [TEST_STEP][PASSED] - setText(findTestObject("Groups_Users/Page_Users - Settings - EOS/input_jobTitle"), findTestData("NonAdminUser_Data").getValue(1, 3)): Text 'Jobless' is set on object 'Object Repository/Groups_Users/Page_Users - Settings - EOS/input_jobTitle'&#xD;
&#xD;
2019-08-21 14:48:40 - [MESSAGE][PASSED] - Text 'Jobless' is set on object 'Object Repository/Groups_Users/Page_Users - Settings - EOS/input_jobTitle'&#xD;
&#xD;
2019-08-21 14:48:40 - [TEST_STEP][PASSED] - check(findTestObject("Groups_Users/Page_Users - Settings - EOS/input_enabledChkBox")): Object 'Object Repository/Groups_Users/Page_Users - Settings - EOS/input_enabledChkBox' is checked&#xD;
&#xD;
2019-08-21 14:48:41 - [MESSAGE][PASSED] - Object 'Object Repository/Groups_Users/Page_Users - Settings - EOS/input_enabledChkBox' is checked&#xD;
&#xD;
2019-08-21 14:48:41 - [TEST_STEP][PASSED] - delay(1, STOP_ON_FAILURE): Delayed 1 second(s)&#xD;
&#xD;
2019-08-21 14:48:42 - [MESSAGE][PASSED] - Delayed 1 second(s)&#xD;
&#xD;
2019-08-21 14:48:42 - [TEST_STEP][PASSED] - click(findTestObject("Groups_Users/Page_Users - Settings - EOS/input_ok")): Object: 'Object Repository/Groups_Users/Page_Users - Settings - EOS/input_ok' is clicked on&#xD;
&#xD;
2019-08-21 14:48:42 - [MESSAGE][PASSED] - Object: 'Object Repository/Groups_Users/Page_Users - Settings - EOS/input_ok' is clicked on&#xD;
&#xD;
2019-08-21 14:48:42 - [TEST_STEP][PASSED] - delay(1, STOP_ON_FAILURE): Delayed 1 second(s)&#xD;
&#xD;
2019-08-21 14:48:43 - [MESSAGE][PASSED] - Delayed 1 second(s)&#xD;
&#xD;
2019-08-21 14:48:43 - [TEST_STEP][PASSED] - click(findTestObject("Groups_Users/Page_Settings - EOS/div_Groups")): Object: 'Object Repository/Groups_Users/Page_Settings - EOS/div_Groups' is clicked on&#xD;
&#xD;
2019-08-21 14:48:43 - [MESSAGE][PASSED] - Object: 'Object Repository/Groups_Users/Page_Settings - EOS/div_Groups' is clicked on&#xD;
&#xD;
2019-08-21 14:48:43 - [TEST_STEP][PASSED] - delay(1, STOP_ON_FAILURE): Delayed 1 second(s)&#xD;
&#xD;
2019-08-21 14:48:44 - [MESSAGE][PASSED] - Delayed 1 second(s)&#xD;
&#xD;
2019-08-21 14:48:44 - [TEST_STEP][PASSED] - click(findTestObject("Groups_Users/Page_Groups - Settings - EOS/button_New Group")): Object: 'Object Repository/Groups_Users/Page_Groups - Settings - EOS/button_New Group' is clicked on&#xD;
&#xD;
2019-08-21 14:48:44 - [MESSAGE][PASSED] - Object: 'Object Repository/Groups_Users/Page_Groups - Settings - EOS/button_New Group' is clicked on&#xD;
&#xD;
2019-08-21 14:48:44 - [TEST_STEP][PASSED] - delay(1, STOP_ON_FAILURE): Delayed 1 second(s)&#xD;
&#xD;
2019-08-21 14:48:45 - [MESSAGE][PASSED] - Delayed 1 second(s)&#xD;
&#xD;
2019-08-21 14:48:45 - [TEST_STEP][PASSED] - setText(findTestObject("Groups_Users/Page_Groups - Settings - EOS/input_groupName"), GroupName_NonAdmin): Text 'NonAdminGroup' is set on object 'Object Repository/Groups_Users/Page_Groups - Settings - EOS/input_groupName'&#xD;
&#xD;
2019-08-21 14:48:45 - [MESSAGE][PASSED] - Text 'NonAdminGroup' is set on object 'Object Repository/Groups_Users/Page_Groups - Settings - EOS/input_groupName'&#xD;
&#xD;
2019-08-21 14:48:45 - [TEST_STEP][PASSED] - delay(1, STOP_ON_FAILURE): Delayed 1 second(s)&#xD;
&#xD;
2019-08-21 14:48:46 - [MESSAGE][PASSED] - Delayed 1 second(s)&#xD;
&#xD;
2019-08-21 14:48:46 - [TEST_STEP][PASSED] - click(findTestObject("Groups_Users/Page_Groups - Settings - EOS/button_Add")): Object: 'Object Repository/Groups_Users/Page_Groups - Settings - EOS/button_Add' is clicked on&#xD;
&#xD;
2019-08-21 14:48:46 - [MESSAGE][PASSED] - Object: 'Object Repository/Groups_Users/Page_Groups - Settings - EOS/button_Add' is clicked on&#xD;
&#xD;
2019-08-21 14:48:46 - [TEST_STEP][PASSED] - delay(1, STOP_ON_FAILURE): Delayed 1 second(s)&#xD;
&#xD;
2019-08-21 14:48:47 - [MESSAGE][PASSED] - Delayed 1 second(s)&#xD;
&#xD;
2019-08-21 14:48:47 - [TEST_STEP][PASSED] - click(findTestObject("Groups_Users/Page_Groups - Settings - EOS/user_Dropdown")): Object: 'Object Repository/Groups_Users/Page_Groups - Settings - EOS/user_Dropdown' is clicked on&#xD;
&#xD;
2019-08-21 14:48:47 - [MESSAGE][PASSED] - Object: 'Object Repository/Groups_Users/Page_Groups - Settings - EOS/user_Dropdown' is clicked on&#xD;
&#xD;
2019-08-21 14:48:47 - [TEST_STEP][PASSED] - delay(1, STOP_ON_FAILURE): Delayed 1 second(s)&#xD;
&#xD;
2019-08-21 14:48:48 - [MESSAGE][PASSED] - Delayed 1 second(s)&#xD;
&#xD;
2019-08-21 14:48:48 - [TEST_STEP][PASSED] - click(findTestObject("Groups_Users/Page_Groups - Settings - EOS/select_User2")): Object: 'Object Repository/Groups_Users/Page_Groups - Settings - EOS/select_User2' is clicked on&#xD;
&#xD;
2019-08-21 14:48:49 - [MESSAGE][PASSED] - Object: 'Object Repository/Groups_Users/Page_Groups - Settings - EOS/select_User2' is clicked on&#xD;
&#xD;
2019-08-21 14:48:49 - [TEST_STEP][PASSED] - delay(1, STOP_ON_FAILURE): Delayed 1 second(s)&#xD;
&#xD;
2019-08-21 14:48:50 - [MESSAGE][PASSED] - Delayed 1 second(s)&#xD;
&#xD;
2019-08-21 14:48:50 - [TEST_STEP][PASSED] - click(findTestObject("Groups_Users/Page_Groups - Settings - EOS/button_AddUser_Ok")): Object: 'Object Repository/Groups_Users/Page_Groups - Settings - EOS/button_AddUser_Ok' is clicked on&#xD;
&#xD;
2019-08-21 14:48:50 - [MESSAGE][PASSED] - Object: 'Object Repository/Groups_Users/Page_Groups - Settings - EOS/button_AddUser_Ok' is clicked on&#xD;
&#xD;
2019-08-21 14:48:50 - [TEST_STEP][PASSED] - delay(2, STOP_ON_FAILURE): Delayed 2 second(s)&#xD;
&#xD;
2019-08-21 14:48:52 - [MESSAGE][PASSED] - Delayed 2 second(s)&#xD;
&#xD;
2019-08-21 14:48:52 - [TEST_STEP][PASSED] - waitForElementClickable(findTestObject("Groups_Users/Page_Groups - Settings - EOS/button_AddWorkspace"), 3): Object 'Object Repository/Groups_Users/Page_Groups - Settings - EOS/button_AddWorkspace' is clickable&#xD;
&#xD;
2019-08-21 14:48:52 - [MESSAGE][PASSED] - Object 'Object Repository/Groups_Users/Page_Groups - Settings - EOS/button_AddWorkspace' is clickable&#xD;
&#xD;
2019-08-21 14:48:52 - [TEST_STEP][PASSED] - click(findTestObject("Groups_Users/Page_Groups - Settings - EOS/button_AddWorkspace")): Object: 'Object Repository/Groups_Users/Page_Groups - Settings - EOS/button_AddWorkspace' is clicked on&#xD;
&#xD;
2019-08-21 14:48:52 - [MESSAGE][PASSED] - Object: 'Object Repository/Groups_Users/Page_Groups - Settings - EOS/button_AddWorkspace' is clicked on&#xD;
&#xD;
2019-08-21 14:48:52 - [TEST_STEP][PASSED] - delay(1, STOP_ON_FAILURE): Delayed 1 second(s)&#xD;
&#xD;
2019-08-21 14:48:53 - [MESSAGE][PASSED] - Delayed 1 second(s)&#xD;
&#xD;
2019-08-21 14:48:53 - [TEST_STEP][PASSED] - click(findTestObject("Groups_Users/Page_Groups - Settings - EOS/button_AddWorkspace_Ok")): Object: 'Object Repository/Groups_Users/Page_Groups - Settings - EOS/button_AddWorkspace_Ok' is clicked on&#xD;
&#xD;
2019-08-21 14:48:53 - [MESSAGE][PASSED] - Object: 'Object Repository/Groups_Users/Page_Groups - Settings - EOS/button_AddWorkspace_Ok' is clicked on&#xD;
&#xD;
2019-08-21 14:48:53 - [TEST_STEP][PASSED] - delay(2): Delayed 2 second(s)&#xD;
&#xD;
2019-08-21 14:48:55 - [MESSAGE][PASSED] - Delayed 2 second(s)&#xD;
&#xD;
2019-08-21 14:48:55 - [TEST_STEP][PASSED] - check(findTestObject("Groups_Users/Page_Groups - Settings - EOS/input_access_Default")): Object 'Object Repository/Groups_Users/Page_Groups - Settings - EOS/input_access_Default' is checked&#xD;
&#xD;
2019-08-21 14:48:55 - [MESSAGE][PASSED] - Object 'Object Repository/Groups_Users/Page_Groups - Settings - EOS/input_access_Default' is checked&#xD;
&#xD;
2019-08-21 14:48:55 - [TEST_STEP][PASSED] - click(findTestObject("Groups_Users/Page_Groups - Settings - EOS/input_editGroupOk")): Object: 'Object Repository/Groups_Users/Page_Groups - Settings - EOS/input_editGroupOk' is clicked on&#xD;
&#xD;
2019-08-21 14:48:55 - [MESSAGE][PASSED] - Object: 'Object Repository/Groups_Users/Page_Groups - Settings - EOS/input_editGroupOk' is clicked on&#xD;
&#xD;
2019-08-21 14:48:55 - [TEST_STEP][PASSED] - delay(1, STOP_ON_FAILURE): Delayed 1 second(s)&#xD;
&#xD;
2019-08-21 14:48:56 - [MESSAGE][PASSED] - Delayed 1 second(s)&#xD;
&#xD;
2019-08-21 14:48:56 - [TEST_STEP][PASSED] - click(findTestObject("Groups_Users/Page_Users - Settings - EOS/a_Ere")): Object: 'Object Repository/Groups_Users/Page_Users - Settings - EOS/a_Ere' is clicked on&#xD;
&#xD;
2019-08-21 14:48:56 - [MESSAGE][PASSED] - Object: 'Object Repository/Groups_Users/Page_Users - Settings - EOS/a_Ere' is clicked on&#xD;
&#xD;
2019-08-21 14:48:56 - [TEST_STEP][PASSED] - delay(1): Delayed 1 second(s)&#xD;
&#xD;
2019-08-21 14:48:57 - [MESSAGE][PASSED] - Delayed 1 second(s)&#xD;
&#xD;
2019-08-21 14:48:57 - [TEST_STEP][PASSED] - click(findTestObject("Groups_Users/Page_Users - Settings - EOS/a_Logout")): Object: 'Object Repository/Groups_Users/Page_Users - Settings - EOS/a_Logout' is clicked on&#xD;
&#xD;
2019-08-21 14:48:57 - [MESSAGE][PASSED] - Object: 'Object Repository/Groups_Users/Page_Users - Settings - EOS/a_Logout' is clicked on&#xD;
&#xD;
2019-08-21 14:48:57 - [TEST_STEP][PASSED] - waitForElementVisible(findTestObject("Main Login Page/input_userName"), 15): Object 'Object Repository/Main Login Page/input_userName' is visible&#xD;
&#xD;
2019-08-21 14:48:58 - [MESSAGE][PASSED] - Object 'Object Repository/Main Login Page/input_userName' is visible&#xD;
&#xD;
2019-08-21 14:48:58 - [TEST_STEP][PASSED] - setText(findTestObject("Main Login Page/input_userName"), username_NonAdmin, CONTINUE_ON_FAILURE): Text 'Erre' is set on object 'Object Repository/Main Login Page/input_userName'&#xD;
&#xD;
2019-08-21 14:48:58 - [MESSAGE][PASSED] - Text 'Erre' is set on object 'Object Repository/Main Login Page/input_userName'&#xD;
&#xD;
2019-08-21 14:48:58 - [TEST_STEP][PASSED] - setText(findTestObject("Main Login Page/input_password"), password_NonAdmin, CONTINUE_ON_FAILURE): Text 'ere123' is set on object 'Object Repository/Main Login Page/input_password'&#xD;
&#xD;
2019-08-21 14:48:58 - [MESSAGE][PASSED] - Text 'ere123' is set on object 'Object Repository/Main Login Page/input_password'&#xD;
&#xD;
2019-08-21 14:48:58 - [TEST_STEP][PASSED] - click(findTestObject("Main Login Page/button_Sign in"), CONTINUE_ON_FAILURE): Object: 'Object Repository/Main Login Page/button_Sign in' is clicked on&#xD;
&#xD;
2019-08-21 14:48:58 - [MESSAGE][PASSED] - Object: 'Object Repository/Main Login Page/button_Sign in' is clicked on&#xD;
&#xD;
2019-08-21 14:48:58 - [TEST_STEP][PASSED] - delay(3, CONTINUE_ON_FAILURE): Delayed 3 second(s)&#xD;
&#xD;
2019-08-21 14:49:01 - [MESSAGE][PASSED] - Delayed 3 second(s)&#xD;
&#xD;
2019-08-21 14:49:01 - [TEST_STEP][PASSED] - verifyElementNotPresent(findTestObject("Groups_Users/Page_Welcome - EOS/a_Admin"), 0): Web element with id: 'Object Repository/Groups_Users/Page_Welcome - EOS/a_Admin' located by 'By.xpath: //a[@href = '/EOS/Settings/#settings' and (text() = '
                
                
                
                Admin
            ' or . = '
                
                
                
                Admin
            ')]' is not present after '5' second(s)&#xD;
&#xD;
2019-08-21 14:49:01 - [MESSAGE][WARNING] - Timeout '0' is invalid. Using default page load timeout: '5'&#xD;
&#xD;
2019-08-21 14:49:01 - [MESSAGE][PASSED] - Web element with id: 'Object Repository/Groups_Users/Page_Welcome - EOS/a_Admin' located by 'By.xpath: //a[@href = '/EOS/Settings/#settings' and (text() = '
                
                
                
                Admin
            ' or . = '
                
                
                
                Admin
            ')]' is not present after '5' second(s)&#xD;
&#xD;
2019-08-21 14:49:01 - [TEST_STEP][PASSED] - closeBrowser(): Browser is closed&#xD;
&#xD;
2019-08-21 14:49:02 - [MESSAGE][PASSED] - Browser is closed&#xD;
&#xD;
2019-08-21 14:49:02 - [MESSAGE][PASSED] - Call Test Case 'Test Cases/Groups_Users/Create Group_Users' successfully&#xD;
&#xD;
2019-08-21 14:49:02 - [TEST_STEP][PASSED] - windowsCommands.taskKill.kill_service(): windowsCommands.taskKill.kill_service is PASSED&#xD;
&#xD;
2019-08-21 14:49:02 - [MESSAGE][PASSED] - windowsCommands.taskKill.kill_service is PASSED&#xD;
&#xD;
2019-08-21 14:49:02 - [TEST_STEP][PASSED] - Start listener action : sampleAfterTestCase: null</system-out>
            <system-err></system-err>
        </testcase>
        <testcase name="Test Cases/TESTCASE COLLECTIONS/Projects_Communications - Testcases" classname="Test Cases/TESTCASE COLLECTIONS/Projects_Communications - Testcases" status="PASSED">
            <system-out>2019-08-21 14:49:02 - [TEST_CASE][PASSED] - Test Cases/TESTCASE COLLECTIONS/Projects_Communications - Testcases: Test Cases/TESTCASE COLLECTIONS/Projects_Communications - Testcases&#xD;
&#xD;
2019-08-21 14:49:02 - [TEST_STEP][PASSED] - callTestCase(findTestCase("Communications_Projects/Create_Projects"), [:], CONTINUE_ON_FAILURE): Call Test Case 'Test Cases/Communications_Projects/Create_Projects' successfully&#xD;
&#xD;
2019-08-21 14:49:02 - [TEST_CASE][PASSED] - Test Cases/Communications_Projects/Create_Projects: Test Cases/Communications_Projects/Create_Projects&#xD;
&#xD;
2019-08-21 14:49:03 - [TEST_STEP][PASSED] - callTestCase(findTestCase("Main Login Page/login_Enterprise"), [:], CONTINUE_ON_FAILURE): Call Test Case 'Test Cases/Main Login Page/login_Enterprise' successfully&#xD;
&#xD;
2019-08-21 14:49:03 - [TEST_CASE][PASSED] - Test Cases/Main Login Page/login_Enterprise: Test Cases/Main Login Page/login_Enterprise&#xD;
&#xD;
2019-08-21 14:49:03 - [TEST_STEP][PASSED] - openBrowser(url_enterprise, STOP_ON_FAILURE): Browser is opened with url: 'http://192.168.1.97:8094/'&#xD;
&#xD;
2019-08-21 14:49:03 - [MESSAGE][INFO] - Starting 'Chrome' driver&#xD;
&#xD;
2019-08-21 14:49:05 - [MESSAGE][PASSED] - Browser is opened with url: 'http://192.168.1.97:8094/'&#xD;
&#xD;
2019-08-21 14:49:05 - [TEST_STEP][PASSED] - maximizeWindow(): Current window maximized&#xD;
&#xD;
2019-08-21 14:49:06 - [MESSAGE][PASSED] - Current window maximized&#xD;
&#xD;
2019-08-21 14:49:06 - [TEST_STEP][PASSED] - setText(findTestObject("Main Login Page/input_userName"), Username_Admin, CONTINUE_ON_FAILURE): Text 'Ere' is set on object 'Object Repository/Main Login Page/input_userName'&#xD;
&#xD;
2019-08-21 14:49:07 - [MESSAGE][PASSED] - Text 'Ere' is set on object 'Object Repository/Main Login Page/input_userName'&#xD;
&#xD;
2019-08-21 14:49:07 - [TEST_STEP][PASSED] - setText(findTestObject("Main Login Page/input_password"), Password_Admin, CONTINUE_ON_FAILURE): Text 'ere123' is set on object 'Object Repository/Main Login Page/input_password'&#xD;
&#xD;
2019-08-21 14:49:07 - [MESSAGE][PASSED] - Text 'ere123' is set on object 'Object Repository/Main Login Page/input_password'&#xD;
&#xD;
2019-08-21 14:49:07 - [TEST_STEP][PASSED] - click(findTestObject("Main Login Page/button_Sign in"), CONTINUE_ON_FAILURE): Object: 'Object Repository/Main Login Page/button_Sign in' is clicked on&#xD;
&#xD;
2019-08-21 14:49:07 - [MESSAGE][PASSED] - Object: 'Object Repository/Main Login Page/button_Sign in' is clicked on&#xD;
&#xD;
2019-08-21 14:49:07 - [TEST_STEP][PASSED] - delay(1, CONTINUE_ON_FAILURE): Delayed 1 second(s)&#xD;
&#xD;
2019-08-21 14:49:08 - [MESSAGE][PASSED] - Delayed 1 second(s)&#xD;
&#xD;
2019-08-21 14:49:08 - [TEST_STEP][PASSED] - if (verifyElementVisible(findTestObject("Main Login Page/Multiple environments/Environment Selector"), OPTIONAL)): Delayed 2 second(s)&#xD;
&#xD;
2019-08-21 14:49:08 - [MESSAGE][PASSED] - Object 'Object Repository/Main Login Page/Multiple environments/Environment Selector' is visible&#xD;
&#xD;
2019-08-21 14:49:08 - [TEST_STEP][NOT_RUN] - delay(1, CONTINUE_ON_FAILURE): NOT_RUN: delay(1, CONTINUE_ON_FAILURE)&#xD;
&#xD;
2019-08-21 14:49:08 - [MESSAGE][NOT_RUN] - NOT_RUN: delay(1, CONTINUE_ON_FAILURE)&#xD;
&#xD;
2019-08-21 14:49:08 - [TEST_STEP][PASSED] - waitForElementClickable(findTestObject("Main Login Page/Multiple environments/button_Continue"), 0, CONTINUE_ON_FAILURE): Object 'Object Repository/Main Login Page/Multiple environments/button_Continue' is clickable&#xD;
&#xD;
2019-08-21 14:49:08 - [MESSAGE][WARNING] - Timeout '0' is invalid. Using default page load timeout: '5'&#xD;
&#xD;
2019-08-21 14:49:08 - [MESSAGE][PASSED] - Object 'Object Repository/Main Login Page/Multiple environments/button_Continue' is clickable&#xD;
&#xD;
2019-08-21 14:49:08 - [TEST_STEP][PASSED] - click(findTestObject("Main Login Page/Multiple environments/Environment Selector"), CONTINUE_ON_FAILURE): Object: 'Object Repository/Main Login Page/Multiple environments/Environment Selector' is clicked on&#xD;
&#xD;
2019-08-21 14:49:08 - [MESSAGE][PASSED] - Object: 'Object Repository/Main Login Page/Multiple environments/Environment Selector' is clicked on&#xD;
&#xD;
2019-08-21 14:49:08 - [TEST_STEP][PASSED] - waitForElementVisible(findTestObject("Main Login Page/Multiple environments/button_Continue"), 1, CONTINUE_ON_FAILURE): Object 'Object Repository/Main Login Page/Multiple environments/button_Continue' is visible&#xD;
&#xD;
2019-08-21 14:49:08 - [MESSAGE][PASSED] - Object 'Object Repository/Main Login Page/Multiple environments/button_Continue' is visible&#xD;
&#xD;
2019-08-21 14:49:08 - [TEST_STEP][PASSED] - click(findTestObject("Main Login Page/Multiple environments/button_Continue"), CONTINUE_ON_FAILURE): Object: 'Object Repository/Main Login Page/Multiple environments/button_Continue' is clicked on&#xD;
&#xD;
2019-08-21 14:49:08 - [MESSAGE][PASSED] - Object: 'Object Repository/Main Login Page/Multiple environments/button_Continue' is clicked on&#xD;
&#xD;
2019-08-21 14:49:08 - [TEST_STEP][PASSED] - delay(2, CONTINUE_ON_FAILURE): Delayed 2 second(s)&#xD;
&#xD;
2019-08-21 14:49:10 - [MESSAGE][PASSED] - Delayed 2 second(s)&#xD;
&#xD;
2019-08-21 14:49:10 - [MESSAGE][PASSED] - Call Test Case 'Test Cases/Main Login Page/login_Enterprise' successfully&#xD;
&#xD;
2019-08-21 14:49:10 - [TEST_STEP][PASSED] - click(findTestObject("Projects_Communications/Page_Welcome - EOS/a_Projects"), CONTINUE_ON_FAILURE): Object: 'Object Repository/Projects_Communications/Page_Welcome - EOS/a_Projects' is clicked on&#xD;
&#xD;
2019-08-21 14:49:11 - [MESSAGE][PASSED] - Object: 'Object Repository/Projects_Communications/Page_Welcome - EOS/a_Projects' is clicked on&#xD;
&#xD;
2019-08-21 14:49:11 - [TEST_STEP][PASSED] - communications.Projects.Create_Project("1_Batch_Comm", "Batch communication !@#$%^&amp;*()_+}{"|:&lt;&gt;?/.,\';][", "Batch"): communications.Projects.Create_Project is PASSED&#xD;
&#xD;
2019-08-21 14:49:12 - [MESSAGE][PASSED] - Object: 'Object Repository/Projects_Communications/Page_Projects - Projects - EOS/button_ New Project' is clicked on&#xD;
&#xD;
2019-08-21 14:49:12 - [MESSAGE][PASSED] - Object: 'Object Repository/Projects_Communications/Page_Projects - Projects - EOS/select_Communication' is clicked on&#xD;
&#xD;
2019-08-21 14:49:12 - [MESSAGE][PASSED] - Object: 'Object Repository/Projects_Communications/Page_Projects - Projects - EOS/button_Next' is clicked on&#xD;
&#xD;
2019-08-21 14:49:13 - [MESSAGE][PASSED] - Text '1_Batch_Comm' is set on object 'Object Repository/Projects_Communications/Page_Projects - Projects - EOS/input_CommunicationName'&#xD;
&#xD;
2019-08-21 14:49:13 - [MESSAGE][PASSED] - Text 'Batch communication !@#$%^&amp;*()_+}{"|:&lt;&gt;?/.,\';][' is set on object 'Object Repository/Projects_Communications/Page_Projects - Projects - EOS/textarea_CommunicationDescript'&#xD;
&#xD;
2019-08-21 14:49:13 - [MESSAGE][PASSED] - Object 'Object Repository/Projects_Communications/Page_Projects - Projects - EOS/input_batchComm' is checked&#xD;
&#xD;
2019-08-21 14:49:14 - [MESSAGE][PASSED] - Delayed 1 second(s)&#xD;
&#xD;
2019-08-21 14:49:14 - [MESSAGE][PASSED] - Object: 'Object Repository/Projects_Communications/Page_Projects - Projects - EOS/button_Finish' is clicked on&#xD;
&#xD;
2019-08-21 14:49:16 - [MESSAGE][PASSED] - Delayed 2 second(s)&#xD;
&#xD;
2019-08-21 14:49:16 - [MESSAGE][PASSED] - Navigate back successfully&#xD;
&#xD;
2019-08-21 14:49:16 - [MESSAGE][PASSED] - communications.Projects.Create_Project is PASSED&#xD;
&#xD;
2019-08-21 14:49:16 - [TEST_STEP][PASSED] - delay(2, CONTINUE_ON_FAILURE): Delayed 2 second(s)&#xD;
&#xD;
2019-08-21 14:49:18 - [MESSAGE][PASSED] - Delayed 2 second(s)&#xD;
&#xD;
2019-08-21 14:49:18 - [TEST_STEP][PASSED] - communications.Projects.Create_Project("2_Interractive_Com", "Interractive_Communication !@#$%^&amp;*()_+}{"|:&lt;&gt;?/.,\';][", "Interractive"): communications.Projects.Create_Project is PASSED&#xD;
&#xD;
2019-08-21 14:49:18 - [MESSAGE][PASSED] - Object: 'Object Repository/Projects_Communications/Page_Projects - Projects - EOS/button_ New Project' is clicked on&#xD;
&#xD;
2019-08-21 14:49:19 - [MESSAGE][PASSED] - Object: 'Object Repository/Projects_Communications/Page_Projects - Projects - EOS/select_Communication' is clicked on&#xD;
&#xD;
2019-08-21 14:49:19 - [MESSAGE][PASSED] - Object: 'Object Repository/Projects_Communications/Page_Projects - Projects - EOS/button_Next' is clicked on&#xD;
&#xD;
2019-08-21 14:49:19 - [MESSAGE][PASSED] - Text '2_Interractive_Com' is set on object 'Object Repository/Projects_Communications/Page_Projects - Projects - EOS/input_CommunicationName'&#xD;
&#xD;
2019-08-21 14:49:20 - [MESSAGE][PASSED] - Text 'Interractive_Communication !@#$%^&amp;*()_+}{"|:&lt;&gt;?/.,\';][' is set on object 'Object Repository/Projects_Communications/Page_Projects - Projects - EOS/textarea_CommunicationDescript'&#xD;
&#xD;
2019-08-21 14:49:20 - [MESSAGE][PASSED] - Object 'Object Repository/Projects_Communications/Page_Projects - Projects - EOS/input_interactiveComm' is checked&#xD;
&#xD;
2019-08-21 14:49:21 - [MESSAGE][PASSED] - Delayed 1 second(s)&#xD;
&#xD;
2019-08-21 14:49:21 - [MESSAGE][PASSED] - Object: 'Object Repository/Projects_Communications/Page_Projects - Projects - EOS/button_Finish' is clicked on&#xD;
&#xD;
2019-08-21 14:49:23 - [MESSAGE][PASSED] - Delayed 2 second(s)&#xD;
&#xD;
2019-08-21 14:49:23 - [MESSAGE][PASSED] - Navigate back successfully&#xD;
&#xD;
2019-08-21 14:49:23 - [MESSAGE][PASSED] - communications.Projects.Create_Project is PASSED&#xD;
&#xD;
2019-08-21 14:49:23 - [TEST_STEP][PASSED] - delay(2, CONTINUE_ON_FAILURE): Delayed 2 second(s)&#xD;
&#xD;
2019-08-21 14:49:25 - [MESSAGE][PASSED] - Delayed 2 second(s)&#xD;
&#xD;
2019-08-21 14:49:25 - [TEST_STEP][PASSED] - communications.Projects.Create_Project("3_OnDemand Comm", "OnDemand communication !@#$%^&amp;*()_+}{"|:&lt;&gt;?/.,\';][", "On_Demand"): communications.Projects.Create_Project is PASSED&#xD;
&#xD;
2019-08-21 14:49:25 - [MESSAGE][PASSED] - Object: 'Object Repository/Projects_Communications/Page_Projects - Projects - EOS/button_ New Project' is clicked on&#xD;
&#xD;
2019-08-21 14:49:26 - [MESSAGE][PASSED] - Object: 'Object Repository/Projects_Communications/Page_Projects - Projects - EOS/select_Communication' is clicked on&#xD;
&#xD;
2019-08-21 14:49:26 - [MESSAGE][PASSED] - Object: 'Object Repository/Projects_Communications/Page_Projects - Projects - EOS/button_Next' is clicked on&#xD;
&#xD;
2019-08-21 14:49:26 - [MESSAGE][PASSED] - Text '3_OnDemand Comm' is set on object 'Object Repository/Projects_Communications/Page_Projects - Projects - EOS/input_CommunicationName'&#xD;
&#xD;
2019-08-21 14:49:26 - [MESSAGE][PASSED] - Text 'OnDemand communication !@#$%^&amp;*()_+}{"|:&lt;&gt;?/.,\';][' is set on object 'Object Repository/Projects_Communications/Page_Projects - Projects - EOS/textarea_CommunicationDescript'&#xD;
&#xD;
2019-08-21 14:49:27 - [MESSAGE][PASSED] - Delayed 1 second(s)&#xD;
&#xD;
2019-08-21 14:49:27 - [MESSAGE][PASSED] - Object: 'Object Repository/Projects_Communications/Page_Projects - Projects - EOS/button_Finish' is clicked on&#xD;
&#xD;
2019-08-21 14:49:29 - [MESSAGE][PASSED] - Delayed 2 second(s)&#xD;
&#xD;
2019-08-21 14:49:30 - [MESSAGE][PASSED] - Navigate back successfully&#xD;
&#xD;
2019-08-21 14:49:30 - [MESSAGE][PASSED] - communications.Projects.Create_Project is PASSED&#xD;
&#xD;
2019-08-21 14:49:30 - [TEST_STEP][PASSED] - delay(2, CONTINUE_ON_FAILURE): Delayed 2 second(s)&#xD;
&#xD;
2019-08-21 14:49:32 - [MESSAGE][PASSED] - Delayed 2 second(s)&#xD;
&#xD;
2019-08-21 14:49:32 - [TEST_STEP][PASSED] - callTestCase(findTestCase("Communications_Projects/Create_Project_FromWorkflow_Batch"), [:], CONTINUE_ON_FAILURE): Call Test Case 'Test Cases/Communications_Projects/Create_Project_FromWorkflow_Batch' successfully&#xD;
&#xD;
2019-08-21 14:49:32 - [TEST_CASE][PASSED] - Test Cases/Communications_Projects/Create_Project_FromWorkflow_Batch: Test Cases/Communications_Projects/Create_Project_FromWorkflow_Batch&#xD;
&#xD;
2019-08-21 14:49:32 - [TEST_STEP][NOT_RUN] - callTestCase(findTestCase("Main Login Page/login_Enterprise"), [:], STOP_ON_FAILURE): NOT_RUN: callTestCase(findTestCase("Main Login Page/login_Enterprise"), [:], STOP_ON_FAILURE)&#xD;
&#xD;
2019-08-21 14:49:32 - [MESSAGE][NOT_RUN] - NOT_RUN: callTestCase(findTestCase("Main Login Page/login_Enterprise"), [:], STOP_ON_FAILURE)&#xD;
&#xD;
2019-08-21 14:49:32 - [TEST_STEP][NOT_RUN] - click(findTestObject("Projects_Communications/Page_Welcome - EOS/a_Projects")): NOT_RUN: click(findTestObject("Projects_Communications/Page_Welcome - EOS/a_Projects"))&#xD;
&#xD;
2019-08-21 14:49:32 - [MESSAGE][NOT_RUN] - NOT_RUN: click(findTestObject("Projects_Communications/Page_Welcome - EOS/a_Projects"))&#xD;
&#xD;
2019-08-21 14:49:32 - [TEST_STEP][PASSED] - click(findTestObject("Projects_Communications/Page_Projects - Projects - EOS/CreateFromWorkflow MEnus/button_ContextualMenu")): Object: 'Object Repository/Projects_Communications/Page_Projects - Projects - EOS/CreateFromWorkflow MEnus/button_ContextualMenu' is clicked on&#xD;
&#xD;
2019-08-21 14:49:32 - [MESSAGE][PASSED] - Object: 'Object Repository/Projects_Communications/Page_Projects - Projects - EOS/CreateFromWorkflow MEnus/button_ContextualMenu' is clicked on&#xD;
&#xD;
2019-08-21 14:49:32 - [TEST_STEP][PASSED] - delay(1): Delayed 1 second(s)&#xD;
&#xD;
2019-08-21 14:49:33 - [MESSAGE][PASSED] - Delayed 1 second(s)&#xD;
&#xD;
2019-08-21 14:49:33 - [TEST_STEP][PASSED] - click(findTestObject("Projects_Communications/Page_Projects - Projects - EOS/CreateFromWorkflow MEnus/button_CreateFromWorkflow")): Object: 'Object Repository/Projects_Communications/Page_Projects - Projects - EOS/CreateFromWorkflow MEnus/button_CreateFromWorkflow' is clicked on&#xD;
&#xD;
2019-08-21 14:49:33 - [MESSAGE][PASSED] - Object: 'Object Repository/Projects_Communications/Page_Projects - Projects - EOS/CreateFromWorkflow MEnus/button_CreateFromWorkflow' is clicked on&#xD;
&#xD;
2019-08-21 14:49:33 - [TEST_STEP][PASSED] - selectOptionByValue(findTestObject("Projects_Communications/Page_Projects - Projects - EOS/CreateFromWorkflow MEnus/select_InteractiveBatchOn-Dema"), "Batch", false): All options with value 'Batch' are selected in object 'Object Repository/Projects_Communications/Page_Projects - Projects - EOS/CreateFromWorkflow MEnus/select_InteractiveBatchOn-Dema' &#xD;
&#xD;
2019-08-21 14:49:33 - [MESSAGE][PASSED] - All options with value 'Batch' are selected in object 'Object Repository/Projects_Communications/Page_Projects - Projects - EOS/CreateFromWorkflow MEnus/select_InteractiveBatchOn-Dema' &#xD;
&#xD;
2019-08-21 14:49:33 - [TEST_STEP][PASSED] - setText(findTestObject("Projects_Communications/Page_Projects - Projects - EOS/CreateFromWorkflow MEnus/input_Name"), "4_TestBatch_FromWorkflow"): Text '4_TestBatch_FromWorkflow' is set on object 'Object Repository/Projects_Communications/Page_Projects - Projects - EOS/CreateFromWorkflow MEnus/input_Name'&#xD;
&#xD;
2019-08-21 14:49:33 - [MESSAGE][PASSED] - Text '4_TestBatch_FromWorkflow' is set on object 'Object Repository/Projects_Communications/Page_Projects - Projects - EOS/CreateFromWorkflow MEnus/input_Name'&#xD;
&#xD;
2019-08-21 14:49:33 - [TEST_STEP][PASSED] - setText(findTestObject("Projects_Communications/Page_Projects - Projects - EOS/CreateFromWorkflow MEnus/textarea_Description"), "FromWk4_Batch communication!@#$%^&amp;*()_+}{"|:&lt;&gt;?/.,\';]["): Text 'FromWk4_Batch communication!@#$%^&amp;*()_+}{"|:&lt;&gt;?/.,\';][' is set on object 'Object Repository/Projects_Communications/Page_Projects - Projects - EOS/CreateFromWorkflow MEnus/textarea_Description'&#xD;
&#xD;
2019-08-21 14:49:34 - [MESSAGE][PASSED] - Text 'FromWk4_Batch communication!@#$%^&amp;*()_+}{"|:&lt;&gt;?/.,\';][' is set on object 'Object Repository/Projects_Communications/Page_Projects - Projects - EOS/CreateFromWorkflow MEnus/textarea_Description'&#xD;
&#xD;
2019-08-21 14:49:34 - [TEST_STEP][PASSED] - click(findTestObject("Projects_Communications/Page_Projects - Projects - EOS/CreateFromWorkflow MEnus/button_Browse")): Object: 'Object Repository/Projects_Communications/Page_Projects - Projects - EOS/CreateFromWorkflow MEnus/button_Browse' is clicked on&#xD;
&#xD;
2019-08-21 14:49:34 - [MESSAGE][PASSED] - Object: 'Object Repository/Projects_Communications/Page_Projects - Projects - EOS/CreateFromWorkflow MEnus/button_Browse' is clicked on&#xD;
&#xD;
2019-08-21 14:49:34 - [TEST_STEP][PASSED] - click(findTestObject("Projects_Communications/Page_Projects - Projects - EOS/CreateFromWorkflow MEnus/select_BatchFolder")): Object: 'Object Repository/Projects_Communications/Page_Projects - Projects - EOS/CreateFromWorkflow MEnus/select_BatchFolder' is clicked on&#xD;
&#xD;
2019-08-21 14:49:35 - [MESSAGE][PASSED] - Object: 'Object Repository/Projects_Communications/Page_Projects - Projects - EOS/CreateFromWorkflow MEnus/select_BatchFolder' is clicked on&#xD;
&#xD;
2019-08-21 14:49:35 - [TEST_STEP][PASSED] - delay(2): Delayed 2 second(s)&#xD;
&#xD;
2019-08-21 14:49:37 - [MESSAGE][PASSED] - Delayed 2 second(s)&#xD;
&#xD;
2019-08-21 14:49:37 - [TEST_STEP][PASSED] - click(findTestObject("Projects_Communications/Page_Projects - Projects - EOS/CreateFromWorkflow MEnus/select_Workflow")): Object: 'Object Repository/Projects_Communications/Page_Projects - Projects - EOS/CreateFromWorkflow MEnus/select_Workflow' is clicked on&#xD;
&#xD;
2019-08-21 14:49:37 - [MESSAGE][PASSED] - Object: 'Object Repository/Projects_Communications/Page_Projects - Projects - EOS/CreateFromWorkflow MEnus/select_Workflow' is clicked on&#xD;
&#xD;
2019-08-21 14:49:37 - [TEST_STEP][PASSED] - click(findTestObject("Projects_Communications/Page_Projects - Projects - EOS/CreateFromWorkflow MEnus/button_SelectWorkflow_OK")): Object: 'Object Repository/Projects_Communications/Page_Projects - Projects - EOS/CreateFromWorkflow MEnus/button_SelectWorkflow_OK' is clicked on&#xD;
&#xD;
2019-08-21 14:49:37 - [MESSAGE][PASSED] - Object: 'Object Repository/Projects_Communications/Page_Projects - Projects - EOS/CreateFromWorkflow MEnus/button_SelectWorkflow_OK' is clicked on&#xD;
&#xD;
2019-08-21 14:49:37 - [TEST_STEP][PASSED] - click(findTestObject("Projects_Communications/Page_Projects - Projects - EOS/CreateFromWorkflow MEnus/button_NewProject_OK")): Object: 'Object Repository/Projects_Communications/Page_Projects - Projects - EOS/CreateFromWorkflow MEnus/button_NewProject_OK' is clicked on&#xD;
&#xD;
2019-08-21 14:49:37 - [MESSAGE][PASSED] - Object: 'Object Repository/Projects_Communications/Page_Projects - Projects - EOS/CreateFromWorkflow MEnus/button_NewProject_OK' is clicked on&#xD;
&#xD;
2019-08-21 14:49:37 - [TEST_STEP][PASSED] - delay(2): Delayed 2 second(s)&#xD;
&#xD;
2019-08-21 14:49:39 - [MESSAGE][PASSED] - Delayed 2 second(s)&#xD;
&#xD;
2019-08-21 14:49:39 - [TEST_STEP][PASSED] - back(): Navigate back successfully&#xD;
&#xD;
2019-08-21 14:49:39 - [MESSAGE][PASSED] - Navigate back successfully&#xD;
&#xD;
2019-08-21 14:49:39 - [MESSAGE][PASSED] - Call Test Case 'Test Cases/Communications_Projects/Create_Project_FromWorkflow_Batch' successfully&#xD;
&#xD;
2019-08-21 14:49:39 - [TEST_STEP][PASSED] - delay(2, CONTINUE_ON_FAILURE): Delayed 2 second(s)&#xD;
&#xD;
2019-08-21 14:49:41 - [MESSAGE][PASSED] - Delayed 2 second(s)&#xD;
&#xD;
2019-08-21 14:49:41 - [TEST_STEP][PASSED] - callTestCase(findTestCase("Communications_Projects/Export_Project"), [:], STOP_ON_FAILURE): Call Test Case 'Test Cases/Communications_Projects/Export_Project' successfully&#xD;
&#xD;
2019-08-21 14:49:41 - [TEST_CASE][PASSED] - Test Cases/Communications_Projects/Export_Project: Test Cases/Communications_Projects/Export_Project&#xD;
&#xD;
2019-08-21 14:49:41 - [TEST_STEP][NOT_RUN] - callTestCase(findTestCase("Main Login Page/login_Enterprise"), [:], STOP_ON_FAILURE): NOT_RUN: callTestCase(findTestCase("Main Login Page/login_Enterprise"), [:], STOP_ON_FAILURE)&#xD;
&#xD;
2019-08-21 14:49:41 - [MESSAGE][NOT_RUN] - NOT_RUN: callTestCase(findTestCase("Main Login Page/login_Enterprise"), [:], STOP_ON_FAILURE)&#xD;
&#xD;
2019-08-21 14:49:41 - [TEST_STEP][NOT_RUN] - navigateToUrl(url_enterprise, STOP_ON_FAILURE): NOT_RUN: navigateToUrl(url_enterprise, STOP_ON_FAILURE)&#xD;
&#xD;
2019-08-21 14:49:41 - [MESSAGE][NOT_RUN] - NOT_RUN: navigateToUrl(url_enterprise, STOP_ON_FAILURE)&#xD;
&#xD;
2019-08-21 14:49:41 - [TEST_STEP][NOT_RUN] - click(findTestObject("Projects_Communications/Page_Welcome - EOS/a_Projects")): NOT_RUN: click(findTestObject("Projects_Communications/Page_Welcome - EOS/a_Projects"))&#xD;
&#xD;
2019-08-21 14:49:41 - [MESSAGE][NOT_RUN] - NOT_RUN: click(findTestObject("Projects_Communications/Page_Welcome - EOS/a_Projects"))&#xD;
&#xD;
2019-08-21 14:49:41 - [TEST_STEP][PASSED] - click(findTestObject("Projects_Communications/Page_Projects - Projects - EOS/Publish_OtherEnv/Page_Projects - Projects - EOS/ContextualMenu_1_TestBatch"), STOP_ON_FAILURE): Object: 'Object Repository/Projects_Communications/Page_Projects - Projects - EOS/Publish_OtherEnv/Page_Projects - Projects - EOS/ContextualMenu_1_TestBatch' is clicked on&#xD;
&#xD;
2019-08-21 14:49:41 - [MESSAGE][PASSED] - Object: 'Object Repository/Projects_Communications/Page_Projects - Projects - EOS/Publish_OtherEnv/Page_Projects - Projects - EOS/ContextualMenu_1_TestBatch' is clicked on&#xD;
&#xD;
2019-08-21 14:49:41 - [TEST_STEP][PASSED] - delay(1): Delayed 1 second(s)&#xD;
&#xD;
2019-08-21 14:49:42 - [MESSAGE][PASSED] - Delayed 1 second(s)&#xD;
&#xD;
2019-08-21 14:49:42 - [TEST_STEP][PASSED] - click(findTestObject("Projects_Communications/Page_Projects - Projects - EOS/ExportProject/option_Export")): Object: 'Object Repository/Projects_Communications/Page_Projects - Projects - EOS/ExportProject/option_Export' is clicked on&#xD;
&#xD;
2019-08-21 14:49:43 - [MESSAGE][PASSED] - Object: 'Object Repository/Projects_Communications/Page_Projects - Projects - EOS/ExportProject/option_Export' is clicked on&#xD;
&#xD;
2019-08-21 14:49:43 - [MESSAGE][PASSED] - Call Test Case 'Test Cases/Communications_Projects/Export_Project' successfully&#xD;
&#xD;
2019-08-21 14:49:43 - [TEST_STEP][PASSED] - delay(2, CONTINUE_ON_FAILURE): Delayed 2 second(s)&#xD;
&#xD;
2019-08-21 14:49:45 - [MESSAGE][PASSED] - Delayed 2 second(s)&#xD;
&#xD;
2019-08-21 14:49:45 - [TEST_STEP][PASSED] - callTestCase(findTestCase("Communications_Projects/Import_Project"), [:], STOP_ON_FAILURE): Call Test Case 'Test Cases/Communications_Projects/Import_Project' successfully&#xD;
&#xD;
2019-08-21 14:49:45 - [TEST_CASE][PASSED] - Test Cases/Communications_Projects/Import_Project: Test Cases/Communications_Projects/Import_Project&#xD;
&#xD;
2019-08-21 14:49:45 - [TEST_STEP][NOT_RUN] - callTestCase(findTestCase("Main Login Page/login_Enterprise"), [:], STOP_ON_FAILURE): NOT_RUN: callTestCase(findTestCase("Main Login Page/login_Enterprise"), [:], STOP_ON_FAILURE)&#xD;
&#xD;
2019-08-21 14:49:45 - [MESSAGE][NOT_RUN] - NOT_RUN: callTestCase(findTestCase("Main Login Page/login_Enterprise"), [:], STOP_ON_FAILURE)&#xD;
&#xD;
2019-08-21 14:49:45 - [TEST_STEP][NOT_RUN] - navigateToUrl(url_enterprise, STOP_ON_FAILURE): NOT_RUN: navigateToUrl(url_enterprise, STOP_ON_FAILURE)&#xD;
&#xD;
2019-08-21 14:49:45 - [MESSAGE][NOT_RUN] - NOT_RUN: navigateToUrl(url_enterprise, STOP_ON_FAILURE)&#xD;
&#xD;
2019-08-21 14:49:45 - [TEST_STEP][NOT_RUN] - click(findTestObject("Projects_Communications/Page_Welcome - EOS/a_Projects")): NOT_RUN: click(findTestObject("Projects_Communications/Page_Welcome - EOS/a_Projects"))&#xD;
&#xD;
2019-08-21 14:49:45 - [MESSAGE][NOT_RUN] - NOT_RUN: click(findTestObject("Projects_Communications/Page_Welcome - EOS/a_Projects"))&#xD;
&#xD;
2019-08-21 14:49:45 - [TEST_STEP][NOT_RUN] - delay(1): NOT_RUN: delay(1)&#xD;
&#xD;
2019-08-21 14:49:45 - [MESSAGE][NOT_RUN] - NOT_RUN: delay(1)&#xD;
&#xD;
2019-08-21 14:49:45 - [TEST_STEP][PASSED] - click(findTestObject("Projects_Communications/Page_Projects - Projects - EOS/CreateFromWorkflow MEnus/button_ContextualMenu")): Object: 'Object Repository/Projects_Communications/Page_Projects - Projects - EOS/CreateFromWorkflow MEnus/button_ContextualMenu' is clicked on&#xD;
&#xD;
2019-08-21 14:49:45 - [MESSAGE][PASSED] - Object: 'Object Repository/Projects_Communications/Page_Projects - Projects - EOS/CreateFromWorkflow MEnus/button_ContextualMenu' is clicked on&#xD;
&#xD;
2019-08-21 14:49:45 - [TEST_STEP][PASSED] - delay(1): Delayed 1 second(s)&#xD;
&#xD;
2019-08-21 14:49:46 - [MESSAGE][PASSED] - Delayed 1 second(s)&#xD;
&#xD;
2019-08-21 14:49:46 - [TEST_STEP][PASSED] - click(findTestObject("Projects_Communications/Page_Projects - Projects - EOS/ImportProject/option_ImportProject")): Object: 'Object Repository/Projects_Communications/Page_Projects - Projects - EOS/ImportProject/option_ImportProject' is clicked on&#xD;
&#xD;
2019-08-21 14:49:46 - [MESSAGE][PASSED] - Object: 'Object Repository/Projects_Communications/Page_Projects - Projects - EOS/ImportProject/option_ImportProject' is clicked on&#xD;
&#xD;
2019-08-21 14:49:46 - [TEST_STEP][PASSED] - delay(1): Delayed 1 second(s)&#xD;
&#xD;
2019-08-21 14:49:47 - [MESSAGE][PASSED] - Delayed 1 second(s)&#xD;
&#xD;
2019-08-21 14:49:47 - [TEST_STEP][PASSED] - uploadFile(findTestObject("Projects_Communications/Page_Projects - Projects - EOS/ImportProject/upload_Project"), ExportProject_Path): File 'C:\Users\bogdan.eremia\Downloads\1_Batch_Comm.zip' sent to object: 'Object Repository/Projects_Communications/Page_Projects - Projects - EOS/ImportProject/upload_Project'&#xD;
&#xD;
2019-08-21 14:49:47 - [MESSAGE][PASSED] - File 'C:\Users\bogdan.eremia\Downloads\1_Batch_Comm.zip' sent to object: 'Object Repository/Projects_Communications/Page_Projects - Projects - EOS/ImportProject/upload_Project'&#xD;
&#xD;
2019-08-21 14:49:47 - [TEST_STEP][PASSED] - delay(1): Delayed 1 second(s)&#xD;
&#xD;
2019-08-21 14:49:48 - [MESSAGE][PASSED] - Delayed 1 second(s)&#xD;
&#xD;
2019-08-21 14:49:48 - [TEST_STEP][PASSED] - click(findTestObject("Projects_Communications/Page_Projects - Projects - EOS/ImportProject/dropdown_SelectWorkspace")): Object: 'Object Repository/Projects_Communications/Page_Projects - Projects - EOS/ImportProject/dropdown_SelectWorkspace' is clicked on&#xD;
&#xD;
2019-08-21 14:49:48 - [MESSAGE][PASSED] - Object: 'Object Repository/Projects_Communications/Page_Projects - Projects - EOS/ImportProject/dropdown_SelectWorkspace' is clicked on&#xD;
&#xD;
2019-08-21 14:49:48 - [TEST_STEP][PASSED] - delay(1): Delayed 1 second(s)&#xD;
&#xD;
2019-08-21 14:49:49 - [MESSAGE][PASSED] - Delayed 1 second(s)&#xD;
&#xD;
2019-08-21 14:49:49 - [TEST_STEP][PASSED] - click(findTestObject("Projects_Communications/Page_Projects - Projects - EOS/ImportProject/select_Workspace")): Object: 'Object Repository/Projects_Communications/Page_Projects - Projects - EOS/ImportProject/select_Workspace' is clicked on&#xD;
&#xD;
2019-08-21 14:49:49 - [MESSAGE][PASSED] - Object: 'Object Repository/Projects_Communications/Page_Projects - Projects - EOS/ImportProject/select_Workspace' is clicked on&#xD;
&#xD;
2019-08-21 14:49:49 - [TEST_STEP][PASSED] - delay(1): Delayed 1 second(s)&#xD;
&#xD;
2019-08-21 14:49:50 - [MESSAGE][PASSED] - Delayed 1 second(s)&#xD;
&#xD;
2019-08-21 14:49:50 - [TEST_STEP][PASSED] - click(findTestObject("Projects_Communications/Page_Projects - Projects - EOS/ImportProject/button_ImportProject")): Object: 'Object Repository/Projects_Communications/Page_Projects - Projects - EOS/ImportProject/button_ImportProject' is clicked on&#xD;
&#xD;
2019-08-21 14:49:50 - [MESSAGE][PASSED] - Object: 'Object Repository/Projects_Communications/Page_Projects - Projects - EOS/ImportProject/button_ImportProject' is clicked on&#xD;
&#xD;
2019-08-21 14:49:50 - [MESSAGE][PASSED] - Call Test Case 'Test Cases/Communications_Projects/Import_Project' successfully&#xD;
&#xD;
2019-08-21 14:49:50 - [TEST_STEP][PASSED] - delay(2, CONTINUE_ON_FAILURE): Delayed 2 second(s)&#xD;
&#xD;
2019-08-21 14:49:52 - [MESSAGE][PASSED] - Delayed 2 second(s)&#xD;
&#xD;
2019-08-21 14:49:52 - [MESSAGE][PASSED] - Call Test Case 'Test Cases/Communications_Projects/Create_Projects' successfully&#xD;
&#xD;
2019-08-21 14:49:52 - [TEST_STEP][PASSED] - delay(2, CONTINUE_ON_FAILURE): Delayed 2 second(s)&#xD;
&#xD;
2019-08-21 14:49:54 - [MESSAGE][PASSED] - Delayed 2 second(s)&#xD;
&#xD;
2019-08-21 14:49:54 - [TEST_STEP][PASSED] - callTestCase(findTestCase("Communications_Projects/Run_Communications"), [:], CONTINUE_ON_FAILURE): Call Test Case 'Test Cases/Communications_Projects/Run_Communications' successfully&#xD;
&#xD;
2019-08-21 14:49:55 - [TEST_CASE][PASSED] - Test Cases/Communications_Projects/Run_Communications: Test Cases/Communications_Projects/Run_Communications&#xD;
&#xD;
2019-08-21 14:49:55 - [TEST_STEP][NOT_RUN] - callTestCase(findTestCase("Main Login Page/login_Enterprise"), [:], CONTINUE_ON_FAILURE): NOT_RUN: callTestCase(findTestCase("Main Login Page/login_Enterprise"), [:], CONTINUE_ON_FAILURE)&#xD;
&#xD;
2019-08-21 14:49:55 - [MESSAGE][NOT_RUN] - NOT_RUN: callTestCase(findTestCase("Main Login Page/login_Enterprise"), [:], CONTINUE_ON_FAILURE)&#xD;
&#xD;
2019-08-21 14:49:55 - [TEST_STEP][PASSED] - navigateToUrl(url_enterprise, CONTINUE_ON_FAILURE): Navigate to 'http://192.168.1.97:8094/' successfully&#xD;
&#xD;
2019-08-21 14:49:55 - [MESSAGE][PASSED] - Navigate to 'http://192.168.1.97:8094/' successfully&#xD;
&#xD;
2019-08-21 14:49:55 - [TEST_STEP][PASSED] - click(findTestObject("Projects_Communications/Page_Welcome - EOS/a_Communications"), CONTINUE_ON_FAILURE): Object: 'Object Repository/Projects_Communications/Page_Welcome - EOS/a_Communications' is clicked on&#xD;
&#xD;
2019-08-21 14:49:56 - [MESSAGE][PASSED] - Object: 'Object Repository/Projects_Communications/Page_Welcome - EOS/a_Communications' is clicked on&#xD;
&#xD;
2019-08-21 14:49:56 - [TEST_STEP][PASSED] - delay(3, CONTINUE_ON_FAILURE): Delayed 3 second(s)&#xD;
&#xD;
2019-08-21 14:49:59 - [MESSAGE][PASSED] - Delayed 3 second(s)&#xD;
&#xD;
2019-08-21 14:49:59 - [TEST_STEP][PASSED] - communications.Run_Communication.create_Communication("Batch"): communications.Run_Communication.create_Communication is PASSED&#xD;
&#xD;
2019-08-21 14:49:59 - [MESSAGE][PASSED] - Object 'Object Repository/Projects_Communications/Page_Communications - Communication/button_New Communication' is visible&#xD;
&#xD;
2019-08-21 14:49:59 - [MESSAGE][PASSED] - Object: 'Object Repository/Projects_Communications/Page_Communications - Communication/button_New Communication' is clicked on&#xD;
&#xD;
2019-08-21 14:49:59 - [MESSAGE][PASSED] - Switched to window with index: '1'&#xD;
&#xD;
2019-08-21 14:50:01 - [MESSAGE][PASSED] - Delayed 2 second(s)&#xD;
&#xD;
2019-08-21 14:50:02 - [MESSAGE][PASSED] - Object: 'Object Repository/Projects_Communications/Page_Communications - Communication/select_DefaultWorkspace' is clicked on&#xD;
&#xD;
2019-08-21 14:50:03 - [MESSAGE][PASSED] - Delayed 1 second(s)&#xD;
&#xD;
2019-08-21 14:50:03 - [MESSAGE][PASSED] - Object: 'Object Repository/Projects_Communications/Page_Communications - Communication/select_testcommuncation1_Batch' is clicked on&#xD;
&#xD;
2019-08-21 14:50:03 - [MESSAGE][PASSED] - Object 'Object Repository/Projects_Communications/Page_Communications - Communication/button_Run' is clickable&#xD;
&#xD;
2019-08-21 14:50:04 - [MESSAGE][PASSED] - Delayed 1 second(s)&#xD;
&#xD;
2019-08-21 14:50:04 - [MESSAGE][PASSED] - Object: 'Object Repository/Projects_Communications/Page_Communications - Communication/button_Run' is clicked on&#xD;
&#xD;
2019-08-21 14:50:05 - [MESSAGE][PASSED] - Delayed 1 second(s)&#xD;
&#xD;
2019-08-21 14:50:05 - [MESSAGE][PASSED] - Object 'Object Repository/Projects_Communications/Page_Communications - Communication/OK_Confirmation_Batch' is clickable&#xD;
&#xD;
2019-08-21 14:50:06 - [MESSAGE][PASSED] - Object: 'Object Repository/Projects_Communications/Page_Communications - Communication/OK_Confirmation_Batch' is clicked on&#xD;
&#xD;
2019-08-21 14:50:06 - [MESSAGE][PASSED] - Switched to window with index: '1'&#xD;
&#xD;
2019-08-21 14:50:06 - [MESSAGE][PASSED] - Object 'Object Repository/Projects_Communications/Page_Communications - Results/communication_Finished' is visible&#xD;
&#xD;
2019-08-21 14:50:07 - [MESSAGE][WARNING] - Actual text ' 50%' and expected text ' Finished' of test object 'Object Repository/Projects_Communications/Page_Communications - Results/communication_Finished' are NOT matched. (Root cause: com.kms.katalon.core.exception.StepFailedException: Actual text ' 50%' and expected text ' Finished' of test object 'Object Repository/Projects_Communications/Page_Communications - Results/communication_Finished' are NOT matched.&#xD;
	at com.kms.katalon.core.webui.keyword.internal.WebUIKeywordMain.stepFailed(WebUIKeywordMain.groovy:64)&#xD;
	at com.kms.katalon.core.webui.keyword.builtin.VerifyElementTextKeyword$_verifyElementText_closure1.doCall(VerifyElementTextKeyword.groovy:57)&#xD;
	at com.kms.katalon.core.webui.keyword.builtin.VerifyElementTextKeyword$_verifyElementText_closure1.call(VerifyElementTextKeyword.groovy)&#xD;
	at com.kms.katalon.core.webui.keyword.internal.WebUIKeywordMain.runKeyword(WebUIKeywordMain.groovy:20)&#xD;
	at com.kms.katalon.core.webui.keyword.builtin.VerifyElementTextKeyword.verifyElementText(VerifyElementTextKeyword.groovy:72)&#xD;
	at com.kms.katalon.core.webui.keyword.builtin.VerifyElementTextKeyword.execute(VerifyElementTextKeyword.groovy:40)&#xD;
	at com.kms.katalon.core.keyword.internal.KeywordExecutor.executeKeywordForPlatform(KeywordExecutor.groovy:56)&#xD;
	at com.kms.katalon.core.webui.keyword.WebUiBuiltInKeywords.verifyElementText(WebUiBuiltInKeywords.groovy:3647)&#xD;
	at com.kms.katalon.core.webui.keyword.WebUiBuiltInKeywords$verifyElementText$21.call(Unknown Source)&#xD;
	at communications.Run_Communication.create_Communication(Run_Communication.groovy:157)&#xD;
	at communications.Run_Communication.invokeMethod(Run_Communication.groovy)&#xD;
	at com.kms.katalon.core.main.CustomKeywordDelegatingMetaClass.invokeStaticMethod(CustomKeywordDelegatingMetaClass.java:50)&#xD;
	at Run_Communications.run(Run_Communications:31)&#xD;
	at com.kms.katalon.core.main.ScriptEngine.run(ScriptEngine.java:194)&#xD;
	at com.kms.katalon.core.main.ScriptEngine.runScriptAsRawText(ScriptEngine.java:119)&#xD;
	at com.kms.katalon.core.main.TestCaseExecutor.runScript(TestCaseExecutor.java:337)&#xD;
	at com.kms.katalon.core.main.TestCaseExecutor.doExecute(TestCaseExecutor.java:328)&#xD;
	at com.kms.katalon.core.main.TestCaseExecutor.processExecutionPhase(TestCaseExecutor.java:307)&#xD;
	at com.kms.katalon.core.main.TestCaseExecutor.accessMainPhase(TestCaseExecutor.java:299)&#xD;
	at com.kms.katalon.core.main.TestCaseExecutor.execute(TestCaseExecutor.java:233)&#xD;
	at com.kms.katalon.core.main.TestCaseMain.runTestCase(TestCaseMain.java:114)&#xD;
	at com.kms.katalon.core.keyword.builtin.CallTestCaseKeyword$_callTestCase_closure1.doCall(CallTestCaseKeyword.groovy:59)&#xD;
	at com.kms.katalon.core.keyword.builtin.CallTestCaseKeyword$_callTestCase_closure1.call(CallTestCaseKeyword.groovy)&#xD;
	at com.kms.katalon.core.keyword.internal.KeywordMain.runKeyword(KeywordMain.groovy:68)&#xD;
	at com.kms.katalon.core.keyword.builtin.CallTestCaseKeyword.callTestCase(CallTestCaseKeyword.groovy:81)&#xD;
	at com.kms.katalon.core.keyword.builtin.CallTestCaseKeyword.execute(CallTestCaseKeyword.groovy:44)&#xD;
	at com.kms.katalon.core.keyword.internal.KeywordExecutor.executeKeywordForPlatform(KeywordExecutor.groovy:56)&#xD;
	at com.kms.katalon.core.keyword.BuiltinKeywords.callTestCase(BuiltinKeywords.groovy:334)&#xD;
	at Projects_Communications - Testcases.run(Projects_Communications - Testcases:20)&#xD;
	at com.kms.katalon.core.main.ScriptEngine.run(ScriptEngine.java:194)&#xD;
	at com.kms.katalon.core.main.ScriptEngine.runScriptAsRawText(ScriptEngine.java:119)&#xD;
	at com.kms.katalon.core.main.TestCaseExecutor.runScript(TestCaseExecutor.java:337)&#xD;
	at com.kms.katalon.core.main.TestCaseExecutor.doExecute(TestCaseExecutor.java:328)&#xD;
	at com.kms.katalon.core.main.TestCaseExecutor.processExecutionPhase(TestCaseExecutor.java:307)&#xD;
	at com.kms.katalon.core.main.TestCaseExecutor.accessMainPhase(TestCaseExecutor.java:299)&#xD;
	at com.kms.katalon.core.main.TestCaseExecutor.execute(TestCaseExecutor.java:233)&#xD;
	at com.kms.katalon.core.main.TestSuiteExecutor.accessTestCaseMainPhase(TestSuiteExecutor.java:150)&#xD;
	at com.kms.katalon.core.main.TestSuiteExecutor.accessTestSuiteMainPhase(TestSuiteExecutor.java:123)&#xD;
	at com.kms.katalon.core.main.TestSuiteExecutor.execute(TestSuiteExecutor.java:87)&#xD;
	at com.kms.katalon.core.main.TestCaseMain.startTestSuite(TestCaseMain.java:157)&#xD;
	at com.kms.katalon.core.main.TestCaseMain$startTestSuite$0.call(Unknown Source)&#xD;
	at TempTestSuite1566387838851.run(TempTestSuite1566387838851.groovy:35)&#xD;
)&#xD;
[[ATTACHMENT|C:\\Katalon Projects\\Nido_Patch3\\Reports\\20190821_144358\\Sanity Check - 12.5.1 - 8499\\20190821_144358\\1566388206752.png]]&#xD;
&#xD;
2019-08-21 14:50:13 - [MESSAGE][PASSED] - Delayed 6 second(s)&#xD;
&#xD;
2019-08-21 14:50:13 - [MESSAGE][PASSED] - Actual text and expected text of test object 'Object Repository/Projects_Communications/Page_Communications - Results/communication_Finished' are matched.&#xD;
&#xD;
2019-08-21 14:50:13 - [MESSAGE][PASSED] - Window with index 1 is closed&#xD;
&#xD;
2019-08-21 14:50:13 - [MESSAGE][PASSED] - Switched to window with index: '0'&#xD;
&#xD;
2019-08-21 14:50:13 - [MESSAGE][PASSED] - communications.Run_Communication.create_Communication is PASSED&#xD;
&#xD;
2019-08-21 14:50:13 - [TEST_STEP][PASSED] - delay(2, CONTINUE_ON_FAILURE): Delayed 2 second(s)&#xD;
&#xD;
2019-08-21 14:50:15 - [MESSAGE][PASSED] - Delayed 2 second(s)&#xD;
&#xD;
2019-08-21 14:50:15 - [TEST_STEP][PASSED] - communications.Run_Communication.create_Communication("Interractive"): communications.Run_Communication.create_Communication is PASSED&#xD;
&#xD;
2019-08-21 14:50:15 - [MESSAGE][PASSED] - Object 'Object Repository/Projects_Communications/Page_Communications - Communication/button_New Communication' is visible&#xD;
&#xD;
2019-08-21 14:50:15 - [MESSAGE][PASSED] - Object: 'Object Repository/Projects_Communications/Page_Communications - Communication/button_New Communication' is clicked on&#xD;
&#xD;
2019-08-21 14:50:15 - [MESSAGE][PASSED] - Switched to window with index: '1'&#xD;
&#xD;
2019-08-21 14:50:17 - [MESSAGE][PASSED] - Delayed 2 second(s)&#xD;
&#xD;
2019-08-21 14:50:18 - [MESSAGE][PASSED] - Object: 'Object Repository/Projects_Communications/Page_Communications - Communication/select_DefaultWorkspace' is clicked on&#xD;
&#xD;
2019-08-21 14:50:19 - [MESSAGE][PASSED] - Delayed 1 second(s)&#xD;
&#xD;
2019-08-21 14:50:19 - [MESSAGE][PASSED] - Object: 'Object Repository/Projects_Communications/Page_Communications - Communication/select_testcommuncation2_Interractive' is clicked on&#xD;
&#xD;
2019-08-21 14:50:20 - [MESSAGE][PASSED] - Object: 'Object Repository/Projects_Communications/Page_Communications - Communication/span_Search for a contact' is clicked on&#xD;
&#xD;
2019-08-21 14:50:22 - [MESSAGE][PASSED] - Delayed 2 second(s)&#xD;
&#xD;
2019-08-21 14:50:22 - [MESSAGE][PASSED] - Object: 'Object Repository/Projects_Communications/Page_Communications - Communication/select_Contact' is clicked on&#xD;
&#xD;
2019-08-21 14:50:22 - [MESSAGE][PASSED] - Object: 'Object Repository/Projects_Communications/Page_Communications - Communication/button_Run' is clicked on&#xD;
&#xD;
2019-08-21 14:50:27 - [MESSAGE][PASSED] - Delayed 5 second(s)&#xD;
&#xD;
2019-08-21 14:50:27 - [MESSAGE][PASSED] - Text 'Mr. QA' is set on object 'Object Repository/Projects_Communications/Page_Communications - Communication/textbox_Sender'&#xD;
&#xD;
2019-08-21 14:50:29 - [MESSAGE][PASSED] - Delayed 2 second(s)&#xD;
&#xD;
2019-08-21 14:50:29 - [MESSAGE][PASSED] - Object: 'Object Repository/Projects_Communications/Page_Communications - Communication/button_InterractiveFinishButton' is clicked on&#xD;
&#xD;
2019-08-21 14:50:30 - [MESSAGE][PASSED] - Object 'Object Repository/Projects_Communications/Page_Communications - Results/communication_Finished' is visible&#xD;
&#xD;
2019-08-21 14:50:30 - [MESSAGE][WARNING] - Actual text ' 0%' and expected text ' Finished' of test object 'Object Repository/Projects_Communications/Page_Communications - Results/communication_Finished' are NOT matched. (Root cause: com.kms.katalon.core.exception.StepFailedException: Actual text ' 0%' and expected text ' Finished' of test object 'Object Repository/Projects_Communications/Page_Communications - Results/communication_Finished' are NOT matched.&#xD;
	at com.kms.katalon.core.webui.keyword.internal.WebUIKeywordMain.stepFailed(WebUIKeywordMain.groovy:64)&#xD;
	at com.kms.katalon.core.webui.keyword.builtin.VerifyElementTextKeyword$_verifyElementText_closure1.doCall(VerifyElementTextKeyword.groovy:57)&#xD;
	at com.kms.katalon.core.webui.keyword.builtin.VerifyElementTextKeyword$_verifyElementText_closure1.call(VerifyElementTextKeyword.groovy)&#xD;
	at com.kms.katalon.core.webui.keyword.internal.WebUIKeywordMain.runKeyword(WebUIKeywordMain.groovy:20)&#xD;
	at com.kms.katalon.core.webui.keyword.builtin.VerifyElementTextKeyword.verifyElementText(VerifyElementTextKeyword.groovy:72)&#xD;
	at com.kms.katalon.core.webui.keyword.builtin.VerifyElementTextKeyword.execute(VerifyElementTextKeyword.groovy:40)&#xD;
	at com.kms.katalon.core.keyword.internal.KeywordExecutor.executeKeywordForPlatform(KeywordExecutor.groovy:56)&#xD;
	at com.kms.katalon.core.webui.keyword.WebUiBuiltInKeywords.verifyElementText(WebUiBuiltInKeywords.groovy:3647)&#xD;
	at com.kms.katalon.core.webui.keyword.WebUiBuiltInKeywords$verifyElementText$21.call(Unknown Source)&#xD;
	at communications.Run_Communication.create_Communication(Run_Communication.groovy:157)&#xD;
	at communications.Run_Communication.invokeMethod(Run_Communication.groovy)&#xD;
	at com.kms.katalon.core.main.CustomKeywordDelegatingMetaClass.invokeStaticMethod(CustomKeywordDelegatingMetaClass.java:50)&#xD;
	at Run_Communications.run(Run_Communications:35)&#xD;
	at com.kms.katalon.core.main.ScriptEngine.run(ScriptEngine.java:194)&#xD;
	at com.kms.katalon.core.main.ScriptEngine.runScriptAsRawText(ScriptEngine.java:119)&#xD;
	at com.kms.katalon.core.main.TestCaseExecutor.runScript(TestCaseExecutor.java:337)&#xD;
	at com.kms.katalon.core.main.TestCaseExecutor.doExecute(TestCaseExecutor.java:328)&#xD;
	at com.kms.katalon.core.main.TestCaseExecutor.processExecutionPhase(TestCaseExecutor.java:307)&#xD;
	at com.kms.katalon.core.main.TestCaseExecutor.accessMainPhase(TestCaseExecutor.java:299)&#xD;
	at com.kms.katalon.core.main.TestCaseExecutor.execute(TestCaseExecutor.java:233)&#xD;
	at com.kms.katalon.core.main.TestCaseMain.runTestCase(TestCaseMain.java:114)&#xD;
	at com.kms.katalon.core.keyword.builtin.CallTestCaseKeyword$_callTestCase_closure1.doCall(CallTestCaseKeyword.groovy:59)&#xD;
	at com.kms.katalon.core.keyword.builtin.CallTestCaseKeyword$_callTestCase_closure1.call(CallTestCaseKeyword.groovy)&#xD;
	at com.kms.katalon.core.keyword.internal.KeywordMain.runKeyword(KeywordMain.groovy:68)&#xD;
	at com.kms.katalon.core.keyword.builtin.CallTestCaseKeyword.callTestCase(CallTestCaseKeyword.groovy:81)&#xD;
	at com.kms.katalon.core.keyword.builtin.CallTestCaseKeyword.execute(CallTestCaseKeyword.groovy:44)&#xD;
	at com.kms.katalon.core.keyword.internal.KeywordExecutor.executeKeywordForPlatform(KeywordExecutor.groovy:56)&#xD;
	at com.kms.katalon.core.keyword.BuiltinKeywords.callTestCase(BuiltinKeywords.groovy:334)&#xD;
	at Projects_Communications - Testcases.run(Projects_Communications - Testcases:20)&#xD;
	at com.kms.katalon.core.main.ScriptEngine.run(ScriptEngine.java:194)&#xD;
	at com.kms.katalon.core.main.ScriptEngine.runScriptAsRawText(ScriptEngine.java:119)&#xD;
	at com.kms.katalon.core.main.TestCaseExecutor.runScript(TestCaseExecutor.java:337)&#xD;
	at com.kms.katalon.core.main.TestCaseExecutor.doExecute(TestCaseExecutor.java:328)&#xD;
	at com.kms.katalon.core.main.TestCaseExecutor.processExecutionPhase(TestCaseExecutor.java:307)&#xD;
	at com.kms.katalon.core.main.TestCaseExecutor.accessMainPhase(TestCaseExecutor.java:299)&#xD;
	at com.kms.katalon.core.main.TestCaseExecutor.execute(TestCaseExecutor.java:233)&#xD;
	at com.kms.katalon.core.main.TestSuiteExecutor.accessTestCaseMainPhase(TestSuiteExecutor.java:150)&#xD;
	at com.kms.katalon.core.main.TestSuiteExecutor.accessTestSuiteMainPhase(TestSuiteExecutor.java:123)&#xD;
	at com.kms.katalon.core.main.TestSuiteExecutor.execute(TestSuiteExecutor.java:87)&#xD;
	at com.kms.katalon.core.main.TestCaseMain.startTestSuite(TestCaseMain.java:157)&#xD;
	at com.kms.katalon.core.main.TestCaseMain$startTestSuite$0.call(Unknown Source)&#xD;
	at TempTestSuite1566387838851.run(TempTestSuite1566387838851.groovy:35)&#xD;
)&#xD;
[[ATTACHMENT|C:\\Katalon Projects\\Nido_Patch3\\Reports\\20190821_144358\\Sanity Check - 12.5.1 - 8499\\20190821_144358\\1566388230562.png]]&#xD;
&#xD;
2019-08-21 14:50:36 - [MESSAGE][PASSED] - Delayed 6 second(s)&#xD;
&#xD;
2019-08-21 14:50:37 - [MESSAGE][PASSED] - Actual text and expected text of test object 'Object Repository/Projects_Communications/Page_Communications - Results/communication_Finished' are matched.&#xD;
&#xD;
2019-08-21 14:50:37 - [MESSAGE][PASSED] - Window with index 1 is closed&#xD;
&#xD;
2019-08-21 14:50:37 - [MESSAGE][PASSED] - Switched to window with index: '0'&#xD;
&#xD;
2019-08-21 14:50:37 - [MESSAGE][PASSED] - communications.Run_Communication.create_Communication is PASSED&#xD;
&#xD;
2019-08-21 14:50:37 - [TEST_STEP][PASSED] - delay(2, CONTINUE_ON_FAILURE): Delayed 2 second(s)&#xD;
&#xD;
2019-08-21 14:50:39 - [MESSAGE][PASSED] - Delayed 2 second(s)&#xD;
&#xD;
2019-08-21 14:50:39 - [TEST_STEP][PASSED] - communications.Run_Communication.create_Communication("On_Demand"): communications.Run_Communication.create_Communication is PASSED&#xD;
&#xD;
2019-08-21 14:50:39 - [MESSAGE][PASSED] - Object 'Object Repository/Projects_Communications/Page_Communications - Communication/button_New Communication' is visible&#xD;
&#xD;
2019-08-21 14:50:39 - [MESSAGE][PASSED] - Object: 'Object Repository/Projects_Communications/Page_Communications - Communication/button_New Communication' is clicked on&#xD;
&#xD;
2019-08-21 14:50:39 - [MESSAGE][PASSED] - Switched to window with index: '1'&#xD;
&#xD;
2019-08-21 14:50:41 - [MESSAGE][PASSED] - Delayed 2 second(s)&#xD;
&#xD;
2019-08-21 14:50:42 - [MESSAGE][PASSED] - Object: 'Object Repository/Projects_Communications/Page_Communications - Communication/select_DefaultWorkspace' is clicked on&#xD;
&#xD;
2019-08-21 14:50:43 - [MESSAGE][PASSED] - Delayed 1 second(s)&#xD;
&#xD;
2019-08-21 14:50:43 - [MESSAGE][PASSED] - Object: 'Object Repository/Projects_Communications/Page_Communications - Communication/select_testcommuncation3_OnDemand' is clicked on&#xD;
&#xD;
2019-08-21 14:50:45 - [MESSAGE][PASSED] - Delayed 2 second(s)&#xD;
&#xD;
2019-08-21 14:50:45 - [MESSAGE][PASSED] - Object: 'Object Repository/Projects_Communications/Page_Communications - Communication/span_Search for a contact' is clicked on&#xD;
&#xD;
2019-08-21 14:50:49 - [MESSAGE][PASSED] - Delayed 4 second(s)&#xD;
&#xD;
2019-08-21 14:50:49 - [MESSAGE][PASSED] - Object: 'Object Repository/Projects_Communications/Page_Communications - Communication/select_Contact' is clicked on&#xD;
&#xD;
2019-08-21 14:50:49 - [MESSAGE][PASSED] - Object: 'Object Repository/Projects_Communications/Page_Communications - Communication/button_Run' is clicked on&#xD;
&#xD;
2019-08-21 14:50:49 - [MESSAGE][PASSED] - Switched to window with index: '1'&#xD;
&#xD;
2019-08-21 14:50:51 - [MESSAGE][PASSED] - Delayed 2 second(s)&#xD;
&#xD;
2019-08-21 14:50:51 - [MESSAGE][PASSED] - Object: 'Object Repository/Projects_Communications/Page_Communications - Communication/button_Save_OnDemand' is clicked on&#xD;
&#xD;
2019-08-21 14:50:53 - [MESSAGE][PASSED] - Delayed 2 second(s)&#xD;
&#xD;
2019-08-21 14:50:54 - [MESSAGE][PASSED] - Object: 'Object Repository/Projects_Communications/Page_Communications - Results/Summaru_Tab' is clicked on&#xD;
&#xD;
2019-08-21 14:50:54 - [MESSAGE][PASSED] - Object 'Object Repository/Projects_Communications/Page_Communications - Results/communication_Finished' is visible&#xD;
&#xD;
2019-08-21 14:50:54 - [MESSAGE][WARNING] - Actual text ' 50%' and expected text ' Finished' of test object 'Object Repository/Projects_Communications/Page_Communications - Results/communication_Finished' are NOT matched. (Root cause: com.kms.katalon.core.exception.StepFailedException: Actual text ' 50%' and expected text ' Finished' of test object 'Object Repository/Projects_Communications/Page_Communications - Results/communication_Finished' are NOT matched.&#xD;
	at com.kms.katalon.core.webui.keyword.internal.WebUIKeywordMain.stepFailed(WebUIKeywordMain.groovy:64)&#xD;
	at com.kms.katalon.core.webui.keyword.builtin.VerifyElementTextKeyword$_verifyElementText_closure1.doCall(VerifyElementTextKeyword.groovy:57)&#xD;
	at com.kms.katalon.core.webui.keyword.builtin.VerifyElementTextKeyword$_verifyElementText_closure1.call(VerifyElementTextKeyword.groovy)&#xD;
	at com.kms.katalon.core.webui.keyword.internal.WebUIKeywordMain.runKeyword(WebUIKeywordMain.groovy:20)&#xD;
	at com.kms.katalon.core.webui.keyword.builtin.VerifyElementTextKeyword.verifyElementText(VerifyElementTextKeyword.groovy:72)&#xD;
	at com.kms.katalon.core.webui.keyword.builtin.VerifyElementTextKeyword.execute(VerifyElementTextKeyword.groovy:40)&#xD;
	at com.kms.katalon.core.keyword.internal.KeywordExecutor.executeKeywordForPlatform(KeywordExecutor.groovy:56)&#xD;
	at com.kms.katalon.core.webui.keyword.WebUiBuiltInKeywords.verifyElementText(WebUiBuiltInKeywords.groovy:3647)&#xD;
	at com.kms.katalon.core.webui.keyword.WebUiBuiltInKeywords$verifyElementText$21.call(Unknown Source)&#xD;
	at communications.Run_Communication.create_Communication(Run_Communication.groovy:157)&#xD;
	at communications.Run_Communication.invokeMethod(Run_Communication.groovy)&#xD;
	at com.kms.katalon.core.main.CustomKeywordDelegatingMetaClass.invokeStaticMethod(CustomKeywordDelegatingMetaClass.java:50)&#xD;
	at Run_Communications.run(Run_Communications:39)&#xD;
	at com.kms.katalon.core.main.ScriptEngine.run(ScriptEngine.java:194)&#xD;
	at com.kms.katalon.core.main.ScriptEngine.runScriptAsRawText(ScriptEngine.java:119)&#xD;
	at com.kms.katalon.core.main.TestCaseExecutor.runScript(TestCaseExecutor.java:337)&#xD;
	at com.kms.katalon.core.main.TestCaseExecutor.doExecute(TestCaseExecutor.java:328)&#xD;
	at com.kms.katalon.core.main.TestCaseExecutor.processExecutionPhase(TestCaseExecutor.java:307)&#xD;
	at com.kms.katalon.core.main.TestCaseExecutor.accessMainPhase(TestCaseExecutor.java:299)&#xD;
	at com.kms.katalon.core.main.TestCaseExecutor.execute(TestCaseExecutor.java:233)&#xD;
	at com.kms.katalon.core.main.TestCaseMain.runTestCase(TestCaseMain.java:114)&#xD;
	at com.kms.katalon.core.keyword.builtin.CallTestCaseKeyword$_callTestCase_closure1.doCall(CallTestCaseKeyword.groovy:59)&#xD;
	at com.kms.katalon.core.keyword.builtin.CallTestCaseKeyword$_callTestCase_closure1.call(CallTestCaseKeyword.groovy)&#xD;
	at com.kms.katalon.core.keyword.internal.KeywordMain.runKeyword(KeywordMain.groovy:68)&#xD;
	at com.kms.katalon.core.keyword.builtin.CallTestCaseKeyword.callTestCase(CallTestCaseKeyword.groovy:81)&#xD;
	at com.kms.katalon.core.keyword.builtin.CallTestCaseKeyword.execute(CallTestCaseKeyword.groovy:44)&#xD;
	at com.kms.katalon.core.keyword.internal.KeywordExecutor.executeKeywordForPlatform(KeywordExecutor.groovy:56)&#xD;
	at com.kms.katalon.core.keyword.BuiltinKeywords.callTestCase(BuiltinKeywords.groovy:334)&#xD;
	at Projects_Communications - Testcases.run(Projects_Communications - Testcases:20)&#xD;
	at com.kms.katalon.core.main.ScriptEngine.run(ScriptEngine.java:194)&#xD;
	at com.kms.katalon.core.main.ScriptEngine.runScriptAsRawText(ScriptEngine.java:119)&#xD;
	at com.kms.katalon.core.main.TestCaseExecutor.runScript(TestCaseExecutor.java:337)&#xD;
	at com.kms.katalon.core.main.TestCaseExecutor.doExecute(TestCaseExecutor.java:328)&#xD;
	at com.kms.katalon.core.main.TestCaseExecutor.processExecutionPhase(TestCaseExecutor.java:307)&#xD;
	at com.kms.katalon.core.main.TestCaseExecutor.accessMainPhase(TestCaseExecutor.java:299)&#xD;
	at com.kms.katalon.core.main.TestCaseExecutor.execute(TestCaseExecutor.java:233)&#xD;
	at com.kms.katalon.core.main.TestSuiteExecutor.accessTestCaseMainPhase(TestSuiteExecutor.java:150)&#xD;
	at com.kms.katalon.core.main.TestSuiteExecutor.accessTestSuiteMainPhase(TestSuiteExecutor.java:123)&#xD;
	at com.kms.katalon.core.main.TestSuiteExecutor.execute(TestSuiteExecutor.java:87)&#xD;
	at com.kms.katalon.core.main.TestCaseMain.startTestSuite(TestCaseMain.java:157)&#xD;
	at com.kms.katalon.core.main.TestCaseMain$startTestSuite$0.call(Unknown Source)&#xD;
	at TempTestSuite1566387838851.run(TempTestSuite1566387838851.groovy:35)&#xD;
)&#xD;
[[ATTACHMENT|C:\\Katalon Projects\\Nido_Patch3\\Reports\\20190821_144358\\Sanity Check - 12.5.1 - 8499\\20190821_144358\\1566388254294.png]]&#xD;
&#xD;
2019-08-21 14:51:00 - [MESSAGE][PASSED] - Delayed 6 second(s)&#xD;
&#xD;
2019-08-21 14:51:00 - [MESSAGE][PASSED] - Actual text and expected text of test object 'Object Repository/Projects_Communications/Page_Communications - Results/communication_Finished' are matched.&#xD;
&#xD;
2019-08-21 14:51:00 - [MESSAGE][PASSED] - Window with index 1 is closed&#xD;
&#xD;
2019-08-21 14:51:00 - [MESSAGE][PASSED] - Switched to window with index: '0'&#xD;
&#xD;
2019-08-21 14:51:00 - [MESSAGE][PASSED] - communications.Run_Communication.create_Communication is PASSED&#xD;
&#xD;
2019-08-21 14:51:00 - [TEST_STEP][PASSED] - delay(2, CONTINUE_ON_FAILURE): Delayed 2 second(s)&#xD;
&#xD;
2019-08-21 14:51:02 - [MESSAGE][PASSED] - Delayed 2 second(s)&#xD;
&#xD;
2019-08-21 14:51:02 - [TEST_STEP][PASSED] - communications.Run_Communication.create_Communication("From_Workflow"): communications.Run_Communication.create_Communication is PASSED&#xD;
&#xD;
2019-08-21 14:51:02 - [MESSAGE][PASSED] - Object 'Object Repository/Projects_Communications/Page_Communications - Communication/button_New Communication' is visible&#xD;
&#xD;
2019-08-21 14:51:03 - [MESSAGE][PASSED] - Object: 'Object Repository/Projects_Communications/Page_Communications - Communication/button_New Communication' is clicked on&#xD;
&#xD;
2019-08-21 14:51:03 - [MESSAGE][PASSED] - Switched to window with index: '1'&#xD;
&#xD;
2019-08-21 14:51:05 - [MESSAGE][PASSED] - Delayed 2 second(s)&#xD;
&#xD;
2019-08-21 14:51:06 - [MESSAGE][PASSED] - Object: 'Object Repository/Projects_Communications/Page_Communications - Communication/select_DefaultWorkspace' is clicked on&#xD;
&#xD;
2019-08-21 14:51:07 - [MESSAGE][PASSED] - Delayed 1 second(s)&#xD;
&#xD;
2019-08-21 14:51:07 - [MESSAGE][PASSED] - Object: 'Object Repository/Projects_Communications/Page_Communications - Communication/select_testcommuncation4_FromWk4_Batch' is clicked on&#xD;
&#xD;
2019-08-21 14:51:07 - [MESSAGE][PASSED] - Object 'Object Repository/Projects_Communications/Page_Communications - Communication/button_Run' is clickable&#xD;
&#xD;
2019-08-21 14:51:08 - [MESSAGE][PASSED] - Delayed 1 second(s)&#xD;
&#xD;
2019-08-21 14:51:08 - [MESSAGE][PASSED] - Object: 'Object Repository/Projects_Communications/Page_Communications - Communication/button_Run' is clicked on&#xD;
&#xD;
2019-08-21 14:51:08 - [MESSAGE][PASSED] - Object 'Object Repository/Projects_Communications/Page_Communications - Communication/OK_Confirmation_Batch' is clickable&#xD;
&#xD;
2019-08-21 14:51:10 - [MESSAGE][PASSED] - Delayed 2 second(s)&#xD;
&#xD;
2019-08-21 14:51:10 - [MESSAGE][PASSED] - Object 'Object Repository/Projects_Communications/Page_Communications - Communication/OK_Confirmation_Batch' is clickable&#xD;
&#xD;
2019-08-21 14:51:10 - [MESSAGE][PASSED] - Object: 'Object Repository/Projects_Communications/Page_Communications - Communication/OK_Confirmation_Batch' is clicked on&#xD;
&#xD;
2019-08-21 14:51:10 - [MESSAGE][PASSED] - Switched to window with index: '1'&#xD;
&#xD;
2019-08-21 14:51:11 - [MESSAGE][PASSED] - Object 'Object Repository/Projects_Communications/Page_Communications - Results/communication_Finished' is visible&#xD;
&#xD;
2019-08-21 14:51:11 - [MESSAGE][WARNING] - Actual text ' 50%' and expected text ' Finished' of test object 'Object Repository/Projects_Communications/Page_Communications - Results/communication_Finished' are NOT matched. (Root cause: com.kms.katalon.core.exception.StepFailedException: Actual text ' 50%' and expected text ' Finished' of test object 'Object Repository/Projects_Communications/Page_Communications - Results/communication_Finished' are NOT matched.&#xD;
	at com.kms.katalon.core.webui.keyword.internal.WebUIKeywordMain.stepFailed(WebUIKeywordMain.groovy:64)&#xD;
	at com.kms.katalon.core.webui.keyword.builtin.VerifyElementTextKeyword$_verifyElementText_closure1.doCall(VerifyElementTextKeyword.groovy:57)&#xD;
	at com.kms.katalon.core.webui.keyword.builtin.VerifyElementTextKeyword$_verifyElementText_closure1.call(VerifyElementTextKeyword.groovy)&#xD;
	at com.kms.katalon.core.webui.keyword.internal.WebUIKeywordMain.runKeyword(WebUIKeywordMain.groovy:20)&#xD;
	at com.kms.katalon.core.webui.keyword.builtin.VerifyElementTextKeyword.verifyElementText(VerifyElementTextKeyword.groovy:72)&#xD;
	at com.kms.katalon.core.webui.keyword.builtin.VerifyElementTextKeyword.execute(VerifyElementTextKeyword.groovy:40)&#xD;
	at com.kms.katalon.core.keyword.internal.KeywordExecutor.executeKeywordForPlatform(KeywordExecutor.groovy:56)&#xD;
	at com.kms.katalon.core.webui.keyword.WebUiBuiltInKeywords.verifyElementText(WebUiBuiltInKeywords.groovy:3647)&#xD;
	at com.kms.katalon.core.webui.keyword.WebUiBuiltInKeywords$verifyElementText$21.call(Unknown Source)&#xD;
	at communications.Run_Communication.create_Communication(Run_Communication.groovy:157)&#xD;
	at communications.Run_Communication.invokeMethod(Run_Communication.groovy)&#xD;
	at com.kms.katalon.core.main.CustomKeywordDelegatingMetaClass.invokeStaticMethod(CustomKeywordDelegatingMetaClass.java:50)&#xD;
	at Run_Communications.run(Run_Communications:43)&#xD;
	at com.kms.katalon.core.main.ScriptEngine.run(ScriptEngine.java:194)&#xD;
	at com.kms.katalon.core.main.ScriptEngine.runScriptAsRawText(ScriptEngine.java:119)&#xD;
	at com.kms.katalon.core.main.TestCaseExecutor.runScript(TestCaseExecutor.java:337)&#xD;
	at com.kms.katalon.core.main.TestCaseExecutor.doExecute(TestCaseExecutor.java:328)&#xD;
	at com.kms.katalon.core.main.TestCaseExecutor.processExecutionPhase(TestCaseExecutor.java:307)&#xD;
	at com.kms.katalon.core.main.TestCaseExecutor.accessMainPhase(TestCaseExecutor.java:299)&#xD;
	at com.kms.katalon.core.main.TestCaseExecutor.execute(TestCaseExecutor.java:233)&#xD;
	at com.kms.katalon.core.main.TestCaseMain.runTestCase(TestCaseMain.java:114)&#xD;
	at com.kms.katalon.core.keyword.builtin.CallTestCaseKeyword$_callTestCase_closure1.doCall(CallTestCaseKeyword.groovy:59)&#xD;
	at com.kms.katalon.core.keyword.builtin.CallTestCaseKeyword$_callTestCase_closure1.call(CallTestCaseKeyword.groovy)&#xD;
	at com.kms.katalon.core.keyword.internal.KeywordMain.runKeyword(KeywordMain.groovy:68)&#xD;
	at com.kms.katalon.core.keyword.builtin.CallTestCaseKeyword.callTestCase(CallTestCaseKeyword.groovy:81)&#xD;
	at com.kms.katalon.core.keyword.builtin.CallTestCaseKeyword.execute(CallTestCaseKeyword.groovy:44)&#xD;
	at com.kms.katalon.core.keyword.internal.KeywordExecutor.executeKeywordForPlatform(KeywordExecutor.groovy:56)&#xD;
	at com.kms.katalon.core.keyword.BuiltinKeywords.callTestCase(BuiltinKeywords.groovy:334)&#xD;
	at Projects_Communications - Testcases.run(Projects_Communications - Testcases:20)&#xD;
	at com.kms.katalon.core.main.ScriptEngine.run(ScriptEngine.java:194)&#xD;
	at com.kms.katalon.core.main.ScriptEngine.runScriptAsRawText(ScriptEngine.java:119)&#xD;
	at com.kms.katalon.core.main.TestCaseExecutor.runScript(TestCaseExecutor.java:337)&#xD;
	at com.kms.katalon.core.main.TestCaseExecutor.doExecute(TestCaseExecutor.java:328)&#xD;
	at com.kms.katalon.core.main.TestCaseExecutor.processExecutionPhase(TestCaseExecutor.java:307)&#xD;
	at com.kms.katalon.core.main.TestCaseExecutor.accessMainPhase(TestCaseExecutor.java:299)&#xD;
	at com.kms.katalon.core.main.TestCaseExecutor.execute(TestCaseExecutor.java:233)&#xD;
	at com.kms.katalon.core.main.TestSuiteExecutor.accessTestCaseMainPhase(TestSuiteExecutor.java:150)&#xD;
	at com.kms.katalon.core.main.TestSuiteExecutor.accessTestSuiteMainPhase(TestSuiteExecutor.java:123)&#xD;
	at com.kms.katalon.core.main.TestSuiteExecutor.execute(TestSuiteExecutor.java:87)&#xD;
	at com.kms.katalon.core.main.TestCaseMain.startTestSuite(TestCaseMain.java:157)&#xD;
	at com.kms.katalon.core.main.TestCaseMain$startTestSuite$0.call(Unknown Source)&#xD;
	at TempTestSuite1566387838851.run(TempTestSuite1566387838851.groovy:35)&#xD;
)&#xD;
[[ATTACHMENT|C:\\Katalon Projects\\Nido_Patch3\\Reports\\20190821_144358\\Sanity Check - 12.5.1 - 8499\\20190821_144358\\1566388271388.png]]&#xD;
&#xD;
2019-08-21 14:51:17 - [MESSAGE][PASSED] - Delayed 6 second(s)&#xD;
&#xD;
2019-08-21 14:51:17 - [MESSAGE][PASSED] - Actual text and expected text of test object 'Object Repository/Projects_Communications/Page_Communications - Results/communication_Finished' are matched.&#xD;
&#xD;
2019-08-21 14:51:17 - [MESSAGE][PASSED] - Window with index 1 is closed&#xD;
&#xD;
2019-08-21 14:51:17 - [MESSAGE][PASSED] - Switched to window with index: '0'&#xD;
&#xD;
2019-08-21 14:51:17 - [MESSAGE][PASSED] - communications.Run_Communication.create_Communication is PASSED&#xD;
&#xD;
2019-08-21 14:51:17 - [TEST_STEP][PASSED] - delay(2, CONTINUE_ON_FAILURE): Delayed 2 second(s)&#xD;
&#xD;
2019-08-21 14:51:19 - [MESSAGE][PASSED] - Delayed 2 second(s)&#xD;
&#xD;
2019-08-21 14:51:19 - [TEST_STEP][PASSED] - communications.Run_Communication.create_Communication("Imported"): communications.Run_Communication.create_Communication is PASSED&#xD;
&#xD;
2019-08-21 14:51:19 - [MESSAGE][PASSED] - Object 'Object Repository/Projects_Communications/Page_Communications - Communication/button_New Communication' is visible&#xD;
&#xD;
2019-08-21 14:51:20 - [MESSAGE][PASSED] - Object: 'Object Repository/Projects_Communications/Page_Communications - Communication/button_New Communication' is clicked on&#xD;
&#xD;
2019-08-21 14:51:20 - [MESSAGE][PASSED] - Switched to window with index: '1'&#xD;
&#xD;
2019-08-21 14:51:22 - [MESSAGE][PASSED] - Delayed 2 second(s)&#xD;
&#xD;
2019-08-21 14:51:23 - [MESSAGE][PASSED] - Object: 'Object Repository/Projects_Communications/Page_Communications - Communication/select_SecondWorkspace' is clicked on&#xD;
&#xD;
2019-08-21 14:51:23 - [MESSAGE][PASSED] - Object: 'Object Repository/Projects_Communications/Page_Communications - Communication/select_testcommuncation1_Batch' is clicked on&#xD;
&#xD;
2019-08-21 14:51:23 - [MESSAGE][PASSED] - Object 'Object Repository/Projects_Communications/Page_Communications - Communication/button_Run' is clickable&#xD;
&#xD;
2019-08-21 14:51:24 - [MESSAGE][PASSED] - Delayed 1 second(s)&#xD;
&#xD;
2019-08-21 14:51:24 - [MESSAGE][PASSED] - Object: 'Object Repository/Projects_Communications/Page_Communications - Communication/button_Run' is clicked on&#xD;
&#xD;
2019-08-21 14:51:25 - [MESSAGE][PASSED] - Delayed 1 second(s)&#xD;
&#xD;
2019-08-21 14:51:25 - [MESSAGE][PASSED] - Object 'Object Repository/Projects_Communications/Page_Communications - Communication/OK_Confirmation_Batch' is clickable&#xD;
&#xD;
2019-08-21 14:51:25 - [MESSAGE][PASSED] - Object: 'Object Repository/Projects_Communications/Page_Communications - Communication/OK_Confirmation_Batch' is clicked on&#xD;
&#xD;
2019-08-21 14:51:25 - [MESSAGE][PASSED] - Switched to window with index: '1'&#xD;
&#xD;
2019-08-21 14:51:26 - [MESSAGE][PASSED] - Object 'Object Repository/Projects_Communications/Page_Communications - Results/communication_Finished' is visible&#xD;
&#xD;
2019-08-21 14:51:26 - [MESSAGE][WARNING] - Actual text ' 50%' and expected text ' Finished' of test object 'Object Repository/Projects_Communications/Page_Communications - Results/communication_Finished' are NOT matched. (Root cause: com.kms.katalon.core.exception.StepFailedException: Actual text ' 50%' and expected text ' Finished' of test object 'Object Repository/Projects_Communications/Page_Communications - Results/communication_Finished' are NOT matched.&#xD;
	at com.kms.katalon.core.webui.keyword.internal.WebUIKeywordMain.stepFailed(WebUIKeywordMain.groovy:64)&#xD;
	at com.kms.katalon.core.webui.keyword.builtin.VerifyElementTextKeyword$_verifyElementText_closure1.doCall(VerifyElementTextKeyword.groovy:57)&#xD;
	at com.kms.katalon.core.webui.keyword.builtin.VerifyElementTextKeyword$_verifyElementText_closure1.call(VerifyElementTextKeyword.groovy)&#xD;
	at com.kms.katalon.core.webui.keyword.internal.WebUIKeywordMain.runKeyword(WebUIKeywordMain.groovy:20)&#xD;
	at com.kms.katalon.core.webui.keyword.builtin.VerifyElementTextKeyword.verifyElementText(VerifyElementTextKeyword.groovy:72)&#xD;
	at com.kms.katalon.core.webui.keyword.builtin.VerifyElementTextKeyword.execute(VerifyElementTextKeyword.groovy:40)&#xD;
	at com.kms.katalon.core.keyword.internal.KeywordExecutor.executeKeywordForPlatform(KeywordExecutor.groovy:56)&#xD;
	at com.kms.katalon.core.webui.keyword.WebUiBuiltInKeywords.verifyElementText(WebUiBuiltInKeywords.groovy:3647)&#xD;
	at com.kms.katalon.core.webui.keyword.WebUiBuiltInKeywords$verifyElementText$21.call(Unknown Source)&#xD;
	at communications.Run_Communication.create_Communication(Run_Communication.groovy:157)&#xD;
	at communications.Run_Communication.invokeMethod(Run_Communication.groovy)&#xD;
	at com.kms.katalon.core.main.CustomKeywordDelegatingMetaClass.invokeStaticMethod(CustomKeywordDelegatingMetaClass.java:50)&#xD;
	at Run_Communications.run(Run_Communications:47)&#xD;
	at com.kms.katalon.core.main.ScriptEngine.run(ScriptEngine.java:194)&#xD;
	at com.kms.katalon.core.main.ScriptEngine.runScriptAsRawText(ScriptEngine.java:119)&#xD;
	at com.kms.katalon.core.main.TestCaseExecutor.runScript(TestCaseExecutor.java:337)&#xD;
	at com.kms.katalon.core.main.TestCaseExecutor.doExecute(TestCaseExecutor.java:328)&#xD;
	at com.kms.katalon.core.main.TestCaseExecutor.processExecutionPhase(TestCaseExecutor.java:307)&#xD;
	at com.kms.katalon.core.main.TestCaseExecutor.accessMainPhase(TestCaseExecutor.java:299)&#xD;
	at com.kms.katalon.core.main.TestCaseExecutor.execute(TestCaseExecutor.java:233)&#xD;
	at com.kms.katalon.core.main.TestCaseMain.runTestCase(TestCaseMain.java:114)&#xD;
	at com.kms.katalon.core.keyword.builtin.CallTestCaseKeyword$_callTestCase_closure1.doCall(CallTestCaseKeyword.groovy:59)&#xD;
	at com.kms.katalon.core.keyword.builtin.CallTestCaseKeyword$_callTestCase_closure1.call(CallTestCaseKeyword.groovy)&#xD;
	at com.kms.katalon.core.keyword.internal.KeywordMain.runKeyword(KeywordMain.groovy:68)&#xD;
	at com.kms.katalon.core.keyword.builtin.CallTestCaseKeyword.callTestCase(CallTestCaseKeyword.groovy:81)&#xD;
	at com.kms.katalon.core.keyword.builtin.CallTestCaseKeyword.execute(CallTestCaseKeyword.groovy:44)&#xD;
	at com.kms.katalon.core.keyword.internal.KeywordExecutor.executeKeywordForPlatform(KeywordExecutor.groovy:56)&#xD;
	at com.kms.katalon.core.keyword.BuiltinKeywords.callTestCase(BuiltinKeywords.groovy:334)&#xD;
	at Projects_Communications - Testcases.run(Projects_Communications - Testcases:20)&#xD;
	at com.kms.katalon.core.main.ScriptEngine.run(ScriptEngine.java:194)&#xD;
	at com.kms.katalon.core.main.ScriptEngine.runScriptAsRawText(ScriptEngine.java:119)&#xD;
	at com.kms.katalon.core.main.TestCaseExecutor.runScript(TestCaseExecutor.java:337)&#xD;
	at com.kms.katalon.core.main.TestCaseExecutor.doExecute(TestCaseExecutor.java:328)&#xD;
	at com.kms.katalon.core.main.TestCaseExecutor.processExecutionPhase(TestCaseExecutor.java:307)&#xD;
	at com.kms.katalon.core.main.TestCaseExecutor.accessMainPhase(TestCaseExecutor.java:299)&#xD;
	at com.kms.katalon.core.main.TestCaseExecutor.execute(TestCaseExecutor.java:233)&#xD;
	at com.kms.katalon.core.main.TestSuiteExecutor.accessTestCaseMainPhase(TestSuiteExecutor.java:150)&#xD;
	at com.kms.katalon.core.main.TestSuiteExecutor.accessTestSuiteMainPhase(TestSuiteExecutor.java:123)&#xD;
	at com.kms.katalon.core.main.TestSuiteExecutor.execute(TestSuiteExecutor.java:87)&#xD;
	at com.kms.katalon.core.main.TestCaseMain.startTestSuite(TestCaseMain.java:157)&#xD;
	at com.kms.katalon.core.main.TestCaseMain$startTestSuite$0.call(Unknown Source)&#xD;
	at TempTestSuite1566387838851.run(TempTestSuite1566387838851.groovy:35)&#xD;
)&#xD;
[[ATTACHMENT|C:\\Katalon Projects\\Nido_Patch3\\Reports\\20190821_144358\\Sanity Check - 12.5.1 - 8499\\20190821_144358\\1566388286325.png]]&#xD;
&#xD;
2019-08-21 14:51:32 - [MESSAGE][PASSED] - Delayed 6 second(s)&#xD;
&#xD;
2019-08-21 14:51:32 - [MESSAGE][PASSED] - Actual text and expected text of test object 'Object Repository/Projects_Communications/Page_Communications - Results/communication_Finished' are matched.&#xD;
&#xD;
2019-08-21 14:51:32 - [MESSAGE][PASSED] - Window with index 1 is closed&#xD;
&#xD;
2019-08-21 14:51:32 - [MESSAGE][PASSED] - Switched to window with index: '0'&#xD;
&#xD;
2019-08-21 14:51:32 - [MESSAGE][PASSED] - communications.Run_Communication.create_Communication is PASSED&#xD;
&#xD;
2019-08-21 14:51:32 - [TEST_STEP][PASSED] - delay(2, CONTINUE_ON_FAILURE): Delayed 2 second(s)&#xD;
&#xD;
2019-08-21 14:51:34 - [MESSAGE][PASSED] - Delayed 2 second(s)&#xD;
&#xD;
2019-08-21 14:51:34 - [MESSAGE][PASSED] - Call Test Case 'Test Cases/Communications_Projects/Run_Communications' successfully&#xD;
&#xD;
2019-08-21 14:51:34 - [TEST_STEP][PASSED] - delay(2, CONTINUE_ON_FAILURE): Delayed 2 second(s)&#xD;
&#xD;
2019-08-21 14:51:36 - [MESSAGE][PASSED] - Delayed 2 second(s)&#xD;
&#xD;
2019-08-21 14:51:36 - [TEST_STEP][PASSED] - callTestCase(findTestCase("Communications_Projects/PublishProject_NewEnv"), [:], CONTINUE_ON_FAILURE): Call Test Case 'Test Cases/Communications_Projects/PublishProject_NewEnv' successfully&#xD;
&#xD;
2019-08-21 14:51:36 - [TEST_CASE][PASSED] - Test Cases/Communications_Projects/PublishProject_NewEnv: Test Cases/Communications_Projects/PublishProject_NewEnv&#xD;
&#xD;
2019-08-21 14:51:37 - [TEST_STEP][NOT_RUN] - callTestCase(findTestCase("Main Login Page/login_Enterprise"), [:], STOP_ON_FAILURE): NOT_RUN: callTestCase(findTestCase("Main Login Page/login_Enterprise"), [:], STOP_ON_FAILURE)&#xD;
&#xD;
2019-08-21 14:51:37 - [MESSAGE][NOT_RUN] - NOT_RUN: callTestCase(findTestCase("Main Login Page/login_Enterprise"), [:], STOP_ON_FAILURE)&#xD;
&#xD;
2019-08-21 14:51:37 - [TEST_STEP][PASSED] - navigateToUrl(url_enterprise, STOP_ON_FAILURE): Navigate to 'http://192.168.1.97:8094/' successfully&#xD;
&#xD;
2019-08-21 14:51:37 - [MESSAGE][PASSED] - Navigate to 'http://192.168.1.97:8094/' successfully&#xD;
&#xD;
2019-08-21 14:51:37 - [TEST_STEP][PASSED] - click(findTestObject("Projects_Communications/Page_Welcome - EOS/a_Projects")): Object: 'Object Repository/Projects_Communications/Page_Welcome - EOS/a_Projects' is clicked on&#xD;
&#xD;
2019-08-21 14:51:37 - [MESSAGE][PASSED] - Object: 'Object Repository/Projects_Communications/Page_Welcome - EOS/a_Projects' is clicked on&#xD;
&#xD;
2019-08-21 14:51:37 - [TEST_STEP][PASSED] - click(findTestObject("Projects_Communications/Page_Projects - Projects - EOS/Publish_OtherEnv/Page_Projects - Projects - EOS/ContextualMenu_1_TestBatch"), STOP_ON_FAILURE): Object: 'Object Repository/Projects_Communications/Page_Projects - Projects - EOS/Publish_OtherEnv/Page_Projects - Projects - EOS/ContextualMenu_1_TestBatch' is clicked on&#xD;
&#xD;
2019-08-21 14:51:38 - [MESSAGE][PASSED] - Object: 'Object Repository/Projects_Communications/Page_Projects - Projects - EOS/Publish_OtherEnv/Page_Projects - Projects - EOS/ContextualMenu_1_TestBatch' is clicked on&#xD;
&#xD;
2019-08-21 14:51:38 - [TEST_STEP][PASSED] - click(findTestObject("Projects_Communications/Page_Projects - Projects - EOS/Publish_OtherEnv/Page_Projects - Projects - EOS/a_Versions"), STOP_ON_FAILURE): Object: 'Object Repository/Projects_Communications/Page_Projects - Projects - EOS/Publish_OtherEnv/Page_Projects - Projects - EOS/a_Versions' is clicked on&#xD;
&#xD;
2019-08-21 14:51:39 - [MESSAGE][PASSED] - Object: 'Object Repository/Projects_Communications/Page_Projects - Projects - EOS/Publish_OtherEnv/Page_Projects - Projects - EOS/a_Versions' is clicked on&#xD;
&#xD;
2019-08-21 14:51:39 - [TEST_STEP][PASSED] - delay(1): Delayed 1 second(s)&#xD;
&#xD;
2019-08-21 14:51:40 - [MESSAGE][PASSED] - Delayed 1 second(s)&#xD;
&#xD;
2019-08-21 14:51:40 - [TEST_STEP][PASSED] - click(findTestObject("Projects_Communications/Page_Projects - Projects - EOS/Publish_OtherEnv/Page_Projects - Projects - EOS/button_New Version"), STOP_ON_FAILURE): Object: 'Object Repository/Projects_Communications/Page_Projects - Projects - EOS/Publish_OtherEnv/Page_Projects - Projects - EOS/button_New Version' is clicked on&#xD;
&#xD;
2019-08-21 14:51:40 - [MESSAGE][PASSED] - Object: 'Object Repository/Projects_Communications/Page_Projects - Projects - EOS/Publish_OtherEnv/Page_Projects - Projects - EOS/button_New Version' is clicked on&#xD;
&#xD;
2019-08-21 14:51:40 - [TEST_STEP][PASSED] - delay(1): Delayed 1 second(s)&#xD;
&#xD;
2019-08-21 14:51:41 - [MESSAGE][PASSED] - Delayed 1 second(s)&#xD;
&#xD;
2019-08-21 14:51:41 - [TEST_STEP][PASSED] - setText(findTestObject("Projects_Communications/Page_Projects - Projects - EOS/Publish_OtherEnv/Page_Projects - Projects - EOS/input_Name_snapshotName"), "1_TestBatch12"): Text '1_TestBatch12' is set on object 'Object Repository/Projects_Communications/Page_Projects - Projects - EOS/Publish_OtherEnv/Page_Projects - Projects - EOS/input_Name_snapshotName'&#xD;
&#xD;
2019-08-21 14:51:41 - [MESSAGE][PASSED] - Text '1_TestBatch12' is set on object 'Object Repository/Projects_Communications/Page_Projects - Projects - EOS/Publish_OtherEnv/Page_Projects - Projects - EOS/input_Name_snapshotName'&#xD;
&#xD;
2019-08-21 14:51:41 - [TEST_STEP][PASSED] - setText(findTestObject("Projects_Communications/Page_Projects - Projects - EOS/Publish_OtherEnv/Page_Projects - Projects - EOS/textarea_Comment_snapshotComme"), "asdsd123sasead!@#@!%!@#^&amp;#*)_{}|":&lt;&gt;?/.,'\';]\]"): Text 'asdsd123sasead!@#@!%!@#^&amp;#*)_{}|":&lt;&gt;?/.,'\';]\]' is set on object 'Object Repository/Projects_Communications/Page_Projects - Projects - EOS/Publish_OtherEnv/Page_Projects - Projects - EOS/textarea_Comment_snapshotComme'&#xD;
&#xD;
2019-08-21 14:51:42 - [MESSAGE][PASSED] - Text 'asdsd123sasead!@#@!%!@#^&amp;#*)_{}|":&lt;&gt;?/.,'\';]\]' is set on object 'Object Repository/Projects_Communications/Page_Projects - Projects - EOS/Publish_OtherEnv/Page_Projects - Projects - EOS/textarea_Comment_snapshotComme'&#xD;
&#xD;
2019-08-21 14:51:42 - [TEST_STEP][PASSED] - delay(1): Delayed 1 second(s)&#xD;
&#xD;
2019-08-21 14:51:43 - [MESSAGE][PASSED] - Delayed 1 second(s)&#xD;
&#xD;
2019-08-21 14:51:43 - [TEST_STEP][PASSED] - click(findTestObject("Projects_Communications/Page_Projects - Projects - EOS/Publish_OtherEnv/Page_Projects - Projects - EOS/button_Ok_NewVersion"), STOP_ON_FAILURE): Object: 'Object Repository/Projects_Communications/Page_Projects - Projects - EOS/Publish_OtherEnv/Page_Projects - Projects - EOS/button_Ok_NewVersion' is clicked on&#xD;
&#xD;
2019-08-21 14:51:43 - [MESSAGE][PASSED] - Object: 'Object Repository/Projects_Communications/Page_Projects - Projects - EOS/Publish_OtherEnv/Page_Projects - Projects - EOS/button_Ok_NewVersion' is clicked on&#xD;
&#xD;
2019-08-21 14:51:43 - [TEST_STEP][PASSED] - delay(1): Delayed 1 second(s)&#xD;
&#xD;
2019-08-21 14:51:44 - [MESSAGE][PASSED] - Delayed 1 second(s)&#xD;
&#xD;
2019-08-21 14:51:44 - [TEST_STEP][PASSED] - click(findTestObject("Projects_Communications/Page_Projects - Projects - EOS/Publish_OtherEnv/Page_Projects - Projects - EOS/contextualMenu_Snapshot"), STOP_ON_FAILURE): Object: 'Object Repository/Projects_Communications/Page_Projects - Projects - EOS/Publish_OtherEnv/Page_Projects - Projects - EOS/contextualMenu_Snapshot' is clicked on&#xD;
&#xD;
2019-08-21 14:51:44 - [MESSAGE][PASSED] - Object: 'Object Repository/Projects_Communications/Page_Projects - Projects - EOS/Publish_OtherEnv/Page_Projects - Projects - EOS/contextualMenu_Snapshot' is clicked on&#xD;
&#xD;
2019-08-21 14:51:44 - [TEST_STEP][PASSED] - delay(1): Delayed 1 second(s)&#xD;
&#xD;
2019-08-21 14:51:45 - [MESSAGE][PASSED] - Delayed 1 second(s)&#xD;
&#xD;
2019-08-21 14:51:45 - [TEST_STEP][PASSED] - click(findTestObject("Projects_Communications/Page_Projects - Projects - EOS/Publish_OtherEnv/Page_Projects - Projects - EOS/a_Publish"), STOP_ON_FAILURE): Object: 'Object Repository/Projects_Communications/Page_Projects - Projects - EOS/Publish_OtherEnv/Page_Projects - Projects - EOS/a_Publish' is clicked on&#xD;
&#xD;
2019-08-21 14:51:45 - [MESSAGE][PASSED] - Object: 'Object Repository/Projects_Communications/Page_Projects - Projects - EOS/Publish_OtherEnv/Page_Projects - Projects - EOS/a_Publish' is clicked on&#xD;
&#xD;
2019-08-21 14:51:45 - [TEST_STEP][PASSED] - setText(findTestObject("Projects_Communications/Page_Projects - Projects - EOS/Publish_OtherEnv/Page_Projects - Projects - EOS/input_Environment_environment"), "3_Custom_Env"): Text '3_Custom_Env' is set on object 'Object Repository/Projects_Communications/Page_Projects - Projects - EOS/Publish_OtherEnv/Page_Projects - Projects - EOS/input_Environment_environment'&#xD;
&#xD;
2019-08-21 14:51:45 - [MESSAGE][PASSED] - Text '3_Custom_Env' is set on object 'Object Repository/Projects_Communications/Page_Projects - Projects - EOS/Publish_OtherEnv/Page_Projects - Projects - EOS/input_Environment_environment'&#xD;
&#xD;
2019-08-21 14:51:45 - [TEST_STEP][PASSED] - setText(findTestObject("Projects_Communications/Page_Projects - Projects - EOS/Publish_OtherEnv/Page_Projects - Projects - EOS/input_Password_password_login"), Password_Admin): Text 'ere123' is set on object 'Object Repository/Projects_Communications/Page_Projects - Projects - EOS/Publish_OtherEnv/Page_Projects - Projects - EOS/input_Password_password_login'&#xD;
&#xD;
2019-08-21 14:51:46 - [MESSAGE][PASSED] - Text 'ere123' is set on object 'Object Repository/Projects_Communications/Page_Projects - Projects - EOS/Publish_OtherEnv/Page_Projects - Projects - EOS/input_Password_password_login'&#xD;
&#xD;
2019-08-21 14:51:46 - [TEST_STEP][PASSED] - click(findTestObject("Projects_Communications/Page_Projects - Projects - EOS/Publish_OtherEnv/Page_Projects - Projects - EOS/button_Next_LogInCredentials"), STOP_ON_FAILURE): Object: 'Object Repository/Projects_Communications/Page_Projects - Projects - EOS/Publish_OtherEnv/Page_Projects - Projects - EOS/button_Next_LogInCredentials' is clicked on&#xD;
&#xD;
2019-08-21 14:51:46 - [MESSAGE][PASSED] - Object: 'Object Repository/Projects_Communications/Page_Projects - Projects - EOS/Publish_OtherEnv/Page_Projects - Projects - EOS/button_Next_LogInCredentials' is clicked on&#xD;
&#xD;
2019-08-21 14:51:46 - [TEST_STEP][PASSED] - click(findTestObject("Projects_Communications/Page_Projects - Projects - EOS/Publish_OtherEnv/Page_Projects - Projects - EOS/button_Publish"), STOP_ON_FAILURE): Object: 'Object Repository/Projects_Communications/Page_Projects - Projects - EOS/Publish_OtherEnv/Page_Projects - Projects - EOS/button_Publish' is clicked on&#xD;
&#xD;
2019-08-21 14:51:46 - [MESSAGE][PASSED] - Object: 'Object Repository/Projects_Communications/Page_Projects - Projects - EOS/Publish_OtherEnv/Page_Projects - Projects - EOS/button_Publish' is clicked on&#xD;
&#xD;
2019-08-21 14:51:46 - [TEST_STEP][PASSED] - waitForElementVisible(findTestObject("Projects_Communications/Page_Projects - Projects - EOS/Publish_OtherEnv/Page_Projects - Projects - EOS/h4_Snapshot has been published"), 10): Object 'Object Repository/Projects_Communications/Page_Projects - Projects - EOS/Publish_OtherEnv/Page_Projects - Projects - EOS/h4_Snapshot has been published' is visible&#xD;
&#xD;
2019-08-21 14:51:48 - [MESSAGE][PASSED] - Object 'Object Repository/Projects_Communications/Page_Projects - Projects - EOS/Publish_OtherEnv/Page_Projects - Projects - EOS/h4_Snapshot has been published' is visible&#xD;
&#xD;
2019-08-21 14:51:48 - [TEST_STEP][PASSED] - verifyElementVisible(findTestObject("Projects_Communications/Page_Projects - Projects - EOS/Publish_OtherEnv/Page_Projects - Projects - EOS/h4_Snapshot has been published"), STOP_ON_FAILURE): Object 'Object Repository/Projects_Communications/Page_Projects - Projects - EOS/Publish_OtherEnv/Page_Projects - Projects - EOS/h4_Snapshot has been published' is visible&#xD;
&#xD;
2019-08-21 14:51:48 - [MESSAGE][PASSED] - Object 'Object Repository/Projects_Communications/Page_Projects - Projects - EOS/Publish_OtherEnv/Page_Projects - Projects - EOS/h4_Snapshot has been published' is visible&#xD;
&#xD;
2019-08-21 14:51:48 - [TEST_STEP][PASSED] - verifyElementText(findTestObject("Projects_Communications/Page_Projects - Projects - EOS/Publish_OtherEnv/Page_Projects - Projects - EOS/h4_Snapshot has been published"), "Snapshot has been published"): Actual text and expected text of test object 'Object Repository/Projects_Communications/Page_Projects - Projects - EOS/Publish_OtherEnv/Page_Projects - Projects - EOS/h4_Snapshot has been published' are matched.&#xD;
&#xD;
2019-08-21 14:51:48 - [MESSAGE][PASSED] - Actual text and expected text of test object 'Object Repository/Projects_Communications/Page_Projects - Projects - EOS/Publish_OtherEnv/Page_Projects - Projects - EOS/h4_Snapshot has been published' are matched.&#xD;
&#xD;
2019-08-21 14:51:48 - [TEST_STEP][PASSED] - click(findTestObject("Projects_Communications/Page_Projects - Projects - EOS/Publish_OtherEnv/Page_Projects - Projects - EOS/button_Close_snapshotPublished"), STOP_ON_FAILURE): Object: 'Object Repository/Projects_Communications/Page_Projects - Projects - EOS/Publish_OtherEnv/Page_Projects - Projects - EOS/button_Close_snapshotPublished' is clicked on&#xD;
&#xD;
2019-08-21 14:51:48 - [MESSAGE][PASSED] - Object: 'Object Repository/Projects_Communications/Page_Projects - Projects - EOS/Publish_OtherEnv/Page_Projects - Projects - EOS/button_Close_snapshotPublished' is clicked on&#xD;
&#xD;
2019-08-21 14:51:48 - [TEST_STEP][PASSED] - delay(1, STOP_ON_FAILURE): Delayed 1 second(s)&#xD;
&#xD;
2019-08-21 14:51:49 - [MESSAGE][PASSED] - Delayed 1 second(s)&#xD;
&#xD;
2019-08-21 14:51:49 - [TEST_STEP][PASSED] - waitForElementClickable(findTestObject("Projects_Communications/Page_Projects - Projects - EOS/Publish_OtherEnv/Page_Projects - Projects - EOS/button_CloseVersionm"), 5): Object 'Object Repository/Projects_Communications/Page_Projects - Projects - EOS/Publish_OtherEnv/Page_Projects - Projects - EOS/button_CloseVersionm' is clickable&#xD;
&#xD;
2019-08-21 14:51:49 - [MESSAGE][PASSED] - Object 'Object Repository/Projects_Communications/Page_Projects - Projects - EOS/Publish_OtherEnv/Page_Projects - Projects - EOS/button_CloseVersionm' is clickable&#xD;
&#xD;
2019-08-21 14:51:49 - [TEST_STEP][PASSED] - click(findTestObject("Projects_Communications/Page_Projects - Projects - EOS/Publish_OtherEnv/Page_Projects - Projects - EOS/button_CloseVersionm"), STOP_ON_FAILURE): Object: 'Object Repository/Projects_Communications/Page_Projects - Projects - EOS/Publish_OtherEnv/Page_Projects - Projects - EOS/button_CloseVersionm' is clicked on&#xD;
&#xD;
2019-08-21 14:51:49 - [MESSAGE][PASSED] - Object: 'Object Repository/Projects_Communications/Page_Projects - Projects - EOS/Publish_OtherEnv/Page_Projects - Projects - EOS/button_CloseVersionm' is clicked on&#xD;
&#xD;
2019-08-21 14:51:49 - [TEST_STEP][PASSED] - delay(2, STOP_ON_FAILURE): Delayed 2 second(s)&#xD;
&#xD;
2019-08-21 14:51:51 - [MESSAGE][PASSED] - Delayed 2 second(s)&#xD;
&#xD;
2019-08-21 14:51:51 - [TEST_STEP][PASSED] - callTestCase(findTestCase("Main Login Page/switch_Environments_Custom"), [:], STOP_ON_FAILURE): Call Test Case 'Test Cases/Main Login Page/switch_Environments_Custom' successfully&#xD;
&#xD;
2019-08-21 14:51:51 - [TEST_CASE][PASSED] - Test Cases/Main Login Page/switch_Environments_Custom: Test Cases/Main Login Page/switch_Environments_Custom&#xD;
&#xD;
2019-08-21 14:51:51 - [TEST_STEP][PASSED] - click(findTestObject("Main Login Page/Select_MultipleEnvironments/Page_Welcome - EOS/droptdown_Environments_MainPage"), STOP_ON_FAILURE): Object: 'Object Repository/Main Login Page/Select_MultipleEnvironments/Page_Welcome - EOS/droptdown_Environments_MainPage' is clicked on&#xD;
&#xD;
2019-08-21 14:51:51 - [MESSAGE][PASSED] - Object: 'Object Repository/Main Login Page/Select_MultipleEnvironments/Page_Welcome - EOS/droptdown_Environments_MainPage' is clicked on&#xD;
&#xD;
2019-08-21 14:51:51 - [TEST_STEP][PASSED] - click(findTestObject("Main Login Page/Select_MultipleEnvironments/Page_Welcome - EOS/select_environment_Custom"), STOP_ON_FAILURE): Object: 'Object Repository/Main Login Page/Select_MultipleEnvironments/Page_Welcome - EOS/select_environment_Custom' is clicked on&#xD;
&#xD;
2019-08-21 14:51:51 - [MESSAGE][PASSED] - Object: 'Object Repository/Main Login Page/Select_MultipleEnvironments/Page_Welcome - EOS/select_environment_Custom' is clicked on&#xD;
&#xD;
2019-08-21 14:51:51 - [TEST_STEP][PASSED] - waitForPageLoad(5, STOP_ON_FAILURE): Wait for page load successfully&#xD;
&#xD;
2019-08-21 14:51:51 - [MESSAGE][PASSED] - Wait for page load successfully&#xD;
&#xD;
2019-08-21 14:51:51 - [MESSAGE][PASSED] - Call Test Case 'Test Cases/Main Login Page/switch_Environments_Custom' successfully&#xD;
&#xD;
2019-08-21 14:51:51 - [TEST_STEP][PASSED] - click(findTestObject("Projects_Communications/Page_Welcome - EOS/a_Communications")): Object: 'Object Repository/Projects_Communications/Page_Welcome - EOS/a_Communications' is clicked on&#xD;
&#xD;
2019-08-21 14:51:52 - [MESSAGE][PASSED] - Object: 'Object Repository/Projects_Communications/Page_Welcome - EOS/a_Communications' is clicked on&#xD;
&#xD;
2019-08-21 14:51:52 - [TEST_STEP][PASSED] - delay(2): Delayed 2 second(s)&#xD;
&#xD;
2019-08-21 14:51:54 - [MESSAGE][PASSED] - Delayed 2 second(s)&#xD;
&#xD;
2019-08-21 14:51:54 - [TEST_STEP][PASSED] - communications.Run_Communication.create_Communication("Batch"): communications.Run_Communication.create_Communication is PASSED&#xD;
&#xD;
2019-08-21 14:51:54 - [MESSAGE][PASSED] - Object 'Object Repository/Projects_Communications/Page_Communications - Communication/button_New Communication' is visible&#xD;
&#xD;
2019-08-21 14:51:54 - [MESSAGE][PASSED] - Object: 'Object Repository/Projects_Communications/Page_Communications - Communication/button_New Communication' is clicked on&#xD;
&#xD;
2019-08-21 14:51:54 - [MESSAGE][PASSED] - Switched to window with index: '1'&#xD;
&#xD;
2019-08-21 14:51:56 - [MESSAGE][PASSED] - Delayed 2 second(s)&#xD;
&#xD;
2019-08-21 14:51:58 - [MESSAGE][PASSED] - Object: 'Object Repository/Projects_Communications/Page_Communications - Communication/select_DefaultWorkspace' is clicked on&#xD;
&#xD;
2019-08-21 14:51:59 - [MESSAGE][PASSED] - Delayed 1 second(s)&#xD;
&#xD;
2019-08-21 14:51:59 - [MESSAGE][PASSED] - Object: 'Object Repository/Projects_Communications/Page_Communications - Communication/select_testcommuncation1_Batch' is clicked on&#xD;
&#xD;
2019-08-21 14:51:59 - [MESSAGE][PASSED] - Object 'Object Repository/Projects_Communications/Page_Communications - Communication/button_Run' is clickable&#xD;
&#xD;
2019-08-21 14:52:00 - [MESSAGE][PASSED] - Delayed 1 second(s)&#xD;
&#xD;
2019-08-21 14:52:00 - [MESSAGE][PASSED] - Object: 'Object Repository/Projects_Communications/Page_Communications - Communication/button_Run' is clicked on&#xD;
&#xD;
2019-08-21 14:52:01 - [MESSAGE][PASSED] - Delayed 1 second(s)&#xD;
&#xD;
2019-08-21 14:52:01 - [MESSAGE][PASSED] - Object 'Object Repository/Projects_Communications/Page_Communications - Communication/OK_Confirmation_Batch' is clickable&#xD;
&#xD;
2019-08-21 14:52:01 - [MESSAGE][PASSED] - Object: 'Object Repository/Projects_Communications/Page_Communications - Communication/OK_Confirmation_Batch' is clicked on&#xD;
&#xD;
2019-08-21 14:52:01 - [MESSAGE][PASSED] - Switched to window with index: '1'&#xD;
&#xD;
2019-08-21 14:52:02 - [MESSAGE][PASSED] - Object 'Object Repository/Projects_Communications/Page_Communications - Results/communication_Finished' is visible&#xD;
&#xD;
2019-08-21 14:52:03 - [MESSAGE][WARNING] - Actual text ' 0%' and expected text ' Finished' of test object 'Object Repository/Projects_Communications/Page_Communications - Results/communication_Finished' are NOT matched. (Root cause: com.kms.katalon.core.exception.StepFailedException: Actual text ' 0%' and expected text ' Finished' of test object 'Object Repository/Projects_Communications/Page_Communications - Results/communication_Finished' are NOT matched.&#xD;
	at com.kms.katalon.core.webui.keyword.internal.WebUIKeywordMain.stepFailed(WebUIKeywordMain.groovy:64)&#xD;
	at com.kms.katalon.core.webui.keyword.builtin.VerifyElementTextKeyword$_verifyElementText_closure1.doCall(VerifyElementTextKeyword.groovy:57)&#xD;
	at com.kms.katalon.core.webui.keyword.builtin.VerifyElementTextKeyword$_verifyElementText_closure1.call(VerifyElementTextKeyword.groovy)&#xD;
	at com.kms.katalon.core.webui.keyword.internal.WebUIKeywordMain.runKeyword(WebUIKeywordMain.groovy:20)&#xD;
	at com.kms.katalon.core.webui.keyword.builtin.VerifyElementTextKeyword.verifyElementText(VerifyElementTextKeyword.groovy:72)&#xD;
	at com.kms.katalon.core.webui.keyword.builtin.VerifyElementTextKeyword.execute(VerifyElementTextKeyword.groovy:40)&#xD;
	at com.kms.katalon.core.keyword.internal.KeywordExecutor.executeKeywordForPlatform(KeywordExecutor.groovy:56)&#xD;
	at com.kms.katalon.core.webui.keyword.WebUiBuiltInKeywords.verifyElementText(WebUiBuiltInKeywords.groovy:3647)&#xD;
	at com.kms.katalon.core.webui.keyword.WebUiBuiltInKeywords$verifyElementText$21.call(Unknown Source)&#xD;
	at communications.Run_Communication.create_Communication(Run_Communication.groovy:157)&#xD;
	at communications.Run_Communication.invokeMethod(Run_Communication.groovy)&#xD;
	at com.kms.katalon.core.main.CustomKeywordDelegatingMetaClass.invokeStaticMethod(CustomKeywordDelegatingMetaClass.java:50)&#xD;
	at PublishProject_NewEnv.run(PublishProject_NewEnv:103)&#xD;
	at com.kms.katalon.core.main.ScriptEngine.run(ScriptEngine.java:194)&#xD;
	at com.kms.katalon.core.main.ScriptEngine.runScriptAsRawText(ScriptEngine.java:119)&#xD;
	at com.kms.katalon.core.main.TestCaseExecutor.runScript(TestCaseExecutor.java:337)&#xD;
	at com.kms.katalon.core.main.TestCaseExecutor.doExecute(TestCaseExecutor.java:328)&#xD;
	at com.kms.katalon.core.main.TestCaseExecutor.processExecutionPhase(TestCaseExecutor.java:307)&#xD;
	at com.kms.katalon.core.main.TestCaseExecutor.accessMainPhase(TestCaseExecutor.java:299)&#xD;
	at com.kms.katalon.core.main.TestCaseExecutor.execute(TestCaseExecutor.java:233)&#xD;
	at com.kms.katalon.core.main.TestCaseMain.runTestCase(TestCaseMain.java:114)&#xD;
	at com.kms.katalon.core.keyword.builtin.CallTestCaseKeyword$_callTestCase_closure1.doCall(CallTestCaseKeyword.groovy:59)&#xD;
	at com.kms.katalon.core.keyword.builtin.CallTestCaseKeyword$_callTestCase_closure1.call(CallTestCaseKeyword.groovy)&#xD;
	at com.kms.katalon.core.keyword.internal.KeywordMain.runKeyword(KeywordMain.groovy:68)&#xD;
	at com.kms.katalon.core.keyword.builtin.CallTestCaseKeyword.callTestCase(CallTestCaseKeyword.groovy:81)&#xD;
	at com.kms.katalon.core.keyword.builtin.CallTestCaseKeyword.execute(CallTestCaseKeyword.groovy:44)&#xD;
	at com.kms.katalon.core.keyword.internal.KeywordExecutor.executeKeywordForPlatform(KeywordExecutor.groovy:56)&#xD;
	at com.kms.katalon.core.keyword.BuiltinKeywords.callTestCase(BuiltinKeywords.groovy:334)&#xD;
	at Projects_Communications - Testcases.run(Projects_Communications - Testcases:24)&#xD;
	at com.kms.katalon.core.main.ScriptEngine.run(ScriptEngine.java:194)&#xD;
	at com.kms.katalon.core.main.ScriptEngine.runScriptAsRawText(ScriptEngine.java:119)&#xD;
	at com.kms.katalon.core.main.TestCaseExecutor.runScript(TestCaseExecutor.java:337)&#xD;
	at com.kms.katalon.core.main.TestCaseExecutor.doExecute(TestCaseExecutor.java:328)&#xD;
	at com.kms.katalon.core.main.TestCaseExecutor.processExecutionPhase(TestCaseExecutor.java:307)&#xD;
	at com.kms.katalon.core.main.TestCaseExecutor.accessMainPhase(TestCaseExecutor.java:299)&#xD;
	at com.kms.katalon.core.main.TestCaseExecutor.execute(TestCaseExecutor.java:233)&#xD;
	at com.kms.katalon.core.main.TestSuiteExecutor.accessTestCaseMainPhase(TestSuiteExecutor.java:150)&#xD;
	at com.kms.katalon.core.main.TestSuiteExecutor.accessTestSuiteMainPhase(TestSuiteExecutor.java:123)&#xD;
	at com.kms.katalon.core.main.TestSuiteExecutor.execute(TestSuiteExecutor.java:87)&#xD;
	at com.kms.katalon.core.main.TestCaseMain.startTestSuite(TestCaseMain.java:157)&#xD;
	at com.kms.katalon.core.main.TestCaseMain$startTestSuite$0.call(Unknown Source)&#xD;
	at TempTestSuite1566387838851.run(TempTestSuite1566387838851.groovy:35)&#xD;
)&#xD;
[[ATTACHMENT|C:\\Katalon Projects\\Nido_Patch3\\Reports\\20190821_144358\\Sanity Check - 12.5.1 - 8499\\20190821_144358\\1566388322639.png]]&#xD;
&#xD;
2019-08-21 14:52:09 - [MESSAGE][PASSED] - Delayed 6 second(s)&#xD;
&#xD;
2019-08-21 14:52:09 - [MESSAGE][PASSED] - Actual text and expected text of test object 'Object Repository/Projects_Communications/Page_Communications - Results/communication_Finished' are matched.&#xD;
&#xD;
2019-08-21 14:52:09 - [MESSAGE][PASSED] - Window with index 1 is closed&#xD;
&#xD;
2019-08-21 14:52:09 - [MESSAGE][PASSED] - Switched to window with index: '0'&#xD;
&#xD;
2019-08-21 14:52:09 - [MESSAGE][PASSED] - communications.Run_Communication.create_Communication is PASSED&#xD;
&#xD;
2019-08-21 14:52:09 - [TEST_STEP][NOT_RUN] - closeBrowser(): NOT_RUN: closeBrowser()&#xD;
&#xD;
2019-08-21 14:52:09 - [MESSAGE][NOT_RUN] - NOT_RUN: closeBrowser()&#xD;
&#xD;
2019-08-21 14:52:09 - [MESSAGE][PASSED] - Call Test Case 'Test Cases/Communications_Projects/PublishProject_NewEnv' successfully&#xD;
&#xD;
2019-08-21 14:52:09 - [TEST_STEP][PASSED] - delay(2, CONTINUE_ON_FAILURE): Delayed 2 second(s)&#xD;
&#xD;
2019-08-21 14:52:11 - [MESSAGE][PASSED] - Delayed 2 second(s)&#xD;
&#xD;
2019-08-21 14:52:11 - [TEST_STEP][PASSED] - callTestCase(findTestCase("Communications_Projects/VerifyJobs"), [:], CONTINUE_ON_FAILURE): Call Test Case 'Test Cases/Communications_Projects/VerifyJobs' successfully&#xD;
&#xD;
2019-08-21 14:52:11 - [TEST_CASE][PASSED] - Test Cases/Communications_Projects/VerifyJobs: Test Cases/Communications_Projects/VerifyJobs&#xD;
&#xD;
2019-08-21 14:52:11 - [TEST_STEP][NOT_RUN] - callTestCase(findTestCase("Admin/Login_sysinternals"), [:], STOP_ON_FAILURE): NOT_RUN: callTestCase(findTestCase("Admin/Login_sysinternals"), [:], STOP_ON_FAILURE)&#xD;
&#xD;
2019-08-21 14:52:11 - [MESSAGE][NOT_RUN] - NOT_RUN: callTestCase(findTestCase("Admin/Login_sysinternals"), [:], STOP_ON_FAILURE)&#xD;
&#xD;
2019-08-21 14:52:11 - [TEST_STEP][PASSED] - navigateToUrl(url_enterprise, STOP_ON_FAILURE): Navigate to 'http://192.168.1.97:8094/' successfully&#xD;
&#xD;
2019-08-21 14:52:11 - [MESSAGE][PASSED] - Navigate to 'http://192.168.1.97:8094/' successfully&#xD;
&#xD;
2019-08-21 14:52:11 - [TEST_STEP][PASSED] - delay(2): Delayed 2 second(s)&#xD;
&#xD;
2019-08-21 14:52:13 - [MESSAGE][PASSED] - Delayed 2 second(s)&#xD;
&#xD;
2019-08-21 14:52:13 - [TEST_STEP][PASSED] - click(findTestObject("Admin/a_Admin"), CONTINUE_ON_FAILURE): Object: 'Object Repository/Admin/a_Admin' is clicked on&#xD;
&#xD;
2019-08-21 14:52:13 - [MESSAGE][PASSED] - Object: 'Object Repository/Admin/a_Admin' is clicked on&#xD;
&#xD;
2019-08-21 14:52:13 - [TEST_STEP][PASSED] - delay(3, CONTINUE_ON_FAILURE): Delayed 3 second(s)&#xD;
&#xD;
2019-08-21 14:52:16 - [MESSAGE][PASSED] - Delayed 3 second(s)&#xD;
&#xD;
2019-08-21 14:52:16 - [TEST_STEP][PASSED] - verifyElementText(findTestObject("Admin/SettingsHome/Home_Text"), "General", CONTINUE_ON_FAILURE): Actual text and expected text of test object 'Object Repository/Admin/SettingsHome/Home_Text' are matched.&#xD;
&#xD;
2019-08-21 14:52:16 - [MESSAGE][PASSED] - Actual text and expected text of test object 'Object Repository/Admin/SettingsHome/Home_Text' are matched.&#xD;
&#xD;
2019-08-21 14:52:16 - [TEST_STEP][PASSED] - verifyElementText(findTestObject("Admin/SettingsHome/Advanced_text"), "Advanced", CONTINUE_ON_FAILURE): Actual text and expected text of test object 'Object Repository/Admin/SettingsHome/Advanced_text' are matched.&#xD;
&#xD;
2019-08-21 14:52:16 - [MESSAGE][PASSED] - Actual text and expected text of test object 'Object Repository/Admin/SettingsHome/Advanced_text' are matched.&#xD;
&#xD;
2019-08-21 14:52:16 - [TEST_STEP][PASSED] - verifyElementVisible(findTestObject("Admin/SettingsHome/Timezone_text"), CONTINUE_ON_FAILURE): Object 'Object Repository/Admin/SettingsHome/Timezone_text' is visible&#xD;
&#xD;
2019-08-21 14:52:16 - [MESSAGE][PASSED] - Object 'Object Repository/Admin/SettingsHome/Timezone_text' is visible&#xD;
&#xD;
2019-08-21 14:52:16 - [TEST_STEP][PASSED] - verifyElementVisible(findTestObject("Admin/SettingsHome/Show Internals_text"), CONTINUE_ON_FAILURE): Object 'Object Repository/Admin/SettingsHome/Show Internals_text' is visible&#xD;
&#xD;
2019-08-21 14:52:16 - [MESSAGE][PASSED] - Object 'Object Repository/Admin/SettingsHome/Show Internals_text' is visible&#xD;
&#xD;
2019-08-21 14:52:16 - [TEST_STEP][PASSED] - if (verifyElementNotChecked(findTestObject("Admin/SettingsHome/input_showSysinternals"), 1, OPTIONAL)): Object 'Object Repository/Admin/SettingsHome/input_showSysinternals' is checked&#xD;
&#xD;
2019-08-21 14:52:16 - [MESSAGE][PASSED] - Object 'Object Repository/Admin/SettingsHome/input_showSysinternals' is not checked&#xD;
&#xD;
2019-08-21 14:52:16 - [TEST_STEP][PASSED] - check(findTestObject("Admin/SettingsHome/input_showSysinternals"), CONTINUE_ON_FAILURE): Object 'Object Repository/Admin/SettingsHome/input_showSysinternals' is checked&#xD;
&#xD;
2019-08-21 14:52:16 - [MESSAGE][PASSED] - Object 'Object Repository/Admin/SettingsHome/input_showSysinternals' is checked&#xD;
&#xD;
2019-08-21 14:52:16 - [TEST_STEP][PASSED] - check(findTestObject("Admin/SettingsHome/input_showSysinternals"), CONTINUE_ON_FAILURE): Object 'Object Repository/Admin/SettingsHome/input_showSysinternals' is checked&#xD;
&#xD;
2019-08-21 14:52:17 - [MESSAGE][PASSED] - Object 'Object Repository/Admin/SettingsHome/input_showSysinternals' is checked&#xD;
&#xD;
2019-08-21 14:52:17 - [TEST_STEP][PASSED] - click(findTestObject("Admin/SettingsHome/Sysinternals_Button"), CONTINUE_ON_FAILURE): Object: 'Object Repository/Admin/SettingsHome/Sysinternals_Button' is clicked on&#xD;
&#xD;
2019-08-21 14:52:17 - [MESSAGE][PASSED] - Object: 'Object Repository/Admin/SettingsHome/Sysinternals_Button' is clicked on&#xD;
&#xD;
2019-08-21 14:52:17 - [TEST_STEP][PASSED] - delay(1): Delayed 1 second(s)&#xD;
&#xD;
2019-08-21 14:52:18 - [MESSAGE][PASSED] - Delayed 1 second(s)&#xD;
&#xD;
2019-08-21 14:52:18 - [TEST_STEP][PASSED] - click(findTestObject("Admin/SettingsSysinternals/Page_Sysinternals - Workspaces/a_Jobs")): Object: 'Object Repository/Admin/SettingsSysinternals/Page_Sysinternals - Workspaces/a_Jobs' is clicked on&#xD;
&#xD;
2019-08-21 14:52:18 - [MESSAGE][PASSED] - Object: 'Object Repository/Admin/SettingsSysinternals/Page_Sysinternals - Workspaces/a_Jobs' is clicked on&#xD;
&#xD;
2019-08-21 14:52:18 - [TEST_STEP][PASSED] - delay(3): Delayed 3 second(s)&#xD;
&#xD;
2019-08-21 14:52:21 - [MESSAGE][PASSED] - Delayed 3 second(s)&#xD;
&#xD;
2019-08-21 14:52:21 - [TEST_STEP][PASSED] - verifyElementText(findTestObject("Admin/Sysinternals_Jobs"), "1_Batch_Comm"): Actual text and expected text of test object 'Object Repository/Admin/Sysinternals_Jobs' are matched.&#xD;
&#xD;
2019-08-21 14:52:21 - [MESSAGE][PASSED] - Actual text and expected text of test object 'Object Repository/Admin/Sysinternals_Jobs' are matched.&#xD;
&#xD;
2019-08-21 14:52:21 - [TEST_STEP][NOT_RUN] - closeBrowser(): NOT_RUN: closeBrowser()&#xD;
&#xD;
2019-08-21 14:52:21 - [MESSAGE][NOT_RUN] - NOT_RUN: closeBrowser()&#xD;
&#xD;
2019-08-21 14:52:21 - [MESSAGE][PASSED] - Call Test Case 'Test Cases/Communications_Projects/VerifyJobs' successfully&#xD;
&#xD;
2019-08-21 14:52:21 - [TEST_STEP][PASSED] - delay(2, CONTINUE_ON_FAILURE): Delayed 2 second(s)&#xD;
&#xD;
2019-08-21 14:52:23 - [MESSAGE][PASSED] - Delayed 2 second(s)&#xD;
&#xD;
2019-08-21 14:52:23 - [TEST_STEP][PASSED] - callTestCase(findTestCase("Main Login Page/switch_Environments_Experience"), [:], CONTINUE_ON_FAILURE): Call Test Case 'Test Cases/Main Login Page/switch_Environments_Experience' successfully&#xD;
&#xD;
2019-08-21 14:52:23 - [TEST_CASE][PASSED] - Test Cases/Main Login Page/switch_Environments_Experience: Test Cases/Main Login Page/switch_Environments_Experience&#xD;
&#xD;
2019-08-21 14:52:23 - [TEST_STEP][PASSED] - click(findTestObject("Main Login Page/Select_MultipleEnvironments/Page_Welcome - EOS/droptdown_Environments_MainPage"), STOP_ON_FAILURE): Object: 'Object Repository/Main Login Page/Select_MultipleEnvironments/Page_Welcome - EOS/droptdown_Environments_MainPage' is clicked on&#xD;
&#xD;
2019-08-21 14:52:23 - [MESSAGE][PASSED] - Object: 'Object Repository/Main Login Page/Select_MultipleEnvironments/Page_Welcome - EOS/droptdown_Environments_MainPage' is clicked on&#xD;
&#xD;
2019-08-21 14:52:23 - [TEST_STEP][PASSED] - click(findTestObject("Main Login Page/Select_MultipleEnvironments/Page_Welcome - EOS/select_environment_Experience"), STOP_ON_FAILURE): Object: 'Object Repository/Main Login Page/Select_MultipleEnvironments/Page_Welcome - EOS/select_environment_Experience' is clicked on&#xD;
&#xD;
2019-08-21 14:52:23 - [MESSAGE][PASSED] - Object: 'Object Repository/Main Login Page/Select_MultipleEnvironments/Page_Welcome - EOS/select_environment_Experience' is clicked on&#xD;
&#xD;
2019-08-21 14:52:23 - [TEST_STEP][PASSED] - waitForPageLoad(5, STOP_ON_FAILURE): Wait for page load successfully&#xD;
&#xD;
2019-08-21 14:52:23 - [MESSAGE][PASSED] - Wait for page load successfully&#xD;
&#xD;
2019-08-21 14:52:23 - [MESSAGE][PASSED] - Call Test Case 'Test Cases/Main Login Page/switch_Environments_Experience' successfully&#xD;
&#xD;
2019-08-21 14:52:23 - [TEST_STEP][PASSED] - delay(2, CONTINUE_ON_FAILURE): Delayed 2 second(s)&#xD;
&#xD;
2019-08-21 14:52:25 - [MESSAGE][PASSED] - Delayed 2 second(s)&#xD;
&#xD;
2019-08-21 14:52:25 - [TEST_STEP][PASSED] - callTestCase(findTestCase("Communications_Projects/VerifyJobs"), [:], CONTINUE_ON_FAILURE): Call Test Case 'Test Cases/Communications_Projects/VerifyJobs' successfully&#xD;
&#xD;
2019-08-21 14:52:25 - [TEST_CASE][PASSED] - Test Cases/Communications_Projects/VerifyJobs: Test Cases/Communications_Projects/VerifyJobs&#xD;
&#xD;
2019-08-21 14:52:25 - [TEST_STEP][NOT_RUN] - callTestCase(findTestCase("Admin/Login_sysinternals"), [:], STOP_ON_FAILURE): NOT_RUN: callTestCase(findTestCase("Admin/Login_sysinternals"), [:], STOP_ON_FAILURE)&#xD;
&#xD;
2019-08-21 14:52:25 - [MESSAGE][NOT_RUN] - NOT_RUN: callTestCase(findTestCase("Admin/Login_sysinternals"), [:], STOP_ON_FAILURE)&#xD;
&#xD;
2019-08-21 14:52:25 - [TEST_STEP][PASSED] - navigateToUrl(url_enterprise, STOP_ON_FAILURE): Navigate to 'http://192.168.1.97:8094/' successfully&#xD;
&#xD;
2019-08-21 14:52:25 - [MESSAGE][PASSED] - Navigate to 'http://192.168.1.97:8094/' successfully&#xD;
&#xD;
2019-08-21 14:52:25 - [TEST_STEP][PASSED] - delay(2): Delayed 2 second(s)&#xD;
&#xD;
2019-08-21 14:52:27 - [MESSAGE][PASSED] - Delayed 2 second(s)&#xD;
&#xD;
2019-08-21 14:52:27 - [TEST_STEP][PASSED] - click(findTestObject("Admin/a_Admin"), CONTINUE_ON_FAILURE): Object: 'Object Repository/Admin/a_Admin' is clicked on&#xD;
&#xD;
2019-08-21 14:52:28 - [MESSAGE][PASSED] - Object: 'Object Repository/Admin/a_Admin' is clicked on&#xD;
&#xD;
2019-08-21 14:52:28 - [TEST_STEP][PASSED] - delay(3, CONTINUE_ON_FAILURE): Delayed 3 second(s)&#xD;
&#xD;
2019-08-21 14:52:31 - [MESSAGE][PASSED] - Delayed 3 second(s)&#xD;
&#xD;
2019-08-21 14:52:31 - [TEST_STEP][PASSED] - verifyElementText(findTestObject("Admin/SettingsHome/Home_Text"), "General", CONTINUE_ON_FAILURE): Actual text and expected text of test object 'Object Repository/Admin/SettingsHome/Home_Text' are matched.&#xD;
&#xD;
2019-08-21 14:52:31 - [MESSAGE][PASSED] - Actual text and expected text of test object 'Object Repository/Admin/SettingsHome/Home_Text' are matched.&#xD;
&#xD;
2019-08-21 14:52:31 - [TEST_STEP][PASSED] - verifyElementText(findTestObject("Admin/SettingsHome/Advanced_text"), "Advanced", CONTINUE_ON_FAILURE): Actual text and expected text of test object 'Object Repository/Admin/SettingsHome/Advanced_text' are matched.&#xD;
&#xD;
2019-08-21 14:52:31 - [MESSAGE][PASSED] - Actual text and expected text of test object 'Object Repository/Admin/SettingsHome/Advanced_text' are matched.&#xD;
&#xD;
2019-08-21 14:52:31 - [TEST_STEP][PASSED] - verifyElementVisible(findTestObject("Admin/SettingsHome/Timezone_text"), CONTINUE_ON_FAILURE): Object 'Object Repository/Admin/SettingsHome/Timezone_text' is visible&#xD;
&#xD;
2019-08-21 14:52:31 - [MESSAGE][PASSED] - Object 'Object Repository/Admin/SettingsHome/Timezone_text' is visible&#xD;
&#xD;
2019-08-21 14:52:31 - [TEST_STEP][PASSED] - verifyElementVisible(findTestObject("Admin/SettingsHome/Show Internals_text"), CONTINUE_ON_FAILURE): Object 'Object Repository/Admin/SettingsHome/Show Internals_text' is visible&#xD;
&#xD;
2019-08-21 14:52:31 - [MESSAGE][PASSED] - Object 'Object Repository/Admin/SettingsHome/Show Internals_text' is visible&#xD;
&#xD;
2019-08-21 14:52:31 - [TEST_STEP][PASSED] - if (verifyElementNotChecked(findTestObject("Admin/SettingsHome/input_showSysinternals"), 1, OPTIONAL)): Object 'Object Repository/Admin/SettingsHome/input_showSysinternals' is checked (Root cause: com.kms.katalon.core.exception.StepFailedException: Object 'Object Repository/Admin/SettingsHome/input_showSysinternals' is checked&#xD;
	at com.kms.katalon.core.webui.keyword.internal.WebUIKeywordMain.stepFailed(WebUIKeywordMain.groovy:64)&#xD;
	at com.kms.katalon.core.webui.keyword.builtin.VerifyElementNotCheckedKeyword$_verifyElementNotChecked_closure1.doCall(VerifyElementNotCheckedKeyword.groovy:82)&#xD;
	at com.kms.katalon.core.webui.keyword.builtin.VerifyElementNotCheckedKeyword$_verifyElementNotChecked_closure1.call(VerifyElementNotCheckedKeyword.groovy)&#xD;
	at com.kms.katalon.core.webui.keyword.internal.WebUIKeywordMain.runKeyword(WebUIKeywordMain.groovy:20)&#xD;
	at com.kms.katalon.core.webui.keyword.builtin.VerifyElementNotCheckedKeyword.verifyElementNotChecked(VerifyElementNotCheckedKeyword.groovy:93)&#xD;
	at com.kms.katalon.core.webui.keyword.builtin.VerifyElementNotCheckedKeyword.execute(VerifyElementNotCheckedKeyword.groovy:68)&#xD;
	at com.kms.katalon.core.keyword.internal.KeywordExecutor.executeKeywordForPlatform(KeywordExecutor.groovy:56)&#xD;
	at com.kms.katalon.core.webui.keyword.WebUiBuiltInKeywords.verifyElementNotChecked(WebUiBuiltInKeywords.groovy:1385)&#xD;
	at com.kms.katalon.core.webui.keyword.WebUiBuiltInKeywords$verifyElementNotChecked$26.call(Unknown Source)&#xD;
	at VerifyJobs.run(VerifyJobs:34)&#xD;
	at com.kms.katalon.core.main.ScriptEngine.run(ScriptEngine.java:194)&#xD;
	at com.kms.katalon.core.main.ScriptEngine.runScriptAsRawText(ScriptEngine.java:119)&#xD;
	at com.kms.katalon.core.main.TestCaseExecutor.runScript(TestCaseExecutor.java:337)&#xD;
	at com.kms.katalon.core.main.TestCaseExecutor.doExecute(TestCaseExecutor.java:328)&#xD;
	at com.kms.katalon.core.main.TestCaseExecutor.processExecutionPhase(TestCaseExecutor.java:307)&#xD;
	at com.kms.katalon.core.main.TestCaseExecutor.accessMainPhase(TestCaseExecutor.java:299)&#xD;
	at com.kms.katalon.core.main.TestCaseExecutor.execute(TestCaseExecutor.java:233)&#xD;
	at com.kms.katalon.core.main.TestCaseMain.runTestCase(TestCaseMain.java:114)&#xD;
	at com.kms.katalon.core.keyword.builtin.CallTestCaseKeyword$_callTestCase_closure1.doCall(CallTestCaseKeyword.groovy:59)&#xD;
	at com.kms.katalon.core.keyword.builtin.CallTestCaseKeyword$_callTestCase_closure1.call(CallTestCaseKeyword.groovy)&#xD;
	at com.kms.katalon.core.keyword.internal.KeywordMain.runKeyword(KeywordMain.groovy:68)&#xD;
	at com.kms.katalon.core.keyword.builtin.CallTestCaseKeyword.callTestCase(CallTestCaseKeyword.groovy:81)&#xD;
	at com.kms.katalon.core.keyword.builtin.CallTestCaseKeyword.execute(CallTestCaseKeyword.groovy:44)&#xD;
	at com.kms.katalon.core.keyword.internal.KeywordExecutor.executeKeywordForPlatform(KeywordExecutor.groovy:56)&#xD;
	at com.kms.katalon.core.keyword.BuiltinKeywords.callTestCase(BuiltinKeywords.groovy:334)&#xD;
	at Projects_Communications - Testcases.run(Projects_Communications - Testcases:36)&#xD;
	at com.kms.katalon.core.main.ScriptEngine.run(ScriptEngine.java:194)&#xD;
	at com.kms.katalon.core.main.ScriptEngine.runScriptAsRawText(ScriptEngine.java:119)&#xD;
	at com.kms.katalon.core.main.TestCaseExecutor.runScript(TestCaseExecutor.java:337)&#xD;
	at com.kms.katalon.core.main.TestCaseExecutor.doExecute(TestCaseExecutor.java:328)&#xD;
	at com.kms.katalon.core.main.TestCaseExecutor.processExecutionPhase(TestCaseExecutor.java:307)&#xD;
	at com.kms.katalon.core.main.TestCaseExecutor.accessMainPhase(TestCaseExecutor.java:299)&#xD;
	at com.kms.katalon.core.main.TestCaseExecutor.execute(TestCaseExecutor.java:233)&#xD;
	at com.kms.katalon.core.main.TestSuiteExecutor.accessTestCaseMainPhase(TestSuiteExecutor.java:150)&#xD;
	at com.kms.katalon.core.main.TestSuiteExecutor.accessTestSuiteMainPhase(TestSuiteExecutor.java:123)&#xD;
	at com.kms.katalon.core.main.TestSuiteExecutor.execute(TestSuiteExecutor.java:87)&#xD;
	at com.kms.katalon.core.main.TestCaseMain.startTestSuite(TestCaseMain.java:157)&#xD;
	at com.kms.katalon.core.main.TestCaseMain$startTestSuite$0.call(Unknown Source)&#xD;
	at TempTestSuite1566387838851.run(TempTestSuite1566387838851.groovy:35)&#xD;
)&#xD;
&#xD;
2019-08-21 14:52:31 - [MESSAGE][WARNING] - Object 'Object Repository/Admin/SettingsHome/input_showSysinternals' is checked (Root cause: com.kms.katalon.core.exception.StepFailedException: Object 'Object Repository/Admin/SettingsHome/input_showSysinternals' is checked&#xD;
	at com.kms.katalon.core.webui.keyword.internal.WebUIKeywordMain.stepFailed(WebUIKeywordMain.groovy:64)&#xD;
	at com.kms.katalon.core.webui.keyword.builtin.VerifyElementNotCheckedKeyword$_verifyElementNotChecked_closure1.doCall(VerifyElementNotCheckedKeyword.groovy:82)&#xD;
	at com.kms.katalon.core.webui.keyword.builtin.VerifyElementNotCheckedKeyword$_verifyElementNotChecked_closure1.call(VerifyElementNotCheckedKeyword.groovy)&#xD;
	at com.kms.katalon.core.webui.keyword.internal.WebUIKeywordMain.runKeyword(WebUIKeywordMain.groovy:20)&#xD;
	at com.kms.katalon.core.webui.keyword.builtin.VerifyElementNotCheckedKeyword.verifyElementNotChecked(VerifyElementNotCheckedKeyword.groovy:93)&#xD;
	at com.kms.katalon.core.webui.keyword.builtin.VerifyElementNotCheckedKeyword.execute(VerifyElementNotCheckedKeyword.groovy:68)&#xD;
	at com.kms.katalon.core.keyword.internal.KeywordExecutor.executeKeywordForPlatform(KeywordExecutor.groovy:56)&#xD;
	at com.kms.katalon.core.webui.keyword.WebUiBuiltInKeywords.verifyElementNotChecked(WebUiBuiltInKeywords.groovy:1385)&#xD;
	at com.kms.katalon.core.webui.keyword.WebUiBuiltInKeywords$verifyElementNotChecked$26.call(Unknown Source)&#xD;
	at VerifyJobs.run(VerifyJobs:34)&#xD;
	at com.kms.katalon.core.main.ScriptEngine.run(ScriptEngine.java:194)&#xD;
	at com.kms.katalon.core.main.ScriptEngine.runScriptAsRawText(ScriptEngine.java:119)&#xD;
	at com.kms.katalon.core.main.TestCaseExecutor.runScript(TestCaseExecutor.java:337)&#xD;
	at com.kms.katalon.core.main.TestCaseExecutor.doExecute(TestCaseExecutor.java:328)&#xD;
	at com.kms.katalon.core.main.TestCaseExecutor.processExecutionPhase(TestCaseExecutor.java:307)&#xD;
	at com.kms.katalon.core.main.TestCaseExecutor.accessMainPhase(TestCaseExecutor.java:299)&#xD;
	at com.kms.katalon.core.main.TestCaseExecutor.execute(TestCaseExecutor.java:233)&#xD;
	at com.kms.katalon.core.main.TestCaseMain.runTestCase(TestCaseMain.java:114)&#xD;
	at com.kms.katalon.core.keyword.builtin.CallTestCaseKeyword$_callTestCase_closure1.doCall(CallTestCaseKeyword.groovy:59)&#xD;
	at com.kms.katalon.core.keyword.builtin.CallTestCaseKeyword$_callTestCase_closure1.call(CallTestCaseKeyword.groovy)&#xD;
	at com.kms.katalon.core.keyword.internal.KeywordMain.runKeyword(KeywordMain.groovy:68)&#xD;
	at com.kms.katalon.core.keyword.builtin.CallTestCaseKeyword.callTestCase(CallTestCaseKeyword.groovy:81)&#xD;
	at com.kms.katalon.core.keyword.builtin.CallTestCaseKeyword.execute(CallTestCaseKeyword.groovy:44)&#xD;
	at com.kms.katalon.core.keyword.internal.KeywordExecutor.executeKeywordForPlatform(KeywordExecutor.groovy:56)&#xD;
	at com.kms.katalon.core.keyword.BuiltinKeywords.callTestCase(BuiltinKeywords.groovy:334)&#xD;
	at Projects_Communications - Testcases.run(Projects_Communications - Testcases:36)&#xD;
	at com.kms.katalon.core.main.ScriptEngine.run(ScriptEngine.java:194)&#xD;
	at com.kms.katalon.core.main.ScriptEngine.runScriptAsRawText(ScriptEngine.java:119)&#xD;
	at com.kms.katalon.core.main.TestCaseExecutor.runScript(TestCaseExecutor.java:337)&#xD;
	at com.kms.katalon.core.main.TestCaseExecutor.doExecute(TestCaseExecutor.java:328)&#xD;
	at com.kms.katalon.core.main.TestCaseExecutor.processExecutionPhase(TestCaseExecutor.java:307)&#xD;
	at com.kms.katalon.core.main.TestCaseExecutor.accessMainPhase(TestCaseExecutor.java:299)&#xD;
	at com.kms.katalon.core.main.TestCaseExecutor.execute(TestCaseExecutor.java:233)&#xD;
	at com.kms.katalon.core.main.TestSuiteExecutor.accessTestCaseMainPhase(TestSuiteExecutor.java:150)&#xD;
	at com.kms.katalon.core.main.TestSuiteExecutor.accessTestSuiteMainPhase(TestSuiteExecutor.java:123)&#xD;
	at com.kms.katalon.core.main.TestSuiteExecutor.execute(TestSuiteExecutor.java:87)&#xD;
	at com.kms.katalon.core.main.TestCaseMain.startTestSuite(TestCaseMain.java:157)&#xD;
	at com.kms.katalon.core.main.TestCaseMain$startTestSuite$0.call(Unknown Source)&#xD;
	at TempTestSuite1566387838851.run(TempTestSuite1566387838851.groovy:35)&#xD;
)&#xD;
[[ATTACHMENT|C:\\Katalon Projects\\Nido_Patch3\\Reports\\20190821_144358\\Sanity Check - 12.5.1 - 8499\\20190821_144358\\1566388351436.png]]&#xD;
&#xD;
2019-08-21 14:52:31 - [TEST_STEP][PASSED] - check(findTestObject("Admin/SettingsHome/input_showSysinternals"), CONTINUE_ON_FAILURE): Object 'Object Repository/Admin/SettingsHome/input_showSysinternals' is checked&#xD;
&#xD;
2019-08-21 14:52:31 - [MESSAGE][PASSED] - Object 'Object Repository/Admin/SettingsHome/input_showSysinternals' is checked&#xD;
&#xD;
2019-08-21 14:52:31 - [TEST_STEP][PASSED] - click(findTestObject("Admin/SettingsHome/Sysinternals_Button"), CONTINUE_ON_FAILURE): Object: 'Object Repository/Admin/SettingsHome/Sysinternals_Button' is clicked on&#xD;
&#xD;
2019-08-21 14:52:31 - [MESSAGE][PASSED] - Object: 'Object Repository/Admin/SettingsHome/Sysinternals_Button' is clicked on&#xD;
&#xD;
2019-08-21 14:52:31 - [TEST_STEP][PASSED] - delay(1): Delayed 1 second(s)&#xD;
&#xD;
2019-08-21 14:52:32 - [MESSAGE][PASSED] - Delayed 1 second(s)&#xD;
&#xD;
2019-08-21 14:52:32 - [TEST_STEP][PASSED] - click(findTestObject("Admin/SettingsSysinternals/Page_Sysinternals - Workspaces/a_Jobs")): Object: 'Object Repository/Admin/SettingsSysinternals/Page_Sysinternals - Workspaces/a_Jobs' is clicked on&#xD;
&#xD;
2019-08-21 14:52:33 - [MESSAGE][PASSED] - Object: 'Object Repository/Admin/SettingsSysinternals/Page_Sysinternals - Workspaces/a_Jobs' is clicked on&#xD;
&#xD;
2019-08-21 14:52:33 - [TEST_STEP][PASSED] - delay(3): Delayed 3 second(s)&#xD;
&#xD;
2019-08-21 14:52:36 - [MESSAGE][PASSED] - Delayed 3 second(s)&#xD;
&#xD;
2019-08-21 14:52:36 - [TEST_STEP][PASSED] - verifyElementText(findTestObject("Admin/Sysinternals_Jobs"), "1_Batch_Comm"): Actual text and expected text of test object 'Object Repository/Admin/Sysinternals_Jobs' are matched.&#xD;
&#xD;
2019-08-21 14:52:36 - [MESSAGE][PASSED] - Actual text and expected text of test object 'Object Repository/Admin/Sysinternals_Jobs' are matched.&#xD;
&#xD;
2019-08-21 14:52:36 - [TEST_STEP][NOT_RUN] - closeBrowser(): NOT_RUN: closeBrowser()&#xD;
&#xD;
2019-08-21 14:52:36 - [MESSAGE][NOT_RUN] - NOT_RUN: closeBrowser()&#xD;
&#xD;
2019-08-21 14:52:36 - [MESSAGE][PASSED] - Call Test Case 'Test Cases/Communications_Projects/VerifyJobs' successfully&#xD;
&#xD;
2019-08-21 14:52:36 - [TEST_STEP][PASSED] - delay(2, CONTINUE_ON_FAILURE): Delayed 2 second(s)&#xD;
&#xD;
2019-08-21 14:52:38 - [MESSAGE][PASSED] - Delayed 2 second(s)&#xD;
&#xD;
2019-08-21 14:52:38 - [TEST_STEP][PASSED] - callTestCase(findTestCase("Communications_Projects/VerifyJobs - 2nd Workspace"), [:], STOP_ON_FAILURE): Call Test Case 'Test Cases/Communications_Projects/VerifyJobs - 2nd Workspace' successfully&#xD;
&#xD;
2019-08-21 14:52:38 - [TEST_CASE][PASSED] - Test Cases/Communications_Projects/VerifyJobs - 2nd Workspace: Test Cases/Communications_Projects/VerifyJobs - 2nd Workspace&#xD;
&#xD;
2019-08-21 14:52:38 - [TEST_STEP][NOT_RUN] - callTestCase(findTestCase("Admin/Login_sysinternals"), [:], STOP_ON_FAILURE): NOT_RUN: callTestCase(findTestCase("Admin/Login_sysinternals"), [:], STOP_ON_FAILURE)&#xD;
&#xD;
2019-08-21 14:52:38 - [MESSAGE][NOT_RUN] - NOT_RUN: callTestCase(findTestCase("Admin/Login_sysinternals"), [:], STOP_ON_FAILURE)&#xD;
&#xD;
2019-08-21 14:52:38 - [TEST_STEP][PASSED] - navigateToUrl(url_enterprise, STOP_ON_FAILURE): Navigate to 'http://192.168.1.97:8094/' successfully&#xD;
&#xD;
2019-08-21 14:52:38 - [MESSAGE][PASSED] - Navigate to 'http://192.168.1.97:8094/' successfully&#xD;
&#xD;
2019-08-21 14:52:38 - [TEST_STEP][PASSED] - delay(1): Delayed 1 second(s)&#xD;
&#xD;
2019-08-21 14:52:39 - [MESSAGE][PASSED] - Delayed 1 second(s)&#xD;
&#xD;
2019-08-21 14:52:39 - [TEST_STEP][PASSED] - click(findTestObject("Workspaces/a_Workspaces"), CONTINUE_ON_FAILURE): Object: 'Object Repository/Workspaces/a_Workspaces' is clicked on&#xD;
&#xD;
2019-08-21 14:52:39 - [MESSAGE][PASSED] - Object: 'Object Repository/Workspaces/a_Workspaces' is clicked on&#xD;
&#xD;
2019-08-21 14:52:39 - [TEST_STEP][PASSED] - delay(1): Delayed 1 second(s)&#xD;
&#xD;
2019-08-21 14:52:40 - [MESSAGE][PASSED] - Delayed 1 second(s)&#xD;
&#xD;
2019-08-21 14:52:40 - [TEST_STEP][PASSED] - click(findTestObject("Workspaces/verify_JobsActiviry"), CONTINUE_ON_FAILURE): Object: 'Object Repository/Workspaces/verify_JobsActiviry' is clicked on&#xD;
&#xD;
2019-08-21 14:52:40 - [MESSAGE][PASSED] - Object: 'Object Repository/Workspaces/verify_JobsActiviry' is clicked on&#xD;
&#xD;
2019-08-21 14:52:40 - [TEST_STEP][PASSED] - delay(1): Delayed 1 second(s)&#xD;
&#xD;
2019-08-21 14:52:41 - [MESSAGE][PASSED] - Delayed 1 second(s)&#xD;
&#xD;
2019-08-21 14:52:41 - [TEST_STEP][PASSED] - switchToWindowIndex("1"): Switched to window with index: '1'&#xD;
&#xD;
2019-08-21 14:52:41 - [MESSAGE][PASSED] - Switched to window with index: '1'&#xD;
&#xD;
2019-08-21 14:52:41 - [TEST_STEP][PASSED] - delay(3): Delayed 3 second(s)&#xD;
&#xD;
2019-08-21 14:52:44 - [MESSAGE][PASSED] - Delayed 3 second(s)&#xD;
&#xD;
2019-08-21 14:52:44 - [TEST_STEP][PASSED] - verifyElementText(findTestObject("Admin/Sysinternals_Jobs"), "1_Batch_Comm"): Actual text and expected text of test object 'Object Repository/Admin/Sysinternals_Jobs' are matched.&#xD;
&#xD;
2019-08-21 14:52:45 - [MESSAGE][PASSED] - Actual text and expected text of test object 'Object Repository/Admin/Sysinternals_Jobs' are matched.&#xD;
&#xD;
2019-08-21 14:52:45 - [TEST_STEP][PASSED] - closeBrowser(): Browser is closed&#xD;
&#xD;
2019-08-21 14:52:46 - [MESSAGE][PASSED] - Browser is closed&#xD;
&#xD;
2019-08-21 14:52:46 - [MESSAGE][PASSED] - Call Test Case 'Test Cases/Communications_Projects/VerifyJobs - 2nd Workspace' successfully&#xD;
&#xD;
2019-08-21 14:52:46 - [TEST_STEP][PASSED] - windowsCommands.taskKill.kill_service(): windowsCommands.taskKill.kill_service is PASSED&#xD;
&#xD;
2019-08-21 14:52:46 - [MESSAGE][PASSED] - windowsCommands.taskKill.kill_service is PASSED&#xD;
&#xD;
2019-08-21 14:52:46 - [TEST_STEP][PASSED] - Start listener action : sampleAfterTestCase: null</system-out>
            <system-err></system-err>
        </testcase>
        <system-out>2019-08-21 14:44:03 - [TEST_SUITE][INCOMPLETE] - Sanity Check - 12.5.1 - 8499: null</system-out>
        <system-err>2019-08-21 14:44:03 - [TEST_SUITE][INCOMPLETE] - Sanity Check - 12.5.1 - 8499: null</system-err>
    </testsuite>
</testsuites>
