<?xml version="1.0" encoding="UTF-8" standalone="yes"?>
<testsuites name="Sanity1" time="413" tests="3" failures="2" errors="0">
    <testsuite name="Sanity1" tests="3" failures="2" errors="0" time="413" timestamp="2019-07-15 16:48:34" hostname="bogdan.eremia - ROECR-L013.roecr.ecrion.com" id="Test Suites/Sanity1">
        <properties>
            <property name="deviceName" value=""/>
            <property name="devicePlatform" value=""/>
            <property name="logFolder" value="C:\\Katalon Projects\\Nido_Patch3\\Reports\\Sanity1\\20190715_164830"/>
            <property name="logFiles" value="C:\\Katalon Projects\\Nido_Patch3\\Reports\\Sanity1\\20190715_164830\\execution0.log"/>
            <property name="attachments" value="C:\\Katalon Projects\\Nido_Patch3\\Reports\\Sanity1\\20190715_164830\\1563198525201.png, C:\\Katalon Projects\\Nido_Patch3\\Reports\\Sanity1\\20190715_164830\\1563198530997.png, C:\\Katalon Projects\\Nido_Patch3\\Reports\\Sanity1\\20190715_164830\\1563198539975.png, C:\\Katalon Projects\\Nido_Patch3\\Reports\\Sanity1\\20190715_164830\\1563198548855.png, C:\\Katalon Projects\\Nido_Patch3\\Reports\\Sanity1\\20190715_164830\\1563198656541.png, C:\\Katalon Projects\\Nido_Patch3\\Reports\\Sanity1\\20190715_164830\\1563198794951.png, C:\\Katalon Projects\\Nido_Patch3\\Reports\\Sanity1\\20190715_164830\\1563198817436.png, C:\\Katalon Projects\\Nido_Patch3\\Reports\\Sanity1\\20190715_164830\\1563198838772.png, C:\\Katalon Projects\\Nido_Patch3\\Reports\\Sanity1\\20190715_164830\\1563198852985.png, C:\\Katalon Projects\\Nido_Patch3\\Reports\\Sanity1\\20190715_164830\\1563198897320.png, C:\\Katalon Projects\\Nido_Patch3\\Reports\\Sanity1\\20190715_164830\\1563198912330.png"/>
            <property name="hostName" value="bogdan.eremia - ROECR-L013.roecr.ecrion.com"/>
            <property name="os" value="Windows 10 64bit"/>
            <property name="katalonVersion" value="6.2.1.2"/>
            <property name="browser" value="Chrome 75.0.3770.100"/>
            <property name="hostAddress" value="192.168.1.250"/>
            <property name="sessionId" value="a788fd5e88f794c063c121ef72a1d7f0"/>
            <property name="seleniumVersion" value="3.141.59"/>
            <property name="proxyInformation" value="ProxyInformation{proxyOption=NO_PROXY, proxyServerType=HTTP, password=, proxyServerAddress=, proxyServerPort=0}"/>
            <property name="platform" value="Windows 10"/>
        </properties>
        <testcase name="Test Cases/TESTCASE COLLECTIONS/All_Sysadmin_Testcases" classname="Test Cases/TESTCASE COLLECTIONS/All_Sysadmin_Testcases" status="FAILED">
            <failure type="FAILED" message="Test Cases/TESTCASE COLLECTIONS/All_Sysadmin_Testcases FAILED.&#xA;Reason:&#xA;com.kms.katalon.core.exception.StepFailedException: Unable to call Test Case 'Test Cases/Sysadmin Portal/Edit Account/Edit Account' (Root cause: com.kms.katalon.core.exception.StepFailedException: Call Test Case 'Test Cases/Sysadmin Portal/Edit Account/Edit Account' failed&#xD;&#xA;&#x9;at com.kms.katalon.core.keyword.builtin.CallTestCaseKeyword$_callTestCase_closure1.doCall(CallTestCaseKeyword.groovy:63)&#xD;&#xA;&#x9;at com.kms.katalon.core.keyword.builtin.CallTestCaseKeyword$_callTestCase_closure1.call(CallTestCaseKeyword.groovy)&#xD;&#xA;&#x9;at com.kms.katalon.core.keyword.internal.KeywordMain.runKeyword(KeywordMain.groovy:68)&#xD;&#xA;&#x9;at com.kms.katalon.core.keyword.builtin.CallTestCaseKeyword.callTestCase(CallTestCaseKeyword.groovy:81)&#xD;&#xA;&#x9;at com.kms.katalon.core.keyword.builtin.CallTestCaseKeyword.execute(CallTestCaseKeyword.groovy:44)&#xD;&#xA;&#x9;at com.kms.katalon.core.keyword.internal.KeywordExecutor.executeKeywordForPlatform(KeywordExecutor.groovy:56)&#xD;&#xA;&#x9;at com.kms.katalon.core.keyword.BuiltinKeywords.callTestCase(BuiltinKeywords.groovy:334)&#xD;&#xA;&#x9;at All_Sysadmin_Testcases.run(All_Sysadmin_Testcases:50)&#xD;&#xA;&#x9;at com.kms.katalon.core.main.ScriptEngine.run(ScriptEngine.java:194)&#xD;&#xA;&#x9;at com.kms.katalon.core.main.ScriptEngine.runScriptAsRawText(ScriptEngine.java:119)&#xD;&#xA;&#x9;at com.kms.katalon.core.main.TestCaseExecutor.runScript(TestCaseExecutor.java:337)&#xD;&#xA;&#x9;at com.kms.katalon.core.main.TestCaseExecutor.doExecute(TestCaseExecutor.java:328)&#xD;&#xA;&#x9;at com.kms.katalon.core.main.TestCaseExecutor.processExecutionPhase(TestCaseExecutor.java:307)&#xD;&#xA;&#x9;at com.kms.katalon.core.main.TestCaseExecutor.accessMainPhase(TestCaseExecutor.java:299)&#xD;&#xA;&#x9;at com.kms.katalon.core.main.TestCaseExecutor.execute(TestCaseExecutor.java:233)&#xD;&#xA;&#x9;at com.kms.katalon.core.main.TestSuiteExecutor.accessTestCaseMainPhase(TestSuiteExecutor.java:133)&#xD;&#xA;&#x9;at com.kms.katalon.core.main.TestSuiteExecutor.accessTestSuiteMainPhase(TestSuiteExecutor.java:116)&#xD;&#xA;&#x9;at com.kms.katalon.core.main.TestSuiteExecutor.execute(TestSuiteExecutor.java:83)&#xD;&#xA;&#x9;at com.kms.katalon.core.main.TestCaseMain.startTestSuite(TestCaseMain.java:157)&#xD;&#xA;&#x9;at com.kms.katalon.core.main.TestCaseMain$startTestSuite$0.call(Unknown Source)&#xD;&#xA;&#x9;at TempTestSuite1563198510048.run(TempTestSuite1563198510048.groovy:35)&#xD;&#xA;Caused by: com.kms.katalon.core.exception.StepFailedException: Unable to click on object 'Object Repository/Page_Welcome - EOS/button_OK_1'&#xD;&#xA;&#x9;at com.kms.katalon.core.webui.keyword.internal.WebUIKeywordMain.stepFailed(WebUIKeywordMain.groovy:64)&#xD;&#xA;&#x9;at com.kms.katalon.core.webui.keyword.internal.WebUIKeywordMain.runKeyword(WebUIKeywordMain.groovy:26)&#xD;&#xA;&#x9;at com.kms.katalon.core.webui.keyword.builtin.ClickKeyword.click(ClickKeyword.groovy:86)&#xD;&#xA;&#x9;at com.kms.katalon.core.webui.keyword.builtin.ClickKeyword.execute(ClickKeyword.groovy:67)&#xD;&#xA;&#x9;at com.kms.katalon.core.keyword.internal.KeywordExecutor.executeKeywordForPlatform(KeywordExecutor.groovy:56)&#xD;&#xA;&#x9;at com.kms.katalon.core.webui.keyword.WebUiBuiltInKeywords.click(WebUiBuiltInKeywords.groovy:616)&#xD;&#xA;&#x9;at com.kms.katalon.core.webui.keyword.WebUiBuiltInKeywords$click$9.call(Unknown Source)&#xD;&#xA;&#x9;at Edit Account.run(Edit Account:42)&#xD;&#xA;&#x9;at com.kms.katalon.core.main.ScriptEngine.run(ScriptEngine.java:194)&#xD;&#xA;&#x9;at com.kms.katalon.core.main.ScriptEngine.runScriptAsRawText(ScriptEngine.java:119)&#xD;&#xA;&#x9;at com.kms.katalon.core.main.TestCaseExecutor.runScript(TestCaseExecutor.java:337)&#xD;&#xA;&#x9;at com.kms.katalon.core.main.TestCaseExecutor.doExecute(TestCaseExecutor.java:328)&#xD;&#xA;&#x9;at com.kms.katalon.core.main.TestCaseExecutor.processExecutionPhase(TestCaseExecutor.java:307)&#xD;&#xA;&#x9;at com.kms.katalon.core.main.TestCaseExecutor.accessMainPhase(TestCaseExecutor.java:299)&#xD;&#xA;&#x9;at com.kms.katalon.core.main.TestCaseExecutor.execute(TestCaseExecutor.java:233)&#xD;&#xA;&#x9;at com.kms.katalon.core.main.TestCaseMain.runTestCase(TestCaseMain.java:114)&#xD;&#xA;&#x9;at com.kms.katalon.core.keyword.builtin.CallTestCaseKeyword$_callTestCase_closure1.doCall(CallTestCaseKeyword.groovy:59)&#xD;&#xA;&#x9;... 20 more&#xD;&#xA;Caused by: org.openqa.selenium.ElementNotVisibleException: element not interactable&#xA;  (Session info: chrome=75.0.3770.100)&#xA;  (Driver info: chromedriver=74.0.3729.6 (255758eccf3d244491b8a1317aa76e1ce10d57e9-refs/branch-heads/3729@{#29}),platform=Windows NT 10.0.17134 x86_64) (WARNING: The server did not provide any stacktrace information)&#xA;Command duration or timeout: 0 milliseconds&#xA;Build info: version: '3.141.59', revision: 'e82be7d358', time: '2018-11-14T08:25:53'&#xA;System info: host: 'ROECR-L013', ip: '192.168.1.250', os.name: 'Windows 10', os.arch: 'amd64', os.version: '10.0', java.version: '1.8.0_181'&#xA;Driver info: com.kms.katalon.selenium.driver.CChromeDriver&#xA;Capabilities {acceptInsecureCerts: false, acceptSslCerts: false, applicationCacheEnabled: false, browserConnectionEnabled: false, browserName: chrome, chrome: {chromedriverVersion: 74.0.3729.6 (255758eccf3d24..., userDataDir: C:\Users\BOGDAN~1.ERE\AppDa...}, cssSelectorsEnabled: true, databaseEnabled: false, goog:chromeOptions: {debuggerAddress: localhost:62923}, handlesAlerts: true, hasTouchScreen: false, javascriptEnabled: true, locationContextEnabled: true, mobileEmulationEnabled: false, nativeEvents: true, networkConnectionEnabled: false, pageLoadStrategy: normal, platform: XP, platformName: XP, proxy: Proxy(), rotatable: false, setWindowRect: true, strictFileInteractability: false, takesHeapSnapshot: true, takesScreenshot: true, timeouts: {implicit: 0, pageLoad: 300000, script: 30000}, unexpectedAlertBehaviour: ignore, unhandledPromptBehavior: ignore, version: 75.0.3770.100, webStorageEnabled: true}&#xA;Session ID: 6734efcbd875a324eb697559a70c9c17&#xD;&#xA;&#x9;at org.openqa.selenium.remote.ErrorHandler.createThrowable(ErrorHandler.java:214)&#xD;&#xA;&#x9;at org.openqa.selenium.remote.ErrorHandler.throwIfResponseFailed(ErrorHandler.java:166)&#xD;&#xA;&#x9;at org.openqa.selenium.remote.http.JsonHttpResponseCodec.reconstructValue(JsonHttpResponseCodec.java:40)&#xD;&#xA;&#x9;at org.openqa.selenium.remote.http.AbstractHttpResponseCodec.decode(AbstractHttpResponseCodec.java:80)&#xD;&#xA;&#x9;at org.openqa.selenium.remote.http.AbstractHttpResponseCodec.decode(AbstractHttpResponseCodec.java:44)&#xD;&#xA;&#x9;at org.openqa.selenium.remote.HttpCommandExecutor.execute(HttpCommandExecutor.java:158)&#xD;&#xA;&#x9;at org.openqa.selenium.remote.service.DriverCommandExecutor.execute(DriverCommandExecutor.java:83)&#xD;&#xA;&#x9;at org.openqa.selenium.remote.RemoteWebDriver.execute(RemoteWebDriver.java:552)&#xD;&#xA;&#x9;at com.kms.katalon.selenium.driver.CChromeDriver.execute(CChromeDriver.java:20)&#xD;&#xA;&#x9;at org.openqa.selenium.remote.RemoteWebElement.execute(RemoteWebElement.java:285)&#xD;&#xA;&#x9;at org.openqa.selenium.remote.RemoteWebElement.click(RemoteWebElement.java:84)&#xD;&#xA;&#x9;at com.kms.katalon.core.webui.keyword.builtin.ClickKeyword$_click_closure1.doCall(ClickKeyword.groovy:79)&#xD;&#xA;&#x9;at com.kms.katalon.core.webui.keyword.builtin.ClickKeyword$_click_closure1.call(ClickKeyword.groovy)&#xD;&#xA;&#x9;at com.kms.katalon.core.webui.keyword.internal.WebUIKeywordMain.runKeyword(WebUIKeywordMain.groovy:20)&#xD;&#xA;&#x9;... 35 more&#xD;&#xA;)&#xD;&#xA;&#x9;at com.kms.katalon.core.keyword.internal.KeywordMain.stepFailed(KeywordMain.groovy:39)&#xD;&#xA;&#x9;at com.kms.katalon.core.keyword.internal.KeywordMain.stepFailed(KeywordMain.groovy)&#xD;&#xA;&#x9;at com.kms.katalon.core.keyword.internal.KeywordMain.runKeyword(KeywordMain.groovy:70)&#xD;&#xA;&#x9;at com.kms.katalon.core.keyword.builtin.CallTestCaseKeyword.callTestCase(CallTestCaseKeyword.groovy:81)&#xD;&#xA;&#x9;at com.kms.katalon.core.keyword.builtin.CallTestCaseKeyword.execute(CallTestCaseKeyword.groovy:44)&#xD;&#xA;&#x9;at com.kms.katalon.core.keyword.internal.KeywordExecutor.executeKeywordForPlatform(KeywordExecutor.groovy:56)&#xD;&#xA;&#x9;at com.kms.katalon.core.keyword.BuiltinKeywords.callTestCase(BuiltinKeywords.groovy:334)&#xD;&#xA;&#x9;at All_Sysadmin_Testcases.run(All_Sysadmin_Testcases:50)&#xD;&#xA;&#x9;at com.kms.katalon.core.main.ScriptEngine.run(ScriptEngine.java:194)&#xD;&#xA;&#x9;at com.kms.katalon.core.main.ScriptEngine.runScriptAsRawText(ScriptEngine.java:119)&#xD;&#xA;&#x9;at com.kms.katalon.core.main.TestCaseExecutor.runScript(TestCaseExecutor.java:337)&#xD;&#xA;&#x9;at com.kms.katalon.core.main.TestCaseExecutor.doExecute(TestCaseExecutor.java:328)&#xD;&#xA;&#x9;at com.kms.katalon.core.main.TestCaseExecutor.processExecutionPhase(TestCaseExecutor.java:307)&#xD;&#xA;&#x9;at com.kms.katalon.core.main.TestCaseExecutor.accessMainPhase(TestCaseExecutor.java:299)&#xD;&#xA;&#x9;at com.kms.katalon.core.main.TestCaseExecutor.execute(TestCaseExecutor.java:233)&#xD;&#xA;&#x9;at com.kms.katalon.core.main.TestSuiteExecutor.accessTestCaseMainPhase(TestSuiteExecutor.java:133)&#xD;&#xA;&#x9;at com.kms.katalon.core.main.TestSuiteExecutor.accessTestSuiteMainPhase(TestSuiteExecutor.java:116)&#xD;&#xA;&#x9;at com.kms.katalon.core.main.TestSuiteExecutor.execute(TestSuiteExecutor.java:83)&#xD;&#xA;&#x9;at com.kms.katalon.core.main.TestCaseMain.startTestSuite(TestCaseMain.java:157)&#xD;&#xA;&#x9;at com.kms.katalon.core.main.TestCaseMain$startTestSuite$0.call(Unknown Source)&#xD;&#xA;&#x9;at TempTestSuite1563198510048.run(TempTestSuite1563198510048.groovy:35)&#xD;&#xA;Caused by: com.kms.katalon.core.exception.StepFailedException: Call Test Case 'Test Cases/Sysadmin Portal/Edit Account/Edit Account' failed&#xD;&#xA;&#x9;at com.kms.katalon.core.keyword.builtin.CallTestCaseKeyword$_callTestCase_closure1.doCall(CallTestCaseKeyword.groovy:63)&#xD;&#xA;&#x9;at com.kms.katalon.core.keyword.builtin.CallTestCaseKeyword$_callTestCase_closure1.call(CallTestCaseKeyword.groovy)&#xD;&#xA;&#x9;at com.kms.katalon.core.keyword.internal.KeywordMain.runKeyword(KeywordMain.groovy:68)&#xD;&#xA;&#x9;... 18 more&#xD;&#xA;Caused by: com.kms.katalon.core.exception.StepFailedException: Unable to click on object 'Object Repository/Page_Welcome - EOS/button_OK_1'&#xD;&#xA;&#x9;at com.kms.katalon.core.webui.keyword.internal.WebUIKeywordMain.stepFailed(WebUIKeywordMain.groovy:64)&#xD;&#xA;&#x9;at com.kms.katalon.core.webui.keyword.internal.WebUIKeywordMain.runKeyword(WebUIKeywordMain.groovy:26)&#xD;&#xA;&#x9;at com.kms.katalon.core.webui.keyword.builtin.ClickKeyword.click(ClickKeyword.groovy:86)&#xD;&#xA;&#x9;at com.kms.katalon.core.webui.keyword.builtin.ClickKeyword.execute(ClickKeyword.groovy:67)&#xD;&#xA;&#x9;at com.kms.katalon.core.keyword.internal.KeywordExecutor.executeKeywordForPlatform(KeywordExecutor.groovy:56)&#xD;&#xA;&#x9;at com.kms.katalon.core.webui.keyword.WebUiBuiltInKeywords.click(WebUiBuiltInKeywords.groovy:616)&#xD;&#xA;&#x9;at com.kms.katalon.core.webui.keyword.WebUiBuiltInKeywords$click$9.call(Unknown Source)&#xD;&#xA;&#x9;at Edit Account.run(Edit Account:42)&#xD;&#xA;&#x9;at com.kms.katalon.core.main.ScriptEngine.run(ScriptEngine.java:194)&#xD;&#xA;&#x9;at com.kms.katalon.core.main.ScriptEngine.runScriptAsRawText(ScriptEngine.java:119)&#xD;&#xA;&#x9;at com.kms.katalon.core.main.TestCaseExecutor.runScript(TestCaseExecutor.java:337)&#xD;&#xA;&#x9;at com.kms.katalon.core.main.TestCaseExecutor.doExecute(TestCaseExecutor.java:328)&#xD;&#xA;&#x9;at com.kms.katalon.core.main.TestCaseExecutor.processExecutionPhase(TestCaseExecutor.java:307)&#xD;&#xA;&#x9;at com.kms.katalon.core.main.TestCaseExecutor.accessMainPhase(TestCaseExecutor.java:299)&#xD;&#xA;&#x9;at com.kms.katalon.core.main.TestCaseExecutor.execute(TestCaseExecutor.java:233)&#xD;&#xA;&#x9;at com.kms.katalon.core.main.TestCaseMain.runTestCase(TestCaseMain.java:114)&#xD;&#xA;&#x9;at com.kms.katalon.core.keyword.builtin.CallTestCaseKeyword$_callTestCase_closure1.doCall(CallTestCaseKeyword.groovy:59)&#xD;&#xA;&#x9;... 20 more&#xD;&#xA;Caused by: org.openqa.selenium.ElementNotVisibleException: element not interactable&#xA;  (Session info: chrome=75.0.3770.100)&#xA;  (Driver info: chromedriver=74.0.3729.6 (255758eccf3d244491b8a1317aa76e1ce10d57e9-refs/branch-heads/3729@{#29}),platform=Windows NT 10.0.17134 x86_64) (WARNING: The server did not provide any stacktrace information)&#xA;Command duration or timeout: 0 milliseconds&#xA;Build info: version: '3.141.59', revision: 'e82be7d358', time: '2018-11-14T08:25:53'&#xA;System info: host: 'ROECR-L013', ip: '192.168.1.250', os.name: 'Windows 10', os.arch: 'amd64', os.version: '10.0', java.version: '1.8.0_181'&#xA;Driver info: com.kms.katalon.selenium.driver.CChromeDriver&#xA;Capabilities {acceptInsecureCerts: false, acceptSslCerts: false, applicationCacheEnabled: false, browserConnectionEnabled: false, browserName: chrome, chrome: {chromedriverVersion: 74.0.3729.6 (255758eccf3d24..., userDataDir: C:\Users\BOGDAN~1.ERE\AppDa...}, cssSelectorsEnabled: true, databaseEnabled: false, goog:chromeOptions: {debuggerAddress: localhost:62923}, handlesAlerts: true, hasTouchScreen: false, javascriptEnabled: true, locationContextEnabled: true, mobileEmulationEnabled: false, nativeEvents: true, networkConnectionEnabled: false, pageLoadStrategy: normal, platform: XP, platformName: XP, proxy: Proxy(), rotatable: false, setWindowRect: true, strictFileInteractability: false, takesHeapSnapshot: true, takesScreenshot: true, timeouts: {implicit: 0, pageLoad: 300000, script: 30000}, unexpectedAlertBehaviour: ignore, unhandledPromptBehavior: ignore, version: 75.0.3770.100, webStorageEnabled: true}&#xA;Session ID: 6734efcbd875a324eb697559a70c9c17&#xD;&#xA;&#x9;at org.openqa.selenium.remote.ErrorHandler.createThrowable(ErrorHandler.java:214)&#xD;&#xA;&#x9;at org.openqa.selenium.remote.ErrorHandler.throwIfResponseFailed(ErrorHandler.java:166)&#xD;&#xA;&#x9;at org.openqa.selenium.remote.http.JsonHttpResponseCodec.reconstructValue(JsonHttpResponseCodec.java:40)&#xD;&#xA;&#x9;at org.openqa.selenium.remote.http.AbstractHttpResponseCodec.decode(AbstractHttpResponseCodec.java:80)&#xD;&#xA;&#x9;at org.openqa.selenium.remote.http.AbstractHttpResponseCodec.decode(AbstractHttpResponseCodec.java:44)&#xD;&#xA;&#x9;at org.openqa.selenium.remote.HttpCommandExecutor.execute(HttpCommandExecutor.java:158)&#xD;&#xA;&#x9;at org.openqa.selenium.remote.service.DriverCommandExecutor.execute(DriverCommandExecutor.java:83)&#xD;&#xA;&#x9;at org.openqa.selenium.remote.RemoteWebDriver.execute(RemoteWebDriver.java:552)&#xD;&#xA;&#x9;at com.kms.katalon.selenium.driver.CChromeDriver.execute(CChromeDriver.java:20)&#xD;&#xA;&#x9;at org.openqa.selenium.remote.RemoteWebElement.execute(RemoteWebElement.java:285)&#xD;&#xA;&#x9;at org.openqa.selenium.remote.RemoteWebElement.click(RemoteWebElement.java:84)&#xD;&#xA;&#x9;at com.kms.katalon.core.webui.keyword.builtin.ClickKeyword$_click_closure1.doCall(ClickKeyword.groovy:79)&#xD;&#xA;&#x9;at com.kms.katalon.core.webui.keyword.builtin.ClickKeyword$_click_closure1.call(ClickKeyword.groovy)&#xD;&#xA;&#x9;at com.kms.katalon.core.webui.keyword.internal.WebUIKeywordMain.runKeyword(WebUIKeywordMain.groovy:20)&#xD;&#xA;&#x9;... 35 more&#xD;&#xA;"/>
            <system-out>2019-07-15 16:48:34 - [TEST_CASE][FAILED] - Test Cases/TESTCASE COLLECTIONS/All_Sysadmin_Testcases: Test Cases/TESTCASE COLLECTIONS/All_Sysadmin_Testcases FAILED.
Reason:
com.kms.katalon.core.exception.StepFailedException: Unable to call Test Case 'Test Cases/Sysadmin Portal/Edit Account/Edit Account' (Root cause: com.kms.katalon.core.exception.StepFailedException: Call Test Case 'Test Cases/Sysadmin Portal/Edit Account/Edit Account' failed&#xD;
	at com.kms.katalon.core.keyword.builtin.CallTestCaseKeyword$_callTestCase_closure1.doCall(CallTestCaseKeyword.groovy:63)&#xD;
	at com.kms.katalon.core.keyword.builtin.CallTestCaseKeyword$_callTestCase_closure1.call(CallTestCaseKeyword.groovy)&#xD;
	at com.kms.katalon.core.keyword.internal.KeywordMain.runKeyword(KeywordMain.groovy:68)&#xD;
	at com.kms.katalon.core.keyword.builtin.CallTestCaseKeyword.callTestCase(CallTestCaseKeyword.groovy:81)&#xD;
	at com.kms.katalon.core.keyword.builtin.CallTestCaseKeyword.execute(CallTestCaseKeyword.groovy:44)&#xD;
	at com.kms.katalon.core.keyword.internal.KeywordExecutor.executeKeywordForPlatform(KeywordExecutor.groovy:56)&#xD;
	at com.kms.katalon.core.keyword.BuiltinKeywords.callTestCase(BuiltinKeywords.groovy:334)&#xD;
	at All_Sysadmin_Testcases.run(All_Sysadmin_Testcases:50)&#xD;
	at com.kms.katalon.core.main.ScriptEngine.run(ScriptEngine.java:194)&#xD;
	at com.kms.katalon.core.main.ScriptEngine.runScriptAsRawText(ScriptEngine.java:119)&#xD;
	at com.kms.katalon.core.main.TestCaseExecutor.runScript(TestCaseExecutor.java:337)&#xD;
	at com.kms.katalon.core.main.TestCaseExecutor.doExecute(TestCaseExecutor.java:328)&#xD;
	at com.kms.katalon.core.main.TestCaseExecutor.processExecutionPhase(TestCaseExecutor.java:307)&#xD;
	at com.kms.katalon.core.main.TestCaseExecutor.accessMainPhase(TestCaseExecutor.java:299)&#xD;
	at com.kms.katalon.core.main.TestCaseExecutor.execute(TestCaseExecutor.java:233)&#xD;
	at com.kms.katalon.core.main.TestSuiteExecutor.accessTestCaseMainPhase(TestSuiteExecutor.java:133)&#xD;
	at com.kms.katalon.core.main.TestSuiteExecutor.accessTestSuiteMainPhase(TestSuiteExecutor.java:116)&#xD;
	at com.kms.katalon.core.main.TestSuiteExecutor.execute(TestSuiteExecutor.java:83)&#xD;
	at com.kms.katalon.core.main.TestCaseMain.startTestSuite(TestCaseMain.java:157)&#xD;
	at com.kms.katalon.core.main.TestCaseMain$startTestSuite$0.call(Unknown Source)&#xD;
	at TempTestSuite1563198510048.run(TempTestSuite1563198510048.groovy:35)&#xD;
Caused by: com.kms.katalon.core.exception.StepFailedException: Unable to click on object 'Object Repository/Page_Welcome - EOS/button_OK_1'&#xD;
	at com.kms.katalon.core.webui.keyword.internal.WebUIKeywordMain.stepFailed(WebUIKeywordMain.groovy:64)&#xD;
	at com.kms.katalon.core.webui.keyword.internal.WebUIKeywordMain.runKeyword(WebUIKeywordMain.groovy:26)&#xD;
	at com.kms.katalon.core.webui.keyword.builtin.ClickKeyword.click(ClickKeyword.groovy:86)&#xD;
	at com.kms.katalon.core.webui.keyword.builtin.ClickKeyword.execute(ClickKeyword.groovy:67)&#xD;
	at com.kms.katalon.core.keyword.internal.KeywordExecutor.executeKeywordForPlatform(KeywordExecutor.groovy:56)&#xD;
	at com.kms.katalon.core.webui.keyword.WebUiBuiltInKeywords.click(WebUiBuiltInKeywords.groovy:616)&#xD;
	at com.kms.katalon.core.webui.keyword.WebUiBuiltInKeywords$click$9.call(Unknown Source)&#xD;
	at Edit Account.run(Edit Account:42)&#xD;
	at com.kms.katalon.core.main.ScriptEngine.run(ScriptEngine.java:194)&#xD;
	at com.kms.katalon.core.main.ScriptEngine.runScriptAsRawText(ScriptEngine.java:119)&#xD;
	at com.kms.katalon.core.main.TestCaseExecutor.runScript(TestCaseExecutor.java:337)&#xD;
	at com.kms.katalon.core.main.TestCaseExecutor.doExecute(TestCaseExecutor.java:328)&#xD;
	at com.kms.katalon.core.main.TestCaseExecutor.processExecutionPhase(TestCaseExecutor.java:307)&#xD;
	at com.kms.katalon.core.main.TestCaseExecutor.accessMainPhase(TestCaseExecutor.java:299)&#xD;
	at com.kms.katalon.core.main.TestCaseExecutor.execute(TestCaseExecutor.java:233)&#xD;
	at com.kms.katalon.core.main.TestCaseMain.runTestCase(TestCaseMain.java:114)&#xD;
	at com.kms.katalon.core.keyword.builtin.CallTestCaseKeyword$_callTestCase_closure1.doCall(CallTestCaseKeyword.groovy:59)&#xD;
	... 20 more&#xD;
Caused by: org.openqa.selenium.ElementNotVisibleException: element not interactable
  (Session info: chrome=75.0.3770.100)
  (Driver info: chromedriver=74.0.3729.6 (255758eccf3d244491b8a1317aa76e1ce10d57e9-refs/branch-heads/3729@{#29}),platform=Windows NT 10.0.17134 x86_64) (WARNING: The server did not provide any stacktrace information)
Command duration or timeout: 0 milliseconds
Build info: version: '3.141.59', revision: 'e82be7d358', time: '2018-11-14T08:25:53'
System info: host: 'ROECR-L013', ip: '192.168.1.250', os.name: 'Windows 10', os.arch: 'amd64', os.version: '10.0', java.version: '1.8.0_181'
Driver info: com.kms.katalon.selenium.driver.CChromeDriver
Capabilities {acceptInsecureCerts: false, acceptSslCerts: false, applicationCacheEnabled: false, browserConnectionEnabled: false, browserName: chrome, chrome: {chromedriverVersion: 74.0.3729.6 (255758eccf3d24..., userDataDir: C:\Users\BOGDAN~1.ERE\AppDa...}, cssSelectorsEnabled: true, databaseEnabled: false, goog:chromeOptions: {debuggerAddress: localhost:62923}, handlesAlerts: true, hasTouchScreen: false, javascriptEnabled: true, locationContextEnabled: true, mobileEmulationEnabled: false, nativeEvents: true, networkConnectionEnabled: false, pageLoadStrategy: normal, platform: XP, platformName: XP, proxy: Proxy(), rotatable: false, setWindowRect: true, strictFileInteractability: false, takesHeapSnapshot: true, takesScreenshot: true, timeouts: {implicit: 0, pageLoad: 300000, script: 30000}, unexpectedAlertBehaviour: ignore, unhandledPromptBehavior: ignore, version: 75.0.3770.100, webStorageEnabled: true}
Session ID: 6734efcbd875a324eb697559a70c9c17&#xD;
	at org.openqa.selenium.remote.ErrorHandler.createThrowable(ErrorHandler.java:214)&#xD;
	at org.openqa.selenium.remote.ErrorHandler.throwIfResponseFailed(ErrorHandler.java:166)&#xD;
	at org.openqa.selenium.remote.http.JsonHttpResponseCodec.reconstructValue(JsonHttpResponseCodec.java:40)&#xD;
	at org.openqa.selenium.remote.http.AbstractHttpResponseCodec.decode(AbstractHttpResponseCodec.java:80)&#xD;
	at org.openqa.selenium.remote.http.AbstractHttpResponseCodec.decode(AbstractHttpResponseCodec.java:44)&#xD;
	at org.openqa.selenium.remote.HttpCommandExecutor.execute(HttpCommandExecutor.java:158)&#xD;
	at org.openqa.selenium.remote.service.DriverCommandExecutor.execute(DriverCommandExecutor.java:83)&#xD;
	at org.openqa.selenium.remote.RemoteWebDriver.execute(RemoteWebDriver.java:552)&#xD;
	at com.kms.katalon.selenium.driver.CChromeDriver.execute(CChromeDriver.java:20)&#xD;
	at org.openqa.selenium.remote.RemoteWebElement.execute(RemoteWebElement.java:285)&#xD;
	at org.openqa.selenium.remote.RemoteWebElement.click(RemoteWebElement.java:84)&#xD;
	at com.kms.katalon.core.webui.keyword.builtin.ClickKeyword$_click_closure1.doCall(ClickKeyword.groovy:79)&#xD;
	at com.kms.katalon.core.webui.keyword.builtin.ClickKeyword$_click_closure1.call(ClickKeyword.groovy)&#xD;
	at com.kms.katalon.core.webui.keyword.internal.WebUIKeywordMain.runKeyword(WebUIKeywordMain.groovy:20)&#xD;
	... 35 more&#xD;
)&#xD;
	at com.kms.katalon.core.keyword.internal.KeywordMain.stepFailed(KeywordMain.groovy:39)&#xD;
	at com.kms.katalon.core.keyword.internal.KeywordMain.stepFailed(KeywordMain.groovy)&#xD;
	at com.kms.katalon.core.keyword.internal.KeywordMain.runKeyword(KeywordMain.groovy:70)&#xD;
	at com.kms.katalon.core.keyword.builtin.CallTestCaseKeyword.callTestCase(CallTestCaseKeyword.groovy:81)&#xD;
	at com.kms.katalon.core.keyword.builtin.CallTestCaseKeyword.execute(CallTestCaseKeyword.groovy:44)&#xD;
	at com.kms.katalon.core.keyword.internal.KeywordExecutor.executeKeywordForPlatform(KeywordExecutor.groovy:56)&#xD;
	at com.kms.katalon.core.keyword.BuiltinKeywords.callTestCase(BuiltinKeywords.groovy:334)&#xD;
	at All_Sysadmin_Testcases.run(All_Sysadmin_Testcases:50)&#xD;
	at com.kms.katalon.core.main.ScriptEngine.run(ScriptEngine.java:194)&#xD;
	at com.kms.katalon.core.main.ScriptEngine.runScriptAsRawText(ScriptEngine.java:119)&#xD;
	at com.kms.katalon.core.main.TestCaseExecutor.runScript(TestCaseExecutor.java:337)&#xD;
	at com.kms.katalon.core.main.TestCaseExecutor.doExecute(TestCaseExecutor.java:328)&#xD;
	at com.kms.katalon.core.main.TestCaseExecutor.processExecutionPhase(TestCaseExecutor.java:307)&#xD;
	at com.kms.katalon.core.main.TestCaseExecutor.accessMainPhase(TestCaseExecutor.java:299)&#xD;
	at com.kms.katalon.core.main.TestCaseExecutor.execute(TestCaseExecutor.java:233)&#xD;
	at com.kms.katalon.core.main.TestSuiteExecutor.accessTestCaseMainPhase(TestSuiteExecutor.java:133)&#xD;
	at com.kms.katalon.core.main.TestSuiteExecutor.accessTestSuiteMainPhase(TestSuiteExecutor.java:116)&#xD;
	at com.kms.katalon.core.main.TestSuiteExecutor.execute(TestSuiteExecutor.java:83)&#xD;
	at com.kms.katalon.core.main.TestCaseMain.startTestSuite(TestCaseMain.java:157)&#xD;
	at com.kms.katalon.core.main.TestCaseMain$startTestSuite$0.call(Unknown Source)&#xD;
	at TempTestSuite1563198510048.run(TempTestSuite1563198510048.groovy:35)&#xD;
Caused by: com.kms.katalon.core.exception.StepFailedException: Call Test Case 'Test Cases/Sysadmin Portal/Edit Account/Edit Account' failed&#xD;
	at com.kms.katalon.core.keyword.builtin.CallTestCaseKeyword$_callTestCase_closure1.doCall(CallTestCaseKeyword.groovy:63)&#xD;
	at com.kms.katalon.core.keyword.builtin.CallTestCaseKeyword$_callTestCase_closure1.call(CallTestCaseKeyword.groovy)&#xD;
	at com.kms.katalon.core.keyword.internal.KeywordMain.runKeyword(KeywordMain.groovy:68)&#xD;
	... 18 more&#xD;
Caused by: com.kms.katalon.core.exception.StepFailedException: Unable to click on object 'Object Repository/Page_Welcome - EOS/button_OK_1'&#xD;
	at com.kms.katalon.core.webui.keyword.internal.WebUIKeywordMain.stepFailed(WebUIKeywordMain.groovy:64)&#xD;
	at com.kms.katalon.core.webui.keyword.internal.WebUIKeywordMain.runKeyword(WebUIKeywordMain.groovy:26)&#xD;
	at com.kms.katalon.core.webui.keyword.builtin.ClickKeyword.click(ClickKeyword.groovy:86)&#xD;
	at com.kms.katalon.core.webui.keyword.builtin.ClickKeyword.execute(ClickKeyword.groovy:67)&#xD;
	at com.kms.katalon.core.keyword.internal.KeywordExecutor.executeKeywordForPlatform(KeywordExecutor.groovy:56)&#xD;
	at com.kms.katalon.core.webui.keyword.WebUiBuiltInKeywords.click(WebUiBuiltInKeywords.groovy:616)&#xD;
	at com.kms.katalon.core.webui.keyword.WebUiBuiltInKeywords$click$9.call(Unknown Source)&#xD;
	at Edit Account.run(Edit Account:42)&#xD;
	at com.kms.katalon.core.main.ScriptEngine.run(ScriptEngine.java:194)&#xD;
	at com.kms.katalon.core.main.ScriptEngine.runScriptAsRawText(ScriptEngine.java:119)&#xD;
	at com.kms.katalon.core.main.TestCaseExecutor.runScript(TestCaseExecutor.java:337)&#xD;
	at com.kms.katalon.core.main.TestCaseExecutor.doExecute(TestCaseExecutor.java:328)&#xD;
	at com.kms.katalon.core.main.TestCaseExecutor.processExecutionPhase(TestCaseExecutor.java:307)&#xD;
	at com.kms.katalon.core.main.TestCaseExecutor.accessMainPhase(TestCaseExecutor.java:299)&#xD;
	at com.kms.katalon.core.main.TestCaseExecutor.execute(TestCaseExecutor.java:233)&#xD;
	at com.kms.katalon.core.main.TestCaseMain.runTestCase(TestCaseMain.java:114)&#xD;
	at com.kms.katalon.core.keyword.builtin.CallTestCaseKeyword$_callTestCase_closure1.doCall(CallTestCaseKeyword.groovy:59)&#xD;
	... 20 more&#xD;
Caused by: org.openqa.selenium.ElementNotVisibleException: element not interactable
  (Session info: chrome=75.0.3770.100)
  (Driver info: chromedriver=74.0.3729.6 (255758eccf3d244491b8a1317aa76e1ce10d57e9-refs/branch-heads/3729@{#29}),platform=Windows NT 10.0.17134 x86_64) (WARNING: The server did not provide any stacktrace information)
Command duration or timeout: 0 milliseconds
Build info: version: '3.141.59', revision: 'e82be7d358', time: '2018-11-14T08:25:53'
System info: host: 'ROECR-L013', ip: '192.168.1.250', os.name: 'Windows 10', os.arch: 'amd64', os.version: '10.0', java.version: '1.8.0_181'
Driver info: com.kms.katalon.selenium.driver.CChromeDriver
Capabilities {acceptInsecureCerts: false, acceptSslCerts: false, applicationCacheEnabled: false, browserConnectionEnabled: false, browserName: chrome, chrome: {chromedriverVersion: 74.0.3729.6 (255758eccf3d24..., userDataDir: C:\Users\BOGDAN~1.ERE\AppDa...}, cssSelectorsEnabled: true, databaseEnabled: false, goog:chromeOptions: {debuggerAddress: localhost:62923}, handlesAlerts: true, hasTouchScreen: false, javascriptEnabled: true, locationContextEnabled: true, mobileEmulationEnabled: false, nativeEvents: true, networkConnectionEnabled: false, pageLoadStrategy: normal, platform: XP, platformName: XP, proxy: Proxy(), rotatable: false, setWindowRect: true, strictFileInteractability: false, takesHeapSnapshot: true, takesScreenshot: true, timeouts: {implicit: 0, pageLoad: 300000, script: 30000}, unexpectedAlertBehaviour: ignore, unhandledPromptBehavior: ignore, version: 75.0.3770.100, webStorageEnabled: true}
Session ID: 6734efcbd875a324eb697559a70c9c17&#xD;
	at org.openqa.selenium.remote.ErrorHandler.createThrowable(ErrorHandler.java:214)&#xD;
	at org.openqa.selenium.remote.ErrorHandler.throwIfResponseFailed(ErrorHandler.java:166)&#xD;
	at org.openqa.selenium.remote.http.JsonHttpResponseCodec.reconstructValue(JsonHttpResponseCodec.java:40)&#xD;
	at org.openqa.selenium.remote.http.AbstractHttpResponseCodec.decode(AbstractHttpResponseCodec.java:80)&#xD;
	at org.openqa.selenium.remote.http.AbstractHttpResponseCodec.decode(AbstractHttpResponseCodec.java:44)&#xD;
	at org.openqa.selenium.remote.HttpCommandExecutor.execute(HttpCommandExecutor.java:158)&#xD;
	at org.openqa.selenium.remote.service.DriverCommandExecutor.execute(DriverCommandExecutor.java:83)&#xD;
	at org.openqa.selenium.remote.RemoteWebDriver.execute(RemoteWebDriver.java:552)&#xD;
	at com.kms.katalon.selenium.driver.CChromeDriver.execute(CChromeDriver.java:20)&#xD;
	at org.openqa.selenium.remote.RemoteWebElement.execute(RemoteWebElement.java:285)&#xD;
	at org.openqa.selenium.remote.RemoteWebElement.click(RemoteWebElement.java:84)&#xD;
	at com.kms.katalon.core.webui.keyword.builtin.ClickKeyword$_click_closure1.doCall(ClickKeyword.groovy:79)&#xD;
	at com.kms.katalon.core.webui.keyword.builtin.ClickKeyword$_click_closure1.call(ClickKeyword.groovy)&#xD;
	at com.kms.katalon.core.webui.keyword.internal.WebUIKeywordMain.runKeyword(WebUIKeywordMain.groovy:20)&#xD;
	... 35 more&#xD;
&#xD;
&#xD;
2019-07-15 16:48:34 - [TEST_STEP][PASSED] - callTestCase(findTestCase("Main Login Page/Create Multiple Environments and Login"), ["Develop_env":findTestData("Environment Names").getValue(1, 1), "Username":Username_Admin, "Experience_Env":findTestData("Environment Names").getValue(1, 2), ... ], CONTINUE_ON_FAILURE): Call Test Case 'Test Cases/Main Login Page/Create Multiple Environments and Login' successfully&#xD;
&#xD;
2019-07-15 16:48:34 - [TEST_CASE][PASSED] - Test Cases/Main Login Page/Create Multiple Environments and Login: Test Cases/Main Login Page/Create Multiple Environments and Login&#xD;
&#xD;
2019-07-15 16:48:35 - [TEST_STEP][PASSED] - callTestCase(findTestCase("Sysadmin Login Page/login_Simple"), [:], STOP_ON_FAILURE): Call Test Case 'Test Cases/Sysadmin Login Page/login_Simple' successfully&#xD;
&#xD;
2019-07-15 16:48:35 - [TEST_CASE][PASSED] - Test Cases/Sysadmin Login Page/login_Simple: Test Cases/Sysadmin Login Page/login_Simple&#xD;
&#xD;
2019-07-15 16:48:35 - [TEST_STEP][PASSED] - openBrowser(url_sysadmin, CONTINUE_ON_FAILURE): Browser is opened with url: 'http://192.168.1.55:8095/'&#xD;
&#xD;
2019-07-15 16:48:35 - [MESSAGE][INFO] - Starting 'Chrome' driver&#xD;
&#xD;
2019-07-15 16:48:35 - [MESSAGE][INFO] - Action delay is set to 0 seconds&#xD;
&#xD;
2019-07-15 16:48:38 - [MESSAGE][PASSED] - Browser is opened with url: 'http://192.168.1.55:8095/'&#xD;
&#xD;
2019-07-15 16:48:38 - [TEST_STEP][PASSED] - maximizeWindow(CONTINUE_ON_FAILURE): Current window maximized&#xD;
&#xD;
2019-07-15 16:48:39 - [MESSAGE][PASSED] - Current window maximized&#xD;
&#xD;
2019-07-15 16:48:39 - [TEST_STEP][PASSED] - setText(findTestObject("Sysadmin Login Page/input_userName"), "sysadmin", CONTINUE_ON_FAILURE): Text 'sysadmin' is set on object 'Object Repository/Sysadmin Login Page/input_userName'&#xD;
&#xD;
2019-07-15 16:48:39 - [MESSAGE][PASSED] - Text 'sysadmin' is set on object 'Object Repository/Sysadmin Login Page/input_userName'&#xD;
&#xD;
2019-07-15 16:48:39 - [TEST_STEP][PASSED] - setText(findTestObject("Sysadmin Login Page/input_password"), "sysadmin", CONTINUE_ON_FAILURE): Text 'sysadmin' is set on object 'Object Repository/Sysadmin Login Page/input_password'&#xD;
&#xD;
2019-07-15 16:48:39 - [MESSAGE][PASSED] - Text 'sysadmin' is set on object 'Object Repository/Sysadmin Login Page/input_password'&#xD;
&#xD;
2019-07-15 16:48:39 - [TEST_STEP][PASSED] - click(findTestObject("Sysadmin Login Page/button_Sign in"), CONTINUE_ON_FAILURE): Object: 'Object Repository/Sysadmin Login Page/button_Sign in' is clicked on&#xD;
&#xD;
2019-07-15 16:48:39 - [MESSAGE][PASSED] - Object: 'Object Repository/Sysadmin Login Page/button_Sign in' is clicked on&#xD;
&#xD;
2019-07-15 16:48:39 - [TEST_STEP][PASSED] - if (verifyElementVisible(findTestObject("Sysadmin Login Page/Change_Password_Window/Textbox_Confirm_Password"), OPTIONAL)): Web element with id: 'Object Repository/Sysadmin Login Page/Change_Password_Window/Textbox_Confirm_Password' located by 'By.cssSelector: [id="confirmPasswordTxt"]' not found (Root cause: com.kms.katalon.core.exception.StepFailedException: Web element with id: 'Object Repository/Sysadmin Login Page/Change_Password_Window/Textbox_Confirm_Password' located by 'By.cssSelector: [id="confirmPasswordTxt"]' not found&#xD;
	at com.kms.katalon.core.webui.keyword.internal.WebUIKeywordMain.stepFailed(WebUIKeywordMain.groovy:64)&#xD;
	at com.kms.katalon.core.webui.keyword.builtin.VerifyElementVisibleKeyword$_verifyElementVisible_closure1.doCall(VerifyElementVisibleKeyword.groovy:89)&#xD;
	at com.kms.katalon.core.webui.keyword.builtin.VerifyElementVisibleKeyword$_verifyElementVisible_closure1.call(VerifyElementVisibleKeyword.groovy)&#xD;
	at com.kms.katalon.core.webui.keyword.internal.WebUIKeywordMain.runKeyword(WebUIKeywordMain.groovy:20)&#xD;
	at com.kms.katalon.core.webui.keyword.builtin.VerifyElementVisibleKeyword.verifyElementVisible(VerifyElementVisibleKeyword.groovy:97)&#xD;
	at com.kms.katalon.core.webui.keyword.builtin.VerifyElementVisibleKeyword.execute(VerifyElementVisibleKeyword.groovy:67)&#xD;
	at com.kms.katalon.core.keyword.internal.KeywordExecutor.executeKeywordForPlatform(KeywordExecutor.groovy:56)&#xD;
	at com.kms.katalon.core.webui.keyword.WebUiBuiltInKeywords.verifyElementVisible(WebUiBuiltInKeywords.groovy:358)&#xD;
	at com.kms.katalon.core.webui.keyword.WebUiBuiltInKeywords$verifyElementVisible$3.call(Unknown Source)&#xD;
	at login_Simple.run(login_Simple:32)&#xD;
	at com.kms.katalon.core.main.ScriptEngine.run(ScriptEngine.java:194)&#xD;
	at com.kms.katalon.core.main.ScriptEngine.runScriptAsRawText(ScriptEngine.java:119)&#xD;
	at com.kms.katalon.core.main.TestCaseExecutor.runScript(TestCaseExecutor.java:337)&#xD;
	at com.kms.katalon.core.main.TestCaseExecutor.doExecute(TestCaseExecutor.java:328)&#xD;
	at com.kms.katalon.core.main.TestCaseExecutor.processExecutionPhase(TestCaseExecutor.java:307)&#xD;
	at com.kms.katalon.core.main.TestCaseExecutor.accessMainPhase(TestCaseExecutor.java:299)&#xD;
	at com.kms.katalon.core.main.TestCaseExecutor.execute(TestCaseExecutor.java:233)&#xD;
	at com.kms.katalon.core.main.TestCaseMain.runTestCase(TestCaseMain.java:114)&#xD;
	at com.kms.katalon.core.keyword.builtin.CallTestCaseKeyword$_callTestCase_closure1.doCall(CallTestCaseKeyword.groovy:59)&#xD;
	at com.kms.katalon.core.keyword.builtin.CallTestCaseKeyword$_callTestCase_closure1.call(CallTestCaseKeyword.groovy)&#xD;
	at com.kms.katalon.core.keyword.internal.KeywordMain.runKeyword(KeywordMain.groovy:68)&#xD;
	at com.kms.katalon.core.keyword.builtin.CallTestCaseKeyword.callTestCase(CallTestCaseKeyword.groovy:81)&#xD;
	at com.kms.katalon.core.keyword.builtin.CallTestCaseKeyword.execute(CallTestCaseKeyword.groovy:44)&#xD;
	at com.kms.katalon.core.keyword.internal.KeywordExecutor.executeKeywordForPlatform(KeywordExecutor.groovy:56)&#xD;
	at com.kms.katalon.core.keyword.BuiltinKeywords.callTestCase(BuiltinKeywords.groovy:334)&#xD;
	at Create Multiple Environments and Login.run(Create Multiple Environments and Login:23)&#xD;
	at com.kms.katalon.core.main.ScriptEngine.run(ScriptEngine.java:194)&#xD;
	at com.kms.katalon.core.main.ScriptEngine.runScriptAsRawText(ScriptEngine.java:119)&#xD;
	at com.kms.katalon.core.main.TestCaseExecutor.runScript(TestCaseExecutor.java:337)&#xD;
	at com.kms.katalon.core.main.TestCaseExecutor.doExecute(TestCaseExecutor.java:328)&#xD;
	at com.kms.katalon.core.main.TestCaseExecutor.processExecutionPhase(TestCaseExecutor.java:307)&#xD;
	at com.kms.katalon.core.main.TestCaseExecutor.accessMainPhase(TestCaseExecutor.java:299)&#xD;
	at com.kms.katalon.core.main.TestCaseExecutor.execute(TestCaseExecutor.java:233)&#xD;
	at com.kms.katalon.core.main.TestCaseMain.runTestCase(TestCaseMain.java:114)&#xD;
	at com.kms.katalon.core.keyword.builtin.CallTestCaseKeyword$_callTestCase_closure1.doCall(CallTestCaseKeyword.groovy:59)&#xD;
	at com.kms.katalon.core.keyword.builtin.CallTestCaseKeyword$_callTestCase_closure1.call(CallTestCaseKeyword.groovy)&#xD;
	at com.kms.katalon.core.keyword.internal.KeywordMain.runKeyword(KeywordMain.groovy:68)&#xD;
	at com.kms.katalon.core.keyword.builtin.CallTestCaseKeyword.callTestCase(CallTestCaseKeyword.groovy:81)&#xD;
	at com.kms.katalon.core.keyword.builtin.CallTestCaseKeyword.execute(CallTestCaseKeyword.groovy:44)&#xD;
	at com.kms.katalon.core.keyword.internal.KeywordExecutor.executeKeywordForPlatform(KeywordExecutor.groovy:56)&#xD;
	at com.kms.katalon.core.keyword.BuiltinKeywords.callTestCase(BuiltinKeywords.groovy:334)&#xD;
	at All_Sysadmin_Testcases.run(All_Sysadmin_Testcases:25)&#xD;
	at com.kms.katalon.core.main.ScriptEngine.run(ScriptEngine.java:194)&#xD;
	at com.kms.katalon.core.main.ScriptEngine.runScriptAsRawText(ScriptEngine.java:119)&#xD;
	at com.kms.katalon.core.main.TestCaseExecutor.runScript(TestCaseExecutor.java:337)&#xD;
	at com.kms.katalon.core.main.TestCaseExecutor.doExecute(TestCaseExecutor.java:328)&#xD;
	at com.kms.katalon.core.main.TestCaseExecutor.processExecutionPhase(TestCaseExecutor.java:307)&#xD;
	at com.kms.katalon.core.main.TestCaseExecutor.accessMainPhase(TestCaseExecutor.java:299)&#xD;
	at com.kms.katalon.core.main.TestCaseExecutor.execute(TestCaseExecutor.java:233)&#xD;
	at com.kms.katalon.core.main.TestSuiteExecutor.accessTestCaseMainPhase(TestSuiteExecutor.java:133)&#xD;
	at com.kms.katalon.core.main.TestSuiteExecutor.accessTestSuiteMainPhase(TestSuiteExecutor.java:116)&#xD;
	at com.kms.katalon.core.main.TestSuiteExecutor.execute(TestSuiteExecutor.java:83)&#xD;
	at com.kms.katalon.core.main.TestCaseMain.startTestSuite(TestCaseMain.java:157)&#xD;
	at com.kms.katalon.core.main.TestCaseMain$startTestSuite$0.call(Unknown Source)&#xD;
	at TempTestSuite1563198510048.run(TempTestSuite1563198510048.groovy:35)&#xD;
)&#xD;
&#xD;
2019-07-15 16:48:45 - [MESSAGE][INFO] - Unable to find the element located by 'By.cssSelector: [id="confirmPasswordTxt"]'. Please recheck the objects properties to make sure the desired element is located. &#xD;
&#xD;
2019-07-15 16:48:45 - [MESSAGE][WARNING] - Web element with id: 'Object Repository/Sysadmin Login Page/Change_Password_Window/Textbox_Confirm_Password' located by 'By.cssSelector: [id="confirmPasswordTxt"]' not found (Root cause: com.kms.katalon.core.exception.StepFailedException: Web element with id: 'Object Repository/Sysadmin Login Page/Change_Password_Window/Textbox_Confirm_Password' located by 'By.cssSelector: [id="confirmPasswordTxt"]' not found&#xD;
	at com.kms.katalon.core.webui.keyword.internal.WebUIKeywordMain.stepFailed(WebUIKeywordMain.groovy:64)&#xD;
	at com.kms.katalon.core.webui.keyword.builtin.VerifyElementVisibleKeyword$_verifyElementVisible_closure1.doCall(VerifyElementVisibleKeyword.groovy:89)&#xD;
	at com.kms.katalon.core.webui.keyword.builtin.VerifyElementVisibleKeyword$_verifyElementVisible_closure1.call(VerifyElementVisibleKeyword.groovy)&#xD;
	at com.kms.katalon.core.webui.keyword.internal.WebUIKeywordMain.runKeyword(WebUIKeywordMain.groovy:20)&#xD;
	at com.kms.katalon.core.webui.keyword.builtin.VerifyElementVisibleKeyword.verifyElementVisible(VerifyElementVisibleKeyword.groovy:97)&#xD;
	at com.kms.katalon.core.webui.keyword.builtin.VerifyElementVisibleKeyword.execute(VerifyElementVisibleKeyword.groovy:67)&#xD;
	at com.kms.katalon.core.keyword.internal.KeywordExecutor.executeKeywordForPlatform(KeywordExecutor.groovy:56)&#xD;
	at com.kms.katalon.core.webui.keyword.WebUiBuiltInKeywords.verifyElementVisible(WebUiBuiltInKeywords.groovy:358)&#xD;
	at com.kms.katalon.core.webui.keyword.WebUiBuiltInKeywords$verifyElementVisible$3.call(Unknown Source)&#xD;
	at login_Simple.run(login_Simple:32)&#xD;
	at com.kms.katalon.core.main.ScriptEngine.run(ScriptEngine.java:194)&#xD;
	at com.kms.katalon.core.main.ScriptEngine.runScriptAsRawText(ScriptEngine.java:119)&#xD;
	at com.kms.katalon.core.main.TestCaseExecutor.runScript(TestCaseExecutor.java:337)&#xD;
	at com.kms.katalon.core.main.TestCaseExecutor.doExecute(TestCaseExecutor.java:328)&#xD;
	at com.kms.katalon.core.main.TestCaseExecutor.processExecutionPhase(TestCaseExecutor.java:307)&#xD;
	at com.kms.katalon.core.main.TestCaseExecutor.accessMainPhase(TestCaseExecutor.java:299)&#xD;
	at com.kms.katalon.core.main.TestCaseExecutor.execute(TestCaseExecutor.java:233)&#xD;
	at com.kms.katalon.core.main.TestCaseMain.runTestCase(TestCaseMain.java:114)&#xD;
	at com.kms.katalon.core.keyword.builtin.CallTestCaseKeyword$_callTestCase_closure1.doCall(CallTestCaseKeyword.groovy:59)&#xD;
	at com.kms.katalon.core.keyword.builtin.CallTestCaseKeyword$_callTestCase_closure1.call(CallTestCaseKeyword.groovy)&#xD;
	at com.kms.katalon.core.keyword.internal.KeywordMain.runKeyword(KeywordMain.groovy:68)&#xD;
	at com.kms.katalon.core.keyword.builtin.CallTestCaseKeyword.callTestCase(CallTestCaseKeyword.groovy:81)&#xD;
	at com.kms.katalon.core.keyword.builtin.CallTestCaseKeyword.execute(CallTestCaseKeyword.groovy:44)&#xD;
	at com.kms.katalon.core.keyword.internal.KeywordExecutor.executeKeywordForPlatform(KeywordExecutor.groovy:56)&#xD;
	at com.kms.katalon.core.keyword.BuiltinKeywords.callTestCase(BuiltinKeywords.groovy:334)&#xD;
	at Create Multiple Environments and Login.run(Create Multiple Environments and Login:23)&#xD;
	at com.kms.katalon.core.main.ScriptEngine.run(ScriptEngine.java:194)&#xD;
	at com.kms.katalon.core.main.ScriptEngine.runScriptAsRawText(ScriptEngine.java:119)&#xD;
	at com.kms.katalon.core.main.TestCaseExecutor.runScript(TestCaseExecutor.java:337)&#xD;
	at com.kms.katalon.core.main.TestCaseExecutor.doExecute(TestCaseExecutor.java:328)&#xD;
	at com.kms.katalon.core.main.TestCaseExecutor.processExecutionPhase(TestCaseExecutor.java:307)&#xD;
	at com.kms.katalon.core.main.TestCaseExecutor.accessMainPhase(TestCaseExecutor.java:299)&#xD;
	at com.kms.katalon.core.main.TestCaseExecutor.execute(TestCaseExecutor.java:233)&#xD;
	at com.kms.katalon.core.main.TestCaseMain.runTestCase(TestCaseMain.java:114)&#xD;
	at com.kms.katalon.core.keyword.builtin.CallTestCaseKeyword$_callTestCase_closure1.doCall(CallTestCaseKeyword.groovy:59)&#xD;
	at com.kms.katalon.core.keyword.builtin.CallTestCaseKeyword$_callTestCase_closure1.call(CallTestCaseKeyword.groovy)&#xD;
	at com.kms.katalon.core.keyword.internal.KeywordMain.runKeyword(KeywordMain.groovy:68)&#xD;
	at com.kms.katalon.core.keyword.builtin.CallTestCaseKeyword.callTestCase(CallTestCaseKeyword.groovy:81)&#xD;
	at com.kms.katalon.core.keyword.builtin.CallTestCaseKeyword.execute(CallTestCaseKeyword.groovy:44)&#xD;
	at com.kms.katalon.core.keyword.internal.KeywordExecutor.executeKeywordForPlatform(KeywordExecutor.groovy:56)&#xD;
	at com.kms.katalon.core.keyword.BuiltinKeywords.callTestCase(BuiltinKeywords.groovy:334)&#xD;
	at All_Sysadmin_Testcases.run(All_Sysadmin_Testcases:25)&#xD;
	at com.kms.katalon.core.main.ScriptEngine.run(ScriptEngine.java:194)&#xD;
	at com.kms.katalon.core.main.ScriptEngine.runScriptAsRawText(ScriptEngine.java:119)&#xD;
	at com.kms.katalon.core.main.TestCaseExecutor.runScript(TestCaseExecutor.java:337)&#xD;
	at com.kms.katalon.core.main.TestCaseExecutor.doExecute(TestCaseExecutor.java:328)&#xD;
	at com.kms.katalon.core.main.TestCaseExecutor.processExecutionPhase(TestCaseExecutor.java:307)&#xD;
	at com.kms.katalon.core.main.TestCaseExecutor.accessMainPhase(TestCaseExecutor.java:299)&#xD;
	at com.kms.katalon.core.main.TestCaseExecutor.execute(TestCaseExecutor.java:233)&#xD;
	at com.kms.katalon.core.main.TestSuiteExecutor.accessTestCaseMainPhase(TestSuiteExecutor.java:133)&#xD;
	at com.kms.katalon.core.main.TestSuiteExecutor.accessTestSuiteMainPhase(TestSuiteExecutor.java:116)&#xD;
	at com.kms.katalon.core.main.TestSuiteExecutor.execute(TestSuiteExecutor.java:83)&#xD;
	at com.kms.katalon.core.main.TestCaseMain.startTestSuite(TestCaseMain.java:157)&#xD;
	at com.kms.katalon.core.main.TestCaseMain$startTestSuite$0.call(Unknown Source)&#xD;
	at TempTestSuite1563198510048.run(TempTestSuite1563198510048.groovy:35)&#xD;
)&#xD;
[[ATTACHMENT|C:\\Katalon Projects\\Nido_Patch3\\Reports\\Sanity1\\20190715_164830\\1563198525201.png]]&#xD;
&#xD;
2019-07-15 16:48:45 - [TEST_STEP][PASSED] - waitForElementVisible(findTestObject("Sysadmin Login Page/Environments card"), 5, CONTINUE_ON_FAILURE): Object 'Object Repository/Sysadmin Login Page/Environments card' is visible&#xD;
&#xD;
2019-07-15 16:48:45 - [MESSAGE][PASSED] - Object 'Object Repository/Sysadmin Login Page/Environments card' is visible&#xD;
&#xD;
2019-07-15 16:48:45 - [MESSAGE][PASSED] - Call Test Case 'Test Cases/Sysadmin Login Page/login_Simple' successfully&#xD;
&#xD;
2019-07-15 16:48:45 - [TEST_STEP][PASSED] - click(findTestObject("Sysadmin Portal/a_Environments"), CONTINUE_ON_FAILURE): Object: 'Object Repository/Sysadmin Portal/a_Environments' is clicked on&#xD;
&#xD;
2019-07-15 16:48:45 - [MESSAGE][PASSED] - Object: 'Object Repository/Sysadmin Portal/a_Environments' is clicked on&#xD;
&#xD;
2019-07-15 16:48:45 - [TEST_STEP][PASSED] - waitForElementVisible(findTestObject("Sysadmin Portal/Environments Page/button_New Environment"), 5, CONTINUE_ON_FAILURE): Object 'Object Repository/Sysadmin Portal/Environments Page/button_New Environment' is visible&#xD;
&#xD;
2019-07-15 16:48:46 - [MESSAGE][PASSED] - Object 'Object Repository/Sysadmin Portal/Environments Page/button_New Environment' is visible&#xD;
&#xD;
2019-07-15 16:48:46 - [TEST_STEP][PASSED] - click(findTestObject("Sysadmin Portal/Environments Page/button_New Environment"), CONTINUE_ON_FAILURE): Object: 'Object Repository/Sysadmin Portal/Environments Page/button_New Environment' is clicked on&#xD;
&#xD;
2019-07-15 16:48:46 - [MESSAGE][PASSED] - Object: 'Object Repository/Sysadmin Portal/Environments Page/button_New Environment' is clicked on&#xD;
&#xD;
2019-07-15 16:48:46 - [TEST_STEP][PASSED] - waitForElementVisible(findTestObject("Sysadmin Portal/Environments Page/input_environmentName"), 5, CONTINUE_ON_FAILURE): Object 'Object Repository/Sysadmin Portal/Environments Page/input_environmentName' is visible&#xD;
&#xD;
2019-07-15 16:48:46 - [MESSAGE][PASSED] - Object 'Object Repository/Sysadmin Portal/Environments Page/input_environmentName' is visible&#xD;
&#xD;
2019-07-15 16:48:46 - [TEST_STEP][PASSED] - setText(findTestObject("Sysadmin Portal/Environments Page/input_environmentName"), Develop_env, CONTINUE_ON_FAILURE): Text '1_Develop_Env' is set on object 'Object Repository/Sysadmin Portal/Environments Page/input_environmentName'&#xD;
&#xD;
2019-07-15 16:48:47 - [MESSAGE][PASSED] - Text '1_Develop_Env' is set on object 'Object Repository/Sysadmin Portal/Environments Page/input_environmentName'&#xD;
&#xD;
2019-07-15 16:48:47 - [TEST_STEP][PASSED] - setText(findTestObject("Sysadmin Portal/Environments Page/input_administratorName"), Username_Admin, CONTINUE_ON_FAILURE): Text 'Ere' is set on object 'Object Repository/Sysadmin Portal/Environments Page/input_administratorName'&#xD;
&#xD;
2019-07-15 16:48:47 - [MESSAGE][PASSED] - Text 'Ere' is set on object 'Object Repository/Sysadmin Portal/Environments Page/input_administratorName'&#xD;
&#xD;
2019-07-15 16:48:47 - [TEST_STEP][PASSED] - uncheck(findTestObject("Main Login Page/checkbox_GeneratePassworf")): Object 'Object Repository/Main Login Page/checkbox_GeneratePassworf' is un-checked&#xD;
&#xD;
2019-07-15 16:48:47 - [MESSAGE][PASSED] - Object 'Object Repository/Main Login Page/checkbox_GeneratePassworf' is un-checked&#xD;
&#xD;
2019-07-15 16:48:47 - [TEST_STEP][PASSED] - setText(findTestObject("Sysadmin Portal/Environments Page/input_administratorPassword"), Password_Admin, CONTINUE_ON_FAILURE): Text 'ere123' is set on object 'Object Repository/Sysadmin Portal/Environments Page/input_administratorPassword'&#xD;
&#xD;
2019-07-15 16:48:47 - [MESSAGE][PASSED] - Text 'ere123' is set on object 'Object Repository/Sysadmin Portal/Environments Page/input_administratorPassword'&#xD;
&#xD;
2019-07-15 16:48:47 - [TEST_STEP][PASSED] - setText(findTestObject("Sysadmin Portal/Environments Page/input_confirmAdministratorPass"), Password_Admin, CONTINUE_ON_FAILURE): Text 'ere123' is set on object 'Object Repository/Sysadmin Portal/Environments Page/input_confirmAdministratorPass'&#xD;
&#xD;
2019-07-15 16:48:47 - [MESSAGE][PASSED] - Text 'ere123' is set on object 'Object Repository/Sysadmin Portal/Environments Page/input_confirmAdministratorPass'&#xD;
&#xD;
2019-07-15 16:48:47 - [TEST_STEP][PASSED] - setText(findTestObject("Sysadmin Portal/Environments Page/input_administratorEmail"), Email_Admin, CONTINUE_ON_FAILURE): Text 'bogdan.eremia@ecrion.com' is set on object 'Object Repository/Sysadmin Portal/Environments Page/input_administratorEmail'&#xD;
&#xD;
2019-07-15 16:48:47 - [MESSAGE][PASSED] - Text 'bogdan.eremia@ecrion.com' is set on object 'Object Repository/Sysadmin Portal/Environments Page/input_administratorEmail'&#xD;
&#xD;
2019-07-15 16:48:47 - [TEST_STEP][PASSED] - click(findTestObject("Sysadmin Portal/Environments Page/createNewEnv_button"), CONTINUE_ON_FAILURE): Object: 'Object Repository/Sysadmin Portal/Environments Page/createNewEnv_button' is clicked on&#xD;
&#xD;
2019-07-15 16:48:47 - [MESSAGE][PASSED] - Object: 'Object Repository/Sysadmin Portal/Environments Page/createNewEnv_button' is clicked on&#xD;
&#xD;
2019-07-15 16:48:47 - [TEST_STEP][PASSED] - waitForElementVisible(findTestObject("Sysadmin Portal/Environments Page/createNewEnv_button"), 10): Object 'Object Repository/Sysadmin Portal/Environments Page/createNewEnv_button' is visible&#xD;
&#xD;
2019-07-15 16:48:47 - [MESSAGE][PASSED] - Object 'Object Repository/Sysadmin Portal/Environments Page/createNewEnv_button' is visible&#xD;
&#xD;
2019-07-15 16:48:47 - [TEST_STEP][PASSED] - delay(3, CONTINUE_ON_FAILURE): Delayed 3 second(s)&#xD;
&#xD;
2019-07-15 16:48:50 - [MESSAGE][PASSED] - Delayed 3 second(s)&#xD;
&#xD;
2019-07-15 16:48:50 - [TEST_STEP][PASSED] - if (verifyElementVisible(findTestObject("Object Repository/Sysadmin Portal/Environments Page/Error Message - Already exist"), OPTIONAL)): Object 'Object Repository/Sysadmin Portal/Environments Page/Error Message - Already exist' is NOT visible (Root cause: com.kms.katalon.core.exception.StepFailedException: Object 'Object Repository/Sysadmin Portal/Environments Page/Error Message - Already exist' is NOT visible&#xD;
	at com.kms.katalon.core.webui.keyword.internal.WebUIKeywordMain.stepFailed(WebUIKeywordMain.groovy:64)&#xD;
	at com.kms.katalon.core.webui.keyword.builtin.VerifyElementVisibleKeyword$_verifyElementVisible_closure1.doCall(VerifyElementVisibleKeyword.groovy:83)&#xD;
	at com.kms.katalon.core.webui.keyword.builtin.VerifyElementVisibleKeyword$_verifyElementVisible_closure1.call(VerifyElementVisibleKeyword.groovy)&#xD;
	at com.kms.katalon.core.webui.keyword.internal.WebUIKeywordMain.runKeyword(WebUIKeywordMain.groovy:20)&#xD;
	at com.kms.katalon.core.webui.keyword.builtin.VerifyElementVisibleKeyword.verifyElementVisible(VerifyElementVisibleKeyword.groovy:97)&#xD;
	at com.kms.katalon.core.webui.keyword.builtin.VerifyElementVisibleKeyword.execute(VerifyElementVisibleKeyword.groovy:67)&#xD;
	at com.kms.katalon.core.keyword.internal.KeywordExecutor.executeKeywordForPlatform(KeywordExecutor.groovy:56)&#xD;
	at com.kms.katalon.core.webui.keyword.WebUiBuiltInKeywords.verifyElementVisible(WebUiBuiltInKeywords.groovy:358)&#xD;
	at com.kms.katalon.core.webui.keyword.WebUiBuiltInKeywords$verifyElementVisible$3.call(Unknown Source)&#xD;
	at Create Multiple Environments and Login.run(Create Multiple Environments and Login:56)&#xD;
	at com.kms.katalon.core.main.ScriptEngine.run(ScriptEngine.java:194)&#xD;
	at com.kms.katalon.core.main.ScriptEngine.runScriptAsRawText(ScriptEngine.java:119)&#xD;
	at com.kms.katalon.core.main.TestCaseExecutor.runScript(TestCaseExecutor.java:337)&#xD;
	at com.kms.katalon.core.main.TestCaseExecutor.doExecute(TestCaseExecutor.java:328)&#xD;
	at com.kms.katalon.core.main.TestCaseExecutor.processExecutionPhase(TestCaseExecutor.java:307)&#xD;
	at com.kms.katalon.core.main.TestCaseExecutor.accessMainPhase(TestCaseExecutor.java:299)&#xD;
	at com.kms.katalon.core.main.TestCaseExecutor.execute(TestCaseExecutor.java:233)&#xD;
	at com.kms.katalon.core.main.TestCaseMain.runTestCase(TestCaseMain.java:114)&#xD;
	at com.kms.katalon.core.keyword.builtin.CallTestCaseKeyword$_callTestCase_closure1.doCall(CallTestCaseKeyword.groovy:59)&#xD;
	at com.kms.katalon.core.keyword.builtin.CallTestCaseKeyword$_callTestCase_closure1.call(CallTestCaseKeyword.groovy)&#xD;
	at com.kms.katalon.core.keyword.internal.KeywordMain.runKeyword(KeywordMain.groovy:68)&#xD;
	at com.kms.katalon.core.keyword.builtin.CallTestCaseKeyword.callTestCase(CallTestCaseKeyword.groovy:81)&#xD;
	at com.kms.katalon.core.keyword.builtin.CallTestCaseKeyword.execute(CallTestCaseKeyword.groovy:44)&#xD;
	at com.kms.katalon.core.keyword.internal.KeywordExecutor.executeKeywordForPlatform(KeywordExecutor.groovy:56)&#xD;
	at com.kms.katalon.core.keyword.BuiltinKeywords.callTestCase(BuiltinKeywords.groovy:334)&#xD;
	at All_Sysadmin_Testcases.run(All_Sysadmin_Testcases:25)&#xD;
	at com.kms.katalon.core.main.ScriptEngine.run(ScriptEngine.java:194)&#xD;
	at com.kms.katalon.core.main.ScriptEngine.runScriptAsRawText(ScriptEngine.java:119)&#xD;
	at com.kms.katalon.core.main.TestCaseExecutor.runScript(TestCaseExecutor.java:337)&#xD;
	at com.kms.katalon.core.main.TestCaseExecutor.doExecute(TestCaseExecutor.java:328)&#xD;
	at com.kms.katalon.core.main.TestCaseExecutor.processExecutionPhase(TestCaseExecutor.java:307)&#xD;
	at com.kms.katalon.core.main.TestCaseExecutor.accessMainPhase(TestCaseExecutor.java:299)&#xD;
	at com.kms.katalon.core.main.TestCaseExecutor.execute(TestCaseExecutor.java:233)&#xD;
	at com.kms.katalon.core.main.TestSuiteExecutor.accessTestCaseMainPhase(TestSuiteExecutor.java:133)&#xD;
	at com.kms.katalon.core.main.TestSuiteExecutor.accessTestSuiteMainPhase(TestSuiteExecutor.java:116)&#xD;
	at com.kms.katalon.core.main.TestSuiteExecutor.execute(TestSuiteExecutor.java:83)&#xD;
	at com.kms.katalon.core.main.TestCaseMain.startTestSuite(TestCaseMain.java:157)&#xD;
	at com.kms.katalon.core.main.TestCaseMain$startTestSuite$0.call(Unknown Source)&#xD;
	at TempTestSuite1563198510048.run(TempTestSuite1563198510048.groovy:35)&#xD;
)&#xD;
&#xD;
2019-07-15 16:48:51 - [MESSAGE][WARNING] - Object 'Object Repository/Sysadmin Portal/Environments Page/Error Message - Already exist' is NOT visible (Root cause: com.kms.katalon.core.exception.StepFailedException: Object 'Object Repository/Sysadmin Portal/Environments Page/Error Message - Already exist' is NOT visible&#xD;
	at com.kms.katalon.core.webui.keyword.internal.WebUIKeywordMain.stepFailed(WebUIKeywordMain.groovy:64)&#xD;
	at com.kms.katalon.core.webui.keyword.builtin.VerifyElementVisibleKeyword$_verifyElementVisible_closure1.doCall(VerifyElementVisibleKeyword.groovy:83)&#xD;
	at com.kms.katalon.core.webui.keyword.builtin.VerifyElementVisibleKeyword$_verifyElementVisible_closure1.call(VerifyElementVisibleKeyword.groovy)&#xD;
	at com.kms.katalon.core.webui.keyword.internal.WebUIKeywordMain.runKeyword(WebUIKeywordMain.groovy:20)&#xD;
	at com.kms.katalon.core.webui.keyword.builtin.VerifyElementVisibleKeyword.verifyElementVisible(VerifyElementVisibleKeyword.groovy:97)&#xD;
	at com.kms.katalon.core.webui.keyword.builtin.VerifyElementVisibleKeyword.execute(VerifyElementVisibleKeyword.groovy:67)&#xD;
	at com.kms.katalon.core.keyword.internal.KeywordExecutor.executeKeywordForPlatform(KeywordExecutor.groovy:56)&#xD;
	at com.kms.katalon.core.webui.keyword.WebUiBuiltInKeywords.verifyElementVisible(WebUiBuiltInKeywords.groovy:358)&#xD;
	at com.kms.katalon.core.webui.keyword.WebUiBuiltInKeywords$verifyElementVisible$3.call(Unknown Source)&#xD;
	at Create Multiple Environments and Login.run(Create Multiple Environments and Login:56)&#xD;
	at com.kms.katalon.core.main.ScriptEngine.run(ScriptEngine.java:194)&#xD;
	at com.kms.katalon.core.main.ScriptEngine.runScriptAsRawText(ScriptEngine.java:119)&#xD;
	at com.kms.katalon.core.main.TestCaseExecutor.runScript(TestCaseExecutor.java:337)&#xD;
	at com.kms.katalon.core.main.TestCaseExecutor.doExecute(TestCaseExecutor.java:328)&#xD;
	at com.kms.katalon.core.main.TestCaseExecutor.processExecutionPhase(TestCaseExecutor.java:307)&#xD;
	at com.kms.katalon.core.main.TestCaseExecutor.accessMainPhase(TestCaseExecutor.java:299)&#xD;
	at com.kms.katalon.core.main.TestCaseExecutor.execute(TestCaseExecutor.java:233)&#xD;
	at com.kms.katalon.core.main.TestCaseMain.runTestCase(TestCaseMain.java:114)&#xD;
	at com.kms.katalon.core.keyword.builtin.CallTestCaseKeyword$_callTestCase_closure1.doCall(CallTestCaseKeyword.groovy:59)&#xD;
	at com.kms.katalon.core.keyword.builtin.CallTestCaseKeyword$_callTestCase_closure1.call(CallTestCaseKeyword.groovy)&#xD;
	at com.kms.katalon.core.keyword.internal.KeywordMain.runKeyword(KeywordMain.groovy:68)&#xD;
	at com.kms.katalon.core.keyword.builtin.CallTestCaseKeyword.callTestCase(CallTestCaseKeyword.groovy:81)&#xD;
	at com.kms.katalon.core.keyword.builtin.CallTestCaseKeyword.execute(CallTestCaseKeyword.groovy:44)&#xD;
	at com.kms.katalon.core.keyword.internal.KeywordExecutor.executeKeywordForPlatform(KeywordExecutor.groovy:56)&#xD;
	at com.kms.katalon.core.keyword.BuiltinKeywords.callTestCase(BuiltinKeywords.groovy:334)&#xD;
	at All_Sysadmin_Testcases.run(All_Sysadmin_Testcases:25)&#xD;
	at com.kms.katalon.core.main.ScriptEngine.run(ScriptEngine.java:194)&#xD;
	at com.kms.katalon.core.main.ScriptEngine.runScriptAsRawText(ScriptEngine.java:119)&#xD;
	at com.kms.katalon.core.main.TestCaseExecutor.runScript(TestCaseExecutor.java:337)&#xD;
	at com.kms.katalon.core.main.TestCaseExecutor.doExecute(TestCaseExecutor.java:328)&#xD;
	at com.kms.katalon.core.main.TestCaseExecutor.processExecutionPhase(TestCaseExecutor.java:307)&#xD;
	at com.kms.katalon.core.main.TestCaseExecutor.accessMainPhase(TestCaseExecutor.java:299)&#xD;
	at com.kms.katalon.core.main.TestCaseExecutor.execute(TestCaseExecutor.java:233)&#xD;
	at com.kms.katalon.core.main.TestSuiteExecutor.accessTestCaseMainPhase(TestSuiteExecutor.java:133)&#xD;
	at com.kms.katalon.core.main.TestSuiteExecutor.accessTestSuiteMainPhase(TestSuiteExecutor.java:116)&#xD;
	at com.kms.katalon.core.main.TestSuiteExecutor.execute(TestSuiteExecutor.java:83)&#xD;
	at com.kms.katalon.core.main.TestCaseMain.startTestSuite(TestCaseMain.java:157)&#xD;
	at com.kms.katalon.core.main.TestCaseMain$startTestSuite$0.call(Unknown Source)&#xD;
	at TempTestSuite1563198510048.run(TempTestSuite1563198510048.groovy:35)&#xD;
)&#xD;
[[ATTACHMENT|C:\\Katalon Projects\\Nido_Patch3\\Reports\\Sanity1\\20190715_164830\\1563198530997.png]]&#xD;
&#xD;
2019-07-15 16:48:51 - [TEST_STEP][PASSED] - else: Object: 'Object Repository/Sysadmin Portal/Environments Page/Ok button_Edit Environment' is clicked on&#xD;
&#xD;
2019-07-15 16:48:51 - [TEST_STEP][PASSED] - click(findTestObject("Sysadmin Portal/Environments Page/Ok button_Edit Environment"), CONTINUE_ON_FAILURE): Object: 'Object Repository/Sysadmin Portal/Environments Page/Ok button_Edit Environment' is clicked on&#xD;
&#xD;
2019-07-15 16:48:51 - [MESSAGE][PASSED] - Object: 'Object Repository/Sysadmin Portal/Environments Page/Ok button_Edit Environment' is clicked on&#xD;
&#xD;
2019-07-15 16:48:51 - [TEST_STEP][PASSED] - delay(4, CONTINUE_ON_FAILURE): Delayed 4 second(s)&#xD;
&#xD;
2019-07-15 16:48:55 - [MESSAGE][PASSED] - Delayed 4 second(s)&#xD;
&#xD;
2019-07-15 16:48:55 - [TEST_STEP][PASSED] - waitForElementVisible(findTestObject("Sysadmin Portal/Environments Page/button_New Environment"), 5, CONTINUE_ON_FAILURE): Object 'Object Repository/Sysadmin Portal/Environments Page/button_New Environment' is visible&#xD;
&#xD;
2019-07-15 16:48:55 - [MESSAGE][PASSED] - Object 'Object Repository/Sysadmin Portal/Environments Page/button_New Environment' is visible&#xD;
&#xD;
2019-07-15 16:48:55 - [TEST_STEP][PASSED] - click(findTestObject("Sysadmin Portal/Environments Page/button_New Environment"), CONTINUE_ON_FAILURE): Object: 'Object Repository/Sysadmin Portal/Environments Page/button_New Environment' is clicked on&#xD;
&#xD;
2019-07-15 16:48:55 - [MESSAGE][PASSED] - Object: 'Object Repository/Sysadmin Portal/Environments Page/button_New Environment' is clicked on&#xD;
&#xD;
2019-07-15 16:48:55 - [TEST_STEP][PASSED] - waitForElementVisible(findTestObject("Sysadmin Portal/Environments Page/input_environmentName"), 5, CONTINUE_ON_FAILURE): Object 'Object Repository/Sysadmin Portal/Environments Page/input_environmentName' is visible&#xD;
&#xD;
2019-07-15 16:48:56 - [MESSAGE][PASSED] - Object 'Object Repository/Sysadmin Portal/Environments Page/input_environmentName' is visible&#xD;
&#xD;
2019-07-15 16:48:56 - [TEST_STEP][PASSED] - setText(findTestObject("Sysadmin Portal/Environments Page/input_environmentName"), Experience_Env, CONTINUE_ON_FAILURE): Text '2_Experience_Env' is set on object 'Object Repository/Sysadmin Portal/Environments Page/input_environmentName'&#xD;
&#xD;
2019-07-15 16:48:56 - [MESSAGE][PASSED] - Text '2_Experience_Env' is set on object 'Object Repository/Sysadmin Portal/Environments Page/input_environmentName'&#xD;
&#xD;
2019-07-15 16:48:56 - [TEST_STEP][PASSED] - setText(findTestObject("Sysadmin Portal/Environments Page/input_administratorName"), Username_Admin, CONTINUE_ON_FAILURE): Text 'Ere' is set on object 'Object Repository/Sysadmin Portal/Environments Page/input_administratorName'&#xD;
&#xD;
2019-07-15 16:48:56 - [MESSAGE][PASSED] - Text 'Ere' is set on object 'Object Repository/Sysadmin Portal/Environments Page/input_administratorName'&#xD;
&#xD;
2019-07-15 16:48:56 - [TEST_STEP][PASSED] - uncheck(findTestObject("Main Login Page/checkbox_GeneratePassworf")): Object 'Object Repository/Main Login Page/checkbox_GeneratePassworf' is un-checked&#xD;
&#xD;
2019-07-15 16:48:56 - [MESSAGE][PASSED] - Object 'Object Repository/Main Login Page/checkbox_GeneratePassworf' is un-checked&#xD;
&#xD;
2019-07-15 16:48:56 - [TEST_STEP][PASSED] - setText(findTestObject("Sysadmin Portal/Environments Page/input_administratorPassword"), Password_Admin, CONTINUE_ON_FAILURE): Text 'ere123' is set on object 'Object Repository/Sysadmin Portal/Environments Page/input_administratorPassword'&#xD;
&#xD;
2019-07-15 16:48:56 - [MESSAGE][PASSED] - Text 'ere123' is set on object 'Object Repository/Sysadmin Portal/Environments Page/input_administratorPassword'&#xD;
&#xD;
2019-07-15 16:48:56 - [TEST_STEP][PASSED] - setText(findTestObject("Sysadmin Portal/Environments Page/input_confirmAdministratorPass"), Password_Admin, CONTINUE_ON_FAILURE): Text 'ere123' is set on object 'Object Repository/Sysadmin Portal/Environments Page/input_confirmAdministratorPass'&#xD;
&#xD;
2019-07-15 16:48:56 - [MESSAGE][PASSED] - Text 'ere123' is set on object 'Object Repository/Sysadmin Portal/Environments Page/input_confirmAdministratorPass'&#xD;
&#xD;
2019-07-15 16:48:56 - [TEST_STEP][PASSED] - setText(findTestObject("Sysadmin Portal/Environments Page/input_administratorEmail"), Email_Admin, CONTINUE_ON_FAILURE): Text 'bogdan.eremia@ecrion.com' is set on object 'Object Repository/Sysadmin Portal/Environments Page/input_administratorEmail'&#xD;
&#xD;
2019-07-15 16:48:56 - [MESSAGE][PASSED] - Text 'bogdan.eremia@ecrion.com' is set on object 'Object Repository/Sysadmin Portal/Environments Page/input_administratorEmail'&#xD;
&#xD;
2019-07-15 16:48:56 - [TEST_STEP][PASSED] - click(findTestObject("Sysadmin Portal/Environments Page/createNewEnv_button"), CONTINUE_ON_FAILURE): Object: 'Object Repository/Sysadmin Portal/Environments Page/createNewEnv_button' is clicked on&#xD;
&#xD;
2019-07-15 16:48:56 - [MESSAGE][PASSED] - Object: 'Object Repository/Sysadmin Portal/Environments Page/createNewEnv_button' is clicked on&#xD;
&#xD;
2019-07-15 16:48:56 - [TEST_STEP][PASSED] - waitForElementVisible(findTestObject("Sysadmin Portal/Environments Page/createNewEnv_button"), 10): Object 'Object Repository/Sysadmin Portal/Environments Page/createNewEnv_button' is visible&#xD;
&#xD;
2019-07-15 16:48:56 - [MESSAGE][PASSED] - Object 'Object Repository/Sysadmin Portal/Environments Page/createNewEnv_button' is visible&#xD;
&#xD;
2019-07-15 16:48:56 - [TEST_STEP][PASSED] - delay(3, CONTINUE_ON_FAILURE): Delayed 3 second(s)&#xD;
&#xD;
2019-07-15 16:48:59 - [MESSAGE][PASSED] - Delayed 3 second(s)&#xD;
&#xD;
2019-07-15 16:48:59 - [TEST_STEP][PASSED] - if (verifyElementVisible(findTestObject("Object Repository/Sysadmin Portal/Environments Page/Error Message - Already exist"), OPTIONAL)): Object 'Object Repository/Sysadmin Portal/Environments Page/Error Message - Already exist' is NOT visible (Root cause: com.kms.katalon.core.exception.StepFailedException: Object 'Object Repository/Sysadmin Portal/Environments Page/Error Message - Already exist' is NOT visible&#xD;
	at com.kms.katalon.core.webui.keyword.internal.WebUIKeywordMain.stepFailed(WebUIKeywordMain.groovy:64)&#xD;
	at com.kms.katalon.core.webui.keyword.builtin.VerifyElementVisibleKeyword$_verifyElementVisible_closure1.doCall(VerifyElementVisibleKeyword.groovy:83)&#xD;
	at com.kms.katalon.core.webui.keyword.builtin.VerifyElementVisibleKeyword$_verifyElementVisible_closure1.call(VerifyElementVisibleKeyword.groovy)&#xD;
	at com.kms.katalon.core.webui.keyword.internal.WebUIKeywordMain.runKeyword(WebUIKeywordMain.groovy:20)&#xD;
	at com.kms.katalon.core.webui.keyword.builtin.VerifyElementVisibleKeyword.verifyElementVisible(VerifyElementVisibleKeyword.groovy:97)&#xD;
	at com.kms.katalon.core.webui.keyword.builtin.VerifyElementVisibleKeyword.execute(VerifyElementVisibleKeyword.groovy:67)&#xD;
	at com.kms.katalon.core.keyword.internal.KeywordExecutor.executeKeywordForPlatform(KeywordExecutor.groovy:56)&#xD;
	at com.kms.katalon.core.webui.keyword.WebUiBuiltInKeywords.verifyElementVisible(WebUiBuiltInKeywords.groovy:358)&#xD;
	at com.kms.katalon.core.webui.keyword.WebUiBuiltInKeywords$verifyElementVisible$3.call(Unknown Source)&#xD;
	at Create Multiple Environments and Login.run(Create Multiple Environments and Login:94)&#xD;
	at com.kms.katalon.core.main.ScriptEngine.run(ScriptEngine.java:194)&#xD;
	at com.kms.katalon.core.main.ScriptEngine.runScriptAsRawText(ScriptEngine.java:119)&#xD;
	at com.kms.katalon.core.main.TestCaseExecutor.runScript(TestCaseExecutor.java:337)&#xD;
	at com.kms.katalon.core.main.TestCaseExecutor.doExecute(TestCaseExecutor.java:328)&#xD;
	at com.kms.katalon.core.main.TestCaseExecutor.processExecutionPhase(TestCaseExecutor.java:307)&#xD;
	at com.kms.katalon.core.main.TestCaseExecutor.accessMainPhase(TestCaseExecutor.java:299)&#xD;
	at com.kms.katalon.core.main.TestCaseExecutor.execute(TestCaseExecutor.java:233)&#xD;
	at com.kms.katalon.core.main.TestCaseMain.runTestCase(TestCaseMain.java:114)&#xD;
	at com.kms.katalon.core.keyword.builtin.CallTestCaseKeyword$_callTestCase_closure1.doCall(CallTestCaseKeyword.groovy:59)&#xD;
	at com.kms.katalon.core.keyword.builtin.CallTestCaseKeyword$_callTestCase_closure1.call(CallTestCaseKeyword.groovy)&#xD;
	at com.kms.katalon.core.keyword.internal.KeywordMain.runKeyword(KeywordMain.groovy:68)&#xD;
	at com.kms.katalon.core.keyword.builtin.CallTestCaseKeyword.callTestCase(CallTestCaseKeyword.groovy:81)&#xD;
	at com.kms.katalon.core.keyword.builtin.CallTestCaseKeyword.execute(CallTestCaseKeyword.groovy:44)&#xD;
	at com.kms.katalon.core.keyword.internal.KeywordExecutor.executeKeywordForPlatform(KeywordExecutor.groovy:56)&#xD;
	at com.kms.katalon.core.keyword.BuiltinKeywords.callTestCase(BuiltinKeywords.groovy:334)&#xD;
	at All_Sysadmin_Testcases.run(All_Sysadmin_Testcases:25)&#xD;
	at com.kms.katalon.core.main.ScriptEngine.run(ScriptEngine.java:194)&#xD;
	at com.kms.katalon.core.main.ScriptEngine.runScriptAsRawText(ScriptEngine.java:119)&#xD;
	at com.kms.katalon.core.main.TestCaseExecutor.runScript(TestCaseExecutor.java:337)&#xD;
	at com.kms.katalon.core.main.TestCaseExecutor.doExecute(TestCaseExecutor.java:328)&#xD;
	at com.kms.katalon.core.main.TestCaseExecutor.processExecutionPhase(TestCaseExecutor.java:307)&#xD;
	at com.kms.katalon.core.main.TestCaseExecutor.accessMainPhase(TestCaseExecutor.java:299)&#xD;
	at com.kms.katalon.core.main.TestCaseExecutor.execute(TestCaseExecutor.java:233)&#xD;
	at com.kms.katalon.core.main.TestSuiteExecutor.accessTestCaseMainPhase(TestSuiteExecutor.java:133)&#xD;
	at com.kms.katalon.core.main.TestSuiteExecutor.accessTestSuiteMainPhase(TestSuiteExecutor.java:116)&#xD;
	at com.kms.katalon.core.main.TestSuiteExecutor.execute(TestSuiteExecutor.java:83)&#xD;
	at com.kms.katalon.core.main.TestCaseMain.startTestSuite(TestCaseMain.java:157)&#xD;
	at com.kms.katalon.core.main.TestCaseMain$startTestSuite$0.call(Unknown Source)&#xD;
	at TempTestSuite1563198510048.run(TempTestSuite1563198510048.groovy:35)&#xD;
)&#xD;
&#xD;
2019-07-15 16:49:00 - [MESSAGE][WARNING] - Object 'Object Repository/Sysadmin Portal/Environments Page/Error Message - Already exist' is NOT visible (Root cause: com.kms.katalon.core.exception.StepFailedException: Object 'Object Repository/Sysadmin Portal/Environments Page/Error Message - Already exist' is NOT visible&#xD;
	at com.kms.katalon.core.webui.keyword.internal.WebUIKeywordMain.stepFailed(WebUIKeywordMain.groovy:64)&#xD;
	at com.kms.katalon.core.webui.keyword.builtin.VerifyElementVisibleKeyword$_verifyElementVisible_closure1.doCall(VerifyElementVisibleKeyword.groovy:83)&#xD;
	at com.kms.katalon.core.webui.keyword.builtin.VerifyElementVisibleKeyword$_verifyElementVisible_closure1.call(VerifyElementVisibleKeyword.groovy)&#xD;
	at com.kms.katalon.core.webui.keyword.internal.WebUIKeywordMain.runKeyword(WebUIKeywordMain.groovy:20)&#xD;
	at com.kms.katalon.core.webui.keyword.builtin.VerifyElementVisibleKeyword.verifyElementVisible(VerifyElementVisibleKeyword.groovy:97)&#xD;
	at com.kms.katalon.core.webui.keyword.builtin.VerifyElementVisibleKeyword.execute(VerifyElementVisibleKeyword.groovy:67)&#xD;
	at com.kms.katalon.core.keyword.internal.KeywordExecutor.executeKeywordForPlatform(KeywordExecutor.groovy:56)&#xD;
	at com.kms.katalon.core.webui.keyword.WebUiBuiltInKeywords.verifyElementVisible(WebUiBuiltInKeywords.groovy:358)&#xD;
	at com.kms.katalon.core.webui.keyword.WebUiBuiltInKeywords$verifyElementVisible$3.call(Unknown Source)&#xD;
	at Create Multiple Environments and Login.run(Create Multiple Environments and Login:94)&#xD;
	at com.kms.katalon.core.main.ScriptEngine.run(ScriptEngine.java:194)&#xD;
	at com.kms.katalon.core.main.ScriptEngine.runScriptAsRawText(ScriptEngine.java:119)&#xD;
	at com.kms.katalon.core.main.TestCaseExecutor.runScript(TestCaseExecutor.java:337)&#xD;
	at com.kms.katalon.core.main.TestCaseExecutor.doExecute(TestCaseExecutor.java:328)&#xD;
	at com.kms.katalon.core.main.TestCaseExecutor.processExecutionPhase(TestCaseExecutor.java:307)&#xD;
	at com.kms.katalon.core.main.TestCaseExecutor.accessMainPhase(TestCaseExecutor.java:299)&#xD;
	at com.kms.katalon.core.main.TestCaseExecutor.execute(TestCaseExecutor.java:233)&#xD;
	at com.kms.katalon.core.main.TestCaseMain.runTestCase(TestCaseMain.java:114)&#xD;
	at com.kms.katalon.core.keyword.builtin.CallTestCaseKeyword$_callTestCase_closure1.doCall(CallTestCaseKeyword.groovy:59)&#xD;
	at com.kms.katalon.core.keyword.builtin.CallTestCaseKeyword$_callTestCase_closure1.call(CallTestCaseKeyword.groovy)&#xD;
	at com.kms.katalon.core.keyword.internal.KeywordMain.runKeyword(KeywordMain.groovy:68)&#xD;
	at com.kms.katalon.core.keyword.builtin.CallTestCaseKeyword.callTestCase(CallTestCaseKeyword.groovy:81)&#xD;
	at com.kms.katalon.core.keyword.builtin.CallTestCaseKeyword.execute(CallTestCaseKeyword.groovy:44)&#xD;
	at com.kms.katalon.core.keyword.internal.KeywordExecutor.executeKeywordForPlatform(KeywordExecutor.groovy:56)&#xD;
	at com.kms.katalon.core.keyword.BuiltinKeywords.callTestCase(BuiltinKeywords.groovy:334)&#xD;
	at All_Sysadmin_Testcases.run(All_Sysadmin_Testcases:25)&#xD;
	at com.kms.katalon.core.main.ScriptEngine.run(ScriptEngine.java:194)&#xD;
	at com.kms.katalon.core.main.ScriptEngine.runScriptAsRawText(ScriptEngine.java:119)&#xD;
	at com.kms.katalon.core.main.TestCaseExecutor.runScript(TestCaseExecutor.java:337)&#xD;
	at com.kms.katalon.core.main.TestCaseExecutor.doExecute(TestCaseExecutor.java:328)&#xD;
	at com.kms.katalon.core.main.TestCaseExecutor.processExecutionPhase(TestCaseExecutor.java:307)&#xD;
	at com.kms.katalon.core.main.TestCaseExecutor.accessMainPhase(TestCaseExecutor.java:299)&#xD;
	at com.kms.katalon.core.main.TestCaseExecutor.execute(TestCaseExecutor.java:233)&#xD;
	at com.kms.katalon.core.main.TestSuiteExecutor.accessTestCaseMainPhase(TestSuiteExecutor.java:133)&#xD;
	at com.kms.katalon.core.main.TestSuiteExecutor.accessTestSuiteMainPhase(TestSuiteExecutor.java:116)&#xD;
	at com.kms.katalon.core.main.TestSuiteExecutor.execute(TestSuiteExecutor.java:83)&#xD;
	at com.kms.katalon.core.main.TestCaseMain.startTestSuite(TestCaseMain.java:157)&#xD;
	at com.kms.katalon.core.main.TestCaseMain$startTestSuite$0.call(Unknown Source)&#xD;
	at TempTestSuite1563198510048.run(TempTestSuite1563198510048.groovy:35)&#xD;
)&#xD;
[[ATTACHMENT|C:\\Katalon Projects\\Nido_Patch3\\Reports\\Sanity1\\20190715_164830\\1563198539975.png]]&#xD;
&#xD;
2019-07-15 16:49:00 - [TEST_STEP][PASSED] - else: Object: 'Object Repository/Sysadmin Portal/Environments Page/Ok button_Edit Environment' is clicked on&#xD;
&#xD;
2019-07-15 16:49:00 - [TEST_STEP][PASSED] - click(findTestObject("Sysadmin Portal/Environments Page/Ok button_Edit Environment"), CONTINUE_ON_FAILURE): Object: 'Object Repository/Sysadmin Portal/Environments Page/Ok button_Edit Environment' is clicked on&#xD;
&#xD;
2019-07-15 16:49:00 - [MESSAGE][PASSED] - Object: 'Object Repository/Sysadmin Portal/Environments Page/Ok button_Edit Environment' is clicked on&#xD;
&#xD;
2019-07-15 16:49:00 - [TEST_STEP][PASSED] - delay(4, CONTINUE_ON_FAILURE): Delayed 4 second(s)&#xD;
&#xD;
2019-07-15 16:49:04 - [MESSAGE][PASSED] - Delayed 4 second(s)&#xD;
&#xD;
2019-07-15 16:49:04 - [TEST_STEP][PASSED] - waitForElementVisible(findTestObject("Sysadmin Portal/Environments Page/button_New Environment"), 5, CONTINUE_ON_FAILURE): Object 'Object Repository/Sysadmin Portal/Environments Page/button_New Environment' is visible&#xD;
&#xD;
2019-07-15 16:49:04 - [MESSAGE][PASSED] - Object 'Object Repository/Sysadmin Portal/Environments Page/button_New Environment' is visible&#xD;
&#xD;
2019-07-15 16:49:04 - [TEST_STEP][PASSED] - click(findTestObject("Sysadmin Portal/Environments Page/button_New Environment"), CONTINUE_ON_FAILURE): Object: 'Object Repository/Sysadmin Portal/Environments Page/button_New Environment' is clicked on&#xD;
&#xD;
2019-07-15 16:49:04 - [MESSAGE][PASSED] - Object: 'Object Repository/Sysadmin Portal/Environments Page/button_New Environment' is clicked on&#xD;
&#xD;
2019-07-15 16:49:04 - [TEST_STEP][PASSED] - waitForElementVisible(findTestObject("Sysadmin Portal/Environments Page/input_environmentName"), 5, CONTINUE_ON_FAILURE): Object 'Object Repository/Sysadmin Portal/Environments Page/input_environmentName' is visible&#xD;
&#xD;
2019-07-15 16:49:05 - [MESSAGE][PASSED] - Object 'Object Repository/Sysadmin Portal/Environments Page/input_environmentName' is visible&#xD;
&#xD;
2019-07-15 16:49:05 - [TEST_STEP][PASSED] - setText(findTestObject("Sysadmin Portal/Environments Page/input_environmentName"), Custom_Env, CONTINUE_ON_FAILURE): Text '3_Custom_Env' is set on object 'Object Repository/Sysadmin Portal/Environments Page/input_environmentName'&#xD;
&#xD;
2019-07-15 16:49:05 - [MESSAGE][PASSED] - Text '3_Custom_Env' is set on object 'Object Repository/Sysadmin Portal/Environments Page/input_environmentName'&#xD;
&#xD;
2019-07-15 16:49:05 - [TEST_STEP][PASSED] - setText(findTestObject("Sysadmin Portal/Environments Page/input_administratorName"), Username_Admin, CONTINUE_ON_FAILURE): Text 'Ere' is set on object 'Object Repository/Sysadmin Portal/Environments Page/input_administratorName'&#xD;
&#xD;
2019-07-15 16:49:05 - [MESSAGE][PASSED] - Text 'Ere' is set on object 'Object Repository/Sysadmin Portal/Environments Page/input_administratorName'&#xD;
&#xD;
2019-07-15 16:49:05 - [TEST_STEP][PASSED] - uncheck(findTestObject("Main Login Page/checkbox_GeneratePassworf")): Object 'Object Repository/Main Login Page/checkbox_GeneratePassworf' is un-checked&#xD;
&#xD;
2019-07-15 16:49:05 - [MESSAGE][PASSED] - Object 'Object Repository/Main Login Page/checkbox_GeneratePassworf' is un-checked&#xD;
&#xD;
2019-07-15 16:49:05 - [TEST_STEP][PASSED] - setText(findTestObject("Sysadmin Portal/Environments Page/input_administratorPassword"), Password_Admin, CONTINUE_ON_FAILURE): Text 'ere123' is set on object 'Object Repository/Sysadmin Portal/Environments Page/input_administratorPassword'&#xD;
&#xD;
2019-07-15 16:49:05 - [MESSAGE][PASSED] - Text 'ere123' is set on object 'Object Repository/Sysadmin Portal/Environments Page/input_administratorPassword'&#xD;
&#xD;
2019-07-15 16:49:05 - [TEST_STEP][PASSED] - setText(findTestObject("Sysadmin Portal/Environments Page/input_confirmAdministratorPass"), Password_Admin, CONTINUE_ON_FAILURE): Text 'ere123' is set on object 'Object Repository/Sysadmin Portal/Environments Page/input_confirmAdministratorPass'&#xD;
&#xD;
2019-07-15 16:49:05 - [MESSAGE][PASSED] - Text 'ere123' is set on object 'Object Repository/Sysadmin Portal/Environments Page/input_confirmAdministratorPass'&#xD;
&#xD;
2019-07-15 16:49:05 - [TEST_STEP][PASSED] - setText(findTestObject("Sysadmin Portal/Environments Page/input_administratorEmail"), Email_Admin, CONTINUE_ON_FAILURE): Text 'bogdan.eremia@ecrion.com' is set on object 'Object Repository/Sysadmin Portal/Environments Page/input_administratorEmail'&#xD;
&#xD;
2019-07-15 16:49:05 - [MESSAGE][PASSED] - Text 'bogdan.eremia@ecrion.com' is set on object 'Object Repository/Sysadmin Portal/Environments Page/input_administratorEmail'&#xD;
&#xD;
2019-07-15 16:49:05 - [TEST_STEP][PASSED] - click(findTestObject("Sysadmin Portal/Environments Page/createNewEnv_button"), CONTINUE_ON_FAILURE): Object: 'Object Repository/Sysadmin Portal/Environments Page/createNewEnv_button' is clicked on&#xD;
&#xD;
2019-07-15 16:49:05 - [MESSAGE][PASSED] - Object: 'Object Repository/Sysadmin Portal/Environments Page/createNewEnv_button' is clicked on&#xD;
&#xD;
2019-07-15 16:49:05 - [TEST_STEP][PASSED] - waitForElementVisible(findTestObject("Sysadmin Portal/Environments Page/createNewEnv_button"), 10): Object 'Object Repository/Sysadmin Portal/Environments Page/createNewEnv_button' is visible&#xD;
&#xD;
2019-07-15 16:49:05 - [MESSAGE][PASSED] - Object 'Object Repository/Sysadmin Portal/Environments Page/createNewEnv_button' is visible&#xD;
&#xD;
2019-07-15 16:49:05 - [TEST_STEP][PASSED] - delay(3, CONTINUE_ON_FAILURE): Delayed 3 second(s)&#xD;
&#xD;
2019-07-15 16:49:08 - [MESSAGE][PASSED] - Delayed 3 second(s)&#xD;
&#xD;
2019-07-15 16:49:08 - [TEST_STEP][PASSED] - if (verifyElementVisible(findTestObject("Object Repository/Sysadmin Portal/Environments Page/Error Message - Already exist"), OPTIONAL)): Object 'Object Repository/Sysadmin Portal/Environments Page/Error Message - Already exist' is NOT visible (Root cause: com.kms.katalon.core.exception.StepFailedException: Object 'Object Repository/Sysadmin Portal/Environments Page/Error Message - Already exist' is NOT visible&#xD;
	at com.kms.katalon.core.webui.keyword.internal.WebUIKeywordMain.stepFailed(WebUIKeywordMain.groovy:64)&#xD;
	at com.kms.katalon.core.webui.keyword.builtin.VerifyElementVisibleKeyword$_verifyElementVisible_closure1.doCall(VerifyElementVisibleKeyword.groovy:83)&#xD;
	at com.kms.katalon.core.webui.keyword.builtin.VerifyElementVisibleKeyword$_verifyElementVisible_closure1.call(VerifyElementVisibleKeyword.groovy)&#xD;
	at com.kms.katalon.core.webui.keyword.internal.WebUIKeywordMain.runKeyword(WebUIKeywordMain.groovy:20)&#xD;
	at com.kms.katalon.core.webui.keyword.builtin.VerifyElementVisibleKeyword.verifyElementVisible(VerifyElementVisibleKeyword.groovy:97)&#xD;
	at com.kms.katalon.core.webui.keyword.builtin.VerifyElementVisibleKeyword.execute(VerifyElementVisibleKeyword.groovy:67)&#xD;
	at com.kms.katalon.core.keyword.internal.KeywordExecutor.executeKeywordForPlatform(KeywordExecutor.groovy:56)&#xD;
	at com.kms.katalon.core.webui.keyword.WebUiBuiltInKeywords.verifyElementVisible(WebUiBuiltInKeywords.groovy:358)&#xD;
	at com.kms.katalon.core.webui.keyword.WebUiBuiltInKeywords$verifyElementVisible$3.call(Unknown Source)&#xD;
	at Create Multiple Environments and Login.run(Create Multiple Environments and Login:132)&#xD;
	at com.kms.katalon.core.main.ScriptEngine.run(ScriptEngine.java:194)&#xD;
	at com.kms.katalon.core.main.ScriptEngine.runScriptAsRawText(ScriptEngine.java:119)&#xD;
	at com.kms.katalon.core.main.TestCaseExecutor.runScript(TestCaseExecutor.java:337)&#xD;
	at com.kms.katalon.core.main.TestCaseExecutor.doExecute(TestCaseExecutor.java:328)&#xD;
	at com.kms.katalon.core.main.TestCaseExecutor.processExecutionPhase(TestCaseExecutor.java:307)&#xD;
	at com.kms.katalon.core.main.TestCaseExecutor.accessMainPhase(TestCaseExecutor.java:299)&#xD;
	at com.kms.katalon.core.main.TestCaseExecutor.execute(TestCaseExecutor.java:233)&#xD;
	at com.kms.katalon.core.main.TestCaseMain.runTestCase(TestCaseMain.java:114)&#xD;
	at com.kms.katalon.core.keyword.builtin.CallTestCaseKeyword$_callTestCase_closure1.doCall(CallTestCaseKeyword.groovy:59)&#xD;
	at com.kms.katalon.core.keyword.builtin.CallTestCaseKeyword$_callTestCase_closure1.call(CallTestCaseKeyword.groovy)&#xD;
	at com.kms.katalon.core.keyword.internal.KeywordMain.runKeyword(KeywordMain.groovy:68)&#xD;
	at com.kms.katalon.core.keyword.builtin.CallTestCaseKeyword.callTestCase(CallTestCaseKeyword.groovy:81)&#xD;
	at com.kms.katalon.core.keyword.builtin.CallTestCaseKeyword.execute(CallTestCaseKeyword.groovy:44)&#xD;
	at com.kms.katalon.core.keyword.internal.KeywordExecutor.executeKeywordForPlatform(KeywordExecutor.groovy:56)&#xD;
	at com.kms.katalon.core.keyword.BuiltinKeywords.callTestCase(BuiltinKeywords.groovy:334)&#xD;
	at All_Sysadmin_Testcases.run(All_Sysadmin_Testcases:25)&#xD;
	at com.kms.katalon.core.main.ScriptEngine.run(ScriptEngine.java:194)&#xD;
	at com.kms.katalon.core.main.ScriptEngine.runScriptAsRawText(ScriptEngine.java:119)&#xD;
	at com.kms.katalon.core.main.TestCaseExecutor.runScript(TestCaseExecutor.java:337)&#xD;
	at com.kms.katalon.core.main.TestCaseExecutor.doExecute(TestCaseExecutor.java:328)&#xD;
	at com.kms.katalon.core.main.TestCaseExecutor.processExecutionPhase(TestCaseExecutor.java:307)&#xD;
	at com.kms.katalon.core.main.TestCaseExecutor.accessMainPhase(TestCaseExecutor.java:299)&#xD;
	at com.kms.katalon.core.main.TestCaseExecutor.execute(TestCaseExecutor.java:233)&#xD;
	at com.kms.katalon.core.main.TestSuiteExecutor.accessTestCaseMainPhase(TestSuiteExecutor.java:133)&#xD;
	at com.kms.katalon.core.main.TestSuiteExecutor.accessTestSuiteMainPhase(TestSuiteExecutor.java:116)&#xD;
	at com.kms.katalon.core.main.TestSuiteExecutor.execute(TestSuiteExecutor.java:83)&#xD;
	at com.kms.katalon.core.main.TestCaseMain.startTestSuite(TestCaseMain.java:157)&#xD;
	at com.kms.katalon.core.main.TestCaseMain$startTestSuite$0.call(Unknown Source)&#xD;
	at TempTestSuite1563198510048.run(TempTestSuite1563198510048.groovy:35)&#xD;
)&#xD;
&#xD;
2019-07-15 16:49:09 - [MESSAGE][WARNING] - Object 'Object Repository/Sysadmin Portal/Environments Page/Error Message - Already exist' is NOT visible (Root cause: com.kms.katalon.core.exception.StepFailedException: Object 'Object Repository/Sysadmin Portal/Environments Page/Error Message - Already exist' is NOT visible&#xD;
	at com.kms.katalon.core.webui.keyword.internal.WebUIKeywordMain.stepFailed(WebUIKeywordMain.groovy:64)&#xD;
	at com.kms.katalon.core.webui.keyword.builtin.VerifyElementVisibleKeyword$_verifyElementVisible_closure1.doCall(VerifyElementVisibleKeyword.groovy:83)&#xD;
	at com.kms.katalon.core.webui.keyword.builtin.VerifyElementVisibleKeyword$_verifyElementVisible_closure1.call(VerifyElementVisibleKeyword.groovy)&#xD;
	at com.kms.katalon.core.webui.keyword.internal.WebUIKeywordMain.runKeyword(WebUIKeywordMain.groovy:20)&#xD;
	at com.kms.katalon.core.webui.keyword.builtin.VerifyElementVisibleKeyword.verifyElementVisible(VerifyElementVisibleKeyword.groovy:97)&#xD;
	at com.kms.katalon.core.webui.keyword.builtin.VerifyElementVisibleKeyword.execute(VerifyElementVisibleKeyword.groovy:67)&#xD;
	at com.kms.katalon.core.keyword.internal.KeywordExecutor.executeKeywordForPlatform(KeywordExecutor.groovy:56)&#xD;
	at com.kms.katalon.core.webui.keyword.WebUiBuiltInKeywords.verifyElementVisible(WebUiBuiltInKeywords.groovy:358)&#xD;
	at com.kms.katalon.core.webui.keyword.WebUiBuiltInKeywords$verifyElementVisible$3.call(Unknown Source)&#xD;
	at Create Multiple Environments and Login.run(Create Multiple Environments and Login:132)&#xD;
	at com.kms.katalon.core.main.ScriptEngine.run(ScriptEngine.java:194)&#xD;
	at com.kms.katalon.core.main.ScriptEngine.runScriptAsRawText(ScriptEngine.java:119)&#xD;
	at com.kms.katalon.core.main.TestCaseExecutor.runScript(TestCaseExecutor.java:337)&#xD;
	at com.kms.katalon.core.main.TestCaseExecutor.doExecute(TestCaseExecutor.java:328)&#xD;
	at com.kms.katalon.core.main.TestCaseExecutor.processExecutionPhase(TestCaseExecutor.java:307)&#xD;
	at com.kms.katalon.core.main.TestCaseExecutor.accessMainPhase(TestCaseExecutor.java:299)&#xD;
	at com.kms.katalon.core.main.TestCaseExecutor.execute(TestCaseExecutor.java:233)&#xD;
	at com.kms.katalon.core.main.TestCaseMain.runTestCase(TestCaseMain.java:114)&#xD;
	at com.kms.katalon.core.keyword.builtin.CallTestCaseKeyword$_callTestCase_closure1.doCall(CallTestCaseKeyword.groovy:59)&#xD;
	at com.kms.katalon.core.keyword.builtin.CallTestCaseKeyword$_callTestCase_closure1.call(CallTestCaseKeyword.groovy)&#xD;
	at com.kms.katalon.core.keyword.internal.KeywordMain.runKeyword(KeywordMain.groovy:68)&#xD;
	at com.kms.katalon.core.keyword.builtin.CallTestCaseKeyword.callTestCase(CallTestCaseKeyword.groovy:81)&#xD;
	at com.kms.katalon.core.keyword.builtin.CallTestCaseKeyword.execute(CallTestCaseKeyword.groovy:44)&#xD;
	at com.kms.katalon.core.keyword.internal.KeywordExecutor.executeKeywordForPlatform(KeywordExecutor.groovy:56)&#xD;
	at com.kms.katalon.core.keyword.BuiltinKeywords.callTestCase(BuiltinKeywords.groovy:334)&#xD;
	at All_Sysadmin_Testcases.run(All_Sysadmin_Testcases:25)&#xD;
	at com.kms.katalon.core.main.ScriptEngine.run(ScriptEngine.java:194)&#xD;
	at com.kms.katalon.core.main.ScriptEngine.runScriptAsRawText(ScriptEngine.java:119)&#xD;
	at com.kms.katalon.core.main.TestCaseExecutor.runScript(TestCaseExecutor.java:337)&#xD;
	at com.kms.katalon.core.main.TestCaseExecutor.doExecute(TestCaseExecutor.java:328)&#xD;
	at com.kms.katalon.core.main.TestCaseExecutor.processExecutionPhase(TestCaseExecutor.java:307)&#xD;
	at com.kms.katalon.core.main.TestCaseExecutor.accessMainPhase(TestCaseExecutor.java:299)&#xD;
	at com.kms.katalon.core.main.TestCaseExecutor.execute(TestCaseExecutor.java:233)&#xD;
	at com.kms.katalon.core.main.TestSuiteExecutor.accessTestCaseMainPhase(TestSuiteExecutor.java:133)&#xD;
	at com.kms.katalon.core.main.TestSuiteExecutor.accessTestSuiteMainPhase(TestSuiteExecutor.java:116)&#xD;
	at com.kms.katalon.core.main.TestSuiteExecutor.execute(TestSuiteExecutor.java:83)&#xD;
	at com.kms.katalon.core.main.TestCaseMain.startTestSuite(TestCaseMain.java:157)&#xD;
	at com.kms.katalon.core.main.TestCaseMain$startTestSuite$0.call(Unknown Source)&#xD;
	at TempTestSuite1563198510048.run(TempTestSuite1563198510048.groovy:35)&#xD;
)&#xD;
[[ATTACHMENT|C:\\Katalon Projects\\Nido_Patch3\\Reports\\Sanity1\\20190715_164830\\1563198548855.png]]&#xD;
&#xD;
2019-07-15 16:49:09 - [TEST_STEP][PASSED] - else: Object: 'Object Repository/Sysadmin Portal/Environments Page/Ok button_Edit Environment' is clicked on&#xD;
&#xD;
2019-07-15 16:49:09 - [TEST_STEP][PASSED] - click(findTestObject("Sysadmin Portal/Environments Page/Ok button_Edit Environment"), CONTINUE_ON_FAILURE): Object: 'Object Repository/Sysadmin Portal/Environments Page/Ok button_Edit Environment' is clicked on&#xD;
&#xD;
2019-07-15 16:49:09 - [MESSAGE][PASSED] - Object: 'Object Repository/Sysadmin Portal/Environments Page/Ok button_Edit Environment' is clicked on&#xD;
&#xD;
2019-07-15 16:49:09 - [MESSAGE][PASSED] - Call Test Case 'Test Cases/Main Login Page/Create Multiple Environments and Login' successfully&#xD;
&#xD;
2019-07-15 16:49:09 - [TEST_STEP][PASSED] - delay(3, CONTINUE_ON_FAILURE): Delayed 3 second(s)&#xD;
&#xD;
2019-07-15 16:49:12 - [MESSAGE][PASSED] - Delayed 3 second(s)&#xD;
&#xD;
2019-07-15 16:49:12 - [TEST_STEP][PASSED] - callTestCase(findTestCase("Sysadmin Portal/Set_Different_Features"), ["EnvName":"QaTest", "Username":"Ere"], CONTINUE_ON_FAILURE): Call Test Case 'Test Cases/Sysadmin Portal/Set_Different_Features' successfully&#xD;
&#xD;
2019-07-15 16:49:12 - [TEST_CASE][PASSED] - Test Cases/Sysadmin Portal/Set_Different_Features: Test Cases/Sysadmin Portal/Set_Different_Features&#xD;
&#xD;
2019-07-15 16:49:12 - [TEST_STEP][NOT_RUN] - callTestCase(findTestCase("Sysadmin Login Page/login_Simple"), [:], STOP_ON_FAILURE): NOT_RUN: callTestCase(findTestCase("Sysadmin Login Page/login_Simple"), [:], STOP_ON_FAILURE)&#xD;
&#xD;
2019-07-15 16:49:12 - [MESSAGE][NOT_RUN] - NOT_RUN: callTestCase(findTestCase("Sysadmin Login Page/login_Simple"), [:], STOP_ON_FAILURE)&#xD;
&#xD;
2019-07-15 16:49:12 - [TEST_STEP][NOT_RUN] - click(findTestObject("Sysadmin Portal/a_Environments"), CONTINUE_ON_FAILURE): NOT_RUN: click(findTestObject("Sysadmin Portal/a_Environments"), CONTINUE_ON_FAILURE)&#xD;
&#xD;
2019-07-15 16:49:12 - [MESSAGE][NOT_RUN] - NOT_RUN: click(findTestObject("Sysadmin Portal/a_Environments"), CONTINUE_ON_FAILURE)&#xD;
&#xD;
2019-07-15 16:49:12 - [TEST_STEP][PASSED] - click(findTestObject("Sysadmin Portal/Environments Page/select_1_Develop_Env"), STOP_ON_FAILURE): Object: 'Object Repository/Sysadmin Portal/Environments Page/select_1_Develop_Env' is clicked on&#xD;
&#xD;
2019-07-15 16:49:12 - [MESSAGE][PASSED] - Object: 'Object Repository/Sysadmin Portal/Environments Page/select_1_Develop_Env' is clicked on&#xD;
&#xD;
2019-07-15 16:49:12 - [TEST_STEP][PASSED] - delay(1, STOP_ON_FAILURE): Delayed 1 second(s)&#xD;
&#xD;
2019-07-15 16:49:13 - [MESSAGE][PASSED] - Delayed 1 second(s)&#xD;
&#xD;
2019-07-15 16:49:13 - [TEST_STEP][PASSED] - selectOptionByValue(findTestObject("Page_Environments - EOS/select_FeatureSet"), "eossi", true): All options with value 'eossi' are selected in object 'Object Repository/Page_Environments - EOS/select_FeatureSet'  using regular expression&#xD;
&#xD;
2019-07-15 16:49:13 - [MESSAGE][PASSED] - All options with value 'eossi' are selected in object 'Object Repository/Page_Environments - EOS/select_FeatureSet'  using regular expression&#xD;
&#xD;
2019-07-15 16:49:13 - [TEST_STEP][PASSED] - delay(1, STOP_ON_FAILURE): Delayed 1 second(s)&#xD;
&#xD;
2019-07-15 16:49:14 - [MESSAGE][PASSED] - Delayed 1 second(s)&#xD;
&#xD;
2019-07-15 16:49:14 - [TEST_STEP][PASSED] - click(findTestObject("Sysadmin Portal/Environments Page/Page_Environments - ConfigSearch/button_Ok"), STOP_ON_FAILURE): Object: 'Object Repository/Sysadmin Portal/Environments Page/Page_Environments - ConfigSearch/button_Ok' is clicked on&#xD;
&#xD;
2019-07-15 16:49:14 - [MESSAGE][PASSED] - Object: 'Object Repository/Sysadmin Portal/Environments Page/Page_Environments - ConfigSearch/button_Ok' is clicked on&#xD;
&#xD;
2019-07-15 16:49:14 - [TEST_STEP][PASSED] - delay(1, STOP_ON_FAILURE): Delayed 1 second(s)&#xD;
&#xD;
2019-07-15 16:49:15 - [MESSAGE][PASSED] - Delayed 1 second(s)&#xD;
&#xD;
2019-07-15 16:49:15 - [TEST_STEP][NOT_RUN] - click(findTestObject("Sysadmin Portal/Environments Page/select_2_Experience_Env"), STOP_ON_FAILURE): NOT_RUN: click(findTestObject("Sysadmin Portal/Environments Page/select_2_Experience_Env"), STOP_ON_FAILURE)&#xD;
&#xD;
2019-07-15 16:49:15 - [MESSAGE][NOT_RUN] - NOT_RUN: click(findTestObject("Sysadmin Portal/Environments Page/select_2_Experience_Env"), STOP_ON_FAILURE)&#xD;
&#xD;
2019-07-15 16:49:15 - [TEST_STEP][NOT_RUN] - delay(1, STOP_ON_FAILURE): NOT_RUN: delay(1, STOP_ON_FAILURE)&#xD;
&#xD;
2019-07-15 16:49:15 - [MESSAGE][NOT_RUN] - NOT_RUN: delay(1, STOP_ON_FAILURE)&#xD;
&#xD;
2019-07-15 16:49:15 - [TEST_STEP][NOT_RUN] - selectOptionByValue(findTestObject("Page_Environments - EOS/select_FeatureSet"), "eoscem", true): NOT_RUN: selectOptionByValue(findTestObject("Page_Environments - EOS/select_FeatureSet"), "eoscem", true)&#xD;
&#xD;
2019-07-15 16:49:15 - [MESSAGE][NOT_RUN] - NOT_RUN: selectOptionByValue(findTestObject("Page_Environments - EOS/select_FeatureSet"), "eoscem", true)&#xD;
&#xD;
2019-07-15 16:49:15 - [TEST_STEP][NOT_RUN] - delay(1, STOP_ON_FAILURE): NOT_RUN: delay(1, STOP_ON_FAILURE)&#xD;
&#xD;
2019-07-15 16:49:15 - [MESSAGE][NOT_RUN] - NOT_RUN: delay(1, STOP_ON_FAILURE)&#xD;
&#xD;
2019-07-15 16:49:15 - [TEST_STEP][NOT_RUN] - click(findTestObject("Sysadmin Portal/Environments Page/Page_Environments - ConfigSearch/button_Ok"), STOP_ON_FAILURE): NOT_RUN: click(findTestObject("Sysadmin Portal/Environments Page/Page_Environments - ConfigSearch/button_Ok"), STOP_ON_FAILURE)&#xD;
&#xD;
2019-07-15 16:49:15 - [MESSAGE][NOT_RUN] - NOT_RUN: click(findTestObject("Sysadmin Portal/Environments Page/Page_Environments - ConfigSearch/button_Ok"), STOP_ON_FAILURE)&#xD;
&#xD;
2019-07-15 16:49:15 - [TEST_STEP][NOT_RUN] - delay(1, STOP_ON_FAILURE): NOT_RUN: delay(1, STOP_ON_FAILURE)&#xD;
&#xD;
2019-07-15 16:49:15 - [MESSAGE][NOT_RUN] - NOT_RUN: delay(1, STOP_ON_FAILURE)&#xD;
&#xD;
2019-07-15 16:49:15 - [TEST_STEP][PASSED] - click(findTestObject("Sysadmin Portal/Environments Page/select_3_Custom_Env"), STOP_ON_FAILURE): Object: 'Object Repository/Sysadmin Portal/Environments Page/select_3_Custom_Env' is clicked on&#xD;
&#xD;
2019-07-15 16:49:15 - [MESSAGE][PASSED] - Object: 'Object Repository/Sysadmin Portal/Environments Page/select_3_Custom_Env' is clicked on&#xD;
&#xD;
2019-07-15 16:49:15 - [TEST_STEP][PASSED] - delay(1, STOP_ON_FAILURE): Delayed 1 second(s)&#xD;
&#xD;
2019-07-15 16:49:16 - [MESSAGE][PASSED] - Delayed 1 second(s)&#xD;
&#xD;
2019-07-15 16:49:16 - [TEST_STEP][PASSED] - selectOptionByValue(findTestObject("Page_Environments - EOS/select_FeatureSet"), "eoscustom", true): All options with value 'eoscustom' are selected in object 'Object Repository/Page_Environments - EOS/select_FeatureSet'  using regular expression&#xD;
&#xD;
2019-07-15 16:49:16 - [MESSAGE][PASSED] - All options with value 'eoscustom' are selected in object 'Object Repository/Page_Environments - EOS/select_FeatureSet'  using regular expression&#xD;
&#xD;
2019-07-15 16:49:16 - [TEST_STEP][PASSED] - delay(1, STOP_ON_FAILURE): Delayed 1 second(s)&#xD;
&#xD;
2019-07-15 16:49:17 - [MESSAGE][PASSED] - Delayed 1 second(s)&#xD;
&#xD;
2019-07-15 16:49:17 - [TEST_STEP][PASSED] - click(findTestObject("Sysadmin Portal/Environments Page/Page_Environments - ConfigSearch/button_Ok"), STOP_ON_FAILURE): Object: 'Object Repository/Sysadmin Portal/Environments Page/Page_Environments - ConfigSearch/button_Ok' is clicked on&#xD;
&#xD;
2019-07-15 16:49:18 - [MESSAGE][PASSED] - Object: 'Object Repository/Sysadmin Portal/Environments Page/Page_Environments - ConfigSearch/button_Ok' is clicked on&#xD;
&#xD;
2019-07-15 16:49:18 - [TEST_STEP][PASSED] - delay(1, STOP_ON_FAILURE): Delayed 1 second(s)&#xD;
&#xD;
2019-07-15 16:49:19 - [MESSAGE][PASSED] - Delayed 1 second(s)&#xD;
&#xD;
2019-07-15 16:49:19 - [TEST_STEP][PASSED] - refresh(): Refresh successfully&#xD;
&#xD;
2019-07-15 16:49:19 - [MESSAGE][PASSED] - Refresh successfully&#xD;
&#xD;
2019-07-15 16:49:19 - [MESSAGE][PASSED] - Call Test Case 'Test Cases/Sysadmin Portal/Set_Different_Features' successfully&#xD;
&#xD;
2019-07-15 16:49:19 - [TEST_STEP][PASSED] - delay(3, CONTINUE_ON_FAILURE): Delayed 3 second(s)&#xD;
&#xD;
2019-07-15 16:49:22 - [MESSAGE][PASSED] - Delayed 3 second(s)&#xD;
&#xD;
2019-07-15 16:49:22 - [TEST_STEP][PASSED] - callTestCase(findTestCase("Sysadmin Portal/Set_NoOfThreads"), ["EnvName":"QaTest", "Username":"Ere"], CONTINUE_ON_FAILURE): Call Test Case 'Test Cases/Sysadmin Portal/Set_NoOfThreads' successfully&#xD;
&#xD;
2019-07-15 16:49:22 - [TEST_CASE][PASSED] - Test Cases/Sysadmin Portal/Set_NoOfThreads: Test Cases/Sysadmin Portal/Set_NoOfThreads&#xD;
&#xD;
2019-07-15 16:49:22 - [TEST_STEP][NOT_RUN] - callTestCase(findTestCase("Sysadmin Login Page/login_Simple"), [:], STOP_ON_FAILURE): NOT_RUN: callTestCase(findTestCase("Sysadmin Login Page/login_Simple"), [:], STOP_ON_FAILURE)&#xD;
&#xD;
2019-07-15 16:49:22 - [MESSAGE][NOT_RUN] - NOT_RUN: callTestCase(findTestCase("Sysadmin Login Page/login_Simple"), [:], STOP_ON_FAILURE)&#xD;
&#xD;
2019-07-15 16:49:22 - [TEST_STEP][NOT_RUN] - click(findTestObject("Sysadmin Portal/a_Environments"), CONTINUE_ON_FAILURE): NOT_RUN: click(findTestObject("Sysadmin Portal/a_Environments"), CONTINUE_ON_FAILURE)&#xD;
&#xD;
2019-07-15 16:49:22 - [MESSAGE][NOT_RUN] - NOT_RUN: click(findTestObject("Sysadmin Portal/a_Environments"), CONTINUE_ON_FAILURE)&#xD;
&#xD;
2019-07-15 16:49:22 - [TEST_STEP][PASSED] - click(findTestObject("Sysadmin Portal/Environments Page/select_2_Experience_Env"), STOP_ON_FAILURE): Object: 'Object Repository/Sysadmin Portal/Environments Page/select_2_Experience_Env' is clicked on&#xD;
&#xD;
2019-07-15 16:49:22 - [MESSAGE][PASSED] - Object: 'Object Repository/Sysadmin Portal/Environments Page/select_2_Experience_Env' is clicked on&#xD;
&#xD;
2019-07-15 16:49:22 - [TEST_STEP][PASSED] - delay(1, STOP_ON_FAILURE): Delayed 1 second(s)&#xD;
&#xD;
2019-07-15 16:49:23 - [MESSAGE][PASSED] - Delayed 1 second(s)&#xD;
&#xD;
2019-07-15 16:49:23 - [TEST_STEP][PASSED] - click(findTestObject("Object Repository/Page_Environments - EOS/Page_Environments - EOS/a_Resources")): Object: 'Object Repository/Page_Environments - EOS/Page_Environments - EOS/a_Resources' is clicked on&#xD;
&#xD;
2019-07-15 16:49:23 - [MESSAGE][PASSED] - Object: 'Object Repository/Page_Environments - EOS/Page_Environments - EOS/a_Resources' is clicked on&#xD;
&#xD;
2019-07-15 16:49:23 - [TEST_STEP][PASSED] - click(findTestObject("Object Repository/Page_Environments - EOS/Page_Environments - EOS/button_8 Threads - Large Instance")): Object: 'Object Repository/Page_Environments - EOS/Page_Environments - EOS/button_8 Threads - Large Instance' is clicked on&#xD;
&#xD;
2019-07-15 16:49:23 - [MESSAGE][PASSED] - Object: 'Object Repository/Page_Environments - EOS/Page_Environments - EOS/button_8 Threads - Large Instance' is clicked on&#xD;
&#xD;
2019-07-15 16:49:23 - [TEST_STEP][PASSED] - delay(1, STOP_ON_FAILURE): Delayed 1 second(s)&#xD;
&#xD;
2019-07-15 16:49:24 - [MESSAGE][PASSED] - Delayed 1 second(s)&#xD;
&#xD;
2019-07-15 16:49:24 - [TEST_STEP][PASSED] - click(findTestObject("Object Repository/Page_Environments - EOS/Page_Environments - EOS/a_8 Threads - Large Instance")): Object: 'Object Repository/Page_Environments - EOS/Page_Environments - EOS/a_8 Threads - Large Instance' is clicked on&#xD;
&#xD;
2019-07-15 16:49:24 - [MESSAGE][PASSED] - Object: 'Object Repository/Page_Environments - EOS/Page_Environments - EOS/a_8 Threads - Large Instance' is clicked on&#xD;
&#xD;
2019-07-15 16:49:24 - [TEST_STEP][PASSED] - delay(1, STOP_ON_FAILURE): Delayed 1 second(s)&#xD;
&#xD;
2019-07-15 16:49:25 - [MESSAGE][PASSED] - Delayed 1 second(s)&#xD;
&#xD;
2019-07-15 16:49:25 - [TEST_STEP][PASSED] - click(findTestObject("Object Repository/Page_Environments - EOS/Page_Environments - EOS/button_Ok")): Object: 'Object Repository/Page_Environments - EOS/Page_Environments - EOS/button_Ok' is clicked on&#xD;
&#xD;
2019-07-15 16:49:25 - [MESSAGE][PASSED] - Object: 'Object Repository/Page_Environments - EOS/Page_Environments - EOS/button_Ok' is clicked on&#xD;
&#xD;
2019-07-15 16:49:25 - [MESSAGE][PASSED] - Call Test Case 'Test Cases/Sysadmin Portal/Set_NoOfThreads' successfully&#xD;
&#xD;
2019-07-15 16:49:25 - [TEST_STEP][PASSED] - delay(3, CONTINUE_ON_FAILURE): Delayed 3 second(s)&#xD;
&#xD;
2019-07-15 16:49:28 - [MESSAGE][PASSED] - Delayed 3 second(s)&#xD;
&#xD;
2019-07-15 16:49:28 - [TEST_STEP][PASSED] - callTestCase(findTestCase("Sysadmin Portal/Domain/Run_PreProdTest"), [:], CONTINUE_ON_FAILURE): Call Test Case 'Test Cases/Sysadmin Portal/Domain/Run_PreProdTest' successfully&#xD;
&#xD;
2019-07-15 16:49:28 - [TEST_CASE][PASSED] - Test Cases/Sysadmin Portal/Domain/Run_PreProdTest: Test Cases/Sysadmin Portal/Domain/Run_PreProdTest&#xD;
&#xD;
2019-07-15 16:49:28 - [TEST_STEP][NOT_RUN] - callTestCase(findTestCase("Sysadmin Login Page/login_Simple"), [:], STOP_ON_FAILURE): NOT_RUN: callTestCase(findTestCase("Sysadmin Login Page/login_Simple"), [:], STOP_ON_FAILURE)&#xD;
&#xD;
2019-07-15 16:49:28 - [MESSAGE][NOT_RUN] - NOT_RUN: callTestCase(findTestCase("Sysadmin Login Page/login_Simple"), [:], STOP_ON_FAILURE)&#xD;
&#xD;
2019-07-15 16:49:28 - [TEST_STEP][PASSED] - navigateToUrl(url_sysadmin): Navigate to 'http://192.168.1.55:8095/' successfully&#xD;
&#xD;
2019-07-15 16:49:28 - [MESSAGE][PASSED] - Navigate to 'http://192.168.1.55:8095/' successfully&#xD;
&#xD;
2019-07-15 16:49:28 - [TEST_STEP][PASSED] - delay(2): Delayed 2 second(s)&#xD;
&#xD;
2019-07-15 16:49:30 - [MESSAGE][PASSED] - Delayed 2 second(s)&#xD;
&#xD;
2019-07-15 16:49:30 - [TEST_STEP][PASSED] - click(findTestObject("Sysadmin Portal/Domain/Page_Welcome - EOS/a_Domain")): Object: 'Object Repository/Sysadmin Portal/Domain/Page_Welcome - EOS/a_Domain' is clicked on&#xD;
&#xD;
2019-07-15 16:49:31 - [MESSAGE][PASSED] - Object: 'Object Repository/Sysadmin Portal/Domain/Page_Welcome - EOS/a_Domain' is clicked on&#xD;
&#xD;
2019-07-15 16:49:31 - [TEST_STEP][PASSED] - click(findTestObject("Sysadmin Portal/Domain/button_PreProduction_Test")): Object: 'Object Repository/Sysadmin Portal/Domain/button_PreProduction_Test' is clicked on&#xD;
&#xD;
2019-07-15 16:49:31 - [MESSAGE][PASSED] - Object: 'Object Repository/Sysadmin Portal/Domain/button_PreProduction_Test' is clicked on&#xD;
&#xD;
2019-07-15 16:49:31 - [TEST_STEP][PASSED] - waitForElementPresent(findTestObject("Sysadmin Portal/Domain/Details_Button_Visible"), 60, STOP_ON_FAILURE): Object 'Object Repository/Sysadmin Portal/Domain/Details_Button_Visible' is not present after 60 second(s)&#xD;
&#xD;
2019-07-15 16:50:34 - [MESSAGE][INFO] - Unable to find the element located by 'By.cssSelector: [id="stepInfoBody"] [class="btn btn-link errorDetails"]'. Please recheck the objects properties to make sure the desired element is located. &#xD;
&#xD;
2019-07-15 16:50:34 - [MESSAGE][WARNING] - Object 'Object Repository/Sysadmin Portal/Domain/Details_Button_Visible' is not present after 60 second(s)&#xD;
&#xD;
2019-07-15 16:50:34 - [TEST_STEP][PASSED] - verifyElementNotPresent(findTestObject("Sysadmin Portal/Domain/Details_Button_Visible"), 1): Web element with id: 'Object Repository/Sysadmin Portal/Domain/Details_Button_Visible' located by 'By.cssSelector: [id="stepInfoBody"] [class="btn btn-link errorDetails"]' is not present after '1' second(s)&#xD;
&#xD;
2019-07-15 16:50:34 - [MESSAGE][PASSED] - Web element with id: 'Object Repository/Sysadmin Portal/Domain/Details_Button_Visible' located by 'By.cssSelector: [id="stepInfoBody"] [class="btn btn-link errorDetails"]' is not present after '1' second(s)&#xD;
&#xD;
2019-07-15 16:50:34 - [TEST_STEP][PASSED] - click(findTestObject("Sysadmin Portal/Domain/button_PreProd_Close")): Object: 'Object Repository/Sysadmin Portal/Domain/button_PreProd_Close' is clicked on&#xD;
&#xD;
2019-07-15 16:50:34 - [MESSAGE][PASSED] - Object: 'Object Repository/Sysadmin Portal/Domain/button_PreProd_Close' is clicked on&#xD;
&#xD;
2019-07-15 16:50:34 - [MESSAGE][PASSED] - Call Test Case 'Test Cases/Sysadmin Portal/Domain/Run_PreProdTest' successfully&#xD;
&#xD;
2019-07-15 16:50:34 - [TEST_STEP][PASSED] - delay(3, CONTINUE_ON_FAILURE): Delayed 3 second(s)&#xD;
&#xD;
2019-07-15 16:50:37 - [MESSAGE][PASSED] - Delayed 3 second(s)&#xD;
&#xD;
2019-07-15 16:50:37 - [TEST_STEP][PASSED] - callTestCase(findTestCase("Sysadmin Portal/Help/Sysadmin_Ask a question_Window"), [:], CONTINUE_ON_FAILURE): Call Test Case 'Test Cases/Sysadmin Portal/Help/Sysadmin_Ask a question_Window' successfully&#xD;
&#xD;
2019-07-15 16:50:37 - [TEST_CASE][PASSED] - Test Cases/Sysadmin Portal/Help/Sysadmin_Ask a question_Window: Test Cases/Sysadmin Portal/Help/Sysadmin_Ask a question_Window&#xD;
&#xD;
2019-07-15 16:50:37 - [TEST_STEP][NOT_RUN] - callTestCase(findTestCase("Sysadmin Login Page/login_Simple"), [:], STOP_ON_FAILURE): NOT_RUN: callTestCase(findTestCase("Sysadmin Login Page/login_Simple"), [:], STOP_ON_FAILURE)&#xD;
&#xD;
2019-07-15 16:50:37 - [MESSAGE][NOT_RUN] - NOT_RUN: callTestCase(findTestCase("Sysadmin Login Page/login_Simple"), [:], STOP_ON_FAILURE)&#xD;
&#xD;
2019-07-15 16:50:37 - [TEST_STEP][PASSED] - delay(1): Delayed 1 second(s)&#xD;
&#xD;
2019-07-15 16:50:38 - [MESSAGE][PASSED] - Delayed 1 second(s)&#xD;
&#xD;
2019-07-15 16:50:38 - [TEST_STEP][PASSED] - click(findTestObject("Sysadmin Portal/Help Dropdown")): Object: 'Object Repository/Sysadmin Portal/Help Dropdown' is clicked on&#xD;
&#xD;
2019-07-15 16:50:38 - [MESSAGE][PASSED] - Object: 'Object Repository/Sysadmin Portal/Help Dropdown' is clicked on&#xD;
&#xD;
2019-07-15 16:50:38 - [TEST_STEP][PASSED] - click(findTestObject("Sysadmin Portal/Help Dropdown (1)/a_Ask a Question")): Object: 'Object Repository/Sysadmin Portal/Help Dropdown (1)/a_Ask a Question' is clicked on&#xD;
&#xD;
2019-07-15 16:50:38 - [MESSAGE][PASSED] - Object: 'Object Repository/Sysadmin Portal/Help Dropdown (1)/a_Ask a Question' is clicked on&#xD;
&#xD;
2019-07-15 16:50:38 - [TEST_STEP][PASSED] - waitForElementVisible(findTestObject("Sysadmin Portal/Help Dropdown (1)/Ask a question window/input_attachment1"), 5): Object 'Object Repository/Sysadmin Portal/Help Dropdown (1)/Ask a question window/input_attachment1' is visible&#xD;
&#xD;
2019-07-15 16:50:38 - [MESSAGE][PASSED] - Object 'Object Repository/Sysadmin Portal/Help Dropdown (1)/Ask a question window/input_attachment1' is visible&#xD;
&#xD;
2019-07-15 16:50:39 - [TEST_STEP][PASSED] - verifyElementClickable(findTestObject("Sysadmin Portal/Help Dropdown (1)/Ask a question window/input_attachment1"), STOP_ON_FAILURE): Object 'Object Repository/Sysadmin Portal/Help Dropdown (1)/Ask a question window/input_attachment1' is clickable&#xD;
&#xD;
2019-07-15 16:50:39 - [MESSAGE][PASSED] - Object 'Object Repository/Sysadmin Portal/Help Dropdown (1)/Ask a question window/input_attachment1' is clickable&#xD;
&#xD;
2019-07-15 16:50:39 - [TEST_STEP][PASSED] - verifyElementClickable(findTestObject("Sysadmin Portal/Help Dropdown (1)/Ask a question window/input_attachment2"), STOP_ON_FAILURE): Object 'Object Repository/Sysadmin Portal/Help Dropdown (1)/Ask a question window/input_attachment2' is clickable&#xD;
&#xD;
2019-07-15 16:50:39 - [MESSAGE][PASSED] - Object 'Object Repository/Sysadmin Portal/Help Dropdown (1)/Ask a question window/input_attachment2' is clickable&#xD;
&#xD;
2019-07-15 16:50:39 - [TEST_STEP][PASSED] - verifyElementClickable(findTestObject("Sysadmin Portal/Help Dropdown (1)/Ask a question window/input_attachment3"), STOP_ON_FAILURE): Object 'Object Repository/Sysadmin Portal/Help Dropdown (1)/Ask a question window/input_attachment3' is clickable&#xD;
&#xD;
2019-07-15 16:50:39 - [MESSAGE][PASSED] - Object 'Object Repository/Sysadmin Portal/Help Dropdown (1)/Ask a question window/input_attachment3' is clickable&#xD;
&#xD;
2019-07-15 16:50:39 - [TEST_STEP][PASSED] - verifyElementClickable(findTestObject("Sysadmin Portal/Help Dropdown (1)/Ask a question window/input_attachment4"), STOP_ON_FAILURE): Object 'Object Repository/Sysadmin Portal/Help Dropdown (1)/Ask a question window/input_attachment4' is clickable&#xD;
&#xD;
2019-07-15 16:50:39 - [MESSAGE][PASSED] - Object 'Object Repository/Sysadmin Portal/Help Dropdown (1)/Ask a question window/input_attachment4' is clickable&#xD;
&#xD;
2019-07-15 16:50:39 - [TEST_STEP][PASSED] - uploadFile(findTestObject("Sysadmin Portal/Help Dropdown (1)/Ask a question window/input_attachment1"), "C:\Users\bogdan.eremia\Downloads\Support_Test\download.jfif"): File 'C:\Users\bogdan.eremia\Downloads\Support_Test\download.jfif' sent to object: 'Object Repository/Sysadmin Portal/Help Dropdown (1)/Ask a question window/input_attachment1'&#xD;
&#xD;
2019-07-15 16:50:39 - [MESSAGE][PASSED] - File 'C:\Users\bogdan.eremia\Downloads\Support_Test\download.jfif' sent to object: 'Object Repository/Sysadmin Portal/Help Dropdown (1)/Ask a question window/input_attachment1'&#xD;
&#xD;
2019-07-15 16:50:39 - [TEST_STEP][PASSED] - click(findTestObject("Sysadmin Portal/Help Dropdown (1)/Ask a question window/select_NormalUrgentHighLow")): Object: 'Object Repository/Sysadmin Portal/Help Dropdown (1)/Ask a question window/select_NormalUrgentHighLow' is clicked on&#xD;
&#xD;
2019-07-15 16:50:39 - [MESSAGE][PASSED] - Object: 'Object Repository/Sysadmin Portal/Help Dropdown (1)/Ask a question window/select_NormalUrgentHighLow' is clicked on&#xD;
&#xD;
2019-07-15 16:50:39 - [TEST_STEP][PASSED] - selectOptionByValue(findTestObject("Sysadmin Portal/Help Dropdown (1)/Ask a question window/select_NormalUrgentHighLow"), "Low", false): All options with value 'Low' are selected in object 'Object Repository/Sysadmin Portal/Help Dropdown (1)/Ask a question window/select_NormalUrgentHighLow' &#xD;
&#xD;
2019-07-15 16:50:39 - [MESSAGE][PASSED] - All options with value 'Low' are selected in object 'Object Repository/Sysadmin Portal/Help Dropdown (1)/Ask a question window/select_NormalUrgentHighLow' &#xD;
&#xD;
2019-07-15 16:50:39 - [TEST_STEP][PASSED] - verifyOptionSelectedByValue(findTestObject("Sysadmin Portal/Help Dropdown (1)/Ask a question window/select_NormalUrgentHighLow"), "Low", false, 4): All options with value 'Low' are selected in object 'Object Repository/Sysadmin Portal/Help Dropdown (1)/Ask a question window/select_NormalUrgentHighLow' &#xD;
&#xD;
2019-07-15 16:50:39 - [MESSAGE][PASSED] - All options with value 'Low' are selected in object 'Object Repository/Sysadmin Portal/Help Dropdown (1)/Ask a question window/select_NormalUrgentHighLow' &#xD;
&#xD;
2019-07-15 16:50:39 - [TEST_STEP][PASSED] - setText(findTestObject("Sysadmin Portal/Help Dropdown (1)/Ask a question window/input_Name"), "QA Test"): Text 'QA Test' is set on object 'Object Repository/Sysadmin Portal/Help Dropdown (1)/Ask a question window/input_Name'&#xD;
&#xD;
2019-07-15 16:50:39 - [MESSAGE][PASSED] - Text 'QA Test' is set on object 'Object Repository/Sysadmin Portal/Help Dropdown (1)/Ask a question window/input_Name'&#xD;
&#xD;
2019-07-15 16:50:39 - [TEST_STEP][PASSED] - setText(findTestObject("Sysadmin Portal/Help Dropdown (1)/Ask a question window/input_Subject"), "QA Test"): Text 'QA Test' is set on object 'Object Repository/Sysadmin Portal/Help Dropdown (1)/Ask a question window/input_Subject'&#xD;
&#xD;
2019-07-15 16:50:39 - [MESSAGE][PASSED] - Text 'QA Test' is set on object 'Object Repository/Sysadmin Portal/Help Dropdown (1)/Ask a question window/input_Subject'&#xD;
&#xD;
2019-07-15 16:50:39 - [TEST_STEP][PASSED] - setText(findTestObject("Sysadmin Portal/Help Dropdown (1)/Ask a question window/input_EmailAddress"), "QATest@ecrion.com"): Text 'QATest@ecrion.com' is set on object 'Object Repository/Sysadmin Portal/Help Dropdown (1)/Ask a question window/input_EmailAddress'&#xD;
&#xD;
2019-07-15 16:50:40 - [MESSAGE][PASSED] - Text 'QATest@ecrion.com' is set on object 'Object Repository/Sysadmin Portal/Help Dropdown (1)/Ask a question window/input_EmailAddress'&#xD;
&#xD;
2019-07-15 16:50:40 - [TEST_STEP][PASSED] - setText(findTestObject("Sysadmin Portal/Help Dropdown (1)/Ask a question window/textarea_Description"), "This is a test !@#$%^&amp;*()_+}{][:"|\';&lt;&gt;?/.,`~"): Text 'This is a test !@#$%^&amp;*()_+}{][:"|\';&lt;&gt;?/.,`~' is set on object 'Object Repository/Sysadmin Portal/Help Dropdown (1)/Ask a question window/textarea_Description'&#xD;
&#xD;
2019-07-15 16:50:40 - [MESSAGE][PASSED] - Text 'This is a test !@#$%^&amp;*()_+}{][:"|\';&lt;&gt;?/.,`~' is set on object 'Object Repository/Sysadmin Portal/Help Dropdown (1)/Ask a question window/textarea_Description'&#xD;
&#xD;
2019-07-15 16:50:40 - [TEST_STEP][PASSED] - click(findTestObject("Sysadmin Portal/Help Dropdown (1)/Ask a question window/input_submitBtn"), STOP_ON_FAILURE): Object: 'Object Repository/Sysadmin Portal/Help Dropdown (1)/Ask a question window/input_submitBtn' is clicked on&#xD;
&#xD;
2019-07-15 16:50:40 - [MESSAGE][PASSED] - Object: 'Object Repository/Sysadmin Portal/Help Dropdown (1)/Ask a question window/input_submitBtn' is clicked on&#xD;
&#xD;
2019-07-15 16:50:40 - [TEST_STEP][PASSED] - waitForElementVisible(findTestObject("Sysadmin Portal/Help Dropdown (1)/Ask a question window/Confirmation Message Page/p_A separate confirmation emai"), 15): Object 'Object Repository/Sysadmin Portal/Help Dropdown (1)/Ask a question window/Confirmation Message Page/p_A separate confirmation emai' is visible&#xD;
&#xD;
2019-07-15 16:50:43 - [MESSAGE][PASSED] - Object 'Object Repository/Sysadmin Portal/Help Dropdown (1)/Ask a question window/Confirmation Message Page/p_A separate confirmation emai' is visible&#xD;
&#xD;
2019-07-15 16:50:43 - [TEST_STEP][PASSED] - verifyElementVisible(findTestObject("Sysadmin Portal/Help Dropdown (1)/Ask a question window/Confirmation Message Page/p_A separate confirmation emai")): Object 'Object Repository/Sysadmin Portal/Help Dropdown (1)/Ask a question window/Confirmation Message Page/p_A separate confirmation emai' is visible&#xD;
&#xD;
2019-07-15 16:50:43 - [MESSAGE][PASSED] - Object 'Object Repository/Sysadmin Portal/Help Dropdown (1)/Ask a question window/Confirmation Message Page/p_A separate confirmation emai' is visible&#xD;
&#xD;
2019-07-15 16:50:43 - [TEST_STEP][PASSED] - verifyElementVisible(findTestObject("Sysadmin Portal/Help Dropdown (1)/Ask a question window/Confirmation Message Page/p_IMPORTANT If you dont receiv")): Object 'Object Repository/Sysadmin Portal/Help Dropdown (1)/Ask a question window/Confirmation Message Page/p_IMPORTANT If you dont receiv' is visible&#xD;
&#xD;
2019-07-15 16:50:43 - [MESSAGE][PASSED] - Object 'Object Repository/Sysadmin Portal/Help Dropdown (1)/Ask a question window/Confirmation Message Page/p_IMPORTANT If you dont receiv' is visible&#xD;
&#xD;
2019-07-15 16:50:43 - [TEST_STEP][PASSED] - verifyElementVisible(findTestObject("Sysadmin Portal/Help Dropdown (1)/Ask a question window/Confirmation Message Page/p_Our working hours are")): Object 'Object Repository/Sysadmin Portal/Help Dropdown (1)/Ask a question window/Confirmation Message Page/p_Our working hours are' is visible&#xD;
&#xD;
2019-07-15 16:50:43 - [MESSAGE][PASSED] - Object 'Object Repository/Sysadmin Portal/Help Dropdown (1)/Ask a question window/Confirmation Message Page/p_Our working hours are' is visible&#xD;
&#xD;
2019-07-15 16:50:43 - [TEST_STEP][PASSED] - verifyElementVisible(findTestObject("Sysadmin Portal/Help Dropdown (1)/Ask a question window/Confirmation Message Page/p_Your message has been sent a")): Object 'Object Repository/Sysadmin Portal/Help Dropdown (1)/Ask a question window/Confirmation Message Page/p_Your message has been sent a' is visible&#xD;
&#xD;
2019-07-15 16:50:43 - [MESSAGE][PASSED] - Object 'Object Repository/Sysadmin Portal/Help Dropdown (1)/Ask a question window/Confirmation Message Page/p_Your message has been sent a' is visible&#xD;
&#xD;
2019-07-15 16:50:43 - [TEST_STEP][PASSED] - verifyElementClickable(findTestObject("Sysadmin Portal/Help Dropdown (1)/Ask a question window/Confirmation Message Page/button_OK")): Object 'Object Repository/Sysadmin Portal/Help Dropdown (1)/Ask a question window/Confirmation Message Page/button_OK' is clickable&#xD;
&#xD;
2019-07-15 16:50:43 - [MESSAGE][PASSED] - Object 'Object Repository/Sysadmin Portal/Help Dropdown (1)/Ask a question window/Confirmation Message Page/button_OK' is clickable&#xD;
&#xD;
2019-07-15 16:50:43 - [TEST_STEP][PASSED] - click(findTestObject("Sysadmin Portal/Help Dropdown (1)/Ask a question window/Confirmation Message Page/button_OK")): Object: 'Object Repository/Sysadmin Portal/Help Dropdown (1)/Ask a question window/Confirmation Message Page/button_OK' is clicked on&#xD;
&#xD;
2019-07-15 16:50:43 - [MESSAGE][PASSED] - Object: 'Object Repository/Sysadmin Portal/Help Dropdown (1)/Ask a question window/Confirmation Message Page/button_OK' is clicked on&#xD;
&#xD;
2019-07-15 16:50:43 - [TEST_STEP][NOT_RUN] - closeBrowser(): NOT_RUN: closeBrowser()&#xD;
&#xD;
2019-07-15 16:50:43 - [MESSAGE][NOT_RUN] - NOT_RUN: closeBrowser()&#xD;
&#xD;
2019-07-15 16:50:43 - [MESSAGE][PASSED] - Call Test Case 'Test Cases/Sysadmin Portal/Help/Sysadmin_Ask a question_Window' successfully&#xD;
&#xD;
2019-07-15 16:50:43 - [TEST_STEP][PASSED] - delay(3, CONTINUE_ON_FAILURE): Delayed 3 second(s)&#xD;
&#xD;
2019-07-15 16:50:46 - [MESSAGE][PASSED] - Delayed 3 second(s)&#xD;
&#xD;
2019-07-15 16:50:46 - [TEST_STEP][PASSED] - callTestCase(findTestCase("Sysadmin Portal/Domain/EmailConnection/Set_Email_Connection"), [:], CONTINUE_ON_FAILURE): Call Test Case 'Test Cases/Sysadmin Portal/Domain/EmailConnection/Set_Email_Connection' successfully&#xD;
&#xD;
2019-07-15 16:50:46 - [TEST_CASE][PASSED] - Test Cases/Sysadmin Portal/Domain/EmailConnection/Set_Email_Connection: Test Cases/Sysadmin Portal/Domain/EmailConnection/Set_Email_Connection&#xD;
&#xD;
2019-07-15 16:50:46 - [TEST_STEP][NOT_RUN] - callTestCase(findTestCase("Sysadmin Login Page/login_Simple"), [:], STOP_ON_FAILURE): NOT_RUN: callTestCase(findTestCase("Sysadmin Login Page/login_Simple"), [:], STOP_ON_FAILURE)&#xD;
&#xD;
2019-07-15 16:50:46 - [MESSAGE][NOT_RUN] - NOT_RUN: callTestCase(findTestCase("Sysadmin Login Page/login_Simple"), [:], STOP_ON_FAILURE)&#xD;
&#xD;
2019-07-15 16:50:46 - [TEST_STEP][NOT_RUN] - navigateToUrl(url_sysadmin): NOT_RUN: navigateToUrl(url_sysadmin)&#xD;
&#xD;
2019-07-15 16:50:46 - [MESSAGE][NOT_RUN] - NOT_RUN: navigateToUrl(url_sysadmin)&#xD;
&#xD;
2019-07-15 16:50:46 - [TEST_STEP][PASSED] - delay(2): Delayed 2 second(s)&#xD;
&#xD;
2019-07-15 16:50:48 - [MESSAGE][PASSED] - Delayed 2 second(s)&#xD;
&#xD;
2019-07-15 16:50:48 - [TEST_STEP][PASSED] - click(findTestObject("Sysadmin Portal/Domain/Page_Welcome - EOS/a_Domain")): Object: 'Object Repository/Sysadmin Portal/Domain/Page_Welcome - EOS/a_Domain' is clicked on&#xD;
&#xD;
2019-07-15 16:50:48 - [MESSAGE][PASSED] - Object: 'Object Repository/Sysadmin Portal/Domain/Page_Welcome - EOS/a_Domain' is clicked on&#xD;
&#xD;
2019-07-15 16:50:48 - [TEST_STEP][PASSED] - click(findTestObject("Sysadmin Portal/Domain/Page_Domain - DomainSummary/button_Email")): Object: 'Object Repository/Sysadmin Portal/Domain/Page_Domain - DomainSummary/button_Email' is clicked on&#xD;
&#xD;
2019-07-15 16:50:48 - [MESSAGE][PASSED] - Object: 'Object Repository/Sysadmin Portal/Domain/Page_Domain - DomainSummary/button_Email' is clicked on&#xD;
&#xD;
2019-07-15 16:50:48 - [TEST_STEP][PASSED] - setText(findTestObject("Sysadmin Portal/Domain/Page_Email - DomainSummary/input_smtpUserNameTxt"), "test.notifications@ecrion.com", CONTINUE_ON_FAILURE): Text 'test.notifications@ecrion.com' is set on object 'Object Repository/Sysadmin Portal/Domain/Page_Email - DomainSummary/input_smtpUserNameTxt'&#xD;
&#xD;
2019-07-15 16:50:49 - [MESSAGE][PASSED] - Text 'test.notifications@ecrion.com' is set on object 'Object Repository/Sysadmin Portal/Domain/Page_Email - DomainSummary/input_smtpUserNameTxt'&#xD;
&#xD;
2019-07-15 16:50:49 - [TEST_STEP][PASSED] - setText(findTestObject("Sysadmin Portal/Domain/Page_Email - DomainSummary/input_smtpHostTxt"), "smtp.office365.com", CONTINUE_ON_FAILURE): Text 'smtp.office365.com' is set on object 'Object Repository/Sysadmin Portal/Domain/Page_Email - DomainSummary/input_smtpHostTxt'&#xD;
&#xD;
2019-07-15 16:50:49 - [MESSAGE][PASSED] - Text 'smtp.office365.com' is set on object 'Object Repository/Sysadmin Portal/Domain/Page_Email - DomainSummary/input_smtpHostTxt'&#xD;
&#xD;
2019-07-15 16:50:49 - [TEST_STEP][PASSED] - setText(findTestObject("Sysadmin Portal/Domain/Page_Email - DomainSummary/input_smtpPasswordTxt"), "3cr1oN123456", CONTINUE_ON_FAILURE): Text '3cr1oN123456' is set on object 'Object Repository/Sysadmin Portal/Domain/Page_Email - DomainSummary/input_smtpPasswordTxt'&#xD;
&#xD;
2019-07-15 16:50:49 - [MESSAGE][PASSED] - Text '3cr1oN123456' is set on object 'Object Repository/Sysadmin Portal/Domain/Page_Email - DomainSummary/input_smtpPasswordTxt'&#xD;
&#xD;
2019-07-15 16:50:49 - [TEST_STEP][PASSED] - setText(findTestObject("Sysadmin Portal/Domain/Page_Email - DomainSummary/input_smtpFromTxt"), "test.notifications@ecrion.com", CONTINUE_ON_FAILURE): Text 'test.notifications@ecrion.com' is set on object 'Object Repository/Sysadmin Portal/Domain/Page_Email - DomainSummary/input_smtpFromTxt'&#xD;
&#xD;
2019-07-15 16:50:49 - [MESSAGE][PASSED] - Text 'test.notifications@ecrion.com' is set on object 'Object Repository/Sysadmin Portal/Domain/Page_Email - DomainSummary/input_smtpFromTxt'&#xD;
&#xD;
2019-07-15 16:50:49 - [TEST_STEP][PASSED] - setText(findTestObject("Sysadmin Portal/Domain/Page_Email - DomainSummary/input_smtpPortTxt"), "587"): Text '587' is set on object 'Object Repository/Sysadmin Portal/Domain/Page_Email - DomainSummary/input_smtpPortTxt'&#xD;
&#xD;
2019-07-15 16:50:50 - [MESSAGE][PASSED] - Text '587' is set on object 'Object Repository/Sysadmin Portal/Domain/Page_Email - DomainSummary/input_smtpPortTxt'&#xD;
&#xD;
2019-07-15 16:50:50 - [TEST_STEP][PASSED] - check(findTestObject("Sysadmin Portal/Domain/Page_Email - DomainSummary/input_smtpSSL"), CONTINUE_ON_FAILURE): Object 'Object Repository/Sysadmin Portal/Domain/Page_Email - DomainSummary/input_smtpSSL' is checked&#xD;
&#xD;
2019-07-15 16:50:50 - [MESSAGE][PASSED] - Object 'Object Repository/Sysadmin Portal/Domain/Page_Email - DomainSummary/input_smtpSSL' is checked&#xD;
&#xD;
2019-07-15 16:50:50 - [TEST_STEP][PASSED] - click(findTestObject("Admin/SettingsSysinternalsEmail/button_Test Connection"), CONTINUE_ON_FAILURE): Object: 'Object Repository/Admin/SettingsSysinternalsEmail/button_Test Connection' is clicked on&#xD;
&#xD;
2019-07-15 16:50:50 - [MESSAGE][PASSED] - Object: 'Object Repository/Admin/SettingsSysinternalsEmail/button_Test Connection' is clicked on&#xD;
&#xD;
2019-07-15 16:50:50 - [TEST_STEP][PASSED] - delay(1, STOP_ON_FAILURE): Delayed 1 second(s)&#xD;
&#xD;
2019-07-15 16:50:51 - [MESSAGE][PASSED] - Delayed 1 second(s)&#xD;
&#xD;
2019-07-15 16:50:51 - [TEST_STEP][PASSED] - verifyElementVisible(findTestObject("Sysadmin Portal/Domain/Page_Email - DomainSummary/alert_Connection_Ok")): Object 'Object Repository/Sysadmin Portal/Domain/Page_Email - DomainSummary/alert_Connection_Ok' is visible&#xD;
&#xD;
2019-07-15 16:50:51 - [MESSAGE][PASSED] - Object 'Object Repository/Sysadmin Portal/Domain/Page_Email - DomainSummary/alert_Connection_Ok' is visible&#xD;
&#xD;
2019-07-15 16:50:51 - [MESSAGE][PASSED] - Call Test Case 'Test Cases/Sysadmin Portal/Domain/EmailConnection/Set_Email_Connection' successfully&#xD;
&#xD;
2019-07-15 16:50:51 - [TEST_STEP][PASSED] - delay(3, CONTINUE_ON_FAILURE): Delayed 3 second(s)&#xD;
&#xD;
2019-07-15 16:50:54 - [MESSAGE][PASSED] - Delayed 3 second(s)&#xD;
&#xD;
2019-07-15 16:50:54 - [TEST_STEP][FAILED] - callTestCase(findTestCase("Sysadmin Portal/Edit Account/Edit Account"), [:], CONTINUE_ON_FAILURE): Unable to call Test Case 'Test Cases/Sysadmin Portal/Edit Account/Edit Account' (Root cause: com.kms.katalon.core.exception.StepFailedException: Call Test Case 'Test Cases/Sysadmin Portal/Edit Account/Edit Account' failed&#xD;
	at com.kms.katalon.core.keyword.builtin.CallTestCaseKeyword$_callTestCase_closure1.doCall(CallTestCaseKeyword.groovy:63)&#xD;
	at com.kms.katalon.core.keyword.builtin.CallTestCaseKeyword$_callTestCase_closure1.call(CallTestCaseKeyword.groovy)&#xD;
	at com.kms.katalon.core.keyword.internal.KeywordMain.runKeyword(KeywordMain.groovy:68)&#xD;
	at com.kms.katalon.core.keyword.builtin.CallTestCaseKeyword.callTestCase(CallTestCaseKeyword.groovy:81)&#xD;
	at com.kms.katalon.core.keyword.builtin.CallTestCaseKeyword.execute(CallTestCaseKeyword.groovy:44)&#xD;
	at com.kms.katalon.core.keyword.internal.KeywordExecutor.executeKeywordForPlatform(KeywordExecutor.groovy:56)&#xD;
	at com.kms.katalon.core.keyword.BuiltinKeywords.callTestCase(BuiltinKeywords.groovy:334)&#xD;
	at All_Sysadmin_Testcases.run(All_Sysadmin_Testcases:50)&#xD;
	at com.kms.katalon.core.main.ScriptEngine.run(ScriptEngine.java:194)&#xD;
	at com.kms.katalon.core.main.ScriptEngine.runScriptAsRawText(ScriptEngine.java:119)&#xD;
	at com.kms.katalon.core.main.TestCaseExecutor.runScript(TestCaseExecutor.java:337)&#xD;
	at com.kms.katalon.core.main.TestCaseExecutor.doExecute(TestCaseExecutor.java:328)&#xD;
	at com.kms.katalon.core.main.TestCaseExecutor.processExecutionPhase(TestCaseExecutor.java:307)&#xD;
	at com.kms.katalon.core.main.TestCaseExecutor.accessMainPhase(TestCaseExecutor.java:299)&#xD;
	at com.kms.katalon.core.main.TestCaseExecutor.execute(TestCaseExecutor.java:233)&#xD;
	at com.kms.katalon.core.main.TestSuiteExecutor.accessTestCaseMainPhase(TestSuiteExecutor.java:133)&#xD;
	at com.kms.katalon.core.main.TestSuiteExecutor.accessTestSuiteMainPhase(TestSuiteExecutor.java:116)&#xD;
	at com.kms.katalon.core.main.TestSuiteExecutor.execute(TestSuiteExecutor.java:83)&#xD;
	at com.kms.katalon.core.main.TestCaseMain.startTestSuite(TestCaseMain.java:157)&#xD;
	at com.kms.katalon.core.main.TestCaseMain$startTestSuite$0.call(Unknown Source)&#xD;
	at TempTestSuite1563198510048.run(TempTestSuite1563198510048.groovy:35)&#xD;
Caused by: com.kms.katalon.core.exception.StepFailedException: Unable to click on object 'Object Repository/Page_Welcome - EOS/button_OK_1'&#xD;
	at com.kms.katalon.core.webui.keyword.internal.WebUIKeywordMain.stepFailed(WebUIKeywordMain.groovy:64)&#xD;
	at com.kms.katalon.core.webui.keyword.internal.WebUIKeywordMain.runKeyword(WebUIKeywordMain.groovy:26)&#xD;
	at com.kms.katalon.core.webui.keyword.builtin.ClickKeyword.click(ClickKeyword.groovy:86)&#xD;
	at com.kms.katalon.core.webui.keyword.builtin.ClickKeyword.execute(ClickKeyword.groovy:67)&#xD;
	at com.kms.katalon.core.keyword.internal.KeywordExecutor.executeKeywordForPlatform(KeywordExecutor.groovy:56)&#xD;
	at com.kms.katalon.core.webui.keyword.WebUiBuiltInKeywords.click(WebUiBuiltInKeywords.groovy:616)&#xD;
	at com.kms.katalon.core.webui.keyword.WebUiBuiltInKeywords$click$9.call(Unknown Source)&#xD;
	at Edit Account.run(Edit Account:42)&#xD;
	at com.kms.katalon.core.main.ScriptEngine.run(ScriptEngine.java:194)&#xD;
	at com.kms.katalon.core.main.ScriptEngine.runScriptAsRawText(ScriptEngine.java:119)&#xD;
	at com.kms.katalon.core.main.TestCaseExecutor.runScript(TestCaseExecutor.java:337)&#xD;
	at com.kms.katalon.core.main.TestCaseExecutor.doExecute(TestCaseExecutor.java:328)&#xD;
	at com.kms.katalon.core.main.TestCaseExecutor.processExecutionPhase(TestCaseExecutor.java:307)&#xD;
	at com.kms.katalon.core.main.TestCaseExecutor.accessMainPhase(TestCaseExecutor.java:299)&#xD;
	at com.kms.katalon.core.main.TestCaseExecutor.execute(TestCaseExecutor.java:233)&#xD;
	at com.kms.katalon.core.main.TestCaseMain.runTestCase(TestCaseMain.java:114)&#xD;
	at com.kms.katalon.core.keyword.builtin.CallTestCaseKeyword$_callTestCase_closure1.doCall(CallTestCaseKeyword.groovy:59)&#xD;
	... 20 more&#xD;
Caused by: org.openqa.selenium.ElementNotVisibleException: element not interactable
  (Session info: chrome=75.0.3770.100)
  (Driver info: chromedriver=74.0.3729.6 (255758eccf3d244491b8a1317aa76e1ce10d57e9-refs/branch-heads/3729@{#29}),platform=Windows NT 10.0.17134 x86_64) (WARNING: The server did not provide any stacktrace information)
Command duration or timeout: 0 milliseconds
Build info: version: '3.141.59', revision: 'e82be7d358', time: '2018-11-14T08:25:53'
System info: host: 'ROECR-L013', ip: '192.168.1.250', os.name: 'Windows 10', os.arch: 'amd64', os.version: '10.0', java.version: '1.8.0_181'
Driver info: com.kms.katalon.selenium.driver.CChromeDriver
Capabilities {acceptInsecureCerts: false, acceptSslCerts: false, applicationCacheEnabled: false, browserConnectionEnabled: false, browserName: chrome, chrome: {chromedriverVersion: 74.0.3729.6 (255758eccf3d24..., userDataDir: C:\Users\BOGDAN~1.ERE\AppDa...}, cssSelectorsEnabled: true, databaseEnabled: false, goog:chromeOptions: {debuggerAddress: localhost:62923}, handlesAlerts: true, hasTouchScreen: false, javascriptEnabled: true, locationContextEnabled: true, mobileEmulationEnabled: false, nativeEvents: true, networkConnectionEnabled: false, pageLoadStrategy: normal, platform: XP, platformName: XP, proxy: Proxy(), rotatable: false, setWindowRect: true, strictFileInteractability: false, takesHeapSnapshot: true, takesScreenshot: true, timeouts: {implicit: 0, pageLoad: 300000, script: 30000}, unexpectedAlertBehaviour: ignore, unhandledPromptBehavior: ignore, version: 75.0.3770.100, webStorageEnabled: true}
Session ID: 6734efcbd875a324eb697559a70c9c17&#xD;
	at org.openqa.selenium.remote.ErrorHandler.createThrowable(ErrorHandler.java:214)&#xD;
	at org.openqa.selenium.remote.ErrorHandler.throwIfResponseFailed(ErrorHandler.java:166)&#xD;
	at org.openqa.selenium.remote.http.JsonHttpResponseCodec.reconstructValue(JsonHttpResponseCodec.java:40)&#xD;
	at org.openqa.selenium.remote.http.AbstractHttpResponseCodec.decode(AbstractHttpResponseCodec.java:80)&#xD;
	at org.openqa.selenium.remote.http.AbstractHttpResponseCodec.decode(AbstractHttpResponseCodec.java:44)&#xD;
	at org.openqa.selenium.remote.HttpCommandExecutor.execute(HttpCommandExecutor.java:158)&#xD;
	at org.openqa.selenium.remote.service.DriverCommandExecutor.execute(DriverCommandExecutor.java:83)&#xD;
	at org.openqa.selenium.remote.RemoteWebDriver.execute(RemoteWebDriver.java:552)&#xD;
	at com.kms.katalon.selenium.driver.CChromeDriver.execute(CChromeDriver.java:20)&#xD;
	at org.openqa.selenium.remote.RemoteWebElement.execute(RemoteWebElement.java:285)&#xD;
	at org.openqa.selenium.remote.RemoteWebElement.click(RemoteWebElement.java:84)&#xD;
	at com.kms.katalon.core.webui.keyword.builtin.ClickKeyword$_click_closure1.doCall(ClickKeyword.groovy:79)&#xD;
	at com.kms.katalon.core.webui.keyword.builtin.ClickKeyword$_click_closure1.call(ClickKeyword.groovy)&#xD;
	at com.kms.katalon.core.webui.keyword.internal.WebUIKeywordMain.runKeyword(WebUIKeywordMain.groovy:20)&#xD;
	... 35 more&#xD;
)&#xD;
&#xD;
2019-07-15 16:50:54 - [TEST_CASE][FAILED] - Test Cases/Sysadmin Portal/Edit Account/Edit Account: Test Cases/Sysadmin Portal/Edit Account/Edit Account FAILED.
Reason:
com.kms.katalon.core.exception.StepFailedException: Unable to click on object 'Object Repository/Page_Welcome - EOS/button_OK_1'&#xD;
	at com.kms.katalon.core.webui.keyword.internal.WebUIKeywordMain.stepFailed(WebUIKeywordMain.groovy:64)&#xD;
	at com.kms.katalon.core.webui.keyword.internal.WebUIKeywordMain.runKeyword(WebUIKeywordMain.groovy:26)&#xD;
	at com.kms.katalon.core.webui.keyword.builtin.ClickKeyword.click(ClickKeyword.groovy:86)&#xD;
	at com.kms.katalon.core.webui.keyword.builtin.ClickKeyword.execute(ClickKeyword.groovy:67)&#xD;
	at com.kms.katalon.core.keyword.internal.KeywordExecutor.executeKeywordForPlatform(KeywordExecutor.groovy:56)&#xD;
	at com.kms.katalon.core.webui.keyword.WebUiBuiltInKeywords.click(WebUiBuiltInKeywords.groovy:616)&#xD;
	at com.kms.katalon.core.webui.keyword.WebUiBuiltInKeywords$click$9.call(Unknown Source)&#xD;
	at Edit Account.run(Edit Account:42)&#xD;
	at com.kms.katalon.core.main.ScriptEngine.run(ScriptEngine.java:194)&#xD;
	at com.kms.katalon.core.main.ScriptEngine.runScriptAsRawText(ScriptEngine.java:119)&#xD;
	at com.kms.katalon.core.main.TestCaseExecutor.runScript(TestCaseExecutor.java:337)&#xD;
	at com.kms.katalon.core.main.TestCaseExecutor.doExecute(TestCaseExecutor.java:328)&#xD;
	at com.kms.katalon.core.main.TestCaseExecutor.processExecutionPhase(TestCaseExecutor.java:307)&#xD;
	at com.kms.katalon.core.main.TestCaseExecutor.accessMainPhase(TestCaseExecutor.java:299)&#xD;
	at com.kms.katalon.core.main.TestCaseExecutor.execute(TestCaseExecutor.java:233)&#xD;
	at com.kms.katalon.core.main.TestCaseMain.runTestCase(TestCaseMain.java:114)&#xD;
	at com.kms.katalon.core.keyword.builtin.CallTestCaseKeyword$_callTestCase_closure1.doCall(CallTestCaseKeyword.groovy:59)&#xD;
	at com.kms.katalon.core.keyword.builtin.CallTestCaseKeyword$_callTestCase_closure1.call(CallTestCaseKeyword.groovy)&#xD;
	at com.kms.katalon.core.keyword.internal.KeywordMain.runKeyword(KeywordMain.groovy:68)&#xD;
	at com.kms.katalon.core.keyword.builtin.CallTestCaseKeyword.callTestCase(CallTestCaseKeyword.groovy:81)&#xD;
	at com.kms.katalon.core.keyword.builtin.CallTestCaseKeyword.execute(CallTestCaseKeyword.groovy:44)&#xD;
	at com.kms.katalon.core.keyword.internal.KeywordExecutor.executeKeywordForPlatform(KeywordExecutor.groovy:56)&#xD;
	at com.kms.katalon.core.keyword.BuiltinKeywords.callTestCase(BuiltinKeywords.groovy:334)&#xD;
	at All_Sysadmin_Testcases.run(All_Sysadmin_Testcases:50)&#xD;
	at com.kms.katalon.core.main.ScriptEngine.run(ScriptEngine.java:194)&#xD;
	at com.kms.katalon.core.main.ScriptEngine.runScriptAsRawText(ScriptEngine.java:119)&#xD;
	at com.kms.katalon.core.main.TestCaseExecutor.runScript(TestCaseExecutor.java:337)&#xD;
	at com.kms.katalon.core.main.TestCaseExecutor.doExecute(TestCaseExecutor.java:328)&#xD;
	at com.kms.katalon.core.main.TestCaseExecutor.processExecutionPhase(TestCaseExecutor.java:307)&#xD;
	at com.kms.katalon.core.main.TestCaseExecutor.accessMainPhase(TestCaseExecutor.java:299)&#xD;
	at com.kms.katalon.core.main.TestCaseExecutor.execute(TestCaseExecutor.java:233)&#xD;
	at com.kms.katalon.core.main.TestSuiteExecutor.accessTestCaseMainPhase(TestSuiteExecutor.java:133)&#xD;
	at com.kms.katalon.core.main.TestSuiteExecutor.accessTestSuiteMainPhase(TestSuiteExecutor.java:116)&#xD;
	at com.kms.katalon.core.main.TestSuiteExecutor.execute(TestSuiteExecutor.java:83)&#xD;
	at com.kms.katalon.core.main.TestCaseMain.startTestSuite(TestCaseMain.java:157)&#xD;
	at com.kms.katalon.core.main.TestCaseMain$startTestSuite$0.call(Unknown Source)&#xD;
	at TempTestSuite1563198510048.run(TempTestSuite1563198510048.groovy:35)&#xD;
Caused by: org.openqa.selenium.ElementNotVisibleException: element not interactable
  (Session info: chrome=75.0.3770.100)
  (Driver info: chromedriver=74.0.3729.6 (255758eccf3d244491b8a1317aa76e1ce10d57e9-refs/branch-heads/3729@{#29}),platform=Windows NT 10.0.17134 x86_64) (WARNING: The server did not provide any stacktrace information)
Command duration or timeout: 0 milliseconds
Build info: version: '3.141.59', revision: 'e82be7d358', time: '2018-11-14T08:25:53'
System info: host: 'ROECR-L013', ip: '192.168.1.250', os.name: 'Windows 10', os.arch: 'amd64', os.version: '10.0', java.version: '1.8.0_181'
Driver info: com.kms.katalon.selenium.driver.CChromeDriver
Capabilities {acceptInsecureCerts: false, acceptSslCerts: false, applicationCacheEnabled: false, browserConnectionEnabled: false, browserName: chrome, chrome: {chromedriverVersion: 74.0.3729.6 (255758eccf3d24..., userDataDir: C:\Users\BOGDAN~1.ERE\AppDa...}, cssSelectorsEnabled: true, databaseEnabled: false, goog:chromeOptions: {debuggerAddress: localhost:62923}, handlesAlerts: true, hasTouchScreen: false, javascriptEnabled: true, locationContextEnabled: true, mobileEmulationEnabled: false, nativeEvents: true, networkConnectionEnabled: false, pageLoadStrategy: normal, platform: XP, platformName: XP, proxy: Proxy(), rotatable: false, setWindowRect: true, strictFileInteractability: false, takesHeapSnapshot: true, takesScreenshot: true, timeouts: {implicit: 0, pageLoad: 300000, script: 30000}, unexpectedAlertBehaviour: ignore, unhandledPromptBehavior: ignore, version: 75.0.3770.100, webStorageEnabled: true}
Session ID: 6734efcbd875a324eb697559a70c9c17&#xD;
	at org.openqa.selenium.remote.ErrorHandler.createThrowable(ErrorHandler.java:214)&#xD;
	at org.openqa.selenium.remote.ErrorHandler.throwIfResponseFailed(ErrorHandler.java:166)&#xD;
	at org.openqa.selenium.remote.http.JsonHttpResponseCodec.reconstructValue(JsonHttpResponseCodec.java:40)&#xD;
	at org.openqa.selenium.remote.http.AbstractHttpResponseCodec.decode(AbstractHttpResponseCodec.java:80)&#xD;
	at org.openqa.selenium.remote.http.AbstractHttpResponseCodec.decode(AbstractHttpResponseCodec.java:44)&#xD;
	at org.openqa.selenium.remote.HttpCommandExecutor.execute(HttpCommandExecutor.java:158)&#xD;
	at org.openqa.selenium.remote.service.DriverCommandExecutor.execute(DriverCommandExecutor.java:83)&#xD;
	at org.openqa.selenium.remote.RemoteWebDriver.execute(RemoteWebDriver.java:552)&#xD;
	at com.kms.katalon.selenium.driver.CChromeDriver.execute(CChromeDriver.java:20)&#xD;
	at org.openqa.selenium.remote.RemoteWebElement.execute(RemoteWebElement.java:285)&#xD;
	at org.openqa.selenium.remote.RemoteWebElement.click(RemoteWebElement.java:84)&#xD;
	at com.kms.katalon.core.webui.keyword.builtin.ClickKeyword$_click_closure1.doCall(ClickKeyword.groovy:79)&#xD;
	at com.kms.katalon.core.webui.keyword.builtin.ClickKeyword$_click_closure1.call(ClickKeyword.groovy)&#xD;
	at com.kms.katalon.core.webui.keyword.internal.WebUIKeywordMain.runKeyword(WebUIKeywordMain.groovy:20)&#xD;
	... 35 more&#xD;
&#xD;
&#xD;
2019-07-15 16:50:54 - [TEST_STEP][NOT_RUN] - callTestCase(findTestCase("Sysadmin Login Page/login_Simple"), [:], STOP_ON_FAILURE): NOT_RUN: callTestCase(findTestCase("Sysadmin Login Page/login_Simple"), [:], STOP_ON_FAILURE)&#xD;
&#xD;
2019-07-15 16:50:54 - [MESSAGE][NOT_RUN] - NOT_RUN: callTestCase(findTestCase("Sysadmin Login Page/login_Simple"), [:], STOP_ON_FAILURE)&#xD;
&#xD;
2019-07-15 16:50:54 - [TEST_STEP][PASSED] - click(findTestObject("Sysadmin Portal/Sysadmin dropdown")): Object: 'Object Repository/Sysadmin Portal/Sysadmin dropdown' is clicked on&#xD;
&#xD;
2019-07-15 16:50:54 - [MESSAGE][PASSED] - Object: 'Object Repository/Sysadmin Portal/Sysadmin dropdown' is clicked on&#xD;
&#xD;
2019-07-15 16:50:54 - [TEST_STEP][PASSED] - click(findTestObject("Sysadmin Portal/Sysadmin_dropdown/Sys_Dropdown_Edit Account")): Object: 'Object Repository/Sysadmin Portal/Sysadmin_dropdown/Sys_Dropdown_Edit Account' is clicked on&#xD;
&#xD;
2019-07-15 16:50:54 - [MESSAGE][PASSED] - Object: 'Object Repository/Sysadmin Portal/Sysadmin_dropdown/Sys_Dropdown_Edit Account' is clicked on&#xD;
&#xD;
2019-07-15 16:50:54 - [TEST_STEP][PASSED] - verifyElementAttributeValue(findTestObject("Sysadmin Portal/Sysadmin_dropdown/Edit Account Window/input_userNameTxt"), "readonly", "true", 0): Object 'Object Repository/Sysadmin Portal/Sysadmin_dropdown/Edit Account Window/input_userNameTxt' has attribute 'readonly' with value 'true'&#xD;
&#xD;
2019-07-15 16:50:54 - [MESSAGE][WARNING] - Timeout '0' is invalid. Using default page load timeout: '5'&#xD;
&#xD;
2019-07-15 16:50:55 - [MESSAGE][PASSED] - Object 'Object Repository/Sysadmin Portal/Sysadmin_dropdown/Edit Account Window/input_userNameTxt' has attribute 'readonly' with value 'true'&#xD;
&#xD;
2019-07-15 16:50:55 - [TEST_STEP][PASSED] - click(findTestObject("Object Repository/Page_Welcome - EOS/button_Change Password")): Object: 'Object Repository/Page_Welcome - EOS/button_Change Password' is clicked on&#xD;
&#xD;
2019-07-15 16:50:55 - [MESSAGE][PASSED] - Object: 'Object Repository/Page_Welcome - EOS/button_Change Password' is clicked on&#xD;
&#xD;
2019-07-15 16:50:55 - [TEST_STEP][PASSED] - delay(1): Delayed 1 second(s)&#xD;
&#xD;
2019-07-15 16:50:56 - [MESSAGE][PASSED] - Delayed 1 second(s)&#xD;
&#xD;
2019-07-15 16:50:56 - [TEST_STEP][PASSED] - setText(findTestObject("Sysadmin Portal/Sysadmin_dropdown/Edit Account Window/input_oldPasswordTxt"), "sysadmi"): Text 'sysadmi' is set on object 'Object Repository/Sysadmin Portal/Sysadmin_dropdown/Edit Account Window/input_oldPasswordTxt'&#xD;
&#xD;
2019-07-15 16:50:56 - [MESSAGE][PASSED] - Text 'sysadmi' is set on object 'Object Repository/Sysadmin Portal/Sysadmin_dropdown/Edit Account Window/input_oldPasswordTxt'&#xD;
&#xD;
2019-07-15 16:50:56 - [TEST_STEP][PASSED] - setText(findTestObject("Sysadmin Portal/Sysadmin_dropdown/Edit Account Window/input_newPasswordTxt"), "sysadmin"): Text 'sysadmin' is set on object 'Object Repository/Sysadmin Portal/Sysadmin_dropdown/Edit Account Window/input_newPasswordTxt'&#xD;
&#xD;
2019-07-15 16:50:56 - [MESSAGE][PASSED] - Text 'sysadmin' is set on object 'Object Repository/Sysadmin Portal/Sysadmin_dropdown/Edit Account Window/input_newPasswordTxt'&#xD;
&#xD;
2019-07-15 16:50:56 - [TEST_STEP][PASSED] - setText(findTestObject("Sysadmin Portal/Sysadmin_dropdown/Edit Account Window/input_confirmPasswordTxt"), "sysadmin"): Text 'sysadmin' is set on object 'Object Repository/Sysadmin Portal/Sysadmin_dropdown/Edit Account Window/input_confirmPasswordTxt'&#xD;
&#xD;
2019-07-15 16:50:56 - [MESSAGE][PASSED] - Text 'sysadmin' is set on object 'Object Repository/Sysadmin Portal/Sysadmin_dropdown/Edit Account Window/input_confirmPasswordTxt'&#xD;
&#xD;
2019-07-15 16:50:56 - [TEST_STEP][FAILED] - click(findTestObject("Object Repository/Page_Welcome - EOS/button_OK_1")): Unable to click on object 'Object Repository/Page_Welcome - EOS/button_OK_1' (Root cause: com.kms.katalon.core.exception.StepFailedException: Unable to click on object 'Object Repository/Page_Welcome - EOS/button_OK_1'&#xD;
	at com.kms.katalon.core.webui.keyword.internal.WebUIKeywordMain.stepFailed(WebUIKeywordMain.groovy:64)&#xD;
	at com.kms.katalon.core.webui.keyword.internal.WebUIKeywordMain.runKeyword(WebUIKeywordMain.groovy:26)&#xD;
	at com.kms.katalon.core.webui.keyword.builtin.ClickKeyword.click(ClickKeyword.groovy:86)&#xD;
	at com.kms.katalon.core.webui.keyword.builtin.ClickKeyword.execute(ClickKeyword.groovy:67)&#xD;
	at com.kms.katalon.core.keyword.internal.KeywordExecutor.executeKeywordForPlatform(KeywordExecutor.groovy:56)&#xD;
	at com.kms.katalon.core.webui.keyword.WebUiBuiltInKeywords.click(WebUiBuiltInKeywords.groovy:616)&#xD;
	at com.kms.katalon.core.webui.keyword.WebUiBuiltInKeywords$click$9.call(Unknown Source)&#xD;
	at Edit Account.run(Edit Account:42)&#xD;
	at com.kms.katalon.core.main.ScriptEngine.run(ScriptEngine.java:194)&#xD;
	at com.kms.katalon.core.main.ScriptEngine.runScriptAsRawText(ScriptEngine.java:119)&#xD;
	at com.kms.katalon.core.main.TestCaseExecutor.runScript(TestCaseExecutor.java:337)&#xD;
	at com.kms.katalon.core.main.TestCaseExecutor.doExecute(TestCaseExecutor.java:328)&#xD;
	at com.kms.katalon.core.main.TestCaseExecutor.processExecutionPhase(TestCaseExecutor.java:307)&#xD;
	at com.kms.katalon.core.main.TestCaseExecutor.accessMainPhase(TestCaseExecutor.java:299)&#xD;
	at com.kms.katalon.core.main.TestCaseExecutor.execute(TestCaseExecutor.java:233)&#xD;
	at com.kms.katalon.core.main.TestCaseMain.runTestCase(TestCaseMain.java:114)&#xD;
	at com.kms.katalon.core.keyword.builtin.CallTestCaseKeyword$_callTestCase_closure1.doCall(CallTestCaseKeyword.groovy:59)&#xD;
	at com.kms.katalon.core.keyword.builtin.CallTestCaseKeyword$_callTestCase_closure1.call(CallTestCaseKeyword.groovy)&#xD;
	at com.kms.katalon.core.keyword.internal.KeywordMain.runKeyword(KeywordMain.groovy:68)&#xD;
	at com.kms.katalon.core.keyword.builtin.CallTestCaseKeyword.callTestCase(CallTestCaseKeyword.groovy:81)&#xD;
	at com.kms.katalon.core.keyword.builtin.CallTestCaseKeyword.execute(CallTestCaseKeyword.groovy:44)&#xD;
	at com.kms.katalon.core.keyword.internal.KeywordExecutor.executeKeywordForPlatform(KeywordExecutor.groovy:56)&#xD;
	at com.kms.katalon.core.keyword.BuiltinKeywords.callTestCase(BuiltinKeywords.groovy:334)&#xD;
	at All_Sysadmin_Testcases.run(All_Sysadmin_Testcases:50)&#xD;
	at com.kms.katalon.core.main.ScriptEngine.run(ScriptEngine.java:194)&#xD;
	at com.kms.katalon.core.main.ScriptEngine.runScriptAsRawText(ScriptEngine.java:119)&#xD;
	at com.kms.katalon.core.main.TestCaseExecutor.runScript(TestCaseExecutor.java:337)&#xD;
	at com.kms.katalon.core.main.TestCaseExecutor.doExecute(TestCaseExecutor.java:328)&#xD;
	at com.kms.katalon.core.main.TestCaseExecutor.processExecutionPhase(TestCaseExecutor.java:307)&#xD;
	at com.kms.katalon.core.main.TestCaseExecutor.accessMainPhase(TestCaseExecutor.java:299)&#xD;
	at com.kms.katalon.core.main.TestCaseExecutor.execute(TestCaseExecutor.java:233)&#xD;
	at com.kms.katalon.core.main.TestSuiteExecutor.accessTestCaseMainPhase(TestSuiteExecutor.java:133)&#xD;
	at com.kms.katalon.core.main.TestSuiteExecutor.accessTestSuiteMainPhase(TestSuiteExecutor.java:116)&#xD;
	at com.kms.katalon.core.main.TestSuiteExecutor.execute(TestSuiteExecutor.java:83)&#xD;
	at com.kms.katalon.core.main.TestCaseMain.startTestSuite(TestCaseMain.java:157)&#xD;
	at com.kms.katalon.core.main.TestCaseMain$startTestSuite$0.call(Unknown Source)&#xD;
	at TempTestSuite1563198510048.run(TempTestSuite1563198510048.groovy:35)&#xD;
Caused by: org.openqa.selenium.ElementNotVisibleException: element not interactable
  (Session info: chrome=75.0.3770.100)
  (Driver info: chromedriver=74.0.3729.6 (255758eccf3d244491b8a1317aa76e1ce10d57e9-refs/branch-heads/3729@{#29}),platform=Windows NT 10.0.17134 x86_64) (WARNING: The server did not provide any stacktrace information)
Command duration or timeout: 0 milliseconds
Build info: version: '3.141.59', revision: 'e82be7d358', time: '2018-11-14T08:25:53'
System info: host: 'ROECR-L013', ip: '192.168.1.250', os.name: 'Windows 10', os.arch: 'amd64', os.version: '10.0', java.version: '1.8.0_181'
Driver info: com.kms.katalon.selenium.driver.CChromeDriver
Capabilities {acceptInsecureCerts: false, acceptSslCerts: false, applicationCacheEnabled: false, browserConnectionEnabled: false, browserName: chrome, chrome: {chromedriverVersion: 74.0.3729.6 (255758eccf3d24..., userDataDir: C:\Users\BOGDAN~1.ERE\AppDa...}, cssSelectorsEnabled: true, databaseEnabled: false, goog:chromeOptions: {debuggerAddress: localhost:62923}, handlesAlerts: true, hasTouchScreen: false, javascriptEnabled: true, locationContextEnabled: true, mobileEmulationEnabled: false, nativeEvents: true, networkConnectionEnabled: false, pageLoadStrategy: normal, platform: XP, platformName: XP, proxy: Proxy(), rotatable: false, setWindowRect: true, strictFileInteractability: false, takesHeapSnapshot: true, takesScreenshot: true, timeouts: {implicit: 0, pageLoad: 300000, script: 30000}, unexpectedAlertBehaviour: ignore, unhandledPromptBehavior: ignore, version: 75.0.3770.100, webStorageEnabled: true}
Session ID: 6734efcbd875a324eb697559a70c9c17&#xD;
	at org.openqa.selenium.remote.ErrorHandler.createThrowable(ErrorHandler.java:214)&#xD;
	at org.openqa.selenium.remote.ErrorHandler.throwIfResponseFailed(ErrorHandler.java:166)&#xD;
	at org.openqa.selenium.remote.http.JsonHttpResponseCodec.reconstructValue(JsonHttpResponseCodec.java:40)&#xD;
	at org.openqa.selenium.remote.http.AbstractHttpResponseCodec.decode(AbstractHttpResponseCodec.java:80)&#xD;
	at org.openqa.selenium.remote.http.AbstractHttpResponseCodec.decode(AbstractHttpResponseCodec.java:44)&#xD;
	at org.openqa.selenium.remote.HttpCommandExecutor.execute(HttpCommandExecutor.java:158)&#xD;
	at org.openqa.selenium.remote.service.DriverCommandExecutor.execute(DriverCommandExecutor.java:83)&#xD;
	at org.openqa.selenium.remote.RemoteWebDriver.execute(RemoteWebDriver.java:552)&#xD;
	at com.kms.katalon.selenium.driver.CChromeDriver.execute(CChromeDriver.java:20)&#xD;
	at org.openqa.selenium.remote.RemoteWebElement.execute(RemoteWebElement.java:285)&#xD;
	at org.openqa.selenium.remote.RemoteWebElement.click(RemoteWebElement.java:84)&#xD;
	at com.kms.katalon.core.webui.keyword.builtin.ClickKeyword$_click_closure1.doCall(ClickKeyword.groovy:79)&#xD;
	at com.kms.katalon.core.webui.keyword.builtin.ClickKeyword$_click_closure1.call(ClickKeyword.groovy)&#xD;
	at com.kms.katalon.core.webui.keyword.internal.WebUIKeywordMain.runKeyword(WebUIKeywordMain.groovy:20)&#xD;
	at com.kms.katalon.core.webui.keyword.builtin.ClickKeyword.click(ClickKeyword.groovy:86)&#xD;
	at com.kms.katalon.core.webui.keyword.builtin.ClickKeyword.execute(ClickKeyword.groovy:67)&#xD;
	at com.kms.katalon.core.keyword.internal.KeywordExecutor.executeKeywordForPlatform(KeywordExecutor.groovy:56)&#xD;
	at com.kms.katalon.core.webui.keyword.WebUiBuiltInKeywords.click(WebUiBuiltInKeywords.groovy:616)&#xD;
	at com.kms.katalon.core.webui.keyword.WebUiBuiltInKeywords$click$9.call(Unknown Source)&#xD;
	at Script1531309759196.run(Script1531309759196.groovy:42)&#xD;
	at com.kms.katalon.core.main.ScriptEngine.run(ScriptEngine.java:194)&#xD;
	at com.kms.katalon.core.main.ScriptEngine.runScriptAsRawText(ScriptEngine.java:119)&#xD;
	at com.kms.katalon.core.main.TestCaseExecutor.runScript(TestCaseExecutor.java:337)&#xD;
	at com.kms.katalon.core.main.TestCaseExecutor.doExecute(TestCaseExecutor.java:328)&#xD;
	at com.kms.katalon.core.main.TestCaseExecutor.processExecutionPhase(TestCaseExecutor.java:307)&#xD;
	at com.kms.katalon.core.main.TestCaseExecutor.accessMainPhase(TestCaseExecutor.java:299)&#xD;
	at com.kms.katalon.core.main.TestCaseExecutor.execute(TestCaseExecutor.java:233)&#xD;
	at com.kms.katalon.core.main.TestCaseMain.runTestCase(TestCaseMain.java:114)&#xD;
	at com.kms.katalon.core.keyword.builtin.CallTestCaseKeyword$_callTestCase_closure1.doCall(CallTestCaseKeyword.groovy:59)&#xD;
	at com.kms.katalon.core.keyword.builtin.CallTestCaseKeyword$_callTestCase_closure1.call(CallTestCaseKeyword.groovy)&#xD;
	at com.kms.katalon.core.keyword.internal.KeywordMain.runKeyword(KeywordMain.groovy:68)&#xD;
	at com.kms.katalon.core.keyword.builtin.CallTestCaseKeyword.callTestCase(CallTestCaseKeyword.groovy:81)&#xD;
	at com.kms.katalon.core.keyword.builtin.CallTestCaseKeyword.execute(CallTestCaseKeyword.groovy:44)&#xD;
	at com.kms.katalon.core.keyword.internal.KeywordExecutor.executeKeywordForPlatform(KeywordExecutor.groovy:56)&#xD;
	at com.kms.katalon.core.keyword.BuiltinKeywords.callTestCase(BuiltinKeywords.groovy:334)&#xD;
	at Script1562234025561.run(Script1562234025561.groovy:50)&#xD;
	... 13 more&#xD;
)&#xD;
&#xD;
2019-07-15 16:50:56 - [MESSAGE][FAILED] - Unable to click on object 'Object Repository/Page_Welcome - EOS/button_OK_1' (Root cause: com.kms.katalon.core.exception.StepFailedException: Unable to click on object 'Object Repository/Page_Welcome - EOS/button_OK_1'&#xD;
	at com.kms.katalon.core.webui.keyword.internal.WebUIKeywordMain.stepFailed(WebUIKeywordMain.groovy:64)&#xD;
	at com.kms.katalon.core.webui.keyword.internal.WebUIKeywordMain.runKeyword(WebUIKeywordMain.groovy:26)&#xD;
	at com.kms.katalon.core.webui.keyword.builtin.ClickKeyword.click(ClickKeyword.groovy:86)&#xD;
	at com.kms.katalon.core.webui.keyword.builtin.ClickKeyword.execute(ClickKeyword.groovy:67)&#xD;
	at com.kms.katalon.core.keyword.internal.KeywordExecutor.executeKeywordForPlatform(KeywordExecutor.groovy:56)&#xD;
	at com.kms.katalon.core.webui.keyword.WebUiBuiltInKeywords.click(WebUiBuiltInKeywords.groovy:616)&#xD;
	at com.kms.katalon.core.webui.keyword.WebUiBuiltInKeywords$click$9.call(Unknown Source)&#xD;
	at Edit Account.run(Edit Account:42)&#xD;
	at com.kms.katalon.core.main.ScriptEngine.run(ScriptEngine.java:194)&#xD;
	at com.kms.katalon.core.main.ScriptEngine.runScriptAsRawText(ScriptEngine.java:119)&#xD;
	at com.kms.katalon.core.main.TestCaseExecutor.runScript(TestCaseExecutor.java:337)&#xD;
	at com.kms.katalon.core.main.TestCaseExecutor.doExecute(TestCaseExecutor.java:328)&#xD;
	at com.kms.katalon.core.main.TestCaseExecutor.processExecutionPhase(TestCaseExecutor.java:307)&#xD;
	at com.kms.katalon.core.main.TestCaseExecutor.accessMainPhase(TestCaseExecutor.java:299)&#xD;
	at com.kms.katalon.core.main.TestCaseExecutor.execute(TestCaseExecutor.java:233)&#xD;
	at com.kms.katalon.core.main.TestCaseMain.runTestCase(TestCaseMain.java:114)&#xD;
	at com.kms.katalon.core.keyword.builtin.CallTestCaseKeyword$_callTestCase_closure1.doCall(CallTestCaseKeyword.groovy:59)&#xD;
	at com.kms.katalon.core.keyword.builtin.CallTestCaseKeyword$_callTestCase_closure1.call(CallTestCaseKeyword.groovy)&#xD;
	at com.kms.katalon.core.keyword.internal.KeywordMain.runKeyword(KeywordMain.groovy:68)&#xD;
	at com.kms.katalon.core.keyword.builtin.CallTestCaseKeyword.callTestCase(CallTestCaseKeyword.groovy:81)&#xD;
	at com.kms.katalon.core.keyword.builtin.CallTestCaseKeyword.execute(CallTestCaseKeyword.groovy:44)&#xD;
	at com.kms.katalon.core.keyword.internal.KeywordExecutor.executeKeywordForPlatform(KeywordExecutor.groovy:56)&#xD;
	at com.kms.katalon.core.keyword.BuiltinKeywords.callTestCase(BuiltinKeywords.groovy:334)&#xD;
	at All_Sysadmin_Testcases.run(All_Sysadmin_Testcases:50)&#xD;
	at com.kms.katalon.core.main.ScriptEngine.run(ScriptEngine.java:194)&#xD;
	at com.kms.katalon.core.main.ScriptEngine.runScriptAsRawText(ScriptEngine.java:119)&#xD;
	at com.kms.katalon.core.main.TestCaseExecutor.runScript(TestCaseExecutor.java:337)&#xD;
	at com.kms.katalon.core.main.TestCaseExecutor.doExecute(TestCaseExecutor.java:328)&#xD;
	at com.kms.katalon.core.main.TestCaseExecutor.processExecutionPhase(TestCaseExecutor.java:307)&#xD;
	at com.kms.katalon.core.main.TestCaseExecutor.accessMainPhase(TestCaseExecutor.java:299)&#xD;
	at com.kms.katalon.core.main.TestCaseExecutor.execute(TestCaseExecutor.java:233)&#xD;
	at com.kms.katalon.core.main.TestSuiteExecutor.accessTestCaseMainPhase(TestSuiteExecutor.java:133)&#xD;
	at com.kms.katalon.core.main.TestSuiteExecutor.accessTestSuiteMainPhase(TestSuiteExecutor.java:116)&#xD;
	at com.kms.katalon.core.main.TestSuiteExecutor.execute(TestSuiteExecutor.java:83)&#xD;
	at com.kms.katalon.core.main.TestCaseMain.startTestSuite(TestCaseMain.java:157)&#xD;
	at com.kms.katalon.core.main.TestCaseMain$startTestSuite$0.call(Unknown Source)&#xD;
	at TempTestSuite1563198510048.run(TempTestSuite1563198510048.groovy:35)&#xD;
Caused by: org.openqa.selenium.ElementNotVisibleException: element not interactable
  (Session info: chrome=75.0.3770.100)
  (Driver info: chromedriver=74.0.3729.6 (255758eccf3d244491b8a1317aa76e1ce10d57e9-refs/branch-heads/3729@{#29}),platform=Windows NT 10.0.17134 x86_64) (WARNING: The server did not provide any stacktrace information)
Command duration or timeout: 0 milliseconds
Build info: version: '3.141.59', revision: 'e82be7d358', time: '2018-11-14T08:25:53'
System info: host: 'ROECR-L013', ip: '192.168.1.250', os.name: 'Windows 10', os.arch: 'amd64', os.version: '10.0', java.version: '1.8.0_181'
Driver info: com.kms.katalon.selenium.driver.CChromeDriver
Capabilities {acceptInsecureCerts: false, acceptSslCerts: false, applicationCacheEnabled: false, browserConnectionEnabled: false, browserName: chrome, chrome: {chromedriverVersion: 74.0.3729.6 (255758eccf3d24..., userDataDir: C:\Users\BOGDAN~1.ERE\AppDa...}, cssSelectorsEnabled: true, databaseEnabled: false, goog:chromeOptions: {debuggerAddress: localhost:62923}, handlesAlerts: true, hasTouchScreen: false, javascriptEnabled: true, locationContextEnabled: true, mobileEmulationEnabled: false, nativeEvents: true, networkConnectionEnabled: false, pageLoadStrategy: normal, platform: XP, platformName: XP, proxy: Proxy(), rotatable: false, setWindowRect: true, strictFileInteractability: false, takesHeapSnapshot: true, takesScreenshot: true, timeouts: {implicit: 0, pageLoad: 300000, script: 30000}, unexpectedAlertBehaviour: ignore, unhandledPromptBehavior: ignore, version: 75.0.3770.100, webStorageEnabled: true}
Session ID: 6734efcbd875a324eb697559a70c9c17&#xD;
	at org.openqa.selenium.remote.ErrorHandler.createThrowable(ErrorHandler.java:214)&#xD;
	at org.openqa.selenium.remote.ErrorHandler.throwIfResponseFailed(ErrorHandler.java:166)&#xD;
	at org.openqa.selenium.remote.http.JsonHttpResponseCodec.reconstructValue(JsonHttpResponseCodec.java:40)&#xD;
	at org.openqa.selenium.remote.http.AbstractHttpResponseCodec.decode(AbstractHttpResponseCodec.java:80)&#xD;
	at org.openqa.selenium.remote.http.AbstractHttpResponseCodec.decode(AbstractHttpResponseCodec.java:44)&#xD;
	at org.openqa.selenium.remote.HttpCommandExecutor.execute(HttpCommandExecutor.java:158)&#xD;
	at org.openqa.selenium.remote.service.DriverCommandExecutor.execute(DriverCommandExecutor.java:83)&#xD;
	at org.openqa.selenium.remote.RemoteWebDriver.execute(RemoteWebDriver.java:552)&#xD;
	at com.kms.katalon.selenium.driver.CChromeDriver.execute(CChromeDriver.java:20)&#xD;
	at org.openqa.selenium.remote.RemoteWebElement.execute(RemoteWebElement.java:285)&#xD;
	at org.openqa.selenium.remote.RemoteWebElement.click(RemoteWebElement.java:84)&#xD;
	at com.kms.katalon.core.webui.keyword.builtin.ClickKeyword$_click_closure1.doCall(ClickKeyword.groovy:79)&#xD;
	at com.kms.katalon.core.webui.keyword.builtin.ClickKeyword$_click_closure1.call(ClickKeyword.groovy)&#xD;
	at com.kms.katalon.core.webui.keyword.internal.WebUIKeywordMain.runKeyword(WebUIKeywordMain.groovy:20)&#xD;
	at com.kms.katalon.core.webui.keyword.builtin.ClickKeyword.click(ClickKeyword.groovy:86)&#xD;
	at com.kms.katalon.core.webui.keyword.builtin.ClickKeyword.execute(ClickKeyword.groovy:67)&#xD;
	at com.kms.katalon.core.keyword.internal.KeywordExecutor.executeKeywordForPlatform(KeywordExecutor.groovy:56)&#xD;
	at com.kms.katalon.core.webui.keyword.WebUiBuiltInKeywords.click(WebUiBuiltInKeywords.groovy:616)&#xD;
	at com.kms.katalon.core.webui.keyword.WebUiBuiltInKeywords$click$9.call(Unknown Source)&#xD;
	at Script1531309759196.run(Script1531309759196.groovy:42)&#xD;
	at com.kms.katalon.core.main.ScriptEngine.run(ScriptEngine.java:194)&#xD;
	at com.kms.katalon.core.main.ScriptEngine.runScriptAsRawText(ScriptEngine.java:119)&#xD;
	at com.kms.katalon.core.main.TestCaseExecutor.runScript(TestCaseExecutor.java:337)&#xD;
	at com.kms.katalon.core.main.TestCaseExecutor.doExecute(TestCaseExecutor.java:328)&#xD;
	at com.kms.katalon.core.main.TestCaseExecutor.processExecutionPhase(TestCaseExecutor.java:307)&#xD;
	at com.kms.katalon.core.main.TestCaseExecutor.accessMainPhase(TestCaseExecutor.java:299)&#xD;
	at com.kms.katalon.core.main.TestCaseExecutor.execute(TestCaseExecutor.java:233)&#xD;
	at com.kms.katalon.core.main.TestCaseMain.runTestCase(TestCaseMain.java:114)&#xD;
	at com.kms.katalon.core.keyword.builtin.CallTestCaseKeyword$_callTestCase_closure1.doCall(CallTestCaseKeyword.groovy:59)&#xD;
	at com.kms.katalon.core.keyword.builtin.CallTestCaseKeyword$_callTestCase_closure1.call(CallTestCaseKeyword.groovy)&#xD;
	at com.kms.katalon.core.keyword.internal.KeywordMain.runKeyword(KeywordMain.groovy:68)&#xD;
	at com.kms.katalon.core.keyword.builtin.CallTestCaseKeyword.callTestCase(CallTestCaseKeyword.groovy:81)&#xD;
	at com.kms.katalon.core.keyword.builtin.CallTestCaseKeyword.execute(CallTestCaseKeyword.groovy:44)&#xD;
	at com.kms.katalon.core.keyword.internal.KeywordExecutor.executeKeywordForPlatform(KeywordExecutor.groovy:56)&#xD;
	at com.kms.katalon.core.keyword.BuiltinKeywords.callTestCase(BuiltinKeywords.groovy:334)&#xD;
	at Script1562234025561.run(Script1562234025561.groovy:50)&#xD;
	... 13 more&#xD;
)&#xD;
[[ATTACHMENT|C:\\Katalon Projects\\Nido_Patch3\\Reports\\Sanity1\\20190715_164830\\1563198656541.png]]&#xD;
&#xD;
2019-07-15 16:50:56 - [MESSAGE][FAILED] - Unable to call Test Case 'Test Cases/Sysadmin Portal/Edit Account/Edit Account' (Root cause: com.kms.katalon.core.exception.StepFailedException: Call Test Case 'Test Cases/Sysadmin Portal/Edit Account/Edit Account' failed&#xD;
	at com.kms.katalon.core.keyword.builtin.CallTestCaseKeyword$_callTestCase_closure1.doCall(CallTestCaseKeyword.groovy:63)&#xD;
	at com.kms.katalon.core.keyword.builtin.CallTestCaseKeyword$_callTestCase_closure1.call(CallTestCaseKeyword.groovy)&#xD;
	at com.kms.katalon.core.keyword.internal.KeywordMain.runKeyword(KeywordMain.groovy:68)&#xD;
	at com.kms.katalon.core.keyword.builtin.CallTestCaseKeyword.callTestCase(CallTestCaseKeyword.groovy:81)&#xD;
	at com.kms.katalon.core.keyword.builtin.CallTestCaseKeyword.execute(CallTestCaseKeyword.groovy:44)&#xD;
	at com.kms.katalon.core.keyword.internal.KeywordExecutor.executeKeywordForPlatform(KeywordExecutor.groovy:56)&#xD;
	at com.kms.katalon.core.keyword.BuiltinKeywords.callTestCase(BuiltinKeywords.groovy:334)&#xD;
	at All_Sysadmin_Testcases.run(All_Sysadmin_Testcases:50)&#xD;
	at com.kms.katalon.core.main.ScriptEngine.run(ScriptEngine.java:194)&#xD;
	at com.kms.katalon.core.main.ScriptEngine.runScriptAsRawText(ScriptEngine.java:119)&#xD;
	at com.kms.katalon.core.main.TestCaseExecutor.runScript(TestCaseExecutor.java:337)&#xD;
	at com.kms.katalon.core.main.TestCaseExecutor.doExecute(TestCaseExecutor.java:328)&#xD;
	at com.kms.katalon.core.main.TestCaseExecutor.processExecutionPhase(TestCaseExecutor.java:307)&#xD;
	at com.kms.katalon.core.main.TestCaseExecutor.accessMainPhase(TestCaseExecutor.java:299)&#xD;
	at com.kms.katalon.core.main.TestCaseExecutor.execute(TestCaseExecutor.java:233)&#xD;
	at com.kms.katalon.core.main.TestSuiteExecutor.accessTestCaseMainPhase(TestSuiteExecutor.java:133)&#xD;
	at com.kms.katalon.core.main.TestSuiteExecutor.accessTestSuiteMainPhase(TestSuiteExecutor.java:116)&#xD;
	at com.kms.katalon.core.main.TestSuiteExecutor.execute(TestSuiteExecutor.java:83)&#xD;
	at com.kms.katalon.core.main.TestCaseMain.startTestSuite(TestCaseMain.java:157)&#xD;
	at com.kms.katalon.core.main.TestCaseMain$startTestSuite$0.call(Unknown Source)&#xD;
	at TempTestSuite1563198510048.run(TempTestSuite1563198510048.groovy:35)&#xD;
Caused by: com.kms.katalon.core.exception.StepFailedException: Unable to click on object 'Object Repository/Page_Welcome - EOS/button_OK_1'&#xD;
	at com.kms.katalon.core.webui.keyword.internal.WebUIKeywordMain.stepFailed(WebUIKeywordMain.groovy:64)&#xD;
	at com.kms.katalon.core.webui.keyword.internal.WebUIKeywordMain.runKeyword(WebUIKeywordMain.groovy:26)&#xD;
	at com.kms.katalon.core.webui.keyword.builtin.ClickKeyword.click(ClickKeyword.groovy:86)&#xD;
	at com.kms.katalon.core.webui.keyword.builtin.ClickKeyword.execute(ClickKeyword.groovy:67)&#xD;
	at com.kms.katalon.core.keyword.internal.KeywordExecutor.executeKeywordForPlatform(KeywordExecutor.groovy:56)&#xD;
	at com.kms.katalon.core.webui.keyword.WebUiBuiltInKeywords.click(WebUiBuiltInKeywords.groovy:616)&#xD;
	at com.kms.katalon.core.webui.keyword.WebUiBuiltInKeywords$click$9.call(Unknown Source)&#xD;
	at Edit Account.run(Edit Account:42)&#xD;
	at com.kms.katalon.core.main.ScriptEngine.run(ScriptEngine.java:194)&#xD;
	at com.kms.katalon.core.main.ScriptEngine.runScriptAsRawText(ScriptEngine.java:119)&#xD;
	at com.kms.katalon.core.main.TestCaseExecutor.runScript(TestCaseExecutor.java:337)&#xD;
	at com.kms.katalon.core.main.TestCaseExecutor.doExecute(TestCaseExecutor.java:328)&#xD;
	at com.kms.katalon.core.main.TestCaseExecutor.processExecutionPhase(TestCaseExecutor.java:307)&#xD;
	at com.kms.katalon.core.main.TestCaseExecutor.accessMainPhase(TestCaseExecutor.java:299)&#xD;
	at com.kms.katalon.core.main.TestCaseExecutor.execute(TestCaseExecutor.java:233)&#xD;
	at com.kms.katalon.core.main.TestCaseMain.runTestCase(TestCaseMain.java:114)&#xD;
	at com.kms.katalon.core.keyword.builtin.CallTestCaseKeyword$_callTestCase_closure1.doCall(CallTestCaseKeyword.groovy:59)&#xD;
	... 20 more&#xD;
Caused by: org.openqa.selenium.ElementNotVisibleException: element not interactable
  (Session info: chrome=75.0.3770.100)
  (Driver info: chromedriver=74.0.3729.6 (255758eccf3d244491b8a1317aa76e1ce10d57e9-refs/branch-heads/3729@{#29}),platform=Windows NT 10.0.17134 x86_64) (WARNING: The server did not provide any stacktrace information)
Command duration or timeout: 0 milliseconds
Build info: version: '3.141.59', revision: 'e82be7d358', time: '2018-11-14T08:25:53'
System info: host: 'ROECR-L013', ip: '192.168.1.250', os.name: 'Windows 10', os.arch: 'amd64', os.version: '10.0', java.version: '1.8.0_181'
Driver info: com.kms.katalon.selenium.driver.CChromeDriver
Capabilities {acceptInsecureCerts: false, acceptSslCerts: false, applicationCacheEnabled: false, browserConnectionEnabled: false, browserName: chrome, chrome: {chromedriverVersion: 74.0.3729.6 (255758eccf3d24..., userDataDir: C:\Users\BOGDAN~1.ERE\AppDa...}, cssSelectorsEnabled: true, databaseEnabled: false, goog:chromeOptions: {debuggerAddress: localhost:62923}, handlesAlerts: true, hasTouchScreen: false, javascriptEnabled: true, locationContextEnabled: true, mobileEmulationEnabled: false, nativeEvents: true, networkConnectionEnabled: false, pageLoadStrategy: normal, platform: XP, platformName: XP, proxy: Proxy(), rotatable: false, setWindowRect: true, strictFileInteractability: false, takesHeapSnapshot: true, takesScreenshot: true, timeouts: {implicit: 0, pageLoad: 300000, script: 30000}, unexpectedAlertBehaviour: ignore, unhandledPromptBehavior: ignore, version: 75.0.3770.100, webStorageEnabled: true}
Session ID: 6734efcbd875a324eb697559a70c9c17&#xD;
	at org.openqa.selenium.remote.ErrorHandler.createThrowable(ErrorHandler.java:214)&#xD;
	at org.openqa.selenium.remote.ErrorHandler.throwIfResponseFailed(ErrorHandler.java:166)&#xD;
	at org.openqa.selenium.remote.http.JsonHttpResponseCodec.reconstructValue(JsonHttpResponseCodec.java:40)&#xD;
	at org.openqa.selenium.remote.http.AbstractHttpResponseCodec.decode(AbstractHttpResponseCodec.java:80)&#xD;
	at org.openqa.selenium.remote.http.AbstractHttpResponseCodec.decode(AbstractHttpResponseCodec.java:44)&#xD;
	at org.openqa.selenium.remote.HttpCommandExecutor.execute(HttpCommandExecutor.java:158)&#xD;
	at org.openqa.selenium.remote.service.DriverCommandExecutor.execute(DriverCommandExecutor.java:83)&#xD;
	at org.openqa.selenium.remote.RemoteWebDriver.execute(RemoteWebDriver.java:552)&#xD;
	at com.kms.katalon.selenium.driver.CChromeDriver.execute(CChromeDriver.java:20)&#xD;
	at org.openqa.selenium.remote.RemoteWebElement.execute(RemoteWebElement.java:285)&#xD;
	at org.openqa.selenium.remote.RemoteWebElement.click(RemoteWebElement.java:84)&#xD;
	at com.kms.katalon.core.webui.keyword.builtin.ClickKeyword$_click_closure1.doCall(ClickKeyword.groovy:79)&#xD;
	at com.kms.katalon.core.webui.keyword.builtin.ClickKeyword$_click_closure1.call(ClickKeyword.groovy)&#xD;
	at com.kms.katalon.core.webui.keyword.internal.WebUIKeywordMain.runKeyword(WebUIKeywordMain.groovy:20)&#xD;
	... 35 more&#xD;
)&#xD;
&#xD;
2019-07-15 16:50:56 - [TEST_STEP][PASSED] - delay(3, CONTINUE_ON_FAILURE): Delayed 3 second(s)&#xD;
&#xD;
2019-07-15 16:50:59 - [MESSAGE][PASSED] - Delayed 3 second(s)&#xD;
&#xD;
2019-07-15 16:50:59 - [TEST_STEP][PASSED] - callTestCase(findTestCase("Sysadmin Login Page/Reset password"), [:], CONTINUE_ON_FAILURE): Call Test Case 'Test Cases/Sysadmin Login Page/Reset password' successfully&#xD;
&#xD;
2019-07-15 16:50:59 - [TEST_CASE][PASSED] - Test Cases/Sysadmin Login Page/Reset password: Test Cases/Sysadmin Login Page/Reset password&#xD;
&#xD;
2019-07-15 16:51:00 - [TEST_STEP][PASSED] - openBrowser(url_sysadmin, CONTINUE_ON_FAILURE): Browser is opened with url: 'http://192.168.1.55:8095/'&#xD;
&#xD;
2019-07-15 16:51:00 - [MESSAGE][WARNING] - A browser is already opened. Closing browser and opening a new one&#xD;
&#xD;
2019-07-15 16:51:00 - [MESSAGE][INFO] - Starting 'Chrome' driver&#xD;
&#xD;
2019-07-15 16:51:02 - [MESSAGE][PASSED] - Browser is opened with url: 'http://192.168.1.55:8095/'&#xD;
&#xD;
2019-07-15 16:51:02 - [TEST_STEP][PASSED] - maximizeWindow(CONTINUE_ON_FAILURE): Current window maximized&#xD;
&#xD;
2019-07-15 16:51:04 - [MESSAGE][PASSED] - Current window maximized&#xD;
&#xD;
2019-07-15 16:51:04 - [TEST_STEP][PASSED] - click(findTestObject("Sysadmin Login Page/button_Forgot Password"), CONTINUE_ON_FAILURE): Object: 'Object Repository/Sysadmin Login Page/button_Forgot Password' is clicked on&#xD;
&#xD;
2019-07-15 16:51:04 - [MESSAGE][PASSED] - Object: 'Object Repository/Sysadmin Login Page/button_Forgot Password' is clicked on&#xD;
&#xD;
2019-07-15 16:51:04 - [TEST_STEP][PASSED] - verifyElementVisible(findTestObject("Sysadmin Login Page/Forgot Password Window/Title"), CONTINUE_ON_FAILURE): Object 'Object Repository/Sysadmin Login Page/Forgot Password Window/Title' is visible&#xD;
&#xD;
2019-07-15 16:51:04 - [MESSAGE][PASSED] - Object 'Object Repository/Sysadmin Login Page/Forgot Password Window/Title' is visible&#xD;
&#xD;
2019-07-15 16:51:04 - [TEST_STEP][PASSED] - verifyElementVisible(findTestObject("Sysadmin Login Page/Forgot Password Window/label_Email"), CONTINUE_ON_FAILURE): Object 'Object Repository/Sysadmin Login Page/Forgot Password Window/label_Email' is visible&#xD;
&#xD;
2019-07-15 16:51:04 - [MESSAGE][PASSED] - Object 'Object Repository/Sysadmin Login Page/Forgot Password Window/label_Email' is visible&#xD;
&#xD;
2019-07-15 16:51:04 - [TEST_STEP][PASSED] - verifyElementVisible(findTestObject("Sysadmin Login Page/Forgot Password Window/Email textbox"), CONTINUE_ON_FAILURE): Object 'Object Repository/Sysadmin Login Page/Forgot Password Window/Email textbox' is visible&#xD;
&#xD;
2019-07-15 16:51:04 - [MESSAGE][PASSED] - Object 'Object Repository/Sysadmin Login Page/Forgot Password Window/Email textbox' is visible&#xD;
&#xD;
2019-07-15 16:51:04 - [TEST_STEP][PASSED] - verifyElementClickable(findTestObject("Sysadmin Login Page/Forgot Password Window/Cancel_Button"), CONTINUE_ON_FAILURE): Object 'Object Repository/Sysadmin Login Page/Forgot Password Window/Cancel_Button' is clickable&#xD;
&#xD;
2019-07-15 16:51:04 - [MESSAGE][PASSED] - Object 'Object Repository/Sysadmin Login Page/Forgot Password Window/Cancel_Button' is clickable&#xD;
&#xD;
2019-07-15 16:51:04 - [TEST_STEP][PASSED] - verifyElementClickable(findTestObject("Sysadmin Login Page/Forgot Password Window/Close window X button"), CONTINUE_ON_FAILURE): Object 'Object Repository/Sysadmin Login Page/Forgot Password Window/Close window X button' is clickable&#xD;
&#xD;
2019-07-15 16:51:04 - [MESSAGE][PASSED] - Object 'Object Repository/Sysadmin Login Page/Forgot Password Window/Close window X button' is clickable&#xD;
&#xD;
2019-07-15 16:51:04 - [TEST_STEP][PASSED] - setText(findTestObject("Sysadmin Login Page/Forgot Password Window/Email textbox"), "asdasdw123@asd.com", CONTINUE_ON_FAILURE): Text 'asdasdw123@asd.com' is set on object 'Object Repository/Sysadmin Login Page/Forgot Password Window/Email textbox'&#xD;
&#xD;
2019-07-15 16:51:05 - [MESSAGE][PASSED] - Text 'asdasdw123@asd.com' is set on object 'Object Repository/Sysadmin Login Page/Forgot Password Window/Email textbox'&#xD;
&#xD;
2019-07-15 16:51:05 - [TEST_STEP][PASSED] - click(findTestObject("Sysadmin Login Page/Forgot Password Window/Send_button"), CONTINUE_ON_FAILURE): Object: 'Object Repository/Sysadmin Login Page/Forgot Password Window/Send_button' is clicked on&#xD;
&#xD;
2019-07-15 16:51:05 - [MESSAGE][PASSED] - Object: 'Object Repository/Sysadmin Login Page/Forgot Password Window/Send_button' is clicked on&#xD;
&#xD;
2019-07-15 16:51:05 - [TEST_STEP][PASSED] - waitForElementVisible(findTestObject("Sysadmin Login Page/Forgot Password Window/message_InvalidUser"), 3, CONTINUE_ON_FAILURE): Object 'Object Repository/Sysadmin Login Page/Forgot Password Window/message_InvalidUser' is visible&#xD;
&#xD;
2019-07-15 16:51:05 - [MESSAGE][PASSED] - Object 'Object Repository/Sysadmin Login Page/Forgot Password Window/message_InvalidUser' is visible&#xD;
&#xD;
2019-07-15 16:51:05 - [TEST_STEP][PASSED] - verifyElementVisible(findTestObject("Sysadmin Login Page/Forgot Password Window/message_InvalidUser"), CONTINUE_ON_FAILURE): Object 'Object Repository/Sysadmin Login Page/Forgot Password Window/message_InvalidUser' is visible&#xD;
&#xD;
2019-07-15 16:51:05 - [MESSAGE][PASSED] - Object 'Object Repository/Sysadmin Login Page/Forgot Password Window/message_InvalidUser' is visible&#xD;
&#xD;
2019-07-15 16:51:05 - [TEST_STEP][PASSED] - verifyElementText(findTestObject("Sysadmin Login Page/Forgot Password Window/message_InvalidUser"), "Password cannot be reset. Invalid user.", CONTINUE_ON_FAILURE): Actual text and expected text of test object 'Object Repository/Sysadmin Login Page/Forgot Password Window/message_InvalidUser' are matched.&#xD;
&#xD;
2019-07-15 16:51:05 - [MESSAGE][PASSED] - Actual text and expected text of test object 'Object Repository/Sysadmin Login Page/Forgot Password Window/message_InvalidUser' are matched.&#xD;
&#xD;
2019-07-15 16:51:05 - [TEST_STEP][PASSED] - setText(findTestObject("Sysadmin Login Page/Forgot Password Window/Email textbox"), "bogdan.eremia@ecrion.com", CONTINUE_ON_FAILURE): Text 'bogdan.eremia@ecrion.com' is set on object 'Object Repository/Sysadmin Login Page/Forgot Password Window/Email textbox'&#xD;
&#xD;
2019-07-15 16:51:05 - [MESSAGE][PASSED] - Text 'bogdan.eremia@ecrion.com' is set on object 'Object Repository/Sysadmin Login Page/Forgot Password Window/Email textbox'&#xD;
&#xD;
2019-07-15 16:51:05 - [TEST_STEP][PASSED] - click(findTestObject("Sysadmin Login Page/Forgot Password Window/Send_button"), CONTINUE_ON_FAILURE): Object: 'Object Repository/Sysadmin Login Page/Forgot Password Window/Send_button' is clicked on&#xD;
&#xD;
2019-07-15 16:51:05 - [MESSAGE][PASSED] - Object: 'Object Repository/Sysadmin Login Page/Forgot Password Window/Send_button' is clicked on&#xD;
&#xD;
2019-07-15 16:51:05 - [TEST_STEP][PASSED] - waitForElementVisible(findTestObject("Sysadmin Login Page/Forgot Password Window/message_Email Sent"), 40): Object 'Object Repository/Sysadmin Login Page/Forgot Password Window/message_Email Sent' is visible&#xD;
&#xD;
2019-07-15 16:51:13 - [MESSAGE][PASSED] - Object 'Object Repository/Sysadmin Login Page/Forgot Password Window/message_Email Sent' is visible&#xD;
&#xD;
2019-07-15 16:51:13 - [TEST_STEP][PASSED] - verifyElementText(findTestObject("Sysadmin Login Page/Forgot Password Window/message_Email Sent"), "Email sent with instructions on how to reset your password. Check your inbox.", CONTINUE_ON_FAILURE): Actual text and expected text of test object 'Object Repository/Sysadmin Login Page/Forgot Password Window/message_Email Sent' are matched.&#xD;
&#xD;
2019-07-15 16:51:13 - [MESSAGE][PASSED] - Actual text and expected text of test object 'Object Repository/Sysadmin Login Page/Forgot Password Window/message_Email Sent' are matched.&#xD;
&#xD;
2019-07-15 16:51:13 - [TEST_STEP][PASSED] - verifyElementText(findTestObject("Sysadmin Login Page/Forgot Password Window/button_OK"), "OK", CONTINUE_ON_FAILURE): Actual text and expected text of test object 'Object Repository/Sysadmin Login Page/Forgot Password Window/button_OK' are matched.&#xD;
&#xD;
2019-07-15 16:51:13 - [MESSAGE][PASSED] - Actual text and expected text of test object 'Object Repository/Sysadmin Login Page/Forgot Password Window/button_OK' are matched.&#xD;
&#xD;
2019-07-15 16:51:13 - [TEST_STEP][PASSED] - click(findTestObject("Sysadmin Login Page/Forgot Password Window/button_OK"), CONTINUE_ON_FAILURE): Object: 'Object Repository/Sysadmin Login Page/Forgot Password Window/button_OK' is clicked on&#xD;
&#xD;
2019-07-15 16:51:13 - [MESSAGE][PASSED] - Object: 'Object Repository/Sysadmin Login Page/Forgot Password Window/button_OK' is clicked on&#xD;
&#xD;
2019-07-15 16:51:13 - [TEST_STEP][PASSED] - closeBrowser(): Browser is closed&#xD;
&#xD;
2019-07-15 16:51:14 - [MESSAGE][PASSED] - Browser is closed&#xD;
&#xD;
2019-07-15 16:51:14 - [MESSAGE][PASSED] - Call Test Case 'Test Cases/Sysadmin Login Page/Reset password' successfully&#xD;
&#xD;
2019-07-15 16:51:14 - [TEST_STEP][PASSED] - Start listener action : sampleAfterTestCase: null</system-out>
            <system-err>2019-07-15 16:48:34 - [TEST_CASE][FAILED] - Test Cases/TESTCASE COLLECTIONS/All_Sysadmin_Testcases: Test Cases/TESTCASE COLLECTIONS/All_Sysadmin_Testcases FAILED.
Reason:
com.kms.katalon.core.exception.StepFailedException: Unable to call Test Case 'Test Cases/Sysadmin Portal/Edit Account/Edit Account' (Root cause: com.kms.katalon.core.exception.StepFailedException: Call Test Case 'Test Cases/Sysadmin Portal/Edit Account/Edit Account' failed&#xD;
	at com.kms.katalon.core.keyword.builtin.CallTestCaseKeyword$_callTestCase_closure1.doCall(CallTestCaseKeyword.groovy:63)&#xD;
	at com.kms.katalon.core.keyword.builtin.CallTestCaseKeyword$_callTestCase_closure1.call(CallTestCaseKeyword.groovy)&#xD;
	at com.kms.katalon.core.keyword.internal.KeywordMain.runKeyword(KeywordMain.groovy:68)&#xD;
	at com.kms.katalon.core.keyword.builtin.CallTestCaseKeyword.callTestCase(CallTestCaseKeyword.groovy:81)&#xD;
	at com.kms.katalon.core.keyword.builtin.CallTestCaseKeyword.execute(CallTestCaseKeyword.groovy:44)&#xD;
	at com.kms.katalon.core.keyword.internal.KeywordExecutor.executeKeywordForPlatform(KeywordExecutor.groovy:56)&#xD;
	at com.kms.katalon.core.keyword.BuiltinKeywords.callTestCase(BuiltinKeywords.groovy:334)&#xD;
	at All_Sysadmin_Testcases.run(All_Sysadmin_Testcases:50)&#xD;
	at com.kms.katalon.core.main.ScriptEngine.run(ScriptEngine.java:194)&#xD;
	at com.kms.katalon.core.main.ScriptEngine.runScriptAsRawText(ScriptEngine.java:119)&#xD;
	at com.kms.katalon.core.main.TestCaseExecutor.runScript(TestCaseExecutor.java:337)&#xD;
	at com.kms.katalon.core.main.TestCaseExecutor.doExecute(TestCaseExecutor.java:328)&#xD;
	at com.kms.katalon.core.main.TestCaseExecutor.processExecutionPhase(TestCaseExecutor.java:307)&#xD;
	at com.kms.katalon.core.main.TestCaseExecutor.accessMainPhase(TestCaseExecutor.java:299)&#xD;
	at com.kms.katalon.core.main.TestCaseExecutor.execute(TestCaseExecutor.java:233)&#xD;
	at com.kms.katalon.core.main.TestSuiteExecutor.accessTestCaseMainPhase(TestSuiteExecutor.java:133)&#xD;
	at com.kms.katalon.core.main.TestSuiteExecutor.accessTestSuiteMainPhase(TestSuiteExecutor.java:116)&#xD;
	at com.kms.katalon.core.main.TestSuiteExecutor.execute(TestSuiteExecutor.java:83)&#xD;
	at com.kms.katalon.core.main.TestCaseMain.startTestSuite(TestCaseMain.java:157)&#xD;
	at com.kms.katalon.core.main.TestCaseMain$startTestSuite$0.call(Unknown Source)&#xD;
	at TempTestSuite1563198510048.run(TempTestSuite1563198510048.groovy:35)&#xD;
Caused by: com.kms.katalon.core.exception.StepFailedException: Unable to click on object 'Object Repository/Page_Welcome - EOS/button_OK_1'&#xD;
	at com.kms.katalon.core.webui.keyword.internal.WebUIKeywordMain.stepFailed(WebUIKeywordMain.groovy:64)&#xD;
	at com.kms.katalon.core.webui.keyword.internal.WebUIKeywordMain.runKeyword(WebUIKeywordMain.groovy:26)&#xD;
	at com.kms.katalon.core.webui.keyword.builtin.ClickKeyword.click(ClickKeyword.groovy:86)&#xD;
	at com.kms.katalon.core.webui.keyword.builtin.ClickKeyword.execute(ClickKeyword.groovy:67)&#xD;
	at com.kms.katalon.core.keyword.internal.KeywordExecutor.executeKeywordForPlatform(KeywordExecutor.groovy:56)&#xD;
	at com.kms.katalon.core.webui.keyword.WebUiBuiltInKeywords.click(WebUiBuiltInKeywords.groovy:616)&#xD;
	at com.kms.katalon.core.webui.keyword.WebUiBuiltInKeywords$click$9.call(Unknown Source)&#xD;
	at Edit Account.run(Edit Account:42)&#xD;
	at com.kms.katalon.core.main.ScriptEngine.run(ScriptEngine.java:194)&#xD;
	at com.kms.katalon.core.main.ScriptEngine.runScriptAsRawText(ScriptEngine.java:119)&#xD;
	at com.kms.katalon.core.main.TestCaseExecutor.runScript(TestCaseExecutor.java:337)&#xD;
	at com.kms.katalon.core.main.TestCaseExecutor.doExecute(TestCaseExecutor.java:328)&#xD;
	at com.kms.katalon.core.main.TestCaseExecutor.processExecutionPhase(TestCaseExecutor.java:307)&#xD;
	at com.kms.katalon.core.main.TestCaseExecutor.accessMainPhase(TestCaseExecutor.java:299)&#xD;
	at com.kms.katalon.core.main.TestCaseExecutor.execute(TestCaseExecutor.java:233)&#xD;
	at com.kms.katalon.core.main.TestCaseMain.runTestCase(TestCaseMain.java:114)&#xD;
	at com.kms.katalon.core.keyword.builtin.CallTestCaseKeyword$_callTestCase_closure1.doCall(CallTestCaseKeyword.groovy:59)&#xD;
	... 20 more&#xD;
Caused by: org.openqa.selenium.ElementNotVisibleException: element not interactable
  (Session info: chrome=75.0.3770.100)
  (Driver info: chromedriver=74.0.3729.6 (255758eccf3d244491b8a1317aa76e1ce10d57e9-refs/branch-heads/3729@{#29}),platform=Windows NT 10.0.17134 x86_64) (WARNING: The server did not provide any stacktrace information)
Command duration or timeout: 0 milliseconds
Build info: version: '3.141.59', revision: 'e82be7d358', time: '2018-11-14T08:25:53'
System info: host: 'ROECR-L013', ip: '192.168.1.250', os.name: 'Windows 10', os.arch: 'amd64', os.version: '10.0', java.version: '1.8.0_181'
Driver info: com.kms.katalon.selenium.driver.CChromeDriver
Capabilities {acceptInsecureCerts: false, acceptSslCerts: false, applicationCacheEnabled: false, browserConnectionEnabled: false, browserName: chrome, chrome: {chromedriverVersion: 74.0.3729.6 (255758eccf3d24..., userDataDir: C:\Users\BOGDAN~1.ERE\AppDa...}, cssSelectorsEnabled: true, databaseEnabled: false, goog:chromeOptions: {debuggerAddress: localhost:62923}, handlesAlerts: true, hasTouchScreen: false, javascriptEnabled: true, locationContextEnabled: true, mobileEmulationEnabled: false, nativeEvents: true, networkConnectionEnabled: false, pageLoadStrategy: normal, platform: XP, platformName: XP, proxy: Proxy(), rotatable: false, setWindowRect: true, strictFileInteractability: false, takesHeapSnapshot: true, takesScreenshot: true, timeouts: {implicit: 0, pageLoad: 300000, script: 30000}, unexpectedAlertBehaviour: ignore, unhandledPromptBehavior: ignore, version: 75.0.3770.100, webStorageEnabled: true}
Session ID: 6734efcbd875a324eb697559a70c9c17&#xD;
	at org.openqa.selenium.remote.ErrorHandler.createThrowable(ErrorHandler.java:214)&#xD;
	at org.openqa.selenium.remote.ErrorHandler.throwIfResponseFailed(ErrorHandler.java:166)&#xD;
	at org.openqa.selenium.remote.http.JsonHttpResponseCodec.reconstructValue(JsonHttpResponseCodec.java:40)&#xD;
	at org.openqa.selenium.remote.http.AbstractHttpResponseCodec.decode(AbstractHttpResponseCodec.java:80)&#xD;
	at org.openqa.selenium.remote.http.AbstractHttpResponseCodec.decode(AbstractHttpResponseCodec.java:44)&#xD;
	at org.openqa.selenium.remote.HttpCommandExecutor.execute(HttpCommandExecutor.java:158)&#xD;
	at org.openqa.selenium.remote.service.DriverCommandExecutor.execute(DriverCommandExecutor.java:83)&#xD;
	at org.openqa.selenium.remote.RemoteWebDriver.execute(RemoteWebDriver.java:552)&#xD;
	at com.kms.katalon.selenium.driver.CChromeDriver.execute(CChromeDriver.java:20)&#xD;
	at org.openqa.selenium.remote.RemoteWebElement.execute(RemoteWebElement.java:285)&#xD;
	at org.openqa.selenium.remote.RemoteWebElement.click(RemoteWebElement.java:84)&#xD;
	at com.kms.katalon.core.webui.keyword.builtin.ClickKeyword$_click_closure1.doCall(ClickKeyword.groovy:79)&#xD;
	at com.kms.katalon.core.webui.keyword.builtin.ClickKeyword$_click_closure1.call(ClickKeyword.groovy)&#xD;
	at com.kms.katalon.core.webui.keyword.internal.WebUIKeywordMain.runKeyword(WebUIKeywordMain.groovy:20)&#xD;
	... 35 more&#xD;
)&#xD;
	at com.kms.katalon.core.keyword.internal.KeywordMain.stepFailed(KeywordMain.groovy:39)&#xD;
	at com.kms.katalon.core.keyword.internal.KeywordMain.stepFailed(KeywordMain.groovy)&#xD;
	at com.kms.katalon.core.keyword.internal.KeywordMain.runKeyword(KeywordMain.groovy:70)&#xD;
	at com.kms.katalon.core.keyword.builtin.CallTestCaseKeyword.callTestCase(CallTestCaseKeyword.groovy:81)&#xD;
	at com.kms.katalon.core.keyword.builtin.CallTestCaseKeyword.execute(CallTestCaseKeyword.groovy:44)&#xD;
	at com.kms.katalon.core.keyword.internal.KeywordExecutor.executeKeywordForPlatform(KeywordExecutor.groovy:56)&#xD;
	at com.kms.katalon.core.keyword.BuiltinKeywords.callTestCase(BuiltinKeywords.groovy:334)&#xD;
	at All_Sysadmin_Testcases.run(All_Sysadmin_Testcases:50)&#xD;
	at com.kms.katalon.core.main.ScriptEngine.run(ScriptEngine.java:194)&#xD;
	at com.kms.katalon.core.main.ScriptEngine.runScriptAsRawText(ScriptEngine.java:119)&#xD;
	at com.kms.katalon.core.main.TestCaseExecutor.runScript(TestCaseExecutor.java:337)&#xD;
	at com.kms.katalon.core.main.TestCaseExecutor.doExecute(TestCaseExecutor.java:328)&#xD;
	at com.kms.katalon.core.main.TestCaseExecutor.processExecutionPhase(TestCaseExecutor.java:307)&#xD;
	at com.kms.katalon.core.main.TestCaseExecutor.accessMainPhase(TestCaseExecutor.java:299)&#xD;
	at com.kms.katalon.core.main.TestCaseExecutor.execute(TestCaseExecutor.java:233)&#xD;
	at com.kms.katalon.core.main.TestSuiteExecutor.accessTestCaseMainPhase(TestSuiteExecutor.java:133)&#xD;
	at com.kms.katalon.core.main.TestSuiteExecutor.accessTestSuiteMainPhase(TestSuiteExecutor.java:116)&#xD;
	at com.kms.katalon.core.main.TestSuiteExecutor.execute(TestSuiteExecutor.java:83)&#xD;
	at com.kms.katalon.core.main.TestCaseMain.startTestSuite(TestCaseMain.java:157)&#xD;
	at com.kms.katalon.core.main.TestCaseMain$startTestSuite$0.call(Unknown Source)&#xD;
	at TempTestSuite1563198510048.run(TempTestSuite1563198510048.groovy:35)&#xD;
Caused by: com.kms.katalon.core.exception.StepFailedException: Call Test Case 'Test Cases/Sysadmin Portal/Edit Account/Edit Account' failed&#xD;
	at com.kms.katalon.core.keyword.builtin.CallTestCaseKeyword$_callTestCase_closure1.doCall(CallTestCaseKeyword.groovy:63)&#xD;
	at com.kms.katalon.core.keyword.builtin.CallTestCaseKeyword$_callTestCase_closure1.call(CallTestCaseKeyword.groovy)&#xD;
	at com.kms.katalon.core.keyword.internal.KeywordMain.runKeyword(KeywordMain.groovy:68)&#xD;
	... 18 more&#xD;
Caused by: com.kms.katalon.core.exception.StepFailedException: Unable to click on object 'Object Repository/Page_Welcome - EOS/button_OK_1'&#xD;
	at com.kms.katalon.core.webui.keyword.internal.WebUIKeywordMain.stepFailed(WebUIKeywordMain.groovy:64)&#xD;
	at com.kms.katalon.core.webui.keyword.internal.WebUIKeywordMain.runKeyword(WebUIKeywordMain.groovy:26)&#xD;
	at com.kms.katalon.core.webui.keyword.builtin.ClickKeyword.click(ClickKeyword.groovy:86)&#xD;
	at com.kms.katalon.core.webui.keyword.builtin.ClickKeyword.execute(ClickKeyword.groovy:67)&#xD;
	at com.kms.katalon.core.keyword.internal.KeywordExecutor.executeKeywordForPlatform(KeywordExecutor.groovy:56)&#xD;
	at com.kms.katalon.core.webui.keyword.WebUiBuiltInKeywords.click(WebUiBuiltInKeywords.groovy:616)&#xD;
	at com.kms.katalon.core.webui.keyword.WebUiBuiltInKeywords$click$9.call(Unknown Source)&#xD;
	at Edit Account.run(Edit Account:42)&#xD;
	at com.kms.katalon.core.main.ScriptEngine.run(ScriptEngine.java:194)&#xD;
	at com.kms.katalon.core.main.ScriptEngine.runScriptAsRawText(ScriptEngine.java:119)&#xD;
	at com.kms.katalon.core.main.TestCaseExecutor.runScript(TestCaseExecutor.java:337)&#xD;
	at com.kms.katalon.core.main.TestCaseExecutor.doExecute(TestCaseExecutor.java:328)&#xD;
	at com.kms.katalon.core.main.TestCaseExecutor.processExecutionPhase(TestCaseExecutor.java:307)&#xD;
	at com.kms.katalon.core.main.TestCaseExecutor.accessMainPhase(TestCaseExecutor.java:299)&#xD;
	at com.kms.katalon.core.main.TestCaseExecutor.execute(TestCaseExecutor.java:233)&#xD;
	at com.kms.katalon.core.main.TestCaseMain.runTestCase(TestCaseMain.java:114)&#xD;
	at com.kms.katalon.core.keyword.builtin.CallTestCaseKeyword$_callTestCase_closure1.doCall(CallTestCaseKeyword.groovy:59)&#xD;
	... 20 more&#xD;
Caused by: org.openqa.selenium.ElementNotVisibleException: element not interactable
  (Session info: chrome=75.0.3770.100)
  (Driver info: chromedriver=74.0.3729.6 (255758eccf3d244491b8a1317aa76e1ce10d57e9-refs/branch-heads/3729@{#29}),platform=Windows NT 10.0.17134 x86_64) (WARNING: The server did not provide any stacktrace information)
Command duration or timeout: 0 milliseconds
Build info: version: '3.141.59', revision: 'e82be7d358', time: '2018-11-14T08:25:53'
System info: host: 'ROECR-L013', ip: '192.168.1.250', os.name: 'Windows 10', os.arch: 'amd64', os.version: '10.0', java.version: '1.8.0_181'
Driver info: com.kms.katalon.selenium.driver.CChromeDriver
Capabilities {acceptInsecureCerts: false, acceptSslCerts: false, applicationCacheEnabled: false, browserConnectionEnabled: false, browserName: chrome, chrome: {chromedriverVersion: 74.0.3729.6 (255758eccf3d24..., userDataDir: C:\Users\BOGDAN~1.ERE\AppDa...}, cssSelectorsEnabled: true, databaseEnabled: false, goog:chromeOptions: {debuggerAddress: localhost:62923}, handlesAlerts: true, hasTouchScreen: false, javascriptEnabled: true, locationContextEnabled: true, mobileEmulationEnabled: false, nativeEvents: true, networkConnectionEnabled: false, pageLoadStrategy: normal, platform: XP, platformName: XP, proxy: Proxy(), rotatable: false, setWindowRect: true, strictFileInteractability: false, takesHeapSnapshot: true, takesScreenshot: true, timeouts: {implicit: 0, pageLoad: 300000, script: 30000}, unexpectedAlertBehaviour: ignore, unhandledPromptBehavior: ignore, version: 75.0.3770.100, webStorageEnabled: true}
Session ID: 6734efcbd875a324eb697559a70c9c17&#xD;
	at org.openqa.selenium.remote.ErrorHandler.createThrowable(ErrorHandler.java:214)&#xD;
	at org.openqa.selenium.remote.ErrorHandler.throwIfResponseFailed(ErrorHandler.java:166)&#xD;
	at org.openqa.selenium.remote.http.JsonHttpResponseCodec.reconstructValue(JsonHttpResponseCodec.java:40)&#xD;
	at org.openqa.selenium.remote.http.AbstractHttpResponseCodec.decode(AbstractHttpResponseCodec.java:80)&#xD;
	at org.openqa.selenium.remote.http.AbstractHttpResponseCodec.decode(AbstractHttpResponseCodec.java:44)&#xD;
	at org.openqa.selenium.remote.HttpCommandExecutor.execute(HttpCommandExecutor.java:158)&#xD;
	at org.openqa.selenium.remote.service.DriverCommandExecutor.execute(DriverCommandExecutor.java:83)&#xD;
	at org.openqa.selenium.remote.RemoteWebDriver.execute(RemoteWebDriver.java:552)&#xD;
	at com.kms.katalon.selenium.driver.CChromeDriver.execute(CChromeDriver.java:20)&#xD;
	at org.openqa.selenium.remote.RemoteWebElement.execute(RemoteWebElement.java:285)&#xD;
	at org.openqa.selenium.remote.RemoteWebElement.click(RemoteWebElement.java:84)&#xD;
	at com.kms.katalon.core.webui.keyword.builtin.ClickKeyword$_click_closure1.doCall(ClickKeyword.groovy:79)&#xD;
	at com.kms.katalon.core.webui.keyword.builtin.ClickKeyword$_click_closure1.call(ClickKeyword.groovy)&#xD;
	at com.kms.katalon.core.webui.keyword.internal.WebUIKeywordMain.runKeyword(WebUIKeywordMain.groovy:20)&#xD;
	... 35 more</system-err>
        </testcase>
        <testcase name="Test Cases/TESTCASE COLLECTIONS/Create_Email_Channel_Contact_NonAdminUser_Group" classname="Test Cases/TESTCASE COLLECTIONS/Create_Email_Channel_Contact_NonAdminUser_Group" status="PASSED">
            <system-out>2019-07-15 16:51:14 - [TEST_CASE][PASSED] - Test Cases/TESTCASE COLLECTIONS/Create_Email_Channel_Contact_NonAdminUser_Group: Test Cases/TESTCASE COLLECTIONS/Create_Email_Channel_Contact_NonAdminUser_Group&#xD;
&#xD;
2019-07-15 16:51:14 - [TEST_STEP][PASSED] - callTestCase(findTestCase("Admin/Admin_Settings"), [:], CONTINUE_ON_FAILURE): Call Test Case 'Test Cases/Admin/Admin_Settings' successfully&#xD;
&#xD;
2019-07-15 16:51:14 - [TEST_CASE][PASSED] - Test Cases/Admin/Admin_Settings: Test Cases/Admin/Admin_Settings&#xD;
&#xD;
2019-07-15 16:51:14 - [TEST_STEP][PASSED] - callTestCase(findTestCase("Main Login Page/login_simple"), [:], CONTINUE_ON_FAILURE): Call Test Case 'Test Cases/Main Login Page/login_simple' successfully&#xD;
&#xD;
2019-07-15 16:51:14 - [TEST_CASE][PASSED] - Test Cases/Main Login Page/login_simple: Test Cases/Main Login Page/login_simple&#xD;
&#xD;
2019-07-15 16:51:14 - [TEST_STEP][PASSED] - openBrowser(url_enterprise, STOP_ON_FAILURE): Browser is opened with url: 'http://192.168.1.55:8094/'&#xD;
&#xD;
2019-07-15 16:51:14 - [MESSAGE][INFO] - Starting 'Chrome' driver&#xD;
&#xD;
2019-07-15 16:51:17 - [MESSAGE][PASSED] - Browser is opened with url: 'http://192.168.1.55:8094/'&#xD;
&#xD;
2019-07-15 16:51:17 - [TEST_STEP][PASSED] - maximizeWindow(): Current window maximized&#xD;
&#xD;
2019-07-15 16:51:18 - [MESSAGE][PASSED] - Current window maximized&#xD;
&#xD;
2019-07-15 16:51:18 - [TEST_STEP][PASSED] - setText(findTestObject("Main Login Page/input_userName"), Username_Admin, CONTINUE_ON_FAILURE): Text 'Ere' is set on object 'Object Repository/Main Login Page/input_userName'&#xD;
&#xD;
2019-07-15 16:51:18 - [MESSAGE][PASSED] - Text 'Ere' is set on object 'Object Repository/Main Login Page/input_userName'&#xD;
&#xD;
2019-07-15 16:51:18 - [TEST_STEP][PASSED] - setText(findTestObject("Main Login Page/input_password"), Password_Admin, CONTINUE_ON_FAILURE): Text 'ere123' is set on object 'Object Repository/Main Login Page/input_password'&#xD;
&#xD;
2019-07-15 16:51:18 - [MESSAGE][PASSED] - Text 'ere123' is set on object 'Object Repository/Main Login Page/input_password'&#xD;
&#xD;
2019-07-15 16:51:18 - [TEST_STEP][PASSED] - click(findTestObject("Main Login Page/button_Sign in"), CONTINUE_ON_FAILURE): Object: 'Object Repository/Main Login Page/button_Sign in' is clicked on&#xD;
&#xD;
2019-07-15 16:51:18 - [MESSAGE][PASSED] - Object: 'Object Repository/Main Login Page/button_Sign in' is clicked on&#xD;
&#xD;
2019-07-15 16:51:18 - [TEST_STEP][PASSED] - delay(1, CONTINUE_ON_FAILURE): Delayed 1 second(s)&#xD;
&#xD;
2019-07-15 16:51:19 - [MESSAGE][PASSED] - Delayed 1 second(s)&#xD;
&#xD;
2019-07-15 16:51:19 - [TEST_STEP][PASSED] - if (verifyElementVisible(findTestObject("Main Login Page/Multiple environments/Environment Selector"), OPTIONAL)): Delayed 2 second(s)&#xD;
&#xD;
2019-07-15 16:51:19 - [MESSAGE][PASSED] - Object 'Object Repository/Main Login Page/Multiple environments/Environment Selector' is visible&#xD;
&#xD;
2019-07-15 16:51:19 - [TEST_STEP][NOT_RUN] - delay(1, CONTINUE_ON_FAILURE): NOT_RUN: delay(1, CONTINUE_ON_FAILURE)&#xD;
&#xD;
2019-07-15 16:51:19 - [MESSAGE][NOT_RUN] - NOT_RUN: delay(1, CONTINUE_ON_FAILURE)&#xD;
&#xD;
2019-07-15 16:51:19 - [TEST_STEP][PASSED] - waitForElementClickable(findTestObject("Main Login Page/Multiple environments/button_Continue"), 0, CONTINUE_ON_FAILURE): Object 'Object Repository/Main Login Page/Multiple environments/button_Continue' is clickable&#xD;
&#xD;
2019-07-15 16:51:19 - [MESSAGE][WARNING] - Timeout '0' is invalid. Using default page load timeout: '5'&#xD;
&#xD;
2019-07-15 16:51:19 - [MESSAGE][PASSED] - Object 'Object Repository/Main Login Page/Multiple environments/button_Continue' is clickable&#xD;
&#xD;
2019-07-15 16:51:19 - [TEST_STEP][PASSED] - click(findTestObject("Main Login Page/Multiple environments/Environment Selector"), CONTINUE_ON_FAILURE): Object: 'Object Repository/Main Login Page/Multiple environments/Environment Selector' is clicked on&#xD;
&#xD;
2019-07-15 16:51:19 - [MESSAGE][PASSED] - Object: 'Object Repository/Main Login Page/Multiple environments/Environment Selector' is clicked on&#xD;
&#xD;
2019-07-15 16:51:19 - [TEST_STEP][PASSED] - waitForElementVisible(findTestObject("Main Login Page/Multiple environments/button_Continue"), 1, CONTINUE_ON_FAILURE): Object 'Object Repository/Main Login Page/Multiple environments/button_Continue' is visible&#xD;
&#xD;
2019-07-15 16:51:19 - [MESSAGE][PASSED] - Object 'Object Repository/Main Login Page/Multiple environments/button_Continue' is visible&#xD;
&#xD;
2019-07-15 16:51:19 - [TEST_STEP][PASSED] - click(findTestObject("Main Login Page/Multiple environments/button_Continue"), CONTINUE_ON_FAILURE): Object: 'Object Repository/Main Login Page/Multiple environments/button_Continue' is clicked on&#xD;
&#xD;
2019-07-15 16:51:19 - [MESSAGE][PASSED] - Object: 'Object Repository/Main Login Page/Multiple environments/button_Continue' is clicked on&#xD;
&#xD;
2019-07-15 16:51:19 - [TEST_STEP][PASSED] - delay(2, CONTINUE_ON_FAILURE): Delayed 2 second(s)&#xD;
&#xD;
2019-07-15 16:51:21 - [MESSAGE][PASSED] - Delayed 2 second(s)&#xD;
&#xD;
2019-07-15 16:51:21 - [MESSAGE][PASSED] - Call Test Case 'Test Cases/Main Login Page/login_simple' successfully&#xD;
&#xD;
2019-07-15 16:51:21 - [TEST_STEP][PASSED] - delay(3, CONTINUE_ON_FAILURE): Delayed 3 second(s)&#xD;
&#xD;
2019-07-15 16:51:24 - [MESSAGE][PASSED] - Delayed 3 second(s)&#xD;
&#xD;
2019-07-15 16:51:24 - [TEST_STEP][PASSED] - click(findTestObject("Admin/a_Admin"), CONTINUE_ON_FAILURE): Object: 'Object Repository/Admin/a_Admin' is clicked on&#xD;
&#xD;
2019-07-15 16:51:25 - [MESSAGE][PASSED] - Object: 'Object Repository/Admin/a_Admin' is clicked on&#xD;
&#xD;
2019-07-15 16:51:25 - [TEST_STEP][PASSED] - delay(3, CONTINUE_ON_FAILURE): Delayed 3 second(s)&#xD;
&#xD;
2019-07-15 16:51:28 - [MESSAGE][PASSED] - Delayed 3 second(s)&#xD;
&#xD;
2019-07-15 16:51:28 - [TEST_STEP][PASSED] - verifyElementText(findTestObject("Admin/SettingsHome/Home_Text"), "General", CONTINUE_ON_FAILURE): Actual text and expected text of test object 'Object Repository/Admin/SettingsHome/Home_Text' are matched.&#xD;
&#xD;
2019-07-15 16:51:28 - [MESSAGE][PASSED] - Actual text and expected text of test object 'Object Repository/Admin/SettingsHome/Home_Text' are matched.&#xD;
&#xD;
2019-07-15 16:51:28 - [TEST_STEP][PASSED] - verifyElementText(findTestObject("Admin/SettingsHome/Advanced_text"), "Advanced", CONTINUE_ON_FAILURE): Actual text and expected text of test object 'Object Repository/Admin/SettingsHome/Advanced_text' are matched.&#xD;
&#xD;
2019-07-15 16:51:28 - [MESSAGE][PASSED] - Actual text and expected text of test object 'Object Repository/Admin/SettingsHome/Advanced_text' are matched.&#xD;
&#xD;
2019-07-15 16:51:28 - [TEST_STEP][PASSED] - verifyElementVisible(findTestObject("Admin/SettingsHome/Timezone_text"), CONTINUE_ON_FAILURE): Object 'Object Repository/Admin/SettingsHome/Timezone_text' is visible&#xD;
&#xD;
2019-07-15 16:51:28 - [MESSAGE][PASSED] - Object 'Object Repository/Admin/SettingsHome/Timezone_text' is visible&#xD;
&#xD;
2019-07-15 16:51:28 - [TEST_STEP][PASSED] - verifyElementVisible(findTestObject("Admin/SettingsHome/Show Internals_text"), CONTINUE_ON_FAILURE): Object 'Object Repository/Admin/SettingsHome/Show Internals_text' is visible&#xD;
&#xD;
2019-07-15 16:51:28 - [MESSAGE][PASSED] - Object 'Object Repository/Admin/SettingsHome/Show Internals_text' is visible&#xD;
&#xD;
2019-07-15 16:51:28 - [TEST_STEP][PASSED] - if (verifyElementNotChecked(findTestObject("Admin/SettingsHome/input_showSysinternals"), 1, OPTIONAL)): Object 'Object Repository/Admin/SettingsHome/input_showSysinternals' is checked&#xD;
&#xD;
2019-07-15 16:51:28 - [MESSAGE][PASSED] - Object 'Object Repository/Admin/SettingsHome/input_showSysinternals' is not checked&#xD;
&#xD;
2019-07-15 16:51:28 - [TEST_STEP][PASSED] - check(findTestObject("Admin/SettingsHome/input_showSysinternals"), CONTINUE_ON_FAILURE): Object 'Object Repository/Admin/SettingsHome/input_showSysinternals' is checked&#xD;
&#xD;
2019-07-15 16:51:28 - [MESSAGE][PASSED] - Object 'Object Repository/Admin/SettingsHome/input_showSysinternals' is checked&#xD;
&#xD;
2019-07-15 16:51:28 - [TEST_STEP][PASSED] - click(findTestObject("Admin/SettingsHome/Sysinternals_Button"), CONTINUE_ON_FAILURE): Object: 'Object Repository/Admin/SettingsHome/Sysinternals_Button' is clicked on&#xD;
&#xD;
2019-07-15 16:51:28 - [MESSAGE][PASSED] - Object: 'Object Repository/Admin/SettingsHome/Sysinternals_Button' is clicked on&#xD;
&#xD;
2019-07-15 16:51:28 - [TEST_STEP][PASSED] - verifyElementText(findTestObject("Admin/SettingsSysinternals/Configuration_text"), "Configuration", CONTINUE_ON_FAILURE): Actual text and expected text of test object 'Object Repository/Admin/SettingsSysinternals/Configuration_text' are matched.&#xD;
&#xD;
2019-07-15 16:51:29 - [MESSAGE][PASSED] - Actual text and expected text of test object 'Object Repository/Admin/SettingsSysinternals/Configuration_text' are matched.&#xD;
&#xD;
2019-07-15 16:51:29 - [TEST_STEP][PASSED] - verifyElementText(findTestObject("Admin/SettingsSysinternals/Connections_text"), "Connections", CONTINUE_ON_FAILURE): Actual text and expected text of test object 'Object Repository/Admin/SettingsSysinternals/Connections_text' are matched.&#xD;
&#xD;
2019-07-15 16:51:29 - [MESSAGE][PASSED] - Actual text and expected text of test object 'Object Repository/Admin/SettingsSysinternals/Connections_text' are matched.&#xD;
&#xD;
2019-07-15 16:51:29 - [TEST_STEP][PASSED] - verifyElementText(findTestObject("Admin/SettingsSysinternals/Warning_text"), "Warning: Use only when instructed by Ecrion Technical Support. Using Sysinternals incorrectly may result in serious problems and data loss.", CONTINUE_ON_FAILURE): Actual text and expected text of test object 'Object Repository/Admin/SettingsSysinternals/Warning_text' are matched.&#xD;
&#xD;
2019-07-15 16:51:29 - [MESSAGE][PASSED] - Actual text and expected text of test object 'Object Repository/Admin/SettingsSysinternals/Warning_text' are matched.&#xD;
&#xD;
2019-07-15 16:51:29 - [TEST_STEP][PASSED] - verifyElementText(findTestObject("Admin/SettingsSysinternals/Workspaces_text"), "Workspaces", CONTINUE_ON_FAILURE): Actual text and expected text of test object 'Object Repository/Admin/SettingsSysinternals/Workspaces_text' are matched.&#xD;
&#xD;
2019-07-15 16:51:29 - [MESSAGE][PASSED] - Actual text and expected text of test object 'Object Repository/Admin/SettingsSysinternals/Workspaces_text' are matched.&#xD;
&#xD;
2019-07-15 16:51:29 - [TEST_STEP][PASSED] - verifyElementText(findTestObject("Admin/SettingsSysinternals/a_Email"), "Email", CONTINUE_ON_FAILURE): Actual text and expected text of test object 'Object Repository/Admin/SettingsSysinternals/a_Email' are matched.&#xD;
&#xD;
2019-07-15 16:51:29 - [MESSAGE][PASSED] - Actual text and expected text of test object 'Object Repository/Admin/SettingsSysinternals/a_Email' are matched.&#xD;
&#xD;
2019-07-15 16:51:29 - [TEST_STEP][PASSED] - click(findTestObject("Admin/SettingsSysinternals/a_Email"), CONTINUE_ON_FAILURE): Object: 'Object Repository/Admin/SettingsSysinternals/a_Email' is clicked on&#xD;
&#xD;
2019-07-15 16:51:29 - [MESSAGE][PASSED] - Object: 'Object Repository/Admin/SettingsSysinternals/a_Email' is clicked on&#xD;
&#xD;
2019-07-15 16:51:29 - [TEST_STEP][PASSED] - waitForPageLoad(3, CONTINUE_ON_FAILURE): Wait for page load successfully&#xD;
&#xD;
2019-07-15 16:51:29 - [MESSAGE][PASSED] - Wait for page load successfully&#xD;
&#xD;
2019-07-15 16:51:29 - [TEST_STEP][PASSED] - verifyElementText(findTestObject("Admin/SettingsSysinternalsEmail/h2_Email Connections"), "Email Connections", CONTINUE_ON_FAILURE): Actual text and expected text of test object 'Object Repository/Admin/SettingsSysinternalsEmail/h2_Email Connections' are matched.&#xD;
&#xD;
2019-07-15 16:51:29 - [MESSAGE][PASSED] - Actual text and expected text of test object 'Object Repository/Admin/SettingsSysinternalsEmail/h2_Email Connections' are matched.&#xD;
&#xD;
2019-07-15 16:51:29 - [TEST_STEP][PASSED] - verifyElementText(findTestObject("Admin/SettingsSysinternalsEmail/span_Create and manage email c"), "Create and manage email connections.", CONTINUE_ON_FAILURE): Actual text and expected text of test object 'Object Repository/Admin/SettingsSysinternalsEmail/span_Create and manage email c' are matched.&#xD;
&#xD;
2019-07-15 16:51:29 - [MESSAGE][PASSED] - Actual text and expected text of test object 'Object Repository/Admin/SettingsSysinternalsEmail/span_Create and manage email c' are matched.&#xD;
&#xD;
2019-07-15 16:51:29 - [TEST_STEP][PASSED] - verifyElementText(findTestObject("Admin/SettingsSysinternalsEmail/span_Create and manage email c"), "Create and manage email connections.", CONTINUE_ON_FAILURE): Actual text and expected text of test object 'Object Repository/Admin/SettingsSysinternalsEmail/span_Create and manage email c' are matched.&#xD;
&#xD;
2019-07-15 16:51:29 - [MESSAGE][PASSED] - Actual text and expected text of test object 'Object Repository/Admin/SettingsSysinternalsEmail/span_Create and manage email c' are matched.&#xD;
&#xD;
2019-07-15 16:51:29 - [TEST_STEP][PASSED] - verifyElementText(findTestObject("Admin/SettingsSysinternalsEmail/th_Name"), "Name", CONTINUE_ON_FAILURE): Actual text and expected text of test object 'Object Repository/Admin/SettingsSysinternalsEmail/th_Name' are matched.&#xD;
&#xD;
2019-07-15 16:51:29 - [MESSAGE][PASSED] - Actual text and expected text of test object 'Object Repository/Admin/SettingsSysinternalsEmail/th_Name' are matched.&#xD;
&#xD;
2019-07-15 16:51:29 - [TEST_STEP][PASSED] - verifyElementText(findTestObject("Admin/SettingsSysinternalsEmail/th_Status"), "Status", CONTINUE_ON_FAILURE): Actual text and expected text of test object 'Object Repository/Admin/SettingsSysinternalsEmail/th_Status' are matched.&#xD;
&#xD;
2019-07-15 16:51:29 - [MESSAGE][PASSED] - Actual text and expected text of test object 'Object Repository/Admin/SettingsSysinternalsEmail/th_Status' are matched.&#xD;
&#xD;
2019-07-15 16:51:29 - [TEST_STEP][PASSED] - verifyElementText(findTestObject("Admin/SettingsSysinternalsEmail/th_Type"), "Type", CONTINUE_ON_FAILURE): Actual text and expected text of test object 'Object Repository/Admin/SettingsSysinternalsEmail/th_Type' are matched.&#xD;
&#xD;
2019-07-15 16:51:29 - [MESSAGE][PASSED] - Actual text and expected text of test object 'Object Repository/Admin/SettingsSysinternalsEmail/th_Type' are matched.&#xD;
&#xD;
2019-07-15 16:51:29 - [TEST_STEP][PASSED] - verifyElementText(findTestObject("Admin/SettingsSysinternalsEmail/td_No items"), "No items", CONTINUE_ON_FAILURE): Actual text and expected text of test object 'Object Repository/Admin/SettingsSysinternalsEmail/td_No items' are matched.&#xD;
&#xD;
2019-07-15 16:51:29 - [MESSAGE][PASSED] - Actual text and expected text of test object 'Object Repository/Admin/SettingsSysinternalsEmail/td_No items' are matched.&#xD;
&#xD;
2019-07-15 16:51:29 - [TEST_STEP][PASSED] - verifyElementAttributeValue(findTestObject("Admin/SettingsSysinternalsEmail/button_New Connection"), "title", "New Connection", 2, CONTINUE_ON_FAILURE): Object 'Object Repository/Admin/SettingsSysinternalsEmail/button_New Connection' has attribute 'title' with value 'New Connection'&#xD;
&#xD;
2019-07-15 16:51:29 - [MESSAGE][PASSED] - Object 'Object Repository/Admin/SettingsSysinternalsEmail/button_New Connection' has attribute 'title' with value 'New Connection'&#xD;
&#xD;
2019-07-15 16:51:29 - [TEST_STEP][PASSED] - click(findTestObject("Admin/SettingsSysinternalsEmail/button_New Connection"), CONTINUE_ON_FAILURE): Object: 'Object Repository/Admin/SettingsSysinternalsEmail/button_New Connection' is clicked on&#xD;
&#xD;
2019-07-15 16:51:30 - [MESSAGE][PASSED] - Object: 'Object Repository/Admin/SettingsSysinternalsEmail/button_New Connection' is clicked on&#xD;
&#xD;
2019-07-15 16:51:30 - [TEST_STEP][PASSED] - verifyElementText(findTestObject("Admin/SettingsSysinternalsEmail/h4_New Email Connection"), "New Email Connection", CONTINUE_ON_FAILURE): Actual text and expected text of test object 'Object Repository/Admin/SettingsSysinternalsEmail/h4_New Email Connection' are matched.&#xD;
&#xD;
2019-07-15 16:51:30 - [MESSAGE][PASSED] - Actual text and expected text of test object 'Object Repository/Admin/SettingsSysinternalsEmail/h4_New Email Connection' are matched.&#xD;
&#xD;
2019-07-15 16:51:30 - [TEST_STEP][PASSED] - setText(findTestObject("Admin/SettingsSysinternalsEmail/input_connectionNameTxt"), "test_email_123!@#$QWE@#", CONTINUE_ON_FAILURE): Text 'test_email_123!@#$QWE@#' is set on object 'Object Repository/Admin/SettingsSysinternalsEmail/input_connectionNameTxt'&#xD;
&#xD;
2019-07-15 16:51:30 - [MESSAGE][PASSED] - Text 'test_email_123!@#$QWE@#' is set on object 'Object Repository/Admin/SettingsSysinternalsEmail/input_connectionNameTxt'&#xD;
&#xD;
2019-07-15 16:51:30 - [TEST_STEP][PASSED] - selectOptionByValue(findTestObject("Admin/SettingsSysinternalsEmail/select_SMTP"), "ses", false, CONTINUE_ON_FAILURE): All options with value 'ses' are selected in object 'Object Repository/Admin/SettingsSysinternalsEmail/select_SMTP' &#xD;
&#xD;
2019-07-15 16:51:30 - [MESSAGE][PASSED] - All options with value 'ses' are selected in object 'Object Repository/Admin/SettingsSysinternalsEmail/select_SMTP' &#xD;
&#xD;
2019-07-15 16:51:30 - [TEST_STEP][PASSED] - selectOptionByValue(findTestObject("Admin/SettingsSysinternalsEmail/select_SMTP"), "email", false, CONTINUE_ON_FAILURE): All options with value 'email' are selected in object 'Object Repository/Admin/SettingsSysinternalsEmail/select_SMTP' &#xD;
&#xD;
2019-07-15 16:51:31 - [MESSAGE][PASSED] - All options with value 'email' are selected in object 'Object Repository/Admin/SettingsSysinternalsEmail/select_SMTP' &#xD;
&#xD;
2019-07-15 16:51:31 - [TEST_STEP][PASSED] - verifyElementClickable(findTestObject("Admin/SettingsSysinternalsEmail/button_Cancel"), CONTINUE_ON_FAILURE): Object 'Object Repository/Admin/SettingsSysinternalsEmail/button_Cancel' is clickable&#xD;
&#xD;
2019-07-15 16:51:31 - [MESSAGE][PASSED] - Object 'Object Repository/Admin/SettingsSysinternalsEmail/button_Cancel' is clickable&#xD;
&#xD;
2019-07-15 16:51:31 - [TEST_STEP][PASSED] - verifyElementText(findTestObject("Admin/SettingsSysinternalsEmail/button_Cancel"), "Cancel", CONTINUE_ON_FAILURE): Actual text and expected text of test object 'Object Repository/Admin/SettingsSysinternalsEmail/button_Cancel' are matched.&#xD;
&#xD;
2019-07-15 16:51:31 - [MESSAGE][PASSED] - Actual text and expected text of test object 'Object Repository/Admin/SettingsSysinternalsEmail/button_Cancel' are matched.&#xD;
&#xD;
2019-07-15 16:51:31 - [TEST_STEP][PASSED] - verifyElementText(findTestObject("Admin/SettingsSysinternalsEmail/button_Continue"), "Continue", CONTINUE_ON_FAILURE): Actual text and expected text of test object 'Object Repository/Admin/SettingsSysinternalsEmail/button_Continue' are matched.&#xD;
&#xD;
2019-07-15 16:51:31 - [MESSAGE][PASSED] - Actual text and expected text of test object 'Object Repository/Admin/SettingsSysinternalsEmail/button_Continue' are matched.&#xD;
&#xD;
2019-07-15 16:51:31 - [TEST_STEP][PASSED] - click(findTestObject("Admin/SettingsSysinternalsEmail/button_Continue"), CONTINUE_ON_FAILURE): Object: 'Object Repository/Admin/SettingsSysinternalsEmail/button_Continue' is clicked on&#xD;
&#xD;
2019-07-15 16:51:31 - [MESSAGE][PASSED] - Object: 'Object Repository/Admin/SettingsSysinternalsEmail/button_Continue' is clicked on&#xD;
&#xD;
2019-07-15 16:51:31 - [TEST_STEP][PASSED] - verifyElementText(findTestObject("Admin/SettingsSysinternalsEmail/label_From"), "From", CONTINUE_ON_FAILURE): Actual text and expected text of test object 'Object Repository/Admin/SettingsSysinternalsEmail/label_From' are matched.&#xD;
&#xD;
2019-07-15 16:51:31 - [MESSAGE][PASSED] - Actual text and expected text of test object 'Object Repository/Admin/SettingsSysinternalsEmail/label_From' are matched.&#xD;
&#xD;
2019-07-15 16:51:31 - [TEST_STEP][PASSED] - verifyElementText(findTestObject("Admin/SettingsSysinternalsEmail/label_Password"), "Password", CONTINUE_ON_FAILURE): Actual text and expected text of test object 'Object Repository/Admin/SettingsSysinternalsEmail/label_Password' are matched.&#xD;
&#xD;
2019-07-15 16:51:31 - [MESSAGE][PASSED] - Actual text and expected text of test object 'Object Repository/Admin/SettingsSysinternalsEmail/label_Password' are matched.&#xD;
&#xD;
2019-07-15 16:51:31 - [TEST_STEP][PASSED] - verifyElementText(findTestObject("Admin/SettingsSysinternalsEmail/label_Username"), "Username", CONTINUE_ON_FAILURE): Actual text and expected text of test object 'Object Repository/Admin/SettingsSysinternalsEmail/label_Username' are matched.&#xD;
&#xD;
2019-07-15 16:51:31 - [MESSAGE][PASSED] - Actual text and expected text of test object 'Object Repository/Admin/SettingsSysinternalsEmail/label_Username' are matched.&#xD;
&#xD;
2019-07-15 16:51:31 - [TEST_STEP][PASSED] - verifyElementText(findTestObject("Admin/SettingsSysinternalsEmail/label_Port"), "Port", CONTINUE_ON_FAILURE): Actual text and expected text of test object 'Object Repository/Admin/SettingsSysinternalsEmail/label_Port' are matched.&#xD;
&#xD;
2019-07-15 16:51:31 - [MESSAGE][PASSED] - Actual text and expected text of test object 'Object Repository/Admin/SettingsSysinternalsEmail/label_Port' are matched.&#xD;
&#xD;
2019-07-15 16:51:31 - [TEST_STEP][PASSED] - verifyElementText(findTestObject("Admin/SettingsSysinternalsEmail/label_Server Name"), "Server Name", CONTINUE_ON_FAILURE): Actual text and expected text of test object 'Object Repository/Admin/SettingsSysinternalsEmail/label_Server Name' are matched.&#xD;
&#xD;
2019-07-15 16:51:31 - [MESSAGE][PASSED] - Actual text and expected text of test object 'Object Repository/Admin/SettingsSysinternalsEmail/label_Server Name' are matched.&#xD;
&#xD;
2019-07-15 16:51:31 - [TEST_STEP][PASSED] - verifyElementText(findTestObject("Admin/SettingsSysinternalsEmail/strong_Encrypt Connection"), "Encrypt Connection", CONTINUE_ON_FAILURE): Actual text and expected text of test object 'Object Repository/Admin/SettingsSysinternalsEmail/strong_Encrypt Connection' are matched.&#xD;
&#xD;
2019-07-15 16:51:31 - [MESSAGE][PASSED] - Actual text and expected text of test object 'Object Repository/Admin/SettingsSysinternalsEmail/strong_Encrypt Connection' are matched.&#xD;
&#xD;
2019-07-15 16:51:31 - [TEST_STEP][PASSED] - verifyElementText(findTestObject("Admin/SettingsSysinternalsEmail/button_Test Connection"), "Test Connection", CONTINUE_ON_FAILURE): Actual text and expected text of test object 'Object Repository/Admin/SettingsSysinternalsEmail/button_Test Connection' are matched.&#xD;
&#xD;
2019-07-15 16:51:31 - [MESSAGE][PASSED] - Actual text and expected text of test object 'Object Repository/Admin/SettingsSysinternalsEmail/button_Test Connection' are matched.&#xD;
&#xD;
2019-07-15 16:51:31 - [TEST_STEP][PASSED] - verifyElementText(findTestObject("Admin/SettingsSysinternalsEmail/button_Cancel"), "Cancel", CONTINUE_ON_FAILURE): Actual text and expected text of test object 'Object Repository/Admin/SettingsSysinternalsEmail/button_Cancel' are matched.&#xD;
&#xD;
2019-07-15 16:51:31 - [MESSAGE][PASSED] - Actual text and expected text of test object 'Object Repository/Admin/SettingsSysinternalsEmail/button_Cancel' are matched.&#xD;
&#xD;
2019-07-15 16:51:31 - [TEST_STEP][PASSED] - verifyElementText(findTestObject("Admin/SettingsSysinternalsEmail/button_Back"), "Back", CONTINUE_ON_FAILURE): Actual text and expected text of test object 'Object Repository/Admin/SettingsSysinternalsEmail/button_Back' are matched.&#xD;
&#xD;
2019-07-15 16:51:31 - [MESSAGE][PASSED] - Actual text and expected text of test object 'Object Repository/Admin/SettingsSysinternalsEmail/button_Back' are matched.&#xD;
&#xD;
2019-07-15 16:51:31 - [TEST_STEP][PASSED] - verifyElementText(findTestObject("Admin/SettingsSysinternalsEmail/button_Ok"), "Ok", CONTINUE_ON_FAILURE): Actual text and expected text of test object 'Object Repository/Admin/SettingsSysinternalsEmail/button_Ok' are matched.&#xD;
&#xD;
2019-07-15 16:51:31 - [MESSAGE][PASSED] - Actual text and expected text of test object 'Object Repository/Admin/SettingsSysinternalsEmail/button_Ok' are matched.&#xD;
&#xD;
2019-07-15 16:51:31 - [TEST_STEP][PASSED] - verifyElementClickable(findTestObject("Admin/SettingsSysinternalsEmail/button_Cancel"), CONTINUE_ON_FAILURE): Object 'Object Repository/Admin/SettingsSysinternalsEmail/button_Cancel' is clickable&#xD;
&#xD;
2019-07-15 16:51:31 - [MESSAGE][PASSED] - Object 'Object Repository/Admin/SettingsSysinternalsEmail/button_Cancel' is clickable&#xD;
&#xD;
2019-07-15 16:51:31 - [TEST_STEP][PASSED] - verifyElementClickable(findTestObject("Admin/SettingsSysinternalsEmail/button_Back"), CONTINUE_ON_FAILURE): Object 'Object Repository/Admin/SettingsSysinternalsEmail/button_Back' is clickable&#xD;
&#xD;
2019-07-15 16:51:31 - [MESSAGE][PASSED] - Object 'Object Repository/Admin/SettingsSysinternalsEmail/button_Back' is clickable&#xD;
&#xD;
2019-07-15 16:51:31 - [TEST_STEP][PASSED] - setText(findTestObject("Admin/SettingsSysinternalsEmail/input_smtpUserNameTxt"), "test.notifications@ecrion.com", CONTINUE_ON_FAILURE): Text 'test.notifications@ecrion.com' is set on object 'Object Repository/Admin/SettingsSysinternalsEmail/input_smtpUserNameTxt'&#xD;
&#xD;
2019-07-15 16:51:31 - [MESSAGE][PASSED] - Text 'test.notifications@ecrion.com' is set on object 'Object Repository/Admin/SettingsSysinternalsEmail/input_smtpUserNameTxt'&#xD;
&#xD;
2019-07-15 16:51:31 - [TEST_STEP][PASSED] - setText(findTestObject("Admin/SettingsSysinternalsEmail/input_ServerName"), "smtp.office365.com", CONTINUE_ON_FAILURE): Text 'smtp.office365.com' is set on object 'Object Repository/Admin/SettingsSysinternalsEmail/input_ServerName'&#xD;
&#xD;
2019-07-15 16:51:31 - [MESSAGE][PASSED] - Text 'smtp.office365.com' is set on object 'Object Repository/Admin/SettingsSysinternalsEmail/input_ServerName'&#xD;
&#xD;
2019-07-15 16:51:31 - [TEST_STEP][PASSED] - setText(findTestObject("Admin/SettingsSysinternalsEmail/input_passwordTxt"), "3cr1oN123456", CONTINUE_ON_FAILURE): Text '3cr1oN123456' is set on object 'Object Repository/Admin/SettingsSysinternalsEmail/input_passwordTxt'&#xD;
&#xD;
2019-07-15 16:51:32 - [MESSAGE][PASSED] - Text '3cr1oN123456' is set on object 'Object Repository/Admin/SettingsSysinternalsEmail/input_passwordTxt'&#xD;
&#xD;
2019-07-15 16:51:32 - [TEST_STEP][PASSED] - setText(findTestObject("Admin/SettingsSysinternalsEmail/input_smtpFromTxt"), "test.notifications@ecrion.com", CONTINUE_ON_FAILURE): Text 'test.notifications@ecrion.com' is set on object 'Object Repository/Admin/SettingsSysinternalsEmail/input_smtpFromTxt'&#xD;
&#xD;
2019-07-15 16:51:32 - [MESSAGE][PASSED] - Text 'test.notifications@ecrion.com' is set on object 'Object Repository/Admin/SettingsSysinternalsEmail/input_smtpFromTxt'&#xD;
&#xD;
2019-07-15 16:51:32 - [TEST_STEP][PASSED] - setText(findTestObject("Admin/SettingsSysinternalsEmail/input_smtpPortTxt"), "587"): Text '587' is set on object 'Object Repository/Admin/SettingsSysinternalsEmail/input_smtpPortTxt'&#xD;
&#xD;
2019-07-15 16:51:32 - [MESSAGE][PASSED] - Text '587' is set on object 'Object Repository/Admin/SettingsSysinternalsEmail/input_smtpPortTxt'&#xD;
&#xD;
2019-07-15 16:51:32 - [TEST_STEP][PASSED] - check(findTestObject("Admin/SettingsSysinternalsEmail/input_EncryptCOnnection"), CONTINUE_ON_FAILURE): Object 'Object Repository/Admin/SettingsSysinternalsEmail/input_EncryptCOnnection' is checked&#xD;
&#xD;
2019-07-15 16:51:32 - [MESSAGE][PASSED] - Object 'Object Repository/Admin/SettingsSysinternalsEmail/input_EncryptCOnnection' is checked&#xD;
&#xD;
2019-07-15 16:51:32 - [TEST_STEP][PASSED] - click(findTestObject("Admin/SettingsSysinternalsEmail/button_Test Connection"), CONTINUE_ON_FAILURE): Object: 'Object Repository/Admin/SettingsSysinternalsEmail/button_Test Connection' is clicked on&#xD;
&#xD;
2019-07-15 16:51:32 - [MESSAGE][PASSED] - Object: 'Object Repository/Admin/SettingsSysinternalsEmail/button_Test Connection' is clicked on&#xD;
&#xD;
2019-07-15 16:51:32 - [TEST_STEP][PASSED] - waitForElementVisible(findTestObject("Admin/SettingsSysinternalsEmail/Connection_Succeeded_Message"), 3, CONTINUE_ON_FAILURE): Object 'Object Repository/Admin/SettingsSysinternalsEmail/Connection_Succeeded_Message' is visible&#xD;
&#xD;
2019-07-15 16:51:33 - [MESSAGE][PASSED] - Object 'Object Repository/Admin/SettingsSysinternalsEmail/Connection_Succeeded_Message' is visible&#xD;
&#xD;
2019-07-15 16:51:33 - [TEST_STEP][PASSED] - verifyElementVisible(findTestObject("Admin/SettingsSysinternalsEmail/Connection_Succeeded_Message"), CONTINUE_ON_FAILURE): Object 'Object Repository/Admin/SettingsSysinternalsEmail/Connection_Succeeded_Message' is visible&#xD;
&#xD;
2019-07-15 16:51:33 - [MESSAGE][PASSED] - Object 'Object Repository/Admin/SettingsSysinternalsEmail/Connection_Succeeded_Message' is visible&#xD;
&#xD;
2019-07-15 16:51:33 - [TEST_STEP][PASSED] - verifyElementText(findTestObject("Admin/SettingsSysinternalsEmail/Connection_Succeeded_Message"), "Connection Succeeded", CONTINUE_ON_FAILURE): Actual text and expected text of test object 'Object Repository/Admin/SettingsSysinternalsEmail/Connection_Succeeded_Message' are matched.&#xD;
&#xD;
2019-07-15 16:51:33 - [MESSAGE][PASSED] - Actual text and expected text of test object 'Object Repository/Admin/SettingsSysinternalsEmail/Connection_Succeeded_Message' are matched.&#xD;
&#xD;
2019-07-15 16:51:33 - [TEST_STEP][PASSED] - verifyElementText(findTestObject("Admin/SettingsSysinternalsEmail/button_Test Connection"), "Connection succeeded", CONTINUE_ON_FAILURE): Actual text and expected text of test object 'Object Repository/Admin/SettingsSysinternalsEmail/button_Test Connection' are matched.&#xD;
&#xD;
2019-07-15 16:51:33 - [MESSAGE][PASSED] - Actual text and expected text of test object 'Object Repository/Admin/SettingsSysinternalsEmail/button_Test Connection' are matched.&#xD;
&#xD;
2019-07-15 16:51:33 - [TEST_STEP][PASSED] - verifyElementNotClickable(findTestObject("Admin/SettingsSysinternalsEmail/button_Test Connection"), CONTINUE_ON_FAILURE): Object 'Object Repository/Admin/SettingsSysinternalsEmail/button_Test Connection' is NOT clickable&#xD;
&#xD;
2019-07-15 16:51:33 - [MESSAGE][PASSED] - Object 'Object Repository/Admin/SettingsSysinternalsEmail/button_Test Connection' is NOT clickable&#xD;
&#xD;
2019-07-15 16:51:33 - [TEST_STEP][PASSED] - click(findTestObject("Admin/SettingsSysinternalsEmail/button_Ok"), CONTINUE_ON_FAILURE): Object: 'Object Repository/Admin/SettingsSysinternalsEmail/button_Ok' is clicked on&#xD;
&#xD;
2019-07-15 16:51:33 - [MESSAGE][PASSED] - Object: 'Object Repository/Admin/SettingsSysinternalsEmail/button_Ok' is clicked on&#xD;
&#xD;
2019-07-15 16:51:33 - [TEST_STEP][PASSED] - delay(1, CONTINUE_ON_FAILURE): Delayed 1 second(s)&#xD;
&#xD;
2019-07-15 16:51:34 - [MESSAGE][PASSED] - Delayed 1 second(s)&#xD;
&#xD;
2019-07-15 16:51:34 - [TEST_STEP][PASSED] - waitForElementClickable(findTestObject("Admin/SettingsChannels/div_Channels"), 3, CONTINUE_ON_FAILURE): Object 'Object Repository/Admin/SettingsChannels/div_Channels' is clickable&#xD;
&#xD;
2019-07-15 16:51:34 - [MESSAGE][PASSED] - Object 'Object Repository/Admin/SettingsChannels/div_Channels' is clickable&#xD;
&#xD;
2019-07-15 16:51:34 - [TEST_STEP][PASSED] - delay(1, CONTINUE_ON_FAILURE): Delayed 1 second(s)&#xD;
&#xD;
2019-07-15 16:51:35 - [MESSAGE][PASSED] - Delayed 1 second(s)&#xD;
&#xD;
2019-07-15 16:51:35 - [TEST_STEP][PASSED] - click(findTestObject("Admin/SettingsChannels/div_Channels"), CONTINUE_ON_FAILURE): Object: 'Object Repository/Admin/SettingsChannels/div_Channels' is clicked on&#xD;
&#xD;
2019-07-15 16:51:35 - [MESSAGE][PASSED] - Object: 'Object Repository/Admin/SettingsChannels/div_Channels' is clicked on&#xD;
&#xD;
2019-07-15 16:51:35 - [TEST_STEP][PASSED] - click(findTestObject("Admin/SettingsChannels/button_New Channel"), CONTINUE_ON_FAILURE): Object: 'Object Repository/Admin/SettingsChannels/button_New Channel' is clicked on&#xD;
&#xD;
2019-07-15 16:51:35 - [MESSAGE][PASSED] - Object: 'Object Repository/Admin/SettingsChannels/button_New Channel' is clicked on&#xD;
&#xD;
2019-07-15 16:51:35 - [TEST_STEP][PASSED] - click(findTestObject("Admin/SettingsChannels (1)/select_EmailQueue"), CONTINUE_ON_FAILURE): Object: 'Object Repository/Admin/SettingsChannels (1)/select_EmailQueue' is clicked on&#xD;
&#xD;
2019-07-15 16:51:35 - [MESSAGE][PASSED] - Object: 'Object Repository/Admin/SettingsChannels (1)/select_EmailQueue' is clicked on&#xD;
&#xD;
2019-07-15 16:51:35 - [TEST_STEP][PASSED] - verifyElementNotVisible(findTestObject("Admin/SettingsChannels (1)/div_No connection defined. Ple"), CONTINUE_ON_FAILURE): Object 'Object Repository/Admin/SettingsChannels (1)/div_No connection defined. Ple' is NOT visible&#xD;
&#xD;
2019-07-15 16:51:36 - [MESSAGE][PASSED] - Object 'Object Repository/Admin/SettingsChannels (1)/div_No connection defined. Ple' is NOT visible&#xD;
&#xD;
2019-07-15 16:51:36 - [TEST_STEP][PASSED] - setText(findTestObject("Admin/SettingsChannels (1)/input_name"), "TesT_ConneCTIon1!@", CONTINUE_ON_FAILURE): Text 'TesT_ConneCTIon1!@' is set on object 'Object Repository/Admin/SettingsChannels (1)/input_name'&#xD;
&#xD;
2019-07-15 16:51:36 - [MESSAGE][PASSED] - Text 'TesT_ConneCTIon1!@' is set on object 'Object Repository/Admin/SettingsChannels (1)/input_name'&#xD;
&#xD;
2019-07-15 16:51:36 - [TEST_STEP][PASSED] - setText(findTestObject("Admin/SettingsChannels (1)/textarea_description"), "This is an email connection that connects an email. !@#$1234{}][;'\:"|&lt;&gt;?/.,)(*&amp;^%+_-=ÆØÅ", CONTINUE_ON_FAILURE): Text 'This is an email connection that connects an email. !@#$1234{}][;'\:"|&lt;&gt;?/.,)(*&amp;^%+_-=ÆØÅ' is set on object 'Object Repository/Admin/SettingsChannels (1)/textarea_description'&#xD;
&#xD;
2019-07-15 16:51:36 - [MESSAGE][PASSED] - Text 'This is an email connection that connects an email. !@#$1234{}][;'\:"|&lt;&gt;?/.,)(*&amp;^%+_-=ÆØÅ' is set on object 'Object Repository/Admin/SettingsChannels (1)/textarea_description'&#xD;
&#xD;
2019-07-15 16:51:36 - [TEST_STEP][PASSED] - verifyElementText(findTestObject("Admin/SettingsChannels (1)/label_Name"), "Name", CONTINUE_ON_FAILURE): Actual text and expected text of test object 'Object Repository/Admin/SettingsChannels (1)/label_Name' are matched.&#xD;
&#xD;
2019-07-15 16:51:36 - [MESSAGE][PASSED] - Actual text and expected text of test object 'Object Repository/Admin/SettingsChannels (1)/label_Name' are matched.&#xD;
&#xD;
2019-07-15 16:51:36 - [TEST_STEP][PASSED] - verifyElementText(findTestObject("Admin/SettingsChannels (1)/label_Description"), "Description", CONTINUE_ON_FAILURE): Actual text and expected text of test object 'Object Repository/Admin/SettingsChannels (1)/label_Description' are matched.&#xD;
&#xD;
2019-07-15 16:51:36 - [MESSAGE][PASSED] - Actual text and expected text of test object 'Object Repository/Admin/SettingsChannels (1)/label_Description' are matched.&#xD;
&#xD;
2019-07-15 16:51:36 - [TEST_STEP][PASSED] - verifyElementText(findTestObject("Admin/SettingsChannels (1)/label_Email connection"), "Email connection", CONTINUE_ON_FAILURE): Actual text and expected text of test object 'Object Repository/Admin/SettingsChannels (1)/label_Email connection' are matched.&#xD;
&#xD;
2019-07-15 16:51:36 - [MESSAGE][PASSED] - Actual text and expected text of test object 'Object Repository/Admin/SettingsChannels (1)/label_Email connection' are matched.&#xD;
&#xD;
2019-07-15 16:51:36 - [TEST_STEP][PASSED] - verifyElementText(findTestObject("Admin/SettingsChannels (1)/label_Track Email Read"), "Track Email Read", CONTINUE_ON_FAILURE): Actual text and expected text of test object 'Object Repository/Admin/SettingsChannels (1)/label_Track Email Read' are matched.&#xD;
&#xD;
2019-07-15 16:51:36 - [MESSAGE][PASSED] - Actual text and expected text of test object 'Object Repository/Admin/SettingsChannels (1)/label_Track Email Read' are matched.&#xD;
&#xD;
2019-07-15 16:51:36 - [TEST_STEP][PASSED] - verifyElementClickable(findTestObject("Admin/SettingsChannels (1)/button_Cancel_channels"), CONTINUE_ON_FAILURE): Object 'Object Repository/Admin/SettingsChannels (1)/button_Cancel_channels' is clickable&#xD;
&#xD;
2019-07-15 16:51:36 - [MESSAGE][PASSED] - Object 'Object Repository/Admin/SettingsChannels (1)/button_Cancel_channels' is clickable&#xD;
&#xD;
2019-07-15 16:51:36 - [TEST_STEP][PASSED] - verifyElementClickable(findTestObject("Admin/SettingsChannels (1)/button_Save"), CONTINUE_ON_FAILURE): Object 'Object Repository/Admin/SettingsChannels (1)/button_Save' is clickable&#xD;
&#xD;
2019-07-15 16:51:36 - [MESSAGE][PASSED] - Object 'Object Repository/Admin/SettingsChannels (1)/button_Save' is clickable&#xD;
&#xD;
2019-07-15 16:51:36 - [TEST_STEP][PASSED] - check(findTestObject("Admin/SettingsChannels (1)/input_trackEmailRead"), CONTINUE_ON_FAILURE): Object 'Object Repository/Admin/SettingsChannels (1)/input_trackEmailRead' is checked&#xD;
&#xD;
2019-07-15 16:51:37 - [MESSAGE][PASSED] - Object 'Object Repository/Admin/SettingsChannels (1)/input_trackEmailRead' is checked&#xD;
&#xD;
2019-07-15 16:51:37 - [TEST_STEP][PASSED] - click(findTestObject("Admin/SettingsChannels (1)/button_Send test email"), CONTINUE_ON_FAILURE): Object: 'Object Repository/Admin/SettingsChannels (1)/button_Send test email' is clicked on&#xD;
&#xD;
2019-07-15 16:51:37 - [MESSAGE][PASSED] - Object: 'Object Repository/Admin/SettingsChannels (1)/button_Send test email' is clicked on&#xD;
&#xD;
2019-07-15 16:51:37 - [TEST_STEP][PASSED] - verifyElementText(findTestObject("Admin/SettingsChannels (1)/Send_Test_Mail/button_Send"), "Send", OPTIONAL): Actual text and expected text of test object 'Object Repository/Admin/SettingsChannels (1)/Send_Test_Mail/button_Send' are matched.&#xD;
&#xD;
2019-07-15 16:51:37 - [MESSAGE][PASSED] - Actual text and expected text of test object 'Object Repository/Admin/SettingsChannels (1)/Send_Test_Mail/button_Send' are matched.&#xD;
&#xD;
2019-07-15 16:51:37 - [TEST_STEP][PASSED] - verifyElementAttributeValue(findTestObject("Admin/SettingsChannels (1)/Send_Test_Mail/input_subject"), "value", "Test: Samples Email Queue", 0, CONTINUE_ON_FAILURE): Object 'Object Repository/Admin/SettingsChannels (1)/Send_Test_Mail/input_subject' has attribute 'value' with value 'Test: Samples Email Queue'&#xD;
&#xD;
2019-07-15 16:51:37 - [MESSAGE][WARNING] - Timeout '0' is invalid. Using default page load timeout: '5'&#xD;
&#xD;
2019-07-15 16:51:37 - [MESSAGE][PASSED] - Object 'Object Repository/Admin/SettingsChannels (1)/Send_Test_Mail/input_subject' has attribute 'value' with value 'Test: Samples Email Queue'&#xD;
&#xD;
2019-07-15 16:51:37 - [TEST_STEP][PASSED] - verifyElementText(findTestObject("Admin/SettingsChannels (1)/Send_Test_Mail/textarea_This is a message to"), " This is a message to test that the Samples Email Queue is working correctly.", CONTINUE_ON_FAILURE): Actual text and expected text of test object 'Object Repository/Admin/SettingsChannels (1)/Send_Test_Mail/textarea_This is a message to' are matched.&#xD;
&#xD;
2019-07-15 16:51:37 - [MESSAGE][PASSED] - Actual text and expected text of test object 'Object Repository/Admin/SettingsChannels (1)/Send_Test_Mail/textarea_This is a message to' are matched.&#xD;
&#xD;
2019-07-15 16:51:37 - [TEST_STEP][PASSED] - verifyElementText(findTestObject("Admin/SettingsChannels (1)/Send_Test_Mail/label_Email Body"), "Email Body", CONTINUE_ON_FAILURE): Actual text and expected text of test object 'Object Repository/Admin/SettingsChannels (1)/Send_Test_Mail/label_Email Body' are matched.&#xD;
&#xD;
2019-07-15 16:51:37 - [MESSAGE][PASSED] - Actual text and expected text of test object 'Object Repository/Admin/SettingsChannels (1)/Send_Test_Mail/label_Email Body' are matched.&#xD;
&#xD;
2019-07-15 16:51:37 - [TEST_STEP][PASSED] - verifyElementText(findTestObject("Admin/SettingsChannels (1)/Send_Test_Mail/label_Subject"), "Subject", CONTINUE_ON_FAILURE): Actual text and expected text of test object 'Object Repository/Admin/SettingsChannels (1)/Send_Test_Mail/label_Subject' are matched.&#xD;
&#xD;
2019-07-15 16:51:37 - [MESSAGE][PASSED] - Actual text and expected text of test object 'Object Repository/Admin/SettingsChannels (1)/Send_Test_Mail/label_Subject' are matched.&#xD;
&#xD;
2019-07-15 16:51:37 - [TEST_STEP][PASSED] - verifyElementText(findTestObject("Admin/SettingsChannels (1)/Send_Test_Mail/label_To"), "To", CONTINUE_ON_FAILURE): Actual text and expected text of test object 'Object Repository/Admin/SettingsChannels (1)/Send_Test_Mail/label_To' are matched.&#xD;
&#xD;
2019-07-15 16:51:37 - [MESSAGE][PASSED] - Actual text and expected text of test object 'Object Repository/Admin/SettingsChannels (1)/Send_Test_Mail/label_To' are matched.&#xD;
&#xD;
2019-07-15 16:51:37 - [TEST_STEP][PASSED] - click(findTestObject("Admin/SettingsChannels (1)/Send_Test_Mail/button_Send"), CONTINUE_ON_FAILURE): Object: 'Object Repository/Admin/SettingsChannels (1)/Send_Test_Mail/button_Send' is clicked on&#xD;
&#xD;
2019-07-15 16:51:37 - [MESSAGE][PASSED] - Object: 'Object Repository/Admin/SettingsChannels (1)/Send_Test_Mail/button_Send' is clicked on&#xD;
&#xD;
2019-07-15 16:51:37 - [TEST_STEP][PASSED] - waitForElementNotClickable(findTestObject("Admin/SettingsChannels (1)/Send_Test_Mail/button_Send"), 1, CONTINUE_ON_FAILURE): Object 'Object Repository/Admin/SettingsChannels (1)/Send_Test_Mail/button_Send' is NOT clickable&#xD;
&#xD;
2019-07-15 16:51:37 - [MESSAGE][PASSED] - Object 'Object Repository/Admin/SettingsChannels (1)/Send_Test_Mail/button_Send' is NOT clickable&#xD;
&#xD;
2019-07-15 16:51:37 - [TEST_STEP][PASSED] - verifyElementNotClickable(findTestObject("Admin/SettingsChannels (1)/Send_Test_Mail/button_Send"), CONTINUE_ON_FAILURE): Object 'Object Repository/Admin/SettingsChannels (1)/Send_Test_Mail/button_Send' is NOT clickable&#xD;
&#xD;
2019-07-15 16:51:37 - [MESSAGE][PASSED] - Object 'Object Repository/Admin/SettingsChannels (1)/Send_Test_Mail/button_Send' is NOT clickable&#xD;
&#xD;
2019-07-15 16:51:37 - [TEST_STEP][PASSED] - delay(2, CONTINUE_ON_FAILURE): Delayed 2 second(s)&#xD;
&#xD;
2019-07-15 16:51:39 - [MESSAGE][PASSED] - Delayed 2 second(s)&#xD;
&#xD;
2019-07-15 16:51:39 - [TEST_STEP][PASSED] - verifyElementText(findTestObject("Admin/SettingsChannels (1)/Send_Test_Mail/button_Send"), "Email send failed", CONTINUE_ON_FAILURE): Actual text and expected text of test object 'Object Repository/Admin/SettingsChannels (1)/Send_Test_Mail/button_Send' are matched.&#xD;
&#xD;
2019-07-15 16:51:40 - [MESSAGE][PASSED] - Actual text and expected text of test object 'Object Repository/Admin/SettingsChannels (1)/Send_Test_Mail/button_Send' are matched.&#xD;
&#xD;
2019-07-15 16:51:40 - [TEST_STEP][PASSED] - delay(2, CONTINUE_ON_FAILURE): Delayed 2 second(s)&#xD;
&#xD;
2019-07-15 16:51:42 - [MESSAGE][PASSED] - Delayed 2 second(s)&#xD;
&#xD;
2019-07-15 16:51:42 - [TEST_STEP][PASSED] - click(findTestObject("Admin/SettingsChannels (1)/Send_Test_Mail/button_Cancel"), CONTINUE_ON_FAILURE): Object: 'Object Repository/Admin/SettingsChannels (1)/Send_Test_Mail/button_Cancel' is clicked on&#xD;
&#xD;
2019-07-15 16:51:42 - [MESSAGE][PASSED] - Object: 'Object Repository/Admin/SettingsChannels (1)/Send_Test_Mail/button_Cancel' is clicked on&#xD;
&#xD;
2019-07-15 16:51:42 - [TEST_STEP][PASSED] - delay(1, CONTINUE_ON_FAILURE): Delayed 1 second(s)&#xD;
&#xD;
2019-07-15 16:51:43 - [MESSAGE][PASSED] - Delayed 1 second(s)&#xD;
&#xD;
2019-07-15 16:51:43 - [TEST_STEP][PASSED] - click(findTestObject("Admin/SettingsChannels (1)/button_Send test email"), CONTINUE_ON_FAILURE): Object: 'Object Repository/Admin/SettingsChannels (1)/button_Send test email' is clicked on&#xD;
&#xD;
2019-07-15 16:51:43 - [MESSAGE][PASSED] - Object: 'Object Repository/Admin/SettingsChannels (1)/button_Send test email' is clicked on&#xD;
&#xD;
2019-07-15 16:51:43 - [TEST_STEP][PASSED] - delay(1, CONTINUE_ON_FAILURE): Delayed 1 second(s)&#xD;
&#xD;
2019-07-15 16:51:44 - [MESSAGE][PASSED] - Delayed 1 second(s)&#xD;
&#xD;
2019-07-15 16:51:44 - [TEST_STEP][PASSED] - setText(findTestObject("Admin/SettingsChannels (1)/Send_Test_Mail/input_name"), Email_Admin, CONTINUE_ON_FAILURE): Text 'bogdan.eremia@ecrion.com' is set on object 'Object Repository/Admin/SettingsChannels (1)/Send_Test_Mail/input_name'&#xD;
&#xD;
2019-07-15 16:51:44 - [MESSAGE][PASSED] - Text 'bogdan.eremia@ecrion.com' is set on object 'Object Repository/Admin/SettingsChannels (1)/Send_Test_Mail/input_name'&#xD;
&#xD;
2019-07-15 16:51:44 - [TEST_STEP][NOT_RUN] - setText(findTestObject("Admin/SettingsChannels (1)/Send_Test_Mail/input_subject"), "!@#$%^&amp;*()_+=-0", CONTINUE_ON_FAILURE): NOT_RUN: setText(findTestObject("Admin/SettingsChannels (1)/Send_Test_Mail/input_subject"), "!@#$%^&amp;*()_+=-0", CONTINUE_ON_FAILURE)&#xD;
&#xD;
2019-07-15 16:51:44 - [MESSAGE][NOT_RUN] - NOT_RUN: setText(findTestObject("Admin/SettingsChannels (1)/Send_Test_Mail/input_subject"), "!@#$%^&amp;*()_+=-0", CONTINUE_ON_FAILURE)&#xD;
&#xD;
2019-07-15 16:51:44 - [TEST_STEP][NOT_RUN] - setText(findTestObject("Admin/SettingsChannels (1)/Send_Test_Mail/textarea_This is a message to"), " This is a message to test that the Samples Email Queue is working correctly. !@#$%^^&amp;&amp;*()_+=-0987654321{}:"|?&gt;&lt;,./;'\][", CONTINUE_ON_FAILURE): NOT_RUN: setText(findTestObject("Admin/SettingsChannels (1)/Send_Test_Mail/textarea_This is a message to"), " This is a message to test that the Samples Email Queue is working correctly. !@#$%^^&amp;&amp;*()_+=-0987654321{}:"|?&gt;&lt;,./;'\][", CONTINUE_ON_FAILURE)&#xD;
&#xD;
2019-07-15 16:51:44 - [MESSAGE][NOT_RUN] - NOT_RUN: setText(findTestObject("Admin/SettingsChannels (1)/Send_Test_Mail/textarea_This is a message to"), " This is a message to test that the Samples Email Queue is working correctly. !@#$%^^&amp;&amp;*()_+=-0987654321{}:"|?&gt;&lt;,./;'\][", CONTINUE_ON_FAILURE)&#xD;
&#xD;
2019-07-15 16:51:44 - [TEST_STEP][PASSED] - click(findTestObject("Admin/SettingsChannels (1)/Send_Test_Mail/button_Send"), CONTINUE_ON_FAILURE): Object: 'Object Repository/Admin/SettingsChannels (1)/Send_Test_Mail/button_Send' is clicked on&#xD;
&#xD;
2019-07-15 16:51:44 - [MESSAGE][PASSED] - Object: 'Object Repository/Admin/SettingsChannels (1)/Send_Test_Mail/button_Send' is clicked on&#xD;
&#xD;
2019-07-15 16:51:44 - [TEST_STEP][PASSED] - delay(7, CONTINUE_ON_FAILURE): Delayed 7 second(s)&#xD;
&#xD;
2019-07-15 16:51:51 - [MESSAGE][PASSED] - Delayed 7 second(s)&#xD;
&#xD;
2019-07-15 16:51:51 - [TEST_STEP][PASSED] - verifyElementNotClickable(findTestObject("Admin/SettingsChannels (1)/Send_Test_Mail/button_Send"), CONTINUE_ON_FAILURE): Object 'Object Repository/Admin/SettingsChannels (1)/Send_Test_Mail/button_Send' is NOT clickable&#xD;
&#xD;
2019-07-15 16:51:51 - [MESSAGE][PASSED] - Object 'Object Repository/Admin/SettingsChannels (1)/Send_Test_Mail/button_Send' is NOT clickable&#xD;
&#xD;
2019-07-15 16:51:51 - [TEST_STEP][PASSED] - verifyElementText(findTestObject("Admin/SettingsChannels (1)/Send_Test_Mail/button_Send"), "Email sent", CONTINUE_ON_FAILURE): Actual text and expected text of test object 'Object Repository/Admin/SettingsChannels (1)/Send_Test_Mail/button_Send' are matched.&#xD;
&#xD;
2019-07-15 16:51:51 - [MESSAGE][PASSED] - Actual text and expected text of test object 'Object Repository/Admin/SettingsChannels (1)/Send_Test_Mail/button_Send' are matched.&#xD;
&#xD;
2019-07-15 16:51:51 - [TEST_STEP][PASSED] - delay(2, CONTINUE_ON_FAILURE): Delayed 2 second(s)&#xD;
&#xD;
2019-07-15 16:51:53 - [MESSAGE][PASSED] - Delayed 2 second(s)&#xD;
&#xD;
2019-07-15 16:51:53 - [TEST_STEP][PASSED] - click(findTestObject("Admin/SettingsChannels (1)/Send_Test_Mail/button_Cancel"), CONTINUE_ON_FAILURE): Object: 'Object Repository/Admin/SettingsChannels (1)/Send_Test_Mail/button_Cancel' is clicked on&#xD;
&#xD;
2019-07-15 16:51:53 - [MESSAGE][PASSED] - Object: 'Object Repository/Admin/SettingsChannels (1)/Send_Test_Mail/button_Cancel' is clicked on&#xD;
&#xD;
2019-07-15 16:51:53 - [TEST_STEP][PASSED] - delay(1, CONTINUE_ON_FAILURE): Delayed 1 second(s)&#xD;
&#xD;
2019-07-15 16:51:54 - [MESSAGE][PASSED] - Delayed 1 second(s)&#xD;
&#xD;
2019-07-15 16:51:54 - [TEST_STEP][PASSED] - click(findTestObject("Admin/SettingsChannels (1)/button_Save"), CONTINUE_ON_FAILURE): Object: 'Object Repository/Admin/SettingsChannels (1)/button_Save' is clicked on&#xD;
&#xD;
2019-07-15 16:51:54 - [MESSAGE][PASSED] - Object: 'Object Repository/Admin/SettingsChannels (1)/button_Save' is clicked on&#xD;
&#xD;
2019-07-15 16:51:54 - [TEST_STEP][PASSED] - if (verifyElementNotPresent(findTestObject("Admin/SettingsChannels (1)/Channel_Contextual Menu"), 2, OPTIONAL)): Object: 'Object Repository/Admin/SettingsChannels (1)/Channel_Contextual Menu' is clicked on&#xD;
&#xD;
2019-07-15 16:51:54 - [MESSAGE][PASSED] - Web element with id: 'Object Repository/Admin/SettingsChannels (1)/Channel_Contextual Menu' located by 'By.cssSelector: #grid &gt; div &gt; div.jsgrid-grid-body &gt; table &gt; tbody &gt; tr:nth-child(3) &gt; td &gt; div' is not present after '2' second(s)&#xD;
&#xD;
2019-07-15 16:51:54 - [TEST_STEP][PASSED] - contextual_menu = findTestObject("Admin/SettingsChannels (1)/Channel_Contextual Menu"): null&#xD;
&#xD;
2019-07-15 16:51:54 - [TEST_STEP][PASSED] - contextual_menu.setSelectorValue(CSS, "#grid &gt; div &gt; div.jsgrid-grid-body &gt; table &gt; tbody &gt; tr:nth-child(1) &gt; td &gt; div"): null&#xD;
&#xD;
2019-07-15 16:51:54 - [TEST_STEP][PASSED] - click(contextual_menu, OPTIONAL): Object: 'Object Repository/Admin/SettingsChannels (1)/Channel_Contextual Menu' is clicked on&#xD;
&#xD;
2019-07-15 16:51:55 - [MESSAGE][PASSED] - Object: 'Object Repository/Admin/SettingsChannels (1)/Channel_Contextual Menu' is clicked on&#xD;
&#xD;
2019-07-15 16:51:55 - [TEST_STEP][PASSED] - verifyElementClickable(findTestObject("Admin/SettingsChannels (1)/Contextual_Delete"), CONTINUE_ON_FAILURE): Object 'Object Repository/Admin/SettingsChannels (1)/Contextual_Delete' is clickable&#xD;
&#xD;
2019-07-15 16:51:55 - [MESSAGE][PASSED] - Object 'Object Repository/Admin/SettingsChannels (1)/Contextual_Delete' is clickable&#xD;
&#xD;
2019-07-15 16:51:55 - [TEST_STEP][PASSED] - verifyElementText(findTestObject("Admin/SettingsChannels (1)/Contextual_Delete"), "Delete", CONTINUE_ON_FAILURE): Actual text and expected text of test object 'Object Repository/Admin/SettingsChannels (1)/Contextual_Delete' are matched.&#xD;
&#xD;
2019-07-15 16:51:55 - [MESSAGE][PASSED] - Actual text and expected text of test object 'Object Repository/Admin/SettingsChannels (1)/Contextual_Delete' are matched.&#xD;
&#xD;
2019-07-15 16:51:55 - [TEST_STEP][PASSED] - verifyElementText(findTestObject("Admin/SettingsChannels (1)/Contextual_Properties"), "Properties", CONTINUE_ON_FAILURE): Actual text and expected text of test object 'Object Repository/Admin/SettingsChannels (1)/Contextual_Properties' are matched.&#xD;
&#xD;
2019-07-15 16:51:55 - [MESSAGE][PASSED] - Actual text and expected text of test object 'Object Repository/Admin/SettingsChannels (1)/Contextual_Properties' are matched.&#xD;
&#xD;
2019-07-15 16:51:55 - [TEST_STEP][PASSED] - click(findTestObject("Admin/SettingsChannels (1)/Contextual_Properties"), CONTINUE_ON_FAILURE): Object: 'Object Repository/Admin/SettingsChannels (1)/Contextual_Properties' is clicked on&#xD;
&#xD;
2019-07-15 16:51:55 - [MESSAGE][PASSED] - Object: 'Object Repository/Admin/SettingsChannels (1)/Contextual_Properties' is clicked on&#xD;
&#xD;
2019-07-15 16:51:55 - [TEST_STEP][PASSED] - click(findTestObject("Admin/SettingsChannels (1)/button_Save"), CONTINUE_ON_FAILURE): Object: 'Object Repository/Admin/SettingsChannels (1)/button_Save' is clicked on&#xD;
&#xD;
2019-07-15 16:51:56 - [MESSAGE][PASSED] - Object: 'Object Repository/Admin/SettingsChannels (1)/button_Save' is clicked on&#xD;
&#xD;
2019-07-15 16:51:56 - [MESSAGE][PASSED] - Call Test Case 'Test Cases/Admin/Admin_Settings' successfully&#xD;
&#xD;
2019-07-15 16:51:56 - [TEST_STEP][PASSED] - delay(2, CONTINUE_ON_FAILURE): Delayed 2 second(s)&#xD;
&#xD;
2019-07-15 16:51:58 - [MESSAGE][PASSED] - Delayed 2 second(s)&#xD;
&#xD;
2019-07-15 16:51:58 - [TEST_STEP][PASSED] - callTestCase(findTestCase("Contacts/Create_Contact"), [:], CONTINUE_ON_FAILURE): Call Test Case 'Test Cases/Contacts/Create_Contact' successfully&#xD;
&#xD;
2019-07-15 16:51:58 - [TEST_CASE][PASSED] - Test Cases/Contacts/Create_Contact: Test Cases/Contacts/Create_Contact&#xD;
&#xD;
2019-07-15 16:51:58 - [TEST_STEP][NOT_RUN] - callTestCase(findTestCase("Main Login Page/login_simple"), [:], STOP_ON_FAILURE): NOT_RUN: callTestCase(findTestCase("Main Login Page/login_simple"), [:], STOP_ON_FAILURE)&#xD;
&#xD;
2019-07-15 16:51:58 - [MESSAGE][NOT_RUN] - NOT_RUN: callTestCase(findTestCase("Main Login Page/login_simple"), [:], STOP_ON_FAILURE)&#xD;
&#xD;
2019-07-15 16:51:58 - [TEST_STEP][PASSED] - navigateToUrl(url_enterprise): Navigate to 'http://192.168.1.55:8094/' successfully&#xD;
&#xD;
2019-07-15 16:51:58 - [MESSAGE][PASSED] - Navigate to 'http://192.168.1.55:8094/' successfully&#xD;
&#xD;
2019-07-15 16:51:58 - [TEST_STEP][PASSED] - click(findTestObject("Contacts/Page_Welcome - EOS/a_Contacts")): Object: 'Object Repository/Contacts/Page_Welcome - EOS/a_Contacts' is clicked on&#xD;
&#xD;
2019-07-15 16:51:59 - [MESSAGE][PASSED] - Object: 'Object Repository/Contacts/Page_Welcome - EOS/a_Contacts' is clicked on&#xD;
&#xD;
2019-07-15 16:51:59 - [TEST_STEP][PASSED] - click(findTestObject("Contacts/Page_Contacts/button_New")): Object: 'Object Repository/Contacts/Page_Contacts/button_New' is clicked on&#xD;
&#xD;
2019-07-15 16:52:00 - [MESSAGE][PASSED] - Object: 'Object Repository/Contacts/Page_Contacts/button_New' is clicked on&#xD;
&#xD;
2019-07-15 16:52:00 - [TEST_STEP][PASSED] - click(findTestObject("Contacts/Page_Contacts/a_Contact")): Object: 'Object Repository/Contacts/Page_Contacts/a_Contact' is clicked on&#xD;
&#xD;
2019-07-15 16:52:00 - [MESSAGE][PASSED] - Object: 'Object Repository/Contacts/Page_Contacts/a_Contact' is clicked on&#xD;
&#xD;
2019-07-15 16:52:00 - [TEST_STEP][PASSED] - setText(findTestObject("Contacts/Page_Contacts/input_FirstName"), "TestContact"): Text 'TestContact' is set on object 'Object Repository/Contacts/Page_Contacts/input_FirstName'&#xD;
&#xD;
2019-07-15 16:52:00 - [MESSAGE][PASSED] - Text 'TestContact' is set on object 'Object Repository/Contacts/Page_Contacts/input_FirstName'&#xD;
&#xD;
2019-07-15 16:52:00 - [TEST_STEP][PASSED] - setText(findTestObject("Contacts/Page_Contacts/input_LAstName"), "TestContactLM"): Text 'TestContactLM' is set on object 'Object Repository/Contacts/Page_Contacts/input_LAstName'&#xD;
&#xD;
2019-07-15 16:52:01 - [MESSAGE][PASSED] - Text 'TestContactLM' is set on object 'Object Repository/Contacts/Page_Contacts/input_LAstName'&#xD;
&#xD;
2019-07-15 16:52:01 - [TEST_STEP][PASSED] - setText(findTestObject("Contacts/Page_Contacts/input_email"), "test@test.test"): Text 'test@test.test' is set on object 'Object Repository/Contacts/Page_Contacts/input_email'&#xD;
&#xD;
2019-07-15 16:52:01 - [MESSAGE][PASSED] - Text 'test@test.test' is set on object 'Object Repository/Contacts/Page_Contacts/input_email'&#xD;
&#xD;
2019-07-15 16:52:01 - [TEST_STEP][PASSED] - setText(findTestObject("Contacts/Page_Contacts/input_Phone"), "02123456789"): Text '02123456789' is set on object 'Object Repository/Contacts/Page_Contacts/input_Phone'&#xD;
&#xD;
2019-07-15 16:52:01 - [MESSAGE][PASSED] - Text '02123456789' is set on object 'Object Repository/Contacts/Page_Contacts/input_Phone'&#xD;
&#xD;
2019-07-15 16:52:01 - [TEST_STEP][PASSED] - setText(findTestObject("Contacts/Page_Contacts/input_contactNO"), "13"): Text '13' is set on object 'Object Repository/Contacts/Page_Contacts/input_contactNO'&#xD;
&#xD;
2019-07-15 16:52:01 - [MESSAGE][PASSED] - Text '13' is set on object 'Object Repository/Contacts/Page_Contacts/input_contactNO'&#xD;
&#xD;
2019-07-15 16:52:01 - [TEST_STEP][PASSED] - setText(findTestObject("Contacts/Page_Contacts/input_mobile"), "0712345678"): Text '0712345678' is set on object 'Object Repository/Contacts/Page_Contacts/input_mobile'&#xD;
&#xD;
2019-07-15 16:52:01 - [MESSAGE][PASSED] - Text '0712345678' is set on object 'Object Repository/Contacts/Page_Contacts/input_mobile'&#xD;
&#xD;
2019-07-15 16:52:01 - [TEST_STEP][PASSED] - check(findTestObject("Contacts/Page_Contacts/input_PrimaryContact"), STOP_ON_FAILURE): Object 'Object Repository/Contacts/Page_Contacts/input_PrimaryContact' is checked&#xD;
&#xD;
2019-07-15 16:52:01 - [MESSAGE][PASSED] - Object 'Object Repository/Contacts/Page_Contacts/input_PrimaryContact' is checked&#xD;
&#xD;
2019-07-15 16:52:01 - [TEST_STEP][PASSED] - click(findTestObject("Contacts/Page_Contacts/a_Address")): Object: 'Object Repository/Contacts/Page_Contacts/a_Address' is clicked on&#xD;
&#xD;
2019-07-15 16:52:01 - [MESSAGE][PASSED] - Object: 'Object Repository/Contacts/Page_Contacts/a_Address' is clicked on&#xD;
&#xD;
2019-07-15 16:52:01 - [TEST_STEP][PASSED] - setText(findTestObject("Contacts/Page_Contacts/input_Street"), "QA Street"): Text 'QA Street' is set on object 'Object Repository/Contacts/Page_Contacts/input_Street'&#xD;
&#xD;
2019-07-15 16:52:01 - [MESSAGE][PASSED] - Text 'QA Street' is set on object 'Object Repository/Contacts/Page_Contacts/input_Street'&#xD;
&#xD;
2019-07-15 16:52:01 - [TEST_STEP][PASSED] - setText(findTestObject("Contacts/Page_Contacts/input_ZipPostalCode"), "777"): Text '777' is set on object 'Object Repository/Contacts/Page_Contacts/input_ZipPostalCode'&#xD;
&#xD;
2019-07-15 16:52:01 - [MESSAGE][PASSED] - Text '777' is set on object 'Object Repository/Contacts/Page_Contacts/input_ZipPostalCode'&#xD;
&#xD;
2019-07-15 16:52:01 - [TEST_STEP][PASSED] - setText(findTestObject("Contacts/Page_Contacts/input_City"), "QA City"): Text 'QA City' is set on object 'Object Repository/Contacts/Page_Contacts/input_City'&#xD;
&#xD;
2019-07-15 16:52:01 - [MESSAGE][PASSED] - Text 'QA City' is set on object 'Object Repository/Contacts/Page_Contacts/input_City'&#xD;
&#xD;
2019-07-15 16:52:01 - [TEST_STEP][PASSED] - setText(findTestObject("Contacts/Page_Contacts/input_State"), "QA State"): Text 'QA State' is set on object 'Object Repository/Contacts/Page_Contacts/input_State'&#xD;
&#xD;
2019-07-15 16:52:02 - [MESSAGE][PASSED] - Text 'QA State' is set on object 'Object Repository/Contacts/Page_Contacts/input_State'&#xD;
&#xD;
2019-07-15 16:52:02 - [TEST_STEP][PASSED] - setText(findTestObject("Contacts/Page_Contacts/input_Country"), "QA Country"): Text 'QA Country' is set on object 'Object Repository/Contacts/Page_Contacts/input_Country'&#xD;
&#xD;
2019-07-15 16:52:02 - [MESSAGE][PASSED] - Text 'QA Country' is set on object 'Object Repository/Contacts/Page_Contacts/input_Country'&#xD;
&#xD;
2019-07-15 16:52:02 - [TEST_STEP][PASSED] - click(findTestObject("Contacts/Page_Contacts/a_Demographics")): Object: 'Object Repository/Contacts/Page_Contacts/a_Demographics' is clicked on&#xD;
&#xD;
2019-07-15 16:52:02 - [MESSAGE][PASSED] - Object: 'Object Repository/Contacts/Page_Contacts/a_Demographics' is clicked on&#xD;
&#xD;
2019-07-15 16:52:02 - [TEST_STEP][PASSED] - setText(findTestObject("Contacts/Page_Contacts/input_DateOfBirth"), "010186"): Text '010186' is set on object 'Object Repository/Contacts/Page_Contacts/input_DateOfBirth'&#xD;
&#xD;
2019-07-15 16:52:02 - [MESSAGE][PASSED] - Text '010186' is set on object 'Object Repository/Contacts/Page_Contacts/input_DateOfBirth'&#xD;
&#xD;
2019-07-15 16:52:02 - [TEST_STEP][PASSED] - click(findTestObject("Contacts/Page_Contacts/a_Sales")): Object: 'Object Repository/Contacts/Page_Contacts/a_Sales' is clicked on&#xD;
&#xD;
2019-07-15 16:52:02 - [MESSAGE][PASSED] - Object: 'Object Repository/Contacts/Page_Contacts/a_Sales' is clicked on&#xD;
&#xD;
2019-07-15 16:52:02 - [TEST_STEP][PASSED] - setText(findTestObject("Contacts/Page_Contacts/input_Company"), "QA Inc Ltd"): Text 'QA Inc Ltd' is set on object 'Object Repository/Contacts/Page_Contacts/input_Company'&#xD;
&#xD;
2019-07-15 16:52:02 - [MESSAGE][PASSED] - Text 'QA Inc Ltd' is set on object 'Object Repository/Contacts/Page_Contacts/input_Company'&#xD;
&#xD;
2019-07-15 16:52:02 - [TEST_STEP][PASSED] - setText(findTestObject("Contacts/Page_Contacts/input_Title"), "Mr. QA"): Text 'Mr. QA' is set on object 'Object Repository/Contacts/Page_Contacts/input_Title'&#xD;
&#xD;
2019-07-15 16:52:02 - [MESSAGE][PASSED] - Text 'Mr. QA' is set on object 'Object Repository/Contacts/Page_Contacts/input_Title'&#xD;
&#xD;
2019-07-15 16:52:02 - [TEST_STEP][PASSED] - setText(findTestObject("Contacts/Page_Contacts/input_Industry"), "QA"): Text 'QA' is set on object 'Object Repository/Contacts/Page_Contacts/input_Industry'&#xD;
&#xD;
2019-07-15 16:52:02 - [MESSAGE][PASSED] - Text 'QA' is set on object 'Object Repository/Contacts/Page_Contacts/input_Industry'&#xD;
&#xD;
2019-07-15 16:52:02 - [TEST_STEP][PASSED] - setText(findTestObject("Contacts/Page_Contacts/input_LeadSource"), "Automation"): Text 'Automation' is set on object 'Object Repository/Contacts/Page_Contacts/input_LeadSource'&#xD;
&#xD;
2019-07-15 16:52:02 - [MESSAGE][PASSED] - Text 'Automation' is set on object 'Object Repository/Contacts/Page_Contacts/input_LeadSource'&#xD;
&#xD;
2019-07-15 16:52:02 - [TEST_STEP][PASSED] - click(findTestObject("Contacts/Page_Contacts/input_modalOkBtn")): Object: 'Object Repository/Contacts/Page_Contacts/input_modalOkBtn' is clicked on&#xD;
&#xD;
2019-07-15 16:52:02 - [MESSAGE][PASSED] - Object: 'Object Repository/Contacts/Page_Contacts/input_modalOkBtn' is clicked on&#xD;
&#xD;
2019-07-15 16:52:02 - [TEST_STEP][PASSED] - delay(2): Delayed 2 second(s)&#xD;
&#xD;
2019-07-15 16:52:04 - [MESSAGE][PASSED] - Delayed 2 second(s)&#xD;
&#xD;
2019-07-15 16:52:04 - [TEST_STEP][PASSED] - verifyElementPresent(findTestObject("Contacts/Page_Contacts/verify_Createdcontact"), 3): Object 'Object Repository/Contacts/Page_Contacts/verify_Createdcontact' is present&#xD;
&#xD;
2019-07-15 16:52:04 - [MESSAGE][PASSED] - Object 'Object Repository/Contacts/Page_Contacts/verify_Createdcontact' is present&#xD;
&#xD;
2019-07-15 16:52:04 - [TEST_STEP][PASSED] - click(findTestObject("Contacts/Page_Contacts/verify_Createdcontact")): Object: 'Object Repository/Contacts/Page_Contacts/verify_Createdcontact' is clicked on&#xD;
&#xD;
2019-07-15 16:52:05 - [MESSAGE][PASSED] - Object: 'Object Repository/Contacts/Page_Contacts/verify_Createdcontact' is clicked on&#xD;
&#xD;
2019-07-15 16:52:05 - [MESSAGE][PASSED] - Call Test Case 'Test Cases/Contacts/Create_Contact' successfully&#xD;
&#xD;
2019-07-15 16:52:05 - [TEST_STEP][PASSED] - delay(2, CONTINUE_ON_FAILURE): Delayed 2 second(s)&#xD;
&#xD;
2019-07-15 16:52:07 - [MESSAGE][PASSED] - Delayed 2 second(s)&#xD;
&#xD;
2019-07-15 16:52:07 - [TEST_STEP][PASSED] - callTestCase(findTestCase("Groups_Users/Create Group_Users"), [:], CONTINUE_ON_FAILURE): Call Test Case 'Test Cases/Groups_Users/Create Group_Users' successfully&#xD;
&#xD;
2019-07-15 16:52:07 - [TEST_CASE][PASSED] - Test Cases/Groups_Users/Create Group_Users: Test Cases/Groups_Users/Create Group_Users&#xD;
&#xD;
2019-07-15 16:52:07 - [TEST_STEP][NOT_RUN] - callTestCase(findTestCase("Main Login Page/login_simple"), [:], STOP_ON_FAILURE): NOT_RUN: callTestCase(findTestCase("Main Login Page/login_simple"), [:], STOP_ON_FAILURE)&#xD;
&#xD;
2019-07-15 16:52:07 - [MESSAGE][NOT_RUN] - NOT_RUN: callTestCase(findTestCase("Main Login Page/login_simple"), [:], STOP_ON_FAILURE)&#xD;
&#xD;
2019-07-15 16:52:07 - [TEST_STEP][PASSED] - navigateToUrl(url_enterprise): Navigate to 'http://192.168.1.55:8094/' successfully&#xD;
&#xD;
2019-07-15 16:52:07 - [MESSAGE][PASSED] - Navigate to 'http://192.168.1.55:8094/' successfully&#xD;
&#xD;
2019-07-15 16:52:07 - [TEST_STEP][PASSED] - click(findTestObject("Groups_Users/Page_Welcome - EOS/a_Admin")): Object: 'Object Repository/Groups_Users/Page_Welcome - EOS/a_Admin' is clicked on&#xD;
&#xD;
2019-07-15 16:52:07 - [MESSAGE][PASSED] - Object: 'Object Repository/Groups_Users/Page_Welcome - EOS/a_Admin' is clicked on&#xD;
&#xD;
2019-07-15 16:52:07 - [TEST_STEP][PASSED] - click(findTestObject("Groups_Users/Page_Settings - EOS/div_Users")): Object: 'Object Repository/Groups_Users/Page_Settings - EOS/div_Users' is clicked on&#xD;
&#xD;
2019-07-15 16:52:08 - [MESSAGE][PASSED] - Object: 'Object Repository/Groups_Users/Page_Settings - EOS/div_Users' is clicked on&#xD;
&#xD;
2019-07-15 16:52:08 - [TEST_STEP][PASSED] - click(findTestObject("Groups_Users/Page_Users - Settings - EOS/button_New User")): Object: 'Object Repository/Groups_Users/Page_Users - Settings - EOS/button_New User' is clicked on&#xD;
&#xD;
2019-07-15 16:52:09 - [MESSAGE][PASSED] - Object: 'Object Repository/Groups_Users/Page_Users - Settings - EOS/button_New User' is clicked on&#xD;
&#xD;
2019-07-15 16:52:09 - [TEST_STEP][PASSED] - setText(findTestObject("Groups_Users/Page_Users - Settings - EOS/input_emailTxtName"), email_NonAdmin): Text 'test@test.ro' is set on object 'Object Repository/Groups_Users/Page_Users - Settings - EOS/input_emailTxtName'&#xD;
&#xD;
2019-07-15 16:52:09 - [MESSAGE][PASSED] - Text 'test@test.ro' is set on object 'Object Repository/Groups_Users/Page_Users - Settings - EOS/input_emailTxtName'&#xD;
&#xD;
2019-07-15 16:52:09 - [TEST_STEP][PASSED] - click(findTestObject("Groups_Users/Page_Users - Settings - EOS/input_userNext")): Object: 'Object Repository/Groups_Users/Page_Users - Settings - EOS/input_userNext' is clicked on&#xD;
&#xD;
2019-07-15 16:52:10 - [MESSAGE][PASSED] - Object: 'Object Repository/Groups_Users/Page_Users - Settings - EOS/input_userNext' is clicked on&#xD;
&#xD;
2019-07-15 16:52:10 - [TEST_STEP][PASSED] - delay(1): Delayed 1 second(s)&#xD;
&#xD;
2019-07-15 16:52:11 - [MESSAGE][PASSED] - Delayed 1 second(s)&#xD;
&#xD;
2019-07-15 16:52:11 - [TEST_STEP][PASSED] - setText(findTestObject("Groups_Users/Page_Users - Settings - EOS/input_loginTxtName"), username_NonAdmin): Text 'Erre' is set on object 'Object Repository/Groups_Users/Page_Users - Settings - EOS/input_loginTxtName'&#xD;
&#xD;
2019-07-15 16:52:11 - [MESSAGE][PASSED] - Text 'Erre' is set on object 'Object Repository/Groups_Users/Page_Users - Settings - EOS/input_loginTxtName'&#xD;
&#xD;
2019-07-15 16:52:11 - [TEST_STEP][PASSED] - js_Actions.JS_Click.clickUsingJS(findTestObject("Object Repository/Groups_Users/Page_Users - Settings - EOS/input_autoPasswordChkBox"), 0): js_Actions.JS_Click.clickUsingJS is PASSED&#xD;
&#xD;
2019-07-15 16:52:11 - [MESSAGE][WARNING] - Timeout '0' is invalid. Using default page load timeout: '5'&#xD;
&#xD;
2019-07-15 16:52:11 - [MESSAGE][PASSED] - js_Actions.JS_Click.clickUsingJS is PASSED&#xD;
&#xD;
2019-07-15 16:52:11 - [TEST_STEP][PASSED] - delay(1): Delayed 1 second(s)&#xD;
&#xD;
2019-07-15 16:52:12 - [MESSAGE][PASSED] - Delayed 1 second(s)&#xD;
&#xD;
2019-07-15 16:52:12 - [TEST_STEP][PASSED] - setText(findTestObject("Groups_Users/Page_Users - Settings - EOS/input_passwordTxtName"), password_NonAdmin): Text 'ere123' is set on object 'Object Repository/Groups_Users/Page_Users - Settings - EOS/input_passwordTxtName'&#xD;
&#xD;
2019-07-15 16:52:12 - [MESSAGE][PASSED] - Text 'ere123' is set on object 'Object Repository/Groups_Users/Page_Users - Settings - EOS/input_passwordTxtName'&#xD;
&#xD;
2019-07-15 16:52:12 - [TEST_STEP][PASSED] - setText(findTestObject("Groups_Users/Page_Users - Settings - EOS/input_confirmPasswordTxtName"), password_NonAdmin): Text 'ere123' is set on object 'Object Repository/Groups_Users/Page_Users - Settings - EOS/input_confirmPasswordTxtName'&#xD;
&#xD;
2019-07-15 16:52:12 - [MESSAGE][PASSED] - Text 'ere123' is set on object 'Object Repository/Groups_Users/Page_Users - Settings - EOS/input_confirmPasswordTxtName'&#xD;
&#xD;
2019-07-15 16:52:12 - [TEST_STEP][PASSED] - setText(findTestObject("Groups_Users/Page_Users - Settings - EOS/input_firstName"), findTestData("NonAdminUser_Data").getValue(1, 1)): Text 'Non_Admin_FirstnAME' is set on object 'Object Repository/Groups_Users/Page_Users - Settings - EOS/input_firstName'&#xD;
&#xD;
2019-07-15 16:52:12 - [MESSAGE][PASSED] - Text 'Non_Admin_FirstnAME' is set on object 'Object Repository/Groups_Users/Page_Users - Settings - EOS/input_firstName'&#xD;
&#xD;
2019-07-15 16:52:12 - [TEST_STEP][PASSED] - setText(findTestObject("Groups_Users/Page_Users - Settings - EOS/input_lastName"), findTestData("NonAdminUser_Data").getValue(1, 2)): Text 'Non_admin_LastName' is set on object 'Object Repository/Groups_Users/Page_Users - Settings - EOS/input_lastName'&#xD;
&#xD;
2019-07-15 16:52:12 - [MESSAGE][PASSED] - Text 'Non_admin_LastName' is set on object 'Object Repository/Groups_Users/Page_Users - Settings - EOS/input_lastName'&#xD;
&#xD;
2019-07-15 16:52:12 - [TEST_STEP][PASSED] - setText(findTestObject("Groups_Users/Page_Users - Settings - EOS/input_jobTitle"), findTestData("NonAdminUser_Data").getValue(1, 3)): Text 'Jobless' is set on object 'Object Repository/Groups_Users/Page_Users - Settings - EOS/input_jobTitle'&#xD;
&#xD;
2019-07-15 16:52:12 - [MESSAGE][PASSED] - Text 'Jobless' is set on object 'Object Repository/Groups_Users/Page_Users - Settings - EOS/input_jobTitle'&#xD;
&#xD;
2019-07-15 16:52:12 - [TEST_STEP][PASSED] - check(findTestObject("Groups_Users/Page_Users - Settings - EOS/input_enabledChkBox")): Object 'Object Repository/Groups_Users/Page_Users - Settings - EOS/input_enabledChkBox' is checked&#xD;
&#xD;
2019-07-15 16:52:13 - [MESSAGE][PASSED] - Object 'Object Repository/Groups_Users/Page_Users - Settings - EOS/input_enabledChkBox' is checked&#xD;
&#xD;
2019-07-15 16:52:13 - [TEST_STEP][PASSED] - click(findTestObject("Groups_Users/Page_Users - Settings - EOS/input_ok")): Object: 'Object Repository/Groups_Users/Page_Users - Settings - EOS/input_ok' is clicked on&#xD;
&#xD;
2019-07-15 16:52:13 - [MESSAGE][PASSED] - Object: 'Object Repository/Groups_Users/Page_Users - Settings - EOS/input_ok' is clicked on&#xD;
&#xD;
2019-07-15 16:52:13 - [TEST_STEP][PASSED] - delay(1, STOP_ON_FAILURE): Delayed 1 second(s)&#xD;
&#xD;
2019-07-15 16:52:14 - [MESSAGE][PASSED] - Delayed 1 second(s)&#xD;
&#xD;
2019-07-15 16:52:14 - [TEST_STEP][PASSED] - click(findTestObject("Groups_Users/Page_Settings - EOS/div_Groups")): Object: 'Object Repository/Groups_Users/Page_Settings - EOS/div_Groups' is clicked on&#xD;
&#xD;
2019-07-15 16:52:14 - [MESSAGE][PASSED] - Object: 'Object Repository/Groups_Users/Page_Settings - EOS/div_Groups' is clicked on&#xD;
&#xD;
2019-07-15 16:52:14 - [TEST_STEP][PASSED] - click(findTestObject("Groups_Users/Page_Groups - Settings - EOS/button_New Group")): Object: 'Object Repository/Groups_Users/Page_Groups - Settings - EOS/button_New Group' is clicked on&#xD;
&#xD;
2019-07-15 16:52:14 - [MESSAGE][PASSED] - Object: 'Object Repository/Groups_Users/Page_Groups - Settings - EOS/button_New Group' is clicked on&#xD;
&#xD;
2019-07-15 16:52:14 - [TEST_STEP][PASSED] - setText(findTestObject("Groups_Users/Page_Groups - Settings - EOS/input_groupName"), GroupName_NonAdmin): Text 'NonAdminGroup' is set on object 'Object Repository/Groups_Users/Page_Groups - Settings - EOS/input_groupName'&#xD;
&#xD;
2019-07-15 16:52:15 - [MESSAGE][PASSED] - Text 'NonAdminGroup' is set on object 'Object Repository/Groups_Users/Page_Groups - Settings - EOS/input_groupName'&#xD;
&#xD;
2019-07-15 16:52:15 - [TEST_STEP][PASSED] - click(findTestObject("Groups_Users/Page_Groups - Settings - EOS/button_Add")): Object: 'Object Repository/Groups_Users/Page_Groups - Settings - EOS/button_Add' is clicked on&#xD;
&#xD;
2019-07-15 16:52:15 - [MESSAGE][PASSED] - Object: 'Object Repository/Groups_Users/Page_Groups - Settings - EOS/button_Add' is clicked on&#xD;
&#xD;
2019-07-15 16:52:15 - [TEST_STEP][PASSED] - click(findTestObject("Groups_Users/Page_Groups - Settings - EOS/user_Dropdown")): Object: 'Object Repository/Groups_Users/Page_Groups - Settings - EOS/user_Dropdown' is clicked on&#xD;
&#xD;
2019-07-15 16:52:16 - [MESSAGE][PASSED] - Object: 'Object Repository/Groups_Users/Page_Groups - Settings - EOS/user_Dropdown' is clicked on&#xD;
&#xD;
2019-07-15 16:52:16 - [TEST_STEP][PASSED] - click(findTestObject("Groups_Users/Page_Groups - Settings - EOS/select_User2")): Object: 'Object Repository/Groups_Users/Page_Groups - Settings - EOS/select_User2' is clicked on&#xD;
&#xD;
2019-07-15 16:52:16 - [MESSAGE][PASSED] - Object: 'Object Repository/Groups_Users/Page_Groups - Settings - EOS/select_User2' is clicked on&#xD;
&#xD;
2019-07-15 16:52:16 - [TEST_STEP][PASSED] - click(findTestObject("Groups_Users/Page_Groups - Settings - EOS/button_AddUser_Ok")): Object: 'Object Repository/Groups_Users/Page_Groups - Settings - EOS/button_AddUser_Ok' is clicked on&#xD;
&#xD;
2019-07-15 16:52:16 - [MESSAGE][PASSED] - Object: 'Object Repository/Groups_Users/Page_Groups - Settings - EOS/button_AddUser_Ok' is clicked on&#xD;
&#xD;
2019-07-15 16:52:16 - [TEST_STEP][PASSED] - delay(2, STOP_ON_FAILURE): Delayed 2 second(s)&#xD;
&#xD;
2019-07-15 16:52:18 - [MESSAGE][PASSED] - Delayed 2 second(s)&#xD;
&#xD;
2019-07-15 16:52:18 - [TEST_STEP][PASSED] - waitForElementClickable(findTestObject("Groups_Users/Page_Groups - Settings - EOS/button_AddWorkspace"), 3): Object 'Object Repository/Groups_Users/Page_Groups - Settings - EOS/button_AddWorkspace' is clickable&#xD;
&#xD;
2019-07-15 16:52:18 - [MESSAGE][PASSED] - Object 'Object Repository/Groups_Users/Page_Groups - Settings - EOS/button_AddWorkspace' is clickable&#xD;
&#xD;
2019-07-15 16:52:18 - [TEST_STEP][PASSED] - click(findTestObject("Groups_Users/Page_Groups - Settings - EOS/button_AddWorkspace")): Object: 'Object Repository/Groups_Users/Page_Groups - Settings - EOS/button_AddWorkspace' is clicked on&#xD;
&#xD;
2019-07-15 16:52:18 - [MESSAGE][PASSED] - Object: 'Object Repository/Groups_Users/Page_Groups - Settings - EOS/button_AddWorkspace' is clicked on&#xD;
&#xD;
2019-07-15 16:52:18 - [TEST_STEP][PASSED] - click(findTestObject("Groups_Users/Page_Groups - Settings - EOS/button_AddWorkspace_Ok")): Object: 'Object Repository/Groups_Users/Page_Groups - Settings - EOS/button_AddWorkspace_Ok' is clicked on&#xD;
&#xD;
2019-07-15 16:52:19 - [MESSAGE][PASSED] - Object: 'Object Repository/Groups_Users/Page_Groups - Settings - EOS/button_AddWorkspace_Ok' is clicked on&#xD;
&#xD;
2019-07-15 16:52:19 - [TEST_STEP][PASSED] - delay(2): Delayed 2 second(s)&#xD;
&#xD;
2019-07-15 16:52:21 - [MESSAGE][PASSED] - Delayed 2 second(s)&#xD;
&#xD;
2019-07-15 16:52:21 - [TEST_STEP][PASSED] - check(findTestObject("Groups_Users/Page_Groups - Settings - EOS/input_access_Default")): Object 'Object Repository/Groups_Users/Page_Groups - Settings - EOS/input_access_Default' is checked&#xD;
&#xD;
2019-07-15 16:52:21 - [MESSAGE][PASSED] - Object 'Object Repository/Groups_Users/Page_Groups - Settings - EOS/input_access_Default' is checked&#xD;
&#xD;
2019-07-15 16:52:21 - [TEST_STEP][PASSED] - click(findTestObject("Groups_Users/Page_Groups - Settings - EOS/input_editGroupOk")): Object: 'Object Repository/Groups_Users/Page_Groups - Settings - EOS/input_editGroupOk' is clicked on&#xD;
&#xD;
2019-07-15 16:52:21 - [MESSAGE][PASSED] - Object: 'Object Repository/Groups_Users/Page_Groups - Settings - EOS/input_editGroupOk' is clicked on&#xD;
&#xD;
2019-07-15 16:52:21 - [TEST_STEP][PASSED] - delay(1, STOP_ON_FAILURE): Delayed 1 second(s)&#xD;
&#xD;
2019-07-15 16:52:22 - [MESSAGE][PASSED] - Delayed 1 second(s)&#xD;
&#xD;
2019-07-15 16:52:22 - [TEST_STEP][PASSED] - click(findTestObject("Groups_Users/Page_Users - Settings - EOS/a_Ere")): Object: 'Object Repository/Groups_Users/Page_Users - Settings - EOS/a_Ere' is clicked on&#xD;
&#xD;
2019-07-15 16:52:22 - [MESSAGE][PASSED] - Object: 'Object Repository/Groups_Users/Page_Users - Settings - EOS/a_Ere' is clicked on&#xD;
&#xD;
2019-07-15 16:52:22 - [TEST_STEP][PASSED] - click(findTestObject("Groups_Users/Page_Users - Settings - EOS/a_Logout")): Object: 'Object Repository/Groups_Users/Page_Users - Settings - EOS/a_Logout' is clicked on&#xD;
&#xD;
2019-07-15 16:52:22 - [MESSAGE][PASSED] - Object: 'Object Repository/Groups_Users/Page_Users - Settings - EOS/a_Logout' is clicked on&#xD;
&#xD;
2019-07-15 16:52:22 - [TEST_STEP][PASSED] - waitForElementVisible(findTestObject("Main Login Page/input_userName"), 15): Object 'Object Repository/Main Login Page/input_userName' is visible&#xD;
&#xD;
2019-07-15 16:52:23 - [MESSAGE][PASSED] - Object 'Object Repository/Main Login Page/input_userName' is visible&#xD;
&#xD;
2019-07-15 16:52:23 - [TEST_STEP][PASSED] - setText(findTestObject("Main Login Page/input_userName"), username_NonAdmin, CONTINUE_ON_FAILURE): Text 'Erre' is set on object 'Object Repository/Main Login Page/input_userName'&#xD;
&#xD;
2019-07-15 16:52:23 - [MESSAGE][PASSED] - Text 'Erre' is set on object 'Object Repository/Main Login Page/input_userName'&#xD;
&#xD;
2019-07-15 16:52:23 - [TEST_STEP][PASSED] - setText(findTestObject("Main Login Page/input_password"), password_NonAdmin, CONTINUE_ON_FAILURE): Text 'ere123' is set on object 'Object Repository/Main Login Page/input_password'&#xD;
&#xD;
2019-07-15 16:52:23 - [MESSAGE][PASSED] - Text 'ere123' is set on object 'Object Repository/Main Login Page/input_password'&#xD;
&#xD;
2019-07-15 16:52:23 - [TEST_STEP][PASSED] - click(findTestObject("Main Login Page/button_Sign in"), CONTINUE_ON_FAILURE): Object: 'Object Repository/Main Login Page/button_Sign in' is clicked on&#xD;
&#xD;
2019-07-15 16:52:23 - [MESSAGE][PASSED] - Object: 'Object Repository/Main Login Page/button_Sign in' is clicked on&#xD;
&#xD;
2019-07-15 16:52:23 - [TEST_STEP][PASSED] - delay(3, CONTINUE_ON_FAILURE): Delayed 3 second(s)&#xD;
&#xD;
2019-07-15 16:52:26 - [MESSAGE][PASSED] - Delayed 3 second(s)&#xD;
&#xD;
2019-07-15 16:52:26 - [TEST_STEP][PASSED] - verifyElementNotPresent(findTestObject("Groups_Users/Page_Welcome - EOS/a_Admin"), 0): Web element with id: 'Object Repository/Groups_Users/Page_Welcome - EOS/a_Admin' located by 'By.xpath: //a[@href = '/EOS/Settings/#settings' and (text() = '
                
                
                
                Admin
            ' or . = '
                
                
                
                Admin
            ')]' is not present after '5' second(s)&#xD;
&#xD;
2019-07-15 16:52:26 - [MESSAGE][WARNING] - Timeout '0' is invalid. Using default page load timeout: '5'&#xD;
&#xD;
2019-07-15 16:52:26 - [MESSAGE][PASSED] - Web element with id: 'Object Repository/Groups_Users/Page_Welcome - EOS/a_Admin' located by 'By.xpath: //a[@href = '/EOS/Settings/#settings' and (text() = '
                
                
                
                Admin
            ' or . = '
                
                
                
                Admin
            ')]' is not present after '5' second(s)&#xD;
&#xD;
2019-07-15 16:52:26 - [TEST_STEP][PASSED] - closeBrowser(): Browser is closed&#xD;
&#xD;
2019-07-15 16:52:27 - [MESSAGE][PASSED] - Browser is closed&#xD;
&#xD;
2019-07-15 16:52:27 - [MESSAGE][PASSED] - Call Test Case 'Test Cases/Groups_Users/Create Group_Users' successfully&#xD;
&#xD;
2019-07-15 16:52:27 - [TEST_STEP][PASSED] - Start listener action : sampleAfterTestCase: null</system-out>
            <system-err></system-err>
        </testcase>
        <testcase name="Test Cases/TESTCASE COLLECTIONS/Create_Run_Publisb_Projects and Communications" classname="Test Cases/TESTCASE COLLECTIONS/Create_Run_Publisb_Projects and Communications" status="PASSED">
            <system-out>2019-07-15 16:52:27 - [TEST_CASE][PASSED] - Test Cases/TESTCASE COLLECTIONS/Create_Run_Publisb_Projects and Communications: Test Cases/TESTCASE COLLECTIONS/Create_Run_Publisb_Projects and Communications&#xD;
&#xD;
2019-07-15 16:52:27 - [TEST_STEP][PASSED] - callTestCase(findTestCase("Communications_Projects/Create_Project_Batch"), [:], CONTINUE_ON_FAILURE): Call Test Case 'Test Cases/Communications_Projects/Create_Project_Batch' successfully&#xD;
&#xD;
2019-07-15 16:52:27 - [TEST_CASE][PASSED] - Test Cases/Communications_Projects/Create_Project_Batch: Test Cases/Communications_Projects/Create_Project_Batch&#xD;
&#xD;
2019-07-15 16:52:27 - [TEST_STEP][PASSED] - callTestCase(findTestCase("Main Login Page/login_simple"), [:], STOP_ON_FAILURE): Call Test Case 'Test Cases/Main Login Page/login_simple' successfully&#xD;
&#xD;
2019-07-15 16:52:27 - [TEST_CASE][PASSED] - Test Cases/Main Login Page/login_simple: Test Cases/Main Login Page/login_simple&#xD;
&#xD;
2019-07-15 16:52:27 - [TEST_STEP][PASSED] - openBrowser(url_enterprise, STOP_ON_FAILURE): Browser is opened with url: 'http://192.168.1.55:8094/'&#xD;
&#xD;
2019-07-15 16:52:27 - [MESSAGE][INFO] - Starting 'Chrome' driver&#xD;
&#xD;
2019-07-15 16:52:30 - [MESSAGE][PASSED] - Browser is opened with url: 'http://192.168.1.55:8094/'&#xD;
&#xD;
2019-07-15 16:52:30 - [TEST_STEP][PASSED] - maximizeWindow(): Current window maximized&#xD;
&#xD;
2019-07-15 16:52:31 - [MESSAGE][PASSED] - Current window maximized&#xD;
&#xD;
2019-07-15 16:52:31 - [TEST_STEP][PASSED] - setText(findTestObject("Main Login Page/input_userName"), Username_Admin, CONTINUE_ON_FAILURE): Text 'Ere' is set on object 'Object Repository/Main Login Page/input_userName'&#xD;
&#xD;
2019-07-15 16:52:31 - [MESSAGE][PASSED] - Text 'Ere' is set on object 'Object Repository/Main Login Page/input_userName'&#xD;
&#xD;
2019-07-15 16:52:31 - [TEST_STEP][PASSED] - setText(findTestObject("Main Login Page/input_password"), Password_Admin, CONTINUE_ON_FAILURE): Text 'ere123' is set on object 'Object Repository/Main Login Page/input_password'&#xD;
&#xD;
2019-07-15 16:52:31 - [MESSAGE][PASSED] - Text 'ere123' is set on object 'Object Repository/Main Login Page/input_password'&#xD;
&#xD;
2019-07-15 16:52:31 - [TEST_STEP][PASSED] - click(findTestObject("Main Login Page/button_Sign in"), CONTINUE_ON_FAILURE): Object: 'Object Repository/Main Login Page/button_Sign in' is clicked on&#xD;
&#xD;
2019-07-15 16:52:31 - [MESSAGE][PASSED] - Object: 'Object Repository/Main Login Page/button_Sign in' is clicked on&#xD;
&#xD;
2019-07-15 16:52:31 - [TEST_STEP][PASSED] - delay(1, CONTINUE_ON_FAILURE): Delayed 1 second(s)&#xD;
&#xD;
2019-07-15 16:52:32 - [MESSAGE][PASSED] - Delayed 1 second(s)&#xD;
&#xD;
2019-07-15 16:52:32 - [TEST_STEP][PASSED] - if (verifyElementVisible(findTestObject("Main Login Page/Multiple environments/Environment Selector"), OPTIONAL)): Delayed 2 second(s)&#xD;
&#xD;
2019-07-15 16:52:32 - [MESSAGE][PASSED] - Object 'Object Repository/Main Login Page/Multiple environments/Environment Selector' is visible&#xD;
&#xD;
2019-07-15 16:52:32 - [TEST_STEP][NOT_RUN] - delay(1, CONTINUE_ON_FAILURE): NOT_RUN: delay(1, CONTINUE_ON_FAILURE)&#xD;
&#xD;
2019-07-15 16:52:32 - [MESSAGE][NOT_RUN] - NOT_RUN: delay(1, CONTINUE_ON_FAILURE)&#xD;
&#xD;
2019-07-15 16:52:32 - [TEST_STEP][PASSED] - waitForElementClickable(findTestObject("Main Login Page/Multiple environments/button_Continue"), 0, CONTINUE_ON_FAILURE): Object 'Object Repository/Main Login Page/Multiple environments/button_Continue' is clickable&#xD;
&#xD;
2019-07-15 16:52:32 - [MESSAGE][WARNING] - Timeout '0' is invalid. Using default page load timeout: '5'&#xD;
&#xD;
2019-07-15 16:52:32 - [MESSAGE][PASSED] - Object 'Object Repository/Main Login Page/Multiple environments/button_Continue' is clickable&#xD;
&#xD;
2019-07-15 16:52:32 - [TEST_STEP][PASSED] - click(findTestObject("Main Login Page/Multiple environments/Environment Selector"), CONTINUE_ON_FAILURE): Object: 'Object Repository/Main Login Page/Multiple environments/Environment Selector' is clicked on&#xD;
&#xD;
2019-07-15 16:52:32 - [MESSAGE][PASSED] - Object: 'Object Repository/Main Login Page/Multiple environments/Environment Selector' is clicked on&#xD;
&#xD;
2019-07-15 16:52:32 - [TEST_STEP][PASSED] - waitForElementVisible(findTestObject("Main Login Page/Multiple environments/button_Continue"), 1, CONTINUE_ON_FAILURE): Object 'Object Repository/Main Login Page/Multiple environments/button_Continue' is visible&#xD;
&#xD;
2019-07-15 16:52:32 - [MESSAGE][PASSED] - Object 'Object Repository/Main Login Page/Multiple environments/button_Continue' is visible&#xD;
&#xD;
2019-07-15 16:52:32 - [TEST_STEP][PASSED] - click(findTestObject("Main Login Page/Multiple environments/button_Continue"), CONTINUE_ON_FAILURE): Object: 'Object Repository/Main Login Page/Multiple environments/button_Continue' is clicked on&#xD;
&#xD;
2019-07-15 16:52:32 - [MESSAGE][PASSED] - Object: 'Object Repository/Main Login Page/Multiple environments/button_Continue' is clicked on&#xD;
&#xD;
2019-07-15 16:52:32 - [TEST_STEP][PASSED] - delay(2, CONTINUE_ON_FAILURE): Delayed 2 second(s)&#xD;
&#xD;
2019-07-15 16:52:34 - [MESSAGE][PASSED] - Delayed 2 second(s)&#xD;
&#xD;
2019-07-15 16:52:34 - [MESSAGE][PASSED] - Call Test Case 'Test Cases/Main Login Page/login_simple' successfully&#xD;
&#xD;
2019-07-15 16:52:34 - [TEST_STEP][PASSED] - click(findTestObject("Projects_Communications/Page_Welcome - EOS/a_Projects")): Object: 'Object Repository/Projects_Communications/Page_Welcome - EOS/a_Projects' is clicked on&#xD;
&#xD;
2019-07-15 16:52:34 - [MESSAGE][PASSED] - Object: 'Object Repository/Projects_Communications/Page_Welcome - EOS/a_Projects' is clicked on&#xD;
&#xD;
2019-07-15 16:52:34 - [TEST_STEP][PASSED] - click(findTestObject("Projects_Communications/Page_Projects - Projects - EOS/button_ New Project")): Object: 'Object Repository/Projects_Communications/Page_Projects - Projects - EOS/button_ New Project' is clicked on&#xD;
&#xD;
2019-07-15 16:52:35 - [MESSAGE][PASSED] - Object: 'Object Repository/Projects_Communications/Page_Projects - Projects - EOS/button_ New Project' is clicked on&#xD;
&#xD;
2019-07-15 16:52:35 - [TEST_STEP][PASSED] - click(findTestObject("Projects_Communications/Page_Projects - Projects - EOS/select_Communication")): Object: 'Object Repository/Projects_Communications/Page_Projects - Projects - EOS/select_Communication' is clicked on&#xD;
&#xD;
2019-07-15 16:52:36 - [MESSAGE][PASSED] - Object: 'Object Repository/Projects_Communications/Page_Projects - Projects - EOS/select_Communication' is clicked on&#xD;
&#xD;
2019-07-15 16:52:36 - [TEST_STEP][PASSED] - click(findTestObject("Projects_Communications/Page_Projects - Projects - EOS/button_Next")): Object: 'Object Repository/Projects_Communications/Page_Projects - Projects - EOS/button_Next' is clicked on&#xD;
&#xD;
2019-07-15 16:52:36 - [MESSAGE][PASSED] - Object: 'Object Repository/Projects_Communications/Page_Projects - Projects - EOS/button_Next' is clicked on&#xD;
&#xD;
2019-07-15 16:52:36 - [TEST_STEP][PASSED] - setText(findTestObject("Projects_Communications/Page_Projects - Projects - EOS/input_CommunicationName"), "1_TestBatch"): Text '1_TestBatch' is set on object 'Object Repository/Projects_Communications/Page_Projects - Projects - EOS/input_CommunicationName'&#xD;
&#xD;
2019-07-15 16:52:36 - [MESSAGE][PASSED] - Text '1_TestBatch' is set on object 'Object Repository/Projects_Communications/Page_Projects - Projects - EOS/input_CommunicationName'&#xD;
&#xD;
2019-07-15 16:52:36 - [TEST_STEP][PASSED] - setText(findTestObject("Projects_Communications/Page_Projects - Projects - EOS/textarea_CommunicationDescript"), "Batch communication!@#$%^&amp;*()_+}{"|:&lt;&gt;?/.,\';]["): Text 'Batch communication!@#$%^&amp;*()_+}{"|:&lt;&gt;?/.,\';][' is set on object 'Object Repository/Projects_Communications/Page_Projects - Projects - EOS/textarea_CommunicationDescript'&#xD;
&#xD;
2019-07-15 16:52:36 - [MESSAGE][PASSED] - Text 'Batch communication!@#$%^&amp;*()_+}{"|:&lt;&gt;?/.,\';][' is set on object 'Object Repository/Projects_Communications/Page_Projects - Projects - EOS/textarea_CommunicationDescript'&#xD;
&#xD;
2019-07-15 16:52:36 - [TEST_STEP][PASSED] - check(findTestObject("Projects_Communications/Page_Projects - Projects - EOS/input_batchComm")): Object 'Object Repository/Projects_Communications/Page_Projects - Projects - EOS/input_batchComm' is checked&#xD;
&#xD;
2019-07-15 16:52:36 - [MESSAGE][PASSED] - Object 'Object Repository/Projects_Communications/Page_Projects - Projects - EOS/input_batchComm' is checked&#xD;
&#xD;
2019-07-15 16:52:36 - [TEST_STEP][NOT_RUN] - click(findTestObject("Projects_Communications/Page_Projects - Projects - EOS/button_selectFolder")): NOT_RUN: click(findTestObject("Projects_Communications/Page_Projects - Projects - EOS/button_selectFolder"))&#xD;
&#xD;
2019-07-15 16:52:36 - [MESSAGE][NOT_RUN] - NOT_RUN: click(findTestObject("Projects_Communications/Page_Projects - Projects - EOS/button_selectFolder"))&#xD;
&#xD;
2019-07-15 16:52:36 - [TEST_STEP][PASSED] - delay(1): Delayed 1 second(s)&#xD;
&#xD;
2019-07-15 16:52:37 - [MESSAGE][PASSED] - Delayed 1 second(s)&#xD;
&#xD;
2019-07-15 16:52:37 - [TEST_STEP][NOT_RUN] - click(findTestObject("Projects_Communications/Page_Projects - Projects - EOS/button_New Folder")): NOT_RUN: click(findTestObject("Projects_Communications/Page_Projects - Projects - EOS/button_New Folder"))&#xD;
&#xD;
2019-07-15 16:52:37 - [MESSAGE][NOT_RUN] - NOT_RUN: click(findTestObject("Projects_Communications/Page_Projects - Projects - EOS/button_New Folder"))&#xD;
&#xD;
2019-07-15 16:52:37 - [TEST_STEP][NOT_RUN] - setText(findTestObject("Projects_Communications/Page_Projects - Projects - EOS/input_folder_Name"), "Test"): NOT_RUN: setText(findTestObject("Projects_Communications/Page_Projects - Projects - EOS/input_folder_Name"), "Test")&#xD;
&#xD;
2019-07-15 16:52:37 - [MESSAGE][NOT_RUN] - NOT_RUN: setText(findTestObject("Projects_Communications/Page_Projects - Projects - EOS/input_folder_Name"), "Test")&#xD;
&#xD;
2019-07-15 16:52:37 - [TEST_STEP][NOT_RUN] - click(findTestObject("Projects_Communications/Page_Projects - Projects - EOS/input_CreateFolder")): NOT_RUN: click(findTestObject("Projects_Communications/Page_Projects - Projects - EOS/input_CreateFolder"))&#xD;
&#xD;
2019-07-15 16:52:37 - [MESSAGE][NOT_RUN] - NOT_RUN: click(findTestObject("Projects_Communications/Page_Projects - Projects - EOS/input_CreateFolder"))&#xD;
&#xD;
2019-07-15 16:52:37 - [TEST_STEP][NOT_RUN] - click(findTestObject("Projects_Communications/Page_Projects - Projects - EOS/select_TestFolder3")): NOT_RUN: click(findTestObject("Projects_Communications/Page_Projects - Projects - EOS/select_TestFolder3"))&#xD;
&#xD;
2019-07-15 16:52:37 - [MESSAGE][NOT_RUN] - NOT_RUN: click(findTestObject("Projects_Communications/Page_Projects - Projects - EOS/select_TestFolder3"))&#xD;
&#xD;
2019-07-15 16:52:37 - [TEST_STEP][NOT_RUN] - click(findTestObject("Projects_Communications/Page_Projects - Projects - EOS/button_OK_DestinationFolder")): NOT_RUN: click(findTestObject("Projects_Communications/Page_Projects - Projects - EOS/button_OK_DestinationFolder"))&#xD;
&#xD;
2019-07-15 16:52:37 - [MESSAGE][NOT_RUN] - NOT_RUN: click(findTestObject("Projects_Communications/Page_Projects - Projects - EOS/button_OK_DestinationFolder"))&#xD;
&#xD;
2019-07-15 16:52:37 - [TEST_STEP][NOT_RUN] - delay(2): NOT_RUN: delay(2)&#xD;
&#xD;
2019-07-15 16:52:37 - [MESSAGE][NOT_RUN] - NOT_RUN: delay(2)&#xD;
&#xD;
2019-07-15 16:52:37 - [TEST_STEP][PASSED] - click(findTestObject("Projects_Communications/Page_Projects - Projects - EOS/button_Finish")): Object: 'Object Repository/Projects_Communications/Page_Projects - Projects - EOS/button_Finish' is clicked on&#xD;
&#xD;
2019-07-15 16:52:37 - [MESSAGE][PASSED] - Object: 'Object Repository/Projects_Communications/Page_Projects - Projects - EOS/button_Finish' is clicked on&#xD;
&#xD;
2019-07-15 16:52:37 - [TEST_STEP][PASSED] - delay(2): Delayed 2 second(s)&#xD;
&#xD;
2019-07-15 16:52:39 - [MESSAGE][PASSED] - Delayed 2 second(s)&#xD;
&#xD;
2019-07-15 16:52:39 - [TEST_STEP][PASSED] - back(): Navigate back successfully&#xD;
&#xD;
2019-07-15 16:52:39 - [MESSAGE][PASSED] - Navigate back successfully&#xD;
&#xD;
2019-07-15 16:52:39 - [MESSAGE][PASSED] - Call Test Case 'Test Cases/Communications_Projects/Create_Project_Batch' successfully&#xD;
&#xD;
2019-07-15 16:52:39 - [TEST_STEP][PASSED] - delay(2, CONTINUE_ON_FAILURE): Delayed 2 second(s)&#xD;
&#xD;
2019-07-15 16:52:41 - [MESSAGE][PASSED] - Delayed 2 second(s)&#xD;
&#xD;
2019-07-15 16:52:41 - [TEST_STEP][PASSED] - callTestCase(findTestCase("Communications_Projects/Create_Project_Interractive"), [:], CONTINUE_ON_FAILURE): Call Test Case 'Test Cases/Communications_Projects/Create_Project_Interractive' successfully&#xD;
&#xD;
2019-07-15 16:52:41 - [TEST_CASE][PASSED] - Test Cases/Communications_Projects/Create_Project_Interractive: Test Cases/Communications_Projects/Create_Project_Interractive&#xD;
&#xD;
2019-07-15 16:52:41 - [TEST_STEP][NOT_RUN] - callTestCase(findTestCase("Main Login Page/login_simple"), [:], STOP_ON_FAILURE): NOT_RUN: callTestCase(findTestCase("Main Login Page/login_simple"), [:], STOP_ON_FAILURE)&#xD;
&#xD;
2019-07-15 16:52:41 - [MESSAGE][NOT_RUN] - NOT_RUN: callTestCase(findTestCase("Main Login Page/login_simple"), [:], STOP_ON_FAILURE)&#xD;
&#xD;
2019-07-15 16:52:41 - [TEST_STEP][NOT_RUN] - click(findTestObject("Projects_Communications/Page_Welcome - EOS/a_Projects")): NOT_RUN: click(findTestObject("Projects_Communications/Page_Welcome - EOS/a_Projects"))&#xD;
&#xD;
2019-07-15 16:52:41 - [MESSAGE][NOT_RUN] - NOT_RUN: click(findTestObject("Projects_Communications/Page_Welcome - EOS/a_Projects"))&#xD;
&#xD;
2019-07-15 16:52:41 - [TEST_STEP][PASSED] - click(findTestObject("Projects_Communications/Page_Projects - Projects - EOS/button_ New Project")): Object: 'Object Repository/Projects_Communications/Page_Projects - Projects - EOS/button_ New Project' is clicked on&#xD;
&#xD;
2019-07-15 16:52:41 - [MESSAGE][PASSED] - Object: 'Object Repository/Projects_Communications/Page_Projects - Projects - EOS/button_ New Project' is clicked on&#xD;
&#xD;
2019-07-15 16:52:41 - [TEST_STEP][PASSED] - click(findTestObject("Projects_Communications/Page_Projects - Projects - EOS/select_Communication")): Object: 'Object Repository/Projects_Communications/Page_Projects - Projects - EOS/select_Communication' is clicked on&#xD;
&#xD;
2019-07-15 16:52:42 - [MESSAGE][PASSED] - Object: 'Object Repository/Projects_Communications/Page_Projects - Projects - EOS/select_Communication' is clicked on&#xD;
&#xD;
2019-07-15 16:52:42 - [TEST_STEP][PASSED] - click(findTestObject("Projects_Communications/Page_Projects - Projects - EOS/button_Next")): Object: 'Object Repository/Projects_Communications/Page_Projects - Projects - EOS/button_Next' is clicked on&#xD;
&#xD;
2019-07-15 16:52:42 - [MESSAGE][PASSED] - Object: 'Object Repository/Projects_Communications/Page_Projects - Projects - EOS/button_Next' is clicked on&#xD;
&#xD;
2019-07-15 16:52:42 - [TEST_STEP][PASSED] - setText(findTestObject("Projects_Communications/Page_Projects - Projects - EOS/input_CommunicationName"), "2_Test_Interractive"): Text '2_Test_Interractive' is set on object 'Object Repository/Projects_Communications/Page_Projects - Projects - EOS/input_CommunicationName'&#xD;
&#xD;
2019-07-15 16:52:42 - [MESSAGE][PASSED] - Text '2_Test_Interractive' is set on object 'Object Repository/Projects_Communications/Page_Projects - Projects - EOS/input_CommunicationName'&#xD;
&#xD;
2019-07-15 16:52:42 - [TEST_STEP][PASSED] - setText(findTestObject("Projects_Communications/Page_Projects - Projects - EOS/textarea_CommunicationDescript"), "Interractive communication !@#$%^&amp;*()_+}{"|:&lt;&gt;?/.,\';]["): Text 'Interractive communication !@#$%^&amp;*()_+}{"|:&lt;&gt;?/.,\';][' is set on object 'Object Repository/Projects_Communications/Page_Projects - Projects - EOS/textarea_CommunicationDescript'&#xD;
&#xD;
2019-07-15 16:52:43 - [MESSAGE][PASSED] - Text 'Interractive communication !@#$%^&amp;*()_+}{"|:&lt;&gt;?/.,\';][' is set on object 'Object Repository/Projects_Communications/Page_Projects - Projects - EOS/textarea_CommunicationDescript'&#xD;
&#xD;
2019-07-15 16:52:43 - [TEST_STEP][PASSED] - check(findTestObject("Projects_Communications/Page_Projects - Projects - EOS/input_interactiveComm")): Object 'Object Repository/Projects_Communications/Page_Projects - Projects - EOS/input_interactiveComm' is checked&#xD;
&#xD;
2019-07-15 16:52:43 - [MESSAGE][PASSED] - Object 'Object Repository/Projects_Communications/Page_Projects - Projects - EOS/input_interactiveComm' is checked&#xD;
&#xD;
2019-07-15 16:52:43 - [TEST_STEP][NOT_RUN] - click(findTestObject("Projects_Communications/Page_Projects - Projects - EOS/button_selectFolder")): NOT_RUN: click(findTestObject("Projects_Communications/Page_Projects - Projects - EOS/button_selectFolder"))&#xD;
&#xD;
2019-07-15 16:52:43 - [MESSAGE][NOT_RUN] - NOT_RUN: click(findTestObject("Projects_Communications/Page_Projects - Projects - EOS/button_selectFolder"))&#xD;
&#xD;
2019-07-15 16:52:43 - [TEST_STEP][PASSED] - delay(2): Delayed 2 second(s)&#xD;
&#xD;
2019-07-15 16:52:45 - [MESSAGE][PASSED] - Delayed 2 second(s)&#xD;
&#xD;
2019-07-15 16:52:45 - [TEST_STEP][NOT_RUN] - click(findTestObject("Projects_Communications/Page_Projects - Projects - EOS/button_New Folder")): NOT_RUN: click(findTestObject("Projects_Communications/Page_Projects - Projects - EOS/button_New Folder"))&#xD;
&#xD;
2019-07-15 16:52:45 - [MESSAGE][NOT_RUN] - NOT_RUN: click(findTestObject("Projects_Communications/Page_Projects - Projects - EOS/button_New Folder"))&#xD;
&#xD;
2019-07-15 16:52:45 - [TEST_STEP][NOT_RUN] - setText(findTestObject("Projects_Communications/Page_Projects - Projects - EOS/input_folder_Name"), "Test2"): NOT_RUN: setText(findTestObject("Projects_Communications/Page_Projects - Projects - EOS/input_folder_Name"), "Test2")&#xD;
&#xD;
2019-07-15 16:52:45 - [MESSAGE][NOT_RUN] - NOT_RUN: setText(findTestObject("Projects_Communications/Page_Projects - Projects - EOS/input_folder_Name"), "Test2")&#xD;
&#xD;
2019-07-15 16:52:45 - [TEST_STEP][NOT_RUN] - click(findTestObject("Projects_Communications/Page_Projects - Projects - EOS/input_CreateFolder")): NOT_RUN: click(findTestObject("Projects_Communications/Page_Projects - Projects - EOS/input_CreateFolder"))&#xD;
&#xD;
2019-07-15 16:52:45 - [MESSAGE][NOT_RUN] - NOT_RUN: click(findTestObject("Projects_Communications/Page_Projects - Projects - EOS/input_CreateFolder"))&#xD;
&#xD;
2019-07-15 16:52:45 - [TEST_STEP][NOT_RUN] - click(findTestObject("Projects_Communications/Page_Projects - Projects - EOS/select_TestFolder2")): NOT_RUN: click(findTestObject("Projects_Communications/Page_Projects - Projects - EOS/select_TestFolder2"))&#xD;
&#xD;
2019-07-15 16:52:45 - [MESSAGE][NOT_RUN] - NOT_RUN: click(findTestObject("Projects_Communications/Page_Projects - Projects - EOS/select_TestFolder2"))&#xD;
&#xD;
2019-07-15 16:52:45 - [TEST_STEP][NOT_RUN] - click(findTestObject("Projects_Communications/Page_Projects - Projects - EOS/button_OK_DestinationFolder")): NOT_RUN: click(findTestObject("Projects_Communications/Page_Projects - Projects - EOS/button_OK_DestinationFolder"))&#xD;
&#xD;
2019-07-15 16:52:45 - [MESSAGE][NOT_RUN] - NOT_RUN: click(findTestObject("Projects_Communications/Page_Projects - Projects - EOS/button_OK_DestinationFolder"))&#xD;
&#xD;
2019-07-15 16:52:45 - [TEST_STEP][NOT_RUN] - delay(2): NOT_RUN: delay(2)&#xD;
&#xD;
2019-07-15 16:52:45 - [MESSAGE][NOT_RUN] - NOT_RUN: delay(2)&#xD;
&#xD;
2019-07-15 16:52:45 - [TEST_STEP][PASSED] - click(findTestObject("Projects_Communications/Page_Projects - Projects - EOS/button_Finish")): Object: 'Object Repository/Projects_Communications/Page_Projects - Projects - EOS/button_Finish' is clicked on&#xD;
&#xD;
2019-07-15 16:52:45 - [MESSAGE][PASSED] - Object: 'Object Repository/Projects_Communications/Page_Projects - Projects - EOS/button_Finish' is clicked on&#xD;
&#xD;
2019-07-15 16:52:45 - [TEST_STEP][PASSED] - delay(2): Delayed 2 second(s)&#xD;
&#xD;
2019-07-15 16:52:47 - [MESSAGE][PASSED] - Delayed 2 second(s)&#xD;
&#xD;
2019-07-15 16:52:47 - [TEST_STEP][PASSED] - back(STOP_ON_FAILURE): Navigate back successfully&#xD;
&#xD;
2019-07-15 16:52:47 - [MESSAGE][PASSED] - Navigate back successfully&#xD;
&#xD;
2019-07-15 16:52:47 - [MESSAGE][PASSED] - Call Test Case 'Test Cases/Communications_Projects/Create_Project_Interractive' successfully&#xD;
&#xD;
2019-07-15 16:52:47 - [TEST_STEP][PASSED] - delay(2, CONTINUE_ON_FAILURE): Delayed 2 second(s)&#xD;
&#xD;
2019-07-15 16:52:49 - [MESSAGE][PASSED] - Delayed 2 second(s)&#xD;
&#xD;
2019-07-15 16:52:49 - [TEST_STEP][PASSED] - callTestCase(findTestCase("Communications_Projects/Create_Project_OnDemand"), [:], CONTINUE_ON_FAILURE): Call Test Case 'Test Cases/Communications_Projects/Create_Project_OnDemand' successfully&#xD;
&#xD;
2019-07-15 16:52:49 - [TEST_CASE][PASSED] - Test Cases/Communications_Projects/Create_Project_OnDemand: Test Cases/Communications_Projects/Create_Project_OnDemand&#xD;
&#xD;
2019-07-15 16:52:49 - [TEST_STEP][NOT_RUN] - callTestCase(findTestCase("Main Login Page/login_simple"), [:], STOP_ON_FAILURE): NOT_RUN: callTestCase(findTestCase("Main Login Page/login_simple"), [:], STOP_ON_FAILURE)&#xD;
&#xD;
2019-07-15 16:52:49 - [MESSAGE][NOT_RUN] - NOT_RUN: callTestCase(findTestCase("Main Login Page/login_simple"), [:], STOP_ON_FAILURE)&#xD;
&#xD;
2019-07-15 16:52:49 - [TEST_STEP][NOT_RUN] - click(findTestObject("Projects_Communications/Page_Welcome - EOS/a_Projects")): NOT_RUN: click(findTestObject("Projects_Communications/Page_Welcome - EOS/a_Projects"))&#xD;
&#xD;
2019-07-15 16:52:49 - [MESSAGE][NOT_RUN] - NOT_RUN: click(findTestObject("Projects_Communications/Page_Welcome - EOS/a_Projects"))&#xD;
&#xD;
2019-07-15 16:52:49 - [TEST_STEP][PASSED] - click(findTestObject("Projects_Communications/Page_Projects - Projects - EOS/button_ New Project")): Object: 'Object Repository/Projects_Communications/Page_Projects - Projects - EOS/button_ New Project' is clicked on&#xD;
&#xD;
2019-07-15 16:52:49 - [MESSAGE][PASSED] - Object: 'Object Repository/Projects_Communications/Page_Projects - Projects - EOS/button_ New Project' is clicked on&#xD;
&#xD;
2019-07-15 16:52:49 - [TEST_STEP][PASSED] - click(findTestObject("Projects_Communications/Page_Projects - Projects - EOS/select_Communication")): Object: 'Object Repository/Projects_Communications/Page_Projects - Projects - EOS/select_Communication' is clicked on&#xD;
&#xD;
2019-07-15 16:52:49 - [MESSAGE][PASSED] - Object: 'Object Repository/Projects_Communications/Page_Projects - Projects - EOS/select_Communication' is clicked on&#xD;
&#xD;
2019-07-15 16:52:49 - [TEST_STEP][PASSED] - click(findTestObject("Projects_Communications/Page_Projects - Projects - EOS/button_Next")): Object: 'Object Repository/Projects_Communications/Page_Projects - Projects - EOS/button_Next' is clicked on&#xD;
&#xD;
2019-07-15 16:52:50 - [MESSAGE][PASSED] - Object: 'Object Repository/Projects_Communications/Page_Projects - Projects - EOS/button_Next' is clicked on&#xD;
&#xD;
2019-07-15 16:52:50 - [TEST_STEP][PASSED] - setText(findTestObject("Projects_Communications/Page_Projects - Projects - EOS/input_CommunicationName"), "3_TestOnDemand"): Text '3_TestOnDemand' is set on object 'Object Repository/Projects_Communications/Page_Projects - Projects - EOS/input_CommunicationName'&#xD;
&#xD;
2019-07-15 16:52:50 - [MESSAGE][PASSED] - Text '3_TestOnDemand' is set on object 'Object Repository/Projects_Communications/Page_Projects - Projects - EOS/input_CommunicationName'&#xD;
&#xD;
2019-07-15 16:52:50 - [TEST_STEP][PASSED] - setText(findTestObject("Projects_Communications/Page_Projects - Projects - EOS/textarea_CommunicationDescript"), "On Demand communication !@#$%^&amp;*()_+}{"|:&lt;&gt;?/.,\';]["): Text 'On Demand communication !@#$%^&amp;*()_+}{"|:&lt;&gt;?/.,\';][' is set on object 'Object Repository/Projects_Communications/Page_Projects - Projects - EOS/textarea_CommunicationDescript'&#xD;
&#xD;
2019-07-15 16:52:50 - [MESSAGE][PASSED] - Text 'On Demand communication !@#$%^&amp;*()_+}{"|:&lt;&gt;?/.,\';][' is set on object 'Object Repository/Projects_Communications/Page_Projects - Projects - EOS/textarea_CommunicationDescript'&#xD;
&#xD;
2019-07-15 16:52:50 - [TEST_STEP][NOT_RUN] - click(findTestObject("Projects_Communications/Page_Projects - Projects - EOS/button_selectFolder")): NOT_RUN: click(findTestObject("Projects_Communications/Page_Projects - Projects - EOS/button_selectFolder"))&#xD;
&#xD;
2019-07-15 16:52:50 - [MESSAGE][NOT_RUN] - NOT_RUN: click(findTestObject("Projects_Communications/Page_Projects - Projects - EOS/button_selectFolder"))&#xD;
&#xD;
2019-07-15 16:52:50 - [TEST_STEP][PASSED] - delay(2): Delayed 2 second(s)&#xD;
&#xD;
2019-07-15 16:52:52 - [MESSAGE][PASSED] - Delayed 2 second(s)&#xD;
&#xD;
2019-07-15 16:52:52 - [TEST_STEP][NOT_RUN] - click(findTestObject("Projects_Communications/Page_Projects - Projects - EOS/button_New Folder")): NOT_RUN: click(findTestObject("Projects_Communications/Page_Projects - Projects - EOS/button_New Folder"))&#xD;
&#xD;
2019-07-15 16:52:52 - [MESSAGE][NOT_RUN] - NOT_RUN: click(findTestObject("Projects_Communications/Page_Projects - Projects - EOS/button_New Folder"))&#xD;
&#xD;
2019-07-15 16:52:52 - [TEST_STEP][NOT_RUN] - setText(findTestObject("Projects_Communications/Page_Projects - Projects - EOS/input_folder_Name"), "Test"): NOT_RUN: setText(findTestObject("Projects_Communications/Page_Projects - Projects - EOS/input_folder_Name"), "Test")&#xD;
&#xD;
2019-07-15 16:52:52 - [MESSAGE][NOT_RUN] - NOT_RUN: setText(findTestObject("Projects_Communications/Page_Projects - Projects - EOS/input_folder_Name"), "Test")&#xD;
&#xD;
2019-07-15 16:52:52 - [TEST_STEP][NOT_RUN] - click(findTestObject("Projects_Communications/Page_Projects - Projects - EOS/input_CreateFolder")): NOT_RUN: click(findTestObject("Projects_Communications/Page_Projects - Projects - EOS/input_CreateFolder"))&#xD;
&#xD;
2019-07-15 16:52:52 - [MESSAGE][NOT_RUN] - NOT_RUN: click(findTestObject("Projects_Communications/Page_Projects - Projects - EOS/input_CreateFolder"))&#xD;
&#xD;
2019-07-15 16:52:52 - [TEST_STEP][NOT_RUN] - click(findTestObject("Projects_Communications/Page_Projects - Projects - EOS/select_TestFolder")): NOT_RUN: click(findTestObject("Projects_Communications/Page_Projects - Projects - EOS/select_TestFolder"))&#xD;
&#xD;
2019-07-15 16:52:52 - [MESSAGE][NOT_RUN] - NOT_RUN: click(findTestObject("Projects_Communications/Page_Projects - Projects - EOS/select_TestFolder"))&#xD;
&#xD;
2019-07-15 16:52:52 - [TEST_STEP][NOT_RUN] - click(findTestObject("Projects_Communications/Page_Projects - Projects - EOS/button_OK_DestinationFolder")): NOT_RUN: click(findTestObject("Projects_Communications/Page_Projects - Projects - EOS/button_OK_DestinationFolder"))&#xD;
&#xD;
2019-07-15 16:52:52 - [MESSAGE][NOT_RUN] - NOT_RUN: click(findTestObject("Projects_Communications/Page_Projects - Projects - EOS/button_OK_DestinationFolder"))&#xD;
&#xD;
2019-07-15 16:52:52 - [TEST_STEP][NOT_RUN] - delay(2): NOT_RUN: delay(2)&#xD;
&#xD;
2019-07-15 16:52:52 - [MESSAGE][NOT_RUN] - NOT_RUN: delay(2)&#xD;
&#xD;
2019-07-15 16:52:52 - [TEST_STEP][PASSED] - click(findTestObject("Projects_Communications/Page_Projects - Projects - EOS/button_Finish")): Object: 'Object Repository/Projects_Communications/Page_Projects - Projects - EOS/button_Finish' is clicked on&#xD;
&#xD;
2019-07-15 16:52:52 - [MESSAGE][PASSED] - Object: 'Object Repository/Projects_Communications/Page_Projects - Projects - EOS/button_Finish' is clicked on&#xD;
&#xD;
2019-07-15 16:52:52 - [TEST_STEP][PASSED] - delay(2): Delayed 2 second(s)&#xD;
&#xD;
2019-07-15 16:52:54 - [MESSAGE][PASSED] - Delayed 2 second(s)&#xD;
&#xD;
2019-07-15 16:52:54 - [TEST_STEP][PASSED] - back(STOP_ON_FAILURE): Navigate back successfully&#xD;
&#xD;
2019-07-15 16:52:54 - [MESSAGE][PASSED] - Navigate back successfully&#xD;
&#xD;
2019-07-15 16:52:54 - [MESSAGE][PASSED] - Call Test Case 'Test Cases/Communications_Projects/Create_Project_OnDemand' successfully&#xD;
&#xD;
2019-07-15 16:52:54 - [TEST_STEP][PASSED] - delay(2, CONTINUE_ON_FAILURE): Delayed 2 second(s)&#xD;
&#xD;
2019-07-15 16:52:56 - [MESSAGE][PASSED] - Delayed 2 second(s)&#xD;
&#xD;
2019-07-15 16:52:56 - [TEST_STEP][PASSED] - callTestCase(findTestCase("Communications_Projects/Create_Project_FromWorkflow_Batch"), [:], CONTINUE_ON_FAILURE): Call Test Case 'Test Cases/Communications_Projects/Create_Project_FromWorkflow_Batch' successfully&#xD;
&#xD;
2019-07-15 16:52:56 - [TEST_CASE][PASSED] - Test Cases/Communications_Projects/Create_Project_FromWorkflow_Batch: Test Cases/Communications_Projects/Create_Project_FromWorkflow_Batch&#xD;
&#xD;
2019-07-15 16:52:56 - [TEST_STEP][NOT_RUN] - callTestCase(findTestCase("Main Login Page/login_simple"), [:], STOP_ON_FAILURE): NOT_RUN: callTestCase(findTestCase("Main Login Page/login_simple"), [:], STOP_ON_FAILURE)&#xD;
&#xD;
2019-07-15 16:52:56 - [MESSAGE][NOT_RUN] - NOT_RUN: callTestCase(findTestCase("Main Login Page/login_simple"), [:], STOP_ON_FAILURE)&#xD;
&#xD;
2019-07-15 16:52:56 - [TEST_STEP][NOT_RUN] - click(findTestObject("Projects_Communications/Page_Welcome - EOS/a_Projects")): NOT_RUN: click(findTestObject("Projects_Communications/Page_Welcome - EOS/a_Projects"))&#xD;
&#xD;
2019-07-15 16:52:56 - [MESSAGE][NOT_RUN] - NOT_RUN: click(findTestObject("Projects_Communications/Page_Welcome - EOS/a_Projects"))&#xD;
&#xD;
2019-07-15 16:52:56 - [TEST_STEP][PASSED] - click(findTestObject("Projects_Communications/Page_Projects - Projects - EOS/CreateFromWorkflow MEnus/button_ContextualMenu")): Object: 'Object Repository/Projects_Communications/Page_Projects - Projects - EOS/CreateFromWorkflow MEnus/button_ContextualMenu' is clicked on&#xD;
&#xD;
2019-07-15 16:52:56 - [MESSAGE][PASSED] - Object: 'Object Repository/Projects_Communications/Page_Projects - Projects - EOS/CreateFromWorkflow MEnus/button_ContextualMenu' is clicked on&#xD;
&#xD;
2019-07-15 16:52:56 - [TEST_STEP][PASSED] - delay(1): Delayed 1 second(s)&#xD;
&#xD;
2019-07-15 16:52:57 - [MESSAGE][PASSED] - Delayed 1 second(s)&#xD;
&#xD;
2019-07-15 16:52:57 - [TEST_STEP][PASSED] - click(findTestObject("Projects_Communications/Page_Projects - Projects - EOS/CreateFromWorkflow MEnus/button_CreateFromWorkflow")): Object: 'Object Repository/Projects_Communications/Page_Projects - Projects - EOS/CreateFromWorkflow MEnus/button_CreateFromWorkflow' is clicked on&#xD;
&#xD;
2019-07-15 16:52:57 - [MESSAGE][PASSED] - Object: 'Object Repository/Projects_Communications/Page_Projects - Projects - EOS/CreateFromWorkflow MEnus/button_CreateFromWorkflow' is clicked on&#xD;
&#xD;
2019-07-15 16:52:57 - [TEST_STEP][PASSED] - selectOptionByValue(findTestObject("Projects_Communications/Page_Projects - Projects - EOS/CreateFromWorkflow MEnus/select_InteractiveBatchOn-Dema"), "Batch", false): All options with value 'Batch' are selected in object 'Object Repository/Projects_Communications/Page_Projects - Projects - EOS/CreateFromWorkflow MEnus/select_InteractiveBatchOn-Dema' &#xD;
&#xD;
2019-07-15 16:52:58 - [MESSAGE][PASSED] - All options with value 'Batch' are selected in object 'Object Repository/Projects_Communications/Page_Projects - Projects - EOS/CreateFromWorkflow MEnus/select_InteractiveBatchOn-Dema' &#xD;
&#xD;
2019-07-15 16:52:58 - [TEST_STEP][PASSED] - setText(findTestObject("Projects_Communications/Page_Projects - Projects - EOS/CreateFromWorkflow MEnus/input_Name"), "4_TestBatch_FromWorkflow"): Text '4_TestBatch_FromWorkflow' is set on object 'Object Repository/Projects_Communications/Page_Projects - Projects - EOS/CreateFromWorkflow MEnus/input_Name'&#xD;
&#xD;
2019-07-15 16:52:58 - [MESSAGE][PASSED] - Text '4_TestBatch_FromWorkflow' is set on object 'Object Repository/Projects_Communications/Page_Projects - Projects - EOS/CreateFromWorkflow MEnus/input_Name'&#xD;
&#xD;
2019-07-15 16:52:58 - [TEST_STEP][PASSED] - setText(findTestObject("Projects_Communications/Page_Projects - Projects - EOS/CreateFromWorkflow MEnus/textarea_Description"), "FromWk4_Batch communication!@#$%^&amp;*()_+}{"|:&lt;&gt;?/.,\';]["): Text 'FromWk4_Batch communication!@#$%^&amp;*()_+}{"|:&lt;&gt;?/.,\';][' is set on object 'Object Repository/Projects_Communications/Page_Projects - Projects - EOS/CreateFromWorkflow MEnus/textarea_Description'&#xD;
&#xD;
2019-07-15 16:52:58 - [MESSAGE][PASSED] - Text 'FromWk4_Batch communication!@#$%^&amp;*()_+}{"|:&lt;&gt;?/.,\';][' is set on object 'Object Repository/Projects_Communications/Page_Projects - Projects - EOS/CreateFromWorkflow MEnus/textarea_Description'&#xD;
&#xD;
2019-07-15 16:52:58 - [TEST_STEP][PASSED] - click(findTestObject("Projects_Communications/Page_Projects - Projects - EOS/CreateFromWorkflow MEnus/button_Browse")): Object: 'Object Repository/Projects_Communications/Page_Projects - Projects - EOS/CreateFromWorkflow MEnus/button_Browse' is clicked on&#xD;
&#xD;
2019-07-15 16:52:58 - [MESSAGE][PASSED] - Object: 'Object Repository/Projects_Communications/Page_Projects - Projects - EOS/CreateFromWorkflow MEnus/button_Browse' is clicked on&#xD;
&#xD;
2019-07-15 16:52:58 - [TEST_STEP][PASSED] - click(findTestObject("Projects_Communications/Page_Projects - Projects - EOS/CreateFromWorkflow MEnus/select_BatchFolder")): Object: 'Object Repository/Projects_Communications/Page_Projects - Projects - EOS/CreateFromWorkflow MEnus/select_BatchFolder' is clicked on&#xD;
&#xD;
2019-07-15 16:52:59 - [MESSAGE][PASSED] - Object: 'Object Repository/Projects_Communications/Page_Projects - Projects - EOS/CreateFromWorkflow MEnus/select_BatchFolder' is clicked on&#xD;
&#xD;
2019-07-15 16:52:59 - [TEST_STEP][PASSED] - delay(2): Delayed 2 second(s)&#xD;
&#xD;
2019-07-15 16:53:01 - [MESSAGE][PASSED] - Delayed 2 second(s)&#xD;
&#xD;
2019-07-15 16:53:01 - [TEST_STEP][PASSED] - click(findTestObject("Projects_Communications/Page_Projects - Projects - EOS/CreateFromWorkflow MEnus/select_Workflow")): Object: 'Object Repository/Projects_Communications/Page_Projects - Projects - EOS/CreateFromWorkflow MEnus/select_Workflow' is clicked on&#xD;
&#xD;
2019-07-15 16:53:01 - [MESSAGE][PASSED] - Object: 'Object Repository/Projects_Communications/Page_Projects - Projects - EOS/CreateFromWorkflow MEnus/select_Workflow' is clicked on&#xD;
&#xD;
2019-07-15 16:53:01 - [TEST_STEP][PASSED] - click(findTestObject("Projects_Communications/Page_Projects - Projects - EOS/CreateFromWorkflow MEnus/button_SelectWorkflow_OK")): Object: 'Object Repository/Projects_Communications/Page_Projects - Projects - EOS/CreateFromWorkflow MEnus/button_SelectWorkflow_OK' is clicked on&#xD;
&#xD;
2019-07-15 16:53:01 - [MESSAGE][PASSED] - Object: 'Object Repository/Projects_Communications/Page_Projects - Projects - EOS/CreateFromWorkflow MEnus/button_SelectWorkflow_OK' is clicked on&#xD;
&#xD;
2019-07-15 16:53:01 - [TEST_STEP][PASSED] - click(findTestObject("Projects_Communications/Page_Projects - Projects - EOS/CreateFromWorkflow MEnus/button_NewProject_OK")): Object: 'Object Repository/Projects_Communications/Page_Projects - Projects - EOS/CreateFromWorkflow MEnus/button_NewProject_OK' is clicked on&#xD;
&#xD;
2019-07-15 16:53:01 - [MESSAGE][PASSED] - Object: 'Object Repository/Projects_Communications/Page_Projects - Projects - EOS/CreateFromWorkflow MEnus/button_NewProject_OK' is clicked on&#xD;
&#xD;
2019-07-15 16:53:01 - [TEST_STEP][PASSED] - delay(2): Delayed 2 second(s)&#xD;
&#xD;
2019-07-15 16:53:03 - [MESSAGE][PASSED] - Delayed 2 second(s)&#xD;
&#xD;
2019-07-15 16:53:03 - [MESSAGE][PASSED] - Call Test Case 'Test Cases/Communications_Projects/Create_Project_FromWorkflow_Batch' successfully&#xD;
&#xD;
2019-07-15 16:53:03 - [TEST_STEP][PASSED] - delay(2, CONTINUE_ON_FAILURE): Delayed 2 second(s)&#xD;
&#xD;
2019-07-15 16:53:05 - [MESSAGE][PASSED] - Delayed 2 second(s)&#xD;
&#xD;
2019-07-15 16:53:05 - [TEST_STEP][PASSED] - callTestCase(findTestCase("Communications_Projects/Run_Communication_Batch"), [:], CONTINUE_ON_FAILURE): Call Test Case 'Test Cases/Communications_Projects/Run_Communication_Batch' successfully&#xD;
&#xD;
2019-07-15 16:53:05 - [TEST_CASE][PASSED] - Test Cases/Communications_Projects/Run_Communication_Batch: Test Cases/Communications_Projects/Run_Communication_Batch&#xD;
&#xD;
2019-07-15 16:53:05 - [TEST_STEP][NOT_RUN] - callTestCase(findTestCase("Main Login Page/login_simple"), [:], STOP_ON_FAILURE): NOT_RUN: callTestCase(findTestCase("Main Login Page/login_simple"), [:], STOP_ON_FAILURE)&#xD;
&#xD;
2019-07-15 16:53:05 - [MESSAGE][NOT_RUN] - NOT_RUN: callTestCase(findTestCase("Main Login Page/login_simple"), [:], STOP_ON_FAILURE)&#xD;
&#xD;
2019-07-15 16:53:05 - [TEST_STEP][PASSED] - navigateToUrl(url_enterprise): Navigate to 'http://192.168.1.55:8094/' successfully&#xD;
&#xD;
2019-07-15 16:53:06 - [MESSAGE][PASSED] - Navigate to 'http://192.168.1.55:8094/' successfully&#xD;
&#xD;
2019-07-15 16:53:06 - [TEST_STEP][PASSED] - click(findTestObject("Projects_Communications/Page_Welcome - EOS/a_Communications"), STOP_ON_FAILURE): Object: 'Object Repository/Projects_Communications/Page_Welcome - EOS/a_Communications' is clicked on&#xD;
&#xD;
2019-07-15 16:53:06 - [MESSAGE][PASSED] - Object: 'Object Repository/Projects_Communications/Page_Welcome - EOS/a_Communications' is clicked on&#xD;
&#xD;
2019-07-15 16:53:06 - [TEST_STEP][PASSED] - delay(3, STOP_ON_FAILURE): Delayed 3 second(s)&#xD;
&#xD;
2019-07-15 16:53:09 - [MESSAGE][PASSED] - Delayed 3 second(s)&#xD;
&#xD;
2019-07-15 16:53:09 - [TEST_STEP][PASSED] - waitForElementVisible(findTestObject("Projects_Communications/Page_Communications - Communication/button_New Communication"), 15, STOP_ON_FAILURE): Object 'Object Repository/Projects_Communications/Page_Communications - Communication/button_New Communication' is visible&#xD;
&#xD;
2019-07-15 16:53:09 - [MESSAGE][PASSED] - Object 'Object Repository/Projects_Communications/Page_Communications - Communication/button_New Communication' is visible&#xD;
&#xD;
2019-07-15 16:53:09 - [TEST_STEP][PASSED] - click(findTestObject("Projects_Communications/Page_Communications - Communication/button_New Communication"), STOP_ON_FAILURE): Object: 'Object Repository/Projects_Communications/Page_Communications - Communication/button_New Communication' is clicked on&#xD;
&#xD;
2019-07-15 16:53:09 - [MESSAGE][PASSED] - Object: 'Object Repository/Projects_Communications/Page_Communications - Communication/button_New Communication' is clicked on&#xD;
&#xD;
2019-07-15 16:53:09 - [TEST_STEP][PASSED] - switchToWindowIndex("1", STOP_ON_FAILURE): Switched to window with index: '1'&#xD;
&#xD;
2019-07-15 16:53:10 - [MESSAGE][PASSED] - Switched to window with index: '1'&#xD;
&#xD;
2019-07-15 16:53:10 - [TEST_STEP][PASSED] - delay(2, STOP_ON_FAILURE): Delayed 2 second(s)&#xD;
&#xD;
2019-07-15 16:53:12 - [MESSAGE][PASSED] - Delayed 2 second(s)&#xD;
&#xD;
2019-07-15 16:53:12 - [TEST_STEP][PASSED] - click(findTestObject("Projects_Communications/Page_Communications - Communication/select_testcommuncation1_Batch"), STOP_ON_FAILURE): Object: 'Object Repository/Projects_Communications/Page_Communications - Communication/select_testcommuncation1_Batch' is clicked on&#xD;
&#xD;
2019-07-15 16:53:13 - [MESSAGE][PASSED] - Object: 'Object Repository/Projects_Communications/Page_Communications - Communication/select_testcommuncation1_Batch' is clicked on&#xD;
&#xD;
2019-07-15 16:53:13 - [TEST_STEP][PASSED] - waitForElementClickable(findTestObject("Projects_Communications/Page_Communications - Communication/button_Run"), 10, STOP_ON_FAILURE): Object 'Object Repository/Projects_Communications/Page_Communications - Communication/button_Run' is clickable&#xD;
&#xD;
2019-07-15 16:53:13 - [MESSAGE][PASSED] - Object 'Object Repository/Projects_Communications/Page_Communications - Communication/button_Run' is clickable&#xD;
&#xD;
2019-07-15 16:53:13 - [TEST_STEP][PASSED] - click(findTestObject("Projects_Communications/Page_Communications - Communication/button_Run"), STOP_ON_FAILURE): Object: 'Object Repository/Projects_Communications/Page_Communications - Communication/button_Run' is clicked on&#xD;
&#xD;
2019-07-15 16:53:13 - [MESSAGE][PASSED] - Object: 'Object Repository/Projects_Communications/Page_Communications - Communication/button_Run' is clicked on&#xD;
&#xD;
2019-07-15 16:53:13 - [TEST_STEP][PASSED] - waitForElementClickable(findTestObject("Projects_Communications/Page_Communications - Communication/OK_Confirmation_Batch"), 10, STOP_ON_FAILURE): Object 'Object Repository/Projects_Communications/Page_Communications - Communication/OK_Confirmation_Batch' is clickable&#xD;
&#xD;
2019-07-15 16:53:14 - [MESSAGE][PASSED] - Object 'Object Repository/Projects_Communications/Page_Communications - Communication/OK_Confirmation_Batch' is clickable&#xD;
&#xD;
2019-07-15 16:53:14 - [TEST_STEP][PASSED] - click(findTestObject("Projects_Communications/Page_Communications - Communication/OK_Confirmation_Batch"), STOP_ON_FAILURE): Object: 'Object Repository/Projects_Communications/Page_Communications - Communication/OK_Confirmation_Batch' is clicked on&#xD;
&#xD;
2019-07-15 16:53:14 - [MESSAGE][PASSED] - Object: 'Object Repository/Projects_Communications/Page_Communications - Communication/OK_Confirmation_Batch' is clicked on&#xD;
&#xD;
2019-07-15 16:53:14 - [TEST_STEP][PASSED] - switchToWindowIndex("1", STOP_ON_FAILURE): Switched to window with index: '1'&#xD;
&#xD;
2019-07-15 16:53:14 - [MESSAGE][PASSED] - Switched to window with index: '1'&#xD;
&#xD;
2019-07-15 16:53:14 - [TEST_STEP][PASSED] - waitForElementVisible(findTestObject("Projects_Communications/Page_Communications - Results/communication_Finished"), 15, STOP_ON_FAILURE): Object 'Object Repository/Projects_Communications/Page_Communications - Results/communication_Finished' is visible&#xD;
&#xD;
2019-07-15 16:53:14 - [MESSAGE][PASSED] - Object 'Object Repository/Projects_Communications/Page_Communications - Results/communication_Finished' is visible&#xD;
&#xD;
2019-07-15 16:53:14 - [TEST_STEP][PASSED] - if (verifyElementText(findTestObject("Projects_Communications/Page_Communications - Results/communication_Finished"), " Finished", OPTIONAL) == false): Actual text and expected text of test object 'Object Repository/Projects_Communications/Page_Communications - Results/communication_Finished' are matched.&#xD;
&#xD;
2019-07-15 16:53:15 - [MESSAGE][WARNING] - Actual text ' 50%' and expected text ' Finished' of test object 'Object Repository/Projects_Communications/Page_Communications - Results/communication_Finished' are NOT matched. (Root cause: com.kms.katalon.core.exception.StepFailedException: Actual text ' 50%' and expected text ' Finished' of test object 'Object Repository/Projects_Communications/Page_Communications - Results/communication_Finished' are NOT matched.&#xD;
	at com.kms.katalon.core.webui.keyword.internal.WebUIKeywordMain.stepFailed(WebUIKeywordMain.groovy:64)&#xD;
	at com.kms.katalon.core.webui.keyword.builtin.VerifyElementTextKeyword$_verifyElementText_closure1.doCall(VerifyElementTextKeyword.groovy:57)&#xD;
	at com.kms.katalon.core.webui.keyword.builtin.VerifyElementTextKeyword$_verifyElementText_closure1.call(VerifyElementTextKeyword.groovy)&#xD;
	at com.kms.katalon.core.webui.keyword.internal.WebUIKeywordMain.runKeyword(WebUIKeywordMain.groovy:20)&#xD;
	at com.kms.katalon.core.webui.keyword.builtin.VerifyElementTextKeyword.verifyElementText(VerifyElementTextKeyword.groovy:72)&#xD;
	at com.kms.katalon.core.webui.keyword.builtin.VerifyElementTextKeyword.execute(VerifyElementTextKeyword.groovy:40)&#xD;
	at com.kms.katalon.core.keyword.internal.KeywordExecutor.executeKeywordForPlatform(KeywordExecutor.groovy:56)&#xD;
	at com.kms.katalon.core.webui.keyword.WebUiBuiltInKeywords.verifyElementText(WebUiBuiltInKeywords.groovy:3647)&#xD;
	at com.kms.katalon.core.webui.keyword.WebUiBuiltInKeywords$verifyElementText$21.call(Unknown Source)&#xD;
	at Run_Communication_Batch.run(Run_Communication_Batch:58)&#xD;
	at com.kms.katalon.core.main.ScriptEngine.run(ScriptEngine.java:194)&#xD;
	at com.kms.katalon.core.main.ScriptEngine.runScriptAsRawText(ScriptEngine.java:119)&#xD;
	at com.kms.katalon.core.main.TestCaseExecutor.runScript(TestCaseExecutor.java:337)&#xD;
	at com.kms.katalon.core.main.TestCaseExecutor.doExecute(TestCaseExecutor.java:328)&#xD;
	at com.kms.katalon.core.main.TestCaseExecutor.processExecutionPhase(TestCaseExecutor.java:307)&#xD;
	at com.kms.katalon.core.main.TestCaseExecutor.accessMainPhase(TestCaseExecutor.java:299)&#xD;
	at com.kms.katalon.core.main.TestCaseExecutor.execute(TestCaseExecutor.java:233)&#xD;
	at com.kms.katalon.core.main.TestCaseMain.runTestCase(TestCaseMain.java:114)&#xD;
	at com.kms.katalon.core.keyword.builtin.CallTestCaseKeyword$_callTestCase_closure1.doCall(CallTestCaseKeyword.groovy:59)&#xD;
	at com.kms.katalon.core.keyword.builtin.CallTestCaseKeyword$_callTestCase_closure1.call(CallTestCaseKeyword.groovy)&#xD;
	at com.kms.katalon.core.keyword.internal.KeywordMain.runKeyword(KeywordMain.groovy:68)&#xD;
	at com.kms.katalon.core.keyword.builtin.CallTestCaseKeyword.callTestCase(CallTestCaseKeyword.groovy:81)&#xD;
	at com.kms.katalon.core.keyword.builtin.CallTestCaseKeyword.execute(CallTestCaseKeyword.groovy:44)&#xD;
	at com.kms.katalon.core.keyword.internal.KeywordExecutor.executeKeywordForPlatform(KeywordExecutor.groovy:56)&#xD;
	at com.kms.katalon.core.keyword.BuiltinKeywords.callTestCase(BuiltinKeywords.groovy:334)&#xD;
	at Create_Run_Publisb_Projects and Communications.run(Create_Run_Publisb_Projects and Communications:32)&#xD;
	at com.kms.katalon.core.main.ScriptEngine.run(ScriptEngine.java:194)&#xD;
	at com.kms.katalon.core.main.ScriptEngine.runScriptAsRawText(ScriptEngine.java:119)&#xD;
	at com.kms.katalon.core.main.TestCaseExecutor.runScript(TestCaseExecutor.java:337)&#xD;
	at com.kms.katalon.core.main.TestCaseExecutor.doExecute(TestCaseExecutor.java:328)&#xD;
	at com.kms.katalon.core.main.TestCaseExecutor.processExecutionPhase(TestCaseExecutor.java:307)&#xD;
	at com.kms.katalon.core.main.TestCaseExecutor.accessMainPhase(TestCaseExecutor.java:299)&#xD;
	at com.kms.katalon.core.main.TestCaseExecutor.execute(TestCaseExecutor.java:233)&#xD;
	at com.kms.katalon.core.main.TestSuiteExecutor.accessTestCaseMainPhase(TestSuiteExecutor.java:133)&#xD;
	at com.kms.katalon.core.main.TestSuiteExecutor.accessTestSuiteMainPhase(TestSuiteExecutor.java:116)&#xD;
	at com.kms.katalon.core.main.TestSuiteExecutor.execute(TestSuiteExecutor.java:83)&#xD;
	at com.kms.katalon.core.main.TestCaseMain.startTestSuite(TestCaseMain.java:157)&#xD;
	at com.kms.katalon.core.main.TestCaseMain$startTestSuite$0.call(Unknown Source)&#xD;
	at TempTestSuite1563198510048.run(TempTestSuite1563198510048.groovy:35)&#xD;
)&#xD;
[[ATTACHMENT|C:\\Katalon Projects\\Nido_Patch3\\Reports\\Sanity1\\20190715_164830\\1563198794951.png]]&#xD;
&#xD;
2019-07-15 16:53:15 - [TEST_STEP][PASSED] - delay(6, STOP_ON_FAILURE): Delayed 6 second(s)&#xD;
&#xD;
2019-07-15 16:53:21 - [MESSAGE][PASSED] - Delayed 6 second(s)&#xD;
&#xD;
2019-07-15 16:53:21 - [TEST_STEP][PASSED] - verifyElementText(findTestObject("Projects_Communications/Page_Communications - Results/communication_Finished"), " Finished", STOP_ON_FAILURE): Actual text and expected text of test object 'Object Repository/Projects_Communications/Page_Communications - Results/communication_Finished' are matched.&#xD;
&#xD;
2019-07-15 16:53:21 - [MESSAGE][PASSED] - Actual text and expected text of test object 'Object Repository/Projects_Communications/Page_Communications - Results/communication_Finished' are matched.&#xD;
&#xD;
2019-07-15 16:53:21 - [TEST_STEP][PASSED] - closeWindowIndex("1"): Window with index 1 is closed&#xD;
&#xD;
2019-07-15 16:53:21 - [MESSAGE][PASSED] - Window with index 1 is closed&#xD;
&#xD;
2019-07-15 16:53:21 - [TEST_STEP][PASSED] - switchToWindowIndex("0", STOP_ON_FAILURE): Switched to window with index: '0'&#xD;
&#xD;
2019-07-15 16:53:21 - [MESSAGE][PASSED] - Switched to window with index: '0'&#xD;
&#xD;
2019-07-15 16:53:21 - [MESSAGE][PASSED] - Call Test Case 'Test Cases/Communications_Projects/Run_Communication_Batch' successfully&#xD;
&#xD;
2019-07-15 16:53:21 - [TEST_STEP][PASSED] - delay(2, CONTINUE_ON_FAILURE): Delayed 2 second(s)&#xD;
&#xD;
2019-07-15 16:53:23 - [MESSAGE][PASSED] - Delayed 2 second(s)&#xD;
&#xD;
2019-07-15 16:53:23 - [TEST_STEP][PASSED] - callTestCase(findTestCase("Communications_Projects/Run_Communication_Interractive"), [:], CONTINUE_ON_FAILURE): Call Test Case 'Test Cases/Communications_Projects/Run_Communication_Interractive' successfully&#xD;
&#xD;
2019-07-15 16:53:23 - [TEST_CASE][PASSED] - Test Cases/Communications_Projects/Run_Communication_Interractive: Test Cases/Communications_Projects/Run_Communication_Interractive&#xD;
&#xD;
2019-07-15 16:53:23 - [TEST_STEP][NOT_RUN] - callTestCase(findTestCase("Main Login Page/login_simple"), [:], STOP_ON_FAILURE): NOT_RUN: callTestCase(findTestCase("Main Login Page/login_simple"), [:], STOP_ON_FAILURE)&#xD;
&#xD;
2019-07-15 16:53:23 - [MESSAGE][NOT_RUN] - NOT_RUN: callTestCase(findTestCase("Main Login Page/login_simple"), [:], STOP_ON_FAILURE)&#xD;
&#xD;
2019-07-15 16:53:23 - [TEST_STEP][NOT_RUN] - click(findTestObject("Projects_Communications/Page_Welcome - EOS/a_Communications"), STOP_ON_FAILURE): NOT_RUN: click(findTestObject("Projects_Communications/Page_Welcome - EOS/a_Communications"), STOP_ON_FAILURE)&#xD;
&#xD;
2019-07-15 16:53:23 - [MESSAGE][NOT_RUN] - NOT_RUN: click(findTestObject("Projects_Communications/Page_Welcome - EOS/a_Communications"), STOP_ON_FAILURE)&#xD;
&#xD;
2019-07-15 16:53:23 - [TEST_STEP][NOT_RUN] - delay(3, STOP_ON_FAILURE): NOT_RUN: delay(3, STOP_ON_FAILURE)&#xD;
&#xD;
2019-07-15 16:53:23 - [MESSAGE][NOT_RUN] - NOT_RUN: delay(3, STOP_ON_FAILURE)&#xD;
&#xD;
2019-07-15 16:53:23 - [TEST_STEP][PASSED] - waitForElementClickable(findTestObject("Projects_Communications/Page_Communications - Communication/button_New Communication"), 15, CONTINUE_ON_FAILURE): Object 'Object Repository/Projects_Communications/Page_Communications - Communication/button_New Communication' is clickable&#xD;
&#xD;
2019-07-15 16:53:23 - [MESSAGE][PASSED] - Object 'Object Repository/Projects_Communications/Page_Communications - Communication/button_New Communication' is clickable&#xD;
&#xD;
2019-07-15 16:53:23 - [TEST_STEP][PASSED] - click(findTestObject("Projects_Communications/Page_Communications - Communication/button_New Communication"), STOP_ON_FAILURE): Object: 'Object Repository/Projects_Communications/Page_Communications - Communication/button_New Communication' is clicked on&#xD;
&#xD;
2019-07-15 16:53:23 - [MESSAGE][PASSED] - Object: 'Object Repository/Projects_Communications/Page_Communications - Communication/button_New Communication' is clicked on&#xD;
&#xD;
2019-07-15 16:53:23 - [TEST_STEP][PASSED] - switchToWindowIndex("1", STOP_ON_FAILURE): Switched to window with index: '1'&#xD;
&#xD;
2019-07-15 16:53:23 - [MESSAGE][PASSED] - Switched to window with index: '1'&#xD;
&#xD;
2019-07-15 16:53:23 - [TEST_STEP][PASSED] - delay(2, STOP_ON_FAILURE): Delayed 2 second(s)&#xD;
&#xD;
2019-07-15 16:53:25 - [MESSAGE][PASSED] - Delayed 2 second(s)&#xD;
&#xD;
2019-07-15 16:53:25 - [TEST_STEP][PASSED] - click(findTestObject("Projects_Communications/Page_Communications - Communication/select_testcommuncation2_Interractive"), STOP_ON_FAILURE): Object: 'Object Repository/Projects_Communications/Page_Communications - Communication/select_testcommuncation2_Interractive' is clicked on&#xD;
&#xD;
2019-07-15 16:53:26 - [MESSAGE][PASSED] - Object: 'Object Repository/Projects_Communications/Page_Communications - Communication/select_testcommuncation2_Interractive' is clicked on&#xD;
&#xD;
2019-07-15 16:53:26 - [TEST_STEP][PASSED] - click(findTestObject("Projects_Communications/Page_Communications - Communication/span_Search for a contact"), STOP_ON_FAILURE): Object: 'Object Repository/Projects_Communications/Page_Communications - Communication/span_Search for a contact' is clicked on&#xD;
&#xD;
2019-07-15 16:53:27 - [MESSAGE][PASSED] - Object: 'Object Repository/Projects_Communications/Page_Communications - Communication/span_Search for a contact' is clicked on&#xD;
&#xD;
2019-07-15 16:53:27 - [TEST_STEP][PASSED] - delay(2, STOP_ON_FAILURE): Delayed 2 second(s)&#xD;
&#xD;
2019-07-15 16:53:29 - [MESSAGE][PASSED] - Delayed 2 second(s)&#xD;
&#xD;
2019-07-15 16:53:29 - [TEST_STEP][PASSED] - click(findTestObject("Projects_Communications/Page_Communications - Communication/select_Contact"), STOP_ON_FAILURE): Object: 'Object Repository/Projects_Communications/Page_Communications - Communication/select_Contact' is clicked on&#xD;
&#xD;
2019-07-15 16:53:29 - [MESSAGE][PASSED] - Object: 'Object Repository/Projects_Communications/Page_Communications - Communication/select_Contact' is clicked on&#xD;
&#xD;
2019-07-15 16:53:29 - [TEST_STEP][PASSED] - click(findTestObject("Projects_Communications/Page_Communications - Communication/button_Run"), STOP_ON_FAILURE): Object: 'Object Repository/Projects_Communications/Page_Communications - Communication/button_Run' is clicked on&#xD;
&#xD;
2019-07-15 16:53:29 - [MESSAGE][PASSED] - Object: 'Object Repository/Projects_Communications/Page_Communications - Communication/button_Run' is clicked on&#xD;
&#xD;
2019-07-15 16:53:29 - [TEST_STEP][NOT_RUN] - waitForPageLoad(5, STOP_ON_FAILURE): NOT_RUN: waitForPageLoad(5, STOP_ON_FAILURE)&#xD;
&#xD;
2019-07-15 16:53:29 - [MESSAGE][NOT_RUN] - NOT_RUN: waitForPageLoad(5, STOP_ON_FAILURE)&#xD;
&#xD;
2019-07-15 16:53:29 - [TEST_STEP][PASSED] - delay(5, STOP_ON_FAILURE): Delayed 5 second(s)&#xD;
&#xD;
2019-07-15 16:53:34 - [MESSAGE][PASSED] - Delayed 5 second(s)&#xD;
&#xD;
2019-07-15 16:53:34 - [TEST_STEP][NOT_RUN] - click(findTestObject("Projects_Communications/Page_Communications - Communication/button_lookup_Contact in form"), STOP_ON_FAILURE): NOT_RUN: click(findTestObject("Projects_Communications/Page_Communications - Communication/button_lookup_Contact in form"), STOP_ON_FAILURE)&#xD;
&#xD;
2019-07-15 16:53:34 - [MESSAGE][NOT_RUN] - NOT_RUN: click(findTestObject("Projects_Communications/Page_Communications - Communication/button_lookup_Contact in form"), STOP_ON_FAILURE)&#xD;
&#xD;
2019-07-15 16:53:34 - [TEST_STEP][NOT_RUN] - delay(3, STOP_ON_FAILURE): NOT_RUN: delay(3, STOP_ON_FAILURE)&#xD;
&#xD;
2019-07-15 16:53:34 - [MESSAGE][NOT_RUN] - NOT_RUN: delay(3, STOP_ON_FAILURE)&#xD;
&#xD;
2019-07-15 16:53:34 - [TEST_STEP][NOT_RUN] - click(findTestObject("Projects_Communications/Page_Communications - Communication/select_Interractive_contact"), STOP_ON_FAILURE): NOT_RUN: click(findTestObject("Projects_Communications/Page_Communications - Communication/select_Interractive_contact"), STOP_ON_FAILURE)&#xD;
&#xD;
2019-07-15 16:53:34 - [MESSAGE][NOT_RUN] - NOT_RUN: click(findTestObject("Projects_Communications/Page_Communications - Communication/select_Interractive_contact"), STOP_ON_FAILURE)&#xD;
&#xD;
2019-07-15 16:53:34 - [TEST_STEP][NOT_RUN] - delay(1, STOP_ON_FAILURE): NOT_RUN: delay(1, STOP_ON_FAILURE)&#xD;
&#xD;
2019-07-15 16:53:34 - [MESSAGE][NOT_RUN] - NOT_RUN: delay(1, STOP_ON_FAILURE)&#xD;
&#xD;
2019-07-15 16:53:34 - [TEST_STEP][NOT_RUN] - click(findTestObject("Projects_Communications/Page_Communications - Communication/button_Ok select interractive contact"), STOP_ON_FAILURE): NOT_RUN: click(findTestObject("Projects_Communications/Page_Communications - Communication/button_Ok select interractive contact"), STOP_ON_FAILURE)&#xD;
&#xD;
2019-07-15 16:53:34 - [MESSAGE][NOT_RUN] - NOT_RUN: click(findTestObject("Projects_Communications/Page_Communications - Communication/button_Ok select interractive contact"), STOP_ON_FAILURE)&#xD;
&#xD;
2019-07-15 16:53:34 - [TEST_STEP][PASSED] - setText(findTestObject("Projects_Communications/Page_Communications - Communication/textbox_Sender"), "Mr. QA", STOP_ON_FAILURE): Text 'Mr. QA' is set on object 'Object Repository/Projects_Communications/Page_Communications - Communication/textbox_Sender'&#xD;
&#xD;
2019-07-15 16:53:34 - [MESSAGE][PASSED] - Text 'Mr. QA' is set on object 'Object Repository/Projects_Communications/Page_Communications - Communication/textbox_Sender'&#xD;
&#xD;
2019-07-15 16:53:34 - [TEST_STEP][PASSED] - delay(2, STOP_ON_FAILURE): Delayed 2 second(s)&#xD;
&#xD;
2019-07-15 16:53:36 - [MESSAGE][PASSED] - Delayed 2 second(s)&#xD;
&#xD;
2019-07-15 16:53:36 - [TEST_STEP][PASSED] - click(findTestObject("Projects_Communications/Page_Communications - Communication/button_InterractiveFinishButton"), STOP_ON_FAILURE): Object: 'Object Repository/Projects_Communications/Page_Communications - Communication/button_InterractiveFinishButton' is clicked on&#xD;
&#xD;
2019-07-15 16:53:36 - [MESSAGE][PASSED] - Object: 'Object Repository/Projects_Communications/Page_Communications - Communication/button_InterractiveFinishButton' is clicked on&#xD;
&#xD;
2019-07-15 16:53:36 - [TEST_STEP][PASSED] - waitForElementVisible(findTestObject("Projects_Communications/Page_Communications - Results/communication_Finished"), 15, STOP_ON_FAILURE): Object 'Object Repository/Projects_Communications/Page_Communications - Results/communication_Finished' is visible&#xD;
&#xD;
2019-07-15 16:53:37 - [MESSAGE][PASSED] - Object 'Object Repository/Projects_Communications/Page_Communications - Results/communication_Finished' is visible&#xD;
&#xD;
2019-07-15 16:53:37 - [TEST_STEP][PASSED] - if (verifyElementText(findTestObject("Projects_Communications/Page_Communications - Results/communication_Finished"), " Finished", OPTIONAL) == false): Actual text and expected text of test object 'Object Repository/Projects_Communications/Page_Communications - Results/communication_Finished' are matched.&#xD;
&#xD;
2019-07-15 16:53:37 - [MESSAGE][WARNING] - Actual text ' 0%' and expected text ' Finished' of test object 'Object Repository/Projects_Communications/Page_Communications - Results/communication_Finished' are NOT matched. (Root cause: com.kms.katalon.core.exception.StepFailedException: Actual text ' 0%' and expected text ' Finished' of test object 'Object Repository/Projects_Communications/Page_Communications - Results/communication_Finished' are NOT matched.&#xD;
	at com.kms.katalon.core.webui.keyword.internal.WebUIKeywordMain.stepFailed(WebUIKeywordMain.groovy:64)&#xD;
	at com.kms.katalon.core.webui.keyword.builtin.VerifyElementTextKeyword$_verifyElementText_closure1.doCall(VerifyElementTextKeyword.groovy:57)&#xD;
	at com.kms.katalon.core.webui.keyword.builtin.VerifyElementTextKeyword$_verifyElementText_closure1.call(VerifyElementTextKeyword.groovy)&#xD;
	at com.kms.katalon.core.webui.keyword.internal.WebUIKeywordMain.runKeyword(WebUIKeywordMain.groovy:20)&#xD;
	at com.kms.katalon.core.webui.keyword.builtin.VerifyElementTextKeyword.verifyElementText(VerifyElementTextKeyword.groovy:72)&#xD;
	at com.kms.katalon.core.webui.keyword.builtin.VerifyElementTextKeyword.execute(VerifyElementTextKeyword.groovy:40)&#xD;
	at com.kms.katalon.core.keyword.internal.KeywordExecutor.executeKeywordForPlatform(KeywordExecutor.groovy:56)&#xD;
	at com.kms.katalon.core.webui.keyword.WebUiBuiltInKeywords.verifyElementText(WebUiBuiltInKeywords.groovy:3647)&#xD;
	at com.kms.katalon.core.webui.keyword.WebUiBuiltInKeywords$verifyElementText$21.call(Unknown Source)&#xD;
	at Run_Communication_Interractive.run(Run_Communication_Interractive:81)&#xD;
	at com.kms.katalon.core.main.ScriptEngine.run(ScriptEngine.java:194)&#xD;
	at com.kms.katalon.core.main.ScriptEngine.runScriptAsRawText(ScriptEngine.java:119)&#xD;
	at com.kms.katalon.core.main.TestCaseExecutor.runScript(TestCaseExecutor.java:337)&#xD;
	at com.kms.katalon.core.main.TestCaseExecutor.doExecute(TestCaseExecutor.java:328)&#xD;
	at com.kms.katalon.core.main.TestCaseExecutor.processExecutionPhase(TestCaseExecutor.java:307)&#xD;
	at com.kms.katalon.core.main.TestCaseExecutor.accessMainPhase(TestCaseExecutor.java:299)&#xD;
	at com.kms.katalon.core.main.TestCaseExecutor.execute(TestCaseExecutor.java:233)&#xD;
	at com.kms.katalon.core.main.TestCaseMain.runTestCase(TestCaseMain.java:114)&#xD;
	at com.kms.katalon.core.keyword.builtin.CallTestCaseKeyword$_callTestCase_closure1.doCall(CallTestCaseKeyword.groovy:59)&#xD;
	at com.kms.katalon.core.keyword.builtin.CallTestCaseKeyword$_callTestCase_closure1.call(CallTestCaseKeyword.groovy)&#xD;
	at com.kms.katalon.core.keyword.internal.KeywordMain.runKeyword(KeywordMain.groovy:68)&#xD;
	at com.kms.katalon.core.keyword.builtin.CallTestCaseKeyword.callTestCase(CallTestCaseKeyword.groovy:81)&#xD;
	at com.kms.katalon.core.keyword.builtin.CallTestCaseKeyword.execute(CallTestCaseKeyword.groovy:44)&#xD;
	at com.kms.katalon.core.keyword.internal.KeywordExecutor.executeKeywordForPlatform(KeywordExecutor.groovy:56)&#xD;
	at com.kms.katalon.core.keyword.BuiltinKeywords.callTestCase(BuiltinKeywords.groovy:334)&#xD;
	at Create_Run_Publisb_Projects and Communications.run(Create_Run_Publisb_Projects and Communications:36)&#xD;
	at com.kms.katalon.core.main.ScriptEngine.run(ScriptEngine.java:194)&#xD;
	at com.kms.katalon.core.main.ScriptEngine.runScriptAsRawText(ScriptEngine.java:119)&#xD;
	at com.kms.katalon.core.main.TestCaseExecutor.runScript(TestCaseExecutor.java:337)&#xD;
	at com.kms.katalon.core.main.TestCaseExecutor.doExecute(TestCaseExecutor.java:328)&#xD;
	at com.kms.katalon.core.main.TestCaseExecutor.processExecutionPhase(TestCaseExecutor.java:307)&#xD;
	at com.kms.katalon.core.main.TestCaseExecutor.accessMainPhase(TestCaseExecutor.java:299)&#xD;
	at com.kms.katalon.core.main.TestCaseExecutor.execute(TestCaseExecutor.java:233)&#xD;
	at com.kms.katalon.core.main.TestSuiteExecutor.accessTestCaseMainPhase(TestSuiteExecutor.java:133)&#xD;
	at com.kms.katalon.core.main.TestSuiteExecutor.accessTestSuiteMainPhase(TestSuiteExecutor.java:116)&#xD;
	at com.kms.katalon.core.main.TestSuiteExecutor.execute(TestSuiteExecutor.java:83)&#xD;
	at com.kms.katalon.core.main.TestCaseMain.startTestSuite(TestCaseMain.java:157)&#xD;
	at com.kms.katalon.core.main.TestCaseMain$startTestSuite$0.call(Unknown Source)&#xD;
	at TempTestSuite1563198510048.run(TempTestSuite1563198510048.groovy:35)&#xD;
)&#xD;
[[ATTACHMENT|C:\\Katalon Projects\\Nido_Patch3\\Reports\\Sanity1\\20190715_164830\\1563198817436.png]]&#xD;
&#xD;
2019-07-15 16:53:37 - [TEST_STEP][PASSED] - delay(5): Delayed 5 second(s)&#xD;
&#xD;
2019-07-15 16:53:42 - [MESSAGE][PASSED] - Delayed 5 second(s)&#xD;
&#xD;
2019-07-15 16:53:42 - [TEST_STEP][PASSED] - verifyElementText(findTestObject("Projects_Communications/Page_Communications - Results/communication_Finished"), " Finished"): Actual text and expected text of test object 'Object Repository/Projects_Communications/Page_Communications - Results/communication_Finished' are matched.&#xD;
&#xD;
2019-07-15 16:53:42 - [MESSAGE][PASSED] - Actual text and expected text of test object 'Object Repository/Projects_Communications/Page_Communications - Results/communication_Finished' are matched.&#xD;
&#xD;
2019-07-15 16:53:42 - [TEST_STEP][PASSED] - closeWindowIndex("1"): Window with index 1 is closed&#xD;
&#xD;
2019-07-15 16:53:42 - [MESSAGE][PASSED] - Window with index 1 is closed&#xD;
&#xD;
2019-07-15 16:53:42 - [TEST_STEP][PASSED] - switchToWindowIndex("0", STOP_ON_FAILURE): Switched to window with index: '0'&#xD;
&#xD;
2019-07-15 16:53:42 - [MESSAGE][PASSED] - Switched to window with index: '0'&#xD;
&#xD;
2019-07-15 16:53:42 - [MESSAGE][PASSED] - Call Test Case 'Test Cases/Communications_Projects/Run_Communication_Interractive' successfully&#xD;
&#xD;
2019-07-15 16:53:42 - [TEST_STEP][PASSED] - delay(2, CONTINUE_ON_FAILURE): Delayed 2 second(s)&#xD;
&#xD;
2019-07-15 16:53:44 - [MESSAGE][PASSED] - Delayed 2 second(s)&#xD;
&#xD;
2019-07-15 16:53:44 - [TEST_STEP][PASSED] - callTestCase(findTestCase("Communications_Projects/Run_Communication_OnDemand"), [:], CONTINUE_ON_FAILURE): Call Test Case 'Test Cases/Communications_Projects/Run_Communication_OnDemand' successfully&#xD;
&#xD;
2019-07-15 16:53:44 - [TEST_CASE][PASSED] - Test Cases/Communications_Projects/Run_Communication_OnDemand: Test Cases/Communications_Projects/Run_Communication_OnDemand&#xD;
&#xD;
2019-07-15 16:53:45 - [TEST_STEP][NOT_RUN] - callTestCase(findTestCase("Main Login Page/login_simple"), [:], STOP_ON_FAILURE): NOT_RUN: callTestCase(findTestCase("Main Login Page/login_simple"), [:], STOP_ON_FAILURE)&#xD;
&#xD;
2019-07-15 16:53:45 - [MESSAGE][NOT_RUN] - NOT_RUN: callTestCase(findTestCase("Main Login Page/login_simple"), [:], STOP_ON_FAILURE)&#xD;
&#xD;
2019-07-15 16:53:45 - [TEST_STEP][NOT_RUN] - click(findTestObject("Projects_Communications/Page_Welcome - EOS/a_Communications")): NOT_RUN: click(findTestObject("Projects_Communications/Page_Welcome - EOS/a_Communications"))&#xD;
&#xD;
2019-07-15 16:53:45 - [MESSAGE][NOT_RUN] - NOT_RUN: click(findTestObject("Projects_Communications/Page_Welcome - EOS/a_Communications"))&#xD;
&#xD;
2019-07-15 16:53:45 - [TEST_STEP][NOT_RUN] - delay(3): NOT_RUN: delay(3)&#xD;
&#xD;
2019-07-15 16:53:45 - [MESSAGE][NOT_RUN] - NOT_RUN: delay(3)&#xD;
&#xD;
2019-07-15 16:53:45 - [TEST_STEP][PASSED] - waitForElementClickable(findTestObject("Projects_Communications/Page_Communications - Communication/button_New Communication"), 15, CONTINUE_ON_FAILURE): Object 'Object Repository/Projects_Communications/Page_Communications - Communication/button_New Communication' is clickable&#xD;
&#xD;
2019-07-15 16:53:45 - [MESSAGE][PASSED] - Object 'Object Repository/Projects_Communications/Page_Communications - Communication/button_New Communication' is clickable&#xD;
&#xD;
2019-07-15 16:53:45 - [TEST_STEP][PASSED] - click(findTestObject("Projects_Communications/Page_Communications - Communication/button_New Communication"), CONTINUE_ON_FAILURE): Object: 'Object Repository/Projects_Communications/Page_Communications - Communication/button_New Communication' is clicked on&#xD;
&#xD;
2019-07-15 16:53:45 - [MESSAGE][PASSED] - Object: 'Object Repository/Projects_Communications/Page_Communications - Communication/button_New Communication' is clicked on&#xD;
&#xD;
2019-07-15 16:53:45 - [TEST_STEP][PASSED] - switchToWindowIndex("1", CONTINUE_ON_FAILURE): Switched to window with index: '1'&#xD;
&#xD;
2019-07-15 16:53:45 - [MESSAGE][PASSED] - Switched to window with index: '1'&#xD;
&#xD;
2019-07-15 16:53:45 - [TEST_STEP][PASSED] - delay(2, CONTINUE_ON_FAILURE): Delayed 2 second(s)&#xD;
&#xD;
2019-07-15 16:53:47 - [MESSAGE][PASSED] - Delayed 2 second(s)&#xD;
&#xD;
2019-07-15 16:53:47 - [TEST_STEP][PASSED] - click(findTestObject("Projects_Communications/Page_Communications - Communication/select_testcommuncation3_OnDemand"), CONTINUE_ON_FAILURE): Object: 'Object Repository/Projects_Communications/Page_Communications - Communication/select_testcommuncation3_OnDemand' is clicked on&#xD;
&#xD;
2019-07-15 16:53:48 - [MESSAGE][PASSED] - Object: 'Object Repository/Projects_Communications/Page_Communications - Communication/select_testcommuncation3_OnDemand' is clicked on&#xD;
&#xD;
2019-07-15 16:53:48 - [TEST_STEP][PASSED] - delay(2, CONTINUE_ON_FAILURE): Delayed 2 second(s)&#xD;
&#xD;
2019-07-15 16:53:50 - [MESSAGE][PASSED] - Delayed 2 second(s)&#xD;
&#xD;
2019-07-15 16:53:50 - [TEST_STEP][PASSED] - click(findTestObject("Projects_Communications/Page_Communications - Communication/span_Search for a contact"), CONTINUE_ON_FAILURE): Object: 'Object Repository/Projects_Communications/Page_Communications - Communication/span_Search for a contact' is clicked on&#xD;
&#xD;
2019-07-15 16:53:50 - [MESSAGE][PASSED] - Object: 'Object Repository/Projects_Communications/Page_Communications - Communication/span_Search for a contact' is clicked on&#xD;
&#xD;
2019-07-15 16:53:50 - [TEST_STEP][PASSED] - delay(4, CONTINUE_ON_FAILURE): Delayed 4 second(s)&#xD;
&#xD;
2019-07-15 16:53:54 - [MESSAGE][PASSED] - Delayed 4 second(s)&#xD;
&#xD;
2019-07-15 16:53:54 - [TEST_STEP][PASSED] - click(findTestObject("Projects_Communications/Page_Communications - Communication/select_Contact"), CONTINUE_ON_FAILURE): Object: 'Object Repository/Projects_Communications/Page_Communications - Communication/select_Contact' is clicked on&#xD;
&#xD;
2019-07-15 16:53:54 - [MESSAGE][PASSED] - Object: 'Object Repository/Projects_Communications/Page_Communications - Communication/select_Contact' is clicked on&#xD;
&#xD;
2019-07-15 16:53:54 - [TEST_STEP][PASSED] - click(findTestObject("Projects_Communications/Page_Communications - Communication/button_Run"), CONTINUE_ON_FAILURE): Object: 'Object Repository/Projects_Communications/Page_Communications - Communication/button_Run' is clicked on&#xD;
&#xD;
2019-07-15 16:53:54 - [MESSAGE][PASSED] - Object: 'Object Repository/Projects_Communications/Page_Communications - Communication/button_Run' is clicked on&#xD;
&#xD;
2019-07-15 16:53:54 - [TEST_STEP][PASSED] - switchToWindowIndex("1", CONTINUE_ON_FAILURE): Switched to window with index: '1'&#xD;
&#xD;
2019-07-15 16:53:54 - [MESSAGE][PASSED] - Switched to window with index: '1'&#xD;
&#xD;
2019-07-15 16:53:54 - [TEST_STEP][PASSED] - delay(2, CONTINUE_ON_FAILURE): Delayed 2 second(s)&#xD;
&#xD;
2019-07-15 16:53:56 - [MESSAGE][PASSED] - Delayed 2 second(s)&#xD;
&#xD;
2019-07-15 16:53:56 - [TEST_STEP][PASSED] - click(findTestObject("Projects_Communications/Page_Communications - Communication/button_Save_OnDemand")): Object: 'Object Repository/Projects_Communications/Page_Communications - Communication/button_Save_OnDemand' is clicked on&#xD;
&#xD;
2019-07-15 16:53:56 - [MESSAGE][PASSED] - Object: 'Object Repository/Projects_Communications/Page_Communications - Communication/button_Save_OnDemand' is clicked on&#xD;
&#xD;
2019-07-15 16:53:56 - [TEST_STEP][PASSED] - delay(2, CONTINUE_ON_FAILURE): Delayed 2 second(s)&#xD;
&#xD;
2019-07-15 16:53:58 - [MESSAGE][PASSED] - Delayed 2 second(s)&#xD;
&#xD;
2019-07-15 16:53:58 - [TEST_STEP][PASSED] - click(findTestObject("Projects_Communications/Page_Communications - Results/Summaru_Tab")): Object: 'Object Repository/Projects_Communications/Page_Communications - Results/Summaru_Tab' is clicked on&#xD;
&#xD;
2019-07-15 16:53:58 - [MESSAGE][PASSED] - Object: 'Object Repository/Projects_Communications/Page_Communications - Results/Summaru_Tab' is clicked on&#xD;
&#xD;
2019-07-15 16:53:58 - [TEST_STEP][PASSED] - waitForElementVisible(findTestObject("Projects_Communications/Page_Communications - Results/communication_Finished"), 15, CONTINUE_ON_FAILURE): Object 'Object Repository/Projects_Communications/Page_Communications - Results/communication_Finished' is visible&#xD;
&#xD;
2019-07-15 16:53:58 - [MESSAGE][PASSED] - Object 'Object Repository/Projects_Communications/Page_Communications - Results/communication_Finished' is visible&#xD;
&#xD;
2019-07-15 16:53:58 - [TEST_STEP][PASSED] - if (verifyElementText(findTestObject("Projects_Communications/Page_Communications - Results/communication_Finished"), " Finished", OPTIONAL) == false): Actual text and expected text of test object 'Object Repository/Projects_Communications/Page_Communications - Results/communication_Finished' are matched.&#xD;
&#xD;
2019-07-15 16:53:59 - [MESSAGE][WARNING] - Actual text ' 50%' and expected text ' Finished' of test object 'Object Repository/Projects_Communications/Page_Communications - Results/communication_Finished' are NOT matched. (Root cause: com.kms.katalon.core.exception.StepFailedException: Actual text ' 50%' and expected text ' Finished' of test object 'Object Repository/Projects_Communications/Page_Communications - Results/communication_Finished' are NOT matched.&#xD;
	at com.kms.katalon.core.webui.keyword.internal.WebUIKeywordMain.stepFailed(WebUIKeywordMain.groovy:64)&#xD;
	at com.kms.katalon.core.webui.keyword.builtin.VerifyElementTextKeyword$_verifyElementText_closure1.doCall(VerifyElementTextKeyword.groovy:57)&#xD;
	at com.kms.katalon.core.webui.keyword.builtin.VerifyElementTextKeyword$_verifyElementText_closure1.call(VerifyElementTextKeyword.groovy)&#xD;
	at com.kms.katalon.core.webui.keyword.internal.WebUIKeywordMain.runKeyword(WebUIKeywordMain.groovy:20)&#xD;
	at com.kms.katalon.core.webui.keyword.builtin.VerifyElementTextKeyword.verifyElementText(VerifyElementTextKeyword.groovy:72)&#xD;
	at com.kms.katalon.core.webui.keyword.builtin.VerifyElementTextKeyword.execute(VerifyElementTextKeyword.groovy:40)&#xD;
	at com.kms.katalon.core.keyword.internal.KeywordExecutor.executeKeywordForPlatform(KeywordExecutor.groovy:56)&#xD;
	at com.kms.katalon.core.webui.keyword.WebUiBuiltInKeywords.verifyElementText(WebUiBuiltInKeywords.groovy:3647)&#xD;
	at com.kms.katalon.core.webui.keyword.WebUiBuiltInKeywords$verifyElementText$21.call(Unknown Source)&#xD;
	at Run_Communication_OnDemand.run(Run_Communication_OnDemand:63)&#xD;
	at com.kms.katalon.core.main.ScriptEngine.run(ScriptEngine.java:194)&#xD;
	at com.kms.katalon.core.main.ScriptEngine.runScriptAsRawText(ScriptEngine.java:119)&#xD;
	at com.kms.katalon.core.main.TestCaseExecutor.runScript(TestCaseExecutor.java:337)&#xD;
	at com.kms.katalon.core.main.TestCaseExecutor.doExecute(TestCaseExecutor.java:328)&#xD;
	at com.kms.katalon.core.main.TestCaseExecutor.processExecutionPhase(TestCaseExecutor.java:307)&#xD;
	at com.kms.katalon.core.main.TestCaseExecutor.accessMainPhase(TestCaseExecutor.java:299)&#xD;
	at com.kms.katalon.core.main.TestCaseExecutor.execute(TestCaseExecutor.java:233)&#xD;
	at com.kms.katalon.core.main.TestCaseMain.runTestCase(TestCaseMain.java:114)&#xD;
	at com.kms.katalon.core.keyword.builtin.CallTestCaseKeyword$_callTestCase_closure1.doCall(CallTestCaseKeyword.groovy:59)&#xD;
	at com.kms.katalon.core.keyword.builtin.CallTestCaseKeyword$_callTestCase_closure1.call(CallTestCaseKeyword.groovy)&#xD;
	at com.kms.katalon.core.keyword.internal.KeywordMain.runKeyword(KeywordMain.groovy:68)&#xD;
	at com.kms.katalon.core.keyword.builtin.CallTestCaseKeyword.callTestCase(CallTestCaseKeyword.groovy:81)&#xD;
	at com.kms.katalon.core.keyword.builtin.CallTestCaseKeyword.execute(CallTestCaseKeyword.groovy:44)&#xD;
	at com.kms.katalon.core.keyword.internal.KeywordExecutor.executeKeywordForPlatform(KeywordExecutor.groovy:56)&#xD;
	at com.kms.katalon.core.keyword.BuiltinKeywords.callTestCase(BuiltinKeywords.groovy:334)&#xD;
	at Create_Run_Publisb_Projects and Communications.run(Create_Run_Publisb_Projects and Communications:40)&#xD;
	at com.kms.katalon.core.main.ScriptEngine.run(ScriptEngine.java:194)&#xD;
	at com.kms.katalon.core.main.ScriptEngine.runScriptAsRawText(ScriptEngine.java:119)&#xD;
	at com.kms.katalon.core.main.TestCaseExecutor.runScript(TestCaseExecutor.java:337)&#xD;
	at com.kms.katalon.core.main.TestCaseExecutor.doExecute(TestCaseExecutor.java:328)&#xD;
	at com.kms.katalon.core.main.TestCaseExecutor.processExecutionPhase(TestCaseExecutor.java:307)&#xD;
	at com.kms.katalon.core.main.TestCaseExecutor.accessMainPhase(TestCaseExecutor.java:299)&#xD;
	at com.kms.katalon.core.main.TestCaseExecutor.execute(TestCaseExecutor.java:233)&#xD;
	at com.kms.katalon.core.main.TestSuiteExecutor.accessTestCaseMainPhase(TestSuiteExecutor.java:133)&#xD;
	at com.kms.katalon.core.main.TestSuiteExecutor.accessTestSuiteMainPhase(TestSuiteExecutor.java:116)&#xD;
	at com.kms.katalon.core.main.TestSuiteExecutor.execute(TestSuiteExecutor.java:83)&#xD;
	at com.kms.katalon.core.main.TestCaseMain.startTestSuite(TestCaseMain.java:157)&#xD;
	at com.kms.katalon.core.main.TestCaseMain$startTestSuite$0.call(Unknown Source)&#xD;
	at TempTestSuite1563198510048.run(TempTestSuite1563198510048.groovy:35)&#xD;
)&#xD;
[[ATTACHMENT|C:\\Katalon Projects\\Nido_Patch3\\Reports\\Sanity1\\20190715_164830\\1563198838772.png]]&#xD;
&#xD;
2019-07-15 16:53:59 - [TEST_STEP][PASSED] - delay(5): Delayed 5 second(s)&#xD;
&#xD;
2019-07-15 16:54:04 - [MESSAGE][PASSED] - Delayed 5 second(s)&#xD;
&#xD;
2019-07-15 16:54:04 - [TEST_STEP][PASSED] - verifyElementText(findTestObject("Projects_Communications/Page_Communications - Results/communication_Finished"), " Finished"): Actual text and expected text of test object 'Object Repository/Projects_Communications/Page_Communications - Results/communication_Finished' are matched.&#xD;
&#xD;
2019-07-15 16:54:04 - [MESSAGE][PASSED] - Actual text and expected text of test object 'Object Repository/Projects_Communications/Page_Communications - Results/communication_Finished' are matched.&#xD;
&#xD;
2019-07-15 16:54:04 - [TEST_STEP][PASSED] - closeWindowIndex("1"): Window with index 1 is closed&#xD;
&#xD;
2019-07-15 16:54:04 - [MESSAGE][PASSED] - Window with index 1 is closed&#xD;
&#xD;
2019-07-15 16:54:04 - [TEST_STEP][PASSED] - switchToWindowIndex("0", STOP_ON_FAILURE): Switched to window with index: '0'&#xD;
&#xD;
2019-07-15 16:54:04 - [MESSAGE][PASSED] - Switched to window with index: '0'&#xD;
&#xD;
2019-07-15 16:54:04 - [MESSAGE][PASSED] - Call Test Case 'Test Cases/Communications_Projects/Run_Communication_OnDemand' successfully&#xD;
&#xD;
2019-07-15 16:54:04 - [TEST_STEP][PASSED] - delay(2, CONTINUE_ON_FAILURE): Delayed 2 second(s)&#xD;
&#xD;
2019-07-15 16:54:06 - [MESSAGE][PASSED] - Delayed 2 second(s)&#xD;
&#xD;
2019-07-15 16:54:06 - [TEST_STEP][PASSED] - callTestCase(findTestCase("Communications_Projects/Run_Communication_FromWorkflow_Batch"), [:], CONTINUE_ON_FAILURE): Call Test Case 'Test Cases/Communications_Projects/Run_Communication_FromWorkflow_Batch' successfully&#xD;
&#xD;
2019-07-15 16:54:06 - [TEST_CASE][PASSED] - Test Cases/Communications_Projects/Run_Communication_FromWorkflow_Batch: Test Cases/Communications_Projects/Run_Communication_FromWorkflow_Batch&#xD;
&#xD;
2019-07-15 16:54:06 - [TEST_STEP][NOT_RUN] - callTestCase(findTestCase("Main Login Page/login_simple"), [:], STOP_ON_FAILURE): NOT_RUN: callTestCase(findTestCase("Main Login Page/login_simple"), [:], STOP_ON_FAILURE)&#xD;
&#xD;
2019-07-15 16:54:06 - [MESSAGE][NOT_RUN] - NOT_RUN: callTestCase(findTestCase("Main Login Page/login_simple"), [:], STOP_ON_FAILURE)&#xD;
&#xD;
2019-07-15 16:54:06 - [TEST_STEP][NOT_RUN] - click(findTestObject("Projects_Communications/Page_Welcome - EOS/a_Communications")): NOT_RUN: click(findTestObject("Projects_Communications/Page_Welcome - EOS/a_Communications"))&#xD;
&#xD;
2019-07-15 16:54:06 - [MESSAGE][NOT_RUN] - NOT_RUN: click(findTestObject("Projects_Communications/Page_Welcome - EOS/a_Communications"))&#xD;
&#xD;
2019-07-15 16:54:06 - [TEST_STEP][NOT_RUN] - delay(3, CONTINUE_ON_FAILURE): NOT_RUN: delay(3, CONTINUE_ON_FAILURE)&#xD;
&#xD;
2019-07-15 16:54:06 - [MESSAGE][NOT_RUN] - NOT_RUN: delay(3, CONTINUE_ON_FAILURE)&#xD;
&#xD;
2019-07-15 16:54:06 - [TEST_STEP][PASSED] - waitForElementClickable(findTestObject("Projects_Communications/Page_Communications - Communication/button_New Communication"), 15, CONTINUE_ON_FAILURE): Object 'Object Repository/Projects_Communications/Page_Communications - Communication/button_New Communication' is clickable&#xD;
&#xD;
2019-07-15 16:54:06 - [MESSAGE][PASSED] - Object 'Object Repository/Projects_Communications/Page_Communications - Communication/button_New Communication' is clickable&#xD;
&#xD;
2019-07-15 16:54:06 - [TEST_STEP][PASSED] - click(findTestObject("Projects_Communications/Page_Communications - Communication/button_New Communication"), CONTINUE_ON_FAILURE): Object: 'Object Repository/Projects_Communications/Page_Communications - Communication/button_New Communication' is clicked on&#xD;
&#xD;
2019-07-15 16:54:06 - [MESSAGE][PASSED] - Object: 'Object Repository/Projects_Communications/Page_Communications - Communication/button_New Communication' is clicked on&#xD;
&#xD;
2019-07-15 16:54:06 - [TEST_STEP][PASSED] - switchToWindowIndex("1", CONTINUE_ON_FAILURE): Switched to window with index: '1'&#xD;
&#xD;
2019-07-15 16:54:06 - [MESSAGE][PASSED] - Switched to window with index: '1'&#xD;
&#xD;
2019-07-15 16:54:06 - [TEST_STEP][PASSED] - delay(2, CONTINUE_ON_FAILURE): Delayed 2 second(s)&#xD;
&#xD;
2019-07-15 16:54:08 - [MESSAGE][PASSED] - Delayed 2 second(s)&#xD;
&#xD;
2019-07-15 16:54:08 - [TEST_STEP][PASSED] - click(findTestObject("Projects_Communications/Page_Communications - Communication/select_testcommuncation4_FromWk4_Batch"), CONTINUE_ON_FAILURE): Object: 'Object Repository/Projects_Communications/Page_Communications - Communication/select_testcommuncation4_FromWk4_Batch' is clicked on&#xD;
&#xD;
2019-07-15 16:54:09 - [MESSAGE][PASSED] - Object: 'Object Repository/Projects_Communications/Page_Communications - Communication/select_testcommuncation4_FromWk4_Batch' is clicked on&#xD;
&#xD;
2019-07-15 16:54:09 - [TEST_STEP][PASSED] - waitForElementClickable(findTestObject("Projects_Communications/Page_Communications - Communication/button_Run"), 15): Object 'Object Repository/Projects_Communications/Page_Communications - Communication/button_Run' is clickable&#xD;
&#xD;
2019-07-15 16:54:09 - [MESSAGE][PASSED] - Object 'Object Repository/Projects_Communications/Page_Communications - Communication/button_Run' is clickable&#xD;
&#xD;
2019-07-15 16:54:09 - [TEST_STEP][PASSED] - click(findTestObject("Projects_Communications/Page_Communications - Communication/button_Run"), CONTINUE_ON_FAILURE): Object: 'Object Repository/Projects_Communications/Page_Communications - Communication/button_Run' is clicked on&#xD;
&#xD;
2019-07-15 16:54:09 - [MESSAGE][PASSED] - Object: 'Object Repository/Projects_Communications/Page_Communications - Communication/button_Run' is clicked on&#xD;
&#xD;
2019-07-15 16:54:09 - [TEST_STEP][PASSED] - waitForElementClickable(findTestObject("Projects_Communications/Page_Communications - Communication/OK_Confirmation_Batch"), 4, CONTINUE_ON_FAILURE): Object 'Object Repository/Projects_Communications/Page_Communications - Communication/OK_Confirmation_Batch' is clickable&#xD;
&#xD;
2019-07-15 16:54:10 - [MESSAGE][PASSED] - Object 'Object Repository/Projects_Communications/Page_Communications - Communication/OK_Confirmation_Batch' is clickable&#xD;
&#xD;
2019-07-15 16:54:10 - [TEST_STEP][PASSED] - delay(2, CONTINUE_ON_FAILURE): Delayed 2 second(s)&#xD;
&#xD;
2019-07-15 16:54:12 - [MESSAGE][PASSED] - Delayed 2 second(s)&#xD;
&#xD;
2019-07-15 16:54:12 - [TEST_STEP][PASSED] - click(findTestObject("Projects_Communications/Page_Communications - Communication/OK_Confirmation_Batch"), CONTINUE_ON_FAILURE): Object: 'Object Repository/Projects_Communications/Page_Communications - Communication/OK_Confirmation_Batch' is clicked on&#xD;
&#xD;
2019-07-15 16:54:12 - [MESSAGE][PASSED] - Object: 'Object Repository/Projects_Communications/Page_Communications - Communication/OK_Confirmation_Batch' is clicked on&#xD;
&#xD;
2019-07-15 16:54:12 - [TEST_STEP][PASSED] - switchToWindowIndex("1", CONTINUE_ON_FAILURE): Switched to window with index: '1'&#xD;
&#xD;
2019-07-15 16:54:12 - [MESSAGE][PASSED] - Switched to window with index: '1'&#xD;
&#xD;
2019-07-15 16:54:12 - [TEST_STEP][PASSED] - waitForElementVisible(findTestObject("Projects_Communications/Page_Communications - Results/communication_Finished"), 15, CONTINUE_ON_FAILURE): Object 'Object Repository/Projects_Communications/Page_Communications - Results/communication_Finished' is visible&#xD;
&#xD;
2019-07-15 16:54:12 - [MESSAGE][PASSED] - Object 'Object Repository/Projects_Communications/Page_Communications - Results/communication_Finished' is visible&#xD;
&#xD;
2019-07-15 16:54:12 - [TEST_STEP][PASSED] - if (verifyElementText(findTestObject("Projects_Communications/Page_Communications - Results/communication_Finished"), " Finished", OPTIONAL) == false): Actual text and expected text of test object 'Object Repository/Projects_Communications/Page_Communications - Results/communication_Finished' are matched.&#xD;
&#xD;
2019-07-15 16:54:13 - [MESSAGE][WARNING] - Actual text ' 50%' and expected text ' Finished' of test object 'Object Repository/Projects_Communications/Page_Communications - Results/communication_Finished' are NOT matched. (Root cause: com.kms.katalon.core.exception.StepFailedException: Actual text ' 50%' and expected text ' Finished' of test object 'Object Repository/Projects_Communications/Page_Communications - Results/communication_Finished' are NOT matched.&#xD;
	at com.kms.katalon.core.webui.keyword.internal.WebUIKeywordMain.stepFailed(WebUIKeywordMain.groovy:64)&#xD;
	at com.kms.katalon.core.webui.keyword.builtin.VerifyElementTextKeyword$_verifyElementText_closure1.doCall(VerifyElementTextKeyword.groovy:57)&#xD;
	at com.kms.katalon.core.webui.keyword.builtin.VerifyElementTextKeyword$_verifyElementText_closure1.call(VerifyElementTextKeyword.groovy)&#xD;
	at com.kms.katalon.core.webui.keyword.internal.WebUIKeywordMain.runKeyword(WebUIKeywordMain.groovy:20)&#xD;
	at com.kms.katalon.core.webui.keyword.builtin.VerifyElementTextKeyword.verifyElementText(VerifyElementTextKeyword.groovy:72)&#xD;
	at com.kms.katalon.core.webui.keyword.builtin.VerifyElementTextKeyword.execute(VerifyElementTextKeyword.groovy:40)&#xD;
	at com.kms.katalon.core.keyword.internal.KeywordExecutor.executeKeywordForPlatform(KeywordExecutor.groovy:56)&#xD;
	at com.kms.katalon.core.webui.keyword.WebUiBuiltInKeywords.verifyElementText(WebUiBuiltInKeywords.groovy:3647)&#xD;
	at com.kms.katalon.core.webui.keyword.WebUiBuiltInKeywords$verifyElementText$21.call(Unknown Source)&#xD;
	at Run_Communication_FromWorkflow_Batch.run(Run_Communication_FromWorkflow_Batch:58)&#xD;
	at com.kms.katalon.core.main.ScriptEngine.run(ScriptEngine.java:194)&#xD;
	at com.kms.katalon.core.main.ScriptEngine.runScriptAsRawText(ScriptEngine.java:119)&#xD;
	at com.kms.katalon.core.main.TestCaseExecutor.runScript(TestCaseExecutor.java:337)&#xD;
	at com.kms.katalon.core.main.TestCaseExecutor.doExecute(TestCaseExecutor.java:328)&#xD;
	at com.kms.katalon.core.main.TestCaseExecutor.processExecutionPhase(TestCaseExecutor.java:307)&#xD;
	at com.kms.katalon.core.main.TestCaseExecutor.accessMainPhase(TestCaseExecutor.java:299)&#xD;
	at com.kms.katalon.core.main.TestCaseExecutor.execute(TestCaseExecutor.java:233)&#xD;
	at com.kms.katalon.core.main.TestCaseMain.runTestCase(TestCaseMain.java:114)&#xD;
	at com.kms.katalon.core.keyword.builtin.CallTestCaseKeyword$_callTestCase_closure1.doCall(CallTestCaseKeyword.groovy:59)&#xD;
	at com.kms.katalon.core.keyword.builtin.CallTestCaseKeyword$_callTestCase_closure1.call(CallTestCaseKeyword.groovy)&#xD;
	at com.kms.katalon.core.keyword.internal.KeywordMain.runKeyword(KeywordMain.groovy:68)&#xD;
	at com.kms.katalon.core.keyword.builtin.CallTestCaseKeyword.callTestCase(CallTestCaseKeyword.groovy:81)&#xD;
	at com.kms.katalon.core.keyword.builtin.CallTestCaseKeyword.execute(CallTestCaseKeyword.groovy:44)&#xD;
	at com.kms.katalon.core.keyword.internal.KeywordExecutor.executeKeywordForPlatform(KeywordExecutor.groovy:56)&#xD;
	at com.kms.katalon.core.keyword.BuiltinKeywords.callTestCase(BuiltinKeywords.groovy:334)&#xD;
	at Create_Run_Publisb_Projects and Communications.run(Create_Run_Publisb_Projects and Communications:44)&#xD;
	at com.kms.katalon.core.main.ScriptEngine.run(ScriptEngine.java:194)&#xD;
	at com.kms.katalon.core.main.ScriptEngine.runScriptAsRawText(ScriptEngine.java:119)&#xD;
	at com.kms.katalon.core.main.TestCaseExecutor.runScript(TestCaseExecutor.java:337)&#xD;
	at com.kms.katalon.core.main.TestCaseExecutor.doExecute(TestCaseExecutor.java:328)&#xD;
	at com.kms.katalon.core.main.TestCaseExecutor.processExecutionPhase(TestCaseExecutor.java:307)&#xD;
	at com.kms.katalon.core.main.TestCaseExecutor.accessMainPhase(TestCaseExecutor.java:299)&#xD;
	at com.kms.katalon.core.main.TestCaseExecutor.execute(TestCaseExecutor.java:233)&#xD;
	at com.kms.katalon.core.main.TestSuiteExecutor.accessTestCaseMainPhase(TestSuiteExecutor.java:133)&#xD;
	at com.kms.katalon.core.main.TestSuiteExecutor.accessTestSuiteMainPhase(TestSuiteExecutor.java:116)&#xD;
	at com.kms.katalon.core.main.TestSuiteExecutor.execute(TestSuiteExecutor.java:83)&#xD;
	at com.kms.katalon.core.main.TestCaseMain.startTestSuite(TestCaseMain.java:157)&#xD;
	at com.kms.katalon.core.main.TestCaseMain$startTestSuite$0.call(Unknown Source)&#xD;
	at TempTestSuite1563198510048.run(TempTestSuite1563198510048.groovy:35)&#xD;
)&#xD;
[[ATTACHMENT|C:\\Katalon Projects\\Nido_Patch3\\Reports\\Sanity1\\20190715_164830\\1563198852985.png]]&#xD;
&#xD;
2019-07-15 16:54:13 - [TEST_STEP][PASSED] - delay(6): Delayed 6 second(s)&#xD;
&#xD;
2019-07-15 16:54:19 - [MESSAGE][PASSED] - Delayed 6 second(s)&#xD;
&#xD;
2019-07-15 16:54:19 - [TEST_STEP][PASSED] - verifyElementText(findTestObject("Projects_Communications/Page_Communications - Results/communication_Finished"), " Finished"): Actual text and expected text of test object 'Object Repository/Projects_Communications/Page_Communications - Results/communication_Finished' are matched.&#xD;
&#xD;
2019-07-15 16:54:19 - [MESSAGE][PASSED] - Actual text and expected text of test object 'Object Repository/Projects_Communications/Page_Communications - Results/communication_Finished' are matched.&#xD;
&#xD;
2019-07-15 16:54:19 - [TEST_STEP][PASSED] - closeWindowIndex("1"): Window with index 1 is closed&#xD;
&#xD;
2019-07-15 16:54:19 - [MESSAGE][PASSED] - Window with index 1 is closed&#xD;
&#xD;
2019-07-15 16:54:19 - [TEST_STEP][PASSED] - switchToWindowIndex("0", STOP_ON_FAILURE): Switched to window with index: '0'&#xD;
&#xD;
2019-07-15 16:54:19 - [MESSAGE][PASSED] - Switched to window with index: '0'&#xD;
&#xD;
2019-07-15 16:54:19 - [MESSAGE][PASSED] - Call Test Case 'Test Cases/Communications_Projects/Run_Communication_FromWorkflow_Batch' successfully&#xD;
&#xD;
2019-07-15 16:54:19 - [TEST_STEP][PASSED] - delay(2, CONTINUE_ON_FAILURE): Delayed 2 second(s)&#xD;
&#xD;
2019-07-15 16:54:21 - [MESSAGE][PASSED] - Delayed 2 second(s)&#xD;
&#xD;
2019-07-15 16:54:21 - [TEST_STEP][PASSED] - callTestCase(findTestCase("Communications_Projects/PublishProject_NewEnv"), [:], CONTINUE_ON_FAILURE): Call Test Case 'Test Cases/Communications_Projects/PublishProject_NewEnv' successfully&#xD;
&#xD;
2019-07-15 16:54:21 - [TEST_CASE][PASSED] - Test Cases/Communications_Projects/PublishProject_NewEnv: Test Cases/Communications_Projects/PublishProject_NewEnv&#xD;
&#xD;
2019-07-15 16:54:21 - [TEST_STEP][NOT_RUN] - callTestCase(findTestCase("Main Login Page/login_simple"), [:], STOP_ON_FAILURE): NOT_RUN: callTestCase(findTestCase("Main Login Page/login_simple"), [:], STOP_ON_FAILURE)&#xD;
&#xD;
2019-07-15 16:54:21 - [MESSAGE][NOT_RUN] - NOT_RUN: callTestCase(findTestCase("Main Login Page/login_simple"), [:], STOP_ON_FAILURE)&#xD;
&#xD;
2019-07-15 16:54:21 - [TEST_STEP][PASSED] - navigateToUrl(url_enterprise, STOP_ON_FAILURE): Navigate to 'http://192.168.1.55:8094/' successfully&#xD;
&#xD;
2019-07-15 16:54:21 - [MESSAGE][PASSED] - Navigate to 'http://192.168.1.55:8094/' successfully&#xD;
&#xD;
2019-07-15 16:54:21 - [TEST_STEP][PASSED] - click(findTestObject("Projects_Communications/Page_Welcome - EOS/a_Projects")): Object: 'Object Repository/Projects_Communications/Page_Welcome - EOS/a_Projects' is clicked on&#xD;
&#xD;
2019-07-15 16:54:22 - [MESSAGE][PASSED] - Object: 'Object Repository/Projects_Communications/Page_Welcome - EOS/a_Projects' is clicked on&#xD;
&#xD;
2019-07-15 16:54:22 - [TEST_STEP][PASSED] - click(findTestObject("Projects_Communications/Page_Projects - Projects - EOS/Publish_OtherEnv/Page_Projects - Projects - EOS/ContextualMenu_1_TestBatch"), STOP_ON_FAILURE): Object: 'Object Repository/Projects_Communications/Page_Projects - Projects - EOS/Publish_OtherEnv/Page_Projects - Projects - EOS/ContextualMenu_1_TestBatch' is clicked on&#xD;
&#xD;
2019-07-15 16:54:23 - [MESSAGE][PASSED] - Object: 'Object Repository/Projects_Communications/Page_Projects - Projects - EOS/Publish_OtherEnv/Page_Projects - Projects - EOS/ContextualMenu_1_TestBatch' is clicked on&#xD;
&#xD;
2019-07-15 16:54:23 - [TEST_STEP][PASSED] - click(findTestObject("Projects_Communications/Page_Projects - Projects - EOS/Publish_OtherEnv/Page_Projects - Projects - EOS/a_Versions"), STOP_ON_FAILURE): Object: 'Object Repository/Projects_Communications/Page_Projects - Projects - EOS/Publish_OtherEnv/Page_Projects - Projects - EOS/a_Versions' is clicked on&#xD;
&#xD;
2019-07-15 16:54:23 - [MESSAGE][PASSED] - Object: 'Object Repository/Projects_Communications/Page_Projects - Projects - EOS/Publish_OtherEnv/Page_Projects - Projects - EOS/a_Versions' is clicked on&#xD;
&#xD;
2019-07-15 16:54:23 - [TEST_STEP][PASSED] - click(findTestObject("Projects_Communications/Page_Projects - Projects - EOS/Publish_OtherEnv/Page_Projects - Projects - EOS/button_New Version"), STOP_ON_FAILURE): Object: 'Object Repository/Projects_Communications/Page_Projects - Projects - EOS/Publish_OtherEnv/Page_Projects - Projects - EOS/button_New Version' is clicked on&#xD;
&#xD;
2019-07-15 16:54:24 - [MESSAGE][PASSED] - Object: 'Object Repository/Projects_Communications/Page_Projects - Projects - EOS/Publish_OtherEnv/Page_Projects - Projects - EOS/button_New Version' is clicked on&#xD;
&#xD;
2019-07-15 16:54:24 - [TEST_STEP][PASSED] - setText(findTestObject("Projects_Communications/Page_Projects - Projects - EOS/Publish_OtherEnv/Page_Projects - Projects - EOS/input_Name_snapshotName"), "1_TestBatch1"): Text '1_TestBatch1' is set on object 'Object Repository/Projects_Communications/Page_Projects - Projects - EOS/Publish_OtherEnv/Page_Projects - Projects - EOS/input_Name_snapshotName'&#xD;
&#xD;
2019-07-15 16:54:24 - [MESSAGE][PASSED] - Text '1_TestBatch1' is set on object 'Object Repository/Projects_Communications/Page_Projects - Projects - EOS/Publish_OtherEnv/Page_Projects - Projects - EOS/input_Name_snapshotName'&#xD;
&#xD;
2019-07-15 16:54:24 - [TEST_STEP][PASSED] - setText(findTestObject("Projects_Communications/Page_Projects - Projects - EOS/Publish_OtherEnv/Page_Projects - Projects - EOS/textarea_Comment_snapshotComme"), "asdsd123sasead!@#@!%!@#^&amp;#*)_{}|":&lt;&gt;?/.,'\';]\]"): Text 'asdsd123sasead!@#@!%!@#^&amp;#*)_{}|":&lt;&gt;?/.,'\';]\]' is set on object 'Object Repository/Projects_Communications/Page_Projects - Projects - EOS/Publish_OtherEnv/Page_Projects - Projects - EOS/textarea_Comment_snapshotComme'&#xD;
&#xD;
2019-07-15 16:54:25 - [MESSAGE][PASSED] - Text 'asdsd123sasead!@#@!%!@#^&amp;#*)_{}|":&lt;&gt;?/.,'\';]\]' is set on object 'Object Repository/Projects_Communications/Page_Projects - Projects - EOS/Publish_OtherEnv/Page_Projects - Projects - EOS/textarea_Comment_snapshotComme'&#xD;
&#xD;
2019-07-15 16:54:25 - [TEST_STEP][PASSED] - click(findTestObject("Projects_Communications/Page_Projects - Projects - EOS/Publish_OtherEnv/Page_Projects - Projects - EOS/button_Ok_NewVersion"), STOP_ON_FAILURE): Object: 'Object Repository/Projects_Communications/Page_Projects - Projects - EOS/Publish_OtherEnv/Page_Projects - Projects - EOS/button_Ok_NewVersion' is clicked on&#xD;
&#xD;
2019-07-15 16:54:25 - [MESSAGE][PASSED] - Object: 'Object Repository/Projects_Communications/Page_Projects - Projects - EOS/Publish_OtherEnv/Page_Projects - Projects - EOS/button_Ok_NewVersion' is clicked on&#xD;
&#xD;
2019-07-15 16:54:25 - [TEST_STEP][PASSED] - delay(1): Delayed 1 second(s)&#xD;
&#xD;
2019-07-15 16:54:26 - [MESSAGE][PASSED] - Delayed 1 second(s)&#xD;
&#xD;
2019-07-15 16:54:26 - [TEST_STEP][PASSED] - click(findTestObject("Projects_Communications/Page_Projects - Projects - EOS/Publish_OtherEnv/Page_Projects - Projects - EOS/contextualMenu_Snapshot"), STOP_ON_FAILURE): Object: 'Object Repository/Projects_Communications/Page_Projects - Projects - EOS/Publish_OtherEnv/Page_Projects - Projects - EOS/contextualMenu_Snapshot' is clicked on&#xD;
&#xD;
2019-07-15 16:54:26 - [MESSAGE][PASSED] - Object: 'Object Repository/Projects_Communications/Page_Projects - Projects - EOS/Publish_OtherEnv/Page_Projects - Projects - EOS/contextualMenu_Snapshot' is clicked on&#xD;
&#xD;
2019-07-15 16:54:26 - [TEST_STEP][PASSED] - delay(1): Delayed 1 second(s)&#xD;
&#xD;
2019-07-15 16:54:27 - [MESSAGE][PASSED] - Delayed 1 second(s)&#xD;
&#xD;
2019-07-15 16:54:27 - [TEST_STEP][PASSED] - click(findTestObject("Projects_Communications/Page_Projects - Projects - EOS/Publish_OtherEnv/Page_Projects - Projects - EOS/a_Publish"), STOP_ON_FAILURE): Object: 'Object Repository/Projects_Communications/Page_Projects - Projects - EOS/Publish_OtherEnv/Page_Projects - Projects - EOS/a_Publish' is clicked on&#xD;
&#xD;
2019-07-15 16:54:27 - [MESSAGE][PASSED] - Object: 'Object Repository/Projects_Communications/Page_Projects - Projects - EOS/Publish_OtherEnv/Page_Projects - Projects - EOS/a_Publish' is clicked on&#xD;
&#xD;
2019-07-15 16:54:27 - [TEST_STEP][PASSED] - setText(findTestObject("Projects_Communications/Page_Projects - Projects - EOS/Publish_OtherEnv/Page_Projects - Projects - EOS/input_Environment_environment"), "3_Custom_Env"): Text '3_Custom_Env' is set on object 'Object Repository/Projects_Communications/Page_Projects - Projects - EOS/Publish_OtherEnv/Page_Projects - Projects - EOS/input_Environment_environment'&#xD;
&#xD;
2019-07-15 16:54:28 - [MESSAGE][PASSED] - Text '3_Custom_Env' is set on object 'Object Repository/Projects_Communications/Page_Projects - Projects - EOS/Publish_OtherEnv/Page_Projects - Projects - EOS/input_Environment_environment'&#xD;
&#xD;
2019-07-15 16:54:28 - [TEST_STEP][PASSED] - setText(findTestObject("Projects_Communications/Page_Projects - Projects - EOS/Publish_OtherEnv/Page_Projects - Projects - EOS/input_Password_password_login"), Password_Admin): Text 'ere123' is set on object 'Object Repository/Projects_Communications/Page_Projects - Projects - EOS/Publish_OtherEnv/Page_Projects - Projects - EOS/input_Password_password_login'&#xD;
&#xD;
2019-07-15 16:54:28 - [MESSAGE][PASSED] - Text 'ere123' is set on object 'Object Repository/Projects_Communications/Page_Projects - Projects - EOS/Publish_OtherEnv/Page_Projects - Projects - EOS/input_Password_password_login'&#xD;
&#xD;
2019-07-15 16:54:28 - [TEST_STEP][PASSED] - click(findTestObject("Projects_Communications/Page_Projects - Projects - EOS/Publish_OtherEnv/Page_Projects - Projects - EOS/button_Next_LogInCredentials"), STOP_ON_FAILURE): Object: 'Object Repository/Projects_Communications/Page_Projects - Projects - EOS/Publish_OtherEnv/Page_Projects - Projects - EOS/button_Next_LogInCredentials' is clicked on&#xD;
&#xD;
2019-07-15 16:54:28 - [MESSAGE][PASSED] - Object: 'Object Repository/Projects_Communications/Page_Projects - Projects - EOS/Publish_OtherEnv/Page_Projects - Projects - EOS/button_Next_LogInCredentials' is clicked on&#xD;
&#xD;
2019-07-15 16:54:28 - [TEST_STEP][PASSED] - click(findTestObject("Projects_Communications/Page_Projects - Projects - EOS/Publish_OtherEnv/Page_Projects - Projects - EOS/button_Publish"), STOP_ON_FAILURE): Object: 'Object Repository/Projects_Communications/Page_Projects - Projects - EOS/Publish_OtherEnv/Page_Projects - Projects - EOS/button_Publish' is clicked on&#xD;
&#xD;
2019-07-15 16:54:28 - [MESSAGE][PASSED] - Object: 'Object Repository/Projects_Communications/Page_Projects - Projects - EOS/Publish_OtherEnv/Page_Projects - Projects - EOS/button_Publish' is clicked on&#xD;
&#xD;
2019-07-15 16:54:28 - [TEST_STEP][PASSED] - waitForElementVisible(findTestObject("Projects_Communications/Page_Projects - Projects - EOS/Publish_OtherEnv/Page_Projects - Projects - EOS/h4_Snapshot has been published"), 10): Object 'Object Repository/Projects_Communications/Page_Projects - Projects - EOS/Publish_OtherEnv/Page_Projects - Projects - EOS/h4_Snapshot has been published' is visible&#xD;
&#xD;
2019-07-15 16:54:29 - [MESSAGE][PASSED] - Object 'Object Repository/Projects_Communications/Page_Projects - Projects - EOS/Publish_OtherEnv/Page_Projects - Projects - EOS/h4_Snapshot has been published' is visible&#xD;
&#xD;
2019-07-15 16:54:29 - [TEST_STEP][PASSED] - verifyElementVisible(findTestObject("Projects_Communications/Page_Projects - Projects - EOS/Publish_OtherEnv/Page_Projects - Projects - EOS/h4_Snapshot has been published"), STOP_ON_FAILURE): Object 'Object Repository/Projects_Communications/Page_Projects - Projects - EOS/Publish_OtherEnv/Page_Projects - Projects - EOS/h4_Snapshot has been published' is visible&#xD;
&#xD;
2019-07-15 16:54:29 - [MESSAGE][PASSED] - Object 'Object Repository/Projects_Communications/Page_Projects - Projects - EOS/Publish_OtherEnv/Page_Projects - Projects - EOS/h4_Snapshot has been published' is visible&#xD;
&#xD;
2019-07-15 16:54:29 - [TEST_STEP][PASSED] - verifyElementText(findTestObject("Projects_Communications/Page_Projects - Projects - EOS/Publish_OtherEnv/Page_Projects - Projects - EOS/h4_Snapshot has been published"), "Snapshot has been published"): Actual text and expected text of test object 'Object Repository/Projects_Communications/Page_Projects - Projects - EOS/Publish_OtherEnv/Page_Projects - Projects - EOS/h4_Snapshot has been published' are matched.&#xD;
&#xD;
2019-07-15 16:54:29 - [MESSAGE][PASSED] - Actual text and expected text of test object 'Object Repository/Projects_Communications/Page_Projects - Projects - EOS/Publish_OtherEnv/Page_Projects - Projects - EOS/h4_Snapshot has been published' are matched.&#xD;
&#xD;
2019-07-15 16:54:29 - [TEST_STEP][PASSED] - click(findTestObject("Projects_Communications/Page_Projects - Projects - EOS/Publish_OtherEnv/Page_Projects - Projects - EOS/button_Close_snapshotPublished"), STOP_ON_FAILURE): Object: 'Object Repository/Projects_Communications/Page_Projects - Projects - EOS/Publish_OtherEnv/Page_Projects - Projects - EOS/button_Close_snapshotPublished' is clicked on&#xD;
&#xD;
2019-07-15 16:54:30 - [MESSAGE][PASSED] - Object: 'Object Repository/Projects_Communications/Page_Projects - Projects - EOS/Publish_OtherEnv/Page_Projects - Projects - EOS/button_Close_snapshotPublished' is clicked on&#xD;
&#xD;
2019-07-15 16:54:30 - [TEST_STEP][PASSED] - delay(1, STOP_ON_FAILURE): Delayed 1 second(s)&#xD;
&#xD;
2019-07-15 16:54:31 - [MESSAGE][PASSED] - Delayed 1 second(s)&#xD;
&#xD;
2019-07-15 16:54:31 - [TEST_STEP][PASSED] - waitForElementClickable(findTestObject("Projects_Communications/Page_Projects - Projects - EOS/Publish_OtherEnv/Page_Projects - Projects - EOS/button_CloseVersionm"), 5): Object 'Object Repository/Projects_Communications/Page_Projects - Projects - EOS/Publish_OtherEnv/Page_Projects - Projects - EOS/button_CloseVersionm' is clickable&#xD;
&#xD;
2019-07-15 16:54:31 - [MESSAGE][PASSED] - Object 'Object Repository/Projects_Communications/Page_Projects - Projects - EOS/Publish_OtherEnv/Page_Projects - Projects - EOS/button_CloseVersionm' is clickable&#xD;
&#xD;
2019-07-15 16:54:31 - [TEST_STEP][PASSED] - click(findTestObject("Projects_Communications/Page_Projects - Projects - EOS/Publish_OtherEnv/Page_Projects - Projects - EOS/button_CloseVersionm"), STOP_ON_FAILURE): Object: 'Object Repository/Projects_Communications/Page_Projects - Projects - EOS/Publish_OtherEnv/Page_Projects - Projects - EOS/button_CloseVersionm' is clicked on&#xD;
&#xD;
2019-07-15 16:54:31 - [MESSAGE][PASSED] - Object: 'Object Repository/Projects_Communications/Page_Projects - Projects - EOS/Publish_OtherEnv/Page_Projects - Projects - EOS/button_CloseVersionm' is clicked on&#xD;
&#xD;
2019-07-15 16:54:31 - [TEST_STEP][PASSED] - delay(2, STOP_ON_FAILURE): Delayed 2 second(s)&#xD;
&#xD;
2019-07-15 16:54:33 - [MESSAGE][PASSED] - Delayed 2 second(s)&#xD;
&#xD;
2019-07-15 16:54:33 - [TEST_STEP][PASSED] - click(findTestObject("Main Login Page/Select_MultipleEnvironments/Page_Welcome - EOS/droptdown_Environments_MainPage"), STOP_ON_FAILURE): Object: 'Object Repository/Main Login Page/Select_MultipleEnvironments/Page_Welcome - EOS/droptdown_Environments_MainPage' is clicked on&#xD;
&#xD;
2019-07-15 16:54:33 - [MESSAGE][PASSED] - Object: 'Object Repository/Main Login Page/Select_MultipleEnvironments/Page_Welcome - EOS/droptdown_Environments_MainPage' is clicked on&#xD;
&#xD;
2019-07-15 16:54:33 - [TEST_STEP][PASSED] - click(findTestObject("Main Login Page/Select_MultipleEnvironments/Page_Welcome - EOS/select_environment_QaTest_Engage"), STOP_ON_FAILURE): Object: 'Object Repository/Main Login Page/Select_MultipleEnvironments/Page_Welcome - EOS/select_environment_QaTest_Engage' is clicked on&#xD;
&#xD;
2019-07-15 16:54:33 - [MESSAGE][PASSED] - Object: 'Object Repository/Main Login Page/Select_MultipleEnvironments/Page_Welcome - EOS/select_environment_QaTest_Engage' is clicked on&#xD;
&#xD;
2019-07-15 16:54:33 - [TEST_STEP][PASSED] - waitForPageLoad(5, STOP_ON_FAILURE): Wait for page load successfully&#xD;
&#xD;
2019-07-15 16:54:33 - [MESSAGE][PASSED] - Wait for page load successfully&#xD;
&#xD;
2019-07-15 16:54:33 - [TEST_STEP][PASSED] - click(findTestObject("Projects_Communications/Page_Welcome - EOS/a_Communications")): Object: 'Object Repository/Projects_Communications/Page_Welcome - EOS/a_Communications' is clicked on&#xD;
&#xD;
2019-07-15 16:54:34 - [MESSAGE][PASSED] - Object: 'Object Repository/Projects_Communications/Page_Welcome - EOS/a_Communications' is clicked on&#xD;
&#xD;
2019-07-15 16:54:34 - [TEST_STEP][PASSED] - delay(2): Delayed 2 second(s)&#xD;
&#xD;
2019-07-15 16:54:36 - [MESSAGE][PASSED] - Delayed 2 second(s)&#xD;
&#xD;
2019-07-15 16:54:36 - [TEST_STEP][PASSED] - click(findTestObject("Projects_Communications/Page_Communications - Communication/button_New Communication")): Object: 'Object Repository/Projects_Communications/Page_Communications - Communication/button_New Communication' is clicked on&#xD;
&#xD;
2019-07-15 16:54:36 - [MESSAGE][PASSED] - Object: 'Object Repository/Projects_Communications/Page_Communications - Communication/button_New Communication' is clicked on&#xD;
&#xD;
2019-07-15 16:54:36 - [TEST_STEP][PASSED] - switchToWindowIndex("1", CONTINUE_ON_FAILURE): Switched to window with index: '1'&#xD;
&#xD;
2019-07-15 16:54:36 - [MESSAGE][PASSED] - Switched to window with index: '1'&#xD;
&#xD;
2019-07-15 16:54:36 - [TEST_STEP][PASSED] - delay(2, CONTINUE_ON_FAILURE): Delayed 2 second(s)&#xD;
&#xD;
2019-07-15 16:54:38 - [MESSAGE][PASSED] - Delayed 2 second(s)&#xD;
&#xD;
2019-07-15 16:54:38 - [TEST_STEP][PASSED] - click(findTestObject("Projects_Communications/Page_Communications - Communication/select_testcommuncation1_Batch"), CONTINUE_ON_FAILURE): Object: 'Object Repository/Projects_Communications/Page_Communications - Communication/select_testcommuncation1_Batch' is clicked on&#xD;
&#xD;
2019-07-15 16:54:39 - [MESSAGE][PASSED] - Object: 'Object Repository/Projects_Communications/Page_Communications - Communication/select_testcommuncation1_Batch' is clicked on&#xD;
&#xD;
2019-07-15 16:54:39 - [TEST_STEP][PASSED] - waitForElementClickable(findTestObject("Projects_Communications/Page_Communications - Communication/button_Run"), 0): Object 'Object Repository/Projects_Communications/Page_Communications - Communication/button_Run' is clickable&#xD;
&#xD;
2019-07-15 16:54:39 - [MESSAGE][WARNING] - Timeout '0' is invalid. Using default page load timeout: '5'&#xD;
&#xD;
2019-07-15 16:54:39 - [MESSAGE][PASSED] - Object 'Object Repository/Projects_Communications/Page_Communications - Communication/button_Run' is clickable&#xD;
&#xD;
2019-07-15 16:54:39 - [TEST_STEP][PASSED] - click(findTestObject("Projects_Communications/Page_Communications - Communication/button_Run"), CONTINUE_ON_FAILURE): Object: 'Object Repository/Projects_Communications/Page_Communications - Communication/button_Run' is clicked on&#xD;
&#xD;
2019-07-15 16:54:39 - [MESSAGE][PASSED] - Object: 'Object Repository/Projects_Communications/Page_Communications - Communication/button_Run' is clicked on&#xD;
&#xD;
2019-07-15 16:54:39 - [TEST_STEP][PASSED] - waitForElementClickable(findTestObject("Projects_Communications/Page_Communications - Communication/OK_Confirmation_Batch"), 2, CONTINUE_ON_FAILURE): Object 'Object Repository/Projects_Communications/Page_Communications - Communication/OK_Confirmation_Batch' is clickable&#xD;
&#xD;
2019-07-15 16:54:39 - [MESSAGE][PASSED] - Object 'Object Repository/Projects_Communications/Page_Communications - Communication/OK_Confirmation_Batch' is clickable&#xD;
&#xD;
2019-07-15 16:54:39 - [TEST_STEP][PASSED] - delay(2, CONTINUE_ON_FAILURE): Delayed 2 second(s)&#xD;
&#xD;
2019-07-15 16:54:41 - [MESSAGE][PASSED] - Delayed 2 second(s)&#xD;
&#xD;
2019-07-15 16:54:41 - [TEST_STEP][PASSED] - click(findTestObject("Projects_Communications/Page_Communications - Communication/OK_Confirmation_Batch"), CONTINUE_ON_FAILURE): Object: 'Object Repository/Projects_Communications/Page_Communications - Communication/OK_Confirmation_Batch' is clicked on&#xD;
&#xD;
2019-07-15 16:54:42 - [MESSAGE][PASSED] - Object: 'Object Repository/Projects_Communications/Page_Communications - Communication/OK_Confirmation_Batch' is clicked on&#xD;
&#xD;
2019-07-15 16:54:42 - [TEST_STEP][PASSED] - switchToWindowIndex("1"): Switched to window with index: '1'&#xD;
&#xD;
2019-07-15 16:54:42 - [MESSAGE][PASSED] - Switched to window with index: '1'&#xD;
&#xD;
2019-07-15 16:54:42 - [TEST_STEP][PASSED] - waitForElementVisible(findTestObject("Projects_Communications/Page_Communications - Results/communication_Finished"), 15): Object 'Object Repository/Projects_Communications/Page_Communications - Results/communication_Finished' is visible&#xD;
&#xD;
2019-07-15 16:54:42 - [MESSAGE][PASSED] - Object 'Object Repository/Projects_Communications/Page_Communications - Results/communication_Finished' is visible&#xD;
&#xD;
2019-07-15 16:54:42 - [TEST_STEP][PASSED] - delay(5): Delayed 5 second(s)&#xD;
&#xD;
2019-07-15 16:54:47 - [MESSAGE][PASSED] - Delayed 5 second(s)&#xD;
&#xD;
2019-07-15 16:54:47 - [TEST_STEP][PASSED] - verifyElementText(findTestObject("Projects_Communications/Page_Communications - Results/communication_Finished"), " Finished"): Actual text and expected text of test object 'Object Repository/Projects_Communications/Page_Communications - Results/communication_Finished' are matched.&#xD;
&#xD;
2019-07-15 16:54:47 - [MESSAGE][PASSED] - Actual text and expected text of test object 'Object Repository/Projects_Communications/Page_Communications - Results/communication_Finished' are matched.&#xD;
&#xD;
2019-07-15 16:54:47 - [TEST_STEP][PASSED] - closeBrowser(): Browser is closed&#xD;
&#xD;
2019-07-15 16:54:48 - [MESSAGE][PASSED] - Browser is closed&#xD;
&#xD;
2019-07-15 16:54:48 - [MESSAGE][PASSED] - Call Test Case 'Test Cases/Communications_Projects/PublishProject_NewEnv' successfully&#xD;
&#xD;
2019-07-15 16:54:48 - [TEST_STEP][PASSED] - Start listener action : sampleAfterTestCase: null</system-out>
            <system-err></system-err>
        </testcase>
        <testcase name="Test Cases/Sysadmin Portal/ConfigureSearch_QaTest2" classname="Test Cases/Sysadmin Portal/ConfigureSearch_QaTest2" status="FAILED">
            <failure type="FAILED" message="Test Cases/Sysadmin Portal/ConfigureSearch_QaTest2 FAILED.&#xA;Reason:&#xA;com.kms.katalon.core.exception.StepFailedException: Web element with id: 'Object Repository/Sysadmin Portal/Environments Page/Page_Environments - ConfigSearch/span_Total crawled' located by 'By.cssSelector: [id=&quot;crawlstats&quot;]' not found (Root cause: com.kms.katalon.core.exception.StepFailedException: Web element with id: 'Object Repository/Sysadmin Portal/Environments Page/Page_Environments - ConfigSearch/span_Total crawled' located by 'By.cssSelector: [id=&quot;crawlstats&quot;]' not found&#xD;&#xA;&#x9;at com.kms.katalon.core.webui.keyword.internal.WebUIKeywordMain.stepFailed(WebUIKeywordMain.groovy:64)&#xD;&#xA;&#x9;at com.kms.katalon.core.webui.keyword.builtin.VerifyElementVisibleKeyword$_verifyElementVisible_closure1.doCall(VerifyElementVisibleKeyword.groovy:89)&#xD;&#xA;&#x9;at com.kms.katalon.core.webui.keyword.builtin.VerifyElementVisibleKeyword$_verifyElementVisible_closure1.call(VerifyElementVisibleKeyword.groovy)&#xD;&#xA;&#x9;at com.kms.katalon.core.webui.keyword.internal.WebUIKeywordMain.runKeyword(WebUIKeywordMain.groovy:20)&#xD;&#xA;&#x9;at com.kms.katalon.core.webui.keyword.builtin.VerifyElementVisibleKeyword.verifyElementVisible(VerifyElementVisibleKeyword.groovy:97)&#xD;&#xA;&#x9;at com.kms.katalon.core.webui.keyword.builtin.VerifyElementVisibleKeyword.execute(VerifyElementVisibleKeyword.groovy:67)&#xD;&#xA;&#x9;at com.kms.katalon.core.keyword.internal.KeywordExecutor.executeKeywordForPlatform(KeywordExecutor.groovy:56)&#xD;&#xA;&#x9;at com.kms.katalon.core.webui.keyword.WebUiBuiltInKeywords.verifyElementVisible(WebUiBuiltInKeywords.groovy:358)&#xD;&#xA;&#x9;at com.kms.katalon.core.webui.keyword.WebUiBuiltInKeywords$verifyElementVisible$3.call(Unknown Source)&#xD;&#xA;&#x9;at ConfigureSearch_QaTest2.run(ConfigureSearch_QaTest2:51)&#xD;&#xA;&#x9;at com.kms.katalon.core.main.ScriptEngine.run(ScriptEngine.java:194)&#xD;&#xA;&#x9;at com.kms.katalon.core.main.ScriptEngine.runScriptAsRawText(ScriptEngine.java:119)&#xD;&#xA;&#x9;at com.kms.katalon.core.main.TestCaseExecutor.runScript(TestCaseExecutor.java:337)&#xD;&#xA;&#x9;at com.kms.katalon.core.main.TestCaseExecutor.doExecute(TestCaseExecutor.java:328)&#xD;&#xA;&#x9;at com.kms.katalon.core.main.TestCaseExecutor.processExecutionPhase(TestCaseExecutor.java:307)&#xD;&#xA;&#x9;at com.kms.katalon.core.main.TestCaseExecutor.accessMainPhase(TestCaseExecutor.java:299)&#xD;&#xA;&#x9;at com.kms.katalon.core.main.TestCaseExecutor.execute(TestCaseExecutor.java:233)&#xD;&#xA;&#x9;at com.kms.katalon.core.main.TestSuiteExecutor.accessTestCaseMainPhase(TestSuiteExecutor.java:133)&#xD;&#xA;&#x9;at com.kms.katalon.core.main.TestSuiteExecutor.accessTestSuiteMainPhase(TestSuiteExecutor.java:116)&#xD;&#xA;&#x9;at com.kms.katalon.core.main.TestSuiteExecutor.execute(TestSuiteExecutor.java:83)&#xD;&#xA;&#x9;at com.kms.katalon.core.main.TestCaseMain.startTestSuite(TestCaseMain.java:157)&#xD;&#xA;&#x9;at com.kms.katalon.core.main.TestCaseMain$startTestSuite$0.call(Unknown Source)&#xD;&#xA;&#x9;at TempTestSuite1563198510048.run(TempTestSuite1563198510048.groovy:35)&#xD;&#xA;)&#xD;&#xA;&#x9;at com.kms.katalon.core.keyword.internal.KeywordMain.stepFailed(KeywordMain.groovy:39)&#xD;&#xA;&#x9;at com.kms.katalon.core.webui.keyword.internal.WebUIKeywordMain.stepFailed(WebUIKeywordMain.groovy:64)&#xD;&#xA;&#x9;at com.kms.katalon.core.webui.keyword.builtin.VerifyElementVisibleKeyword$_verifyElementVisible_closure1.doCall(VerifyElementVisibleKeyword.groovy:89)&#xD;&#xA;&#x9;at com.kms.katalon.core.webui.keyword.builtin.VerifyElementVisibleKeyword$_verifyElementVisible_closure1.call(VerifyElementVisibleKeyword.groovy)&#xD;&#xA;&#x9;at com.kms.katalon.core.webui.keyword.internal.WebUIKeywordMain.runKeyword(WebUIKeywordMain.groovy:20)&#xD;&#xA;&#x9;at com.kms.katalon.core.webui.keyword.builtin.VerifyElementVisibleKeyword.verifyElementVisible(VerifyElementVisibleKeyword.groovy:97)&#xD;&#xA;&#x9;at com.kms.katalon.core.webui.keyword.builtin.VerifyElementVisibleKeyword.execute(VerifyElementVisibleKeyword.groovy:67)&#xD;&#xA;&#x9;at com.kms.katalon.core.keyword.internal.KeywordExecutor.executeKeywordForPlatform(KeywordExecutor.groovy:56)&#xD;&#xA;&#x9;at com.kms.katalon.core.webui.keyword.WebUiBuiltInKeywords.verifyElementVisible(WebUiBuiltInKeywords.groovy:358)&#xD;&#xA;&#x9;at com.kms.katalon.core.webui.keyword.WebUiBuiltInKeywords$verifyElementVisible$3.call(Unknown Source)&#xD;&#xA;&#x9;at ConfigureSearch_QaTest2.run(ConfigureSearch_QaTest2:51)&#xD;&#xA;&#x9;at com.kms.katalon.core.main.ScriptEngine.run(ScriptEngine.java:194)&#xD;&#xA;&#x9;at com.kms.katalon.core.main.ScriptEngine.runScriptAsRawText(ScriptEngine.java:119)&#xD;&#xA;&#x9;at com.kms.katalon.core.main.TestCaseExecutor.runScript(TestCaseExecutor.java:337)&#xD;&#xA;&#x9;at com.kms.katalon.core.main.TestCaseExecutor.doExecute(TestCaseExecutor.java:328)&#xD;&#xA;&#x9;at com.kms.katalon.core.main.TestCaseExecutor.processExecutionPhase(TestCaseExecutor.java:307)&#xD;&#xA;&#x9;at com.kms.katalon.core.main.TestCaseExecutor.accessMainPhase(TestCaseExecutor.java:299)&#xD;&#xA;&#x9;at com.kms.katalon.core.main.TestCaseExecutor.execute(TestCaseExecutor.java:233)&#xD;&#xA;&#x9;at com.kms.katalon.core.main.TestSuiteExecutor.accessTestCaseMainPhase(TestSuiteExecutor.java:133)&#xD;&#xA;&#x9;at com.kms.katalon.core.main.TestSuiteExecutor.accessTestSuiteMainPhase(TestSuiteExecutor.java:116)&#xD;&#xA;&#x9;at com.kms.katalon.core.main.TestSuiteExecutor.execute(TestSuiteExecutor.java:83)&#xD;&#xA;&#x9;at com.kms.katalon.core.main.TestCaseMain.startTestSuite(TestCaseMain.java:157)&#xD;&#xA;&#x9;at com.kms.katalon.core.main.TestCaseMain$startTestSuite$0.call(Unknown Source)&#xD;&#xA;&#x9;at TempTestSuite1563198510048.run(TempTestSuite1563198510048.groovy:35)&#xD;&#xA;Caused by: com.kms.katalon.core.exception.StepFailedException: Web element with id: 'Object Repository/Sysadmin Portal/Environments Page/Page_Environments - ConfigSearch/span_Total crawled' located by 'By.cssSelector: [id=&quot;crawlstats&quot;]' not found&#xD;&#xA;&#x9;... 23 more&#xD;&#xA;"/>
            <system-out>2019-07-15 16:54:48 - [TEST_CASE][FAILED] - Test Cases/Sysadmin Portal/ConfigureSearch_QaTest2: Test Cases/Sysadmin Portal/ConfigureSearch_QaTest2 FAILED.
Reason:
com.kms.katalon.core.exception.StepFailedException: Web element with id: 'Object Repository/Sysadmin Portal/Environments Page/Page_Environments - ConfigSearch/span_Total crawled' located by 'By.cssSelector: [id="crawlstats"]' not found (Root cause: com.kms.katalon.core.exception.StepFailedException: Web element with id: 'Object Repository/Sysadmin Portal/Environments Page/Page_Environments - ConfigSearch/span_Total crawled' located by 'By.cssSelector: [id="crawlstats"]' not found&#xD;
	at com.kms.katalon.core.webui.keyword.internal.WebUIKeywordMain.stepFailed(WebUIKeywordMain.groovy:64)&#xD;
	at com.kms.katalon.core.webui.keyword.builtin.VerifyElementVisibleKeyword$_verifyElementVisible_closure1.doCall(VerifyElementVisibleKeyword.groovy:89)&#xD;
	at com.kms.katalon.core.webui.keyword.builtin.VerifyElementVisibleKeyword$_verifyElementVisible_closure1.call(VerifyElementVisibleKeyword.groovy)&#xD;
	at com.kms.katalon.core.webui.keyword.internal.WebUIKeywordMain.runKeyword(WebUIKeywordMain.groovy:20)&#xD;
	at com.kms.katalon.core.webui.keyword.builtin.VerifyElementVisibleKeyword.verifyElementVisible(VerifyElementVisibleKeyword.groovy:97)&#xD;
	at com.kms.katalon.core.webui.keyword.builtin.VerifyElementVisibleKeyword.execute(VerifyElementVisibleKeyword.groovy:67)&#xD;
	at com.kms.katalon.core.keyword.internal.KeywordExecutor.executeKeywordForPlatform(KeywordExecutor.groovy:56)&#xD;
	at com.kms.katalon.core.webui.keyword.WebUiBuiltInKeywords.verifyElementVisible(WebUiBuiltInKeywords.groovy:358)&#xD;
	at com.kms.katalon.core.webui.keyword.WebUiBuiltInKeywords$verifyElementVisible$3.call(Unknown Source)&#xD;
	at ConfigureSearch_QaTest2.run(ConfigureSearch_QaTest2:51)&#xD;
	at com.kms.katalon.core.main.ScriptEngine.run(ScriptEngine.java:194)&#xD;
	at com.kms.katalon.core.main.ScriptEngine.runScriptAsRawText(ScriptEngine.java:119)&#xD;
	at com.kms.katalon.core.main.TestCaseExecutor.runScript(TestCaseExecutor.java:337)&#xD;
	at com.kms.katalon.core.main.TestCaseExecutor.doExecute(TestCaseExecutor.java:328)&#xD;
	at com.kms.katalon.core.main.TestCaseExecutor.processExecutionPhase(TestCaseExecutor.java:307)&#xD;
	at com.kms.katalon.core.main.TestCaseExecutor.accessMainPhase(TestCaseExecutor.java:299)&#xD;
	at com.kms.katalon.core.main.TestCaseExecutor.execute(TestCaseExecutor.java:233)&#xD;
	at com.kms.katalon.core.main.TestSuiteExecutor.accessTestCaseMainPhase(TestSuiteExecutor.java:133)&#xD;
	at com.kms.katalon.core.main.TestSuiteExecutor.accessTestSuiteMainPhase(TestSuiteExecutor.java:116)&#xD;
	at com.kms.katalon.core.main.TestSuiteExecutor.execute(TestSuiteExecutor.java:83)&#xD;
	at com.kms.katalon.core.main.TestCaseMain.startTestSuite(TestCaseMain.java:157)&#xD;
	at com.kms.katalon.core.main.TestCaseMain$startTestSuite$0.call(Unknown Source)&#xD;
	at TempTestSuite1563198510048.run(TempTestSuite1563198510048.groovy:35)&#xD;
)&#xD;
	at com.kms.katalon.core.keyword.internal.KeywordMain.stepFailed(KeywordMain.groovy:39)&#xD;
	at com.kms.katalon.core.webui.keyword.internal.WebUIKeywordMain.stepFailed(WebUIKeywordMain.groovy:64)&#xD;
	at com.kms.katalon.core.webui.keyword.builtin.VerifyElementVisibleKeyword$_verifyElementVisible_closure1.doCall(VerifyElementVisibleKeyword.groovy:89)&#xD;
	at com.kms.katalon.core.webui.keyword.builtin.VerifyElementVisibleKeyword$_verifyElementVisible_closure1.call(VerifyElementVisibleKeyword.groovy)&#xD;
	at com.kms.katalon.core.webui.keyword.internal.WebUIKeywordMain.runKeyword(WebUIKeywordMain.groovy:20)&#xD;
	at com.kms.katalon.core.webui.keyword.builtin.VerifyElementVisibleKeyword.verifyElementVisible(VerifyElementVisibleKeyword.groovy:97)&#xD;
	at com.kms.katalon.core.webui.keyword.builtin.VerifyElementVisibleKeyword.execute(VerifyElementVisibleKeyword.groovy:67)&#xD;
	at com.kms.katalon.core.keyword.internal.KeywordExecutor.executeKeywordForPlatform(KeywordExecutor.groovy:56)&#xD;
	at com.kms.katalon.core.webui.keyword.WebUiBuiltInKeywords.verifyElementVisible(WebUiBuiltInKeywords.groovy:358)&#xD;
	at com.kms.katalon.core.webui.keyword.WebUiBuiltInKeywords$verifyElementVisible$3.call(Unknown Source)&#xD;
	at ConfigureSearch_QaTest2.run(ConfigureSearch_QaTest2:51)&#xD;
	at com.kms.katalon.core.main.ScriptEngine.run(ScriptEngine.java:194)&#xD;
	at com.kms.katalon.core.main.ScriptEngine.runScriptAsRawText(ScriptEngine.java:119)&#xD;
	at com.kms.katalon.core.main.TestCaseExecutor.runScript(TestCaseExecutor.java:337)&#xD;
	at com.kms.katalon.core.main.TestCaseExecutor.doExecute(TestCaseExecutor.java:328)&#xD;
	at com.kms.katalon.core.main.TestCaseExecutor.processExecutionPhase(TestCaseExecutor.java:307)&#xD;
	at com.kms.katalon.core.main.TestCaseExecutor.accessMainPhase(TestCaseExecutor.java:299)&#xD;
	at com.kms.katalon.core.main.TestCaseExecutor.execute(TestCaseExecutor.java:233)&#xD;
	at com.kms.katalon.core.main.TestSuiteExecutor.accessTestCaseMainPhase(TestSuiteExecutor.java:133)&#xD;
	at com.kms.katalon.core.main.TestSuiteExecutor.accessTestSuiteMainPhase(TestSuiteExecutor.java:116)&#xD;
	at com.kms.katalon.core.main.TestSuiteExecutor.execute(TestSuiteExecutor.java:83)&#xD;
	at com.kms.katalon.core.main.TestCaseMain.startTestSuite(TestCaseMain.java:157)&#xD;
	at com.kms.katalon.core.main.TestCaseMain$startTestSuite$0.call(Unknown Source)&#xD;
	at TempTestSuite1563198510048.run(TempTestSuite1563198510048.groovy:35)&#xD;
Caused by: com.kms.katalon.core.exception.StepFailedException: Web element with id: 'Object Repository/Sysadmin Portal/Environments Page/Page_Environments - ConfigSearch/span_Total crawled' located by 'By.cssSelector: [id="crawlstats"]' not found&#xD;
	... 23 more&#xD;
&#xD;
&#xD;
2019-07-15 16:54:48 - [TEST_STEP][PASSED] - callTestCase(findTestCase("Sysadmin Login Page/login_Simple"), [:], STOP_ON_FAILURE): Call Test Case 'Test Cases/Sysadmin Login Page/login_Simple' successfully&#xD;
&#xD;
2019-07-15 16:54:48 - [TEST_CASE][PASSED] - Test Cases/Sysadmin Login Page/login_Simple: Test Cases/Sysadmin Login Page/login_Simple&#xD;
&#xD;
2019-07-15 16:54:48 - [TEST_STEP][PASSED] - openBrowser(url_sysadmin, CONTINUE_ON_FAILURE): Browser is opened with url: 'http://192.168.1.55:8095/'&#xD;
&#xD;
2019-07-15 16:54:48 - [MESSAGE][INFO] - Starting 'Chrome' driver&#xD;
&#xD;
2019-07-15 16:54:50 - [MESSAGE][PASSED] - Browser is opened with url: 'http://192.168.1.55:8095/'&#xD;
&#xD;
2019-07-15 16:54:50 - [TEST_STEP][PASSED] - maximizeWindow(CONTINUE_ON_FAILURE): Current window maximized&#xD;
&#xD;
2019-07-15 16:54:51 - [MESSAGE][PASSED] - Current window maximized&#xD;
&#xD;
2019-07-15 16:54:51 - [TEST_STEP][PASSED] - setText(findTestObject("Sysadmin Login Page/input_userName"), "sysadmin", CONTINUE_ON_FAILURE): Text 'sysadmin' is set on object 'Object Repository/Sysadmin Login Page/input_userName'&#xD;
&#xD;
2019-07-15 16:54:52 - [MESSAGE][PASSED] - Text 'sysadmin' is set on object 'Object Repository/Sysadmin Login Page/input_userName'&#xD;
&#xD;
2019-07-15 16:54:52 - [TEST_STEP][PASSED] - setText(findTestObject("Sysadmin Login Page/input_password"), "sysadmin", CONTINUE_ON_FAILURE): Text 'sysadmin' is set on object 'Object Repository/Sysadmin Login Page/input_password'&#xD;
&#xD;
2019-07-15 16:54:52 - [MESSAGE][PASSED] - Text 'sysadmin' is set on object 'Object Repository/Sysadmin Login Page/input_password'&#xD;
&#xD;
2019-07-15 16:54:52 - [TEST_STEP][PASSED] - click(findTestObject("Sysadmin Login Page/button_Sign in"), CONTINUE_ON_FAILURE): Object: 'Object Repository/Sysadmin Login Page/button_Sign in' is clicked on&#xD;
&#xD;
2019-07-15 16:54:52 - [MESSAGE][PASSED] - Object: 'Object Repository/Sysadmin Login Page/button_Sign in' is clicked on&#xD;
&#xD;
2019-07-15 16:54:52 - [TEST_STEP][PASSED] - if (verifyElementVisible(findTestObject("Sysadmin Login Page/Change_Password_Window/Textbox_Confirm_Password"), OPTIONAL)): Web element with id: 'Object Repository/Sysadmin Login Page/Change_Password_Window/Textbox_Confirm_Password' located by 'By.cssSelector: [id="confirmPasswordTxt"]' not found (Root cause: com.kms.katalon.core.exception.StepFailedException: Web element with id: 'Object Repository/Sysadmin Login Page/Change_Password_Window/Textbox_Confirm_Password' located by 'By.cssSelector: [id="confirmPasswordTxt"]' not found&#xD;
	at com.kms.katalon.core.webui.keyword.internal.WebUIKeywordMain.stepFailed(WebUIKeywordMain.groovy:64)&#xD;
	at com.kms.katalon.core.webui.keyword.builtin.VerifyElementVisibleKeyword$_verifyElementVisible_closure1.doCall(VerifyElementVisibleKeyword.groovy:89)&#xD;
	at com.kms.katalon.core.webui.keyword.builtin.VerifyElementVisibleKeyword$_verifyElementVisible_closure1.call(VerifyElementVisibleKeyword.groovy)&#xD;
	at com.kms.katalon.core.webui.keyword.internal.WebUIKeywordMain.runKeyword(WebUIKeywordMain.groovy:20)&#xD;
	at com.kms.katalon.core.webui.keyword.builtin.VerifyElementVisibleKeyword.verifyElementVisible(VerifyElementVisibleKeyword.groovy:97)&#xD;
	at com.kms.katalon.core.webui.keyword.builtin.VerifyElementVisibleKeyword.execute(VerifyElementVisibleKeyword.groovy:67)&#xD;
	at com.kms.katalon.core.keyword.internal.KeywordExecutor.executeKeywordForPlatform(KeywordExecutor.groovy:56)&#xD;
	at com.kms.katalon.core.webui.keyword.WebUiBuiltInKeywords.verifyElementVisible(WebUiBuiltInKeywords.groovy:358)&#xD;
	at com.kms.katalon.core.webui.keyword.WebUiBuiltInKeywords$verifyElementVisible$3.call(Unknown Source)&#xD;
	at login_Simple.run(login_Simple:32)&#xD;
	at com.kms.katalon.core.main.ScriptEngine.run(ScriptEngine.java:194)&#xD;
	at com.kms.katalon.core.main.ScriptEngine.runScriptAsRawText(ScriptEngine.java:119)&#xD;
	at com.kms.katalon.core.main.TestCaseExecutor.runScript(TestCaseExecutor.java:337)&#xD;
	at com.kms.katalon.core.main.TestCaseExecutor.doExecute(TestCaseExecutor.java:328)&#xD;
	at com.kms.katalon.core.main.TestCaseExecutor.processExecutionPhase(TestCaseExecutor.java:307)&#xD;
	at com.kms.katalon.core.main.TestCaseExecutor.accessMainPhase(TestCaseExecutor.java:299)&#xD;
	at com.kms.katalon.core.main.TestCaseExecutor.execute(TestCaseExecutor.java:233)&#xD;
	at com.kms.katalon.core.main.TestCaseMain.runTestCase(TestCaseMain.java:114)&#xD;
	at com.kms.katalon.core.keyword.builtin.CallTestCaseKeyword$_callTestCase_closure1.doCall(CallTestCaseKeyword.groovy:59)&#xD;
	at com.kms.katalon.core.keyword.builtin.CallTestCaseKeyword$_callTestCase_closure1.call(CallTestCaseKeyword.groovy)&#xD;
	at com.kms.katalon.core.keyword.internal.KeywordMain.runKeyword(KeywordMain.groovy:68)&#xD;
	at com.kms.katalon.core.keyword.builtin.CallTestCaseKeyword.callTestCase(CallTestCaseKeyword.groovy:81)&#xD;
	at com.kms.katalon.core.keyword.builtin.CallTestCaseKeyword.execute(CallTestCaseKeyword.groovy:44)&#xD;
	at com.kms.katalon.core.keyword.internal.KeywordExecutor.executeKeywordForPlatform(KeywordExecutor.groovy:56)&#xD;
	at com.kms.katalon.core.keyword.BuiltinKeywords.callTestCase(BuiltinKeywords.groovy:334)&#xD;
	at ConfigureSearch_QaTest2.run(ConfigureSearch_QaTest2:23)&#xD;
	at com.kms.katalon.core.main.ScriptEngine.run(ScriptEngine.java:194)&#xD;
	at com.kms.katalon.core.main.ScriptEngine.runScriptAsRawText(ScriptEngine.java:119)&#xD;
	at com.kms.katalon.core.main.TestCaseExecutor.runScript(TestCaseExecutor.java:337)&#xD;
	at com.kms.katalon.core.main.TestCaseExecutor.doExecute(TestCaseExecutor.java:328)&#xD;
	at com.kms.katalon.core.main.TestCaseExecutor.processExecutionPhase(TestCaseExecutor.java:307)&#xD;
	at com.kms.katalon.core.main.TestCaseExecutor.accessMainPhase(TestCaseExecutor.java:299)&#xD;
	at com.kms.katalon.core.main.TestCaseExecutor.execute(TestCaseExecutor.java:233)&#xD;
	at com.kms.katalon.core.main.TestSuiteExecutor.accessTestCaseMainPhase(TestSuiteExecutor.java:133)&#xD;
	at com.kms.katalon.core.main.TestSuiteExecutor.accessTestSuiteMainPhase(TestSuiteExecutor.java:116)&#xD;
	at com.kms.katalon.core.main.TestSuiteExecutor.execute(TestSuiteExecutor.java:83)&#xD;
	at com.kms.katalon.core.main.TestCaseMain.startTestSuite(TestCaseMain.java:157)&#xD;
	at com.kms.katalon.core.main.TestCaseMain$startTestSuite$0.call(Unknown Source)&#xD;
	at TempTestSuite1563198510048.run(TempTestSuite1563198510048.groovy:35)&#xD;
)&#xD;
&#xD;
2019-07-15 16:54:57 - [MESSAGE][INFO] - Unable to find the element located by 'By.cssSelector: [id="confirmPasswordTxt"]'. Please recheck the objects properties to make sure the desired element is located. &#xD;
&#xD;
2019-07-15 16:54:57 - [MESSAGE][WARNING] - Web element with id: 'Object Repository/Sysadmin Login Page/Change_Password_Window/Textbox_Confirm_Password' located by 'By.cssSelector: [id="confirmPasswordTxt"]' not found (Root cause: com.kms.katalon.core.exception.StepFailedException: Web element with id: 'Object Repository/Sysadmin Login Page/Change_Password_Window/Textbox_Confirm_Password' located by 'By.cssSelector: [id="confirmPasswordTxt"]' not found&#xD;
	at com.kms.katalon.core.webui.keyword.internal.WebUIKeywordMain.stepFailed(WebUIKeywordMain.groovy:64)&#xD;
	at com.kms.katalon.core.webui.keyword.builtin.VerifyElementVisibleKeyword$_verifyElementVisible_closure1.doCall(VerifyElementVisibleKeyword.groovy:89)&#xD;
	at com.kms.katalon.core.webui.keyword.builtin.VerifyElementVisibleKeyword$_verifyElementVisible_closure1.call(VerifyElementVisibleKeyword.groovy)&#xD;
	at com.kms.katalon.core.webui.keyword.internal.WebUIKeywordMain.runKeyword(WebUIKeywordMain.groovy:20)&#xD;
	at com.kms.katalon.core.webui.keyword.builtin.VerifyElementVisibleKeyword.verifyElementVisible(VerifyElementVisibleKeyword.groovy:97)&#xD;
	at com.kms.katalon.core.webui.keyword.builtin.VerifyElementVisibleKeyword.execute(VerifyElementVisibleKeyword.groovy:67)&#xD;
	at com.kms.katalon.core.keyword.internal.KeywordExecutor.executeKeywordForPlatform(KeywordExecutor.groovy:56)&#xD;
	at com.kms.katalon.core.webui.keyword.WebUiBuiltInKeywords.verifyElementVisible(WebUiBuiltInKeywords.groovy:358)&#xD;
	at com.kms.katalon.core.webui.keyword.WebUiBuiltInKeywords$verifyElementVisible$3.call(Unknown Source)&#xD;
	at login_Simple.run(login_Simple:32)&#xD;
	at com.kms.katalon.core.main.ScriptEngine.run(ScriptEngine.java:194)&#xD;
	at com.kms.katalon.core.main.ScriptEngine.runScriptAsRawText(ScriptEngine.java:119)&#xD;
	at com.kms.katalon.core.main.TestCaseExecutor.runScript(TestCaseExecutor.java:337)&#xD;
	at com.kms.katalon.core.main.TestCaseExecutor.doExecute(TestCaseExecutor.java:328)&#xD;
	at com.kms.katalon.core.main.TestCaseExecutor.processExecutionPhase(TestCaseExecutor.java:307)&#xD;
	at com.kms.katalon.core.main.TestCaseExecutor.accessMainPhase(TestCaseExecutor.java:299)&#xD;
	at com.kms.katalon.core.main.TestCaseExecutor.execute(TestCaseExecutor.java:233)&#xD;
	at com.kms.katalon.core.main.TestCaseMain.runTestCase(TestCaseMain.java:114)&#xD;
	at com.kms.katalon.core.keyword.builtin.CallTestCaseKeyword$_callTestCase_closure1.doCall(CallTestCaseKeyword.groovy:59)&#xD;
	at com.kms.katalon.core.keyword.builtin.CallTestCaseKeyword$_callTestCase_closure1.call(CallTestCaseKeyword.groovy)&#xD;
	at com.kms.katalon.core.keyword.internal.KeywordMain.runKeyword(KeywordMain.groovy:68)&#xD;
	at com.kms.katalon.core.keyword.builtin.CallTestCaseKeyword.callTestCase(CallTestCaseKeyword.groovy:81)&#xD;
	at com.kms.katalon.core.keyword.builtin.CallTestCaseKeyword.execute(CallTestCaseKeyword.groovy:44)&#xD;
	at com.kms.katalon.core.keyword.internal.KeywordExecutor.executeKeywordForPlatform(KeywordExecutor.groovy:56)&#xD;
	at com.kms.katalon.core.keyword.BuiltinKeywords.callTestCase(BuiltinKeywords.groovy:334)&#xD;
	at ConfigureSearch_QaTest2.run(ConfigureSearch_QaTest2:23)&#xD;
	at com.kms.katalon.core.main.ScriptEngine.run(ScriptEngine.java:194)&#xD;
	at com.kms.katalon.core.main.ScriptEngine.runScriptAsRawText(ScriptEngine.java:119)&#xD;
	at com.kms.katalon.core.main.TestCaseExecutor.runScript(TestCaseExecutor.java:337)&#xD;
	at com.kms.katalon.core.main.TestCaseExecutor.doExecute(TestCaseExecutor.java:328)&#xD;
	at com.kms.katalon.core.main.TestCaseExecutor.processExecutionPhase(TestCaseExecutor.java:307)&#xD;
	at com.kms.katalon.core.main.TestCaseExecutor.accessMainPhase(TestCaseExecutor.java:299)&#xD;
	at com.kms.katalon.core.main.TestCaseExecutor.execute(TestCaseExecutor.java:233)&#xD;
	at com.kms.katalon.core.main.TestSuiteExecutor.accessTestCaseMainPhase(TestSuiteExecutor.java:133)&#xD;
	at com.kms.katalon.core.main.TestSuiteExecutor.accessTestSuiteMainPhase(TestSuiteExecutor.java:116)&#xD;
	at com.kms.katalon.core.main.TestSuiteExecutor.execute(TestSuiteExecutor.java:83)&#xD;
	at com.kms.katalon.core.main.TestCaseMain.startTestSuite(TestCaseMain.java:157)&#xD;
	at com.kms.katalon.core.main.TestCaseMain$startTestSuite$0.call(Unknown Source)&#xD;
	at TempTestSuite1563198510048.run(TempTestSuite1563198510048.groovy:35)&#xD;
)&#xD;
[[ATTACHMENT|C:\\Katalon Projects\\Nido_Patch3\\Reports\\Sanity1\\20190715_164830\\1563198897320.png]]&#xD;
&#xD;
2019-07-15 16:54:57 - [TEST_STEP][PASSED] - waitForElementVisible(findTestObject("Sysadmin Login Page/Environments card"), 5, CONTINUE_ON_FAILURE): Object 'Object Repository/Sysadmin Login Page/Environments card' is visible&#xD;
&#xD;
2019-07-15 16:54:57 - [MESSAGE][PASSED] - Object 'Object Repository/Sysadmin Login Page/Environments card' is visible&#xD;
&#xD;
2019-07-15 16:54:57 - [MESSAGE][PASSED] - Call Test Case 'Test Cases/Sysadmin Login Page/login_Simple' successfully&#xD;
&#xD;
2019-07-15 16:54:57 - [TEST_STEP][PASSED] - click(findTestObject("Sysadmin Portal/a_Environments"), CONTINUE_ON_FAILURE): Object: 'Object Repository/Sysadmin Portal/a_Environments' is clicked on&#xD;
&#xD;
2019-07-15 16:54:57 - [MESSAGE][PASSED] - Object: 'Object Repository/Sysadmin Portal/a_Environments' is clicked on&#xD;
&#xD;
2019-07-15 16:54:57 - [TEST_STEP][PASSED] - click(findTestObject("Sysadmin Portal/Environments Page/select_2_Experience_Env"), STOP_ON_FAILURE): Object: 'Object Repository/Sysadmin Portal/Environments Page/select_2_Experience_Env' is clicked on&#xD;
&#xD;
2019-07-15 16:54:58 - [MESSAGE][PASSED] - Object: 'Object Repository/Sysadmin Portal/Environments Page/select_2_Experience_Env' is clicked on&#xD;
&#xD;
2019-07-15 16:54:58 - [TEST_STEP][PASSED] - delay(1, STOP_ON_FAILURE): Delayed 1 second(s)&#xD;
&#xD;
2019-07-15 16:54:59 - [MESSAGE][PASSED] - Delayed 1 second(s)&#xD;
&#xD;
2019-07-15 16:54:59 - [TEST_STEP][PASSED] - click(findTestObject("Sysadmin Portal/Environments Page/Page_Environments - ConfigSearch/a_Search"), STOP_ON_FAILURE): Object: 'Object Repository/Sysadmin Portal/Environments Page/Page_Environments - ConfigSearch/a_Search' is clicked on&#xD;
&#xD;
2019-07-15 16:54:59 - [MESSAGE][PASSED] - Object: 'Object Repository/Sysadmin Portal/Environments Page/Page_Environments - ConfigSearch/a_Search' is clicked on&#xD;
&#xD;
2019-07-15 16:54:59 - [TEST_STEP][PASSED] - click(findTestObject("Sysadmin Portal/Environments Page/Page_Environments - ConfigSearch/button_Configure"), STOP_ON_FAILURE): Object: 'Object Repository/Sysadmin Portal/Environments Page/Page_Environments - ConfigSearch/button_Configure' is clicked on&#xD;
&#xD;
2019-07-15 16:54:59 - [MESSAGE][PASSED] - Object: 'Object Repository/Sysadmin Portal/Environments Page/Page_Environments - ConfigSearch/button_Configure' is clicked on&#xD;
&#xD;
2019-07-15 16:54:59 - [TEST_STEP][PASSED] - delay(2, STOP_ON_FAILURE): Delayed 2 second(s)&#xD;
&#xD;
2019-07-15 16:55:01 - [MESSAGE][PASSED] - Delayed 2 second(s)&#xD;
&#xD;
2019-07-15 16:55:01 - [TEST_STEP][PASSED] - check(findTestObject("Sysadmin Portal/Environments Page/Page_Environments - ConfigSearch/input_Crawl Document Content ("), STOP_ON_FAILURE): Object 'Object Repository/Sysadmin Portal/Environments Page/Page_Environments - ConfigSearch/input_Crawl Document Content (' is checked&#xD;
&#xD;
2019-07-15 16:55:01 - [MESSAGE][PASSED] - Object 'Object Repository/Sysadmin Portal/Environments Page/Page_Environments - ConfigSearch/input_Crawl Document Content (' is checked&#xD;
&#xD;
2019-07-15 16:55:01 - [TEST_STEP][PASSED] - check(findTestObject("Sysadmin Portal/Environments Page/Page_Environments - ConfigSearch/input_Crawl Job Output (slower"), STOP_ON_FAILURE): Object 'Object Repository/Sysadmin Portal/Environments Page/Page_Environments - ConfigSearch/input_Crawl Job Output (slower' is checked&#xD;
&#xD;
2019-07-15 16:55:01 - [MESSAGE][PASSED] - Object 'Object Repository/Sysadmin Portal/Environments Page/Page_Environments - ConfigSearch/input_Crawl Job Output (slower' is checked&#xD;
&#xD;
2019-07-15 16:55:01 - [TEST_STEP][PASSED] - check(findTestObject("Sysadmin Portal/Environments Page/Page_Environments - ConfigSearch/input_Enable Search for Portal"), STOP_ON_FAILURE): Object 'Object Repository/Sysadmin Portal/Environments Page/Page_Environments - ConfigSearch/input_Enable Search for Portal' is checked&#xD;
&#xD;
2019-07-15 16:55:01 - [MESSAGE][PASSED] - Object 'Object Repository/Sysadmin Portal/Environments Page/Page_Environments - ConfigSearch/input_Enable Search for Portal' is checked&#xD;
&#xD;
2019-07-15 16:55:01 - [TEST_STEP][PASSED] - click(findTestObject("Sysadmin Portal/Environments Page/Page_Environments - ConfigSearch/button_Save"), STOP_ON_FAILURE): Object: 'Object Repository/Sysadmin Portal/Environments Page/Page_Environments - ConfigSearch/button_Save' is clicked on&#xD;
&#xD;
2019-07-15 16:55:01 - [MESSAGE][PASSED] - Object: 'Object Repository/Sysadmin Portal/Environments Page/Page_Environments - ConfigSearch/button_Save' is clicked on&#xD;
&#xD;
2019-07-15 16:55:01 - [TEST_STEP][PASSED] - waitForElementVisible(findTestObject("Sysadmin Portal/Environments Page/Page_Environments - ConfigSearch/span_Total crawled"), 5): Web element with id: 'Object Repository/Sysadmin Portal/Environments Page/Page_Environments - ConfigSearch/span_Total crawled' located by 'By.cssSelector: [id="crawlstats"]' not found&#xD;
&#xD;
2019-07-15 16:55:07 - [MESSAGE][INFO] - Unable to find the element located by 'By.cssSelector: [id="crawlstats"]'. Please recheck the objects properties to make sure the desired element is located. &#xD;
&#xD;
2019-07-15 16:55:07 - [MESSAGE][WARNING] - Web element with id: 'Object Repository/Sysadmin Portal/Environments Page/Page_Environments - ConfigSearch/span_Total crawled' located by 'By.cssSelector: [id="crawlstats"]' not found&#xD;
&#xD;
2019-07-15 16:55:07 - [TEST_STEP][FAILED] - verifyElementVisible(findTestObject("Sysadmin Portal/Environments Page/Page_Environments - ConfigSearch/span_Total crawled"), CONTINUE_ON_FAILURE): Web element with id: 'Object Repository/Sysadmin Portal/Environments Page/Page_Environments - ConfigSearch/span_Total crawled' located by 'By.cssSelector: [id="crawlstats"]' not found (Root cause: com.kms.katalon.core.exception.StepFailedException: Web element with id: 'Object Repository/Sysadmin Portal/Environments Page/Page_Environments - ConfigSearch/span_Total crawled' located by 'By.cssSelector: [id="crawlstats"]' not found&#xD;
	at com.kms.katalon.core.webui.keyword.internal.WebUIKeywordMain.stepFailed(WebUIKeywordMain.groovy:64)&#xD;
	at com.kms.katalon.core.webui.keyword.builtin.VerifyElementVisibleKeyword$_verifyElementVisible_closure1.doCall(VerifyElementVisibleKeyword.groovy:89)&#xD;
	at com.kms.katalon.core.webui.keyword.builtin.VerifyElementVisibleKeyword$_verifyElementVisible_closure1.call(VerifyElementVisibleKeyword.groovy)&#xD;
	at com.kms.katalon.core.webui.keyword.internal.WebUIKeywordMain.runKeyword(WebUIKeywordMain.groovy:20)&#xD;
	at com.kms.katalon.core.webui.keyword.builtin.VerifyElementVisibleKeyword.verifyElementVisible(VerifyElementVisibleKeyword.groovy:97)&#xD;
	at com.kms.katalon.core.webui.keyword.builtin.VerifyElementVisibleKeyword.execute(VerifyElementVisibleKeyword.groovy:67)&#xD;
	at com.kms.katalon.core.keyword.internal.KeywordExecutor.executeKeywordForPlatform(KeywordExecutor.groovy:56)&#xD;
	at com.kms.katalon.core.webui.keyword.WebUiBuiltInKeywords.verifyElementVisible(WebUiBuiltInKeywords.groovy:358)&#xD;
	at com.kms.katalon.core.webui.keyword.WebUiBuiltInKeywords$verifyElementVisible$3.call(Unknown Source)&#xD;
	at ConfigureSearch_QaTest2.run(ConfigureSearch_QaTest2:51)&#xD;
	at com.kms.katalon.core.main.ScriptEngine.run(ScriptEngine.java:194)&#xD;
	at com.kms.katalon.core.main.ScriptEngine.runScriptAsRawText(ScriptEngine.java:119)&#xD;
	at com.kms.katalon.core.main.TestCaseExecutor.runScript(TestCaseExecutor.java:337)&#xD;
	at com.kms.katalon.core.main.TestCaseExecutor.doExecute(TestCaseExecutor.java:328)&#xD;
	at com.kms.katalon.core.main.TestCaseExecutor.processExecutionPhase(TestCaseExecutor.java:307)&#xD;
	at com.kms.katalon.core.main.TestCaseExecutor.accessMainPhase(TestCaseExecutor.java:299)&#xD;
	at com.kms.katalon.core.main.TestCaseExecutor.execute(TestCaseExecutor.java:233)&#xD;
	at com.kms.katalon.core.main.TestSuiteExecutor.accessTestCaseMainPhase(TestSuiteExecutor.java:133)&#xD;
	at com.kms.katalon.core.main.TestSuiteExecutor.accessTestSuiteMainPhase(TestSuiteExecutor.java:116)&#xD;
	at com.kms.katalon.core.main.TestSuiteExecutor.execute(TestSuiteExecutor.java:83)&#xD;
	at com.kms.katalon.core.main.TestCaseMain.startTestSuite(TestCaseMain.java:157)&#xD;
	at com.kms.katalon.core.main.TestCaseMain$startTestSuite$0.call(Unknown Source)&#xD;
	at TempTestSuite1563198510048.run(TempTestSuite1563198510048.groovy:35)&#xD;
)&#xD;
&#xD;
2019-07-15 16:55:12 - [MESSAGE][INFO] - Unable to find the element located by 'By.cssSelector: [id="crawlstats"]'. Please recheck the objects properties to make sure the desired element is located. &#xD;
&#xD;
2019-07-15 16:55:12 - [MESSAGE][FAILED] - Web element with id: 'Object Repository/Sysadmin Portal/Environments Page/Page_Environments - ConfigSearch/span_Total crawled' located by 'By.cssSelector: [id="crawlstats"]' not found (Root cause: com.kms.katalon.core.exception.StepFailedException: Web element with id: 'Object Repository/Sysadmin Portal/Environments Page/Page_Environments - ConfigSearch/span_Total crawled' located by 'By.cssSelector: [id="crawlstats"]' not found&#xD;
	at com.kms.katalon.core.webui.keyword.internal.WebUIKeywordMain.stepFailed(WebUIKeywordMain.groovy:64)&#xD;
	at com.kms.katalon.core.webui.keyword.builtin.VerifyElementVisibleKeyword$_verifyElementVisible_closure1.doCall(VerifyElementVisibleKeyword.groovy:89)&#xD;
	at com.kms.katalon.core.webui.keyword.builtin.VerifyElementVisibleKeyword$_verifyElementVisible_closure1.call(VerifyElementVisibleKeyword.groovy)&#xD;
	at com.kms.katalon.core.webui.keyword.internal.WebUIKeywordMain.runKeyword(WebUIKeywordMain.groovy:20)&#xD;
	at com.kms.katalon.core.webui.keyword.builtin.VerifyElementVisibleKeyword.verifyElementVisible(VerifyElementVisibleKeyword.groovy:97)&#xD;
	at com.kms.katalon.core.webui.keyword.builtin.VerifyElementVisibleKeyword.execute(VerifyElementVisibleKeyword.groovy:67)&#xD;
	at com.kms.katalon.core.keyword.internal.KeywordExecutor.executeKeywordForPlatform(KeywordExecutor.groovy:56)&#xD;
	at com.kms.katalon.core.webui.keyword.WebUiBuiltInKeywords.verifyElementVisible(WebUiBuiltInKeywords.groovy:358)&#xD;
	at com.kms.katalon.core.webui.keyword.WebUiBuiltInKeywords$verifyElementVisible$3.call(Unknown Source)&#xD;
	at ConfigureSearch_QaTest2.run(ConfigureSearch_QaTest2:51)&#xD;
	at com.kms.katalon.core.main.ScriptEngine.run(ScriptEngine.java:194)&#xD;
	at com.kms.katalon.core.main.ScriptEngine.runScriptAsRawText(ScriptEngine.java:119)&#xD;
	at com.kms.katalon.core.main.TestCaseExecutor.runScript(TestCaseExecutor.java:337)&#xD;
	at com.kms.katalon.core.main.TestCaseExecutor.doExecute(TestCaseExecutor.java:328)&#xD;
	at com.kms.katalon.core.main.TestCaseExecutor.processExecutionPhase(TestCaseExecutor.java:307)&#xD;
	at com.kms.katalon.core.main.TestCaseExecutor.accessMainPhase(TestCaseExecutor.java:299)&#xD;
	at com.kms.katalon.core.main.TestCaseExecutor.execute(TestCaseExecutor.java:233)&#xD;
	at com.kms.katalon.core.main.TestSuiteExecutor.accessTestCaseMainPhase(TestSuiteExecutor.java:133)&#xD;
	at com.kms.katalon.core.main.TestSuiteExecutor.accessTestSuiteMainPhase(TestSuiteExecutor.java:116)&#xD;
	at com.kms.katalon.core.main.TestSuiteExecutor.execute(TestSuiteExecutor.java:83)&#xD;
	at com.kms.katalon.core.main.TestCaseMain.startTestSuite(TestCaseMain.java:157)&#xD;
	at com.kms.katalon.core.main.TestCaseMain$startTestSuite$0.call(Unknown Source)&#xD;
	at TempTestSuite1563198510048.run(TempTestSuite1563198510048.groovy:35)&#xD;
)&#xD;
[[ATTACHMENT|C:\\Katalon Projects\\Nido_Patch3\\Reports\\Sanity1\\20190715_164830\\1563198912330.png]]&#xD;
&#xD;
2019-07-15 16:55:12 - [TEST_STEP][PASSED] - click(findTestObject("Sysadmin Portal/Environments Page/Page_Environments - ConfigSearch/button_Ok"), STOP_ON_FAILURE): Object: 'Object Repository/Sysadmin Portal/Environments Page/Page_Environments - ConfigSearch/button_Ok' is clicked on&#xD;
&#xD;
2019-07-15 16:55:12 - [MESSAGE][PASSED] - Object: 'Object Repository/Sysadmin Portal/Environments Page/Page_Environments - ConfigSearch/button_Ok' is clicked on&#xD;
&#xD;
2019-07-15 16:55:12 - [TEST_STEP][PASSED] - closeBrowser(): Browser is closed&#xD;
&#xD;
2019-07-15 16:55:13 - [MESSAGE][PASSED] - Browser is closed&#xD;
&#xD;
2019-07-15 16:55:13 - [TEST_STEP][PASSED] - Start listener action : sampleAfterTestCase: null</system-out>
            <system-err>2019-07-15 16:54:48 - [TEST_CASE][FAILED] - Test Cases/Sysadmin Portal/ConfigureSearch_QaTest2: Test Cases/Sysadmin Portal/ConfigureSearch_QaTest2 FAILED.
Reason:
com.kms.katalon.core.exception.StepFailedException: Web element with id: 'Object Repository/Sysadmin Portal/Environments Page/Page_Environments - ConfigSearch/span_Total crawled' located by 'By.cssSelector: [id="crawlstats"]' not found (Root cause: com.kms.katalon.core.exception.StepFailedException: Web element with id: 'Object Repository/Sysadmin Portal/Environments Page/Page_Environments - ConfigSearch/span_Total crawled' located by 'By.cssSelector: [id="crawlstats"]' not found&#xD;
	at com.kms.katalon.core.webui.keyword.internal.WebUIKeywordMain.stepFailed(WebUIKeywordMain.groovy:64)&#xD;
	at com.kms.katalon.core.webui.keyword.builtin.VerifyElementVisibleKeyword$_verifyElementVisible_closure1.doCall(VerifyElementVisibleKeyword.groovy:89)&#xD;
	at com.kms.katalon.core.webui.keyword.builtin.VerifyElementVisibleKeyword$_verifyElementVisible_closure1.call(VerifyElementVisibleKeyword.groovy)&#xD;
	at com.kms.katalon.core.webui.keyword.internal.WebUIKeywordMain.runKeyword(WebUIKeywordMain.groovy:20)&#xD;
	at com.kms.katalon.core.webui.keyword.builtin.VerifyElementVisibleKeyword.verifyElementVisible(VerifyElementVisibleKeyword.groovy:97)&#xD;
	at com.kms.katalon.core.webui.keyword.builtin.VerifyElementVisibleKeyword.execute(VerifyElementVisibleKeyword.groovy:67)&#xD;
	at com.kms.katalon.core.keyword.internal.KeywordExecutor.executeKeywordForPlatform(KeywordExecutor.groovy:56)&#xD;
	at com.kms.katalon.core.webui.keyword.WebUiBuiltInKeywords.verifyElementVisible(WebUiBuiltInKeywords.groovy:358)&#xD;
	at com.kms.katalon.core.webui.keyword.WebUiBuiltInKeywords$verifyElementVisible$3.call(Unknown Source)&#xD;
	at ConfigureSearch_QaTest2.run(ConfigureSearch_QaTest2:51)&#xD;
	at com.kms.katalon.core.main.ScriptEngine.run(ScriptEngine.java:194)&#xD;
	at com.kms.katalon.core.main.ScriptEngine.runScriptAsRawText(ScriptEngine.java:119)&#xD;
	at com.kms.katalon.core.main.TestCaseExecutor.runScript(TestCaseExecutor.java:337)&#xD;
	at com.kms.katalon.core.main.TestCaseExecutor.doExecute(TestCaseExecutor.java:328)&#xD;
	at com.kms.katalon.core.main.TestCaseExecutor.processExecutionPhase(TestCaseExecutor.java:307)&#xD;
	at com.kms.katalon.core.main.TestCaseExecutor.accessMainPhase(TestCaseExecutor.java:299)&#xD;
	at com.kms.katalon.core.main.TestCaseExecutor.execute(TestCaseExecutor.java:233)&#xD;
	at com.kms.katalon.core.main.TestSuiteExecutor.accessTestCaseMainPhase(TestSuiteExecutor.java:133)&#xD;
	at com.kms.katalon.core.main.TestSuiteExecutor.accessTestSuiteMainPhase(TestSuiteExecutor.java:116)&#xD;
	at com.kms.katalon.core.main.TestSuiteExecutor.execute(TestSuiteExecutor.java:83)&#xD;
	at com.kms.katalon.core.main.TestCaseMain.startTestSuite(TestCaseMain.java:157)&#xD;
	at com.kms.katalon.core.main.TestCaseMain$startTestSuite$0.call(Unknown Source)&#xD;
	at TempTestSuite1563198510048.run(TempTestSuite1563198510048.groovy:35)&#xD;
)&#xD;
	at com.kms.katalon.core.keyword.internal.KeywordMain.stepFailed(KeywordMain.groovy:39)&#xD;
	at com.kms.katalon.core.webui.keyword.internal.WebUIKeywordMain.stepFailed(WebUIKeywordMain.groovy:64)&#xD;
	at com.kms.katalon.core.webui.keyword.builtin.VerifyElementVisibleKeyword$_verifyElementVisible_closure1.doCall(VerifyElementVisibleKeyword.groovy:89)&#xD;
	at com.kms.katalon.core.webui.keyword.builtin.VerifyElementVisibleKeyword$_verifyElementVisible_closure1.call(VerifyElementVisibleKeyword.groovy)&#xD;
	at com.kms.katalon.core.webui.keyword.internal.WebUIKeywordMain.runKeyword(WebUIKeywordMain.groovy:20)&#xD;
	at com.kms.katalon.core.webui.keyword.builtin.VerifyElementVisibleKeyword.verifyElementVisible(VerifyElementVisibleKeyword.groovy:97)&#xD;
	at com.kms.katalon.core.webui.keyword.builtin.VerifyElementVisibleKeyword.execute(VerifyElementVisibleKeyword.groovy:67)&#xD;
	at com.kms.katalon.core.keyword.internal.KeywordExecutor.executeKeywordForPlatform(KeywordExecutor.groovy:56)&#xD;
	at com.kms.katalon.core.webui.keyword.WebUiBuiltInKeywords.verifyElementVisible(WebUiBuiltInKeywords.groovy:358)&#xD;
	at com.kms.katalon.core.webui.keyword.WebUiBuiltInKeywords$verifyElementVisible$3.call(Unknown Source)&#xD;
	at ConfigureSearch_QaTest2.run(ConfigureSearch_QaTest2:51)&#xD;
	at com.kms.katalon.core.main.ScriptEngine.run(ScriptEngine.java:194)&#xD;
	at com.kms.katalon.core.main.ScriptEngine.runScriptAsRawText(ScriptEngine.java:119)&#xD;
	at com.kms.katalon.core.main.TestCaseExecutor.runScript(TestCaseExecutor.java:337)&#xD;
	at com.kms.katalon.core.main.TestCaseExecutor.doExecute(TestCaseExecutor.java:328)&#xD;
	at com.kms.katalon.core.main.TestCaseExecutor.processExecutionPhase(TestCaseExecutor.java:307)&#xD;
	at com.kms.katalon.core.main.TestCaseExecutor.accessMainPhase(TestCaseExecutor.java:299)&#xD;
	at com.kms.katalon.core.main.TestCaseExecutor.execute(TestCaseExecutor.java:233)&#xD;
	at com.kms.katalon.core.main.TestSuiteExecutor.accessTestCaseMainPhase(TestSuiteExecutor.java:133)&#xD;
	at com.kms.katalon.core.main.TestSuiteExecutor.accessTestSuiteMainPhase(TestSuiteExecutor.java:116)&#xD;
	at com.kms.katalon.core.main.TestSuiteExecutor.execute(TestSuiteExecutor.java:83)&#xD;
	at com.kms.katalon.core.main.TestCaseMain.startTestSuite(TestCaseMain.java:157)&#xD;
	at com.kms.katalon.core.main.TestCaseMain$startTestSuite$0.call(Unknown Source)&#xD;
	at TempTestSuite1563198510048.run(TempTestSuite1563198510048.groovy:35)&#xD;
Caused by: com.kms.katalon.core.exception.StepFailedException: Web element with id: 'Object Repository/Sysadmin Portal/Environments Page/Page_Environments - ConfigSearch/span_Total crawled' located by 'By.cssSelector: [id="crawlstats"]' not found&#xD;
	... 23 more</system-err>
        </testcase>
        <testcase name="Test Cases/Search/Search" classname="Test Cases/Search/Search" status="PASSED">
            <system-out>2019-07-15 16:55:13 - [TEST_CASE][PASSED] - Test Cases/Search/Search: Test Cases/Search/Search&#xD;
&#xD;
2019-07-15 16:55:13 - [TEST_STEP][PASSED] - callTestCase(findTestCase("Main Login Page/login_simple"), [:], STOP_ON_FAILURE): Call Test Case 'Test Cases/Main Login Page/login_simple' successfully&#xD;
&#xD;
2019-07-15 16:55:13 - [TEST_CASE][PASSED] - Test Cases/Main Login Page/login_simple: Test Cases/Main Login Page/login_simple&#xD;
&#xD;
2019-07-15 16:55:13 - [TEST_STEP][PASSED] - openBrowser(url_enterprise, STOP_ON_FAILURE): Browser is opened with url: 'http://192.168.1.55:8094/'&#xD;
&#xD;
2019-07-15 16:55:13 - [MESSAGE][INFO] - Starting 'Chrome' driver&#xD;
&#xD;
2019-07-15 16:55:16 - [MESSAGE][PASSED] - Browser is opened with url: 'http://192.168.1.55:8094/'&#xD;
&#xD;
2019-07-15 16:55:16 - [TEST_STEP][PASSED] - maximizeWindow(): Current window maximized&#xD;
&#xD;
2019-07-15 16:55:17 - [MESSAGE][PASSED] - Current window maximized&#xD;
&#xD;
2019-07-15 16:55:17 - [TEST_STEP][PASSED] - setText(findTestObject("Main Login Page/input_userName"), Username_Admin, CONTINUE_ON_FAILURE): Text 'Ere' is set on object 'Object Repository/Main Login Page/input_userName'&#xD;
&#xD;
2019-07-15 16:55:17 - [MESSAGE][PASSED] - Text 'Ere' is set on object 'Object Repository/Main Login Page/input_userName'&#xD;
&#xD;
2019-07-15 16:55:17 - [TEST_STEP][PASSED] - setText(findTestObject("Main Login Page/input_password"), Password_Admin, CONTINUE_ON_FAILURE): Text 'ere123' is set on object 'Object Repository/Main Login Page/input_password'&#xD;
&#xD;
2019-07-15 16:55:17 - [MESSAGE][PASSED] - Text 'ere123' is set on object 'Object Repository/Main Login Page/input_password'&#xD;
&#xD;
2019-07-15 16:55:17 - [TEST_STEP][PASSED] - click(findTestObject("Main Login Page/button_Sign in"), CONTINUE_ON_FAILURE): Object: 'Object Repository/Main Login Page/button_Sign in' is clicked on&#xD;
&#xD;
2019-07-15 16:55:17 - [MESSAGE][PASSED] - Object: 'Object Repository/Main Login Page/button_Sign in' is clicked on&#xD;
&#xD;
2019-07-15 16:55:17 - [TEST_STEP][PASSED] - delay(1, CONTINUE_ON_FAILURE): Delayed 1 second(s)&#xD;
&#xD;
2019-07-15 16:55:18 - [MESSAGE][PASSED] - Delayed 1 second(s)&#xD;
&#xD;
2019-07-15 16:55:18 - [TEST_STEP][PASSED] - if (verifyElementVisible(findTestObject("Main Login Page/Multiple environments/Environment Selector"), OPTIONAL)): Delayed 2 second(s)&#xD;
&#xD;
2019-07-15 16:55:18 - [MESSAGE][PASSED] - Object 'Object Repository/Main Login Page/Multiple environments/Environment Selector' is visible&#xD;
&#xD;
2019-07-15 16:55:18 - [TEST_STEP][NOT_RUN] - delay(1, CONTINUE_ON_FAILURE): NOT_RUN: delay(1, CONTINUE_ON_FAILURE)&#xD;
&#xD;
2019-07-15 16:55:18 - [MESSAGE][NOT_RUN] - NOT_RUN: delay(1, CONTINUE_ON_FAILURE)&#xD;
&#xD;
2019-07-15 16:55:18 - [TEST_STEP][PASSED] - waitForElementClickable(findTestObject("Main Login Page/Multiple environments/button_Continue"), 0, CONTINUE_ON_FAILURE): Object 'Object Repository/Main Login Page/Multiple environments/button_Continue' is clickable&#xD;
&#xD;
2019-07-15 16:55:18 - [MESSAGE][WARNING] - Timeout '0' is invalid. Using default page load timeout: '5'&#xD;
&#xD;
2019-07-15 16:55:18 - [MESSAGE][PASSED] - Object 'Object Repository/Main Login Page/Multiple environments/button_Continue' is clickable&#xD;
&#xD;
2019-07-15 16:55:18 - [TEST_STEP][PASSED] - click(findTestObject("Main Login Page/Multiple environments/Environment Selector"), CONTINUE_ON_FAILURE): Object: 'Object Repository/Main Login Page/Multiple environments/Environment Selector' is clicked on&#xD;
&#xD;
2019-07-15 16:55:18 - [MESSAGE][PASSED] - Object: 'Object Repository/Main Login Page/Multiple environments/Environment Selector' is clicked on&#xD;
&#xD;
2019-07-15 16:55:18 - [TEST_STEP][PASSED] - waitForElementVisible(findTestObject("Main Login Page/Multiple environments/button_Continue"), 1, CONTINUE_ON_FAILURE): Object 'Object Repository/Main Login Page/Multiple environments/button_Continue' is visible&#xD;
&#xD;
2019-07-15 16:55:18 - [MESSAGE][PASSED] - Object 'Object Repository/Main Login Page/Multiple environments/button_Continue' is visible&#xD;
&#xD;
2019-07-15 16:55:18 - [TEST_STEP][PASSED] - click(findTestObject("Main Login Page/Multiple environments/button_Continue"), CONTINUE_ON_FAILURE): Object: 'Object Repository/Main Login Page/Multiple environments/button_Continue' is clicked on&#xD;
&#xD;
2019-07-15 16:55:18 - [MESSAGE][PASSED] - Object: 'Object Repository/Main Login Page/Multiple environments/button_Continue' is clicked on&#xD;
&#xD;
2019-07-15 16:55:18 - [TEST_STEP][PASSED] - delay(2, CONTINUE_ON_FAILURE): Delayed 2 second(s)&#xD;
&#xD;
2019-07-15 16:55:20 - [MESSAGE][PASSED] - Delayed 2 second(s)&#xD;
&#xD;
2019-07-15 16:55:20 - [MESSAGE][PASSED] - Call Test Case 'Test Cases/Main Login Page/login_simple' successfully&#xD;
&#xD;
2019-07-15 16:55:20 - [TEST_STEP][PASSED] - delay(3, STOP_ON_FAILURE): Delayed 3 second(s)&#xD;
&#xD;
2019-07-15 16:55:23 - [MESSAGE][PASSED] - Delayed 3 second(s)&#xD;
&#xD;
2019-07-15 16:55:23 - [TEST_STEP][PASSED] - waitForPageLoad(5, STOP_ON_FAILURE): Wait for page load successfully&#xD;
&#xD;
2019-07-15 16:55:23 - [MESSAGE][PASSED] - Wait for page load successfully&#xD;
&#xD;
2019-07-15 16:55:23 - [TEST_STEP][PASSED] - click(findTestObject("Search/button_searchbar"), STOP_ON_FAILURE): Object: 'Object Repository/Search/button_searchbar' is clicked on&#xD;
&#xD;
2019-07-15 16:55:23 - [MESSAGE][PASSED] - Object: 'Object Repository/Search/button_searchbar' is clicked on&#xD;
&#xD;
2019-07-15 16:55:23 - [TEST_STEP][PASSED] - setText(findTestObject("Search/textbox_Searchbar"), "Test"): Text 'Test' is set on object 'Object Repository/Search/textbox_Searchbar'&#xD;
&#xD;
2019-07-15 16:55:23 - [MESSAGE][PASSED] - Text 'Test' is set on object 'Object Repository/Search/textbox_Searchbar'&#xD;
&#xD;
2019-07-15 16:55:23 - [TEST_STEP][PASSED] - sendKeys(findTestObject("Search/textbox_Searchbar"), Keys.chord(ENTER)): Keys 'ENTER + ' sent to object: 'Object Repository/Search/textbox_Searchbar'&#xD;
&#xD;
2019-07-15 16:55:23 - [MESSAGE][PASSED] - Keys 'ENTER + ' sent to object: 'Object Repository/Search/textbox_Searchbar'&#xD;
&#xD;
2019-07-15 16:55:23 - [TEST_STEP][PASSED] - switchToWindowIndex("1"): Switched to window with index: '1'&#xD;
&#xD;
2019-07-15 16:55:23 - [MESSAGE][PASSED] - Switched to window with index: '1'&#xD;
&#xD;
2019-07-15 16:55:23 - [TEST_STEP][PASSED] - click(findTestObject("Search/button_FilesFilter"), STOP_ON_FAILURE): Object: 'Object Repository/Search/button_FilesFilter' is clicked on&#xD;
&#xD;
2019-07-15 16:55:25 - [MESSAGE][PASSED] - Object: 'Object Repository/Search/button_FilesFilter' is clicked on&#xD;
&#xD;
2019-07-15 16:55:25 - [TEST_STEP][PASSED] - delay(2, STOP_ON_FAILURE): Delayed 2 second(s)&#xD;
&#xD;
2019-07-15 16:55:27 - [MESSAGE][PASSED] - Delayed 2 second(s)&#xD;
&#xD;
2019-07-15 16:55:27 - [TEST_STEP][PASSED] - verifyElementAttributeValue(findTestObject("Search/searchResult_3_TestOnDemand"), "href", Search_Result_Link, 0): Object 'Object Repository/Search/searchResult_3_TestOnDemand' has attribute 'href' with value 'http://192.168.1.55:8094/EOS/Files/#workspace/Default/3_TestOnDemand'&#xD;
&#xD;
2019-07-15 16:55:27 - [MESSAGE][WARNING] - Timeout '0' is invalid. Using default page load timeout: '5'&#xD;
&#xD;
2019-07-15 16:55:27 - [MESSAGE][PASSED] - Object 'Object Repository/Search/searchResult_3_TestOnDemand' has attribute 'href' with value 'http://192.168.1.55:8094/EOS/Files/#workspace/Default/3_TestOnDemand'&#xD;
&#xD;
2019-07-15 16:55:27 - [TEST_STEP][PASSED] - closeBrowser(): Browser is closed&#xD;
&#xD;
2019-07-15 16:55:27 - [MESSAGE][PASSED] - Browser is closed&#xD;
&#xD;
2019-07-15 16:55:27 - [TEST_STEP][PASSED] - Start listener action : sampleAfterTestCase: null</system-out>
            <system-err></system-err>
        </testcase>
        <system-out>2019-07-15 16:48:34 - [TEST_SUITE][INCOMPLETE] - Sanity1: null</system-out>
        <system-err>2019-07-15 16:48:34 - [TEST_SUITE][INCOMPLETE] - Sanity1: null</system-err>
    </testsuite>
</testsuites>
