<?xml version="1.0" encoding="UTF-8" standalone="yes"?>
<testsuites name="Sanity1" time="311" tests="2" failures="2" errors="0">
    <testsuite name="Sanity1" tests="2" failures="2" errors="0" time="311" timestamp="2019-07-29 16:48:03" hostname="bogdan.eremia - ROECR-L013.roecr.ecrion.com" id="Test Suites/Sanity1">
        <properties>
            <property name="deviceName" value=""/>
            <property name="devicePlatform" value=""/>
            <property name="logFolder" value="C:\\Katalon Projects\\Nido_Patch3\\Reports\\Sanity1\\20190729_164759"/>
            <property name="logFiles" value="C:\\Katalon Projects\\Nido_Patch3\\Reports\\Sanity1\\20190729_164759\\execution0.log"/>
            <property name="attachments" value="C:\\Katalon Projects\\Nido_Patch3\\Reports\\Sanity1\\20190729_164759\\1564408098941.png, C:\\Katalon Projects\\Nido_Patch3\\Reports\\Sanity1\\20190729_164759\\1564408259082.png, C:\\Katalon Projects\\Nido_Patch3\\Reports\\Sanity1\\20190729_164759\\1564408281231.png, C:\\Katalon Projects\\Nido_Patch3\\Reports\\Sanity1\\20190729_164759\\1564408303396.png, C:\\Katalon Projects\\Nido_Patch3\\Reports\\Sanity1\\20190729_164759\\1564408317851.png, C:\\Katalon Projects\\Nido_Patch3\\Reports\\Sanity1\\20190729_164759\\1564408356375.png, C:\\Katalon Projects\\Nido_Patch3\\Reports\\Sanity1\\20190729_164759\\1564408372567.png, C:\\Katalon Projects\\Nido_Patch3\\Reports\\Sanity1\\20190729_164759\\1564408393554.png, C:\\Katalon Projects\\Nido_Patch3\\Reports\\Sanity1\\20190729_164759\\1564408393896.png"/>
            <property name="hostName" value="bogdan.eremia - ROECR-L013.roecr.ecrion.com"/>
            <property name="os" value="Windows 10 64bit"/>
            <property name="katalonVersion" value="6.2.1.2"/>
            <property name="browser" value="Chrome 75.0.3770.142"/>
            <property name="hostAddress" value="192.168.192.57"/>
            <property name="sessionId" value="e7677c37bc792d208bb3c4a616de6c8e"/>
            <property name="seleniumVersion" value="3.141.59"/>
            <property name="proxyInformation" value="ProxyInformation{proxyOption=NO_PROXY, proxyServerType=HTTP, password=, proxyServerAddress=, proxyServerPort=0}"/>
            <property name="platform" value="Windows 10"/>
        </properties>
        <testcase name="Test Cases/TESTCASE COLLECTIONS/Create_Email_Channel_Contact_NonAdminUser_Group" classname="Test Cases/TESTCASE COLLECTIONS/Create_Email_Channel_Contact_NonAdminUser_Group" status="FAILED">
            <failure type="FAILED" message="Test Cases/TESTCASE COLLECTIONS/Create_Email_Channel_Contact_NonAdminUser_Group FAILED.&#xA;Reason:&#xA;com.kms.katalon.core.exception.StepFailedException: Unable to call Test Case 'Test Cases/Admin/Admin_Settings' (Root cause: com.kms.katalon.core.exception.StepErrorException: Call Test Case 'Test Cases/Admin/Admin_Settings' failed because of error(s)&#xD;&#xA;&#x9;at com.kms.katalon.core.keyword.builtin.CallTestCaseKeyword$_callTestCase_closure1.doCall(CallTestCaseKeyword.groovy:66)&#xD;&#xA;&#x9;at com.kms.katalon.core.keyword.builtin.CallTestCaseKeyword$_callTestCase_closure1.call(CallTestCaseKeyword.groovy)&#xD;&#xA;&#x9;at com.kms.katalon.core.keyword.internal.KeywordMain.runKeyword(KeywordMain.groovy:68)&#xD;&#xA;&#x9;at com.kms.katalon.core.keyword.builtin.CallTestCaseKeyword.callTestCase(CallTestCaseKeyword.groovy:81)&#xD;&#xA;&#x9;at com.kms.katalon.core.keyword.builtin.CallTestCaseKeyword.execute(CallTestCaseKeyword.groovy:44)&#xD;&#xA;&#x9;at com.kms.katalon.core.keyword.internal.KeywordExecutor.executeKeywordForPlatform(KeywordExecutor.groovy:56)&#xD;&#xA;&#x9;at com.kms.katalon.core.keyword.BuiltinKeywords.callTestCase(BuiltinKeywords.groovy:334)&#xD;&#xA;&#x9;at Create_Email_Channel_Contact_NonAdminUser_Group.run(Create_Email_Channel_Contact_NonAdminUser_Group:16)&#xD;&#xA;&#x9;at com.kms.katalon.core.main.ScriptEngine.run(ScriptEngine.java:194)&#xD;&#xA;&#x9;at com.kms.katalon.core.main.ScriptEngine.runScriptAsRawText(ScriptEngine.java:119)&#xD;&#xA;&#x9;at com.kms.katalon.core.main.TestCaseExecutor.runScript(TestCaseExecutor.java:337)&#xD;&#xA;&#x9;at com.kms.katalon.core.main.TestCaseExecutor.doExecute(TestCaseExecutor.java:328)&#xD;&#xA;&#x9;at com.kms.katalon.core.main.TestCaseExecutor.processExecutionPhase(TestCaseExecutor.java:307)&#xD;&#xA;&#x9;at com.kms.katalon.core.main.TestCaseExecutor.accessMainPhase(TestCaseExecutor.java:299)&#xD;&#xA;&#x9;at com.kms.katalon.core.main.TestCaseExecutor.execute(TestCaseExecutor.java:233)&#xD;&#xA;&#x9;at com.kms.katalon.core.main.TestSuiteExecutor.accessTestCaseMainPhase(TestSuiteExecutor.java:133)&#xD;&#xA;&#x9;at com.kms.katalon.core.main.TestSuiteExecutor.accessTestSuiteMainPhase(TestSuiteExecutor.java:116)&#xD;&#xA;&#x9;at com.kms.katalon.core.main.TestSuiteExecutor.execute(TestSuiteExecutor.java:83)&#xD;&#xA;&#x9;at com.kms.katalon.core.main.TestCaseMain.startTestSuite(TestCaseMain.java:157)&#xD;&#xA;&#x9;at com.kms.katalon.core.main.TestCaseMain$startTestSuite$0.call(Unknown Source)&#xD;&#xA;&#x9;at TempTestSuite1564408079064.run(TempTestSuite1564408079064.groovy:35)&#xD;&#xA;Caused by: com.kms.katalon.core.exception.StepErrorException: Call Test Case 'Test Cases/Admin/Create_EmailChannel' failed because of error(s)&#xD;&#xA;&#x9;at com.kms.katalon.core.keyword.builtin.CallTestCaseKeyword$_callTestCase_closure1.doCall(CallTestCaseKeyword.groovy:66)&#xD;&#xA;&#x9;at com.kms.katalon.core.keyword.builtin.CallTestCaseKeyword$_callTestCase_closure1.call(CallTestCaseKeyword.groovy)&#xD;&#xA;&#x9;at com.kms.katalon.core.keyword.internal.KeywordMain.runKeyword(KeywordMain.groovy:68)&#xD;&#xA;&#x9;at com.kms.katalon.core.keyword.builtin.CallTestCaseKeyword.callTestCase(CallTestCaseKeyword.groovy:81)&#xD;&#xA;&#x9;at com.kms.katalon.core.keyword.builtin.CallTestCaseKeyword.execute(CallTestCaseKeyword.groovy:44)&#xD;&#xA;&#x9;at com.kms.katalon.core.keyword.internal.KeywordExecutor.executeKeywordForPlatform(KeywordExecutor.groovy:56)&#xD;&#xA;&#x9;at com.kms.katalon.core.keyword.BuiltinKeywords.callTestCase(BuiltinKeywords.groovy:334)&#xD;&#xA;&#x9;at Admin_Settings.run(Admin_Settings:34)&#xD;&#xA;&#x9;at com.kms.katalon.core.main.ScriptEngine.run(ScriptEngine.java:194)&#xD;&#xA;&#x9;at com.kms.katalon.core.main.ScriptEngine.runScriptAsRawText(ScriptEngine.java:119)&#xD;&#xA;&#x9;at com.kms.katalon.core.main.TestCaseExecutor.runScript(TestCaseExecutor.java:337)&#xD;&#xA;&#x9;at com.kms.katalon.core.main.TestCaseExecutor.doExecute(TestCaseExecutor.java:328)&#xD;&#xA;&#x9;at com.kms.katalon.core.main.TestCaseExecutor.processExecutionPhase(TestCaseExecutor.java:307)&#xD;&#xA;&#x9;at com.kms.katalon.core.main.TestCaseExecutor.accessMainPhase(TestCaseExecutor.java:299)&#xD;&#xA;&#x9;at com.kms.katalon.core.main.TestCaseExecutor.execute(TestCaseExecutor.java:233)&#xD;&#xA;&#x9;at com.kms.katalon.core.main.TestCaseMain.runTestCase(TestCaseMain.java:114)&#xD;&#xA;&#x9;at com.kms.katalon.core.keyword.builtin.CallTestCaseKeyword$_callTestCase_closure1.doCall(CallTestCaseKeyword.groovy:59)&#xD;&#xA;&#x9;... 20 more&#xD;&#xA;Caused by: groovy.lang.MissingPropertyException: No such property: SelectorMethod for class: Script1564405160446&#xD;&#xA;&#x9;at Create_EmailChannel.run(Create_EmailChannel:112)&#xD;&#xA;&#x9;at com.kms.katalon.core.main.ScriptEngine.run(ScriptEngine.java:194)&#xD;&#xA;&#x9;at com.kms.katalon.core.main.ScriptEngine.runScriptAsRawText(ScriptEngine.java:119)&#xD;&#xA;&#x9;at com.kms.katalon.core.main.TestCaseExecutor.runScript(TestCaseExecutor.java:337)&#xD;&#xA;&#x9;at com.kms.katalon.core.main.TestCaseExecutor.doExecute(TestCaseExecutor.java:328)&#xD;&#xA;&#x9;at com.kms.katalon.core.main.TestCaseExecutor.processExecutionPhase(TestCaseExecutor.java:307)&#xD;&#xA;&#x9;at com.kms.katalon.core.main.TestCaseExecutor.accessMainPhase(TestCaseExecutor.java:299)&#xD;&#xA;&#x9;at com.kms.katalon.core.main.TestCaseExecutor.execute(TestCaseExecutor.java:233)&#xD;&#xA;&#x9;at com.kms.katalon.core.main.TestCaseMain.runTestCase(TestCaseMain.java:114)&#xD;&#xA;&#x9;at com.kms.katalon.core.keyword.builtin.CallTestCaseKeyword$_callTestCase_closure1.doCall(CallTestCaseKeyword.groovy:59)&#xD;&#xA;&#x9;... 36 more&#xD;&#xA;)&#xD;&#xA;&#x9;at com.kms.katalon.core.keyword.internal.KeywordMain.stepFailed(KeywordMain.groovy:39)&#xD;&#xA;&#x9;at com.kms.katalon.core.keyword.internal.KeywordMain.stepFailed(KeywordMain.groovy)&#xD;&#xA;&#x9;at com.kms.katalon.core.keyword.internal.KeywordMain.runKeyword(KeywordMain.groovy:70)&#xD;&#xA;&#x9;at com.kms.katalon.core.keyword.builtin.CallTestCaseKeyword.callTestCase(CallTestCaseKeyword.groovy:81)&#xD;&#xA;&#x9;at com.kms.katalon.core.keyword.builtin.CallTestCaseKeyword.execute(CallTestCaseKeyword.groovy:44)&#xD;&#xA;&#x9;at com.kms.katalon.core.keyword.internal.KeywordExecutor.executeKeywordForPlatform(KeywordExecutor.groovy:56)&#xD;&#xA;&#x9;at com.kms.katalon.core.keyword.BuiltinKeywords.callTestCase(BuiltinKeywords.groovy:334)&#xD;&#xA;&#x9;at Create_Email_Channel_Contact_NonAdminUser_Group.run(Create_Email_Channel_Contact_NonAdminUser_Group:16)&#xD;&#xA;&#x9;at com.kms.katalon.core.main.ScriptEngine.run(ScriptEngine.java:194)&#xD;&#xA;&#x9;at com.kms.katalon.core.main.ScriptEngine.runScriptAsRawText(ScriptEngine.java:119)&#xD;&#xA;&#x9;at com.kms.katalon.core.main.TestCaseExecutor.runScript(TestCaseExecutor.java:337)&#xD;&#xA;&#x9;at com.kms.katalon.core.main.TestCaseExecutor.doExecute(TestCaseExecutor.java:328)&#xD;&#xA;&#x9;at com.kms.katalon.core.main.TestCaseExecutor.processExecutionPhase(TestCaseExecutor.java:307)&#xD;&#xA;&#x9;at com.kms.katalon.core.main.TestCaseExecutor.accessMainPhase(TestCaseExecutor.java:299)&#xD;&#xA;&#x9;at com.kms.katalon.core.main.TestCaseExecutor.execute(TestCaseExecutor.java:233)&#xD;&#xA;&#x9;at com.kms.katalon.core.main.TestSuiteExecutor.accessTestCaseMainPhase(TestSuiteExecutor.java:133)&#xD;&#xA;&#x9;at com.kms.katalon.core.main.TestSuiteExecutor.accessTestSuiteMainPhase(TestSuiteExecutor.java:116)&#xD;&#xA;&#x9;at com.kms.katalon.core.main.TestSuiteExecutor.execute(TestSuiteExecutor.java:83)&#xD;&#xA;&#x9;at com.kms.katalon.core.main.TestCaseMain.startTestSuite(TestCaseMain.java:157)&#xD;&#xA;&#x9;at com.kms.katalon.core.main.TestCaseMain$startTestSuite$0.call(Unknown Source)&#xD;&#xA;&#x9;at TempTestSuite1564408079064.run(TempTestSuite1564408079064.groovy:35)&#xD;&#xA;Caused by: com.kms.katalon.core.exception.StepErrorException: Call Test Case 'Test Cases/Admin/Admin_Settings' failed because of error(s)&#xD;&#xA;&#x9;at com.kms.katalon.core.keyword.builtin.CallTestCaseKeyword$_callTestCase_closure1.doCall(CallTestCaseKeyword.groovy:66)&#xD;&#xA;&#x9;at com.kms.katalon.core.keyword.builtin.CallTestCaseKeyword$_callTestCase_closure1.call(CallTestCaseKeyword.groovy)&#xD;&#xA;&#x9;at com.kms.katalon.core.keyword.internal.KeywordMain.runKeyword(KeywordMain.groovy:68)&#xD;&#xA;&#x9;... 18 more&#xD;&#xA;Caused by: com.kms.katalon.core.exception.StepErrorException: Call Test Case 'Test Cases/Admin/Create_EmailChannel' failed because of error(s)&#xD;&#xA;&#x9;at com.kms.katalon.core.keyword.builtin.CallTestCaseKeyword$_callTestCase_closure1.doCall(CallTestCaseKeyword.groovy:66)&#xD;&#xA;&#x9;at com.kms.katalon.core.keyword.builtin.CallTestCaseKeyword$_callTestCase_closure1.call(CallTestCaseKeyword.groovy)&#xD;&#xA;&#x9;at com.kms.katalon.core.keyword.internal.KeywordMain.runKeyword(KeywordMain.groovy:68)&#xD;&#xA;&#x9;at com.kms.katalon.core.keyword.builtin.CallTestCaseKeyword.callTestCase(CallTestCaseKeyword.groovy:81)&#xD;&#xA;&#x9;at com.kms.katalon.core.keyword.builtin.CallTestCaseKeyword.execute(CallTestCaseKeyword.groovy:44)&#xD;&#xA;&#x9;at com.kms.katalon.core.keyword.internal.KeywordExecutor.executeKeywordForPlatform(KeywordExecutor.groovy:56)&#xD;&#xA;&#x9;at com.kms.katalon.core.keyword.BuiltinKeywords.callTestCase(BuiltinKeywords.groovy:334)&#xD;&#xA;&#x9;at Admin_Settings.run(Admin_Settings:34)&#xD;&#xA;&#x9;at com.kms.katalon.core.main.ScriptEngine.run(ScriptEngine.java:194)&#xD;&#xA;&#x9;at com.kms.katalon.core.main.ScriptEngine.runScriptAsRawText(ScriptEngine.java:119)&#xD;&#xA;&#x9;at com.kms.katalon.core.main.TestCaseExecutor.runScript(TestCaseExecutor.java:337)&#xD;&#xA;&#x9;at com.kms.katalon.core.main.TestCaseExecutor.doExecute(TestCaseExecutor.java:328)&#xD;&#xA;&#x9;at com.kms.katalon.core.main.TestCaseExecutor.processExecutionPhase(TestCaseExecutor.java:307)&#xD;&#xA;&#x9;at com.kms.katalon.core.main.TestCaseExecutor.accessMainPhase(TestCaseExecutor.java:299)&#xD;&#xA;&#x9;at com.kms.katalon.core.main.TestCaseExecutor.execute(TestCaseExecutor.java:233)&#xD;&#xA;&#x9;at com.kms.katalon.core.main.TestCaseMain.runTestCase(TestCaseMain.java:114)&#xD;&#xA;&#x9;at com.kms.katalon.core.keyword.builtin.CallTestCaseKeyword$_callTestCase_closure1.doCall(CallTestCaseKeyword.groovy:59)&#xD;&#xA;&#x9;... 20 more&#xD;&#xA;Caused by: groovy.lang.MissingPropertyException: No such property: SelectorMethod for class: Script1564405160446&#xD;&#xA;&#x9;at Create_EmailChannel.run(Create_EmailChannel:112)&#xD;&#xA;&#x9;at com.kms.katalon.core.main.ScriptEngine.run(ScriptEngine.java:194)&#xD;&#xA;&#x9;at com.kms.katalon.core.main.ScriptEngine.runScriptAsRawText(ScriptEngine.java:119)&#xD;&#xA;&#x9;at com.kms.katalon.core.main.TestCaseExecutor.runScript(TestCaseExecutor.java:337)&#xD;&#xA;&#x9;at com.kms.katalon.core.main.TestCaseExecutor.doExecute(TestCaseExecutor.java:328)&#xD;&#xA;&#x9;at com.kms.katalon.core.main.TestCaseExecutor.processExecutionPhase(TestCaseExecutor.java:307)&#xD;&#xA;&#x9;at com.kms.katalon.core.main.TestCaseExecutor.accessMainPhase(TestCaseExecutor.java:299)&#xD;&#xA;&#x9;at com.kms.katalon.core.main.TestCaseExecutor.execute(TestCaseExecutor.java:233)&#xD;&#xA;&#x9;at com.kms.katalon.core.main.TestCaseMain.runTestCase(TestCaseMain.java:114)&#xD;&#xA;&#x9;at com.kms.katalon.core.keyword.builtin.CallTestCaseKeyword$_callTestCase_closure1.doCall(CallTestCaseKeyword.groovy:59)&#xD;&#xA;&#x9;... 36 more&#xD;&#xA;"/>
            <system-out>2019-07-29 16:48:03 - [TEST_CASE][FAILED] - Test Cases/TESTCASE COLLECTIONS/Create_Email_Channel_Contact_NonAdminUser_Group: Test Cases/TESTCASE COLLECTIONS/Create_Email_Channel_Contact_NonAdminUser_Group FAILED.
Reason:
com.kms.katalon.core.exception.StepFailedException: Unable to call Test Case 'Test Cases/Admin/Admin_Settings' (Root cause: com.kms.katalon.core.exception.StepErrorException: Call Test Case 'Test Cases/Admin/Admin_Settings' failed because of error(s)&#xD;
	at com.kms.katalon.core.keyword.builtin.CallTestCaseKeyword$_callTestCase_closure1.doCall(CallTestCaseKeyword.groovy:66)&#xD;
	at com.kms.katalon.core.keyword.builtin.CallTestCaseKeyword$_callTestCase_closure1.call(CallTestCaseKeyword.groovy)&#xD;
	at com.kms.katalon.core.keyword.internal.KeywordMain.runKeyword(KeywordMain.groovy:68)&#xD;
	at com.kms.katalon.core.keyword.builtin.CallTestCaseKeyword.callTestCase(CallTestCaseKeyword.groovy:81)&#xD;
	at com.kms.katalon.core.keyword.builtin.CallTestCaseKeyword.execute(CallTestCaseKeyword.groovy:44)&#xD;
	at com.kms.katalon.core.keyword.internal.KeywordExecutor.executeKeywordForPlatform(KeywordExecutor.groovy:56)&#xD;
	at com.kms.katalon.core.keyword.BuiltinKeywords.callTestCase(BuiltinKeywords.groovy:334)&#xD;
	at Create_Email_Channel_Contact_NonAdminUser_Group.run(Create_Email_Channel_Contact_NonAdminUser_Group:16)&#xD;
	at com.kms.katalon.core.main.ScriptEngine.run(ScriptEngine.java:194)&#xD;
	at com.kms.katalon.core.main.ScriptEngine.runScriptAsRawText(ScriptEngine.java:119)&#xD;
	at com.kms.katalon.core.main.TestCaseExecutor.runScript(TestCaseExecutor.java:337)&#xD;
	at com.kms.katalon.core.main.TestCaseExecutor.doExecute(TestCaseExecutor.java:328)&#xD;
	at com.kms.katalon.core.main.TestCaseExecutor.processExecutionPhase(TestCaseExecutor.java:307)&#xD;
	at com.kms.katalon.core.main.TestCaseExecutor.accessMainPhase(TestCaseExecutor.java:299)&#xD;
	at com.kms.katalon.core.main.TestCaseExecutor.execute(TestCaseExecutor.java:233)&#xD;
	at com.kms.katalon.core.main.TestSuiteExecutor.accessTestCaseMainPhase(TestSuiteExecutor.java:133)&#xD;
	at com.kms.katalon.core.main.TestSuiteExecutor.accessTestSuiteMainPhase(TestSuiteExecutor.java:116)&#xD;
	at com.kms.katalon.core.main.TestSuiteExecutor.execute(TestSuiteExecutor.java:83)&#xD;
	at com.kms.katalon.core.main.TestCaseMain.startTestSuite(TestCaseMain.java:157)&#xD;
	at com.kms.katalon.core.main.TestCaseMain$startTestSuite$0.call(Unknown Source)&#xD;
	at TempTestSuite1564408079064.run(TempTestSuite1564408079064.groovy:35)&#xD;
Caused by: com.kms.katalon.core.exception.StepErrorException: Call Test Case 'Test Cases/Admin/Create_EmailChannel' failed because of error(s)&#xD;
	at com.kms.katalon.core.keyword.builtin.CallTestCaseKeyword$_callTestCase_closure1.doCall(CallTestCaseKeyword.groovy:66)&#xD;
	at com.kms.katalon.core.keyword.builtin.CallTestCaseKeyword$_callTestCase_closure1.call(CallTestCaseKeyword.groovy)&#xD;
	at com.kms.katalon.core.keyword.internal.KeywordMain.runKeyword(KeywordMain.groovy:68)&#xD;
	at com.kms.katalon.core.keyword.builtin.CallTestCaseKeyword.callTestCase(CallTestCaseKeyword.groovy:81)&#xD;
	at com.kms.katalon.core.keyword.builtin.CallTestCaseKeyword.execute(CallTestCaseKeyword.groovy:44)&#xD;
	at com.kms.katalon.core.keyword.internal.KeywordExecutor.executeKeywordForPlatform(KeywordExecutor.groovy:56)&#xD;
	at com.kms.katalon.core.keyword.BuiltinKeywords.callTestCase(BuiltinKeywords.groovy:334)&#xD;
	at Admin_Settings.run(Admin_Settings:34)&#xD;
	at com.kms.katalon.core.main.ScriptEngine.run(ScriptEngine.java:194)&#xD;
	at com.kms.katalon.core.main.ScriptEngine.runScriptAsRawText(ScriptEngine.java:119)&#xD;
	at com.kms.katalon.core.main.TestCaseExecutor.runScript(TestCaseExecutor.java:337)&#xD;
	at com.kms.katalon.core.main.TestCaseExecutor.doExecute(TestCaseExecutor.java:328)&#xD;
	at com.kms.katalon.core.main.TestCaseExecutor.processExecutionPhase(TestCaseExecutor.java:307)&#xD;
	at com.kms.katalon.core.main.TestCaseExecutor.accessMainPhase(TestCaseExecutor.java:299)&#xD;
	at com.kms.katalon.core.main.TestCaseExecutor.execute(TestCaseExecutor.java:233)&#xD;
	at com.kms.katalon.core.main.TestCaseMain.runTestCase(TestCaseMain.java:114)&#xD;
	at com.kms.katalon.core.keyword.builtin.CallTestCaseKeyword$_callTestCase_closure1.doCall(CallTestCaseKeyword.groovy:59)&#xD;
	... 20 more&#xD;
Caused by: groovy.lang.MissingPropertyException: No such property: SelectorMethod for class: Script1564405160446&#xD;
	at Create_EmailChannel.run(Create_EmailChannel:112)&#xD;
	at com.kms.katalon.core.main.ScriptEngine.run(ScriptEngine.java:194)&#xD;
	at com.kms.katalon.core.main.ScriptEngine.runScriptAsRawText(ScriptEngine.java:119)&#xD;
	at com.kms.katalon.core.main.TestCaseExecutor.runScript(TestCaseExecutor.java:337)&#xD;
	at com.kms.katalon.core.main.TestCaseExecutor.doExecute(TestCaseExecutor.java:328)&#xD;
	at com.kms.katalon.core.main.TestCaseExecutor.processExecutionPhase(TestCaseExecutor.java:307)&#xD;
	at com.kms.katalon.core.main.TestCaseExecutor.accessMainPhase(TestCaseExecutor.java:299)&#xD;
	at com.kms.katalon.core.main.TestCaseExecutor.execute(TestCaseExecutor.java:233)&#xD;
	at com.kms.katalon.core.main.TestCaseMain.runTestCase(TestCaseMain.java:114)&#xD;
	at com.kms.katalon.core.keyword.builtin.CallTestCaseKeyword$_callTestCase_closure1.doCall(CallTestCaseKeyword.groovy:59)&#xD;
	... 36 more&#xD;
)&#xD;
	at com.kms.katalon.core.keyword.internal.KeywordMain.stepFailed(KeywordMain.groovy:39)&#xD;
	at com.kms.katalon.core.keyword.internal.KeywordMain.stepFailed(KeywordMain.groovy)&#xD;
	at com.kms.katalon.core.keyword.internal.KeywordMain.runKeyword(KeywordMain.groovy:70)&#xD;
	at com.kms.katalon.core.keyword.builtin.CallTestCaseKeyword.callTestCase(CallTestCaseKeyword.groovy:81)&#xD;
	at com.kms.katalon.core.keyword.builtin.CallTestCaseKeyword.execute(CallTestCaseKeyword.groovy:44)&#xD;
	at com.kms.katalon.core.keyword.internal.KeywordExecutor.executeKeywordForPlatform(KeywordExecutor.groovy:56)&#xD;
	at com.kms.katalon.core.keyword.BuiltinKeywords.callTestCase(BuiltinKeywords.groovy:334)&#xD;
	at Create_Email_Channel_Contact_NonAdminUser_Group.run(Create_Email_Channel_Contact_NonAdminUser_Group:16)&#xD;
	at com.kms.katalon.core.main.ScriptEngine.run(ScriptEngine.java:194)&#xD;
	at com.kms.katalon.core.main.ScriptEngine.runScriptAsRawText(ScriptEngine.java:119)&#xD;
	at com.kms.katalon.core.main.TestCaseExecutor.runScript(TestCaseExecutor.java:337)&#xD;
	at com.kms.katalon.core.main.TestCaseExecutor.doExecute(TestCaseExecutor.java:328)&#xD;
	at com.kms.katalon.core.main.TestCaseExecutor.processExecutionPhase(TestCaseExecutor.java:307)&#xD;
	at com.kms.katalon.core.main.TestCaseExecutor.accessMainPhase(TestCaseExecutor.java:299)&#xD;
	at com.kms.katalon.core.main.TestCaseExecutor.execute(TestCaseExecutor.java:233)&#xD;
	at com.kms.katalon.core.main.TestSuiteExecutor.accessTestCaseMainPhase(TestSuiteExecutor.java:133)&#xD;
	at com.kms.katalon.core.main.TestSuiteExecutor.accessTestSuiteMainPhase(TestSuiteExecutor.java:116)&#xD;
	at com.kms.katalon.core.main.TestSuiteExecutor.execute(TestSuiteExecutor.java:83)&#xD;
	at com.kms.katalon.core.main.TestCaseMain.startTestSuite(TestCaseMain.java:157)&#xD;
	at com.kms.katalon.core.main.TestCaseMain$startTestSuite$0.call(Unknown Source)&#xD;
	at TempTestSuite1564408079064.run(TempTestSuite1564408079064.groovy:35)&#xD;
Caused by: com.kms.katalon.core.exception.StepErrorException: Call Test Case 'Test Cases/Admin/Admin_Settings' failed because of error(s)&#xD;
	at com.kms.katalon.core.keyword.builtin.CallTestCaseKeyword$_callTestCase_closure1.doCall(CallTestCaseKeyword.groovy:66)&#xD;
	at com.kms.katalon.core.keyword.builtin.CallTestCaseKeyword$_callTestCase_closure1.call(CallTestCaseKeyword.groovy)&#xD;
	at com.kms.katalon.core.keyword.internal.KeywordMain.runKeyword(KeywordMain.groovy:68)&#xD;
	... 18 more&#xD;
Caused by: com.kms.katalon.core.exception.StepErrorException: Call Test Case 'Test Cases/Admin/Create_EmailChannel' failed because of error(s)&#xD;
	at com.kms.katalon.core.keyword.builtin.CallTestCaseKeyword$_callTestCase_closure1.doCall(CallTestCaseKeyword.groovy:66)&#xD;
	at com.kms.katalon.core.keyword.builtin.CallTestCaseKeyword$_callTestCase_closure1.call(CallTestCaseKeyword.groovy)&#xD;
	at com.kms.katalon.core.keyword.internal.KeywordMain.runKeyword(KeywordMain.groovy:68)&#xD;
	at com.kms.katalon.core.keyword.builtin.CallTestCaseKeyword.callTestCase(CallTestCaseKeyword.groovy:81)&#xD;
	at com.kms.katalon.core.keyword.builtin.CallTestCaseKeyword.execute(CallTestCaseKeyword.groovy:44)&#xD;
	at com.kms.katalon.core.keyword.internal.KeywordExecutor.executeKeywordForPlatform(KeywordExecutor.groovy:56)&#xD;
	at com.kms.katalon.core.keyword.BuiltinKeywords.callTestCase(BuiltinKeywords.groovy:334)&#xD;
	at Admin_Settings.run(Admin_Settings:34)&#xD;
	at com.kms.katalon.core.main.ScriptEngine.run(ScriptEngine.java:194)&#xD;
	at com.kms.katalon.core.main.ScriptEngine.runScriptAsRawText(ScriptEngine.java:119)&#xD;
	at com.kms.katalon.core.main.TestCaseExecutor.runScript(TestCaseExecutor.java:337)&#xD;
	at com.kms.katalon.core.main.TestCaseExecutor.doExecute(TestCaseExecutor.java:328)&#xD;
	at com.kms.katalon.core.main.TestCaseExecutor.processExecutionPhase(TestCaseExecutor.java:307)&#xD;
	at com.kms.katalon.core.main.TestCaseExecutor.accessMainPhase(TestCaseExecutor.java:299)&#xD;
	at com.kms.katalon.core.main.TestCaseExecutor.execute(TestCaseExecutor.java:233)&#xD;
	at com.kms.katalon.core.main.TestCaseMain.runTestCase(TestCaseMain.java:114)&#xD;
	at com.kms.katalon.core.keyword.builtin.CallTestCaseKeyword$_callTestCase_closure1.doCall(CallTestCaseKeyword.groovy:59)&#xD;
	... 20 more&#xD;
Caused by: groovy.lang.MissingPropertyException: No such property: SelectorMethod for class: Script1564405160446&#xD;
	at Create_EmailChannel.run(Create_EmailChannel:112)&#xD;
	at com.kms.katalon.core.main.ScriptEngine.run(ScriptEngine.java:194)&#xD;
	at com.kms.katalon.core.main.ScriptEngine.runScriptAsRawText(ScriptEngine.java:119)&#xD;
	at com.kms.katalon.core.main.TestCaseExecutor.runScript(TestCaseExecutor.java:337)&#xD;
	at com.kms.katalon.core.main.TestCaseExecutor.doExecute(TestCaseExecutor.java:328)&#xD;
	at com.kms.katalon.core.main.TestCaseExecutor.processExecutionPhase(TestCaseExecutor.java:307)&#xD;
	at com.kms.katalon.core.main.TestCaseExecutor.accessMainPhase(TestCaseExecutor.java:299)&#xD;
	at com.kms.katalon.core.main.TestCaseExecutor.execute(TestCaseExecutor.java:233)&#xD;
	at com.kms.katalon.core.main.TestCaseMain.runTestCase(TestCaseMain.java:114)&#xD;
	at com.kms.katalon.core.keyword.builtin.CallTestCaseKeyword$_callTestCase_closure1.doCall(CallTestCaseKeyword.groovy:59)&#xD;
	... 36 more&#xD;
&#xD;
&#xD;
2019-07-29 16:48:03 - [TEST_STEP][FAILED] - callTestCase(findTestCase("Admin/Admin_Settings"), [:], CONTINUE_ON_FAILURE): Unable to call Test Case 'Test Cases/Admin/Admin_Settings' (Root cause: com.kms.katalon.core.exception.StepErrorException: Call Test Case 'Test Cases/Admin/Admin_Settings' failed because of error(s)&#xD;
	at com.kms.katalon.core.keyword.builtin.CallTestCaseKeyword$_callTestCase_closure1.doCall(CallTestCaseKeyword.groovy:66)&#xD;
	at com.kms.katalon.core.keyword.builtin.CallTestCaseKeyword$_callTestCase_closure1.call(CallTestCaseKeyword.groovy)&#xD;
	at com.kms.katalon.core.keyword.internal.KeywordMain.runKeyword(KeywordMain.groovy:68)&#xD;
	at com.kms.katalon.core.keyword.builtin.CallTestCaseKeyword.callTestCase(CallTestCaseKeyword.groovy:81)&#xD;
	at com.kms.katalon.core.keyword.builtin.CallTestCaseKeyword.execute(CallTestCaseKeyword.groovy:44)&#xD;
	at com.kms.katalon.core.keyword.internal.KeywordExecutor.executeKeywordForPlatform(KeywordExecutor.groovy:56)&#xD;
	at com.kms.katalon.core.keyword.BuiltinKeywords.callTestCase(BuiltinKeywords.groovy:334)&#xD;
	at Create_Email_Channel_Contact_NonAdminUser_Group.run(Create_Email_Channel_Contact_NonAdminUser_Group:16)&#xD;
	at com.kms.katalon.core.main.ScriptEngine.run(ScriptEngine.java:194)&#xD;
	at com.kms.katalon.core.main.ScriptEngine.runScriptAsRawText(ScriptEngine.java:119)&#xD;
	at com.kms.katalon.core.main.TestCaseExecutor.runScript(TestCaseExecutor.java:337)&#xD;
	at com.kms.katalon.core.main.TestCaseExecutor.doExecute(TestCaseExecutor.java:328)&#xD;
	at com.kms.katalon.core.main.TestCaseExecutor.processExecutionPhase(TestCaseExecutor.java:307)&#xD;
	at com.kms.katalon.core.main.TestCaseExecutor.accessMainPhase(TestCaseExecutor.java:299)&#xD;
	at com.kms.katalon.core.main.TestCaseExecutor.execute(TestCaseExecutor.java:233)&#xD;
	at com.kms.katalon.core.main.TestSuiteExecutor.accessTestCaseMainPhase(TestSuiteExecutor.java:133)&#xD;
	at com.kms.katalon.core.main.TestSuiteExecutor.accessTestSuiteMainPhase(TestSuiteExecutor.java:116)&#xD;
	at com.kms.katalon.core.main.TestSuiteExecutor.execute(TestSuiteExecutor.java:83)&#xD;
	at com.kms.katalon.core.main.TestCaseMain.startTestSuite(TestCaseMain.java:157)&#xD;
	at com.kms.katalon.core.main.TestCaseMain$startTestSuite$0.call(Unknown Source)&#xD;
	at TempTestSuite1564408079064.run(TempTestSuite1564408079064.groovy:35)&#xD;
Caused by: com.kms.katalon.core.exception.StepErrorException: Call Test Case 'Test Cases/Admin/Create_EmailChannel' failed because of error(s)&#xD;
	at com.kms.katalon.core.keyword.builtin.CallTestCaseKeyword$_callTestCase_closure1.doCall(CallTestCaseKeyword.groovy:66)&#xD;
	at com.kms.katalon.core.keyword.builtin.CallTestCaseKeyword$_callTestCase_closure1.call(CallTestCaseKeyword.groovy)&#xD;
	at com.kms.katalon.core.keyword.internal.KeywordMain.runKeyword(KeywordMain.groovy:68)&#xD;
	at com.kms.katalon.core.keyword.builtin.CallTestCaseKeyword.callTestCase(CallTestCaseKeyword.groovy:81)&#xD;
	at com.kms.katalon.core.keyword.builtin.CallTestCaseKeyword.execute(CallTestCaseKeyword.groovy:44)&#xD;
	at com.kms.katalon.core.keyword.internal.KeywordExecutor.executeKeywordForPlatform(KeywordExecutor.groovy:56)&#xD;
	at com.kms.katalon.core.keyword.BuiltinKeywords.callTestCase(BuiltinKeywords.groovy:334)&#xD;
	at Admin_Settings.run(Admin_Settings:34)&#xD;
	at com.kms.katalon.core.main.ScriptEngine.run(ScriptEngine.java:194)&#xD;
	at com.kms.katalon.core.main.ScriptEngine.runScriptAsRawText(ScriptEngine.java:119)&#xD;
	at com.kms.katalon.core.main.TestCaseExecutor.runScript(TestCaseExecutor.java:337)&#xD;
	at com.kms.katalon.core.main.TestCaseExecutor.doExecute(TestCaseExecutor.java:328)&#xD;
	at com.kms.katalon.core.main.TestCaseExecutor.processExecutionPhase(TestCaseExecutor.java:307)&#xD;
	at com.kms.katalon.core.main.TestCaseExecutor.accessMainPhase(TestCaseExecutor.java:299)&#xD;
	at com.kms.katalon.core.main.TestCaseExecutor.execute(TestCaseExecutor.java:233)&#xD;
	at com.kms.katalon.core.main.TestCaseMain.runTestCase(TestCaseMain.java:114)&#xD;
	at com.kms.katalon.core.keyword.builtin.CallTestCaseKeyword$_callTestCase_closure1.doCall(CallTestCaseKeyword.groovy:59)&#xD;
	... 20 more&#xD;
Caused by: groovy.lang.MissingPropertyException: No such property: SelectorMethod for class: Script1564405160446&#xD;
	at Create_EmailChannel.run(Create_EmailChannel:112)&#xD;
	at com.kms.katalon.core.main.ScriptEngine.run(ScriptEngine.java:194)&#xD;
	at com.kms.katalon.core.main.ScriptEngine.runScriptAsRawText(ScriptEngine.java:119)&#xD;
	at com.kms.katalon.core.main.TestCaseExecutor.runScript(TestCaseExecutor.java:337)&#xD;
	at com.kms.katalon.core.main.TestCaseExecutor.doExecute(TestCaseExecutor.java:328)&#xD;
	at com.kms.katalon.core.main.TestCaseExecutor.processExecutionPhase(TestCaseExecutor.java:307)&#xD;
	at com.kms.katalon.core.main.TestCaseExecutor.accessMainPhase(TestCaseExecutor.java:299)&#xD;
	at com.kms.katalon.core.main.TestCaseExecutor.execute(TestCaseExecutor.java:233)&#xD;
	at com.kms.katalon.core.main.TestCaseMain.runTestCase(TestCaseMain.java:114)&#xD;
	at com.kms.katalon.core.keyword.builtin.CallTestCaseKeyword$_callTestCase_closure1.doCall(CallTestCaseKeyword.groovy:59)&#xD;
	... 36 more&#xD;
)&#xD;
&#xD;
2019-07-29 16:48:03 - [TEST_CASE][ERROR] - Test Cases/Admin/Admin_Settings: Test Cases/Admin/Admin_Settings FAILED.
Reason:
com.kms.katalon.core.exception.StepErrorException: Call Test Case 'Test Cases/Admin/Create_EmailChannel' failed because of error(s)&#xD;
	at com.kms.katalon.core.keyword.builtin.CallTestCaseKeyword$_callTestCase_closure1.doCall(CallTestCaseKeyword.groovy:66)&#xD;
	at com.kms.katalon.core.keyword.builtin.CallTestCaseKeyword$_callTestCase_closure1.call(CallTestCaseKeyword.groovy)&#xD;
	at com.kms.katalon.core.keyword.internal.KeywordMain.runKeyword(KeywordMain.groovy:68)&#xD;
	at com.kms.katalon.core.keyword.builtin.CallTestCaseKeyword.callTestCase(CallTestCaseKeyword.groovy:81)&#xD;
	at com.kms.katalon.core.keyword.builtin.CallTestCaseKeyword.execute(CallTestCaseKeyword.groovy:44)&#xD;
	at com.kms.katalon.core.keyword.internal.KeywordExecutor.executeKeywordForPlatform(KeywordExecutor.groovy:56)&#xD;
	at com.kms.katalon.core.keyword.BuiltinKeywords.callTestCase(BuiltinKeywords.groovy:334)&#xD;
	at Admin_Settings.run(Admin_Settings:34)&#xD;
	at com.kms.katalon.core.main.ScriptEngine.run(ScriptEngine.java:194)&#xD;
	at com.kms.katalon.core.main.ScriptEngine.runScriptAsRawText(ScriptEngine.java:119)&#xD;
	at com.kms.katalon.core.main.TestCaseExecutor.runScript(TestCaseExecutor.java:337)&#xD;
	at com.kms.katalon.core.main.TestCaseExecutor.doExecute(TestCaseExecutor.java:328)&#xD;
	at com.kms.katalon.core.main.TestCaseExecutor.processExecutionPhase(TestCaseExecutor.java:307)&#xD;
	at com.kms.katalon.core.main.TestCaseExecutor.accessMainPhase(TestCaseExecutor.java:299)&#xD;
	at com.kms.katalon.core.main.TestCaseExecutor.execute(TestCaseExecutor.java:233)&#xD;
	at com.kms.katalon.core.main.TestCaseMain.runTestCase(TestCaseMain.java:114)&#xD;
	at com.kms.katalon.core.keyword.builtin.CallTestCaseKeyword$_callTestCase_closure1.doCall(CallTestCaseKeyword.groovy:59)&#xD;
	at com.kms.katalon.core.keyword.builtin.CallTestCaseKeyword$_callTestCase_closure1.call(CallTestCaseKeyword.groovy)&#xD;
	at com.kms.katalon.core.keyword.internal.KeywordMain.runKeyword(KeywordMain.groovy:68)&#xD;
	at com.kms.katalon.core.keyword.builtin.CallTestCaseKeyword.callTestCase(CallTestCaseKeyword.groovy:81)&#xD;
	at com.kms.katalon.core.keyword.builtin.CallTestCaseKeyword.execute(CallTestCaseKeyword.groovy:44)&#xD;
	at com.kms.katalon.core.keyword.internal.KeywordExecutor.executeKeywordForPlatform(KeywordExecutor.groovy:56)&#xD;
	at com.kms.katalon.core.keyword.BuiltinKeywords.callTestCase(BuiltinKeywords.groovy:334)&#xD;
	at Create_Email_Channel_Contact_NonAdminUser_Group.run(Create_Email_Channel_Contact_NonAdminUser_Group:16)&#xD;
	at com.kms.katalon.core.main.ScriptEngine.run(ScriptEngine.java:194)&#xD;
	at com.kms.katalon.core.main.ScriptEngine.runScriptAsRawText(ScriptEngine.java:119)&#xD;
	at com.kms.katalon.core.main.TestCaseExecutor.runScript(TestCaseExecutor.java:337)&#xD;
	at com.kms.katalon.core.main.TestCaseExecutor.doExecute(TestCaseExecutor.java:328)&#xD;
	at com.kms.katalon.core.main.TestCaseExecutor.processExecutionPhase(TestCaseExecutor.java:307)&#xD;
	at com.kms.katalon.core.main.TestCaseExecutor.accessMainPhase(TestCaseExecutor.java:299)&#xD;
	at com.kms.katalon.core.main.TestCaseExecutor.execute(TestCaseExecutor.java:233)&#xD;
	at com.kms.katalon.core.main.TestSuiteExecutor.accessTestCaseMainPhase(TestSuiteExecutor.java:133)&#xD;
	at com.kms.katalon.core.main.TestSuiteExecutor.accessTestSuiteMainPhase(TestSuiteExecutor.java:116)&#xD;
	at com.kms.katalon.core.main.TestSuiteExecutor.execute(TestSuiteExecutor.java:83)&#xD;
	at com.kms.katalon.core.main.TestCaseMain.startTestSuite(TestCaseMain.java:157)&#xD;
	at com.kms.katalon.core.main.TestCaseMain$startTestSuite$0.call(Unknown Source)&#xD;
	at TempTestSuite1564408079064.run(TempTestSuite1564408079064.groovy:35)&#xD;
Caused by: groovy.lang.MissingPropertyException: No such property: SelectorMethod for class: Script1564405160446&#xD;
	at Create_EmailChannel.run(Create_EmailChannel:112)&#xD;
	at com.kms.katalon.core.main.ScriptEngine.run(ScriptEngine.java:194)&#xD;
	at com.kms.katalon.core.main.ScriptEngine.runScriptAsRawText(ScriptEngine.java:119)&#xD;
	at com.kms.katalon.core.main.TestCaseExecutor.runScript(TestCaseExecutor.java:337)&#xD;
	at com.kms.katalon.core.main.TestCaseExecutor.doExecute(TestCaseExecutor.java:328)&#xD;
	at com.kms.katalon.core.main.TestCaseExecutor.processExecutionPhase(TestCaseExecutor.java:307)&#xD;
	at com.kms.katalon.core.main.TestCaseExecutor.accessMainPhase(TestCaseExecutor.java:299)&#xD;
	at com.kms.katalon.core.main.TestCaseExecutor.execute(TestCaseExecutor.java:233)&#xD;
	at com.kms.katalon.core.main.TestCaseMain.runTestCase(TestCaseMain.java:114)&#xD;
	at com.kms.katalon.core.keyword.builtin.CallTestCaseKeyword$_callTestCase_closure1.doCall(CallTestCaseKeyword.groovy:59)&#xD;
	... 36 more&#xD;
&#xD;
&#xD;
2019-07-29 16:48:03 - [TEST_STEP][PASSED] - callTestCase(findTestCase("Main Login Page/login_simple"), [:], CONTINUE_ON_FAILURE): Call Test Case 'Test Cases/Main Login Page/login_simple' successfully&#xD;
&#xD;
2019-07-29 16:48:03 - [TEST_CASE][PASSED] - Test Cases/Main Login Page/login_simple: Test Cases/Main Login Page/login_simple&#xD;
&#xD;
2019-07-29 16:48:03 - [TEST_STEP][PASSED] - openBrowser(url_enterprise, STOP_ON_FAILURE): Browser is opened with url: 'http://192.168.1.55:8094/'&#xD;
&#xD;
2019-07-29 16:48:04 - [MESSAGE][INFO] - Starting 'Chrome' driver&#xD;
&#xD;
2019-07-29 16:48:04 - [MESSAGE][INFO] - Action delay is set to 0 seconds&#xD;
&#xD;
2019-07-29 16:48:07 - [MESSAGE][PASSED] - Browser is opened with url: 'http://192.168.1.55:8094/'&#xD;
&#xD;
2019-07-29 16:48:07 - [TEST_STEP][PASSED] - maximizeWindow(): Current window maximized&#xD;
&#xD;
2019-07-29 16:48:08 - [MESSAGE][PASSED] - Current window maximized&#xD;
&#xD;
2019-07-29 16:48:08 - [TEST_STEP][PASSED] - setText(findTestObject("Main Login Page/input_userName"), Username_Admin, CONTINUE_ON_FAILURE): Text 'Ere' is set on object 'Object Repository/Main Login Page/input_userName'&#xD;
&#xD;
2019-07-29 16:48:08 - [MESSAGE][PASSED] - Text 'Ere' is set on object 'Object Repository/Main Login Page/input_userName'&#xD;
&#xD;
2019-07-29 16:48:08 - [TEST_STEP][PASSED] - setText(findTestObject("Main Login Page/input_password"), Password_Admin, CONTINUE_ON_FAILURE): Text 'ere123' is set on object 'Object Repository/Main Login Page/input_password'&#xD;
&#xD;
2019-07-29 16:48:09 - [MESSAGE][PASSED] - Text 'ere123' is set on object 'Object Repository/Main Login Page/input_password'&#xD;
&#xD;
2019-07-29 16:48:09 - [TEST_STEP][PASSED] - click(findTestObject("Main Login Page/button_Sign in"), CONTINUE_ON_FAILURE): Object: 'Object Repository/Main Login Page/button_Sign in' is clicked on&#xD;
&#xD;
2019-07-29 16:48:09 - [MESSAGE][PASSED] - Object: 'Object Repository/Main Login Page/button_Sign in' is clicked on&#xD;
&#xD;
2019-07-29 16:48:09 - [TEST_STEP][PASSED] - delay(1, CONTINUE_ON_FAILURE): Delayed 1 second(s)&#xD;
&#xD;
2019-07-29 16:48:10 - [MESSAGE][PASSED] - Delayed 1 second(s)&#xD;
&#xD;
2019-07-29 16:48:10 - [TEST_STEP][PASSED] - if (verifyElementVisible(findTestObject("Main Login Page/Multiple environments/Environment Selector"), OPTIONAL)): Delayed 2 second(s)&#xD;
&#xD;
2019-07-29 16:48:10 - [MESSAGE][PASSED] - Object 'Object Repository/Main Login Page/Multiple environments/Environment Selector' is visible&#xD;
&#xD;
2019-07-29 16:48:10 - [TEST_STEP][NOT_RUN] - delay(1, CONTINUE_ON_FAILURE): NOT_RUN: delay(1, CONTINUE_ON_FAILURE)&#xD;
&#xD;
2019-07-29 16:48:10 - [MESSAGE][NOT_RUN] - NOT_RUN: delay(1, CONTINUE_ON_FAILURE)&#xD;
&#xD;
2019-07-29 16:48:10 - [TEST_STEP][PASSED] - waitForElementClickable(findTestObject("Main Login Page/Multiple environments/button_Continue"), 0, CONTINUE_ON_FAILURE): Object 'Object Repository/Main Login Page/Multiple environments/button_Continue' is clickable&#xD;
&#xD;
2019-07-29 16:48:10 - [MESSAGE][WARNING] - Timeout '0' is invalid. Using default page load timeout: '5'&#xD;
&#xD;
2019-07-29 16:48:10 - [MESSAGE][PASSED] - Object 'Object Repository/Main Login Page/Multiple environments/button_Continue' is clickable&#xD;
&#xD;
2019-07-29 16:48:10 - [TEST_STEP][PASSED] - click(findTestObject("Main Login Page/Multiple environments/Environment Selector"), CONTINUE_ON_FAILURE): Object: 'Object Repository/Main Login Page/Multiple environments/Environment Selector' is clicked on&#xD;
&#xD;
2019-07-29 16:48:10 - [MESSAGE][PASSED] - Object: 'Object Repository/Main Login Page/Multiple environments/Environment Selector' is clicked on&#xD;
&#xD;
2019-07-29 16:48:10 - [TEST_STEP][PASSED] - waitForElementVisible(findTestObject("Main Login Page/Multiple environments/button_Continue"), 1, CONTINUE_ON_FAILURE): Object 'Object Repository/Main Login Page/Multiple environments/button_Continue' is visible&#xD;
&#xD;
2019-07-29 16:48:10 - [MESSAGE][PASSED] - Object 'Object Repository/Main Login Page/Multiple environments/button_Continue' is visible&#xD;
&#xD;
2019-07-29 16:48:10 - [TEST_STEP][PASSED] - click(findTestObject("Main Login Page/Multiple environments/button_Continue"), CONTINUE_ON_FAILURE): Object: 'Object Repository/Main Login Page/Multiple environments/button_Continue' is clicked on&#xD;
&#xD;
2019-07-29 16:48:10 - [MESSAGE][PASSED] - Object: 'Object Repository/Main Login Page/Multiple environments/button_Continue' is clicked on&#xD;
&#xD;
2019-07-29 16:48:10 - [TEST_STEP][PASSED] - delay(2, CONTINUE_ON_FAILURE): Delayed 2 second(s)&#xD;
&#xD;
2019-07-29 16:48:12 - [MESSAGE][PASSED] - Delayed 2 second(s)&#xD;
&#xD;
2019-07-29 16:48:12 - [MESSAGE][PASSED] - Call Test Case 'Test Cases/Main Login Page/login_simple' successfully&#xD;
&#xD;
2019-07-29 16:48:12 - [TEST_STEP][PASSED] - callTestCase(findTestCase("Admin/Login_sysinternals"), [:], STOP_ON_FAILURE): Call Test Case 'Test Cases/Admin/Login_sysinternals' successfully&#xD;
&#xD;
2019-07-29 16:48:12 - [TEST_CASE][PASSED] - Test Cases/Admin/Login_sysinternals: Test Cases/Admin/Login_sysinternals&#xD;
&#xD;
2019-07-29 16:48:12 - [TEST_STEP][NOT_RUN] - callTestCase(findTestCase("Main Login Page/login_simple"), [:], CONTINUE_ON_FAILURE): NOT_RUN: callTestCase(findTestCase("Main Login Page/login_simple"), [:], CONTINUE_ON_FAILURE)&#xD;
&#xD;
2019-07-29 16:48:12 - [MESSAGE][NOT_RUN] - NOT_RUN: callTestCase(findTestCase("Main Login Page/login_simple"), [:], CONTINUE_ON_FAILURE)&#xD;
&#xD;
2019-07-29 16:48:12 - [TEST_STEP][PASSED] - delay(3, CONTINUE_ON_FAILURE): Delayed 3 second(s)&#xD;
&#xD;
2019-07-29 16:48:15 - [MESSAGE][PASSED] - Delayed 3 second(s)&#xD;
&#xD;
2019-07-29 16:48:15 - [TEST_STEP][PASSED] - click(findTestObject("Admin/a_Admin"), CONTINUE_ON_FAILURE): Object: 'Object Repository/Admin/a_Admin' is clicked on&#xD;
&#xD;
2019-07-29 16:48:15 - [MESSAGE][PASSED] - Object: 'Object Repository/Admin/a_Admin' is clicked on&#xD;
&#xD;
2019-07-29 16:48:15 - [TEST_STEP][PASSED] - delay(3, CONTINUE_ON_FAILURE): Delayed 3 second(s)&#xD;
&#xD;
2019-07-29 16:48:18 - [MESSAGE][PASSED] - Delayed 3 second(s)&#xD;
&#xD;
2019-07-29 16:48:18 - [TEST_STEP][PASSED] - verifyElementText(findTestObject("Admin/SettingsHome/Home_Text"), "General", CONTINUE_ON_FAILURE): Actual text and expected text of test object 'Object Repository/Admin/SettingsHome/Home_Text' are matched.&#xD;
&#xD;
2019-07-29 16:48:18 - [MESSAGE][PASSED] - Actual text and expected text of test object 'Object Repository/Admin/SettingsHome/Home_Text' are matched.&#xD;
&#xD;
2019-07-29 16:48:18 - [TEST_STEP][PASSED] - verifyElementText(findTestObject("Admin/SettingsHome/Advanced_text"), "Advanced", CONTINUE_ON_FAILURE): Actual text and expected text of test object 'Object Repository/Admin/SettingsHome/Advanced_text' are matched.&#xD;
&#xD;
2019-07-29 16:48:18 - [MESSAGE][PASSED] - Actual text and expected text of test object 'Object Repository/Admin/SettingsHome/Advanced_text' are matched.&#xD;
&#xD;
2019-07-29 16:48:18 - [TEST_STEP][PASSED] - verifyElementVisible(findTestObject("Admin/SettingsHome/Timezone_text"), CONTINUE_ON_FAILURE): Object 'Object Repository/Admin/SettingsHome/Timezone_text' is visible&#xD;
&#xD;
2019-07-29 16:48:18 - [MESSAGE][PASSED] - Object 'Object Repository/Admin/SettingsHome/Timezone_text' is visible&#xD;
&#xD;
2019-07-29 16:48:18 - [TEST_STEP][PASSED] - verifyElementVisible(findTestObject("Admin/SettingsHome/Show Internals_text"), CONTINUE_ON_FAILURE): Object 'Object Repository/Admin/SettingsHome/Show Internals_text' is visible&#xD;
&#xD;
2019-07-29 16:48:18 - [MESSAGE][PASSED] - Object 'Object Repository/Admin/SettingsHome/Show Internals_text' is visible&#xD;
&#xD;
2019-07-29 16:48:18 - [TEST_STEP][PASSED] - if (verifyElementNotChecked(findTestObject("Admin/SettingsHome/input_showSysinternals"), 1, OPTIONAL)): Object 'Object Repository/Admin/SettingsHome/input_showSysinternals' is checked (Root cause: com.kms.katalon.core.exception.StepFailedException: Object 'Object Repository/Admin/SettingsHome/input_showSysinternals' is checked&#xD;
	at com.kms.katalon.core.webui.keyword.internal.WebUIKeywordMain.stepFailed(WebUIKeywordMain.groovy:64)&#xD;
	at com.kms.katalon.core.webui.keyword.builtin.VerifyElementNotCheckedKeyword$_verifyElementNotChecked_closure1.doCall(VerifyElementNotCheckedKeyword.groovy:82)&#xD;
	at com.kms.katalon.core.webui.keyword.builtin.VerifyElementNotCheckedKeyword$_verifyElementNotChecked_closure1.call(VerifyElementNotCheckedKeyword.groovy)&#xD;
	at com.kms.katalon.core.webui.keyword.internal.WebUIKeywordMain.runKeyword(WebUIKeywordMain.groovy:20)&#xD;
	at com.kms.katalon.core.webui.keyword.builtin.VerifyElementNotCheckedKeyword.verifyElementNotChecked(VerifyElementNotCheckedKeyword.groovy:93)&#xD;
	at com.kms.katalon.core.webui.keyword.builtin.VerifyElementNotCheckedKeyword.execute(VerifyElementNotCheckedKeyword.groovy:68)&#xD;
	at com.kms.katalon.core.keyword.internal.KeywordExecutor.executeKeywordForPlatform(KeywordExecutor.groovy:56)&#xD;
	at com.kms.katalon.core.webui.keyword.WebUiBuiltInKeywords.verifyElementNotChecked(WebUiBuiltInKeywords.groovy:1385)&#xD;
	at com.kms.katalon.core.webui.keyword.WebUiBuiltInKeywords$verifyElementNotChecked$7.call(Unknown Source)&#xD;
	at Login_sysinternals.run(Login_sysinternals:32)&#xD;
	at com.kms.katalon.core.main.ScriptEngine.run(ScriptEngine.java:194)&#xD;
	at com.kms.katalon.core.main.ScriptEngine.runScriptAsRawText(ScriptEngine.java:119)&#xD;
	at com.kms.katalon.core.main.TestCaseExecutor.runScript(TestCaseExecutor.java:337)&#xD;
	at com.kms.katalon.core.main.TestCaseExecutor.doExecute(TestCaseExecutor.java:328)&#xD;
	at com.kms.katalon.core.main.TestCaseExecutor.processExecutionPhase(TestCaseExecutor.java:307)&#xD;
	at com.kms.katalon.core.main.TestCaseExecutor.accessMainPhase(TestCaseExecutor.java:299)&#xD;
	at com.kms.katalon.core.main.TestCaseExecutor.execute(TestCaseExecutor.java:233)&#xD;
	at com.kms.katalon.core.main.TestCaseMain.runTestCase(TestCaseMain.java:114)&#xD;
	at com.kms.katalon.core.keyword.builtin.CallTestCaseKeyword$_callTestCase_closure1.doCall(CallTestCaseKeyword.groovy:59)&#xD;
	at com.kms.katalon.core.keyword.builtin.CallTestCaseKeyword$_callTestCase_closure1.call(CallTestCaseKeyword.groovy)&#xD;
	at com.kms.katalon.core.keyword.internal.KeywordMain.runKeyword(KeywordMain.groovy:68)&#xD;
	at com.kms.katalon.core.keyword.builtin.CallTestCaseKeyword.callTestCase(CallTestCaseKeyword.groovy:81)&#xD;
	at com.kms.katalon.core.keyword.builtin.CallTestCaseKeyword.execute(CallTestCaseKeyword.groovy:44)&#xD;
	at com.kms.katalon.core.keyword.internal.KeywordExecutor.executeKeywordForPlatform(KeywordExecutor.groovy:56)&#xD;
	at com.kms.katalon.core.keyword.BuiltinKeywords.callTestCase(BuiltinKeywords.groovy:334)&#xD;
	at Admin_Settings.run(Admin_Settings:30)&#xD;
	at com.kms.katalon.core.main.ScriptEngine.run(ScriptEngine.java:194)&#xD;
	at com.kms.katalon.core.main.ScriptEngine.runScriptAsRawText(ScriptEngine.java:119)&#xD;
	at com.kms.katalon.core.main.TestCaseExecutor.runScript(TestCaseExecutor.java:337)&#xD;
	at com.kms.katalon.core.main.TestCaseExecutor.doExecute(TestCaseExecutor.java:328)&#xD;
	at com.kms.katalon.core.main.TestCaseExecutor.processExecutionPhase(TestCaseExecutor.java:307)&#xD;
	at com.kms.katalon.core.main.TestCaseExecutor.accessMainPhase(TestCaseExecutor.java:299)&#xD;
	at com.kms.katalon.core.main.TestCaseExecutor.execute(TestCaseExecutor.java:233)&#xD;
	at com.kms.katalon.core.main.TestCaseMain.runTestCase(TestCaseMain.java:114)&#xD;
	at com.kms.katalon.core.keyword.builtin.CallTestCaseKeyword$_callTestCase_closure1.doCall(CallTestCaseKeyword.groovy:59)&#xD;
	at com.kms.katalon.core.keyword.builtin.CallTestCaseKeyword$_callTestCase_closure1.call(CallTestCaseKeyword.groovy)&#xD;
	at com.kms.katalon.core.keyword.internal.KeywordMain.runKeyword(KeywordMain.groovy:68)&#xD;
	at com.kms.katalon.core.keyword.builtin.CallTestCaseKeyword.callTestCase(CallTestCaseKeyword.groovy:81)&#xD;
	at com.kms.katalon.core.keyword.builtin.CallTestCaseKeyword.execute(CallTestCaseKeyword.groovy:44)&#xD;
	at com.kms.katalon.core.keyword.internal.KeywordExecutor.executeKeywordForPlatform(KeywordExecutor.groovy:56)&#xD;
	at com.kms.katalon.core.keyword.BuiltinKeywords.callTestCase(BuiltinKeywords.groovy:334)&#xD;
	at Create_Email_Channel_Contact_NonAdminUser_Group.run(Create_Email_Channel_Contact_NonAdminUser_Group:16)&#xD;
	at com.kms.katalon.core.main.ScriptEngine.run(ScriptEngine.java:194)&#xD;
	at com.kms.katalon.core.main.ScriptEngine.runScriptAsRawText(ScriptEngine.java:119)&#xD;
	at com.kms.katalon.core.main.TestCaseExecutor.runScript(TestCaseExecutor.java:337)&#xD;
	at com.kms.katalon.core.main.TestCaseExecutor.doExecute(TestCaseExecutor.java:328)&#xD;
	at com.kms.katalon.core.main.TestCaseExecutor.processExecutionPhase(TestCaseExecutor.java:307)&#xD;
	at com.kms.katalon.core.main.TestCaseExecutor.accessMainPhase(TestCaseExecutor.java:299)&#xD;
	at com.kms.katalon.core.main.TestCaseExecutor.execute(TestCaseExecutor.java:233)&#xD;
	at com.kms.katalon.core.main.TestSuiteExecutor.accessTestCaseMainPhase(TestSuiteExecutor.java:133)&#xD;
	at com.kms.katalon.core.main.TestSuiteExecutor.accessTestSuiteMainPhase(TestSuiteExecutor.java:116)&#xD;
	at com.kms.katalon.core.main.TestSuiteExecutor.execute(TestSuiteExecutor.java:83)&#xD;
	at com.kms.katalon.core.main.TestCaseMain.startTestSuite(TestCaseMain.java:157)&#xD;
	at com.kms.katalon.core.main.TestCaseMain$startTestSuite$0.call(Unknown Source)&#xD;
	at TempTestSuite1564408079064.run(TempTestSuite1564408079064.groovy:35)&#xD;
)&#xD;
&#xD;
2019-07-29 16:48:19 - [MESSAGE][WARNING] - Object 'Object Repository/Admin/SettingsHome/input_showSysinternals' is checked (Root cause: com.kms.katalon.core.exception.StepFailedException: Object 'Object Repository/Admin/SettingsHome/input_showSysinternals' is checked&#xD;
	at com.kms.katalon.core.webui.keyword.internal.WebUIKeywordMain.stepFailed(WebUIKeywordMain.groovy:64)&#xD;
	at com.kms.katalon.core.webui.keyword.builtin.VerifyElementNotCheckedKeyword$_verifyElementNotChecked_closure1.doCall(VerifyElementNotCheckedKeyword.groovy:82)&#xD;
	at com.kms.katalon.core.webui.keyword.builtin.VerifyElementNotCheckedKeyword$_verifyElementNotChecked_closure1.call(VerifyElementNotCheckedKeyword.groovy)&#xD;
	at com.kms.katalon.core.webui.keyword.internal.WebUIKeywordMain.runKeyword(WebUIKeywordMain.groovy:20)&#xD;
	at com.kms.katalon.core.webui.keyword.builtin.VerifyElementNotCheckedKeyword.verifyElementNotChecked(VerifyElementNotCheckedKeyword.groovy:93)&#xD;
	at com.kms.katalon.core.webui.keyword.builtin.VerifyElementNotCheckedKeyword.execute(VerifyElementNotCheckedKeyword.groovy:68)&#xD;
	at com.kms.katalon.core.keyword.internal.KeywordExecutor.executeKeywordForPlatform(KeywordExecutor.groovy:56)&#xD;
	at com.kms.katalon.core.webui.keyword.WebUiBuiltInKeywords.verifyElementNotChecked(WebUiBuiltInKeywords.groovy:1385)&#xD;
	at com.kms.katalon.core.webui.keyword.WebUiBuiltInKeywords$verifyElementNotChecked$7.call(Unknown Source)&#xD;
	at Login_sysinternals.run(Login_sysinternals:32)&#xD;
	at com.kms.katalon.core.main.ScriptEngine.run(ScriptEngine.java:194)&#xD;
	at com.kms.katalon.core.main.ScriptEngine.runScriptAsRawText(ScriptEngine.java:119)&#xD;
	at com.kms.katalon.core.main.TestCaseExecutor.runScript(TestCaseExecutor.java:337)&#xD;
	at com.kms.katalon.core.main.TestCaseExecutor.doExecute(TestCaseExecutor.java:328)&#xD;
	at com.kms.katalon.core.main.TestCaseExecutor.processExecutionPhase(TestCaseExecutor.java:307)&#xD;
	at com.kms.katalon.core.main.TestCaseExecutor.accessMainPhase(TestCaseExecutor.java:299)&#xD;
	at com.kms.katalon.core.main.TestCaseExecutor.execute(TestCaseExecutor.java:233)&#xD;
	at com.kms.katalon.core.main.TestCaseMain.runTestCase(TestCaseMain.java:114)&#xD;
	at com.kms.katalon.core.keyword.builtin.CallTestCaseKeyword$_callTestCase_closure1.doCall(CallTestCaseKeyword.groovy:59)&#xD;
	at com.kms.katalon.core.keyword.builtin.CallTestCaseKeyword$_callTestCase_closure1.call(CallTestCaseKeyword.groovy)&#xD;
	at com.kms.katalon.core.keyword.internal.KeywordMain.runKeyword(KeywordMain.groovy:68)&#xD;
	at com.kms.katalon.core.keyword.builtin.CallTestCaseKeyword.callTestCase(CallTestCaseKeyword.groovy:81)&#xD;
	at com.kms.katalon.core.keyword.builtin.CallTestCaseKeyword.execute(CallTestCaseKeyword.groovy:44)&#xD;
	at com.kms.katalon.core.keyword.internal.KeywordExecutor.executeKeywordForPlatform(KeywordExecutor.groovy:56)&#xD;
	at com.kms.katalon.core.keyword.BuiltinKeywords.callTestCase(BuiltinKeywords.groovy:334)&#xD;
	at Admin_Settings.run(Admin_Settings:30)&#xD;
	at com.kms.katalon.core.main.ScriptEngine.run(ScriptEngine.java:194)&#xD;
	at com.kms.katalon.core.main.ScriptEngine.runScriptAsRawText(ScriptEngine.java:119)&#xD;
	at com.kms.katalon.core.main.TestCaseExecutor.runScript(TestCaseExecutor.java:337)&#xD;
	at com.kms.katalon.core.main.TestCaseExecutor.doExecute(TestCaseExecutor.java:328)&#xD;
	at com.kms.katalon.core.main.TestCaseExecutor.processExecutionPhase(TestCaseExecutor.java:307)&#xD;
	at com.kms.katalon.core.main.TestCaseExecutor.accessMainPhase(TestCaseExecutor.java:299)&#xD;
	at com.kms.katalon.core.main.TestCaseExecutor.execute(TestCaseExecutor.java:233)&#xD;
	at com.kms.katalon.core.main.TestCaseMain.runTestCase(TestCaseMain.java:114)&#xD;
	at com.kms.katalon.core.keyword.builtin.CallTestCaseKeyword$_callTestCase_closure1.doCall(CallTestCaseKeyword.groovy:59)&#xD;
	at com.kms.katalon.core.keyword.builtin.CallTestCaseKeyword$_callTestCase_closure1.call(CallTestCaseKeyword.groovy)&#xD;
	at com.kms.katalon.core.keyword.internal.KeywordMain.runKeyword(KeywordMain.groovy:68)&#xD;
	at com.kms.katalon.core.keyword.builtin.CallTestCaseKeyword.callTestCase(CallTestCaseKeyword.groovy:81)&#xD;
	at com.kms.katalon.core.keyword.builtin.CallTestCaseKeyword.execute(CallTestCaseKeyword.groovy:44)&#xD;
	at com.kms.katalon.core.keyword.internal.KeywordExecutor.executeKeywordForPlatform(KeywordExecutor.groovy:56)&#xD;
	at com.kms.katalon.core.keyword.BuiltinKeywords.callTestCase(BuiltinKeywords.groovy:334)&#xD;
	at Create_Email_Channel_Contact_NonAdminUser_Group.run(Create_Email_Channel_Contact_NonAdminUser_Group:16)&#xD;
	at com.kms.katalon.core.main.ScriptEngine.run(ScriptEngine.java:194)&#xD;
	at com.kms.katalon.core.main.ScriptEngine.runScriptAsRawText(ScriptEngine.java:119)&#xD;
	at com.kms.katalon.core.main.TestCaseExecutor.runScript(TestCaseExecutor.java:337)&#xD;
	at com.kms.katalon.core.main.TestCaseExecutor.doExecute(TestCaseExecutor.java:328)&#xD;
	at com.kms.katalon.core.main.TestCaseExecutor.processExecutionPhase(TestCaseExecutor.java:307)&#xD;
	at com.kms.katalon.core.main.TestCaseExecutor.accessMainPhase(TestCaseExecutor.java:299)&#xD;
	at com.kms.katalon.core.main.TestCaseExecutor.execute(TestCaseExecutor.java:233)&#xD;
	at com.kms.katalon.core.main.TestSuiteExecutor.accessTestCaseMainPhase(TestSuiteExecutor.java:133)&#xD;
	at com.kms.katalon.core.main.TestSuiteExecutor.accessTestSuiteMainPhase(TestSuiteExecutor.java:116)&#xD;
	at com.kms.katalon.core.main.TestSuiteExecutor.execute(TestSuiteExecutor.java:83)&#xD;
	at com.kms.katalon.core.main.TestCaseMain.startTestSuite(TestCaseMain.java:157)&#xD;
	at com.kms.katalon.core.main.TestCaseMain$startTestSuite$0.call(Unknown Source)&#xD;
	at TempTestSuite1564408079064.run(TempTestSuite1564408079064.groovy:35)&#xD;
)&#xD;
[[ATTACHMENT|C:\\Katalon Projects\\Nido_Patch3\\Reports\\Sanity1\\20190729_164759\\1564408098941.png]]&#xD;
&#xD;
2019-07-29 16:48:19 - [TEST_STEP][PASSED] - check(findTestObject("Admin/SettingsHome/input_showSysinternals"), CONTINUE_ON_FAILURE): Object 'Object Repository/Admin/SettingsHome/input_showSysinternals' is checked&#xD;
&#xD;
2019-07-29 16:48:19 - [MESSAGE][PASSED] - Object 'Object Repository/Admin/SettingsHome/input_showSysinternals' is checked&#xD;
&#xD;
2019-07-29 16:48:19 - [TEST_STEP][PASSED] - click(findTestObject("Admin/SettingsHome/Sysinternals_Button"), CONTINUE_ON_FAILURE): Object: 'Object Repository/Admin/SettingsHome/Sysinternals_Button' is clicked on&#xD;
&#xD;
2019-07-29 16:48:19 - [MESSAGE][PASSED] - Object: 'Object Repository/Admin/SettingsHome/Sysinternals_Button' is clicked on&#xD;
&#xD;
2019-07-29 16:48:19 - [TEST_STEP][PASSED] - verifyElementText(findTestObject("Admin/SettingsSysinternals/Configuration_text"), "Configuration", CONTINUE_ON_FAILURE): Actual text and expected text of test object 'Object Repository/Admin/SettingsSysinternals/Configuration_text' are matched.&#xD;
&#xD;
2019-07-29 16:48:19 - [MESSAGE][PASSED] - Actual text and expected text of test object 'Object Repository/Admin/SettingsSysinternals/Configuration_text' are matched.&#xD;
&#xD;
2019-07-29 16:48:19 - [TEST_STEP][PASSED] - verifyElementText(findTestObject("Admin/SettingsSysinternals/Connections_text"), "Connections", CONTINUE_ON_FAILURE): Actual text and expected text of test object 'Object Repository/Admin/SettingsSysinternals/Connections_text' are matched.&#xD;
&#xD;
2019-07-29 16:48:19 - [MESSAGE][PASSED] - Actual text and expected text of test object 'Object Repository/Admin/SettingsSysinternals/Connections_text' are matched.&#xD;
&#xD;
2019-07-29 16:48:19 - [TEST_STEP][PASSED] - verifyElementText(findTestObject("Admin/SettingsSysinternals/Warning_text"), "Warning: Use only when instructed by Ecrion Technical Support. Using Sysinternals incorrectly may result in serious problems and data loss.", CONTINUE_ON_FAILURE): Actual text and expected text of test object 'Object Repository/Admin/SettingsSysinternals/Warning_text' are matched.&#xD;
&#xD;
2019-07-29 16:48:20 - [MESSAGE][PASSED] - Actual text and expected text of test object 'Object Repository/Admin/SettingsSysinternals/Warning_text' are matched.&#xD;
&#xD;
2019-07-29 16:48:20 - [TEST_STEP][PASSED] - verifyElementText(findTestObject("Admin/SettingsSysinternals/Workspaces_text"), "Workspaces", CONTINUE_ON_FAILURE): Actual text and expected text of test object 'Object Repository/Admin/SettingsSysinternals/Workspaces_text' are matched.&#xD;
&#xD;
2019-07-29 16:48:20 - [MESSAGE][PASSED] - Actual text and expected text of test object 'Object Repository/Admin/SettingsSysinternals/Workspaces_text' are matched.&#xD;
&#xD;
2019-07-29 16:48:20 - [TEST_STEP][PASSED] - verifyElementText(findTestObject("Admin/SettingsSysinternals/a_Email"), "Email", CONTINUE_ON_FAILURE): Actual text and expected text of test object 'Object Repository/Admin/SettingsSysinternals/a_Email' are matched.&#xD;
&#xD;
2019-07-29 16:48:20 - [MESSAGE][PASSED] - Actual text and expected text of test object 'Object Repository/Admin/SettingsSysinternals/a_Email' are matched.&#xD;
&#xD;
2019-07-29 16:48:20 - [MESSAGE][PASSED] - Call Test Case 'Test Cases/Admin/Login_sysinternals' successfully&#xD;
&#xD;
2019-07-29 16:48:20 - [TEST_STEP][PASSED] - callTestCase(findTestCase("Admin/Create_EmailConnection"), [:], STOP_ON_FAILURE): Call Test Case 'Test Cases/Admin/Create_EmailConnection' successfully&#xD;
&#xD;
2019-07-29 16:48:20 - [TEST_CASE][PASSED] - Test Cases/Admin/Create_EmailConnection: Test Cases/Admin/Create_EmailConnection&#xD;
&#xD;
2019-07-29 16:48:20 - [TEST_STEP][PASSED] - click(findTestObject("Admin/SettingsSysinternals/a_Email"), CONTINUE_ON_FAILURE): Object: 'Object Repository/Admin/SettingsSysinternals/a_Email' is clicked on&#xD;
&#xD;
2019-07-29 16:48:20 - [MESSAGE][PASSED] - Object: 'Object Repository/Admin/SettingsSysinternals/a_Email' is clicked on&#xD;
&#xD;
2019-07-29 16:48:20 - [TEST_STEP][PASSED] - waitForPageLoad(3, CONTINUE_ON_FAILURE): Wait for page load successfully&#xD;
&#xD;
2019-07-29 16:48:20 - [MESSAGE][PASSED] - Wait for page load successfully&#xD;
&#xD;
2019-07-29 16:48:20 - [TEST_STEP][PASSED] - verifyElementText(findTestObject("Admin/SettingsSysinternalsEmail/h2_Email Connections"), "Email Connections", CONTINUE_ON_FAILURE): Actual text and expected text of test object 'Object Repository/Admin/SettingsSysinternalsEmail/h2_Email Connections' are matched.&#xD;
&#xD;
2019-07-29 16:48:20 - [MESSAGE][PASSED] - Actual text and expected text of test object 'Object Repository/Admin/SettingsSysinternalsEmail/h2_Email Connections' are matched.&#xD;
&#xD;
2019-07-29 16:48:20 - [TEST_STEP][PASSED] - verifyElementText(findTestObject("Admin/SettingsSysinternalsEmail/span_Create and manage email c"), "Create and manage email connections.", CONTINUE_ON_FAILURE): Actual text and expected text of test object 'Object Repository/Admin/SettingsSysinternalsEmail/span_Create and manage email c' are matched.&#xD;
&#xD;
2019-07-29 16:48:20 - [MESSAGE][PASSED] - Actual text and expected text of test object 'Object Repository/Admin/SettingsSysinternalsEmail/span_Create and manage email c' are matched.&#xD;
&#xD;
2019-07-29 16:48:20 - [TEST_STEP][PASSED] - verifyElementText(findTestObject("Admin/SettingsSysinternalsEmail/span_Create and manage email c"), "Create and manage email connections.", CONTINUE_ON_FAILURE): Actual text and expected text of test object 'Object Repository/Admin/SettingsSysinternalsEmail/span_Create and manage email c' are matched.&#xD;
&#xD;
2019-07-29 16:48:20 - [MESSAGE][PASSED] - Actual text and expected text of test object 'Object Repository/Admin/SettingsSysinternalsEmail/span_Create and manage email c' are matched.&#xD;
&#xD;
2019-07-29 16:48:20 - [TEST_STEP][PASSED] - verifyElementText(findTestObject("Admin/SettingsSysinternalsEmail/th_Name"), "Name", CONTINUE_ON_FAILURE): Actual text and expected text of test object 'Object Repository/Admin/SettingsSysinternalsEmail/th_Name' are matched.&#xD;
&#xD;
2019-07-29 16:48:20 - [MESSAGE][PASSED] - Actual text and expected text of test object 'Object Repository/Admin/SettingsSysinternalsEmail/th_Name' are matched.&#xD;
&#xD;
2019-07-29 16:48:20 - [TEST_STEP][PASSED] - verifyElementText(findTestObject("Admin/SettingsSysinternalsEmail/th_Status"), "Status", CONTINUE_ON_FAILURE): Actual text and expected text of test object 'Object Repository/Admin/SettingsSysinternalsEmail/th_Status' are matched.&#xD;
&#xD;
2019-07-29 16:48:20 - [MESSAGE][PASSED] - Actual text and expected text of test object 'Object Repository/Admin/SettingsSysinternalsEmail/th_Status' are matched.&#xD;
&#xD;
2019-07-29 16:48:20 - [TEST_STEP][PASSED] - verifyElementText(findTestObject("Admin/SettingsSysinternalsEmail/th_Type"), "Type", CONTINUE_ON_FAILURE): Actual text and expected text of test object 'Object Repository/Admin/SettingsSysinternalsEmail/th_Type' are matched.&#xD;
&#xD;
2019-07-29 16:48:20 - [MESSAGE][PASSED] - Actual text and expected text of test object 'Object Repository/Admin/SettingsSysinternalsEmail/th_Type' are matched.&#xD;
&#xD;
2019-07-29 16:48:20 - [TEST_STEP][PASSED] - verifyElementText(findTestObject("Admin/SettingsSysinternalsEmail/td_No items"), "No items", CONTINUE_ON_FAILURE): Actual text and expected text of test object 'Object Repository/Admin/SettingsSysinternalsEmail/td_No items' are matched.&#xD;
&#xD;
2019-07-29 16:48:20 - [MESSAGE][PASSED] - Actual text and expected text of test object 'Object Repository/Admin/SettingsSysinternalsEmail/td_No items' are matched.&#xD;
&#xD;
2019-07-29 16:48:20 - [TEST_STEP][PASSED] - verifyElementAttributeValue(findTestObject("Admin/SettingsSysinternalsEmail/button_New Connection"), "title", "New Connection", 2, CONTINUE_ON_FAILURE): Object 'Object Repository/Admin/SettingsSysinternalsEmail/button_New Connection' has attribute 'title' with value 'New Connection'&#xD;
&#xD;
2019-07-29 16:48:20 - [MESSAGE][PASSED] - Object 'Object Repository/Admin/SettingsSysinternalsEmail/button_New Connection' has attribute 'title' with value 'New Connection'&#xD;
&#xD;
2019-07-29 16:48:20 - [TEST_STEP][PASSED] - click(findTestObject("Admin/SettingsSysinternalsEmail/button_New Connection"), CONTINUE_ON_FAILURE): Object: 'Object Repository/Admin/SettingsSysinternalsEmail/button_New Connection' is clicked on&#xD;
&#xD;
2019-07-29 16:48:20 - [MESSAGE][PASSED] - Object: 'Object Repository/Admin/SettingsSysinternalsEmail/button_New Connection' is clicked on&#xD;
&#xD;
2019-07-29 16:48:20 - [TEST_STEP][PASSED] - verifyElementText(findTestObject("Admin/SettingsSysinternalsEmail/h4_New Email Connection"), "New Email Connection", CONTINUE_ON_FAILURE): Actual text and expected text of test object 'Object Repository/Admin/SettingsSysinternalsEmail/h4_New Email Connection' are matched.&#xD;
&#xD;
2019-07-29 16:48:21 - [MESSAGE][PASSED] - Actual text and expected text of test object 'Object Repository/Admin/SettingsSysinternalsEmail/h4_New Email Connection' are matched.&#xD;
&#xD;
2019-07-29 16:48:21 - [TEST_STEP][PASSED] - setText(findTestObject("Admin/SettingsSysinternalsEmail/input_connectionNameTxt"), "test_email_123!@#$QWE@#", CONTINUE_ON_FAILURE): Text 'test_email_123!@#$QWE@#' is set on object 'Object Repository/Admin/SettingsSysinternalsEmail/input_connectionNameTxt'&#xD;
&#xD;
2019-07-29 16:48:21 - [MESSAGE][PASSED] - Text 'test_email_123!@#$QWE@#' is set on object 'Object Repository/Admin/SettingsSysinternalsEmail/input_connectionNameTxt'&#xD;
&#xD;
2019-07-29 16:48:21 - [TEST_STEP][PASSED] - selectOptionByValue(findTestObject("Admin/SettingsSysinternalsEmail/select_SMTP"), "ses", false, CONTINUE_ON_FAILURE): All options with value 'ses' are selected in object 'Object Repository/Admin/SettingsSysinternalsEmail/select_SMTP' &#xD;
&#xD;
2019-07-29 16:48:21 - [MESSAGE][PASSED] - All options with value 'ses' are selected in object 'Object Repository/Admin/SettingsSysinternalsEmail/select_SMTP' &#xD;
&#xD;
2019-07-29 16:48:21 - [TEST_STEP][PASSED] - selectOptionByValue(findTestObject("Admin/SettingsSysinternalsEmail/select_SMTP"), "email", false, CONTINUE_ON_FAILURE): All options with value 'email' are selected in object 'Object Repository/Admin/SettingsSysinternalsEmail/select_SMTP' &#xD;
&#xD;
2019-07-29 16:48:21 - [MESSAGE][PASSED] - All options with value 'email' are selected in object 'Object Repository/Admin/SettingsSysinternalsEmail/select_SMTP' &#xD;
&#xD;
2019-07-29 16:48:21 - [TEST_STEP][PASSED] - verifyElementClickable(findTestObject("Admin/SettingsSysinternalsEmail/button_Cancel"), CONTINUE_ON_FAILURE): Object 'Object Repository/Admin/SettingsSysinternalsEmail/button_Cancel' is clickable&#xD;
&#xD;
2019-07-29 16:48:21 - [MESSAGE][PASSED] - Object 'Object Repository/Admin/SettingsSysinternalsEmail/button_Cancel' is clickable&#xD;
&#xD;
2019-07-29 16:48:21 - [TEST_STEP][PASSED] - verifyElementText(findTestObject("Admin/SettingsSysinternalsEmail/button_Cancel"), "Cancel", CONTINUE_ON_FAILURE): Actual text and expected text of test object 'Object Repository/Admin/SettingsSysinternalsEmail/button_Cancel' are matched.&#xD;
&#xD;
2019-07-29 16:48:21 - [MESSAGE][PASSED] - Actual text and expected text of test object 'Object Repository/Admin/SettingsSysinternalsEmail/button_Cancel' are matched.&#xD;
&#xD;
2019-07-29 16:48:21 - [TEST_STEP][PASSED] - verifyElementText(findTestObject("Admin/SettingsSysinternalsEmail/button_Continue"), "Continue", CONTINUE_ON_FAILURE): Actual text and expected text of test object 'Object Repository/Admin/SettingsSysinternalsEmail/button_Continue' are matched.&#xD;
&#xD;
2019-07-29 16:48:21 - [MESSAGE][PASSED] - Actual text and expected text of test object 'Object Repository/Admin/SettingsSysinternalsEmail/button_Continue' are matched.&#xD;
&#xD;
2019-07-29 16:48:21 - [TEST_STEP][PASSED] - click(findTestObject("Admin/SettingsSysinternalsEmail/button_Continue"), CONTINUE_ON_FAILURE): Object: 'Object Repository/Admin/SettingsSysinternalsEmail/button_Continue' is clicked on&#xD;
&#xD;
2019-07-29 16:48:22 - [MESSAGE][PASSED] - Object: 'Object Repository/Admin/SettingsSysinternalsEmail/button_Continue' is clicked on&#xD;
&#xD;
2019-07-29 16:48:22 - [TEST_STEP][PASSED] - verifyElementText(findTestObject("Admin/SettingsSysinternalsEmail/label_From"), "From", CONTINUE_ON_FAILURE): Actual text and expected text of test object 'Object Repository/Admin/SettingsSysinternalsEmail/label_From' are matched.&#xD;
&#xD;
2019-07-29 16:48:22 - [MESSAGE][PASSED] - Actual text and expected text of test object 'Object Repository/Admin/SettingsSysinternalsEmail/label_From' are matched.&#xD;
&#xD;
2019-07-29 16:48:22 - [TEST_STEP][PASSED] - verifyElementText(findTestObject("Admin/SettingsSysinternalsEmail/label_Password"), "Password", CONTINUE_ON_FAILURE): Actual text and expected text of test object 'Object Repository/Admin/SettingsSysinternalsEmail/label_Password' are matched.&#xD;
&#xD;
2019-07-29 16:48:22 - [MESSAGE][PASSED] - Actual text and expected text of test object 'Object Repository/Admin/SettingsSysinternalsEmail/label_Password' are matched.&#xD;
&#xD;
2019-07-29 16:48:22 - [TEST_STEP][PASSED] - verifyElementText(findTestObject("Admin/SettingsSysinternalsEmail/label_Username"), "Username", CONTINUE_ON_FAILURE): Actual text and expected text of test object 'Object Repository/Admin/SettingsSysinternalsEmail/label_Username' are matched.&#xD;
&#xD;
2019-07-29 16:48:22 - [MESSAGE][PASSED] - Actual text and expected text of test object 'Object Repository/Admin/SettingsSysinternalsEmail/label_Username' are matched.&#xD;
&#xD;
2019-07-29 16:48:22 - [TEST_STEP][PASSED] - verifyElementText(findTestObject("Admin/SettingsSysinternalsEmail/label_Port"), "Port", CONTINUE_ON_FAILURE): Actual text and expected text of test object 'Object Repository/Admin/SettingsSysinternalsEmail/label_Port' are matched.&#xD;
&#xD;
2019-07-29 16:48:22 - [MESSAGE][PASSED] - Actual text and expected text of test object 'Object Repository/Admin/SettingsSysinternalsEmail/label_Port' are matched.&#xD;
&#xD;
2019-07-29 16:48:22 - [TEST_STEP][PASSED] - verifyElementText(findTestObject("Admin/SettingsSysinternalsEmail/label_Server Name"), "Server Name", CONTINUE_ON_FAILURE): Actual text and expected text of test object 'Object Repository/Admin/SettingsSysinternalsEmail/label_Server Name' are matched.&#xD;
&#xD;
2019-07-29 16:48:22 - [MESSAGE][PASSED] - Actual text and expected text of test object 'Object Repository/Admin/SettingsSysinternalsEmail/label_Server Name' are matched.&#xD;
&#xD;
2019-07-29 16:48:22 - [TEST_STEP][PASSED] - verifyElementText(findTestObject("Admin/SettingsSysinternalsEmail/strong_Encrypt Connection"), "Encrypt Connection", CONTINUE_ON_FAILURE): Actual text and expected text of test object 'Object Repository/Admin/SettingsSysinternalsEmail/strong_Encrypt Connection' are matched.&#xD;
&#xD;
2019-07-29 16:48:22 - [MESSAGE][PASSED] - Actual text and expected text of test object 'Object Repository/Admin/SettingsSysinternalsEmail/strong_Encrypt Connection' are matched.&#xD;
&#xD;
2019-07-29 16:48:22 - [TEST_STEP][PASSED] - verifyElementText(findTestObject("Admin/SettingsSysinternalsEmail/button_Test Connection"), "Test Connection", CONTINUE_ON_FAILURE): Actual text and expected text of test object 'Object Repository/Admin/SettingsSysinternalsEmail/button_Test Connection' are matched.&#xD;
&#xD;
2019-07-29 16:48:22 - [MESSAGE][PASSED] - Actual text and expected text of test object 'Object Repository/Admin/SettingsSysinternalsEmail/button_Test Connection' are matched.&#xD;
&#xD;
2019-07-29 16:48:22 - [TEST_STEP][PASSED] - verifyElementText(findTestObject("Admin/SettingsSysinternalsEmail/button_Cancel"), "Cancel", CONTINUE_ON_FAILURE): Actual text and expected text of test object 'Object Repository/Admin/SettingsSysinternalsEmail/button_Cancel' are matched.&#xD;
&#xD;
2019-07-29 16:48:22 - [MESSAGE][PASSED] - Actual text and expected text of test object 'Object Repository/Admin/SettingsSysinternalsEmail/button_Cancel' are matched.&#xD;
&#xD;
2019-07-29 16:48:22 - [TEST_STEP][PASSED] - verifyElementText(findTestObject("Admin/SettingsSysinternalsEmail/button_Back"), "Back", CONTINUE_ON_FAILURE): Actual text and expected text of test object 'Object Repository/Admin/SettingsSysinternalsEmail/button_Back' are matched.&#xD;
&#xD;
2019-07-29 16:48:22 - [MESSAGE][PASSED] - Actual text and expected text of test object 'Object Repository/Admin/SettingsSysinternalsEmail/button_Back' are matched.&#xD;
&#xD;
2019-07-29 16:48:22 - [TEST_STEP][PASSED] - verifyElementText(findTestObject("Admin/SettingsSysinternalsEmail/button_Ok"), "Ok", CONTINUE_ON_FAILURE): Actual text and expected text of test object 'Object Repository/Admin/SettingsSysinternalsEmail/button_Ok' are matched.&#xD;
&#xD;
2019-07-29 16:48:22 - [MESSAGE][PASSED] - Actual text and expected text of test object 'Object Repository/Admin/SettingsSysinternalsEmail/button_Ok' are matched.&#xD;
&#xD;
2019-07-29 16:48:22 - [TEST_STEP][PASSED] - verifyElementClickable(findTestObject("Admin/SettingsSysinternalsEmail/button_Cancel"), CONTINUE_ON_FAILURE): Object 'Object Repository/Admin/SettingsSysinternalsEmail/button_Cancel' is clickable&#xD;
&#xD;
2019-07-29 16:48:22 - [MESSAGE][PASSED] - Object 'Object Repository/Admin/SettingsSysinternalsEmail/button_Cancel' is clickable&#xD;
&#xD;
2019-07-29 16:48:22 - [TEST_STEP][PASSED] - verifyElementClickable(findTestObject("Admin/SettingsSysinternalsEmail/button_Back"), CONTINUE_ON_FAILURE): Object 'Object Repository/Admin/SettingsSysinternalsEmail/button_Back' is clickable&#xD;
&#xD;
2019-07-29 16:48:22 - [MESSAGE][PASSED] - Object 'Object Repository/Admin/SettingsSysinternalsEmail/button_Back' is clickable&#xD;
&#xD;
2019-07-29 16:48:22 - [TEST_STEP][PASSED] - setText(findTestObject("Admin/SettingsSysinternalsEmail/input_smtpUserNameTxt"), "test.notifications@ecrion.com", CONTINUE_ON_FAILURE): Text 'test.notifications@ecrion.com' is set on object 'Object Repository/Admin/SettingsSysinternalsEmail/input_smtpUserNameTxt'&#xD;
&#xD;
2019-07-29 16:48:22 - [MESSAGE][PASSED] - Text 'test.notifications@ecrion.com' is set on object 'Object Repository/Admin/SettingsSysinternalsEmail/input_smtpUserNameTxt'&#xD;
&#xD;
2019-07-29 16:48:22 - [TEST_STEP][PASSED] - setText(findTestObject("Admin/SettingsSysinternalsEmail/input_ServerName"), "smtp.office365.com", CONTINUE_ON_FAILURE): Text 'smtp.office365.com' is set on object 'Object Repository/Admin/SettingsSysinternalsEmail/input_ServerName'&#xD;
&#xD;
2019-07-29 16:48:22 - [MESSAGE][PASSED] - Text 'smtp.office365.com' is set on object 'Object Repository/Admin/SettingsSysinternalsEmail/input_ServerName'&#xD;
&#xD;
2019-07-29 16:48:22 - [TEST_STEP][PASSED] - setText(findTestObject("Admin/SettingsSysinternalsEmail/input_passwordTxt"), "3cr1oN123456", CONTINUE_ON_FAILURE): Text '3cr1oN123456' is set on object 'Object Repository/Admin/SettingsSysinternalsEmail/input_passwordTxt'&#xD;
&#xD;
2019-07-29 16:48:22 - [MESSAGE][PASSED] - Text '3cr1oN123456' is set on object 'Object Repository/Admin/SettingsSysinternalsEmail/input_passwordTxt'&#xD;
&#xD;
2019-07-29 16:48:22 - [TEST_STEP][PASSED] - setText(findTestObject("Admin/SettingsSysinternalsEmail/input_smtpFromTxt"), "test.notifications@ecrion.com", CONTINUE_ON_FAILURE): Text 'test.notifications@ecrion.com' is set on object 'Object Repository/Admin/SettingsSysinternalsEmail/input_smtpFromTxt'&#xD;
&#xD;
2019-07-29 16:48:23 - [MESSAGE][PASSED] - Text 'test.notifications@ecrion.com' is set on object 'Object Repository/Admin/SettingsSysinternalsEmail/input_smtpFromTxt'&#xD;
&#xD;
2019-07-29 16:48:23 - [TEST_STEP][PASSED] - setText(findTestObject("Admin/SettingsSysinternalsEmail/input_smtpPortTxt"), "587"): Text '587' is set on object 'Object Repository/Admin/SettingsSysinternalsEmail/input_smtpPortTxt'&#xD;
&#xD;
2019-07-29 16:48:23 - [MESSAGE][PASSED] - Text '587' is set on object 'Object Repository/Admin/SettingsSysinternalsEmail/input_smtpPortTxt'&#xD;
&#xD;
2019-07-29 16:48:23 - [TEST_STEP][PASSED] - check(findTestObject("Admin/SettingsSysinternalsEmail/input_EncryptCOnnection"), CONTINUE_ON_FAILURE): Object 'Object Repository/Admin/SettingsSysinternalsEmail/input_EncryptCOnnection' is checked&#xD;
&#xD;
2019-07-29 16:48:23 - [MESSAGE][PASSED] - Object 'Object Repository/Admin/SettingsSysinternalsEmail/input_EncryptCOnnection' is checked&#xD;
&#xD;
2019-07-29 16:48:23 - [TEST_STEP][PASSED] - click(findTestObject("Admin/SettingsSysinternalsEmail/button_Test Connection"), CONTINUE_ON_FAILURE): Object: 'Object Repository/Admin/SettingsSysinternalsEmail/button_Test Connection' is clicked on&#xD;
&#xD;
2019-07-29 16:48:23 - [MESSAGE][PASSED] - Object: 'Object Repository/Admin/SettingsSysinternalsEmail/button_Test Connection' is clicked on&#xD;
&#xD;
2019-07-29 16:48:23 - [TEST_STEP][PASSED] - waitForElementVisible(findTestObject("Admin/SettingsSysinternalsEmail/Connection_Succeeded_Message"), 3, CONTINUE_ON_FAILURE): Object 'Object Repository/Admin/SettingsSysinternalsEmail/Connection_Succeeded_Message' is visible&#xD;
&#xD;
2019-07-29 16:48:24 - [MESSAGE][PASSED] - Object 'Object Repository/Admin/SettingsSysinternalsEmail/Connection_Succeeded_Message' is visible&#xD;
&#xD;
2019-07-29 16:48:24 - [TEST_STEP][PASSED] - verifyElementVisible(findTestObject("Admin/SettingsSysinternalsEmail/Connection_Succeeded_Message"), CONTINUE_ON_FAILURE): Object 'Object Repository/Admin/SettingsSysinternalsEmail/Connection_Succeeded_Message' is visible&#xD;
&#xD;
2019-07-29 16:48:24 - [MESSAGE][PASSED] - Object 'Object Repository/Admin/SettingsSysinternalsEmail/Connection_Succeeded_Message' is visible&#xD;
&#xD;
2019-07-29 16:48:24 - [TEST_STEP][PASSED] - verifyElementText(findTestObject("Admin/SettingsSysinternalsEmail/Connection_Succeeded_Message"), "Connection Succeeded", CONTINUE_ON_FAILURE): Actual text and expected text of test object 'Object Repository/Admin/SettingsSysinternalsEmail/Connection_Succeeded_Message' are matched.&#xD;
&#xD;
2019-07-29 16:48:24 - [MESSAGE][PASSED] - Actual text and expected text of test object 'Object Repository/Admin/SettingsSysinternalsEmail/Connection_Succeeded_Message' are matched.&#xD;
&#xD;
2019-07-29 16:48:24 - [TEST_STEP][PASSED] - verifyElementText(findTestObject("Admin/SettingsSysinternalsEmail/button_Test Connection"), "Connection succeeded", CONTINUE_ON_FAILURE): Actual text and expected text of test object 'Object Repository/Admin/SettingsSysinternalsEmail/button_Test Connection' are matched.&#xD;
&#xD;
2019-07-29 16:48:24 - [MESSAGE][PASSED] - Actual text and expected text of test object 'Object Repository/Admin/SettingsSysinternalsEmail/button_Test Connection' are matched.&#xD;
&#xD;
2019-07-29 16:48:24 - [TEST_STEP][PASSED] - verifyElementNotClickable(findTestObject("Admin/SettingsSysinternalsEmail/button_Test Connection"), CONTINUE_ON_FAILURE): Object 'Object Repository/Admin/SettingsSysinternalsEmail/button_Test Connection' is NOT clickable&#xD;
&#xD;
2019-07-29 16:48:24 - [MESSAGE][PASSED] - Object 'Object Repository/Admin/SettingsSysinternalsEmail/button_Test Connection' is NOT clickable&#xD;
&#xD;
2019-07-29 16:48:24 - [TEST_STEP][PASSED] - click(findTestObject("Admin/SettingsSysinternalsEmail/button_Ok"), CONTINUE_ON_FAILURE): Object: 'Object Repository/Admin/SettingsSysinternalsEmail/button_Ok' is clicked on&#xD;
&#xD;
2019-07-29 16:48:24 - [MESSAGE][PASSED] - Object: 'Object Repository/Admin/SettingsSysinternalsEmail/button_Ok' is clicked on&#xD;
&#xD;
2019-07-29 16:48:24 - [TEST_STEP][PASSED] - delay(1, CONTINUE_ON_FAILURE): Delayed 1 second(s)&#xD;
&#xD;
2019-07-29 16:48:25 - [MESSAGE][PASSED] - Delayed 1 second(s)&#xD;
&#xD;
2019-07-29 16:48:25 - [MESSAGE][PASSED] - Call Test Case 'Test Cases/Admin/Create_EmailConnection' successfully&#xD;
&#xD;
2019-07-29 16:48:25 - [TEST_STEP][FAILED] - callTestCase(findTestCase("Admin/Create_EmailChannel"), [:], STOP_ON_FAILURE): Unable to call Test Case 'Test Cases/Admin/Create_EmailChannel' (Root cause: com.kms.katalon.core.exception.StepErrorException: Call Test Case 'Test Cases/Admin/Create_EmailChannel' failed because of error(s)&#xD;
	at com.kms.katalon.core.keyword.builtin.CallTestCaseKeyword$_callTestCase_closure1.doCall(CallTestCaseKeyword.groovy:66)&#xD;
	at com.kms.katalon.core.keyword.builtin.CallTestCaseKeyword$_callTestCase_closure1.call(CallTestCaseKeyword.groovy)&#xD;
	at com.kms.katalon.core.keyword.internal.KeywordMain.runKeyword(KeywordMain.groovy:68)&#xD;
	at com.kms.katalon.core.keyword.builtin.CallTestCaseKeyword.callTestCase(CallTestCaseKeyword.groovy:81)&#xD;
	at com.kms.katalon.core.keyword.builtin.CallTestCaseKeyword.execute(CallTestCaseKeyword.groovy:44)&#xD;
	at com.kms.katalon.core.keyword.internal.KeywordExecutor.executeKeywordForPlatform(KeywordExecutor.groovy:56)&#xD;
	at com.kms.katalon.core.keyword.BuiltinKeywords.callTestCase(BuiltinKeywords.groovy:334)&#xD;
	at Admin_Settings.run(Admin_Settings:34)&#xD;
	at com.kms.katalon.core.main.ScriptEngine.run(ScriptEngine.java:194)&#xD;
	at com.kms.katalon.core.main.ScriptEngine.runScriptAsRawText(ScriptEngine.java:119)&#xD;
	at com.kms.katalon.core.main.TestCaseExecutor.runScript(TestCaseExecutor.java:337)&#xD;
	at com.kms.katalon.core.main.TestCaseExecutor.doExecute(TestCaseExecutor.java:328)&#xD;
	at com.kms.katalon.core.main.TestCaseExecutor.processExecutionPhase(TestCaseExecutor.java:307)&#xD;
	at com.kms.katalon.core.main.TestCaseExecutor.accessMainPhase(TestCaseExecutor.java:299)&#xD;
	at com.kms.katalon.core.main.TestCaseExecutor.execute(TestCaseExecutor.java:233)&#xD;
	at com.kms.katalon.core.main.TestCaseMain.runTestCase(TestCaseMain.java:114)&#xD;
	at com.kms.katalon.core.keyword.builtin.CallTestCaseKeyword$_callTestCase_closure1.doCall(CallTestCaseKeyword.groovy:59)&#xD;
	at com.kms.katalon.core.keyword.builtin.CallTestCaseKeyword$_callTestCase_closure1.call(CallTestCaseKeyword.groovy)&#xD;
	at com.kms.katalon.core.keyword.internal.KeywordMain.runKeyword(KeywordMain.groovy:68)&#xD;
	at com.kms.katalon.core.keyword.builtin.CallTestCaseKeyword.callTestCase(CallTestCaseKeyword.groovy:81)&#xD;
	at com.kms.katalon.core.keyword.builtin.CallTestCaseKeyword.execute(CallTestCaseKeyword.groovy:44)&#xD;
	at com.kms.katalon.core.keyword.internal.KeywordExecutor.executeKeywordForPlatform(KeywordExecutor.groovy:56)&#xD;
	at com.kms.katalon.core.keyword.BuiltinKeywords.callTestCase(BuiltinKeywords.groovy:334)&#xD;
	at Create_Email_Channel_Contact_NonAdminUser_Group.run(Create_Email_Channel_Contact_NonAdminUser_Group:16)&#xD;
	at com.kms.katalon.core.main.ScriptEngine.run(ScriptEngine.java:194)&#xD;
	at com.kms.katalon.core.main.ScriptEngine.runScriptAsRawText(ScriptEngine.java:119)&#xD;
	at com.kms.katalon.core.main.TestCaseExecutor.runScript(TestCaseExecutor.java:337)&#xD;
	at com.kms.katalon.core.main.TestCaseExecutor.doExecute(TestCaseExecutor.java:328)&#xD;
	at com.kms.katalon.core.main.TestCaseExecutor.processExecutionPhase(TestCaseExecutor.java:307)&#xD;
	at com.kms.katalon.core.main.TestCaseExecutor.accessMainPhase(TestCaseExecutor.java:299)&#xD;
	at com.kms.katalon.core.main.TestCaseExecutor.execute(TestCaseExecutor.java:233)&#xD;
	at com.kms.katalon.core.main.TestSuiteExecutor.accessTestCaseMainPhase(TestSuiteExecutor.java:133)&#xD;
	at com.kms.katalon.core.main.TestSuiteExecutor.accessTestSuiteMainPhase(TestSuiteExecutor.java:116)&#xD;
	at com.kms.katalon.core.main.TestSuiteExecutor.execute(TestSuiteExecutor.java:83)&#xD;
	at com.kms.katalon.core.main.TestCaseMain.startTestSuite(TestCaseMain.java:157)&#xD;
	at com.kms.katalon.core.main.TestCaseMain$startTestSuite$0.call(Unknown Source)&#xD;
	at TempTestSuite1564408079064.run(TempTestSuite1564408079064.groovy:35)&#xD;
Caused by: groovy.lang.MissingPropertyException: No such property: SelectorMethod for class: Script1564405160446&#xD;
	at Create_EmailChannel.run(Create_EmailChannel:112)&#xD;
	at com.kms.katalon.core.main.ScriptEngine.run(ScriptEngine.java:194)&#xD;
	at com.kms.katalon.core.main.ScriptEngine.runScriptAsRawText(ScriptEngine.java:119)&#xD;
	at com.kms.katalon.core.main.TestCaseExecutor.runScript(TestCaseExecutor.java:337)&#xD;
	at com.kms.katalon.core.main.TestCaseExecutor.doExecute(TestCaseExecutor.java:328)&#xD;
	at com.kms.katalon.core.main.TestCaseExecutor.processExecutionPhase(TestCaseExecutor.java:307)&#xD;
	at com.kms.katalon.core.main.TestCaseExecutor.accessMainPhase(TestCaseExecutor.java:299)&#xD;
	at com.kms.katalon.core.main.TestCaseExecutor.execute(TestCaseExecutor.java:233)&#xD;
	at com.kms.katalon.core.main.TestCaseMain.runTestCase(TestCaseMain.java:114)&#xD;
	at com.kms.katalon.core.keyword.builtin.CallTestCaseKeyword$_callTestCase_closure1.doCall(CallTestCaseKeyword.groovy:59)&#xD;
	... 36 more&#xD;
)&#xD;
&#xD;
2019-07-29 16:48:25 - [TEST_CASE][ERROR] - Test Cases/Admin/Create_EmailChannel: Test Cases/Admin/Create_EmailChannel FAILED.
Reason:
groovy.lang.MissingPropertyException: No such property: SelectorMethod for class: Script1564405160446&#xD;
	at Create_EmailChannel.run(Create_EmailChannel:112)&#xD;
	at com.kms.katalon.core.main.ScriptEngine.run(ScriptEngine.java:194)&#xD;
	at com.kms.katalon.core.main.ScriptEngine.runScriptAsRawText(ScriptEngine.java:119)&#xD;
	at com.kms.katalon.core.main.TestCaseExecutor.runScript(TestCaseExecutor.java:337)&#xD;
	at com.kms.katalon.core.main.TestCaseExecutor.doExecute(TestCaseExecutor.java:328)&#xD;
	at com.kms.katalon.core.main.TestCaseExecutor.processExecutionPhase(TestCaseExecutor.java:307)&#xD;
	at com.kms.katalon.core.main.TestCaseExecutor.accessMainPhase(TestCaseExecutor.java:299)&#xD;
	at com.kms.katalon.core.main.TestCaseExecutor.execute(TestCaseExecutor.java:233)&#xD;
	at com.kms.katalon.core.main.TestCaseMain.runTestCase(TestCaseMain.java:114)&#xD;
	at com.kms.katalon.core.keyword.builtin.CallTestCaseKeyword$_callTestCase_closure1.doCall(CallTestCaseKeyword.groovy:59)&#xD;
	at com.kms.katalon.core.keyword.builtin.CallTestCaseKeyword$_callTestCase_closure1.call(CallTestCaseKeyword.groovy)&#xD;
	at com.kms.katalon.core.keyword.internal.KeywordMain.runKeyword(KeywordMain.groovy:68)&#xD;
	at com.kms.katalon.core.keyword.builtin.CallTestCaseKeyword.callTestCase(CallTestCaseKeyword.groovy:81)&#xD;
	at com.kms.katalon.core.keyword.builtin.CallTestCaseKeyword.execute(CallTestCaseKeyword.groovy:44)&#xD;
	at com.kms.katalon.core.keyword.internal.KeywordExecutor.executeKeywordForPlatform(KeywordExecutor.groovy:56)&#xD;
	at com.kms.katalon.core.keyword.BuiltinKeywords.callTestCase(BuiltinKeywords.groovy:334)&#xD;
	at Admin_Settings.run(Admin_Settings:34)&#xD;
	at com.kms.katalon.core.main.ScriptEngine.run(ScriptEngine.java:194)&#xD;
	at com.kms.katalon.core.main.ScriptEngine.runScriptAsRawText(ScriptEngine.java:119)&#xD;
	at com.kms.katalon.core.main.TestCaseExecutor.runScript(TestCaseExecutor.java:337)&#xD;
	at com.kms.katalon.core.main.TestCaseExecutor.doExecute(TestCaseExecutor.java:328)&#xD;
	at com.kms.katalon.core.main.TestCaseExecutor.processExecutionPhase(TestCaseExecutor.java:307)&#xD;
	at com.kms.katalon.core.main.TestCaseExecutor.accessMainPhase(TestCaseExecutor.java:299)&#xD;
	at com.kms.katalon.core.main.TestCaseExecutor.execute(TestCaseExecutor.java:233)&#xD;
	at com.kms.katalon.core.main.TestCaseMain.runTestCase(TestCaseMain.java:114)&#xD;
	at com.kms.katalon.core.keyword.builtin.CallTestCaseKeyword$_callTestCase_closure1.doCall(CallTestCaseKeyword.groovy:59)&#xD;
	at com.kms.katalon.core.keyword.builtin.CallTestCaseKeyword$_callTestCase_closure1.call(CallTestCaseKeyword.groovy)&#xD;
	at com.kms.katalon.core.keyword.internal.KeywordMain.runKeyword(KeywordMain.groovy:68)&#xD;
	at com.kms.katalon.core.keyword.builtin.CallTestCaseKeyword.callTestCase(CallTestCaseKeyword.groovy:81)&#xD;
	at com.kms.katalon.core.keyword.builtin.CallTestCaseKeyword.execute(CallTestCaseKeyword.groovy:44)&#xD;
	at com.kms.katalon.core.keyword.internal.KeywordExecutor.executeKeywordForPlatform(KeywordExecutor.groovy:56)&#xD;
	at com.kms.katalon.core.keyword.BuiltinKeywords.callTestCase(BuiltinKeywords.groovy:334)&#xD;
	at Create_Email_Channel_Contact_NonAdminUser_Group.run(Create_Email_Channel_Contact_NonAdminUser_Group:16)&#xD;
	at com.kms.katalon.core.main.ScriptEngine.run(ScriptEngine.java:194)&#xD;
	at com.kms.katalon.core.main.ScriptEngine.runScriptAsRawText(ScriptEngine.java:119)&#xD;
	at com.kms.katalon.core.main.TestCaseExecutor.runScript(TestCaseExecutor.java:337)&#xD;
	at com.kms.katalon.core.main.TestCaseExecutor.doExecute(TestCaseExecutor.java:328)&#xD;
	at com.kms.katalon.core.main.TestCaseExecutor.processExecutionPhase(TestCaseExecutor.java:307)&#xD;
	at com.kms.katalon.core.main.TestCaseExecutor.accessMainPhase(TestCaseExecutor.java:299)&#xD;
	at com.kms.katalon.core.main.TestCaseExecutor.execute(TestCaseExecutor.java:233)&#xD;
	at com.kms.katalon.core.main.TestSuiteExecutor.accessTestCaseMainPhase(TestSuiteExecutor.java:133)&#xD;
	at com.kms.katalon.core.main.TestSuiteExecutor.accessTestSuiteMainPhase(TestSuiteExecutor.java:116)&#xD;
	at com.kms.katalon.core.main.TestSuiteExecutor.execute(TestSuiteExecutor.java:83)&#xD;
	at com.kms.katalon.core.main.TestCaseMain.startTestSuite(TestCaseMain.java:157)&#xD;
	at com.kms.katalon.core.main.TestCaseMain$startTestSuite$0.call(Unknown Source)&#xD;
	at TempTestSuite1564408079064.run(TempTestSuite1564408079064.groovy:35)&#xD;
&#xD;
&#xD;
2019-07-29 16:48:25 - [TEST_STEP][PASSED] - waitForElementClickable(findTestObject("Admin/SettingsChannels/div_Channels"), 3, CONTINUE_ON_FAILURE): Object 'Object Repository/Admin/SettingsChannels/div_Channels' is clickable&#xD;
&#xD;
2019-07-29 16:48:25 - [MESSAGE][PASSED] - Object 'Object Repository/Admin/SettingsChannels/div_Channels' is clickable&#xD;
&#xD;
2019-07-29 16:48:25 - [TEST_STEP][PASSED] - delay(1, CONTINUE_ON_FAILURE): Delayed 1 second(s)&#xD;
&#xD;
2019-07-29 16:48:26 - [MESSAGE][PASSED] - Delayed 1 second(s)&#xD;
&#xD;
2019-07-29 16:48:26 - [TEST_STEP][PASSED] - click(findTestObject("Admin/SettingsChannels/div_Channels"), CONTINUE_ON_FAILURE): Object: 'Object Repository/Admin/SettingsChannels/div_Channels' is clicked on&#xD;
&#xD;
2019-07-29 16:48:26 - [MESSAGE][PASSED] - Object: 'Object Repository/Admin/SettingsChannels/div_Channels' is clicked on&#xD;
&#xD;
2019-07-29 16:48:26 - [TEST_STEP][PASSED] - click(findTestObject("Admin/SettingsChannels/button_New Channel"), CONTINUE_ON_FAILURE): Object: 'Object Repository/Admin/SettingsChannels/button_New Channel' is clicked on&#xD;
&#xD;
2019-07-29 16:48:26 - [MESSAGE][PASSED] - Object: 'Object Repository/Admin/SettingsChannels/button_New Channel' is clicked on&#xD;
&#xD;
2019-07-29 16:48:26 - [TEST_STEP][PASSED] - click(findTestObject("Admin/SettingsChannels (1)/select_EmailQueue"), CONTINUE_ON_FAILURE): Object: 'Object Repository/Admin/SettingsChannels (1)/select_EmailQueue' is clicked on&#xD;
&#xD;
2019-07-29 16:48:26 - [MESSAGE][PASSED] - Object: 'Object Repository/Admin/SettingsChannels (1)/select_EmailQueue' is clicked on&#xD;
&#xD;
2019-07-29 16:48:26 - [TEST_STEP][PASSED] - verifyElementNotVisible(findTestObject("Admin/SettingsChannels (1)/div_No connection defined. Ple"), CONTINUE_ON_FAILURE): Object 'Object Repository/Admin/SettingsChannels (1)/div_No connection defined. Ple' is NOT visible&#xD;
&#xD;
2019-07-29 16:48:27 - [MESSAGE][PASSED] - Object 'Object Repository/Admin/SettingsChannels (1)/div_No connection defined. Ple' is NOT visible&#xD;
&#xD;
2019-07-29 16:48:27 - [TEST_STEP][PASSED] - setText(findTestObject("Admin/SettingsChannels (1)/input_name"), "TesT_ConneCTIon1!@", CONTINUE_ON_FAILURE): Text 'TesT_ConneCTIon1!@' is set on object 'Object Repository/Admin/SettingsChannels (1)/input_name'&#xD;
&#xD;
2019-07-29 16:48:27 - [MESSAGE][PASSED] - Text 'TesT_ConneCTIon1!@' is set on object 'Object Repository/Admin/SettingsChannels (1)/input_name'&#xD;
&#xD;
2019-07-29 16:48:27 - [TEST_STEP][PASSED] - setText(findTestObject("Admin/SettingsChannels (1)/textarea_description"), "This is an email connection that connects an email. !@#$1234{}][;'\:"|&lt;&gt;?/.,)(*&amp;^%+_-=ÆØÅ", CONTINUE_ON_FAILURE): Text 'This is an email connection that connects an email. !@#$1234{}][;'\:"|&lt;&gt;?/.,)(*&amp;^%+_-=ÆØÅ' is set on object 'Object Repository/Admin/SettingsChannels (1)/textarea_description'&#xD;
&#xD;
2019-07-29 16:48:28 - [MESSAGE][PASSED] - Text 'This is an email connection that connects an email. !@#$1234{}][;'\:"|&lt;&gt;?/.,)(*&amp;^%+_-=ÆØÅ' is set on object 'Object Repository/Admin/SettingsChannels (1)/textarea_description'&#xD;
&#xD;
2019-07-29 16:48:28 - [TEST_STEP][PASSED] - verifyElementText(findTestObject("Admin/SettingsChannels (1)/label_Name"), "Name", CONTINUE_ON_FAILURE): Actual text and expected text of test object 'Object Repository/Admin/SettingsChannels (1)/label_Name' are matched.&#xD;
&#xD;
2019-07-29 16:48:28 - [MESSAGE][PASSED] - Actual text and expected text of test object 'Object Repository/Admin/SettingsChannels (1)/label_Name' are matched.&#xD;
&#xD;
2019-07-29 16:48:28 - [TEST_STEP][PASSED] - verifyElementText(findTestObject("Admin/SettingsChannels (1)/label_Description"), "Description", CONTINUE_ON_FAILURE): Actual text and expected text of test object 'Object Repository/Admin/SettingsChannels (1)/label_Description' are matched.&#xD;
&#xD;
2019-07-29 16:48:28 - [MESSAGE][PASSED] - Actual text and expected text of test object 'Object Repository/Admin/SettingsChannels (1)/label_Description' are matched.&#xD;
&#xD;
2019-07-29 16:48:28 - [TEST_STEP][PASSED] - verifyElementText(findTestObject("Admin/SettingsChannels (1)/label_Email connection"), "Email connection", CONTINUE_ON_FAILURE): Actual text and expected text of test object 'Object Repository/Admin/SettingsChannels (1)/label_Email connection' are matched.&#xD;
&#xD;
2019-07-29 16:48:28 - [MESSAGE][PASSED] - Actual text and expected text of test object 'Object Repository/Admin/SettingsChannels (1)/label_Email connection' are matched.&#xD;
&#xD;
2019-07-29 16:48:28 - [TEST_STEP][PASSED] - verifyElementText(findTestObject("Admin/SettingsChannels (1)/label_Track Email Read"), "Track Email Read", CONTINUE_ON_FAILURE): Actual text and expected text of test object 'Object Repository/Admin/SettingsChannels (1)/label_Track Email Read' are matched.&#xD;
&#xD;
2019-07-29 16:48:28 - [MESSAGE][PASSED] - Actual text and expected text of test object 'Object Repository/Admin/SettingsChannels (1)/label_Track Email Read' are matched.&#xD;
&#xD;
2019-07-29 16:48:28 - [TEST_STEP][PASSED] - verifyElementClickable(findTestObject("Admin/SettingsChannels (1)/button_Cancel_channels"), CONTINUE_ON_FAILURE): Object 'Object Repository/Admin/SettingsChannels (1)/button_Cancel_channels' is clickable&#xD;
&#xD;
2019-07-29 16:48:28 - [MESSAGE][PASSED] - Object 'Object Repository/Admin/SettingsChannels (1)/button_Cancel_channels' is clickable&#xD;
&#xD;
2019-07-29 16:48:28 - [TEST_STEP][PASSED] - verifyElementClickable(findTestObject("Admin/SettingsChannels (1)/button_Save"), CONTINUE_ON_FAILURE): Object 'Object Repository/Admin/SettingsChannels (1)/button_Save' is clickable&#xD;
&#xD;
2019-07-29 16:48:28 - [MESSAGE][PASSED] - Object 'Object Repository/Admin/SettingsChannels (1)/button_Save' is clickable&#xD;
&#xD;
2019-07-29 16:48:28 - [TEST_STEP][PASSED] - check(findTestObject("Admin/SettingsChannels (1)/input_trackEmailRead"), CONTINUE_ON_FAILURE): Object 'Object Repository/Admin/SettingsChannels (1)/input_trackEmailRead' is checked&#xD;
&#xD;
2019-07-29 16:48:28 - [MESSAGE][PASSED] - Object 'Object Repository/Admin/SettingsChannels (1)/input_trackEmailRead' is checked&#xD;
&#xD;
2019-07-29 16:48:28 - [TEST_STEP][PASSED] - click(findTestObject("Admin/SettingsChannels (1)/button_Send test email"), CONTINUE_ON_FAILURE): Object: 'Object Repository/Admin/SettingsChannels (1)/button_Send test email' is clicked on&#xD;
&#xD;
2019-07-29 16:48:28 - [MESSAGE][PASSED] - Object: 'Object Repository/Admin/SettingsChannels (1)/button_Send test email' is clicked on&#xD;
&#xD;
2019-07-29 16:48:28 - [TEST_STEP][PASSED] - verifyElementText(findTestObject("Admin/SettingsChannels (1)/Send_Test_Mail/button_Send"), "Send", OPTIONAL): Actual text and expected text of test object 'Object Repository/Admin/SettingsChannels (1)/Send_Test_Mail/button_Send' are matched.&#xD;
&#xD;
2019-07-29 16:48:28 - [MESSAGE][PASSED] - Actual text and expected text of test object 'Object Repository/Admin/SettingsChannels (1)/Send_Test_Mail/button_Send' are matched.&#xD;
&#xD;
2019-07-29 16:48:28 - [TEST_STEP][PASSED] - verifyElementAttributeValue(findTestObject("Admin/SettingsChannels (1)/Send_Test_Mail/input_subject"), "value", "Test: Samples Email Queue", 0, CONTINUE_ON_FAILURE): Object 'Object Repository/Admin/SettingsChannels (1)/Send_Test_Mail/input_subject' has attribute 'value' with value 'Test: Samples Email Queue'&#xD;
&#xD;
2019-07-29 16:48:28 - [MESSAGE][WARNING] - Timeout '0' is invalid. Using default page load timeout: '5'&#xD;
&#xD;
2019-07-29 16:48:28 - [MESSAGE][PASSED] - Object 'Object Repository/Admin/SettingsChannels (1)/Send_Test_Mail/input_subject' has attribute 'value' with value 'Test: Samples Email Queue'&#xD;
&#xD;
2019-07-29 16:48:28 - [TEST_STEP][PASSED] - verifyElementText(findTestObject("Admin/SettingsChannels (1)/Send_Test_Mail/textarea_This is a message to"), " This is a message to test that the Samples Email Queue is working correctly.", CONTINUE_ON_FAILURE): Actual text and expected text of test object 'Object Repository/Admin/SettingsChannels (1)/Send_Test_Mail/textarea_This is a message to' are matched.&#xD;
&#xD;
2019-07-29 16:48:28 - [MESSAGE][PASSED] - Actual text and expected text of test object 'Object Repository/Admin/SettingsChannels (1)/Send_Test_Mail/textarea_This is a message to' are matched.&#xD;
&#xD;
2019-07-29 16:48:28 - [TEST_STEP][PASSED] - verifyElementText(findTestObject("Admin/SettingsChannels (1)/Send_Test_Mail/label_Email Body"), "Email Body", CONTINUE_ON_FAILURE): Actual text and expected text of test object 'Object Repository/Admin/SettingsChannels (1)/Send_Test_Mail/label_Email Body' are matched.&#xD;
&#xD;
2019-07-29 16:48:28 - [MESSAGE][PASSED] - Actual text and expected text of test object 'Object Repository/Admin/SettingsChannels (1)/Send_Test_Mail/label_Email Body' are matched.&#xD;
&#xD;
2019-07-29 16:48:28 - [TEST_STEP][PASSED] - verifyElementText(findTestObject("Admin/SettingsChannels (1)/Send_Test_Mail/label_Subject"), "Subject", CONTINUE_ON_FAILURE): Actual text and expected text of test object 'Object Repository/Admin/SettingsChannels (1)/Send_Test_Mail/label_Subject' are matched.&#xD;
&#xD;
2019-07-29 16:48:29 - [MESSAGE][PASSED] - Actual text and expected text of test object 'Object Repository/Admin/SettingsChannels (1)/Send_Test_Mail/label_Subject' are matched.&#xD;
&#xD;
2019-07-29 16:48:29 - [TEST_STEP][PASSED] - verifyElementText(findTestObject("Admin/SettingsChannels (1)/Send_Test_Mail/label_To"), "To", CONTINUE_ON_FAILURE): Actual text and expected text of test object 'Object Repository/Admin/SettingsChannels (1)/Send_Test_Mail/label_To' are matched.&#xD;
&#xD;
2019-07-29 16:48:29 - [MESSAGE][PASSED] - Actual text and expected text of test object 'Object Repository/Admin/SettingsChannels (1)/Send_Test_Mail/label_To' are matched.&#xD;
&#xD;
2019-07-29 16:48:29 - [TEST_STEP][PASSED] - click(findTestObject("Admin/SettingsChannels (1)/Send_Test_Mail/button_Send"), CONTINUE_ON_FAILURE): Object: 'Object Repository/Admin/SettingsChannels (1)/Send_Test_Mail/button_Send' is clicked on&#xD;
&#xD;
2019-07-29 16:48:29 - [MESSAGE][PASSED] - Object: 'Object Repository/Admin/SettingsChannels (1)/Send_Test_Mail/button_Send' is clicked on&#xD;
&#xD;
2019-07-29 16:48:29 - [TEST_STEP][PASSED] - waitForElementNotClickable(findTestObject("Admin/SettingsChannels (1)/Send_Test_Mail/button_Send"), 1, CONTINUE_ON_FAILURE): Object 'Object Repository/Admin/SettingsChannels (1)/Send_Test_Mail/button_Send' is NOT clickable&#xD;
&#xD;
2019-07-29 16:48:29 - [MESSAGE][PASSED] - Object 'Object Repository/Admin/SettingsChannels (1)/Send_Test_Mail/button_Send' is NOT clickable&#xD;
&#xD;
2019-07-29 16:48:29 - [TEST_STEP][PASSED] - verifyElementNotClickable(findTestObject("Admin/SettingsChannels (1)/Send_Test_Mail/button_Send"), CONTINUE_ON_FAILURE): Object 'Object Repository/Admin/SettingsChannels (1)/Send_Test_Mail/button_Send' is NOT clickable&#xD;
&#xD;
2019-07-29 16:48:29 - [MESSAGE][PASSED] - Object 'Object Repository/Admin/SettingsChannels (1)/Send_Test_Mail/button_Send' is NOT clickable&#xD;
&#xD;
2019-07-29 16:48:29 - [TEST_STEP][PASSED] - delay(2, CONTINUE_ON_FAILURE): Delayed 2 second(s)&#xD;
&#xD;
2019-07-29 16:48:31 - [MESSAGE][PASSED] - Delayed 2 second(s)&#xD;
&#xD;
2019-07-29 16:48:31 - [TEST_STEP][PASSED] - verifyElementText(findTestObject("Admin/SettingsChannels (1)/Send_Test_Mail/button_Send"), "Email send failed", CONTINUE_ON_FAILURE): Actual text and expected text of test object 'Object Repository/Admin/SettingsChannels (1)/Send_Test_Mail/button_Send' are matched.&#xD;
&#xD;
2019-07-29 16:48:31 - [MESSAGE][PASSED] - Actual text and expected text of test object 'Object Repository/Admin/SettingsChannels (1)/Send_Test_Mail/button_Send' are matched.&#xD;
&#xD;
2019-07-29 16:48:31 - [TEST_STEP][PASSED] - delay(2, CONTINUE_ON_FAILURE): Delayed 2 second(s)&#xD;
&#xD;
2019-07-29 16:48:33 - [MESSAGE][PASSED] - Delayed 2 second(s)&#xD;
&#xD;
2019-07-29 16:48:33 - [TEST_STEP][PASSED] - click(findTestObject("Admin/SettingsChannels (1)/Send_Test_Mail/button_Cancel"), CONTINUE_ON_FAILURE): Object: 'Object Repository/Admin/SettingsChannels (1)/Send_Test_Mail/button_Cancel' is clicked on&#xD;
&#xD;
2019-07-29 16:48:33 - [MESSAGE][PASSED] - Object: 'Object Repository/Admin/SettingsChannels (1)/Send_Test_Mail/button_Cancel' is clicked on&#xD;
&#xD;
2019-07-29 16:48:33 - [TEST_STEP][PASSED] - delay(1, CONTINUE_ON_FAILURE): Delayed 1 second(s)&#xD;
&#xD;
2019-07-29 16:48:34 - [MESSAGE][PASSED] - Delayed 1 second(s)&#xD;
&#xD;
2019-07-29 16:48:34 - [TEST_STEP][PASSED] - click(findTestObject("Admin/SettingsChannels (1)/button_Send test email"), CONTINUE_ON_FAILURE): Object: 'Object Repository/Admin/SettingsChannels (1)/button_Send test email' is clicked on&#xD;
&#xD;
2019-07-29 16:48:34 - [MESSAGE][PASSED] - Object: 'Object Repository/Admin/SettingsChannels (1)/button_Send test email' is clicked on&#xD;
&#xD;
2019-07-29 16:48:34 - [TEST_STEP][PASSED] - delay(1, CONTINUE_ON_FAILURE): Delayed 1 second(s)&#xD;
&#xD;
2019-07-29 16:48:35 - [MESSAGE][PASSED] - Delayed 1 second(s)&#xD;
&#xD;
2019-07-29 16:48:35 - [TEST_STEP][PASSED] - setText(findTestObject("Admin/SettingsChannels (1)/Send_Test_Mail/input_name"), Email_Admin, CONTINUE_ON_FAILURE): Text 'bogdan.eremia@ecrion.com' is set on object 'Object Repository/Admin/SettingsChannels (1)/Send_Test_Mail/input_name'&#xD;
&#xD;
2019-07-29 16:48:35 - [MESSAGE][PASSED] - Text 'bogdan.eremia@ecrion.com' is set on object 'Object Repository/Admin/SettingsChannels (1)/Send_Test_Mail/input_name'&#xD;
&#xD;
2019-07-29 16:48:35 - [TEST_STEP][NOT_RUN] - setText(findTestObject("Admin/SettingsChannels (1)/Send_Test_Mail/input_subject"), "!@#$%^&amp;*()_+=-0", CONTINUE_ON_FAILURE): NOT_RUN: setText(findTestObject("Admin/SettingsChannels (1)/Send_Test_Mail/input_subject"), "!@#$%^&amp;*()_+=-0", CONTINUE_ON_FAILURE)&#xD;
&#xD;
2019-07-29 16:48:35 - [MESSAGE][NOT_RUN] - NOT_RUN: setText(findTestObject("Admin/SettingsChannels (1)/Send_Test_Mail/input_subject"), "!@#$%^&amp;*()_+=-0", CONTINUE_ON_FAILURE)&#xD;
&#xD;
2019-07-29 16:48:35 - [TEST_STEP][NOT_RUN] - setText(findTestObject("Admin/SettingsChannels (1)/Send_Test_Mail/textarea_This is a message to"), " This is a message to test that the Samples Email Queue is working correctly. !@#$%^^&amp;&amp;*()_+=-0987654321{}:"|?&gt;&lt;,./;'\][", CONTINUE_ON_FAILURE): NOT_RUN: setText(findTestObject("Admin/SettingsChannels (1)/Send_Test_Mail/textarea_This is a message to"), " This is a message to test that the Samples Email Queue is working correctly. !@#$%^^&amp;&amp;*()_+=-0987654321{}:"|?&gt;&lt;,./;'\][", CONTINUE_ON_FAILURE)&#xD;
&#xD;
2019-07-29 16:48:35 - [MESSAGE][NOT_RUN] - NOT_RUN: setText(findTestObject("Admin/SettingsChannels (1)/Send_Test_Mail/textarea_This is a message to"), " This is a message to test that the Samples Email Queue is working correctly. !@#$%^^&amp;&amp;*()_+=-0987654321{}:"|?&gt;&lt;,./;'\][", CONTINUE_ON_FAILURE)&#xD;
&#xD;
2019-07-29 16:48:35 - [TEST_STEP][PASSED] - click(findTestObject("Admin/SettingsChannels (1)/Send_Test_Mail/button_Send"), CONTINUE_ON_FAILURE): Object: 'Object Repository/Admin/SettingsChannels (1)/Send_Test_Mail/button_Send' is clicked on&#xD;
&#xD;
2019-07-29 16:48:35 - [MESSAGE][PASSED] - Object: 'Object Repository/Admin/SettingsChannels (1)/Send_Test_Mail/button_Send' is clicked on&#xD;
&#xD;
2019-07-29 16:48:35 - [TEST_STEP][PASSED] - delay(7, CONTINUE_ON_FAILURE): Delayed 7 second(s)&#xD;
&#xD;
2019-07-29 16:48:42 - [MESSAGE][PASSED] - Delayed 7 second(s)&#xD;
&#xD;
2019-07-29 16:48:42 - [TEST_STEP][PASSED] - verifyElementNotClickable(findTestObject("Admin/SettingsChannels (1)/Send_Test_Mail/button_Send"), CONTINUE_ON_FAILURE): Object 'Object Repository/Admin/SettingsChannels (1)/Send_Test_Mail/button_Send' is NOT clickable&#xD;
&#xD;
2019-07-29 16:48:42 - [MESSAGE][PASSED] - Object 'Object Repository/Admin/SettingsChannels (1)/Send_Test_Mail/button_Send' is NOT clickable&#xD;
&#xD;
2019-07-29 16:48:42 - [TEST_STEP][PASSED] - waitForElementAttributeValue(findTestObject("Admin/SettingsChannels (1)/Send_Test_Mail/button_Send"), "Text", "Email sent", 10, CONTINUE_ON_FAILURE): Object 'Object Repository/Admin/SettingsChannels (1)/Send_Test_Mail/button_Send' does not have attribute 'Text' with value 'Email sent'&#xD;
&#xD;
2019-07-29 16:48:52 - [MESSAGE][WARNING] - Object 'Object Repository/Admin/SettingsChannels (1)/Send_Test_Mail/button_Send' does not have attribute 'Text' with value 'Email sent'&#xD;
&#xD;
2019-07-29 16:48:52 - [TEST_STEP][PASSED] - verifyElementText(findTestObject("Admin/SettingsChannels (1)/Send_Test_Mail/button_Send"), "Email sent", CONTINUE_ON_FAILURE): Actual text and expected text of test object 'Object Repository/Admin/SettingsChannels (1)/Send_Test_Mail/button_Send' are matched.&#xD;
&#xD;
2019-07-29 16:48:52 - [MESSAGE][PASSED] - Actual text and expected text of test object 'Object Repository/Admin/SettingsChannels (1)/Send_Test_Mail/button_Send' are matched.&#xD;
&#xD;
2019-07-29 16:48:52 - [TEST_STEP][PASSED] - delay(2, CONTINUE_ON_FAILURE): Delayed 2 second(s)&#xD;
&#xD;
2019-07-29 16:48:54 - [MESSAGE][PASSED] - Delayed 2 second(s)&#xD;
&#xD;
2019-07-29 16:48:54 - [TEST_STEP][PASSED] - click(findTestObject("Admin/SettingsChannels (1)/Send_Test_Mail/button_Cancel"), CONTINUE_ON_FAILURE): Object: 'Object Repository/Admin/SettingsChannels (1)/Send_Test_Mail/button_Cancel' is clicked on&#xD;
&#xD;
2019-07-29 16:48:54 - [MESSAGE][PASSED] - Object: 'Object Repository/Admin/SettingsChannels (1)/Send_Test_Mail/button_Cancel' is clicked on&#xD;
&#xD;
2019-07-29 16:48:54 - [TEST_STEP][PASSED] - delay(1, CONTINUE_ON_FAILURE): Delayed 1 second(s)&#xD;
&#xD;
2019-07-29 16:48:55 - [MESSAGE][PASSED] - Delayed 1 second(s)&#xD;
&#xD;
2019-07-29 16:48:55 - [TEST_STEP][PASSED] - click(findTestObject("Admin/SettingsChannels (1)/button_Save"), CONTINUE_ON_FAILURE): Object: 'Object Repository/Admin/SettingsChannels (1)/button_Save' is clicked on&#xD;
&#xD;
2019-07-29 16:48:55 - [MESSAGE][PASSED] - Object: 'Object Repository/Admin/SettingsChannels (1)/button_Save' is clicked on&#xD;
&#xD;
2019-07-29 16:48:55 - [TEST_STEP][PASSED] - if (verifyElementNotPresent(findTestObject("Admin/SettingsChannels (1)/Channel_Contextual Menu"), 2, OPTIONAL)): null&#xD;
&#xD;
2019-07-29 16:48:56 - [MESSAGE][PASSED] - Web element with id: 'Object Repository/Admin/SettingsChannels (1)/Channel_Contextual Menu' located by 'By.cssSelector: #grid &gt; div &gt; div.jsgrid-grid-body &gt; table &gt; tbody &gt; tr:nth-child(3) &gt; td &gt; div' is not present after '2' second(s)&#xD;
&#xD;
2019-07-29 16:48:56 - [TEST_STEP][PASSED] - contextual_menu = findTestObject("Admin/SettingsChannels (1)/Channel_Contextual Menu"): null&#xD;
&#xD;
2019-07-29 16:48:56 - [TEST_STEP][PASSED] - contextual_menu.setSelectorValue(CSS, "#grid &gt; div &gt; div.jsgrid-grid-body &gt; table &gt; tbody &gt; tr:nth-child(1) &gt; td &gt; div"): null&#xD;
&#xD;
2019-07-29 16:48:56 - [MESSAGE][FAILED] - Unable to call Test Case 'Test Cases/Admin/Create_EmailChannel' (Root cause: com.kms.katalon.core.exception.StepErrorException: Call Test Case 'Test Cases/Admin/Create_EmailChannel' failed because of error(s)&#xD;
	at com.kms.katalon.core.keyword.builtin.CallTestCaseKeyword$_callTestCase_closure1.doCall(CallTestCaseKeyword.groovy:66)&#xD;
	at com.kms.katalon.core.keyword.builtin.CallTestCaseKeyword$_callTestCase_closure1.call(CallTestCaseKeyword.groovy)&#xD;
	at com.kms.katalon.core.keyword.internal.KeywordMain.runKeyword(KeywordMain.groovy:68)&#xD;
	at com.kms.katalon.core.keyword.builtin.CallTestCaseKeyword.callTestCase(CallTestCaseKeyword.groovy:81)&#xD;
	at com.kms.katalon.core.keyword.builtin.CallTestCaseKeyword.execute(CallTestCaseKeyword.groovy:44)&#xD;
	at com.kms.katalon.core.keyword.internal.KeywordExecutor.executeKeywordForPlatform(KeywordExecutor.groovy:56)&#xD;
	at com.kms.katalon.core.keyword.BuiltinKeywords.callTestCase(BuiltinKeywords.groovy:334)&#xD;
	at Admin_Settings.run(Admin_Settings:34)&#xD;
	at com.kms.katalon.core.main.ScriptEngine.run(ScriptEngine.java:194)&#xD;
	at com.kms.katalon.core.main.ScriptEngine.runScriptAsRawText(ScriptEngine.java:119)&#xD;
	at com.kms.katalon.core.main.TestCaseExecutor.runScript(TestCaseExecutor.java:337)&#xD;
	at com.kms.katalon.core.main.TestCaseExecutor.doExecute(TestCaseExecutor.java:328)&#xD;
	at com.kms.katalon.core.main.TestCaseExecutor.processExecutionPhase(TestCaseExecutor.java:307)&#xD;
	at com.kms.katalon.core.main.TestCaseExecutor.accessMainPhase(TestCaseExecutor.java:299)&#xD;
	at com.kms.katalon.core.main.TestCaseExecutor.execute(TestCaseExecutor.java:233)&#xD;
	at com.kms.katalon.core.main.TestCaseMain.runTestCase(TestCaseMain.java:114)&#xD;
	at com.kms.katalon.core.keyword.builtin.CallTestCaseKeyword$_callTestCase_closure1.doCall(CallTestCaseKeyword.groovy:59)&#xD;
	at com.kms.katalon.core.keyword.builtin.CallTestCaseKeyword$_callTestCase_closure1.call(CallTestCaseKeyword.groovy)&#xD;
	at com.kms.katalon.core.keyword.internal.KeywordMain.runKeyword(KeywordMain.groovy:68)&#xD;
	at com.kms.katalon.core.keyword.builtin.CallTestCaseKeyword.callTestCase(CallTestCaseKeyword.groovy:81)&#xD;
	at com.kms.katalon.core.keyword.builtin.CallTestCaseKeyword.execute(CallTestCaseKeyword.groovy:44)&#xD;
	at com.kms.katalon.core.keyword.internal.KeywordExecutor.executeKeywordForPlatform(KeywordExecutor.groovy:56)&#xD;
	at com.kms.katalon.core.keyword.BuiltinKeywords.callTestCase(BuiltinKeywords.groovy:334)&#xD;
	at Create_Email_Channel_Contact_NonAdminUser_Group.run(Create_Email_Channel_Contact_NonAdminUser_Group:16)&#xD;
	at com.kms.katalon.core.main.ScriptEngine.run(ScriptEngine.java:194)&#xD;
	at com.kms.katalon.core.main.ScriptEngine.runScriptAsRawText(ScriptEngine.java:119)&#xD;
	at com.kms.katalon.core.main.TestCaseExecutor.runScript(TestCaseExecutor.java:337)&#xD;
	at com.kms.katalon.core.main.TestCaseExecutor.doExecute(TestCaseExecutor.java:328)&#xD;
	at com.kms.katalon.core.main.TestCaseExecutor.processExecutionPhase(TestCaseExecutor.java:307)&#xD;
	at com.kms.katalon.core.main.TestCaseExecutor.accessMainPhase(TestCaseExecutor.java:299)&#xD;
	at com.kms.katalon.core.main.TestCaseExecutor.execute(TestCaseExecutor.java:233)&#xD;
	at com.kms.katalon.core.main.TestSuiteExecutor.accessTestCaseMainPhase(TestSuiteExecutor.java:133)&#xD;
	at com.kms.katalon.core.main.TestSuiteExecutor.accessTestSuiteMainPhase(TestSuiteExecutor.java:116)&#xD;
	at com.kms.katalon.core.main.TestSuiteExecutor.execute(TestSuiteExecutor.java:83)&#xD;
	at com.kms.katalon.core.main.TestCaseMain.startTestSuite(TestCaseMain.java:157)&#xD;
	at com.kms.katalon.core.main.TestCaseMain$startTestSuite$0.call(Unknown Source)&#xD;
	at TempTestSuite1564408079064.run(TempTestSuite1564408079064.groovy:35)&#xD;
Caused by: groovy.lang.MissingPropertyException: No such property: SelectorMethod for class: Script1564405160446&#xD;
	at Create_EmailChannel.run(Create_EmailChannel:112)&#xD;
	at com.kms.katalon.core.main.ScriptEngine.run(ScriptEngine.java:194)&#xD;
	at com.kms.katalon.core.main.ScriptEngine.runScriptAsRawText(ScriptEngine.java:119)&#xD;
	at com.kms.katalon.core.main.TestCaseExecutor.runScript(TestCaseExecutor.java:337)&#xD;
	at com.kms.katalon.core.main.TestCaseExecutor.doExecute(TestCaseExecutor.java:328)&#xD;
	at com.kms.katalon.core.main.TestCaseExecutor.processExecutionPhase(TestCaseExecutor.java:307)&#xD;
	at com.kms.katalon.core.main.TestCaseExecutor.accessMainPhase(TestCaseExecutor.java:299)&#xD;
	at com.kms.katalon.core.main.TestCaseExecutor.execute(TestCaseExecutor.java:233)&#xD;
	at com.kms.katalon.core.main.TestCaseMain.runTestCase(TestCaseMain.java:114)&#xD;
	at com.kms.katalon.core.keyword.builtin.CallTestCaseKeyword$_callTestCase_closure1.doCall(CallTestCaseKeyword.groovy:59)&#xD;
	... 36 more&#xD;
)&#xD;
&#xD;
2019-07-29 16:48:56 - [MESSAGE][FAILED] - Unable to call Test Case 'Test Cases/Admin/Admin_Settings' (Root cause: com.kms.katalon.core.exception.StepErrorException: Call Test Case 'Test Cases/Admin/Admin_Settings' failed because of error(s)&#xD;
	at com.kms.katalon.core.keyword.builtin.CallTestCaseKeyword$_callTestCase_closure1.doCall(CallTestCaseKeyword.groovy:66)&#xD;
	at com.kms.katalon.core.keyword.builtin.CallTestCaseKeyword$_callTestCase_closure1.call(CallTestCaseKeyword.groovy)&#xD;
	at com.kms.katalon.core.keyword.internal.KeywordMain.runKeyword(KeywordMain.groovy:68)&#xD;
	at com.kms.katalon.core.keyword.builtin.CallTestCaseKeyword.callTestCase(CallTestCaseKeyword.groovy:81)&#xD;
	at com.kms.katalon.core.keyword.builtin.CallTestCaseKeyword.execute(CallTestCaseKeyword.groovy:44)&#xD;
	at com.kms.katalon.core.keyword.internal.KeywordExecutor.executeKeywordForPlatform(KeywordExecutor.groovy:56)&#xD;
	at com.kms.katalon.core.keyword.BuiltinKeywords.callTestCase(BuiltinKeywords.groovy:334)&#xD;
	at Create_Email_Channel_Contact_NonAdminUser_Group.run(Create_Email_Channel_Contact_NonAdminUser_Group:16)&#xD;
	at com.kms.katalon.core.main.ScriptEngine.run(ScriptEngine.java:194)&#xD;
	at com.kms.katalon.core.main.ScriptEngine.runScriptAsRawText(ScriptEngine.java:119)&#xD;
	at com.kms.katalon.core.main.TestCaseExecutor.runScript(TestCaseExecutor.java:337)&#xD;
	at com.kms.katalon.core.main.TestCaseExecutor.doExecute(TestCaseExecutor.java:328)&#xD;
	at com.kms.katalon.core.main.TestCaseExecutor.processExecutionPhase(TestCaseExecutor.java:307)&#xD;
	at com.kms.katalon.core.main.TestCaseExecutor.accessMainPhase(TestCaseExecutor.java:299)&#xD;
	at com.kms.katalon.core.main.TestCaseExecutor.execute(TestCaseExecutor.java:233)&#xD;
	at com.kms.katalon.core.main.TestSuiteExecutor.accessTestCaseMainPhase(TestSuiteExecutor.java:133)&#xD;
	at com.kms.katalon.core.main.TestSuiteExecutor.accessTestSuiteMainPhase(TestSuiteExecutor.java:116)&#xD;
	at com.kms.katalon.core.main.TestSuiteExecutor.execute(TestSuiteExecutor.java:83)&#xD;
	at com.kms.katalon.core.main.TestCaseMain.startTestSuite(TestCaseMain.java:157)&#xD;
	at com.kms.katalon.core.main.TestCaseMain$startTestSuite$0.call(Unknown Source)&#xD;
	at TempTestSuite1564408079064.run(TempTestSuite1564408079064.groovy:35)&#xD;
Caused by: com.kms.katalon.core.exception.StepErrorException: Call Test Case 'Test Cases/Admin/Create_EmailChannel' failed because of error(s)&#xD;
	at com.kms.katalon.core.keyword.builtin.CallTestCaseKeyword$_callTestCase_closure1.doCall(CallTestCaseKeyword.groovy:66)&#xD;
	at com.kms.katalon.core.keyword.builtin.CallTestCaseKeyword$_callTestCase_closure1.call(CallTestCaseKeyword.groovy)&#xD;
	at com.kms.katalon.core.keyword.internal.KeywordMain.runKeyword(KeywordMain.groovy:68)&#xD;
	at com.kms.katalon.core.keyword.builtin.CallTestCaseKeyword.callTestCase(CallTestCaseKeyword.groovy:81)&#xD;
	at com.kms.katalon.core.keyword.builtin.CallTestCaseKeyword.execute(CallTestCaseKeyword.groovy:44)&#xD;
	at com.kms.katalon.core.keyword.internal.KeywordExecutor.executeKeywordForPlatform(KeywordExecutor.groovy:56)&#xD;
	at com.kms.katalon.core.keyword.BuiltinKeywords.callTestCase(BuiltinKeywords.groovy:334)&#xD;
	at Admin_Settings.run(Admin_Settings:34)&#xD;
	at com.kms.katalon.core.main.ScriptEngine.run(ScriptEngine.java:194)&#xD;
	at com.kms.katalon.core.main.ScriptEngine.runScriptAsRawText(ScriptEngine.java:119)&#xD;
	at com.kms.katalon.core.main.TestCaseExecutor.runScript(TestCaseExecutor.java:337)&#xD;
	at com.kms.katalon.core.main.TestCaseExecutor.doExecute(TestCaseExecutor.java:328)&#xD;
	at com.kms.katalon.core.main.TestCaseExecutor.processExecutionPhase(TestCaseExecutor.java:307)&#xD;
	at com.kms.katalon.core.main.TestCaseExecutor.accessMainPhase(TestCaseExecutor.java:299)&#xD;
	at com.kms.katalon.core.main.TestCaseExecutor.execute(TestCaseExecutor.java:233)&#xD;
	at com.kms.katalon.core.main.TestCaseMain.runTestCase(TestCaseMain.java:114)&#xD;
	at com.kms.katalon.core.keyword.builtin.CallTestCaseKeyword$_callTestCase_closure1.doCall(CallTestCaseKeyword.groovy:59)&#xD;
	... 20 more&#xD;
Caused by: groovy.lang.MissingPropertyException: No such property: SelectorMethod for class: Script1564405160446&#xD;
	at Create_EmailChannel.run(Create_EmailChannel:112)&#xD;
	at com.kms.katalon.core.main.ScriptEngine.run(ScriptEngine.java:194)&#xD;
	at com.kms.katalon.core.main.ScriptEngine.runScriptAsRawText(ScriptEngine.java:119)&#xD;
	at com.kms.katalon.core.main.TestCaseExecutor.runScript(TestCaseExecutor.java:337)&#xD;
	at com.kms.katalon.core.main.TestCaseExecutor.doExecute(TestCaseExecutor.java:328)&#xD;
	at com.kms.katalon.core.main.TestCaseExecutor.processExecutionPhase(TestCaseExecutor.java:307)&#xD;
	at com.kms.katalon.core.main.TestCaseExecutor.accessMainPhase(TestCaseExecutor.java:299)&#xD;
	at com.kms.katalon.core.main.TestCaseExecutor.execute(TestCaseExecutor.java:233)&#xD;
	at com.kms.katalon.core.main.TestCaseMain.runTestCase(TestCaseMain.java:114)&#xD;
	at com.kms.katalon.core.keyword.builtin.CallTestCaseKeyword$_callTestCase_closure1.doCall(CallTestCaseKeyword.groovy:59)&#xD;
	... 36 more&#xD;
)&#xD;
&#xD;
2019-07-29 16:48:56 - [TEST_STEP][PASSED] - delay(2): Delayed 2 second(s)&#xD;
&#xD;
2019-07-29 16:48:58 - [MESSAGE][PASSED] - Delayed 2 second(s)&#xD;
&#xD;
2019-07-29 16:48:58 - [TEST_STEP][PASSED] - callTestCase(findTestCase("Admin/ES_LIcensesTests"), [:], STOP_ON_FAILURE): Call Test Case 'Test Cases/Admin/ES_LIcensesTests' successfully&#xD;
&#xD;
2019-07-29 16:48:58 - [TEST_CASE][PASSED] - Test Cases/Admin/ES_LIcensesTests: Test Cases/Admin/ES_LIcensesTests&#xD;
&#xD;
2019-07-29 16:48:58 - [TEST_STEP][PASSED] - click(findTestObject("Admin/SettingsHome/Settings_ES_LicensingPage/div_Licensing"), CONTINUE_ON_FAILURE): Object: 'Object Repository/Admin/SettingsHome/Settings_ES_LicensingPage/div_Licensing' is clicked on&#xD;
&#xD;
2019-07-29 16:48:58 - [MESSAGE][PASSED] - Object: 'Object Repository/Admin/SettingsHome/Settings_ES_LicensingPage/div_Licensing' is clicked on&#xD;
&#xD;
2019-07-29 16:48:58 - [TEST_STEP][PASSED] - delay(1): Delayed 1 second(s)&#xD;
&#xD;
2019-07-29 16:48:59 - [MESSAGE][PASSED] - Delayed 1 second(s)&#xD;
&#xD;
2019-07-29 16:48:59 - [TEST_STEP][PASSED] - callTestCase(findTestCase("Admin/ES_License_Install"), [:], CONTINUE_ON_FAILURE): Call Test Case 'Test Cases/Admin/ES_License_Install' successfully&#xD;
&#xD;
2019-07-29 16:48:59 - [TEST_CASE][PASSED] - Test Cases/Admin/ES_License_Install: Test Cases/Admin/ES_License_Install&#xD;
&#xD;
2019-07-29 16:48:59 - [TEST_STEP][NOT_RUN] - callTestCase(findTestCase("Main Login Page/login_simple"), [:], CONTINUE_ON_FAILURE): NOT_RUN: callTestCase(findTestCase("Main Login Page/login_simple"), [:], CONTINUE_ON_FAILURE)&#xD;
&#xD;
2019-07-29 16:48:59 - [MESSAGE][NOT_RUN] - NOT_RUN: callTestCase(findTestCase("Main Login Page/login_simple"), [:], CONTINUE_ON_FAILURE)&#xD;
&#xD;
2019-07-29 16:48:59 - [TEST_STEP][NOT_RUN] - delay(3, CONTINUE_ON_FAILURE): NOT_RUN: delay(3, CONTINUE_ON_FAILURE)&#xD;
&#xD;
2019-07-29 16:48:59 - [MESSAGE][NOT_RUN] - NOT_RUN: delay(3, CONTINUE_ON_FAILURE)&#xD;
&#xD;
2019-07-29 16:48:59 - [TEST_STEP][NOT_RUN] - click(findTestObject("Admin/a_Admin"), CONTINUE_ON_FAILURE): NOT_RUN: click(findTestObject("Admin/a_Admin"), CONTINUE_ON_FAILURE)&#xD;
&#xD;
2019-07-29 16:48:59 - [MESSAGE][NOT_RUN] - NOT_RUN: click(findTestObject("Admin/a_Admin"), CONTINUE_ON_FAILURE)&#xD;
&#xD;
2019-07-29 16:48:59 - [TEST_STEP][NOT_RUN] - click(findTestObject("Admin/SettingsHome/Settings_ES_LicensingPage/div_Licensing"), CONTINUE_ON_FAILURE): NOT_RUN: click(findTestObject("Admin/SettingsHome/Settings_ES_LicensingPage/div_Licensing"), CONTINUE_ON_FAILURE)&#xD;
&#xD;
2019-07-29 16:48:59 - [MESSAGE][NOT_RUN] - NOT_RUN: click(findTestObject("Admin/SettingsHome/Settings_ES_LicensingPage/div_Licensing"), CONTINUE_ON_FAILURE)&#xD;
&#xD;
2019-07-29 16:48:59 - [TEST_STEP][PASSED] - click(findTestObject("Admin/SettingsHome/Settings_ES_LicensingPage/a_Sign-In"), CONTINUE_ON_FAILURE): Object: 'Object Repository/Admin/SettingsHome/Settings_ES_LicensingPage/a_Sign-In' is clicked on&#xD;
&#xD;
2019-07-29 16:48:59 - [MESSAGE][PASSED] - Object: 'Object Repository/Admin/SettingsHome/Settings_ES_LicensingPage/a_Sign-In' is clicked on&#xD;
&#xD;
2019-07-29 16:48:59 - [TEST_STEP][PASSED] - delay(1, CONTINUE_ON_FAILURE): Delayed 1 second(s)&#xD;
&#xD;
2019-07-29 16:49:00 - [MESSAGE][PASSED] - Delayed 1 second(s)&#xD;
&#xD;
2019-07-29 16:49:00 - [TEST_STEP][PASSED] - setText(findTestObject("Admin/SettingsHome/Settings_ES_LicensingPage/input_Username_Username"), LicenseAcc_Username, CONTINUE_ON_FAILURE): Text 'bogdane' is set on object 'Object Repository/Admin/SettingsHome/Settings_ES_LicensingPage/input_Username_Username'&#xD;
&#xD;
2019-07-29 16:49:00 - [MESSAGE][PASSED] - Text 'bogdane' is set on object 'Object Repository/Admin/SettingsHome/Settings_ES_LicensingPage/input_Username_Username'&#xD;
&#xD;
2019-07-29 16:49:00 - [TEST_STEP][PASSED] - setText(findTestObject("Admin/SettingsHome/Settings_ES_LicensingPage/input_Password_Password"), LicenseAcc_Password, CONTINUE_ON_FAILURE): Text 'ebogdan' is set on object 'Object Repository/Admin/SettingsHome/Settings_ES_LicensingPage/input_Password_Password'&#xD;
&#xD;
2019-07-29 16:49:00 - [MESSAGE][PASSED] - Text 'ebogdan' is set on object 'Object Repository/Admin/SettingsHome/Settings_ES_LicensingPage/input_Password_Password'&#xD;
&#xD;
2019-07-29 16:49:00 - [TEST_STEP][PASSED] - delay(2, CONTINUE_ON_FAILURE): Delayed 2 second(s)&#xD;
&#xD;
2019-07-29 16:49:02 - [MESSAGE][PASSED] - Delayed 2 second(s)&#xD;
&#xD;
2019-07-29 16:49:02 - [TEST_STEP][PASSED] - click(findTestObject("Admin/SettingsHome/Settings_ES_LicensingPage/button_OkSignInWindow"), CONTINUE_ON_FAILURE): Object: 'Object Repository/Admin/SettingsHome/Settings_ES_LicensingPage/button_OkSignInWindow' is clicked on&#xD;
&#xD;
2019-07-29 16:49:02 - [MESSAGE][PASSED] - Object: 'Object Repository/Admin/SettingsHome/Settings_ES_LicensingPage/button_OkSignInWindow' is clicked on&#xD;
&#xD;
2019-07-29 16:49:02 - [TEST_STEP][PASSED] - delay(3, CONTINUE_ON_FAILURE): Delayed 3 second(s)&#xD;
&#xD;
2019-07-29 16:49:05 - [MESSAGE][PASSED] - Delayed 3 second(s)&#xD;
&#xD;
2019-07-29 16:49:05 - [TEST_STEP][PASSED] - click(findTestObject("Admin/SettingsHome/Settings_ES_LicensingPage/button_Add License"), CONTINUE_ON_FAILURE): Object: 'Object Repository/Admin/SettingsHome/Settings_ES_LicensingPage/button_Add License' is clicked on&#xD;
&#xD;
2019-07-29 16:49:05 - [MESSAGE][PASSED] - Object: 'Object Repository/Admin/SettingsHome/Settings_ES_LicensingPage/button_Add License' is clicked on&#xD;
&#xD;
2019-07-29 16:49:05 - [TEST_STEP][PASSED] - delay(1, CONTINUE_ON_FAILURE): Delayed 1 second(s)&#xD;
&#xD;
2019-07-29 16:49:06 - [MESSAGE][PASSED] - Delayed 1 second(s)&#xD;
&#xD;
2019-07-29 16:49:06 - [TEST_STEP][PASSED] - check(findTestObject("Admin/SettingsHome/Settings_ES_LicensingPage/input_selectLicense"), CONTINUE_ON_FAILURE): Object 'Object Repository/Admin/SettingsHome/Settings_ES_LicensingPage/input_selectLicense' is checked&#xD;
&#xD;
2019-07-29 16:49:07 - [MESSAGE][PASSED] - Object 'Object Repository/Admin/SettingsHome/Settings_ES_LicensingPage/input_selectLicense' is checked&#xD;
&#xD;
2019-07-29 16:49:07 - [TEST_STEP][PASSED] - click(findTestObject("Admin/SettingsHome/Settings_ES_LicensingPage/button_Install 1 licenses"), CONTINUE_ON_FAILURE): Object: 'Object Repository/Admin/SettingsHome/Settings_ES_LicensingPage/button_Install 1 licenses' is clicked on&#xD;
&#xD;
2019-07-29 16:49:07 - [MESSAGE][PASSED] - Object: 'Object Repository/Admin/SettingsHome/Settings_ES_LicensingPage/button_Install 1 licenses' is clicked on&#xD;
&#xD;
2019-07-29 16:49:07 - [TEST_STEP][PASSED] - delay(2, CONTINUE_ON_FAILURE): Delayed 2 second(s)&#xD;
&#xD;
2019-07-29 16:49:09 - [MESSAGE][PASSED] - Delayed 2 second(s)&#xD;
&#xD;
2019-07-29 16:49:09 - [TEST_STEP][PASSED] - click(findTestObject("Admin/SettingsHome/Settings_ES_LicensingPage/contextual_Menu"), CONTINUE_ON_FAILURE): Object: 'Object Repository/Admin/SettingsHome/Settings_ES_LicensingPage/contextual_Menu' is clicked on&#xD;
&#xD;
2019-07-29 16:49:09 - [MESSAGE][PASSED] - Object: 'Object Repository/Admin/SettingsHome/Settings_ES_LicensingPage/contextual_Menu' is clicked on&#xD;
&#xD;
2019-07-29 16:49:09 - [TEST_STEP][PASSED] - click(findTestObject("Admin/SettingsHome/Settings_ES_LicensingPage/a_AssignLicense"), CONTINUE_ON_FAILURE): Object: 'Object Repository/Admin/SettingsHome/Settings_ES_LicensingPage/a_AssignLicense' is clicked on&#xD;
&#xD;
2019-07-29 16:49:09 - [MESSAGE][PASSED] - Object: 'Object Repository/Admin/SettingsHome/Settings_ES_LicensingPage/a_AssignLicense' is clicked on&#xD;
&#xD;
2019-07-29 16:49:09 - [TEST_STEP][PASSED] - click(findTestObject("Admin/SettingsHome/Settings_ES_LicensingPage/button_OK_SelectUser"), CONTINUE_ON_FAILURE): Object: 'Object Repository/Admin/SettingsHome/Settings_ES_LicensingPage/button_OK_SelectUser' is clicked on&#xD;
&#xD;
2019-07-29 16:49:10 - [MESSAGE][PASSED] - Object: 'Object Repository/Admin/SettingsHome/Settings_ES_LicensingPage/button_OK_SelectUser' is clicked on&#xD;
&#xD;
2019-07-29 16:49:10 - [TEST_STEP][PASSED] - delay(1, CONTINUE_ON_FAILURE): Delayed 1 second(s)&#xD;
&#xD;
2019-07-29 16:49:11 - [MESSAGE][PASSED] - Delayed 1 second(s)&#xD;
&#xD;
2019-07-29 16:49:11 - [TEST_STEP][PASSED] - verifyElementText(findTestObject("Admin/SettingsHome/Settings_ES_LicensingPage/AssignedTo - Text"), Username_Admin, CONTINUE_ON_FAILURE): Actual text and expected text of test object 'Object Repository/Admin/SettingsHome/Settings_ES_LicensingPage/AssignedTo - Text' are matched.&#xD;
&#xD;
2019-07-29 16:49:11 - [MESSAGE][PASSED] - Actual text and expected text of test object 'Object Repository/Admin/SettingsHome/Settings_ES_LicensingPage/AssignedTo - Text' are matched.&#xD;
&#xD;
2019-07-29 16:49:11 - [MESSAGE][PASSED] - Call Test Case 'Test Cases/Admin/ES_License_Install' successfully&#xD;
&#xD;
2019-07-29 16:49:11 - [TEST_STEP][PASSED] - delay(2, CONTINUE_ON_FAILURE): Delayed 2 second(s)&#xD;
&#xD;
2019-07-29 16:49:13 - [MESSAGE][PASSED] - Delayed 2 second(s)&#xD;
&#xD;
2019-07-29 16:49:13 - [TEST_STEP][PASSED] - callTestCase(findTestCase("Admin/ES_License_Revoke_Uninstall_DeleteEcrionAccount"), [:], CONTINUE_ON_FAILURE): Call Test Case 'Test Cases/Admin/ES_License_Revoke_Uninstall_DeleteEcrionAccount' successfully&#xD;
&#xD;
2019-07-29 16:49:13 - [TEST_CASE][PASSED] - Test Cases/Admin/ES_License_Revoke_Uninstall_DeleteEcrionAccount: Test Cases/Admin/ES_License_Revoke_Uninstall_DeleteEcrionAccount&#xD;
&#xD;
2019-07-29 16:49:13 - [TEST_STEP][NOT_RUN] - callTestCase(findTestCase("Main Login Page/login_simple"), [:], CONTINUE_ON_FAILURE): NOT_RUN: callTestCase(findTestCase("Main Login Page/login_simple"), [:], CONTINUE_ON_FAILURE)&#xD;
&#xD;
2019-07-29 16:49:13 - [MESSAGE][NOT_RUN] - NOT_RUN: callTestCase(findTestCase("Main Login Page/login_simple"), [:], CONTINUE_ON_FAILURE)&#xD;
&#xD;
2019-07-29 16:49:13 - [TEST_STEP][NOT_RUN] - delay(3, CONTINUE_ON_FAILURE): NOT_RUN: delay(3, CONTINUE_ON_FAILURE)&#xD;
&#xD;
2019-07-29 16:49:13 - [MESSAGE][NOT_RUN] - NOT_RUN: delay(3, CONTINUE_ON_FAILURE)&#xD;
&#xD;
2019-07-29 16:49:13 - [TEST_STEP][NOT_RUN] - click(findTestObject("Admin/a_Admin"), CONTINUE_ON_FAILURE): NOT_RUN: click(findTestObject("Admin/a_Admin"), CONTINUE_ON_FAILURE)&#xD;
&#xD;
2019-07-29 16:49:13 - [MESSAGE][NOT_RUN] - NOT_RUN: click(findTestObject("Admin/a_Admin"), CONTINUE_ON_FAILURE)&#xD;
&#xD;
2019-07-29 16:49:13 - [TEST_STEP][NOT_RUN] - click(findTestObject("Admin/SettingsHome/Settings_ES_LicensingPage/div_Licensing"), CONTINUE_ON_FAILURE): NOT_RUN: click(findTestObject("Admin/SettingsHome/Settings_ES_LicensingPage/div_Licensing"), CONTINUE_ON_FAILURE)&#xD;
&#xD;
2019-07-29 16:49:13 - [MESSAGE][NOT_RUN] - NOT_RUN: click(findTestObject("Admin/SettingsHome/Settings_ES_LicensingPage/div_Licensing"), CONTINUE_ON_FAILURE)&#xD;
&#xD;
2019-07-29 16:49:13 - [TEST_STEP][PASSED] - click(findTestObject("Admin/SettingsHome/Settings_ES_LicensingPage/contextual_Menu"), CONTINUE_ON_FAILURE): Object: 'Object Repository/Admin/SettingsHome/Settings_ES_LicensingPage/contextual_Menu' is clicked on&#xD;
&#xD;
2019-07-29 16:49:13 - [MESSAGE][PASSED] - Object: 'Object Repository/Admin/SettingsHome/Settings_ES_LicensingPage/contextual_Menu' is clicked on&#xD;
&#xD;
2019-07-29 16:49:13 - [TEST_STEP][PASSED] - click(findTestObject("Admin/SettingsHome/Settings_ES_LicensingPage/a_RevokeLicense"), CONTINUE_ON_FAILURE): Object: 'Object Repository/Admin/SettingsHome/Settings_ES_LicensingPage/a_RevokeLicense' is clicked on&#xD;
&#xD;
2019-07-29 16:49:14 - [MESSAGE][PASSED] - Object: 'Object Repository/Admin/SettingsHome/Settings_ES_LicensingPage/a_RevokeLicense' is clicked on&#xD;
&#xD;
2019-07-29 16:49:14 - [TEST_STEP][PASSED] - delay(1, CONTINUE_ON_FAILURE): Delayed 1 second(s)&#xD;
&#xD;
2019-07-29 16:49:15 - [MESSAGE][PASSED] - Delayed 1 second(s)&#xD;
&#xD;
2019-07-29 16:49:15 - [TEST_STEP][PASSED] - click(findTestObject("Admin/SettingsHome/Settings_ES_LicensingPage/button_OK_RevokeLicense"), CONTINUE_ON_FAILURE): Object: 'Object Repository/Admin/SettingsHome/Settings_ES_LicensingPage/button_OK_RevokeLicense' is clicked on&#xD;
&#xD;
2019-07-29 16:49:15 - [MESSAGE][PASSED] - Object: 'Object Repository/Admin/SettingsHome/Settings_ES_LicensingPage/button_OK_RevokeLicense' is clicked on&#xD;
&#xD;
2019-07-29 16:49:15 - [TEST_STEP][PASSED] - delay(1, CONTINUE_ON_FAILURE): Delayed 1 second(s)&#xD;
&#xD;
2019-07-29 16:49:16 - [MESSAGE][PASSED] - Delayed 1 second(s)&#xD;
&#xD;
2019-07-29 16:49:16 - [TEST_STEP][PASSED] - click(findTestObject("Admin/SettingsHome/Settings_ES_LicensingPage/contextual_Menu"), CONTINUE_ON_FAILURE): Object: 'Object Repository/Admin/SettingsHome/Settings_ES_LicensingPage/contextual_Menu' is clicked on&#xD;
&#xD;
2019-07-29 16:49:16 - [MESSAGE][PASSED] - Object: 'Object Repository/Admin/SettingsHome/Settings_ES_LicensingPage/contextual_Menu' is clicked on&#xD;
&#xD;
2019-07-29 16:49:16 - [TEST_STEP][PASSED] - delay(1, CONTINUE_ON_FAILURE): Delayed 1 second(s)&#xD;
&#xD;
2019-07-29 16:49:17 - [MESSAGE][PASSED] - Delayed 1 second(s)&#xD;
&#xD;
2019-07-29 16:49:17 - [TEST_STEP][PASSED] - click(findTestObject("Admin/SettingsHome/Settings_ES_LicensingPage/a_UninstallLicenese"), CONTINUE_ON_FAILURE): Object: 'Object Repository/Admin/SettingsHome/Settings_ES_LicensingPage/a_UninstallLicenese' is clicked on&#xD;
&#xD;
2019-07-29 16:49:17 - [MESSAGE][PASSED] - Object: 'Object Repository/Admin/SettingsHome/Settings_ES_LicensingPage/a_UninstallLicenese' is clicked on&#xD;
&#xD;
2019-07-29 16:49:17 - [TEST_STEP][PASSED] - delay(1, CONTINUE_ON_FAILURE): Delayed 1 second(s)&#xD;
&#xD;
2019-07-29 16:49:18 - [MESSAGE][PASSED] - Delayed 1 second(s)&#xD;
&#xD;
2019-07-29 16:49:18 - [TEST_STEP][PASSED] - click(findTestObject("Admin/SettingsHome/Settings_ES_LicensingPage/button_OK_UninstallLicense"), CONTINUE_ON_FAILURE): Object: 'Object Repository/Admin/SettingsHome/Settings_ES_LicensingPage/button_OK_UninstallLicense' is clicked on&#xD;
&#xD;
2019-07-29 16:49:18 - [MESSAGE][PASSED] - Object: 'Object Repository/Admin/SettingsHome/Settings_ES_LicensingPage/button_OK_UninstallLicense' is clicked on&#xD;
&#xD;
2019-07-29 16:49:18 - [TEST_STEP][PASSED] - delay(2, CONTINUE_ON_FAILURE): Delayed 2 second(s)&#xD;
&#xD;
2019-07-29 16:49:20 - [MESSAGE][PASSED] - Delayed 2 second(s)&#xD;
&#xD;
2019-07-29 16:49:20 - [TEST_STEP][PASSED] - verifyElementText(findTestObject("Admin/SettingsHome/Settings_ES_LicensingPage/NoLicenses_Text"), "No items", CONTINUE_ON_FAILURE): Actual text and expected text of test object 'Object Repository/Admin/SettingsHome/Settings_ES_LicensingPage/NoLicenses_Text' are matched.&#xD;
&#xD;
2019-07-29 16:49:20 - [MESSAGE][PASSED] - Actual text and expected text of test object 'Object Repository/Admin/SettingsHome/Settings_ES_LicensingPage/NoLicenses_Text' are matched.&#xD;
&#xD;
2019-07-29 16:49:20 - [TEST_STEP][PASSED] - click(findTestObject("Admin/SettingsHome/Settings_ES_LicensingPage/toggle_EcrionAccount"), CONTINUE_ON_FAILURE): Object: 'Object Repository/Admin/SettingsHome/Settings_ES_LicensingPage/toggle_EcrionAccount' is clicked on&#xD;
&#xD;
2019-07-29 16:49:20 - [MESSAGE][PASSED] - Object: 'Object Repository/Admin/SettingsHome/Settings_ES_LicensingPage/toggle_EcrionAccount' is clicked on&#xD;
&#xD;
2019-07-29 16:49:20 - [TEST_STEP][PASSED] - click(findTestObject("Admin/SettingsHome/Settings_ES_LicensingPage/a_Sign-In"), CONTINUE_ON_FAILURE): Object: 'Object Repository/Admin/SettingsHome/Settings_ES_LicensingPage/a_Sign-In' is clicked on&#xD;
&#xD;
2019-07-29 16:49:20 - [MESSAGE][PASSED] - Object: 'Object Repository/Admin/SettingsHome/Settings_ES_LicensingPage/a_Sign-In' is clicked on&#xD;
&#xD;
2019-07-29 16:49:20 - [TEST_STEP][PASSED] - delay(1, CONTINUE_ON_FAILURE): Delayed 1 second(s)&#xD;
&#xD;
2019-07-29 16:49:21 - [MESSAGE][PASSED] - Delayed 1 second(s)&#xD;
&#xD;
2019-07-29 16:49:21 - [TEST_STEP][PASSED] - click(findTestObject("Admin/SettingsHome/Settings_ES_LicensingPage/button_ Delete_SignInWindow"), CONTINUE_ON_FAILURE): Object: 'Object Repository/Admin/SettingsHome/Settings_ES_LicensingPage/button_ Delete_SignInWindow' is clicked on&#xD;
&#xD;
2019-07-29 16:49:21 - [MESSAGE][PASSED] - Object: 'Object Repository/Admin/SettingsHome/Settings_ES_LicensingPage/button_ Delete_SignInWindow' is clicked on&#xD;
&#xD;
2019-07-29 16:49:21 - [TEST_STEP][PASSED] - delay(1, CONTINUE_ON_FAILURE): Delayed 1 second(s)&#xD;
&#xD;
2019-07-29 16:49:22 - [MESSAGE][PASSED] - Delayed 1 second(s)&#xD;
&#xD;
2019-07-29 16:49:22 - [TEST_STEP][PASSED] - click(findTestObject("Admin/SettingsHome/Settings_ES_LicensingPage/button_OkButton_deleteAccountConnecction"), CONTINUE_ON_FAILURE): Object: 'Object Repository/Admin/SettingsHome/Settings_ES_LicensingPage/button_OkButton_deleteAccountConnecction' is clicked on&#xD;
&#xD;
2019-07-29 16:49:22 - [MESSAGE][PASSED] - Object: 'Object Repository/Admin/SettingsHome/Settings_ES_LicensingPage/button_OkButton_deleteAccountConnecction' is clicked on&#xD;
&#xD;
2019-07-29 16:49:22 - [TEST_STEP][PASSED] - refresh(CONTINUE_ON_FAILURE): Refresh successfully&#xD;
&#xD;
2019-07-29 16:49:22 - [MESSAGE][PASSED] - Refresh successfully&#xD;
&#xD;
2019-07-29 16:49:22 - [TEST_STEP][PASSED] - click(findTestObject("Admin/SettingsHome/Settings_ES_LicensingPage/a_Sign-In"), CONTINUE_ON_FAILURE): Object: 'Object Repository/Admin/SettingsHome/Settings_ES_LicensingPage/a_Sign-In' is clicked on&#xD;
&#xD;
2019-07-29 16:49:23 - [MESSAGE][PASSED] - Object: 'Object Repository/Admin/SettingsHome/Settings_ES_LicensingPage/a_Sign-In' is clicked on&#xD;
&#xD;
2019-07-29 16:49:23 - [TEST_STEP][PASSED] - verifyElementPresent(findTestObject("Admin/SettingsHome/Settings_ES_LicensingPage/input_Username_Username"), 3, CONTINUE_ON_FAILURE): Object 'Object Repository/Admin/SettingsHome/Settings_ES_LicensingPage/input_Username_Username' is present&#xD;
&#xD;
2019-07-29 16:49:23 - [MESSAGE][PASSED] - Object 'Object Repository/Admin/SettingsHome/Settings_ES_LicensingPage/input_Username_Username' is present&#xD;
&#xD;
2019-07-29 16:49:23 - [TEST_STEP][PASSED] - delay(1, CONTINUE_ON_FAILURE): Delayed 1 second(s)&#xD;
&#xD;
2019-07-29 16:49:24 - [MESSAGE][PASSED] - Delayed 1 second(s)&#xD;
&#xD;
2019-07-29 16:49:24 - [TEST_STEP][PASSED] - click(findTestObject("Admin/SettingsHome/Settings_ES_LicensingPage/button_Cancel_SignInWindow"), CONTINUE_ON_FAILURE): Object: 'Object Repository/Admin/SettingsHome/Settings_ES_LicensingPage/button_Cancel_SignInWindow' is clicked on&#xD;
&#xD;
2019-07-29 16:49:24 - [MESSAGE][PASSED] - Object: 'Object Repository/Admin/SettingsHome/Settings_ES_LicensingPage/button_Cancel_SignInWindow' is clicked on&#xD;
&#xD;
2019-07-29 16:49:24 - [MESSAGE][PASSED] - Call Test Case 'Test Cases/Admin/ES_License_Revoke_Uninstall_DeleteEcrionAccount' successfully&#xD;
&#xD;
2019-07-29 16:49:24 - [TEST_STEP][PASSED] - delay(2, CONTINUE_ON_FAILURE): Delayed 2 second(s)&#xD;
&#xD;
2019-07-29 16:49:26 - [MESSAGE][PASSED] - Delayed 2 second(s)&#xD;
&#xD;
2019-07-29 16:49:26 - [TEST_STEP][PASSED] - callTestCase(findTestCase("Admin/ES_License_Install"), [:], CONTINUE_ON_FAILURE): Call Test Case 'Test Cases/Admin/ES_License_Install' successfully&#xD;
&#xD;
2019-07-29 16:49:26 - [TEST_CASE][PASSED] - Test Cases/Admin/ES_License_Install: Test Cases/Admin/ES_License_Install&#xD;
&#xD;
2019-07-29 16:49:26 - [TEST_STEP][NOT_RUN] - callTestCase(findTestCase("Main Login Page/login_simple"), [:], CONTINUE_ON_FAILURE): NOT_RUN: callTestCase(findTestCase("Main Login Page/login_simple"), [:], CONTINUE_ON_FAILURE)&#xD;
&#xD;
2019-07-29 16:49:26 - [MESSAGE][NOT_RUN] - NOT_RUN: callTestCase(findTestCase("Main Login Page/login_simple"), [:], CONTINUE_ON_FAILURE)&#xD;
&#xD;
2019-07-29 16:49:26 - [TEST_STEP][NOT_RUN] - delay(3, CONTINUE_ON_FAILURE): NOT_RUN: delay(3, CONTINUE_ON_FAILURE)&#xD;
&#xD;
2019-07-29 16:49:26 - [MESSAGE][NOT_RUN] - NOT_RUN: delay(3, CONTINUE_ON_FAILURE)&#xD;
&#xD;
2019-07-29 16:49:26 - [TEST_STEP][NOT_RUN] - click(findTestObject("Admin/a_Admin"), CONTINUE_ON_FAILURE): NOT_RUN: click(findTestObject("Admin/a_Admin"), CONTINUE_ON_FAILURE)&#xD;
&#xD;
2019-07-29 16:49:26 - [MESSAGE][NOT_RUN] - NOT_RUN: click(findTestObject("Admin/a_Admin"), CONTINUE_ON_FAILURE)&#xD;
&#xD;
2019-07-29 16:49:26 - [TEST_STEP][NOT_RUN] - click(findTestObject("Admin/SettingsHome/Settings_ES_LicensingPage/div_Licensing"), CONTINUE_ON_FAILURE): NOT_RUN: click(findTestObject("Admin/SettingsHome/Settings_ES_LicensingPage/div_Licensing"), CONTINUE_ON_FAILURE)&#xD;
&#xD;
2019-07-29 16:49:26 - [MESSAGE][NOT_RUN] - NOT_RUN: click(findTestObject("Admin/SettingsHome/Settings_ES_LicensingPage/div_Licensing"), CONTINUE_ON_FAILURE)&#xD;
&#xD;
2019-07-29 16:49:26 - [TEST_STEP][PASSED] - click(findTestObject("Admin/SettingsHome/Settings_ES_LicensingPage/a_Sign-In"), CONTINUE_ON_FAILURE): Object: 'Object Repository/Admin/SettingsHome/Settings_ES_LicensingPage/a_Sign-In' is clicked on&#xD;
&#xD;
2019-07-29 16:49:26 - [MESSAGE][PASSED] - Object: 'Object Repository/Admin/SettingsHome/Settings_ES_LicensingPage/a_Sign-In' is clicked on&#xD;
&#xD;
2019-07-29 16:49:26 - [TEST_STEP][PASSED] - delay(1, CONTINUE_ON_FAILURE): Delayed 1 second(s)&#xD;
&#xD;
2019-07-29 16:49:27 - [MESSAGE][PASSED] - Delayed 1 second(s)&#xD;
&#xD;
2019-07-29 16:49:27 - [TEST_STEP][PASSED] - setText(findTestObject("Admin/SettingsHome/Settings_ES_LicensingPage/input_Username_Username"), LicenseAcc_Username, CONTINUE_ON_FAILURE): Text 'bogdane' is set on object 'Object Repository/Admin/SettingsHome/Settings_ES_LicensingPage/input_Username_Username'&#xD;
&#xD;
2019-07-29 16:49:27 - [MESSAGE][PASSED] - Text 'bogdane' is set on object 'Object Repository/Admin/SettingsHome/Settings_ES_LicensingPage/input_Username_Username'&#xD;
&#xD;
2019-07-29 16:49:27 - [TEST_STEP][PASSED] - setText(findTestObject("Admin/SettingsHome/Settings_ES_LicensingPage/input_Password_Password"), LicenseAcc_Password, CONTINUE_ON_FAILURE): Text 'ebogdan' is set on object 'Object Repository/Admin/SettingsHome/Settings_ES_LicensingPage/input_Password_Password'&#xD;
&#xD;
2019-07-29 16:49:28 - [MESSAGE][PASSED] - Text 'ebogdan' is set on object 'Object Repository/Admin/SettingsHome/Settings_ES_LicensingPage/input_Password_Password'&#xD;
&#xD;
2019-07-29 16:49:28 - [TEST_STEP][PASSED] - delay(2, CONTINUE_ON_FAILURE): Delayed 2 second(s)&#xD;
&#xD;
2019-07-29 16:49:30 - [MESSAGE][PASSED] - Delayed 2 second(s)&#xD;
&#xD;
2019-07-29 16:49:30 - [TEST_STEP][PASSED] - click(findTestObject("Admin/SettingsHome/Settings_ES_LicensingPage/button_OkSignInWindow"), CONTINUE_ON_FAILURE): Object: 'Object Repository/Admin/SettingsHome/Settings_ES_LicensingPage/button_OkSignInWindow' is clicked on&#xD;
&#xD;
2019-07-29 16:49:30 - [MESSAGE][PASSED] - Object: 'Object Repository/Admin/SettingsHome/Settings_ES_LicensingPage/button_OkSignInWindow' is clicked on&#xD;
&#xD;
2019-07-29 16:49:30 - [TEST_STEP][PASSED] - delay(3, CONTINUE_ON_FAILURE): Delayed 3 second(s)&#xD;
&#xD;
2019-07-29 16:49:33 - [MESSAGE][PASSED] - Delayed 3 second(s)&#xD;
&#xD;
2019-07-29 16:49:33 - [TEST_STEP][PASSED] - click(findTestObject("Admin/SettingsHome/Settings_ES_LicensingPage/button_Add License"), CONTINUE_ON_FAILURE): Object: 'Object Repository/Admin/SettingsHome/Settings_ES_LicensingPage/button_Add License' is clicked on&#xD;
&#xD;
2019-07-29 16:49:33 - [MESSAGE][PASSED] - Object: 'Object Repository/Admin/SettingsHome/Settings_ES_LicensingPage/button_Add License' is clicked on&#xD;
&#xD;
2019-07-29 16:49:33 - [TEST_STEP][PASSED] - delay(1, CONTINUE_ON_FAILURE): Delayed 1 second(s)&#xD;
&#xD;
2019-07-29 16:49:34 - [MESSAGE][PASSED] - Delayed 1 second(s)&#xD;
&#xD;
2019-07-29 16:49:34 - [TEST_STEP][PASSED] - check(findTestObject("Admin/SettingsHome/Settings_ES_LicensingPage/input_selectLicense"), CONTINUE_ON_FAILURE): Object 'Object Repository/Admin/SettingsHome/Settings_ES_LicensingPage/input_selectLicense' is checked&#xD;
&#xD;
2019-07-29 16:49:34 - [MESSAGE][PASSED] - Object 'Object Repository/Admin/SettingsHome/Settings_ES_LicensingPage/input_selectLicense' is checked&#xD;
&#xD;
2019-07-29 16:49:34 - [TEST_STEP][PASSED] - click(findTestObject("Admin/SettingsHome/Settings_ES_LicensingPage/button_Install 1 licenses"), CONTINUE_ON_FAILURE): Object: 'Object Repository/Admin/SettingsHome/Settings_ES_LicensingPage/button_Install 1 licenses' is clicked on&#xD;
&#xD;
2019-07-29 16:49:34 - [MESSAGE][PASSED] - Object: 'Object Repository/Admin/SettingsHome/Settings_ES_LicensingPage/button_Install 1 licenses' is clicked on&#xD;
&#xD;
2019-07-29 16:49:34 - [TEST_STEP][PASSED] - delay(2, CONTINUE_ON_FAILURE): Delayed 2 second(s)&#xD;
&#xD;
2019-07-29 16:49:36 - [MESSAGE][PASSED] - Delayed 2 second(s)&#xD;
&#xD;
2019-07-29 16:49:36 - [TEST_STEP][PASSED] - click(findTestObject("Admin/SettingsHome/Settings_ES_LicensingPage/contextual_Menu"), CONTINUE_ON_FAILURE): Object: 'Object Repository/Admin/SettingsHome/Settings_ES_LicensingPage/contextual_Menu' is clicked on&#xD;
&#xD;
2019-07-29 16:49:36 - [MESSAGE][PASSED] - Object: 'Object Repository/Admin/SettingsHome/Settings_ES_LicensingPage/contextual_Menu' is clicked on&#xD;
&#xD;
2019-07-29 16:49:36 - [TEST_STEP][PASSED] - click(findTestObject("Admin/SettingsHome/Settings_ES_LicensingPage/a_AssignLicense"), CONTINUE_ON_FAILURE): Object: 'Object Repository/Admin/SettingsHome/Settings_ES_LicensingPage/a_AssignLicense' is clicked on&#xD;
&#xD;
2019-07-29 16:49:37 - [MESSAGE][PASSED] - Object: 'Object Repository/Admin/SettingsHome/Settings_ES_LicensingPage/a_AssignLicense' is clicked on&#xD;
&#xD;
2019-07-29 16:49:37 - [TEST_STEP][PASSED] - click(findTestObject("Admin/SettingsHome/Settings_ES_LicensingPage/button_OK_SelectUser"), CONTINUE_ON_FAILURE): Object: 'Object Repository/Admin/SettingsHome/Settings_ES_LicensingPage/button_OK_SelectUser' is clicked on&#xD;
&#xD;
2019-07-29 16:49:37 - [MESSAGE][PASSED] - Object: 'Object Repository/Admin/SettingsHome/Settings_ES_LicensingPage/button_OK_SelectUser' is clicked on&#xD;
&#xD;
2019-07-29 16:49:37 - [TEST_STEP][PASSED] - delay(1, CONTINUE_ON_FAILURE): Delayed 1 second(s)&#xD;
&#xD;
2019-07-29 16:49:38 - [MESSAGE][PASSED] - Delayed 1 second(s)&#xD;
&#xD;
2019-07-29 16:49:38 - [TEST_STEP][PASSED] - verifyElementText(findTestObject("Admin/SettingsHome/Settings_ES_LicensingPage/AssignedTo - Text"), Username_Admin, CONTINUE_ON_FAILURE): Actual text and expected text of test object 'Object Repository/Admin/SettingsHome/Settings_ES_LicensingPage/AssignedTo - Text' are matched.&#xD;
&#xD;
2019-07-29 16:49:38 - [MESSAGE][PASSED] - Actual text and expected text of test object 'Object Repository/Admin/SettingsHome/Settings_ES_LicensingPage/AssignedTo - Text' are matched.&#xD;
&#xD;
2019-07-29 16:49:38 - [MESSAGE][PASSED] - Call Test Case 'Test Cases/Admin/ES_License_Install' successfully&#xD;
&#xD;
2019-07-29 16:49:38 - [MESSAGE][PASSED] - Call Test Case 'Test Cases/Admin/ES_LIcensesTests' successfully&#xD;
&#xD;
2019-07-29 16:49:38 - [TEST_STEP][PASSED] - delay(2, CONTINUE_ON_FAILURE): Delayed 2 second(s)&#xD;
&#xD;
2019-07-29 16:49:40 - [MESSAGE][PASSED] - Delayed 2 second(s)&#xD;
&#xD;
2019-07-29 16:49:40 - [TEST_STEP][PASSED] - callTestCase(findTestCase("Contacts/Create_Contact"), [:], CONTINUE_ON_FAILURE): Call Test Case 'Test Cases/Contacts/Create_Contact' successfully&#xD;
&#xD;
2019-07-29 16:49:40 - [TEST_CASE][PASSED] - Test Cases/Contacts/Create_Contact: Test Cases/Contacts/Create_Contact&#xD;
&#xD;
2019-07-29 16:49:40 - [TEST_STEP][NOT_RUN] - callTestCase(findTestCase("Main Login Page/login_simple"), [:], STOP_ON_FAILURE): NOT_RUN: callTestCase(findTestCase("Main Login Page/login_simple"), [:], STOP_ON_FAILURE)&#xD;
&#xD;
2019-07-29 16:49:40 - [MESSAGE][NOT_RUN] - NOT_RUN: callTestCase(findTestCase("Main Login Page/login_simple"), [:], STOP_ON_FAILURE)&#xD;
&#xD;
2019-07-29 16:49:40 - [TEST_STEP][PASSED] - navigateToUrl(url_enterprise): Navigate to 'http://192.168.1.55:8094/' successfully&#xD;
&#xD;
2019-07-29 16:49:40 - [MESSAGE][PASSED] - Navigate to 'http://192.168.1.55:8094/' successfully&#xD;
&#xD;
2019-07-29 16:49:40 - [TEST_STEP][PASSED] - click(findTestObject("Contacts/Page_Welcome - EOS/a_Contacts")): Object: 'Object Repository/Contacts/Page_Welcome - EOS/a_Contacts' is clicked on&#xD;
&#xD;
2019-07-29 16:49:41 - [MESSAGE][PASSED] - Object: 'Object Repository/Contacts/Page_Welcome - EOS/a_Contacts' is clicked on&#xD;
&#xD;
2019-07-29 16:49:41 - [TEST_STEP][PASSED] - click(findTestObject("Contacts/Page_Contacts/button_New")): Object: 'Object Repository/Contacts/Page_Contacts/button_New' is clicked on&#xD;
&#xD;
2019-07-29 16:49:42 - [MESSAGE][PASSED] - Object: 'Object Repository/Contacts/Page_Contacts/button_New' is clicked on&#xD;
&#xD;
2019-07-29 16:49:42 - [TEST_STEP][PASSED] - click(findTestObject("Contacts/Page_Contacts/a_Contact")): Object: 'Object Repository/Contacts/Page_Contacts/a_Contact' is clicked on&#xD;
&#xD;
2019-07-29 16:49:42 - [MESSAGE][PASSED] - Object: 'Object Repository/Contacts/Page_Contacts/a_Contact' is clicked on&#xD;
&#xD;
2019-07-29 16:49:42 - [TEST_STEP][PASSED] - setText(findTestObject("Contacts/Page_Contacts/input_FirstName"), "TestContact"): Text 'TestContact' is set on object 'Object Repository/Contacts/Page_Contacts/input_FirstName'&#xD;
&#xD;
2019-07-29 16:49:43 - [MESSAGE][PASSED] - Text 'TestContact' is set on object 'Object Repository/Contacts/Page_Contacts/input_FirstName'&#xD;
&#xD;
2019-07-29 16:49:43 - [TEST_STEP][PASSED] - setText(findTestObject("Contacts/Page_Contacts/input_LAstName"), "TestContactLM"): Text 'TestContactLM' is set on object 'Object Repository/Contacts/Page_Contacts/input_LAstName'&#xD;
&#xD;
2019-07-29 16:49:43 - [MESSAGE][PASSED] - Text 'TestContactLM' is set on object 'Object Repository/Contacts/Page_Contacts/input_LAstName'&#xD;
&#xD;
2019-07-29 16:49:43 - [TEST_STEP][PASSED] - setText(findTestObject("Contacts/Page_Contacts/input_email"), "test@test.test"): Text 'test@test.test' is set on object 'Object Repository/Contacts/Page_Contacts/input_email'&#xD;
&#xD;
2019-07-29 16:49:43 - [MESSAGE][PASSED] - Text 'test@test.test' is set on object 'Object Repository/Contacts/Page_Contacts/input_email'&#xD;
&#xD;
2019-07-29 16:49:43 - [TEST_STEP][PASSED] - setText(findTestObject("Contacts/Page_Contacts/input_Phone"), "02123456789"): Text '02123456789' is set on object 'Object Repository/Contacts/Page_Contacts/input_Phone'&#xD;
&#xD;
2019-07-29 16:49:43 - [MESSAGE][PASSED] - Text '02123456789' is set on object 'Object Repository/Contacts/Page_Contacts/input_Phone'&#xD;
&#xD;
2019-07-29 16:49:43 - [TEST_STEP][PASSED] - setText(findTestObject("Contacts/Page_Contacts/input_contactNO"), "13"): Text '13' is set on object 'Object Repository/Contacts/Page_Contacts/input_contactNO'&#xD;
&#xD;
2019-07-29 16:49:43 - [MESSAGE][PASSED] - Text '13' is set on object 'Object Repository/Contacts/Page_Contacts/input_contactNO'&#xD;
&#xD;
2019-07-29 16:49:43 - [TEST_STEP][PASSED] - setText(findTestObject("Contacts/Page_Contacts/input_mobile"), "0712345678"): Text '0712345678' is set on object 'Object Repository/Contacts/Page_Contacts/input_mobile'&#xD;
&#xD;
2019-07-29 16:49:43 - [MESSAGE][PASSED] - Text '0712345678' is set on object 'Object Repository/Contacts/Page_Contacts/input_mobile'&#xD;
&#xD;
2019-07-29 16:49:43 - [TEST_STEP][PASSED] - check(findTestObject("Contacts/Page_Contacts/input_PrimaryContact"), STOP_ON_FAILURE): Object 'Object Repository/Contacts/Page_Contacts/input_PrimaryContact' is checked&#xD;
&#xD;
2019-07-29 16:49:43 - [MESSAGE][PASSED] - Object 'Object Repository/Contacts/Page_Contacts/input_PrimaryContact' is checked&#xD;
&#xD;
2019-07-29 16:49:43 - [TEST_STEP][PASSED] - click(findTestObject("Contacts/Page_Contacts/a_Address")): Object: 'Object Repository/Contacts/Page_Contacts/a_Address' is clicked on&#xD;
&#xD;
2019-07-29 16:49:43 - [MESSAGE][PASSED] - Object: 'Object Repository/Contacts/Page_Contacts/a_Address' is clicked on&#xD;
&#xD;
2019-07-29 16:49:43 - [TEST_STEP][PASSED] - setText(findTestObject("Contacts/Page_Contacts/input_Street"), "QA Street"): Text 'QA Street' is set on object 'Object Repository/Contacts/Page_Contacts/input_Street'&#xD;
&#xD;
2019-07-29 16:49:43 - [MESSAGE][PASSED] - Text 'QA Street' is set on object 'Object Repository/Contacts/Page_Contacts/input_Street'&#xD;
&#xD;
2019-07-29 16:49:43 - [TEST_STEP][PASSED] - setText(findTestObject("Contacts/Page_Contacts/input_ZipPostalCode"), "777"): Text '777' is set on object 'Object Repository/Contacts/Page_Contacts/input_ZipPostalCode'&#xD;
&#xD;
2019-07-29 16:49:44 - [MESSAGE][PASSED] - Text '777' is set on object 'Object Repository/Contacts/Page_Contacts/input_ZipPostalCode'&#xD;
&#xD;
2019-07-29 16:49:44 - [TEST_STEP][PASSED] - setText(findTestObject("Contacts/Page_Contacts/input_City"), "QA City"): Text 'QA City' is set on object 'Object Repository/Contacts/Page_Contacts/input_City'&#xD;
&#xD;
2019-07-29 16:49:44 - [MESSAGE][PASSED] - Text 'QA City' is set on object 'Object Repository/Contacts/Page_Contacts/input_City'&#xD;
&#xD;
2019-07-29 16:49:44 - [TEST_STEP][PASSED] - setText(findTestObject("Contacts/Page_Contacts/input_State"), "QA State"): Text 'QA State' is set on object 'Object Repository/Contacts/Page_Contacts/input_State'&#xD;
&#xD;
2019-07-29 16:49:44 - [MESSAGE][PASSED] - Text 'QA State' is set on object 'Object Repository/Contacts/Page_Contacts/input_State'&#xD;
&#xD;
2019-07-29 16:49:44 - [TEST_STEP][PASSED] - setText(findTestObject("Contacts/Page_Contacts/input_Country"), "QA Country"): Text 'QA Country' is set on object 'Object Repository/Contacts/Page_Contacts/input_Country'&#xD;
&#xD;
2019-07-29 16:49:44 - [MESSAGE][PASSED] - Text 'QA Country' is set on object 'Object Repository/Contacts/Page_Contacts/input_Country'&#xD;
&#xD;
2019-07-29 16:49:44 - [TEST_STEP][PASSED] - click(findTestObject("Contacts/Page_Contacts/a_Demographics")): Object: 'Object Repository/Contacts/Page_Contacts/a_Demographics' is clicked on&#xD;
&#xD;
2019-07-29 16:49:44 - [MESSAGE][PASSED] - Object: 'Object Repository/Contacts/Page_Contacts/a_Demographics' is clicked on&#xD;
&#xD;
2019-07-29 16:49:44 - [TEST_STEP][PASSED] - setText(findTestObject("Contacts/Page_Contacts/input_DateOfBirth"), "010186"): Text '010186' is set on object 'Object Repository/Contacts/Page_Contacts/input_DateOfBirth'&#xD;
&#xD;
2019-07-29 16:49:44 - [MESSAGE][PASSED] - Text '010186' is set on object 'Object Repository/Contacts/Page_Contacts/input_DateOfBirth'&#xD;
&#xD;
2019-07-29 16:49:44 - [TEST_STEP][PASSED] - click(findTestObject("Contacts/Page_Contacts/a_Sales")): Object: 'Object Repository/Contacts/Page_Contacts/a_Sales' is clicked on&#xD;
&#xD;
2019-07-29 16:49:44 - [MESSAGE][PASSED] - Object: 'Object Repository/Contacts/Page_Contacts/a_Sales' is clicked on&#xD;
&#xD;
2019-07-29 16:49:44 - [TEST_STEP][PASSED] - setText(findTestObject("Contacts/Page_Contacts/input_Company"), "QA Inc Ltd"): Text 'QA Inc Ltd' is set on object 'Object Repository/Contacts/Page_Contacts/input_Company'&#xD;
&#xD;
2019-07-29 16:49:44 - [MESSAGE][PASSED] - Text 'QA Inc Ltd' is set on object 'Object Repository/Contacts/Page_Contacts/input_Company'&#xD;
&#xD;
2019-07-29 16:49:44 - [TEST_STEP][PASSED] - setText(findTestObject("Contacts/Page_Contacts/input_Title"), "Mr. QA"): Text 'Mr. QA' is set on object 'Object Repository/Contacts/Page_Contacts/input_Title'&#xD;
&#xD;
2019-07-29 16:49:44 - [MESSAGE][PASSED] - Text 'Mr. QA' is set on object 'Object Repository/Contacts/Page_Contacts/input_Title'&#xD;
&#xD;
2019-07-29 16:49:44 - [TEST_STEP][PASSED] - setText(findTestObject("Contacts/Page_Contacts/input_Industry"), "QA"): Text 'QA' is set on object 'Object Repository/Contacts/Page_Contacts/input_Industry'&#xD;
&#xD;
2019-07-29 16:49:44 - [MESSAGE][PASSED] - Text 'QA' is set on object 'Object Repository/Contacts/Page_Contacts/input_Industry'&#xD;
&#xD;
2019-07-29 16:49:44 - [TEST_STEP][PASSED] - setText(findTestObject("Contacts/Page_Contacts/input_LeadSource"), "Automation"): Text 'Automation' is set on object 'Object Repository/Contacts/Page_Contacts/input_LeadSource'&#xD;
&#xD;
2019-07-29 16:49:45 - [MESSAGE][PASSED] - Text 'Automation' is set on object 'Object Repository/Contacts/Page_Contacts/input_LeadSource'&#xD;
&#xD;
2019-07-29 16:49:45 - [TEST_STEP][PASSED] - click(findTestObject("Contacts/Page_Contacts/input_modalOkBtn")): Object: 'Object Repository/Contacts/Page_Contacts/input_modalOkBtn' is clicked on&#xD;
&#xD;
2019-07-29 16:49:45 - [MESSAGE][PASSED] - Object: 'Object Repository/Contacts/Page_Contacts/input_modalOkBtn' is clicked on&#xD;
&#xD;
2019-07-29 16:49:45 - [TEST_STEP][PASSED] - delay(2): Delayed 2 second(s)&#xD;
&#xD;
2019-07-29 16:49:47 - [MESSAGE][PASSED] - Delayed 2 second(s)&#xD;
&#xD;
2019-07-29 16:49:47 - [TEST_STEP][PASSED] - verifyElementPresent(findTestObject("Contacts/Page_Contacts/verify_Createdcontact"), 3): Object 'Object Repository/Contacts/Page_Contacts/verify_Createdcontact' is present&#xD;
&#xD;
2019-07-29 16:49:47 - [MESSAGE][PASSED] - Object 'Object Repository/Contacts/Page_Contacts/verify_Createdcontact' is present&#xD;
&#xD;
2019-07-29 16:49:47 - [TEST_STEP][PASSED] - click(findTestObject("Contacts/Page_Contacts/verify_Createdcontact")): Object: 'Object Repository/Contacts/Page_Contacts/verify_Createdcontact' is clicked on&#xD;
&#xD;
2019-07-29 16:49:47 - [MESSAGE][PASSED] - Object: 'Object Repository/Contacts/Page_Contacts/verify_Createdcontact' is clicked on&#xD;
&#xD;
2019-07-29 16:49:47 - [MESSAGE][PASSED] - Call Test Case 'Test Cases/Contacts/Create_Contact' successfully&#xD;
&#xD;
2019-07-29 16:49:47 - [TEST_STEP][PASSED] - delay(2, CONTINUE_ON_FAILURE): Delayed 2 second(s)&#xD;
&#xD;
2019-07-29 16:49:49 - [MESSAGE][PASSED] - Delayed 2 second(s)&#xD;
&#xD;
2019-07-29 16:49:49 - [TEST_STEP][PASSED] - callTestCase(findTestCase("Groups_Users/Create Group_Users"), [:], CONTINUE_ON_FAILURE): Call Test Case 'Test Cases/Groups_Users/Create Group_Users' successfully&#xD;
&#xD;
2019-07-29 16:49:49 - [TEST_CASE][PASSED] - Test Cases/Groups_Users/Create Group_Users: Test Cases/Groups_Users/Create Group_Users&#xD;
&#xD;
2019-07-29 16:49:49 - [TEST_STEP][NOT_RUN] - callTestCase(findTestCase("Main Login Page/login_simple"), [:], STOP_ON_FAILURE): NOT_RUN: callTestCase(findTestCase("Main Login Page/login_simple"), [:], STOP_ON_FAILURE)&#xD;
&#xD;
2019-07-29 16:49:49 - [MESSAGE][NOT_RUN] - NOT_RUN: callTestCase(findTestCase("Main Login Page/login_simple"), [:], STOP_ON_FAILURE)&#xD;
&#xD;
2019-07-29 16:49:49 - [TEST_STEP][PASSED] - navigateToUrl(url_enterprise): Navigate to 'http://192.168.1.55:8094/' successfully&#xD;
&#xD;
2019-07-29 16:49:49 - [MESSAGE][PASSED] - Navigate to 'http://192.168.1.55:8094/' successfully&#xD;
&#xD;
2019-07-29 16:49:49 - [TEST_STEP][PASSED] - click(findTestObject("Groups_Users/Page_Welcome - EOS/a_Admin")): Object: 'Object Repository/Groups_Users/Page_Welcome - EOS/a_Admin' is clicked on&#xD;
&#xD;
2019-07-29 16:49:50 - [MESSAGE][PASSED] - Object: 'Object Repository/Groups_Users/Page_Welcome - EOS/a_Admin' is clicked on&#xD;
&#xD;
2019-07-29 16:49:50 - [TEST_STEP][PASSED] - click(findTestObject("Groups_Users/Page_Settings - EOS/div_Users")): Object: 'Object Repository/Groups_Users/Page_Settings - EOS/div_Users' is clicked on&#xD;
&#xD;
2019-07-29 16:49:50 - [MESSAGE][PASSED] - Object: 'Object Repository/Groups_Users/Page_Settings - EOS/div_Users' is clicked on&#xD;
&#xD;
2019-07-29 16:49:50 - [TEST_STEP][PASSED] - click(findTestObject("Groups_Users/Page_Users - Settings - EOS/button_New User")): Object: 'Object Repository/Groups_Users/Page_Users - Settings - EOS/button_New User' is clicked on&#xD;
&#xD;
2019-07-29 16:49:51 - [MESSAGE][PASSED] - Object: 'Object Repository/Groups_Users/Page_Users - Settings - EOS/button_New User' is clicked on&#xD;
&#xD;
2019-07-29 16:49:51 - [TEST_STEP][PASSED] - setText(findTestObject("Groups_Users/Page_Users - Settings - EOS/input_emailTxtName"), email_NonAdmin): Text 'test@test.ro' is set on object 'Object Repository/Groups_Users/Page_Users - Settings - EOS/input_emailTxtName'&#xD;
&#xD;
2019-07-29 16:49:52 - [MESSAGE][PASSED] - Text 'test@test.ro' is set on object 'Object Repository/Groups_Users/Page_Users - Settings - EOS/input_emailTxtName'&#xD;
&#xD;
2019-07-29 16:49:52 - [TEST_STEP][PASSED] - click(findTestObject("Groups_Users/Page_Users - Settings - EOS/input_userNext")): Object: 'Object Repository/Groups_Users/Page_Users - Settings - EOS/input_userNext' is clicked on&#xD;
&#xD;
2019-07-29 16:49:52 - [MESSAGE][PASSED] - Object: 'Object Repository/Groups_Users/Page_Users - Settings - EOS/input_userNext' is clicked on&#xD;
&#xD;
2019-07-29 16:49:52 - [TEST_STEP][PASSED] - delay(1): Delayed 1 second(s)&#xD;
&#xD;
2019-07-29 16:49:53 - [MESSAGE][PASSED] - Delayed 1 second(s)&#xD;
&#xD;
2019-07-29 16:49:53 - [TEST_STEP][PASSED] - setText(findTestObject("Groups_Users/Page_Users - Settings - EOS/input_loginTxtName"), username_NonAdmin): Text 'Erre' is set on object 'Object Repository/Groups_Users/Page_Users - Settings - EOS/input_loginTxtName'&#xD;
&#xD;
2019-07-29 16:49:53 - [MESSAGE][PASSED] - Text 'Erre' is set on object 'Object Repository/Groups_Users/Page_Users - Settings - EOS/input_loginTxtName'&#xD;
&#xD;
2019-07-29 16:49:53 - [TEST_STEP][PASSED] - js_Actions.JS_Click.clickUsingJS(findTestObject("Object Repository/Groups_Users/Page_Users - Settings - EOS/input_autoPasswordChkBox"), 0): js_Actions.JS_Click.clickUsingJS is PASSED&#xD;
&#xD;
2019-07-29 16:49:53 - [MESSAGE][WARNING] - Timeout '0' is invalid. Using default page load timeout: '5'&#xD;
&#xD;
2019-07-29 16:49:53 - [MESSAGE][PASSED] - js_Actions.JS_Click.clickUsingJS is PASSED&#xD;
&#xD;
2019-07-29 16:49:53 - [TEST_STEP][PASSED] - delay(1): Delayed 1 second(s)&#xD;
&#xD;
2019-07-29 16:49:54 - [MESSAGE][PASSED] - Delayed 1 second(s)&#xD;
&#xD;
2019-07-29 16:49:54 - [TEST_STEP][PASSED] - setText(findTestObject("Groups_Users/Page_Users - Settings - EOS/input_passwordTxtName"), password_NonAdmin): Text 'ere123' is set on object 'Object Repository/Groups_Users/Page_Users - Settings - EOS/input_passwordTxtName'&#xD;
&#xD;
2019-07-29 16:49:54 - [MESSAGE][PASSED] - Text 'ere123' is set on object 'Object Repository/Groups_Users/Page_Users - Settings - EOS/input_passwordTxtName'&#xD;
&#xD;
2019-07-29 16:49:54 - [TEST_STEP][PASSED] - setText(findTestObject("Groups_Users/Page_Users - Settings - EOS/input_confirmPasswordTxtName"), password_NonAdmin): Text 'ere123' is set on object 'Object Repository/Groups_Users/Page_Users - Settings - EOS/input_confirmPasswordTxtName'&#xD;
&#xD;
2019-07-29 16:49:54 - [MESSAGE][PASSED] - Text 'ere123' is set on object 'Object Repository/Groups_Users/Page_Users - Settings - EOS/input_confirmPasswordTxtName'&#xD;
&#xD;
2019-07-29 16:49:54 - [TEST_STEP][PASSED] - setText(findTestObject("Groups_Users/Page_Users - Settings - EOS/input_firstName"), findTestData("NonAdminUser_Data").getValue(1, 1)): Text 'Non_Admin_FirstnAME' is set on object 'Object Repository/Groups_Users/Page_Users - Settings - EOS/input_firstName'&#xD;
&#xD;
2019-07-29 16:49:54 - [MESSAGE][PASSED] - Text 'Non_Admin_FirstnAME' is set on object 'Object Repository/Groups_Users/Page_Users - Settings - EOS/input_firstName'&#xD;
&#xD;
2019-07-29 16:49:54 - [TEST_STEP][PASSED] - setText(findTestObject("Groups_Users/Page_Users - Settings - EOS/input_lastName"), findTestData("NonAdminUser_Data").getValue(1, 2)): Text 'Non_admin_LastName' is set on object 'Object Repository/Groups_Users/Page_Users - Settings - EOS/input_lastName'&#xD;
&#xD;
2019-07-29 16:49:55 - [MESSAGE][PASSED] - Text 'Non_admin_LastName' is set on object 'Object Repository/Groups_Users/Page_Users - Settings - EOS/input_lastName'&#xD;
&#xD;
2019-07-29 16:49:55 - [TEST_STEP][PASSED] - setText(findTestObject("Groups_Users/Page_Users - Settings - EOS/input_jobTitle"), findTestData("NonAdminUser_Data").getValue(1, 3)): Text 'Jobless' is set on object 'Object Repository/Groups_Users/Page_Users - Settings - EOS/input_jobTitle'&#xD;
&#xD;
2019-07-29 16:49:55 - [MESSAGE][PASSED] - Text 'Jobless' is set on object 'Object Repository/Groups_Users/Page_Users - Settings - EOS/input_jobTitle'&#xD;
&#xD;
2019-07-29 16:49:55 - [TEST_STEP][PASSED] - check(findTestObject("Groups_Users/Page_Users - Settings - EOS/input_enabledChkBox")): Object 'Object Repository/Groups_Users/Page_Users - Settings - EOS/input_enabledChkBox' is checked&#xD;
&#xD;
2019-07-29 16:49:55 - [MESSAGE][PASSED] - Object 'Object Repository/Groups_Users/Page_Users - Settings - EOS/input_enabledChkBox' is checked&#xD;
&#xD;
2019-07-29 16:49:55 - [TEST_STEP][PASSED] - click(findTestObject("Groups_Users/Page_Users - Settings - EOS/input_ok")): Object: 'Object Repository/Groups_Users/Page_Users - Settings - EOS/input_ok' is clicked on&#xD;
&#xD;
2019-07-29 16:49:55 - [MESSAGE][PASSED] - Object: 'Object Repository/Groups_Users/Page_Users - Settings - EOS/input_ok' is clicked on&#xD;
&#xD;
2019-07-29 16:49:55 - [TEST_STEP][PASSED] - delay(1, STOP_ON_FAILURE): Delayed 1 second(s)&#xD;
&#xD;
2019-07-29 16:49:56 - [MESSAGE][PASSED] - Delayed 1 second(s)&#xD;
&#xD;
2019-07-29 16:49:56 - [TEST_STEP][PASSED] - click(findTestObject("Groups_Users/Page_Settings - EOS/div_Groups")): Object: 'Object Repository/Groups_Users/Page_Settings - EOS/div_Groups' is clicked on&#xD;
&#xD;
2019-07-29 16:49:56 - [MESSAGE][PASSED] - Object: 'Object Repository/Groups_Users/Page_Settings - EOS/div_Groups' is clicked on&#xD;
&#xD;
2019-07-29 16:49:56 - [TEST_STEP][PASSED] - click(findTestObject("Groups_Users/Page_Groups - Settings - EOS/button_New Group")): Object: 'Object Repository/Groups_Users/Page_Groups - Settings - EOS/button_New Group' is clicked on&#xD;
&#xD;
2019-07-29 16:49:57 - [MESSAGE][PASSED] - Object: 'Object Repository/Groups_Users/Page_Groups - Settings - EOS/button_New Group' is clicked on&#xD;
&#xD;
2019-07-29 16:49:57 - [TEST_STEP][PASSED] - setText(findTestObject("Groups_Users/Page_Groups - Settings - EOS/input_groupName"), GroupName_NonAdmin): Text 'NonAdminGroup' is set on object 'Object Repository/Groups_Users/Page_Groups - Settings - EOS/input_groupName'&#xD;
&#xD;
2019-07-29 16:49:57 - [MESSAGE][PASSED] - Text 'NonAdminGroup' is set on object 'Object Repository/Groups_Users/Page_Groups - Settings - EOS/input_groupName'&#xD;
&#xD;
2019-07-29 16:49:57 - [TEST_STEP][PASSED] - click(findTestObject("Groups_Users/Page_Groups - Settings - EOS/button_Add")): Object: 'Object Repository/Groups_Users/Page_Groups - Settings - EOS/button_Add' is clicked on&#xD;
&#xD;
2019-07-29 16:49:57 - [MESSAGE][PASSED] - Object: 'Object Repository/Groups_Users/Page_Groups - Settings - EOS/button_Add' is clicked on&#xD;
&#xD;
2019-07-29 16:49:57 - [TEST_STEP][PASSED] - click(findTestObject("Groups_Users/Page_Groups - Settings - EOS/user_Dropdown")): Object: 'Object Repository/Groups_Users/Page_Groups - Settings - EOS/user_Dropdown' is clicked on&#xD;
&#xD;
2019-07-29 16:49:58 - [MESSAGE][PASSED] - Object: 'Object Repository/Groups_Users/Page_Groups - Settings - EOS/user_Dropdown' is clicked on&#xD;
&#xD;
2019-07-29 16:49:58 - [TEST_STEP][PASSED] - click(findTestObject("Groups_Users/Page_Groups - Settings - EOS/select_User2")): Object: 'Object Repository/Groups_Users/Page_Groups - Settings - EOS/select_User2' is clicked on&#xD;
&#xD;
2019-07-29 16:49:59 - [MESSAGE][PASSED] - Object: 'Object Repository/Groups_Users/Page_Groups - Settings - EOS/select_User2' is clicked on&#xD;
&#xD;
2019-07-29 16:49:59 - [TEST_STEP][PASSED] - click(findTestObject("Groups_Users/Page_Groups - Settings - EOS/button_AddUser_Ok")): Object: 'Object Repository/Groups_Users/Page_Groups - Settings - EOS/button_AddUser_Ok' is clicked on&#xD;
&#xD;
2019-07-29 16:49:59 - [MESSAGE][PASSED] - Object: 'Object Repository/Groups_Users/Page_Groups - Settings - EOS/button_AddUser_Ok' is clicked on&#xD;
&#xD;
2019-07-29 16:49:59 - [TEST_STEP][PASSED] - delay(2, STOP_ON_FAILURE): Delayed 2 second(s)&#xD;
&#xD;
2019-07-29 16:50:01 - [MESSAGE][PASSED] - Delayed 2 second(s)&#xD;
&#xD;
2019-07-29 16:50:01 - [TEST_STEP][PASSED] - waitForElementClickable(findTestObject("Groups_Users/Page_Groups - Settings - EOS/button_AddWorkspace"), 3): Object 'Object Repository/Groups_Users/Page_Groups - Settings - EOS/button_AddWorkspace' is clickable&#xD;
&#xD;
2019-07-29 16:50:01 - [MESSAGE][PASSED] - Object 'Object Repository/Groups_Users/Page_Groups - Settings - EOS/button_AddWorkspace' is clickable&#xD;
&#xD;
2019-07-29 16:50:01 - [TEST_STEP][PASSED] - click(findTestObject("Groups_Users/Page_Groups - Settings - EOS/button_AddWorkspace")): Object: 'Object Repository/Groups_Users/Page_Groups - Settings - EOS/button_AddWorkspace' is clicked on&#xD;
&#xD;
2019-07-29 16:50:01 - [MESSAGE][PASSED] - Object: 'Object Repository/Groups_Users/Page_Groups - Settings - EOS/button_AddWorkspace' is clicked on&#xD;
&#xD;
2019-07-29 16:50:01 - [TEST_STEP][PASSED] - click(findTestObject("Groups_Users/Page_Groups - Settings - EOS/button_AddWorkspace_Ok")): Object: 'Object Repository/Groups_Users/Page_Groups - Settings - EOS/button_AddWorkspace_Ok' is clicked on&#xD;
&#xD;
2019-07-29 16:50:01 - [MESSAGE][PASSED] - Object: 'Object Repository/Groups_Users/Page_Groups - Settings - EOS/button_AddWorkspace_Ok' is clicked on&#xD;
&#xD;
2019-07-29 16:50:01 - [TEST_STEP][PASSED] - delay(2): Delayed 2 second(s)&#xD;
&#xD;
2019-07-29 16:50:03 - [MESSAGE][PASSED] - Delayed 2 second(s)&#xD;
&#xD;
2019-07-29 16:50:03 - [TEST_STEP][PASSED] - check(findTestObject("Groups_Users/Page_Groups - Settings - EOS/input_access_Default")): Object 'Object Repository/Groups_Users/Page_Groups - Settings - EOS/input_access_Default' is checked&#xD;
&#xD;
2019-07-29 16:50:03 - [MESSAGE][PASSED] - Object 'Object Repository/Groups_Users/Page_Groups - Settings - EOS/input_access_Default' is checked&#xD;
&#xD;
2019-07-29 16:50:03 - [TEST_STEP][PASSED] - click(findTestObject("Groups_Users/Page_Groups - Settings - EOS/input_editGroupOk")): Object: 'Object Repository/Groups_Users/Page_Groups - Settings - EOS/input_editGroupOk' is clicked on&#xD;
&#xD;
2019-07-29 16:50:03 - [MESSAGE][PASSED] - Object: 'Object Repository/Groups_Users/Page_Groups - Settings - EOS/input_editGroupOk' is clicked on&#xD;
&#xD;
2019-07-29 16:50:03 - [TEST_STEP][PASSED] - delay(1, STOP_ON_FAILURE): Delayed 1 second(s)&#xD;
&#xD;
2019-07-29 16:50:04 - [MESSAGE][PASSED] - Delayed 1 second(s)&#xD;
&#xD;
2019-07-29 16:50:04 - [TEST_STEP][PASSED] - click(findTestObject("Groups_Users/Page_Users - Settings - EOS/a_Ere")): Object: 'Object Repository/Groups_Users/Page_Users - Settings - EOS/a_Ere' is clicked on&#xD;
&#xD;
2019-07-29 16:50:05 - [MESSAGE][PASSED] - Object: 'Object Repository/Groups_Users/Page_Users - Settings - EOS/a_Ere' is clicked on&#xD;
&#xD;
2019-07-29 16:50:05 - [TEST_STEP][PASSED] - delay(1): Delayed 1 second(s)&#xD;
&#xD;
2019-07-29 16:50:06 - [MESSAGE][PASSED] - Delayed 1 second(s)&#xD;
&#xD;
2019-07-29 16:50:06 - [TEST_STEP][PASSED] - click(findTestObject("Groups_Users/Page_Users - Settings - EOS/a_Logout")): Object: 'Object Repository/Groups_Users/Page_Users - Settings - EOS/a_Logout' is clicked on&#xD;
&#xD;
2019-07-29 16:50:06 - [MESSAGE][PASSED] - Object: 'Object Repository/Groups_Users/Page_Users - Settings - EOS/a_Logout' is clicked on&#xD;
&#xD;
2019-07-29 16:50:06 - [TEST_STEP][PASSED] - waitForElementVisible(findTestObject("Main Login Page/input_userName"), 15): Object 'Object Repository/Main Login Page/input_userName' is visible&#xD;
&#xD;
2019-07-29 16:50:06 - [MESSAGE][PASSED] - Object 'Object Repository/Main Login Page/input_userName' is visible&#xD;
&#xD;
2019-07-29 16:50:06 - [TEST_STEP][PASSED] - setText(findTestObject("Main Login Page/input_userName"), username_NonAdmin, CONTINUE_ON_FAILURE): Text 'Erre' is set on object 'Object Repository/Main Login Page/input_userName'&#xD;
&#xD;
2019-07-29 16:50:06 - [MESSAGE][PASSED] - Text 'Erre' is set on object 'Object Repository/Main Login Page/input_userName'&#xD;
&#xD;
2019-07-29 16:50:06 - [TEST_STEP][PASSED] - setText(findTestObject("Main Login Page/input_password"), password_NonAdmin, CONTINUE_ON_FAILURE): Text 'ere123' is set on object 'Object Repository/Main Login Page/input_password'&#xD;
&#xD;
2019-07-29 16:50:06 - [MESSAGE][PASSED] - Text 'ere123' is set on object 'Object Repository/Main Login Page/input_password'&#xD;
&#xD;
2019-07-29 16:50:06 - [TEST_STEP][PASSED] - click(findTestObject("Main Login Page/button_Sign in"), CONTINUE_ON_FAILURE): Object: 'Object Repository/Main Login Page/button_Sign in' is clicked on&#xD;
&#xD;
2019-07-29 16:50:06 - [MESSAGE][PASSED] - Object: 'Object Repository/Main Login Page/button_Sign in' is clicked on&#xD;
&#xD;
2019-07-29 16:50:06 - [TEST_STEP][PASSED] - delay(3, CONTINUE_ON_FAILURE): Delayed 3 second(s)&#xD;
&#xD;
2019-07-29 16:50:09 - [MESSAGE][PASSED] - Delayed 3 second(s)&#xD;
&#xD;
2019-07-29 16:50:09 - [TEST_STEP][PASSED] - verifyElementNotPresent(findTestObject("Groups_Users/Page_Welcome - EOS/a_Admin"), 0): Web element with id: 'Object Repository/Groups_Users/Page_Welcome - EOS/a_Admin' located by 'By.xpath: //a[@href = '/EOS/Settings/#settings' and (text() = '
                
                
                
                Admin
            ' or . = '
                
                
                
                Admin
            ')]' is not present after '5' second(s)&#xD;
&#xD;
2019-07-29 16:50:09 - [MESSAGE][WARNING] - Timeout '0' is invalid. Using default page load timeout: '5'&#xD;
&#xD;
2019-07-29 16:50:09 - [MESSAGE][PASSED] - Web element with id: 'Object Repository/Groups_Users/Page_Welcome - EOS/a_Admin' located by 'By.xpath: //a[@href = '/EOS/Settings/#settings' and (text() = '
                
                
                
                Admin
            ' or . = '
                
                
                
                Admin
            ')]' is not present after '5' second(s)&#xD;
&#xD;
2019-07-29 16:50:09 - [TEST_STEP][PASSED] - closeBrowser(): Browser is closed&#xD;
&#xD;
2019-07-29 16:50:10 - [MESSAGE][PASSED] - Browser is closed&#xD;
&#xD;
2019-07-29 16:50:10 - [MESSAGE][PASSED] - Call Test Case 'Test Cases/Groups_Users/Create Group_Users' successfully</system-out>
            <system-err>2019-07-29 16:48:03 - [TEST_CASE][FAILED] - Test Cases/TESTCASE COLLECTIONS/Create_Email_Channel_Contact_NonAdminUser_Group: Test Cases/TESTCASE COLLECTIONS/Create_Email_Channel_Contact_NonAdminUser_Group FAILED.
Reason:
com.kms.katalon.core.exception.StepFailedException: Unable to call Test Case 'Test Cases/Admin/Admin_Settings' (Root cause: com.kms.katalon.core.exception.StepErrorException: Call Test Case 'Test Cases/Admin/Admin_Settings' failed because of error(s)&#xD;
	at com.kms.katalon.core.keyword.builtin.CallTestCaseKeyword$_callTestCase_closure1.doCall(CallTestCaseKeyword.groovy:66)&#xD;
	at com.kms.katalon.core.keyword.builtin.CallTestCaseKeyword$_callTestCase_closure1.call(CallTestCaseKeyword.groovy)&#xD;
	at com.kms.katalon.core.keyword.internal.KeywordMain.runKeyword(KeywordMain.groovy:68)&#xD;
	at com.kms.katalon.core.keyword.builtin.CallTestCaseKeyword.callTestCase(CallTestCaseKeyword.groovy:81)&#xD;
	at com.kms.katalon.core.keyword.builtin.CallTestCaseKeyword.execute(CallTestCaseKeyword.groovy:44)&#xD;
	at com.kms.katalon.core.keyword.internal.KeywordExecutor.executeKeywordForPlatform(KeywordExecutor.groovy:56)&#xD;
	at com.kms.katalon.core.keyword.BuiltinKeywords.callTestCase(BuiltinKeywords.groovy:334)&#xD;
	at Create_Email_Channel_Contact_NonAdminUser_Group.run(Create_Email_Channel_Contact_NonAdminUser_Group:16)&#xD;
	at com.kms.katalon.core.main.ScriptEngine.run(ScriptEngine.java:194)&#xD;
	at com.kms.katalon.core.main.ScriptEngine.runScriptAsRawText(ScriptEngine.java:119)&#xD;
	at com.kms.katalon.core.main.TestCaseExecutor.runScript(TestCaseExecutor.java:337)&#xD;
	at com.kms.katalon.core.main.TestCaseExecutor.doExecute(TestCaseExecutor.java:328)&#xD;
	at com.kms.katalon.core.main.TestCaseExecutor.processExecutionPhase(TestCaseExecutor.java:307)&#xD;
	at com.kms.katalon.core.main.TestCaseExecutor.accessMainPhase(TestCaseExecutor.java:299)&#xD;
	at com.kms.katalon.core.main.TestCaseExecutor.execute(TestCaseExecutor.java:233)&#xD;
	at com.kms.katalon.core.main.TestSuiteExecutor.accessTestCaseMainPhase(TestSuiteExecutor.java:133)&#xD;
	at com.kms.katalon.core.main.TestSuiteExecutor.accessTestSuiteMainPhase(TestSuiteExecutor.java:116)&#xD;
	at com.kms.katalon.core.main.TestSuiteExecutor.execute(TestSuiteExecutor.java:83)&#xD;
	at com.kms.katalon.core.main.TestCaseMain.startTestSuite(TestCaseMain.java:157)&#xD;
	at com.kms.katalon.core.main.TestCaseMain$startTestSuite$0.call(Unknown Source)&#xD;
	at TempTestSuite1564408079064.run(TempTestSuite1564408079064.groovy:35)&#xD;
Caused by: com.kms.katalon.core.exception.StepErrorException: Call Test Case 'Test Cases/Admin/Create_EmailChannel' failed because of error(s)&#xD;
	at com.kms.katalon.core.keyword.builtin.CallTestCaseKeyword$_callTestCase_closure1.doCall(CallTestCaseKeyword.groovy:66)&#xD;
	at com.kms.katalon.core.keyword.builtin.CallTestCaseKeyword$_callTestCase_closure1.call(CallTestCaseKeyword.groovy)&#xD;
	at com.kms.katalon.core.keyword.internal.KeywordMain.runKeyword(KeywordMain.groovy:68)&#xD;
	at com.kms.katalon.core.keyword.builtin.CallTestCaseKeyword.callTestCase(CallTestCaseKeyword.groovy:81)&#xD;
	at com.kms.katalon.core.keyword.builtin.CallTestCaseKeyword.execute(CallTestCaseKeyword.groovy:44)&#xD;
	at com.kms.katalon.core.keyword.internal.KeywordExecutor.executeKeywordForPlatform(KeywordExecutor.groovy:56)&#xD;
	at com.kms.katalon.core.keyword.BuiltinKeywords.callTestCase(BuiltinKeywords.groovy:334)&#xD;
	at Admin_Settings.run(Admin_Settings:34)&#xD;
	at com.kms.katalon.core.main.ScriptEngine.run(ScriptEngine.java:194)&#xD;
	at com.kms.katalon.core.main.ScriptEngine.runScriptAsRawText(ScriptEngine.java:119)&#xD;
	at com.kms.katalon.core.main.TestCaseExecutor.runScript(TestCaseExecutor.java:337)&#xD;
	at com.kms.katalon.core.main.TestCaseExecutor.doExecute(TestCaseExecutor.java:328)&#xD;
	at com.kms.katalon.core.main.TestCaseExecutor.processExecutionPhase(TestCaseExecutor.java:307)&#xD;
	at com.kms.katalon.core.main.TestCaseExecutor.accessMainPhase(TestCaseExecutor.java:299)&#xD;
	at com.kms.katalon.core.main.TestCaseExecutor.execute(TestCaseExecutor.java:233)&#xD;
	at com.kms.katalon.core.main.TestCaseMain.runTestCase(TestCaseMain.java:114)&#xD;
	at com.kms.katalon.core.keyword.builtin.CallTestCaseKeyword$_callTestCase_closure1.doCall(CallTestCaseKeyword.groovy:59)&#xD;
	... 20 more&#xD;
Caused by: groovy.lang.MissingPropertyException: No such property: SelectorMethod for class: Script1564405160446&#xD;
	at Create_EmailChannel.run(Create_EmailChannel:112)&#xD;
	at com.kms.katalon.core.main.ScriptEngine.run(ScriptEngine.java:194)&#xD;
	at com.kms.katalon.core.main.ScriptEngine.runScriptAsRawText(ScriptEngine.java:119)&#xD;
	at com.kms.katalon.core.main.TestCaseExecutor.runScript(TestCaseExecutor.java:337)&#xD;
	at com.kms.katalon.core.main.TestCaseExecutor.doExecute(TestCaseExecutor.java:328)&#xD;
	at com.kms.katalon.core.main.TestCaseExecutor.processExecutionPhase(TestCaseExecutor.java:307)&#xD;
	at com.kms.katalon.core.main.TestCaseExecutor.accessMainPhase(TestCaseExecutor.java:299)&#xD;
	at com.kms.katalon.core.main.TestCaseExecutor.execute(TestCaseExecutor.java:233)&#xD;
	at com.kms.katalon.core.main.TestCaseMain.runTestCase(TestCaseMain.java:114)&#xD;
	at com.kms.katalon.core.keyword.builtin.CallTestCaseKeyword$_callTestCase_closure1.doCall(CallTestCaseKeyword.groovy:59)&#xD;
	... 36 more&#xD;
)&#xD;
	at com.kms.katalon.core.keyword.internal.KeywordMain.stepFailed(KeywordMain.groovy:39)&#xD;
	at com.kms.katalon.core.keyword.internal.KeywordMain.stepFailed(KeywordMain.groovy)&#xD;
	at com.kms.katalon.core.keyword.internal.KeywordMain.runKeyword(KeywordMain.groovy:70)&#xD;
	at com.kms.katalon.core.keyword.builtin.CallTestCaseKeyword.callTestCase(CallTestCaseKeyword.groovy:81)&#xD;
	at com.kms.katalon.core.keyword.builtin.CallTestCaseKeyword.execute(CallTestCaseKeyword.groovy:44)&#xD;
	at com.kms.katalon.core.keyword.internal.KeywordExecutor.executeKeywordForPlatform(KeywordExecutor.groovy:56)&#xD;
	at com.kms.katalon.core.keyword.BuiltinKeywords.callTestCase(BuiltinKeywords.groovy:334)&#xD;
	at Create_Email_Channel_Contact_NonAdminUser_Group.run(Create_Email_Channel_Contact_NonAdminUser_Group:16)&#xD;
	at com.kms.katalon.core.main.ScriptEngine.run(ScriptEngine.java:194)&#xD;
	at com.kms.katalon.core.main.ScriptEngine.runScriptAsRawText(ScriptEngine.java:119)&#xD;
	at com.kms.katalon.core.main.TestCaseExecutor.runScript(TestCaseExecutor.java:337)&#xD;
	at com.kms.katalon.core.main.TestCaseExecutor.doExecute(TestCaseExecutor.java:328)&#xD;
	at com.kms.katalon.core.main.TestCaseExecutor.processExecutionPhase(TestCaseExecutor.java:307)&#xD;
	at com.kms.katalon.core.main.TestCaseExecutor.accessMainPhase(TestCaseExecutor.java:299)&#xD;
	at com.kms.katalon.core.main.TestCaseExecutor.execute(TestCaseExecutor.java:233)&#xD;
	at com.kms.katalon.core.main.TestSuiteExecutor.accessTestCaseMainPhase(TestSuiteExecutor.java:133)&#xD;
	at com.kms.katalon.core.main.TestSuiteExecutor.accessTestSuiteMainPhase(TestSuiteExecutor.java:116)&#xD;
	at com.kms.katalon.core.main.TestSuiteExecutor.execute(TestSuiteExecutor.java:83)&#xD;
	at com.kms.katalon.core.main.TestCaseMain.startTestSuite(TestCaseMain.java:157)&#xD;
	at com.kms.katalon.core.main.TestCaseMain$startTestSuite$0.call(Unknown Source)&#xD;
	at TempTestSuite1564408079064.run(TempTestSuite1564408079064.groovy:35)&#xD;
Caused by: com.kms.katalon.core.exception.StepErrorException: Call Test Case 'Test Cases/Admin/Admin_Settings' failed because of error(s)&#xD;
	at com.kms.katalon.core.keyword.builtin.CallTestCaseKeyword$_callTestCase_closure1.doCall(CallTestCaseKeyword.groovy:66)&#xD;
	at com.kms.katalon.core.keyword.builtin.CallTestCaseKeyword$_callTestCase_closure1.call(CallTestCaseKeyword.groovy)&#xD;
	at com.kms.katalon.core.keyword.internal.KeywordMain.runKeyword(KeywordMain.groovy:68)&#xD;
	... 18 more&#xD;
Caused by: com.kms.katalon.core.exception.StepErrorException: Call Test Case 'Test Cases/Admin/Create_EmailChannel' failed because of error(s)&#xD;
	at com.kms.katalon.core.keyword.builtin.CallTestCaseKeyword$_callTestCase_closure1.doCall(CallTestCaseKeyword.groovy:66)&#xD;
	at com.kms.katalon.core.keyword.builtin.CallTestCaseKeyword$_callTestCase_closure1.call(CallTestCaseKeyword.groovy)&#xD;
	at com.kms.katalon.core.keyword.internal.KeywordMain.runKeyword(KeywordMain.groovy:68)&#xD;
	at com.kms.katalon.core.keyword.builtin.CallTestCaseKeyword.callTestCase(CallTestCaseKeyword.groovy:81)&#xD;
	at com.kms.katalon.core.keyword.builtin.CallTestCaseKeyword.execute(CallTestCaseKeyword.groovy:44)&#xD;
	at com.kms.katalon.core.keyword.internal.KeywordExecutor.executeKeywordForPlatform(KeywordExecutor.groovy:56)&#xD;
	at com.kms.katalon.core.keyword.BuiltinKeywords.callTestCase(BuiltinKeywords.groovy:334)&#xD;
	at Admin_Settings.run(Admin_Settings:34)&#xD;
	at com.kms.katalon.core.main.ScriptEngine.run(ScriptEngine.java:194)&#xD;
	at com.kms.katalon.core.main.ScriptEngine.runScriptAsRawText(ScriptEngine.java:119)&#xD;
	at com.kms.katalon.core.main.TestCaseExecutor.runScript(TestCaseExecutor.java:337)&#xD;
	at com.kms.katalon.core.main.TestCaseExecutor.doExecute(TestCaseExecutor.java:328)&#xD;
	at com.kms.katalon.core.main.TestCaseExecutor.processExecutionPhase(TestCaseExecutor.java:307)&#xD;
	at com.kms.katalon.core.main.TestCaseExecutor.accessMainPhase(TestCaseExecutor.java:299)&#xD;
	at com.kms.katalon.core.main.TestCaseExecutor.execute(TestCaseExecutor.java:233)&#xD;
	at com.kms.katalon.core.main.TestCaseMain.runTestCase(TestCaseMain.java:114)&#xD;
	at com.kms.katalon.core.keyword.builtin.CallTestCaseKeyword$_callTestCase_closure1.doCall(CallTestCaseKeyword.groovy:59)&#xD;
	... 20 more&#xD;
Caused by: groovy.lang.MissingPropertyException: No such property: SelectorMethod for class: Script1564405160446&#xD;
	at Create_EmailChannel.run(Create_EmailChannel:112)&#xD;
	at com.kms.katalon.core.main.ScriptEngine.run(ScriptEngine.java:194)&#xD;
	at com.kms.katalon.core.main.ScriptEngine.runScriptAsRawText(ScriptEngine.java:119)&#xD;
	at com.kms.katalon.core.main.TestCaseExecutor.runScript(TestCaseExecutor.java:337)&#xD;
	at com.kms.katalon.core.main.TestCaseExecutor.doExecute(TestCaseExecutor.java:328)&#xD;
	at com.kms.katalon.core.main.TestCaseExecutor.processExecutionPhase(TestCaseExecutor.java:307)&#xD;
	at com.kms.katalon.core.main.TestCaseExecutor.accessMainPhase(TestCaseExecutor.java:299)&#xD;
	at com.kms.katalon.core.main.TestCaseExecutor.execute(TestCaseExecutor.java:233)&#xD;
	at com.kms.katalon.core.main.TestCaseMain.runTestCase(TestCaseMain.java:114)&#xD;
	at com.kms.katalon.core.keyword.builtin.CallTestCaseKeyword$_callTestCase_closure1.doCall(CallTestCaseKeyword.groovy:59)&#xD;
	... 36 more</system-err>
        </testcase>
        <testcase name="Test Cases/TESTCASE COLLECTIONS/Create_Run_Publisb_Projects and Communications" classname="Test Cases/TESTCASE COLLECTIONS/Create_Run_Publisb_Projects and Communications" status="PASSED">
            <system-out>2019-07-29 16:50:10 - [TEST_CASE][PASSED] - Test Cases/TESTCASE COLLECTIONS/Create_Run_Publisb_Projects and Communications: Test Cases/TESTCASE COLLECTIONS/Create_Run_Publisb_Projects and Communications&#xD;
&#xD;
2019-07-29 16:50:10 - [TEST_STEP][PASSED] - callTestCase(findTestCase("Communications_Projects/Create_Projects"), [:], CONTINUE_ON_FAILURE): Call Test Case 'Test Cases/Communications_Projects/Create_Projects' successfully&#xD;
&#xD;
2019-07-29 16:50:10 - [TEST_CASE][PASSED] - Test Cases/Communications_Projects/Create_Projects: Test Cases/Communications_Projects/Create_Projects&#xD;
&#xD;
2019-07-29 16:50:10 - [TEST_STEP][PASSED] - callTestCase(findTestCase("Main Login Page/login_simple"), [:], CONTINUE_ON_FAILURE): Call Test Case 'Test Cases/Main Login Page/login_simple' successfully&#xD;
&#xD;
2019-07-29 16:50:10 - [TEST_CASE][PASSED] - Test Cases/Main Login Page/login_simple: Test Cases/Main Login Page/login_simple&#xD;
&#xD;
2019-07-29 16:50:10 - [TEST_STEP][PASSED] - openBrowser(url_enterprise, STOP_ON_FAILURE): Browser is opened with url: 'http://192.168.1.55:8094/'&#xD;
&#xD;
2019-07-29 16:50:10 - [MESSAGE][INFO] - Starting 'Chrome' driver&#xD;
&#xD;
2019-07-29 16:50:13 - [MESSAGE][PASSED] - Browser is opened with url: 'http://192.168.1.55:8094/'&#xD;
&#xD;
2019-07-29 16:50:13 - [TEST_STEP][PASSED] - maximizeWindow(): Current window maximized&#xD;
&#xD;
2019-07-29 16:50:14 - [MESSAGE][PASSED] - Current window maximized&#xD;
&#xD;
2019-07-29 16:50:14 - [TEST_STEP][PASSED] - setText(findTestObject("Main Login Page/input_userName"), Username_Admin, CONTINUE_ON_FAILURE): Text 'Ere' is set on object 'Object Repository/Main Login Page/input_userName'&#xD;
&#xD;
2019-07-29 16:50:14 - [MESSAGE][PASSED] - Text 'Ere' is set on object 'Object Repository/Main Login Page/input_userName'&#xD;
&#xD;
2019-07-29 16:50:14 - [TEST_STEP][PASSED] - setText(findTestObject("Main Login Page/input_password"), Password_Admin, CONTINUE_ON_FAILURE): Text 'ere123' is set on object 'Object Repository/Main Login Page/input_password'&#xD;
&#xD;
2019-07-29 16:50:14 - [MESSAGE][PASSED] - Text 'ere123' is set on object 'Object Repository/Main Login Page/input_password'&#xD;
&#xD;
2019-07-29 16:50:14 - [TEST_STEP][PASSED] - click(findTestObject("Main Login Page/button_Sign in"), CONTINUE_ON_FAILURE): Object: 'Object Repository/Main Login Page/button_Sign in' is clicked on&#xD;
&#xD;
2019-07-29 16:50:14 - [MESSAGE][PASSED] - Object: 'Object Repository/Main Login Page/button_Sign in' is clicked on&#xD;
&#xD;
2019-07-29 16:50:14 - [TEST_STEP][PASSED] - delay(1, CONTINUE_ON_FAILURE): Delayed 1 second(s)&#xD;
&#xD;
2019-07-29 16:50:15 - [MESSAGE][PASSED] - Delayed 1 second(s)&#xD;
&#xD;
2019-07-29 16:50:15 - [TEST_STEP][PASSED] - if (verifyElementVisible(findTestObject("Main Login Page/Multiple environments/Environment Selector"), OPTIONAL)): Delayed 2 second(s)&#xD;
&#xD;
2019-07-29 16:50:15 - [MESSAGE][PASSED] - Object 'Object Repository/Main Login Page/Multiple environments/Environment Selector' is visible&#xD;
&#xD;
2019-07-29 16:50:15 - [TEST_STEP][NOT_RUN] - delay(1, CONTINUE_ON_FAILURE): NOT_RUN: delay(1, CONTINUE_ON_FAILURE)&#xD;
&#xD;
2019-07-29 16:50:15 - [MESSAGE][NOT_RUN] - NOT_RUN: delay(1, CONTINUE_ON_FAILURE)&#xD;
&#xD;
2019-07-29 16:50:15 - [TEST_STEP][PASSED] - waitForElementClickable(findTestObject("Main Login Page/Multiple environments/button_Continue"), 0, CONTINUE_ON_FAILURE): Object 'Object Repository/Main Login Page/Multiple environments/button_Continue' is clickable&#xD;
&#xD;
2019-07-29 16:50:15 - [MESSAGE][WARNING] - Timeout '0' is invalid. Using default page load timeout: '5'&#xD;
&#xD;
2019-07-29 16:50:15 - [MESSAGE][PASSED] - Object 'Object Repository/Main Login Page/Multiple environments/button_Continue' is clickable&#xD;
&#xD;
2019-07-29 16:50:15 - [TEST_STEP][PASSED] - click(findTestObject("Main Login Page/Multiple environments/Environment Selector"), CONTINUE_ON_FAILURE): Object: 'Object Repository/Main Login Page/Multiple environments/Environment Selector' is clicked on&#xD;
&#xD;
2019-07-29 16:50:15 - [MESSAGE][PASSED] - Object: 'Object Repository/Main Login Page/Multiple environments/Environment Selector' is clicked on&#xD;
&#xD;
2019-07-29 16:50:15 - [TEST_STEP][PASSED] - waitForElementVisible(findTestObject("Main Login Page/Multiple environments/button_Continue"), 1, CONTINUE_ON_FAILURE): Object 'Object Repository/Main Login Page/Multiple environments/button_Continue' is visible&#xD;
&#xD;
2019-07-29 16:50:15 - [MESSAGE][PASSED] - Object 'Object Repository/Main Login Page/Multiple environments/button_Continue' is visible&#xD;
&#xD;
2019-07-29 16:50:15 - [TEST_STEP][PASSED] - click(findTestObject("Main Login Page/Multiple environments/button_Continue"), CONTINUE_ON_FAILURE): Object: 'Object Repository/Main Login Page/Multiple environments/button_Continue' is clicked on&#xD;
&#xD;
2019-07-29 16:50:16 - [MESSAGE][PASSED] - Object: 'Object Repository/Main Login Page/Multiple environments/button_Continue' is clicked on&#xD;
&#xD;
2019-07-29 16:50:16 - [TEST_STEP][PASSED] - delay(2, CONTINUE_ON_FAILURE): Delayed 2 second(s)&#xD;
&#xD;
2019-07-29 16:50:18 - [MESSAGE][PASSED] - Delayed 2 second(s)&#xD;
&#xD;
2019-07-29 16:50:18 - [MESSAGE][PASSED] - Call Test Case 'Test Cases/Main Login Page/login_simple' successfully&#xD;
&#xD;
2019-07-29 16:50:18 - [TEST_STEP][PASSED] - click(findTestObject("Projects_Communications/Page_Welcome - EOS/a_Projects"), CONTINUE_ON_FAILURE): Object: 'Object Repository/Projects_Communications/Page_Welcome - EOS/a_Projects' is clicked on&#xD;
&#xD;
2019-07-29 16:50:18 - [MESSAGE][PASSED] - Object: 'Object Repository/Projects_Communications/Page_Welcome - EOS/a_Projects' is clicked on&#xD;
&#xD;
2019-07-29 16:50:18 - [TEST_STEP][PASSED] - communications.Projects.Create_Project("1_Batch_Comm", "Batch communication !@#$%^&amp;*()_+}{"|:&lt;&gt;?/.,\';][", "Batch"): communications.Projects.Create_Project is PASSED&#xD;
&#xD;
2019-07-29 16:50:18 - [MESSAGE][PASSED] - Object: 'Object Repository/Projects_Communications/Page_Projects - Projects - EOS/button_ New Project' is clicked on&#xD;
&#xD;
2019-07-29 16:50:19 - [MESSAGE][PASSED] - Object: 'Object Repository/Projects_Communications/Page_Projects - Projects - EOS/select_Communication' is clicked on&#xD;
&#xD;
2019-07-29 16:50:19 - [MESSAGE][PASSED] - Object: 'Object Repository/Projects_Communications/Page_Projects - Projects - EOS/button_Next' is clicked on&#xD;
&#xD;
2019-07-29 16:50:19 - [MESSAGE][PASSED] - Text '1_Batch_Comm' is set on object 'Object Repository/Projects_Communications/Page_Projects - Projects - EOS/input_CommunicationName'&#xD;
&#xD;
2019-07-29 16:50:19 - [MESSAGE][PASSED] - Text 'Batch communication !@#$%^&amp;*()_+}{"|:&lt;&gt;?/.,\';][' is set on object 'Object Repository/Projects_Communications/Page_Projects - Projects - EOS/textarea_CommunicationDescript'&#xD;
&#xD;
2019-07-29 16:50:19 - [MESSAGE][PASSED] - Object 'Object Repository/Projects_Communications/Page_Projects - Projects - EOS/input_batchComm' is checked&#xD;
&#xD;
2019-07-29 16:50:20 - [MESSAGE][PASSED] - Delayed 1 second(s)&#xD;
&#xD;
2019-07-29 16:50:21 - [MESSAGE][PASSED] - Object: 'Object Repository/Projects_Communications/Page_Projects - Projects - EOS/button_Finish' is clicked on&#xD;
&#xD;
2019-07-29 16:50:23 - [MESSAGE][PASSED] - Delayed 2 second(s)&#xD;
&#xD;
2019-07-29 16:50:23 - [MESSAGE][PASSED] - Navigate back successfully&#xD;
&#xD;
2019-07-29 16:50:23 - [MESSAGE][PASSED] - communications.Projects.Create_Project is PASSED&#xD;
&#xD;
2019-07-29 16:50:23 - [TEST_STEP][PASSED] - delay(2): Delayed 2 second(s)&#xD;
&#xD;
2019-07-29 16:50:25 - [MESSAGE][PASSED] - Delayed 2 second(s)&#xD;
&#xD;
2019-07-29 16:50:25 - [TEST_STEP][PASSED] - communications.Projects.Create_Project("2_Interractive_Com", "Interractive_Communication !@#$%^&amp;*()_+}{"|:&lt;&gt;?/.,\';][", "Interractive"): communications.Projects.Create_Project is PASSED&#xD;
&#xD;
2019-07-29 16:50:25 - [MESSAGE][PASSED] - Object: 'Object Repository/Projects_Communications/Page_Projects - Projects - EOS/button_ New Project' is clicked on&#xD;
&#xD;
2019-07-29 16:50:25 - [MESSAGE][PASSED] - Object: 'Object Repository/Projects_Communications/Page_Projects - Projects - EOS/select_Communication' is clicked on&#xD;
&#xD;
2019-07-29 16:50:25 - [MESSAGE][PASSED] - Object: 'Object Repository/Projects_Communications/Page_Projects - Projects - EOS/button_Next' is clicked on&#xD;
&#xD;
2019-07-29 16:50:26 - [MESSAGE][PASSED] - Text '2_Interractive_Com' is set on object 'Object Repository/Projects_Communications/Page_Projects - Projects - EOS/input_CommunicationName'&#xD;
&#xD;
2019-07-29 16:50:26 - [MESSAGE][PASSED] - Text 'Interractive_Communication !@#$%^&amp;*()_+}{"|:&lt;&gt;?/.,\';][' is set on object 'Object Repository/Projects_Communications/Page_Projects - Projects - EOS/textarea_CommunicationDescript'&#xD;
&#xD;
2019-07-29 16:50:26 - [MESSAGE][PASSED] - Object 'Object Repository/Projects_Communications/Page_Projects - Projects - EOS/input_interactiveComm' is checked&#xD;
&#xD;
2019-07-29 16:50:27 - [MESSAGE][PASSED] - Delayed 1 second(s)&#xD;
&#xD;
2019-07-29 16:50:27 - [MESSAGE][PASSED] - Object: 'Object Repository/Projects_Communications/Page_Projects - Projects - EOS/button_Finish' is clicked on&#xD;
&#xD;
2019-07-29 16:50:29 - [MESSAGE][PASSED] - Delayed 2 second(s)&#xD;
&#xD;
2019-07-29 16:50:29 - [MESSAGE][PASSED] - Navigate back successfully&#xD;
&#xD;
2019-07-29 16:50:29 - [MESSAGE][PASSED] - communications.Projects.Create_Project is PASSED&#xD;
&#xD;
2019-07-29 16:50:29 - [TEST_STEP][PASSED] - delay(2): Delayed 2 second(s)&#xD;
&#xD;
2019-07-29 16:50:31 - [MESSAGE][PASSED] - Delayed 2 second(s)&#xD;
&#xD;
2019-07-29 16:50:31 - [TEST_STEP][PASSED] - communications.Projects.Create_Project("3_OnDemand Comm", "OnDemand communication !@#$%^&amp;*()_+}{"|:&lt;&gt;?/.,\';][", "On_Demand"): communications.Projects.Create_Project is PASSED&#xD;
&#xD;
2019-07-29 16:50:31 - [MESSAGE][PASSED] - Object: 'Object Repository/Projects_Communications/Page_Projects - Projects - EOS/button_ New Project' is clicked on&#xD;
&#xD;
2019-07-29 16:50:32 - [MESSAGE][PASSED] - Object: 'Object Repository/Projects_Communications/Page_Projects - Projects - EOS/select_Communication' is clicked on&#xD;
&#xD;
2019-07-29 16:50:32 - [MESSAGE][PASSED] - Object: 'Object Repository/Projects_Communications/Page_Projects - Projects - EOS/button_Next' is clicked on&#xD;
&#xD;
2019-07-29 16:50:32 - [MESSAGE][PASSED] - Text '3_OnDemand Comm' is set on object 'Object Repository/Projects_Communications/Page_Projects - Projects - EOS/input_CommunicationName'&#xD;
&#xD;
2019-07-29 16:50:32 - [MESSAGE][PASSED] - Text 'OnDemand communication !@#$%^&amp;*()_+}{"|:&lt;&gt;?/.,\';][' is set on object 'Object Repository/Projects_Communications/Page_Projects - Projects - EOS/textarea_CommunicationDescript'&#xD;
&#xD;
2019-07-29 16:50:33 - [MESSAGE][PASSED] - Delayed 1 second(s)&#xD;
&#xD;
2019-07-29 16:50:33 - [MESSAGE][PASSED] - Object: 'Object Repository/Projects_Communications/Page_Projects - Projects - EOS/button_Finish' is clicked on&#xD;
&#xD;
2019-07-29 16:50:35 - [MESSAGE][PASSED] - Delayed 2 second(s)&#xD;
&#xD;
2019-07-29 16:50:35 - [MESSAGE][PASSED] - Navigate back successfully&#xD;
&#xD;
2019-07-29 16:50:35 - [MESSAGE][PASSED] - communications.Projects.Create_Project is PASSED&#xD;
&#xD;
2019-07-29 16:50:35 - [TEST_STEP][PASSED] - delay(2): Delayed 2 second(s)&#xD;
&#xD;
2019-07-29 16:50:37 - [MESSAGE][PASSED] - Delayed 2 second(s)&#xD;
&#xD;
2019-07-29 16:50:37 - [TEST_STEP][PASSED] - callTestCase(findTestCase("Communications_Projects/Create_Project_FromWorkflow_Batch"), [:], STOP_ON_FAILURE): Call Test Case 'Test Cases/Communications_Projects/Create_Project_FromWorkflow_Batch' successfully&#xD;
&#xD;
2019-07-29 16:50:37 - [TEST_CASE][PASSED] - Test Cases/Communications_Projects/Create_Project_FromWorkflow_Batch: Test Cases/Communications_Projects/Create_Project_FromWorkflow_Batch&#xD;
&#xD;
2019-07-29 16:50:37 - [TEST_STEP][NOT_RUN] - callTestCase(findTestCase("Main Login Page/login_simple"), [:], STOP_ON_FAILURE): NOT_RUN: callTestCase(findTestCase("Main Login Page/login_simple"), [:], STOP_ON_FAILURE)&#xD;
&#xD;
2019-07-29 16:50:37 - [MESSAGE][NOT_RUN] - NOT_RUN: callTestCase(findTestCase("Main Login Page/login_simple"), [:], STOP_ON_FAILURE)&#xD;
&#xD;
2019-07-29 16:50:37 - [TEST_STEP][NOT_RUN] - click(findTestObject("Projects_Communications/Page_Welcome - EOS/a_Projects")): NOT_RUN: click(findTestObject("Projects_Communications/Page_Welcome - EOS/a_Projects"))&#xD;
&#xD;
2019-07-29 16:50:37 - [MESSAGE][NOT_RUN] - NOT_RUN: click(findTestObject("Projects_Communications/Page_Welcome - EOS/a_Projects"))&#xD;
&#xD;
2019-07-29 16:50:37 - [TEST_STEP][PASSED] - click(findTestObject("Projects_Communications/Page_Projects - Projects - EOS/CreateFromWorkflow MEnus/button_ContextualMenu")): Object: 'Object Repository/Projects_Communications/Page_Projects - Projects - EOS/CreateFromWorkflow MEnus/button_ContextualMenu' is clicked on&#xD;
&#xD;
2019-07-29 16:50:37 - [MESSAGE][PASSED] - Object: 'Object Repository/Projects_Communications/Page_Projects - Projects - EOS/CreateFromWorkflow MEnus/button_ContextualMenu' is clicked on&#xD;
&#xD;
2019-07-29 16:50:37 - [TEST_STEP][PASSED] - delay(1): Delayed 1 second(s)&#xD;
&#xD;
2019-07-29 16:50:38 - [MESSAGE][PASSED] - Delayed 1 second(s)&#xD;
&#xD;
2019-07-29 16:50:38 - [TEST_STEP][PASSED] - click(findTestObject("Projects_Communications/Page_Projects - Projects - EOS/CreateFromWorkflow MEnus/button_CreateFromWorkflow")): Object: 'Object Repository/Projects_Communications/Page_Projects - Projects - EOS/CreateFromWorkflow MEnus/button_CreateFromWorkflow' is clicked on&#xD;
&#xD;
2019-07-29 16:50:38 - [MESSAGE][PASSED] - Object: 'Object Repository/Projects_Communications/Page_Projects - Projects - EOS/CreateFromWorkflow MEnus/button_CreateFromWorkflow' is clicked on&#xD;
&#xD;
2019-07-29 16:50:38 - [TEST_STEP][PASSED] - selectOptionByValue(findTestObject("Projects_Communications/Page_Projects - Projects - EOS/CreateFromWorkflow MEnus/select_InteractiveBatchOn-Dema"), "Batch", false): All options with value 'Batch' are selected in object 'Object Repository/Projects_Communications/Page_Projects - Projects - EOS/CreateFromWorkflow MEnus/select_InteractiveBatchOn-Dema' &#xD;
&#xD;
2019-07-29 16:50:39 - [MESSAGE][PASSED] - All options with value 'Batch' are selected in object 'Object Repository/Projects_Communications/Page_Projects - Projects - EOS/CreateFromWorkflow MEnus/select_InteractiveBatchOn-Dema' &#xD;
&#xD;
2019-07-29 16:50:39 - [TEST_STEP][PASSED] - setText(findTestObject("Projects_Communications/Page_Projects - Projects - EOS/CreateFromWorkflow MEnus/input_Name"), "4_TestBatch_FromWorkflow"): Text '4_TestBatch_FromWorkflow' is set on object 'Object Repository/Projects_Communications/Page_Projects - Projects - EOS/CreateFromWorkflow MEnus/input_Name'&#xD;
&#xD;
2019-07-29 16:50:39 - [MESSAGE][PASSED] - Text '4_TestBatch_FromWorkflow' is set on object 'Object Repository/Projects_Communications/Page_Projects - Projects - EOS/CreateFromWorkflow MEnus/input_Name'&#xD;
&#xD;
2019-07-29 16:50:39 - [TEST_STEP][PASSED] - setText(findTestObject("Projects_Communications/Page_Projects - Projects - EOS/CreateFromWorkflow MEnus/textarea_Description"), "FromWk4_Batch communication!@#$%^&amp;*()_+}{"|:&lt;&gt;?/.,\';]["): Text 'FromWk4_Batch communication!@#$%^&amp;*()_+}{"|:&lt;&gt;?/.,\';][' is set on object 'Object Repository/Projects_Communications/Page_Projects - Projects - EOS/CreateFromWorkflow MEnus/textarea_Description'&#xD;
&#xD;
2019-07-29 16:50:40 - [MESSAGE][PASSED] - Text 'FromWk4_Batch communication!@#$%^&amp;*()_+}{"|:&lt;&gt;?/.,\';][' is set on object 'Object Repository/Projects_Communications/Page_Projects - Projects - EOS/CreateFromWorkflow MEnus/textarea_Description'&#xD;
&#xD;
2019-07-29 16:50:40 - [TEST_STEP][PASSED] - click(findTestObject("Projects_Communications/Page_Projects - Projects - EOS/CreateFromWorkflow MEnus/button_Browse")): Object: 'Object Repository/Projects_Communications/Page_Projects - Projects - EOS/CreateFromWorkflow MEnus/button_Browse' is clicked on&#xD;
&#xD;
2019-07-29 16:50:40 - [MESSAGE][PASSED] - Object: 'Object Repository/Projects_Communications/Page_Projects - Projects - EOS/CreateFromWorkflow MEnus/button_Browse' is clicked on&#xD;
&#xD;
2019-07-29 16:50:40 - [TEST_STEP][PASSED] - click(findTestObject("Projects_Communications/Page_Projects - Projects - EOS/CreateFromWorkflow MEnus/select_BatchFolder")): Object: 'Object Repository/Projects_Communications/Page_Projects - Projects - EOS/CreateFromWorkflow MEnus/select_BatchFolder' is clicked on&#xD;
&#xD;
2019-07-29 16:50:40 - [MESSAGE][PASSED] - Object: 'Object Repository/Projects_Communications/Page_Projects - Projects - EOS/CreateFromWorkflow MEnus/select_BatchFolder' is clicked on&#xD;
&#xD;
2019-07-29 16:50:40 - [TEST_STEP][PASSED] - delay(2): Delayed 2 second(s)&#xD;
&#xD;
2019-07-29 16:50:42 - [MESSAGE][PASSED] - Delayed 2 second(s)&#xD;
&#xD;
2019-07-29 16:50:42 - [TEST_STEP][PASSED] - click(findTestObject("Projects_Communications/Page_Projects - Projects - EOS/CreateFromWorkflow MEnus/select_Workflow")): Object: 'Object Repository/Projects_Communications/Page_Projects - Projects - EOS/CreateFromWorkflow MEnus/select_Workflow' is clicked on&#xD;
&#xD;
2019-07-29 16:50:42 - [MESSAGE][PASSED] - Object: 'Object Repository/Projects_Communications/Page_Projects - Projects - EOS/CreateFromWorkflow MEnus/select_Workflow' is clicked on&#xD;
&#xD;
2019-07-29 16:50:42 - [TEST_STEP][PASSED] - click(findTestObject("Projects_Communications/Page_Projects - Projects - EOS/CreateFromWorkflow MEnus/button_SelectWorkflow_OK")): Object: 'Object Repository/Projects_Communications/Page_Projects - Projects - EOS/CreateFromWorkflow MEnus/button_SelectWorkflow_OK' is clicked on&#xD;
&#xD;
2019-07-29 16:50:42 - [MESSAGE][PASSED] - Object: 'Object Repository/Projects_Communications/Page_Projects - Projects - EOS/CreateFromWorkflow MEnus/button_SelectWorkflow_OK' is clicked on&#xD;
&#xD;
2019-07-29 16:50:42 - [TEST_STEP][PASSED] - click(findTestObject("Projects_Communications/Page_Projects - Projects - EOS/CreateFromWorkflow MEnus/button_NewProject_OK")): Object: 'Object Repository/Projects_Communications/Page_Projects - Projects - EOS/CreateFromWorkflow MEnus/button_NewProject_OK' is clicked on&#xD;
&#xD;
2019-07-29 16:50:42 - [MESSAGE][PASSED] - Object: 'Object Repository/Projects_Communications/Page_Projects - Projects - EOS/CreateFromWorkflow MEnus/button_NewProject_OK' is clicked on&#xD;
&#xD;
2019-07-29 16:50:42 - [TEST_STEP][PASSED] - delay(2): Delayed 2 second(s)&#xD;
&#xD;
2019-07-29 16:50:44 - [MESSAGE][PASSED] - Delayed 2 second(s)&#xD;
&#xD;
2019-07-29 16:50:44 - [MESSAGE][PASSED] - Call Test Case 'Test Cases/Communications_Projects/Create_Project_FromWorkflow_Batch' successfully&#xD;
&#xD;
2019-07-29 16:50:44 - [TEST_STEP][PASSED] - delay(2): Delayed 2 second(s)&#xD;
&#xD;
2019-07-29 16:50:46 - [MESSAGE][PASSED] - Delayed 2 second(s)&#xD;
&#xD;
2019-07-29 16:50:46 - [MESSAGE][PASSED] - Call Test Case 'Test Cases/Communications_Projects/Create_Projects' successfully&#xD;
&#xD;
2019-07-29 16:50:46 - [TEST_STEP][PASSED] - delay(2, CONTINUE_ON_FAILURE): Delayed 2 second(s)&#xD;
&#xD;
2019-07-29 16:50:48 - [MESSAGE][PASSED] - Delayed 2 second(s)&#xD;
&#xD;
2019-07-29 16:50:48 - [TEST_STEP][PASSED] - callTestCase(findTestCase("Communications_Projects/Run_Communications"), [:], CONTINUE_ON_FAILURE): Call Test Case 'Test Cases/Communications_Projects/Run_Communications' successfully&#xD;
&#xD;
2019-07-29 16:50:49 - [TEST_CASE][PASSED] - Test Cases/Communications_Projects/Run_Communications: Test Cases/Communications_Projects/Run_Communications&#xD;
&#xD;
2019-07-29 16:50:49 - [TEST_STEP][NOT_RUN] - callTestCase(findTestCase("Main Login Page/login_simple"), [:], STOP_ON_FAILURE): NOT_RUN: callTestCase(findTestCase("Main Login Page/login_simple"), [:], STOP_ON_FAILURE)&#xD;
&#xD;
2019-07-29 16:50:49 - [MESSAGE][NOT_RUN] - NOT_RUN: callTestCase(findTestCase("Main Login Page/login_simple"), [:], STOP_ON_FAILURE)&#xD;
&#xD;
2019-07-29 16:50:49 - [TEST_STEP][PASSED] - navigateToUrl(url_enterprise): Navigate to 'http://192.168.1.55:8094/' successfully&#xD;
&#xD;
2019-07-29 16:50:49 - [MESSAGE][PASSED] - Navigate to 'http://192.168.1.55:8094/' successfully&#xD;
&#xD;
2019-07-29 16:50:49 - [TEST_STEP][PASSED] - click(findTestObject("Projects_Communications/Page_Welcome - EOS/a_Communications"), STOP_ON_FAILURE): Object: 'Object Repository/Projects_Communications/Page_Welcome - EOS/a_Communications' is clicked on&#xD;
&#xD;
2019-07-29 16:50:50 - [MESSAGE][PASSED] - Object: 'Object Repository/Projects_Communications/Page_Welcome - EOS/a_Communications' is clicked on&#xD;
&#xD;
2019-07-29 16:50:50 - [TEST_STEP][PASSED] - delay(3, STOP_ON_FAILURE): Delayed 3 second(s)&#xD;
&#xD;
2019-07-29 16:50:53 - [MESSAGE][PASSED] - Delayed 3 second(s)&#xD;
&#xD;
2019-07-29 16:50:53 - [TEST_STEP][PASSED] - communications.Run_Communication.create_Communication("Batch"): communications.Run_Communication.create_Communication is PASSED&#xD;
&#xD;
2019-07-29 16:50:53 - [MESSAGE][PASSED] - Object 'Object Repository/Projects_Communications/Page_Communications - Communication/button_New Communication' is visible&#xD;
&#xD;
2019-07-29 16:50:53 - [MESSAGE][PASSED] - Object: 'Object Repository/Projects_Communications/Page_Communications - Communication/button_New Communication' is clicked on&#xD;
&#xD;
2019-07-29 16:50:53 - [MESSAGE][PASSED] - Switched to window with index: '1'&#xD;
&#xD;
2019-07-29 16:50:55 - [MESSAGE][PASSED] - Delayed 2 second(s)&#xD;
&#xD;
2019-07-29 16:50:56 - [MESSAGE][PASSED] - Object: 'Object Repository/Projects_Communications/Page_Communications - Communication/select_testcommuncation1_Batch' is clicked on&#xD;
&#xD;
2019-07-29 16:50:56 - [MESSAGE][PASSED] - Object 'Object Repository/Projects_Communications/Page_Communications - Communication/button_Run' is clickable&#xD;
&#xD;
2019-07-29 16:50:57 - [MESSAGE][PASSED] - Delayed 1 second(s)&#xD;
&#xD;
2019-07-29 16:50:57 - [MESSAGE][PASSED] - Object: 'Object Repository/Projects_Communications/Page_Communications - Communication/button_Run' is clicked on&#xD;
&#xD;
2019-07-29 16:50:58 - [MESSAGE][PASSED] - Object 'Object Repository/Projects_Communications/Page_Communications - Communication/OK_Confirmation_Batch' is clickable&#xD;
&#xD;
2019-07-29 16:50:58 - [MESSAGE][PASSED] - Object: 'Object Repository/Projects_Communications/Page_Communications - Communication/OK_Confirmation_Batch' is clicked on&#xD;
&#xD;
2019-07-29 16:50:58 - [MESSAGE][PASSED] - Switched to window with index: '1'&#xD;
&#xD;
2019-07-29 16:50:59 - [MESSAGE][PASSED] - Object 'Object Repository/Projects_Communications/Page_Communications - Results/communication_Finished' is visible&#xD;
&#xD;
2019-07-29 16:50:59 - [MESSAGE][WARNING] - Actual text ' 50%' and expected text ' Finished' of test object 'Object Repository/Projects_Communications/Page_Communications - Results/communication_Finished' are NOT matched. (Root cause: com.kms.katalon.core.exception.StepFailedException: Actual text ' 50%' and expected text ' Finished' of test object 'Object Repository/Projects_Communications/Page_Communications - Results/communication_Finished' are NOT matched.&#xD;
	at com.kms.katalon.core.webui.keyword.internal.WebUIKeywordMain.stepFailed(WebUIKeywordMain.groovy:64)&#xD;
	at com.kms.katalon.core.webui.keyword.builtin.VerifyElementTextKeyword$_verifyElementText_closure1.doCall(VerifyElementTextKeyword.groovy:57)&#xD;
	at com.kms.katalon.core.webui.keyword.builtin.VerifyElementTextKeyword$_verifyElementText_closure1.call(VerifyElementTextKeyword.groovy)&#xD;
	at com.kms.katalon.core.webui.keyword.internal.WebUIKeywordMain.runKeyword(WebUIKeywordMain.groovy:20)&#xD;
	at com.kms.katalon.core.webui.keyword.builtin.VerifyElementTextKeyword.verifyElementText(VerifyElementTextKeyword.groovy:72)&#xD;
	at com.kms.katalon.core.webui.keyword.builtin.VerifyElementTextKeyword.execute(VerifyElementTextKeyword.groovy:40)&#xD;
	at com.kms.katalon.core.keyword.internal.KeywordExecutor.executeKeywordForPlatform(KeywordExecutor.groovy:56)&#xD;
	at com.kms.katalon.core.webui.keyword.WebUiBuiltInKeywords.verifyElementText(WebUiBuiltInKeywords.groovy:3647)&#xD;
	at com.kms.katalon.core.webui.keyword.WebUiBuiltInKeywords$verifyElementText$6.call(Unknown Source)&#xD;
	at communications.Run_Communication.create_Communication(Run_Communication.groovy:124)&#xD;
	at communications.Run_Communication.invokeMethod(Run_Communication.groovy)&#xD;
	at com.kms.katalon.core.main.CustomKeywordDelegatingMetaClass.invokeStaticMethod(CustomKeywordDelegatingMetaClass.java:50)&#xD;
	at Run_Communications.run(Run_Communications:31)&#xD;
	at com.kms.katalon.core.main.ScriptEngine.run(ScriptEngine.java:194)&#xD;
	at com.kms.katalon.core.main.ScriptEngine.runScriptAsRawText(ScriptEngine.java:119)&#xD;
	at com.kms.katalon.core.main.TestCaseExecutor.runScript(TestCaseExecutor.java:337)&#xD;
	at com.kms.katalon.core.main.TestCaseExecutor.doExecute(TestCaseExecutor.java:328)&#xD;
	at com.kms.katalon.core.main.TestCaseExecutor.processExecutionPhase(TestCaseExecutor.java:307)&#xD;
	at com.kms.katalon.core.main.TestCaseExecutor.accessMainPhase(TestCaseExecutor.java:299)&#xD;
	at com.kms.katalon.core.main.TestCaseExecutor.execute(TestCaseExecutor.java:233)&#xD;
	at com.kms.katalon.core.main.TestCaseMain.runTestCase(TestCaseMain.java:114)&#xD;
	at com.kms.katalon.core.keyword.builtin.CallTestCaseKeyword$_callTestCase_closure1.doCall(CallTestCaseKeyword.groovy:59)&#xD;
	at com.kms.katalon.core.keyword.builtin.CallTestCaseKeyword$_callTestCase_closure1.call(CallTestCaseKeyword.groovy)&#xD;
	at com.kms.katalon.core.keyword.internal.KeywordMain.runKeyword(KeywordMain.groovy:68)&#xD;
	at com.kms.katalon.core.keyword.builtin.CallTestCaseKeyword.callTestCase(CallTestCaseKeyword.groovy:81)&#xD;
	at com.kms.katalon.core.keyword.builtin.CallTestCaseKeyword.execute(CallTestCaseKeyword.groovy:44)&#xD;
	at com.kms.katalon.core.keyword.internal.KeywordExecutor.executeKeywordForPlatform(KeywordExecutor.groovy:56)&#xD;
	at com.kms.katalon.core.keyword.BuiltinKeywords.callTestCase(BuiltinKeywords.groovy:334)&#xD;
	at Create_Run_Publisb_Projects and Communications.run(Create_Run_Publisb_Projects and Communications:20)&#xD;
	at com.kms.katalon.core.main.ScriptEngine.run(ScriptEngine.java:194)&#xD;
	at com.kms.katalon.core.main.ScriptEngine.runScriptAsRawText(ScriptEngine.java:119)&#xD;
	at com.kms.katalon.core.main.TestCaseExecutor.runScript(TestCaseExecutor.java:337)&#xD;
	at com.kms.katalon.core.main.TestCaseExecutor.doExecute(TestCaseExecutor.java:328)&#xD;
	at com.kms.katalon.core.main.TestCaseExecutor.processExecutionPhase(TestCaseExecutor.java:307)&#xD;
	at com.kms.katalon.core.main.TestCaseExecutor.accessMainPhase(TestCaseExecutor.java:299)&#xD;
	at com.kms.katalon.core.main.TestCaseExecutor.execute(TestCaseExecutor.java:233)&#xD;
	at com.kms.katalon.core.main.TestSuiteExecutor.accessTestCaseMainPhase(TestSuiteExecutor.java:133)&#xD;
	at com.kms.katalon.core.main.TestSuiteExecutor.accessTestSuiteMainPhase(TestSuiteExecutor.java:116)&#xD;
	at com.kms.katalon.core.main.TestSuiteExecutor.execute(TestSuiteExecutor.java:83)&#xD;
	at com.kms.katalon.core.main.TestCaseMain.startTestSuite(TestCaseMain.java:157)&#xD;
	at com.kms.katalon.core.main.TestCaseMain$startTestSuite$0.call(Unknown Source)&#xD;
	at TempTestSuite1564408079064.run(TempTestSuite1564408079064.groovy:35)&#xD;
)&#xD;
[[ATTACHMENT|C:\\Katalon Projects\\Nido_Patch3\\Reports\\Sanity1\\20190729_164759\\1564408259082.png]]&#xD;
&#xD;
2019-07-29 16:51:05 - [MESSAGE][PASSED] - Delayed 6 second(s)&#xD;
&#xD;
2019-07-29 16:51:05 - [MESSAGE][PASSED] - Actual text and expected text of test object 'Object Repository/Projects_Communications/Page_Communications - Results/communication_Finished' are matched.&#xD;
&#xD;
2019-07-29 16:51:05 - [MESSAGE][PASSED] - Window with index 1 is closed&#xD;
&#xD;
2019-07-29 16:51:05 - [MESSAGE][PASSED] - Switched to window with index: '0'&#xD;
&#xD;
2019-07-29 16:51:05 - [MESSAGE][PASSED] - communications.Run_Communication.create_Communication is PASSED&#xD;
&#xD;
2019-07-29 16:51:05 - [TEST_STEP][PASSED] - delay(2): Delayed 2 second(s)&#xD;
&#xD;
2019-07-29 16:51:07 - [MESSAGE][PASSED] - Delayed 2 second(s)&#xD;
&#xD;
2019-07-29 16:51:07 - [TEST_STEP][PASSED] - communications.Run_Communication.create_Communication("Interractive"): communications.Run_Communication.create_Communication is PASSED&#xD;
&#xD;
2019-07-29 16:51:07 - [MESSAGE][PASSED] - Object 'Object Repository/Projects_Communications/Page_Communications - Communication/button_New Communication' is visible&#xD;
&#xD;
2019-07-29 16:51:07 - [MESSAGE][PASSED] - Object: 'Object Repository/Projects_Communications/Page_Communications - Communication/button_New Communication' is clicked on&#xD;
&#xD;
2019-07-29 16:51:07 - [MESSAGE][PASSED] - Switched to window with index: '1'&#xD;
&#xD;
2019-07-29 16:51:09 - [MESSAGE][PASSED] - Delayed 2 second(s)&#xD;
&#xD;
2019-07-29 16:51:10 - [MESSAGE][PASSED] - Object: 'Object Repository/Projects_Communications/Page_Communications - Communication/select_testcommuncation2_Interractive' is clicked on&#xD;
&#xD;
2019-07-29 16:51:11 - [MESSAGE][PASSED] - Object: 'Object Repository/Projects_Communications/Page_Communications - Communication/span_Search for a contact' is clicked on&#xD;
&#xD;
2019-07-29 16:51:13 - [MESSAGE][PASSED] - Delayed 2 second(s)&#xD;
&#xD;
2019-07-29 16:51:13 - [MESSAGE][PASSED] - Object: 'Object Repository/Projects_Communications/Page_Communications - Communication/select_Contact' is clicked on&#xD;
&#xD;
2019-07-29 16:51:13 - [MESSAGE][PASSED] - Object: 'Object Repository/Projects_Communications/Page_Communications - Communication/button_Run' is clicked on&#xD;
&#xD;
2019-07-29 16:51:18 - [MESSAGE][PASSED] - Delayed 5 second(s)&#xD;
&#xD;
2019-07-29 16:51:18 - [MESSAGE][PASSED] - Text 'Mr. QA' is set on object 'Object Repository/Projects_Communications/Page_Communications - Communication/textbox_Sender'&#xD;
&#xD;
2019-07-29 16:51:20 - [MESSAGE][PASSED] - Delayed 2 second(s)&#xD;
&#xD;
2019-07-29 16:51:20 - [MESSAGE][PASSED] - Object: 'Object Repository/Projects_Communications/Page_Communications - Communication/button_InterractiveFinishButton' is clicked on&#xD;
&#xD;
2019-07-29 16:51:21 - [MESSAGE][PASSED] - Object 'Object Repository/Projects_Communications/Page_Communications - Results/communication_Finished' is visible&#xD;
&#xD;
2019-07-29 16:51:21 - [MESSAGE][WARNING] - Actual text ' 0%' and expected text ' Finished' of test object 'Object Repository/Projects_Communications/Page_Communications - Results/communication_Finished' are NOT matched. (Root cause: com.kms.katalon.core.exception.StepFailedException: Actual text ' 0%' and expected text ' Finished' of test object 'Object Repository/Projects_Communications/Page_Communications - Results/communication_Finished' are NOT matched.&#xD;
	at com.kms.katalon.core.webui.keyword.internal.WebUIKeywordMain.stepFailed(WebUIKeywordMain.groovy:64)&#xD;
	at com.kms.katalon.core.webui.keyword.builtin.VerifyElementTextKeyword$_verifyElementText_closure1.doCall(VerifyElementTextKeyword.groovy:57)&#xD;
	at com.kms.katalon.core.webui.keyword.builtin.VerifyElementTextKeyword$_verifyElementText_closure1.call(VerifyElementTextKeyword.groovy)&#xD;
	at com.kms.katalon.core.webui.keyword.internal.WebUIKeywordMain.runKeyword(WebUIKeywordMain.groovy:20)&#xD;
	at com.kms.katalon.core.webui.keyword.builtin.VerifyElementTextKeyword.verifyElementText(VerifyElementTextKeyword.groovy:72)&#xD;
	at com.kms.katalon.core.webui.keyword.builtin.VerifyElementTextKeyword.execute(VerifyElementTextKeyword.groovy:40)&#xD;
	at com.kms.katalon.core.keyword.internal.KeywordExecutor.executeKeywordForPlatform(KeywordExecutor.groovy:56)&#xD;
	at com.kms.katalon.core.webui.keyword.WebUiBuiltInKeywords.verifyElementText(WebUiBuiltInKeywords.groovy:3647)&#xD;
	at com.kms.katalon.core.webui.keyword.WebUiBuiltInKeywords$verifyElementText$6.call(Unknown Source)&#xD;
	at communications.Run_Communication.create_Communication(Run_Communication.groovy:124)&#xD;
	at communications.Run_Communication.invokeMethod(Run_Communication.groovy)&#xD;
	at com.kms.katalon.core.main.CustomKeywordDelegatingMetaClass.invokeStaticMethod(CustomKeywordDelegatingMetaClass.java:50)&#xD;
	at Run_Communications.run(Run_Communications:35)&#xD;
	at com.kms.katalon.core.main.ScriptEngine.run(ScriptEngine.java:194)&#xD;
	at com.kms.katalon.core.main.ScriptEngine.runScriptAsRawText(ScriptEngine.java:119)&#xD;
	at com.kms.katalon.core.main.TestCaseExecutor.runScript(TestCaseExecutor.java:337)&#xD;
	at com.kms.katalon.core.main.TestCaseExecutor.doExecute(TestCaseExecutor.java:328)&#xD;
	at com.kms.katalon.core.main.TestCaseExecutor.processExecutionPhase(TestCaseExecutor.java:307)&#xD;
	at com.kms.katalon.core.main.TestCaseExecutor.accessMainPhase(TestCaseExecutor.java:299)&#xD;
	at com.kms.katalon.core.main.TestCaseExecutor.execute(TestCaseExecutor.java:233)&#xD;
	at com.kms.katalon.core.main.TestCaseMain.runTestCase(TestCaseMain.java:114)&#xD;
	at com.kms.katalon.core.keyword.builtin.CallTestCaseKeyword$_callTestCase_closure1.doCall(CallTestCaseKeyword.groovy:59)&#xD;
	at com.kms.katalon.core.keyword.builtin.CallTestCaseKeyword$_callTestCase_closure1.call(CallTestCaseKeyword.groovy)&#xD;
	at com.kms.katalon.core.keyword.internal.KeywordMain.runKeyword(KeywordMain.groovy:68)&#xD;
	at com.kms.katalon.core.keyword.builtin.CallTestCaseKeyword.callTestCase(CallTestCaseKeyword.groovy:81)&#xD;
	at com.kms.katalon.core.keyword.builtin.CallTestCaseKeyword.execute(CallTestCaseKeyword.groovy:44)&#xD;
	at com.kms.katalon.core.keyword.internal.KeywordExecutor.executeKeywordForPlatform(KeywordExecutor.groovy:56)&#xD;
	at com.kms.katalon.core.keyword.BuiltinKeywords.callTestCase(BuiltinKeywords.groovy:334)&#xD;
	at Create_Run_Publisb_Projects and Communications.run(Create_Run_Publisb_Projects and Communications:20)&#xD;
	at com.kms.katalon.core.main.ScriptEngine.run(ScriptEngine.java:194)&#xD;
	at com.kms.katalon.core.main.ScriptEngine.runScriptAsRawText(ScriptEngine.java:119)&#xD;
	at com.kms.katalon.core.main.TestCaseExecutor.runScript(TestCaseExecutor.java:337)&#xD;
	at com.kms.katalon.core.main.TestCaseExecutor.doExecute(TestCaseExecutor.java:328)&#xD;
	at com.kms.katalon.core.main.TestCaseExecutor.processExecutionPhase(TestCaseExecutor.java:307)&#xD;
	at com.kms.katalon.core.main.TestCaseExecutor.accessMainPhase(TestCaseExecutor.java:299)&#xD;
	at com.kms.katalon.core.main.TestCaseExecutor.execute(TestCaseExecutor.java:233)&#xD;
	at com.kms.katalon.core.main.TestSuiteExecutor.accessTestCaseMainPhase(TestSuiteExecutor.java:133)&#xD;
	at com.kms.katalon.core.main.TestSuiteExecutor.accessTestSuiteMainPhase(TestSuiteExecutor.java:116)&#xD;
	at com.kms.katalon.core.main.TestSuiteExecutor.execute(TestSuiteExecutor.java:83)&#xD;
	at com.kms.katalon.core.main.TestCaseMain.startTestSuite(TestCaseMain.java:157)&#xD;
	at com.kms.katalon.core.main.TestCaseMain$startTestSuite$0.call(Unknown Source)&#xD;
	at TempTestSuite1564408079064.run(TempTestSuite1564408079064.groovy:35)&#xD;
)&#xD;
[[ATTACHMENT|C:\\Katalon Projects\\Nido_Patch3\\Reports\\Sanity1\\20190729_164759\\1564408281231.png]]&#xD;
&#xD;
2019-07-29 16:51:27 - [MESSAGE][PASSED] - Delayed 6 second(s)&#xD;
&#xD;
2019-07-29 16:51:27 - [MESSAGE][PASSED] - Actual text and expected text of test object 'Object Repository/Projects_Communications/Page_Communications - Results/communication_Finished' are matched.&#xD;
&#xD;
2019-07-29 16:51:27 - [MESSAGE][PASSED] - Window with index 1 is closed&#xD;
&#xD;
2019-07-29 16:51:27 - [MESSAGE][PASSED] - Switched to window with index: '0'&#xD;
&#xD;
2019-07-29 16:51:27 - [MESSAGE][PASSED] - communications.Run_Communication.create_Communication is PASSED&#xD;
&#xD;
2019-07-29 16:51:27 - [TEST_STEP][PASSED] - delay(2): Delayed 2 second(s)&#xD;
&#xD;
2019-07-29 16:51:29 - [MESSAGE][PASSED] - Delayed 2 second(s)&#xD;
&#xD;
2019-07-29 16:51:29 - [TEST_STEP][PASSED] - communications.Run_Communication.create_Communication("On_Demand"): communications.Run_Communication.create_Communication is PASSED&#xD;
&#xD;
2019-07-29 16:51:29 - [MESSAGE][PASSED] - Object 'Object Repository/Projects_Communications/Page_Communications - Communication/button_New Communication' is visible&#xD;
&#xD;
2019-07-29 16:51:29 - [MESSAGE][PASSED] - Object: 'Object Repository/Projects_Communications/Page_Communications - Communication/button_New Communication' is clicked on&#xD;
&#xD;
2019-07-29 16:51:29 - [MESSAGE][PASSED] - Switched to window with index: '1'&#xD;
&#xD;
2019-07-29 16:51:31 - [MESSAGE][PASSED] - Delayed 2 second(s)&#xD;
&#xD;
2019-07-29 16:51:32 - [MESSAGE][PASSED] - Object: 'Object Repository/Projects_Communications/Page_Communications - Communication/select_testcommuncation3_OnDemand' is clicked on&#xD;
&#xD;
2019-07-29 16:51:34 - [MESSAGE][PASSED] - Delayed 2 second(s)&#xD;
&#xD;
2019-07-29 16:51:35 - [MESSAGE][PASSED] - Object: 'Object Repository/Projects_Communications/Page_Communications - Communication/span_Search for a contact' is clicked on&#xD;
&#xD;
2019-07-29 16:51:39 - [MESSAGE][PASSED] - Delayed 4 second(s)&#xD;
&#xD;
2019-07-29 16:51:39 - [MESSAGE][PASSED] - Object: 'Object Repository/Projects_Communications/Page_Communications - Communication/select_Contact' is clicked on&#xD;
&#xD;
2019-07-29 16:51:39 - [MESSAGE][PASSED] - Object: 'Object Repository/Projects_Communications/Page_Communications - Communication/button_Run' is clicked on&#xD;
&#xD;
2019-07-29 16:51:39 - [MESSAGE][PASSED] - Switched to window with index: '1'&#xD;
&#xD;
2019-07-29 16:51:41 - [MESSAGE][PASSED] - Delayed 2 second(s)&#xD;
&#xD;
2019-07-29 16:51:41 - [MESSAGE][PASSED] - Object: 'Object Repository/Projects_Communications/Page_Communications - Communication/button_Save_OnDemand' is clicked on&#xD;
&#xD;
2019-07-29 16:51:43 - [MESSAGE][PASSED] - Delayed 2 second(s)&#xD;
&#xD;
2019-07-29 16:51:43 - [MESSAGE][PASSED] - Object: 'Object Repository/Projects_Communications/Page_Communications - Results/Summaru_Tab' is clicked on&#xD;
&#xD;
2019-07-29 16:51:43 - [MESSAGE][PASSED] - Object 'Object Repository/Projects_Communications/Page_Communications - Results/communication_Finished' is visible&#xD;
&#xD;
2019-07-29 16:51:43 - [MESSAGE][WARNING] - Actual text ' 0%' and expected text ' Finished' of test object 'Object Repository/Projects_Communications/Page_Communications - Results/communication_Finished' are NOT matched. (Root cause: com.kms.katalon.core.exception.StepFailedException: Actual text ' 0%' and expected text ' Finished' of test object 'Object Repository/Projects_Communications/Page_Communications - Results/communication_Finished' are NOT matched.&#xD;
	at com.kms.katalon.core.webui.keyword.internal.WebUIKeywordMain.stepFailed(WebUIKeywordMain.groovy:64)&#xD;
	at com.kms.katalon.core.webui.keyword.builtin.VerifyElementTextKeyword$_verifyElementText_closure1.doCall(VerifyElementTextKeyword.groovy:57)&#xD;
	at com.kms.katalon.core.webui.keyword.builtin.VerifyElementTextKeyword$_verifyElementText_closure1.call(VerifyElementTextKeyword.groovy)&#xD;
	at com.kms.katalon.core.webui.keyword.internal.WebUIKeywordMain.runKeyword(WebUIKeywordMain.groovy:20)&#xD;
	at com.kms.katalon.core.webui.keyword.builtin.VerifyElementTextKeyword.verifyElementText(VerifyElementTextKeyword.groovy:72)&#xD;
	at com.kms.katalon.core.webui.keyword.builtin.VerifyElementTextKeyword.execute(VerifyElementTextKeyword.groovy:40)&#xD;
	at com.kms.katalon.core.keyword.internal.KeywordExecutor.executeKeywordForPlatform(KeywordExecutor.groovy:56)&#xD;
	at com.kms.katalon.core.webui.keyword.WebUiBuiltInKeywords.verifyElementText(WebUiBuiltInKeywords.groovy:3647)&#xD;
	at com.kms.katalon.core.webui.keyword.WebUiBuiltInKeywords$verifyElementText$6.call(Unknown Source)&#xD;
	at communications.Run_Communication.create_Communication(Run_Communication.groovy:124)&#xD;
	at communications.Run_Communication.invokeMethod(Run_Communication.groovy)&#xD;
	at com.kms.katalon.core.main.CustomKeywordDelegatingMetaClass.invokeStaticMethod(CustomKeywordDelegatingMetaClass.java:50)&#xD;
	at Run_Communications.run(Run_Communications:39)&#xD;
	at com.kms.katalon.core.main.ScriptEngine.run(ScriptEngine.java:194)&#xD;
	at com.kms.katalon.core.main.ScriptEngine.runScriptAsRawText(ScriptEngine.java:119)&#xD;
	at com.kms.katalon.core.main.TestCaseExecutor.runScript(TestCaseExecutor.java:337)&#xD;
	at com.kms.katalon.core.main.TestCaseExecutor.doExecute(TestCaseExecutor.java:328)&#xD;
	at com.kms.katalon.core.main.TestCaseExecutor.processExecutionPhase(TestCaseExecutor.java:307)&#xD;
	at com.kms.katalon.core.main.TestCaseExecutor.accessMainPhase(TestCaseExecutor.java:299)&#xD;
	at com.kms.katalon.core.main.TestCaseExecutor.execute(TestCaseExecutor.java:233)&#xD;
	at com.kms.katalon.core.main.TestCaseMain.runTestCase(TestCaseMain.java:114)&#xD;
	at com.kms.katalon.core.keyword.builtin.CallTestCaseKeyword$_callTestCase_closure1.doCall(CallTestCaseKeyword.groovy:59)&#xD;
	at com.kms.katalon.core.keyword.builtin.CallTestCaseKeyword$_callTestCase_closure1.call(CallTestCaseKeyword.groovy)&#xD;
	at com.kms.katalon.core.keyword.internal.KeywordMain.runKeyword(KeywordMain.groovy:68)&#xD;
	at com.kms.katalon.core.keyword.builtin.CallTestCaseKeyword.callTestCase(CallTestCaseKeyword.groovy:81)&#xD;
	at com.kms.katalon.core.keyword.builtin.CallTestCaseKeyword.execute(CallTestCaseKeyword.groovy:44)&#xD;
	at com.kms.katalon.core.keyword.internal.KeywordExecutor.executeKeywordForPlatform(KeywordExecutor.groovy:56)&#xD;
	at com.kms.katalon.core.keyword.BuiltinKeywords.callTestCase(BuiltinKeywords.groovy:334)&#xD;
	at Create_Run_Publisb_Projects and Communications.run(Create_Run_Publisb_Projects and Communications:20)&#xD;
	at com.kms.katalon.core.main.ScriptEngine.run(ScriptEngine.java:194)&#xD;
	at com.kms.katalon.core.main.ScriptEngine.runScriptAsRawText(ScriptEngine.java:119)&#xD;
	at com.kms.katalon.core.main.TestCaseExecutor.runScript(TestCaseExecutor.java:337)&#xD;
	at com.kms.katalon.core.main.TestCaseExecutor.doExecute(TestCaseExecutor.java:328)&#xD;
	at com.kms.katalon.core.main.TestCaseExecutor.processExecutionPhase(TestCaseExecutor.java:307)&#xD;
	at com.kms.katalon.core.main.TestCaseExecutor.accessMainPhase(TestCaseExecutor.java:299)&#xD;
	at com.kms.katalon.core.main.TestCaseExecutor.execute(TestCaseExecutor.java:233)&#xD;
	at com.kms.katalon.core.main.TestSuiteExecutor.accessTestCaseMainPhase(TestSuiteExecutor.java:133)&#xD;
	at com.kms.katalon.core.main.TestSuiteExecutor.accessTestSuiteMainPhase(TestSuiteExecutor.java:116)&#xD;
	at com.kms.katalon.core.main.TestSuiteExecutor.execute(TestSuiteExecutor.java:83)&#xD;
	at com.kms.katalon.core.main.TestCaseMain.startTestSuite(TestCaseMain.java:157)&#xD;
	at com.kms.katalon.core.main.TestCaseMain$startTestSuite$0.call(Unknown Source)&#xD;
	at TempTestSuite1564408079064.run(TempTestSuite1564408079064.groovy:35)&#xD;
)&#xD;
[[ATTACHMENT|C:\\Katalon Projects\\Nido_Patch3\\Reports\\Sanity1\\20190729_164759\\1564408303396.png]]&#xD;
&#xD;
2019-07-29 16:51:49 - [MESSAGE][PASSED] - Delayed 6 second(s)&#xD;
&#xD;
2019-07-29 16:51:49 - [MESSAGE][PASSED] - Actual text and expected text of test object 'Object Repository/Projects_Communications/Page_Communications - Results/communication_Finished' are matched.&#xD;
&#xD;
2019-07-29 16:51:49 - [MESSAGE][PASSED] - Window with index 1 is closed&#xD;
&#xD;
2019-07-29 16:51:49 - [MESSAGE][PASSED] - Switched to window with index: '0'&#xD;
&#xD;
2019-07-29 16:51:49 - [MESSAGE][PASSED] - communications.Run_Communication.create_Communication is PASSED&#xD;
&#xD;
2019-07-29 16:51:49 - [TEST_STEP][PASSED] - delay(2): Delayed 2 second(s)&#xD;
&#xD;
2019-07-29 16:51:51 - [MESSAGE][PASSED] - Delayed 2 second(s)&#xD;
&#xD;
2019-07-29 16:51:51 - [TEST_STEP][PASSED] - communications.Run_Communication.create_Communication("From_Workflow"): communications.Run_Communication.create_Communication is PASSED&#xD;
&#xD;
2019-07-29 16:51:51 - [MESSAGE][PASSED] - Object 'Object Repository/Projects_Communications/Page_Communications - Communication/button_New Communication' is visible&#xD;
&#xD;
2019-07-29 16:51:51 - [MESSAGE][PASSED] - Object: 'Object Repository/Projects_Communications/Page_Communications - Communication/button_New Communication' is clicked on&#xD;
&#xD;
2019-07-29 16:51:51 - [MESSAGE][PASSED] - Switched to window with index: '1'&#xD;
&#xD;
2019-07-29 16:51:53 - [MESSAGE][PASSED] - Delayed 2 second(s)&#xD;
&#xD;
2019-07-29 16:51:55 - [MESSAGE][PASSED] - Object: 'Object Repository/Projects_Communications/Page_Communications - Communication/select_testcommuncation4_FromWk4_Batch' is clicked on&#xD;
&#xD;
2019-07-29 16:51:55 - [MESSAGE][PASSED] - Object 'Object Repository/Projects_Communications/Page_Communications - Communication/button_Run' is clickable&#xD;
&#xD;
2019-07-29 16:51:55 - [MESSAGE][PASSED] - Object: 'Object Repository/Projects_Communications/Page_Communications - Communication/button_Run' is clicked on&#xD;
&#xD;
2019-07-29 16:51:55 - [MESSAGE][PASSED] - Object 'Object Repository/Projects_Communications/Page_Communications - Communication/OK_Confirmation_Batch' is clickable&#xD;
&#xD;
2019-07-29 16:51:57 - [MESSAGE][PASSED] - Delayed 2 second(s)&#xD;
&#xD;
2019-07-29 16:51:57 - [MESSAGE][PASSED] - Object: 'Object Repository/Projects_Communications/Page_Communications - Communication/OK_Confirmation_Batch' is clicked on&#xD;
&#xD;
2019-07-29 16:51:57 - [MESSAGE][PASSED] - Switched to window with index: '1'&#xD;
&#xD;
2019-07-29 16:51:57 - [MESSAGE][PASSED] - Object 'Object Repository/Projects_Communications/Page_Communications - Results/communication_Finished' is visible&#xD;
&#xD;
2019-07-29 16:51:58 - [MESSAGE][WARNING] - Actual text ' 50%' and expected text ' Finished' of test object 'Object Repository/Projects_Communications/Page_Communications - Results/communication_Finished' are NOT matched. (Root cause: com.kms.katalon.core.exception.StepFailedException: Actual text ' 50%' and expected text ' Finished' of test object 'Object Repository/Projects_Communications/Page_Communications - Results/communication_Finished' are NOT matched.&#xD;
	at com.kms.katalon.core.webui.keyword.internal.WebUIKeywordMain.stepFailed(WebUIKeywordMain.groovy:64)&#xD;
	at com.kms.katalon.core.webui.keyword.builtin.VerifyElementTextKeyword$_verifyElementText_closure1.doCall(VerifyElementTextKeyword.groovy:57)&#xD;
	at com.kms.katalon.core.webui.keyword.builtin.VerifyElementTextKeyword$_verifyElementText_closure1.call(VerifyElementTextKeyword.groovy)&#xD;
	at com.kms.katalon.core.webui.keyword.internal.WebUIKeywordMain.runKeyword(WebUIKeywordMain.groovy:20)&#xD;
	at com.kms.katalon.core.webui.keyword.builtin.VerifyElementTextKeyword.verifyElementText(VerifyElementTextKeyword.groovy:72)&#xD;
	at com.kms.katalon.core.webui.keyword.builtin.VerifyElementTextKeyword.execute(VerifyElementTextKeyword.groovy:40)&#xD;
	at com.kms.katalon.core.keyword.internal.KeywordExecutor.executeKeywordForPlatform(KeywordExecutor.groovy:56)&#xD;
	at com.kms.katalon.core.webui.keyword.WebUiBuiltInKeywords.verifyElementText(WebUiBuiltInKeywords.groovy:3647)&#xD;
	at com.kms.katalon.core.webui.keyword.WebUiBuiltInKeywords$verifyElementText$6.call(Unknown Source)&#xD;
	at communications.Run_Communication.create_Communication(Run_Communication.groovy:124)&#xD;
	at communications.Run_Communication.invokeMethod(Run_Communication.groovy)&#xD;
	at com.kms.katalon.core.main.CustomKeywordDelegatingMetaClass.invokeStaticMethod(CustomKeywordDelegatingMetaClass.java:50)&#xD;
	at Run_Communications.run(Run_Communications:43)&#xD;
	at com.kms.katalon.core.main.ScriptEngine.run(ScriptEngine.java:194)&#xD;
	at com.kms.katalon.core.main.ScriptEngine.runScriptAsRawText(ScriptEngine.java:119)&#xD;
	at com.kms.katalon.core.main.TestCaseExecutor.runScript(TestCaseExecutor.java:337)&#xD;
	at com.kms.katalon.core.main.TestCaseExecutor.doExecute(TestCaseExecutor.java:328)&#xD;
	at com.kms.katalon.core.main.TestCaseExecutor.processExecutionPhase(TestCaseExecutor.java:307)&#xD;
	at com.kms.katalon.core.main.TestCaseExecutor.accessMainPhase(TestCaseExecutor.java:299)&#xD;
	at com.kms.katalon.core.main.TestCaseExecutor.execute(TestCaseExecutor.java:233)&#xD;
	at com.kms.katalon.core.main.TestCaseMain.runTestCase(TestCaseMain.java:114)&#xD;
	at com.kms.katalon.core.keyword.builtin.CallTestCaseKeyword$_callTestCase_closure1.doCall(CallTestCaseKeyword.groovy:59)&#xD;
	at com.kms.katalon.core.keyword.builtin.CallTestCaseKeyword$_callTestCase_closure1.call(CallTestCaseKeyword.groovy)&#xD;
	at com.kms.katalon.core.keyword.internal.KeywordMain.runKeyword(KeywordMain.groovy:68)&#xD;
	at com.kms.katalon.core.keyword.builtin.CallTestCaseKeyword.callTestCase(CallTestCaseKeyword.groovy:81)&#xD;
	at com.kms.katalon.core.keyword.builtin.CallTestCaseKeyword.execute(CallTestCaseKeyword.groovy:44)&#xD;
	at com.kms.katalon.core.keyword.internal.KeywordExecutor.executeKeywordForPlatform(KeywordExecutor.groovy:56)&#xD;
	at com.kms.katalon.core.keyword.BuiltinKeywords.callTestCase(BuiltinKeywords.groovy:334)&#xD;
	at Create_Run_Publisb_Projects and Communications.run(Create_Run_Publisb_Projects and Communications:20)&#xD;
	at com.kms.katalon.core.main.ScriptEngine.run(ScriptEngine.java:194)&#xD;
	at com.kms.katalon.core.main.ScriptEngine.runScriptAsRawText(ScriptEngine.java:119)&#xD;
	at com.kms.katalon.core.main.TestCaseExecutor.runScript(TestCaseExecutor.java:337)&#xD;
	at com.kms.katalon.core.main.TestCaseExecutor.doExecute(TestCaseExecutor.java:328)&#xD;
	at com.kms.katalon.core.main.TestCaseExecutor.processExecutionPhase(TestCaseExecutor.java:307)&#xD;
	at com.kms.katalon.core.main.TestCaseExecutor.accessMainPhase(TestCaseExecutor.java:299)&#xD;
	at com.kms.katalon.core.main.TestCaseExecutor.execute(TestCaseExecutor.java:233)&#xD;
	at com.kms.katalon.core.main.TestSuiteExecutor.accessTestCaseMainPhase(TestSuiteExecutor.java:133)&#xD;
	at com.kms.katalon.core.main.TestSuiteExecutor.accessTestSuiteMainPhase(TestSuiteExecutor.java:116)&#xD;
	at com.kms.katalon.core.main.TestSuiteExecutor.execute(TestSuiteExecutor.java:83)&#xD;
	at com.kms.katalon.core.main.TestCaseMain.startTestSuite(TestCaseMain.java:157)&#xD;
	at com.kms.katalon.core.main.TestCaseMain$startTestSuite$0.call(Unknown Source)&#xD;
	at TempTestSuite1564408079064.run(TempTestSuite1564408079064.groovy:35)&#xD;
)&#xD;
[[ATTACHMENT|C:\\Katalon Projects\\Nido_Patch3\\Reports\\Sanity1\\20190729_164759\\1564408317851.png]]&#xD;
&#xD;
2019-07-29 16:52:04 - [MESSAGE][PASSED] - Delayed 6 second(s)&#xD;
&#xD;
2019-07-29 16:52:04 - [MESSAGE][PASSED] - Actual text and expected text of test object 'Object Repository/Projects_Communications/Page_Communications - Results/communication_Finished' are matched.&#xD;
&#xD;
2019-07-29 16:52:04 - [MESSAGE][PASSED] - Window with index 1 is closed&#xD;
&#xD;
2019-07-29 16:52:04 - [MESSAGE][PASSED] - Switched to window with index: '0'&#xD;
&#xD;
2019-07-29 16:52:04 - [MESSAGE][PASSED] - communications.Run_Communication.create_Communication is PASSED&#xD;
&#xD;
2019-07-29 16:52:04 - [TEST_STEP][PASSED] - delay(2): Delayed 2 second(s)&#xD;
&#xD;
2019-07-29 16:52:06 - [MESSAGE][PASSED] - Delayed 2 second(s)&#xD;
&#xD;
2019-07-29 16:52:06 - [MESSAGE][PASSED] - Call Test Case 'Test Cases/Communications_Projects/Run_Communications' successfully&#xD;
&#xD;
2019-07-29 16:52:06 - [TEST_STEP][PASSED] - delay(2, CONTINUE_ON_FAILURE): Delayed 2 second(s)&#xD;
&#xD;
2019-07-29 16:52:08 - [MESSAGE][PASSED] - Delayed 2 second(s)&#xD;
&#xD;
2019-07-29 16:52:08 - [TEST_STEP][PASSED] - callTestCase(findTestCase("Communications_Projects/PublishProject_NewEnv"), [:], CONTINUE_ON_FAILURE): Call Test Case 'Test Cases/Communications_Projects/PublishProject_NewEnv' successfully&#xD;
&#xD;
2019-07-29 16:52:08 - [TEST_CASE][PASSED] - Test Cases/Communications_Projects/PublishProject_NewEnv: Test Cases/Communications_Projects/PublishProject_NewEnv&#xD;
&#xD;
2019-07-29 16:52:08 - [TEST_STEP][PASSED] - callTestCase(findTestCase("Main Login Page/login_simple"), [:], STOP_ON_FAILURE): Call Test Case 'Test Cases/Main Login Page/login_simple' successfully&#xD;
&#xD;
2019-07-29 16:52:08 - [TEST_CASE][PASSED] - Test Cases/Main Login Page/login_simple: Test Cases/Main Login Page/login_simple&#xD;
&#xD;
2019-07-29 16:52:08 - [TEST_STEP][PASSED] - openBrowser(url_enterprise, STOP_ON_FAILURE): Browser is opened with url: 'http://192.168.1.55:8094/'&#xD;
&#xD;
2019-07-29 16:52:08 - [MESSAGE][WARNING] - A browser is already opened. Closing browser and opening a new one&#xD;
&#xD;
2019-07-29 16:52:09 - [MESSAGE][INFO] - Starting 'Chrome' driver&#xD;
&#xD;
2019-07-29 16:52:11 - [MESSAGE][PASSED] - Browser is opened with url: 'http://192.168.1.55:8094/'&#xD;
&#xD;
2019-07-29 16:52:11 - [TEST_STEP][PASSED] - maximizeWindow(): Current window maximized&#xD;
&#xD;
2019-07-29 16:52:12 - [MESSAGE][PASSED] - Current window maximized&#xD;
&#xD;
2019-07-29 16:52:12 - [TEST_STEP][PASSED] - setText(findTestObject("Main Login Page/input_userName"), Username_Admin, CONTINUE_ON_FAILURE): Text 'Ere' is set on object 'Object Repository/Main Login Page/input_userName'&#xD;
&#xD;
2019-07-29 16:52:13 - [MESSAGE][PASSED] - Text 'Ere' is set on object 'Object Repository/Main Login Page/input_userName'&#xD;
&#xD;
2019-07-29 16:52:13 - [TEST_STEP][PASSED] - setText(findTestObject("Main Login Page/input_password"), Password_Admin, CONTINUE_ON_FAILURE): Text 'ere123' is set on object 'Object Repository/Main Login Page/input_password'&#xD;
&#xD;
2019-07-29 16:52:13 - [MESSAGE][PASSED] - Text 'ere123' is set on object 'Object Repository/Main Login Page/input_password'&#xD;
&#xD;
2019-07-29 16:52:13 - [TEST_STEP][PASSED] - click(findTestObject("Main Login Page/button_Sign in"), CONTINUE_ON_FAILURE): Object: 'Object Repository/Main Login Page/button_Sign in' is clicked on&#xD;
&#xD;
2019-07-29 16:52:13 - [MESSAGE][PASSED] - Object: 'Object Repository/Main Login Page/button_Sign in' is clicked on&#xD;
&#xD;
2019-07-29 16:52:13 - [TEST_STEP][PASSED] - delay(1, CONTINUE_ON_FAILURE): Delayed 1 second(s)&#xD;
&#xD;
2019-07-29 16:52:14 - [MESSAGE][PASSED] - Delayed 1 second(s)&#xD;
&#xD;
2019-07-29 16:52:14 - [TEST_STEP][PASSED] - if (verifyElementVisible(findTestObject("Main Login Page/Multiple environments/Environment Selector"), OPTIONAL)): Delayed 2 second(s)&#xD;
&#xD;
2019-07-29 16:52:14 - [MESSAGE][PASSED] - Object 'Object Repository/Main Login Page/Multiple environments/Environment Selector' is visible&#xD;
&#xD;
2019-07-29 16:52:14 - [TEST_STEP][NOT_RUN] - delay(1, CONTINUE_ON_FAILURE): NOT_RUN: delay(1, CONTINUE_ON_FAILURE)&#xD;
&#xD;
2019-07-29 16:52:14 - [MESSAGE][NOT_RUN] - NOT_RUN: delay(1, CONTINUE_ON_FAILURE)&#xD;
&#xD;
2019-07-29 16:52:14 - [TEST_STEP][PASSED] - waitForElementClickable(findTestObject("Main Login Page/Multiple environments/button_Continue"), 0, CONTINUE_ON_FAILURE): Object 'Object Repository/Main Login Page/Multiple environments/button_Continue' is clickable&#xD;
&#xD;
2019-07-29 16:52:14 - [MESSAGE][WARNING] - Timeout '0' is invalid. Using default page load timeout: '5'&#xD;
&#xD;
2019-07-29 16:52:14 - [MESSAGE][PASSED] - Object 'Object Repository/Main Login Page/Multiple environments/button_Continue' is clickable&#xD;
&#xD;
2019-07-29 16:52:14 - [TEST_STEP][PASSED] - click(findTestObject("Main Login Page/Multiple environments/Environment Selector"), CONTINUE_ON_FAILURE): Object: 'Object Repository/Main Login Page/Multiple environments/Environment Selector' is clicked on&#xD;
&#xD;
2019-07-29 16:52:14 - [MESSAGE][PASSED] - Object: 'Object Repository/Main Login Page/Multiple environments/Environment Selector' is clicked on&#xD;
&#xD;
2019-07-29 16:52:14 - [TEST_STEP][PASSED] - waitForElementVisible(findTestObject("Main Login Page/Multiple environments/button_Continue"), 1, CONTINUE_ON_FAILURE): Object 'Object Repository/Main Login Page/Multiple environments/button_Continue' is visible&#xD;
&#xD;
2019-07-29 16:52:14 - [MESSAGE][PASSED] - Object 'Object Repository/Main Login Page/Multiple environments/button_Continue' is visible&#xD;
&#xD;
2019-07-29 16:52:14 - [TEST_STEP][PASSED] - click(findTestObject("Main Login Page/Multiple environments/button_Continue"), CONTINUE_ON_FAILURE): Object: 'Object Repository/Main Login Page/Multiple environments/button_Continue' is clicked on&#xD;
&#xD;
2019-07-29 16:52:14 - [MESSAGE][PASSED] - Object: 'Object Repository/Main Login Page/Multiple environments/button_Continue' is clicked on&#xD;
&#xD;
2019-07-29 16:52:14 - [TEST_STEP][PASSED] - delay(2, CONTINUE_ON_FAILURE): Delayed 2 second(s)&#xD;
&#xD;
2019-07-29 16:52:16 - [MESSAGE][PASSED] - Delayed 2 second(s)&#xD;
&#xD;
2019-07-29 16:52:16 - [MESSAGE][PASSED] - Call Test Case 'Test Cases/Main Login Page/login_simple' successfully&#xD;
&#xD;
2019-07-29 16:52:16 - [TEST_STEP][NOT_RUN] - navigateToUrl(url_enterprise, STOP_ON_FAILURE): NOT_RUN: navigateToUrl(url_enterprise, STOP_ON_FAILURE)&#xD;
&#xD;
2019-07-29 16:52:16 - [MESSAGE][NOT_RUN] - NOT_RUN: navigateToUrl(url_enterprise, STOP_ON_FAILURE)&#xD;
&#xD;
2019-07-29 16:52:16 - [TEST_STEP][PASSED] - click(findTestObject("Projects_Communications/Page_Welcome - EOS/a_Projects")): Object: 'Object Repository/Projects_Communications/Page_Welcome - EOS/a_Projects' is clicked on&#xD;
&#xD;
2019-07-29 16:52:16 - [MESSAGE][PASSED] - Object: 'Object Repository/Projects_Communications/Page_Welcome - EOS/a_Projects' is clicked on&#xD;
&#xD;
2019-07-29 16:52:16 - [TEST_STEP][PASSED] - click(findTestObject("Projects_Communications/Page_Projects - Projects - EOS/Publish_OtherEnv/Page_Projects - Projects - EOS/ContextualMenu_1_TestBatch"), STOP_ON_FAILURE): Object: 'Object Repository/Projects_Communications/Page_Projects - Projects - EOS/Publish_OtherEnv/Page_Projects - Projects - EOS/ContextualMenu_1_TestBatch' is clicked on&#xD;
&#xD;
2019-07-29 16:52:17 - [MESSAGE][PASSED] - Object: 'Object Repository/Projects_Communications/Page_Projects - Projects - EOS/Publish_OtherEnv/Page_Projects - Projects - EOS/ContextualMenu_1_TestBatch' is clicked on&#xD;
&#xD;
2019-07-29 16:52:17 - [TEST_STEP][PASSED] - click(findTestObject("Projects_Communications/Page_Projects - Projects - EOS/Publish_OtherEnv/Page_Projects - Projects - EOS/a_Versions"), STOP_ON_FAILURE): Object: 'Object Repository/Projects_Communications/Page_Projects - Projects - EOS/Publish_OtherEnv/Page_Projects - Projects - EOS/a_Versions' is clicked on&#xD;
&#xD;
2019-07-29 16:52:17 - [MESSAGE][PASSED] - Object: 'Object Repository/Projects_Communications/Page_Projects - Projects - EOS/Publish_OtherEnv/Page_Projects - Projects - EOS/a_Versions' is clicked on&#xD;
&#xD;
2019-07-29 16:52:17 - [TEST_STEP][PASSED] - click(findTestObject("Projects_Communications/Page_Projects - Projects - EOS/Publish_OtherEnv/Page_Projects - Projects - EOS/button_New Version"), STOP_ON_FAILURE): Object: 'Object Repository/Projects_Communications/Page_Projects - Projects - EOS/Publish_OtherEnv/Page_Projects - Projects - EOS/button_New Version' is clicked on&#xD;
&#xD;
2019-07-29 16:52:18 - [MESSAGE][PASSED] - Object: 'Object Repository/Projects_Communications/Page_Projects - Projects - EOS/Publish_OtherEnv/Page_Projects - Projects - EOS/button_New Version' is clicked on&#xD;
&#xD;
2019-07-29 16:52:18 - [TEST_STEP][PASSED] - setText(findTestObject("Projects_Communications/Page_Projects - Projects - EOS/Publish_OtherEnv/Page_Projects - Projects - EOS/input_Name_snapshotName"), "1_TestBatch1"): Text '1_TestBatch1' is set on object 'Object Repository/Projects_Communications/Page_Projects - Projects - EOS/Publish_OtherEnv/Page_Projects - Projects - EOS/input_Name_snapshotName'&#xD;
&#xD;
2019-07-29 16:52:19 - [MESSAGE][PASSED] - Text '1_TestBatch1' is set on object 'Object Repository/Projects_Communications/Page_Projects - Projects - EOS/Publish_OtherEnv/Page_Projects - Projects - EOS/input_Name_snapshotName'&#xD;
&#xD;
2019-07-29 16:52:19 - [TEST_STEP][PASSED] - setText(findTestObject("Projects_Communications/Page_Projects - Projects - EOS/Publish_OtherEnv/Page_Projects - Projects - EOS/textarea_Comment_snapshotComme"), "asdsd123sasead!@#@!%!@#^&amp;#*)_{}|":&lt;&gt;?/.,'\';]\]"): Text 'asdsd123sasead!@#@!%!@#^&amp;#*)_{}|":&lt;&gt;?/.,'\';]\]' is set on object 'Object Repository/Projects_Communications/Page_Projects - Projects - EOS/Publish_OtherEnv/Page_Projects - Projects - EOS/textarea_Comment_snapshotComme'&#xD;
&#xD;
2019-07-29 16:52:19 - [MESSAGE][PASSED] - Text 'asdsd123sasead!@#@!%!@#^&amp;#*)_{}|":&lt;&gt;?/.,'\';]\]' is set on object 'Object Repository/Projects_Communications/Page_Projects - Projects - EOS/Publish_OtherEnv/Page_Projects - Projects - EOS/textarea_Comment_snapshotComme'&#xD;
&#xD;
2019-07-29 16:52:19 - [TEST_STEP][PASSED] - click(findTestObject("Projects_Communications/Page_Projects - Projects - EOS/Publish_OtherEnv/Page_Projects - Projects - EOS/button_Ok_NewVersion"), STOP_ON_FAILURE): Object: 'Object Repository/Projects_Communications/Page_Projects - Projects - EOS/Publish_OtherEnv/Page_Projects - Projects - EOS/button_Ok_NewVersion' is clicked on&#xD;
&#xD;
2019-07-29 16:52:19 - [MESSAGE][PASSED] - Object: 'Object Repository/Projects_Communications/Page_Projects - Projects - EOS/Publish_OtherEnv/Page_Projects - Projects - EOS/button_Ok_NewVersion' is clicked on&#xD;
&#xD;
2019-07-29 16:52:19 - [TEST_STEP][PASSED] - delay(1): Delayed 1 second(s)&#xD;
&#xD;
2019-07-29 16:52:20 - [MESSAGE][PASSED] - Delayed 1 second(s)&#xD;
&#xD;
2019-07-29 16:52:20 - [TEST_STEP][PASSED] - click(findTestObject("Projects_Communications/Page_Projects - Projects - EOS/Publish_OtherEnv/Page_Projects - Projects - EOS/contextualMenu_Snapshot"), STOP_ON_FAILURE): Object: 'Object Repository/Projects_Communications/Page_Projects - Projects - EOS/Publish_OtherEnv/Page_Projects - Projects - EOS/contextualMenu_Snapshot' is clicked on&#xD;
&#xD;
2019-07-29 16:52:20 - [MESSAGE][PASSED] - Object: 'Object Repository/Projects_Communications/Page_Projects - Projects - EOS/Publish_OtherEnv/Page_Projects - Projects - EOS/contextualMenu_Snapshot' is clicked on&#xD;
&#xD;
2019-07-29 16:52:20 - [TEST_STEP][PASSED] - delay(1): Delayed 1 second(s)&#xD;
&#xD;
2019-07-29 16:52:21 - [MESSAGE][PASSED] - Delayed 1 second(s)&#xD;
&#xD;
2019-07-29 16:52:21 - [TEST_STEP][PASSED] - click(findTestObject("Projects_Communications/Page_Projects - Projects - EOS/Publish_OtherEnv/Page_Projects - Projects - EOS/a_Publish"), STOP_ON_FAILURE): Object: 'Object Repository/Projects_Communications/Page_Projects - Projects - EOS/Publish_OtherEnv/Page_Projects - Projects - EOS/a_Publish' is clicked on&#xD;
&#xD;
2019-07-29 16:52:21 - [MESSAGE][PASSED] - Object: 'Object Repository/Projects_Communications/Page_Projects - Projects - EOS/Publish_OtherEnv/Page_Projects - Projects - EOS/a_Publish' is clicked on&#xD;
&#xD;
2019-07-29 16:52:21 - [TEST_STEP][PASSED] - setText(findTestObject("Projects_Communications/Page_Projects - Projects - EOS/Publish_OtherEnv/Page_Projects - Projects - EOS/input_Environment_environment"), "3_Custom_Env"): Text '3_Custom_Env' is set on object 'Object Repository/Projects_Communications/Page_Projects - Projects - EOS/Publish_OtherEnv/Page_Projects - Projects - EOS/input_Environment_environment'&#xD;
&#xD;
2019-07-29 16:52:22 - [MESSAGE][PASSED] - Text '3_Custom_Env' is set on object 'Object Repository/Projects_Communications/Page_Projects - Projects - EOS/Publish_OtherEnv/Page_Projects - Projects - EOS/input_Environment_environment'&#xD;
&#xD;
2019-07-29 16:52:22 - [TEST_STEP][PASSED] - setText(findTestObject("Projects_Communications/Page_Projects - Projects - EOS/Publish_OtherEnv/Page_Projects - Projects - EOS/input_Password_password_login"), Password_Admin): Text 'ere123' is set on object 'Object Repository/Projects_Communications/Page_Projects - Projects - EOS/Publish_OtherEnv/Page_Projects - Projects - EOS/input_Password_password_login'&#xD;
&#xD;
2019-07-29 16:52:22 - [MESSAGE][PASSED] - Text 'ere123' is set on object 'Object Repository/Projects_Communications/Page_Projects - Projects - EOS/Publish_OtherEnv/Page_Projects - Projects - EOS/input_Password_password_login'&#xD;
&#xD;
2019-07-29 16:52:22 - [TEST_STEP][PASSED] - click(findTestObject("Projects_Communications/Page_Projects - Projects - EOS/Publish_OtherEnv/Page_Projects - Projects - EOS/button_Next_LogInCredentials"), STOP_ON_FAILURE): Object: 'Object Repository/Projects_Communications/Page_Projects - Projects - EOS/Publish_OtherEnv/Page_Projects - Projects - EOS/button_Next_LogInCredentials' is clicked on&#xD;
&#xD;
2019-07-29 16:52:22 - [MESSAGE][PASSED] - Object: 'Object Repository/Projects_Communications/Page_Projects - Projects - EOS/Publish_OtherEnv/Page_Projects - Projects - EOS/button_Next_LogInCredentials' is clicked on&#xD;
&#xD;
2019-07-29 16:52:22 - [TEST_STEP][PASSED] - click(findTestObject("Projects_Communications/Page_Projects - Projects - EOS/Publish_OtherEnv/Page_Projects - Projects - EOS/button_Publish"), STOP_ON_FAILURE): Object: 'Object Repository/Projects_Communications/Page_Projects - Projects - EOS/Publish_OtherEnv/Page_Projects - Projects - EOS/button_Publish' is clicked on&#xD;
&#xD;
2019-07-29 16:52:23 - [MESSAGE][PASSED] - Object: 'Object Repository/Projects_Communications/Page_Projects - Projects - EOS/Publish_OtherEnv/Page_Projects - Projects - EOS/button_Publish' is clicked on&#xD;
&#xD;
2019-07-29 16:52:23 - [TEST_STEP][PASSED] - waitForElementVisible(findTestObject("Projects_Communications/Page_Projects - Projects - EOS/Publish_OtherEnv/Page_Projects - Projects - EOS/h4_Snapshot has been published"), 10): Object 'Object Repository/Projects_Communications/Page_Projects - Projects - EOS/Publish_OtherEnv/Page_Projects - Projects - EOS/h4_Snapshot has been published' is visible&#xD;
&#xD;
2019-07-29 16:52:24 - [MESSAGE][PASSED] - Object 'Object Repository/Projects_Communications/Page_Projects - Projects - EOS/Publish_OtherEnv/Page_Projects - Projects - EOS/h4_Snapshot has been published' is visible&#xD;
&#xD;
2019-07-29 16:52:24 - [TEST_STEP][PASSED] - verifyElementVisible(findTestObject("Projects_Communications/Page_Projects - Projects - EOS/Publish_OtherEnv/Page_Projects - Projects - EOS/h4_Snapshot has been published"), STOP_ON_FAILURE): Object 'Object Repository/Projects_Communications/Page_Projects - Projects - EOS/Publish_OtherEnv/Page_Projects - Projects - EOS/h4_Snapshot has been published' is visible&#xD;
&#xD;
2019-07-29 16:52:24 - [MESSAGE][PASSED] - Object 'Object Repository/Projects_Communications/Page_Projects - Projects - EOS/Publish_OtherEnv/Page_Projects - Projects - EOS/h4_Snapshot has been published' is visible&#xD;
&#xD;
2019-07-29 16:52:24 - [TEST_STEP][PASSED] - verifyElementText(findTestObject("Projects_Communications/Page_Projects - Projects - EOS/Publish_OtherEnv/Page_Projects - Projects - EOS/h4_Snapshot has been published"), "Snapshot has been published"): Actual text and expected text of test object 'Object Repository/Projects_Communications/Page_Projects - Projects - EOS/Publish_OtherEnv/Page_Projects - Projects - EOS/h4_Snapshot has been published' are matched.&#xD;
&#xD;
2019-07-29 16:52:24 - [MESSAGE][PASSED] - Actual text and expected text of test object 'Object Repository/Projects_Communications/Page_Projects - Projects - EOS/Publish_OtherEnv/Page_Projects - Projects - EOS/h4_Snapshot has been published' are matched.&#xD;
&#xD;
2019-07-29 16:52:24 - [TEST_STEP][PASSED] - click(findTestObject("Projects_Communications/Page_Projects - Projects - EOS/Publish_OtherEnv/Page_Projects - Projects - EOS/button_Close_snapshotPublished"), STOP_ON_FAILURE): Object: 'Object Repository/Projects_Communications/Page_Projects - Projects - EOS/Publish_OtherEnv/Page_Projects - Projects - EOS/button_Close_snapshotPublished' is clicked on&#xD;
&#xD;
2019-07-29 16:52:24 - [MESSAGE][PASSED] - Object: 'Object Repository/Projects_Communications/Page_Projects - Projects - EOS/Publish_OtherEnv/Page_Projects - Projects - EOS/button_Close_snapshotPublished' is clicked on&#xD;
&#xD;
2019-07-29 16:52:24 - [TEST_STEP][PASSED] - delay(1, STOP_ON_FAILURE): Delayed 1 second(s)&#xD;
&#xD;
2019-07-29 16:52:25 - [MESSAGE][PASSED] - Delayed 1 second(s)&#xD;
&#xD;
2019-07-29 16:52:25 - [TEST_STEP][PASSED] - waitForElementClickable(findTestObject("Projects_Communications/Page_Projects - Projects - EOS/Publish_OtherEnv/Page_Projects - Projects - EOS/button_CloseVersionm"), 5): Object 'Object Repository/Projects_Communications/Page_Projects - Projects - EOS/Publish_OtherEnv/Page_Projects - Projects - EOS/button_CloseVersionm' is clickable&#xD;
&#xD;
2019-07-29 16:52:25 - [MESSAGE][PASSED] - Object 'Object Repository/Projects_Communications/Page_Projects - Projects - EOS/Publish_OtherEnv/Page_Projects - Projects - EOS/button_CloseVersionm' is clickable&#xD;
&#xD;
2019-07-29 16:52:25 - [TEST_STEP][PASSED] - click(findTestObject("Projects_Communications/Page_Projects - Projects - EOS/Publish_OtherEnv/Page_Projects - Projects - EOS/button_CloseVersionm"), STOP_ON_FAILURE): Object: 'Object Repository/Projects_Communications/Page_Projects - Projects - EOS/Publish_OtherEnv/Page_Projects - Projects - EOS/button_CloseVersionm' is clicked on&#xD;
&#xD;
2019-07-29 16:52:25 - [MESSAGE][PASSED] - Object: 'Object Repository/Projects_Communications/Page_Projects - Projects - EOS/Publish_OtherEnv/Page_Projects - Projects - EOS/button_CloseVersionm' is clicked on&#xD;
&#xD;
2019-07-29 16:52:25 - [TEST_STEP][PASSED] - delay(2, STOP_ON_FAILURE): Delayed 2 second(s)&#xD;
&#xD;
2019-07-29 16:52:27 - [MESSAGE][PASSED] - Delayed 2 second(s)&#xD;
&#xD;
2019-07-29 16:52:27 - [TEST_STEP][PASSED] - click(findTestObject("Main Login Page/Select_MultipleEnvironments/Page_Welcome - EOS/droptdown_Environments_MainPage"), STOP_ON_FAILURE): Object: 'Object Repository/Main Login Page/Select_MultipleEnvironments/Page_Welcome - EOS/droptdown_Environments_MainPage' is clicked on&#xD;
&#xD;
2019-07-29 16:52:27 - [MESSAGE][PASSED] - Object: 'Object Repository/Main Login Page/Select_MultipleEnvironments/Page_Welcome - EOS/droptdown_Environments_MainPage' is clicked on&#xD;
&#xD;
2019-07-29 16:52:27 - [TEST_STEP][PASSED] - click(findTestObject("Main Login Page/Select_MultipleEnvironments/Page_Welcome - EOS/select_environment_QaTest_Engage"), STOP_ON_FAILURE): Object: 'Object Repository/Main Login Page/Select_MultipleEnvironments/Page_Welcome - EOS/select_environment_QaTest_Engage' is clicked on&#xD;
&#xD;
2019-07-29 16:52:27 - [MESSAGE][PASSED] - Object: 'Object Repository/Main Login Page/Select_MultipleEnvironments/Page_Welcome - EOS/select_environment_QaTest_Engage' is clicked on&#xD;
&#xD;
2019-07-29 16:52:27 - [TEST_STEP][PASSED] - waitForPageLoad(5, STOP_ON_FAILURE): Wait for page load successfully&#xD;
&#xD;
2019-07-29 16:52:27 - [MESSAGE][PASSED] - Wait for page load successfully&#xD;
&#xD;
2019-07-29 16:52:27 - [TEST_STEP][PASSED] - click(findTestObject("Projects_Communications/Page_Welcome - EOS/a_Communications")): Object: 'Object Repository/Projects_Communications/Page_Welcome - EOS/a_Communications' is clicked on&#xD;
&#xD;
2019-07-29 16:52:28 - [MESSAGE][PASSED] - Object: 'Object Repository/Projects_Communications/Page_Welcome - EOS/a_Communications' is clicked on&#xD;
&#xD;
2019-07-29 16:52:28 - [TEST_STEP][PASSED] - delay(2): Delayed 2 second(s)&#xD;
&#xD;
2019-07-29 16:52:30 - [MESSAGE][PASSED] - Delayed 2 second(s)&#xD;
&#xD;
2019-07-29 16:52:30 - [TEST_STEP][PASSED] - communications.Run_Communication.create_Communication("Batch"): communications.Run_Communication.create_Communication is PASSED&#xD;
&#xD;
2019-07-29 16:52:30 - [MESSAGE][PASSED] - Object 'Object Repository/Projects_Communications/Page_Communications - Communication/button_New Communication' is visible&#xD;
&#xD;
2019-07-29 16:52:30 - [MESSAGE][PASSED] - Object: 'Object Repository/Projects_Communications/Page_Communications - Communication/button_New Communication' is clicked on&#xD;
&#xD;
2019-07-29 16:52:30 - [MESSAGE][PASSED] - Switched to window with index: '1'&#xD;
&#xD;
2019-07-29 16:52:32 - [MESSAGE][PASSED] - Delayed 2 second(s)&#xD;
&#xD;
2019-07-29 16:52:33 - [MESSAGE][PASSED] - Object: 'Object Repository/Projects_Communications/Page_Communications - Communication/select_testcommuncation1_Batch' is clicked on&#xD;
&#xD;
2019-07-29 16:52:34 - [MESSAGE][PASSED] - Object 'Object Repository/Projects_Communications/Page_Communications - Communication/button_Run' is clickable&#xD;
&#xD;
2019-07-29 16:52:35 - [MESSAGE][PASSED] - Delayed 1 second(s)&#xD;
&#xD;
2019-07-29 16:52:35 - [MESSAGE][PASSED] - Object: 'Object Repository/Projects_Communications/Page_Communications - Communication/button_Run' is clicked on&#xD;
&#xD;
2019-07-29 16:52:35 - [MESSAGE][PASSED] - Object 'Object Repository/Projects_Communications/Page_Communications - Communication/OK_Confirmation_Batch' is clickable&#xD;
&#xD;
2019-07-29 16:52:35 - [MESSAGE][PASSED] - Object: 'Object Repository/Projects_Communications/Page_Communications - Communication/OK_Confirmation_Batch' is clicked on&#xD;
&#xD;
2019-07-29 16:52:35 - [MESSAGE][PASSED] - Switched to window with index: '1'&#xD;
&#xD;
2019-07-29 16:52:36 - [MESSAGE][PASSED] - Object 'Object Repository/Projects_Communications/Page_Communications - Results/communication_Finished' is visible&#xD;
&#xD;
2019-07-29 16:52:36 - [MESSAGE][WARNING] - Actual text ' 0%' and expected text ' Finished' of test object 'Object Repository/Projects_Communications/Page_Communications - Results/communication_Finished' are NOT matched. (Root cause: com.kms.katalon.core.exception.StepFailedException: Actual text ' 0%' and expected text ' Finished' of test object 'Object Repository/Projects_Communications/Page_Communications - Results/communication_Finished' are NOT matched.&#xD;
	at com.kms.katalon.core.webui.keyword.internal.WebUIKeywordMain.stepFailed(WebUIKeywordMain.groovy:64)&#xD;
	at com.kms.katalon.core.webui.keyword.builtin.VerifyElementTextKeyword$_verifyElementText_closure1.doCall(VerifyElementTextKeyword.groovy:57)&#xD;
	at com.kms.katalon.core.webui.keyword.builtin.VerifyElementTextKeyword$_verifyElementText_closure1.call(VerifyElementTextKeyword.groovy)&#xD;
	at com.kms.katalon.core.webui.keyword.internal.WebUIKeywordMain.runKeyword(WebUIKeywordMain.groovy:20)&#xD;
	at com.kms.katalon.core.webui.keyword.builtin.VerifyElementTextKeyword.verifyElementText(VerifyElementTextKeyword.groovy:72)&#xD;
	at com.kms.katalon.core.webui.keyword.builtin.VerifyElementTextKeyword.execute(VerifyElementTextKeyword.groovy:40)&#xD;
	at com.kms.katalon.core.keyword.internal.KeywordExecutor.executeKeywordForPlatform(KeywordExecutor.groovy:56)&#xD;
	at com.kms.katalon.core.webui.keyword.WebUiBuiltInKeywords.verifyElementText(WebUiBuiltInKeywords.groovy:3647)&#xD;
	at com.kms.katalon.core.webui.keyword.WebUiBuiltInKeywords$verifyElementText$6.call(Unknown Source)&#xD;
	at communications.Run_Communication.create_Communication(Run_Communication.groovy:124)&#xD;
	at communications.Run_Communication.invokeMethod(Run_Communication.groovy)&#xD;
	at com.kms.katalon.core.main.CustomKeywordDelegatingMetaClass.invokeStaticMethod(CustomKeywordDelegatingMetaClass.java:50)&#xD;
	at PublishProject_NewEnv.run(PublishProject_NewEnv:103)&#xD;
	at com.kms.katalon.core.main.ScriptEngine.run(ScriptEngine.java:194)&#xD;
	at com.kms.katalon.core.main.ScriptEngine.runScriptAsRawText(ScriptEngine.java:119)&#xD;
	at com.kms.katalon.core.main.TestCaseExecutor.runScript(TestCaseExecutor.java:337)&#xD;
	at com.kms.katalon.core.main.TestCaseExecutor.doExecute(TestCaseExecutor.java:328)&#xD;
	at com.kms.katalon.core.main.TestCaseExecutor.processExecutionPhase(TestCaseExecutor.java:307)&#xD;
	at com.kms.katalon.core.main.TestCaseExecutor.accessMainPhase(TestCaseExecutor.java:299)&#xD;
	at com.kms.katalon.core.main.TestCaseExecutor.execute(TestCaseExecutor.java:233)&#xD;
	at com.kms.katalon.core.main.TestCaseMain.runTestCase(TestCaseMain.java:114)&#xD;
	at com.kms.katalon.core.keyword.builtin.CallTestCaseKeyword$_callTestCase_closure1.doCall(CallTestCaseKeyword.groovy:59)&#xD;
	at com.kms.katalon.core.keyword.builtin.CallTestCaseKeyword$_callTestCase_closure1.call(CallTestCaseKeyword.groovy)&#xD;
	at com.kms.katalon.core.keyword.internal.KeywordMain.runKeyword(KeywordMain.groovy:68)&#xD;
	at com.kms.katalon.core.keyword.builtin.CallTestCaseKeyword.callTestCase(CallTestCaseKeyword.groovy:81)&#xD;
	at com.kms.katalon.core.keyword.builtin.CallTestCaseKeyword.execute(CallTestCaseKeyword.groovy:44)&#xD;
	at com.kms.katalon.core.keyword.internal.KeywordExecutor.executeKeywordForPlatform(KeywordExecutor.groovy:56)&#xD;
	at com.kms.katalon.core.keyword.BuiltinKeywords.callTestCase(BuiltinKeywords.groovy:334)&#xD;
	at Create_Run_Publisb_Projects and Communications.run(Create_Run_Publisb_Projects and Communications:24)&#xD;
	at com.kms.katalon.core.main.ScriptEngine.run(ScriptEngine.java:194)&#xD;
	at com.kms.katalon.core.main.ScriptEngine.runScriptAsRawText(ScriptEngine.java:119)&#xD;
	at com.kms.katalon.core.main.TestCaseExecutor.runScript(TestCaseExecutor.java:337)&#xD;
	at com.kms.katalon.core.main.TestCaseExecutor.doExecute(TestCaseExecutor.java:328)&#xD;
	at com.kms.katalon.core.main.TestCaseExecutor.processExecutionPhase(TestCaseExecutor.java:307)&#xD;
	at com.kms.katalon.core.main.TestCaseExecutor.accessMainPhase(TestCaseExecutor.java:299)&#xD;
	at com.kms.katalon.core.main.TestCaseExecutor.execute(TestCaseExecutor.java:233)&#xD;
	at com.kms.katalon.core.main.TestSuiteExecutor.accessTestCaseMainPhase(TestSuiteExecutor.java:133)&#xD;
	at com.kms.katalon.core.main.TestSuiteExecutor.accessTestSuiteMainPhase(TestSuiteExecutor.java:116)&#xD;
	at com.kms.katalon.core.main.TestSuiteExecutor.execute(TestSuiteExecutor.java:83)&#xD;
	at com.kms.katalon.core.main.TestCaseMain.startTestSuite(TestCaseMain.java:157)&#xD;
	at com.kms.katalon.core.main.TestCaseMain$startTestSuite$0.call(Unknown Source)&#xD;
	at TempTestSuite1564408079064.run(TempTestSuite1564408079064.groovy:35)&#xD;
)&#xD;
[[ATTACHMENT|C:\\Katalon Projects\\Nido_Patch3\\Reports\\Sanity1\\20190729_164759\\1564408356375.png]]&#xD;
&#xD;
2019-07-29 16:52:42 - [MESSAGE][PASSED] - Delayed 6 second(s)&#xD;
&#xD;
2019-07-29 16:52:42 - [MESSAGE][PASSED] - Actual text and expected text of test object 'Object Repository/Projects_Communications/Page_Communications - Results/communication_Finished' are matched.&#xD;
&#xD;
2019-07-29 16:52:42 - [MESSAGE][PASSED] - Window with index 1 is closed&#xD;
&#xD;
2019-07-29 16:52:42 - [MESSAGE][PASSED] - Switched to window with index: '0'&#xD;
&#xD;
2019-07-29 16:52:42 - [MESSAGE][PASSED] - communications.Run_Communication.create_Communication is PASSED&#xD;
&#xD;
2019-07-29 16:52:42 - [TEST_STEP][PASSED] - closeBrowser(): Browser is closed&#xD;
&#xD;
2019-07-29 16:52:43 - [MESSAGE][PASSED] - Browser is closed&#xD;
&#xD;
2019-07-29 16:52:43 - [MESSAGE][PASSED] - Call Test Case 'Test Cases/Communications_Projects/PublishProject_NewEnv' successfully</system-out>
            <system-err></system-err>
        </testcase>
        <testcase name="Test Cases/Sysadmin Portal/ConfigureSearch_QaTest2" classname="Test Cases/Sysadmin Portal/ConfigureSearch_QaTest2" status="PASSED">
            <system-out>2019-07-29 16:52:43 - [TEST_CASE][PASSED] - Test Cases/Sysadmin Portal/ConfigureSearch_QaTest2: Test Cases/Sysadmin Portal/ConfigureSearch_QaTest2&#xD;
&#xD;
2019-07-29 16:52:43 - [TEST_STEP][PASSED] - callTestCase(findTestCase("Sysadmin Login Page/login_Simple"), [:], STOP_ON_FAILURE): Call Test Case 'Test Cases/Sysadmin Login Page/login_Simple' successfully&#xD;
&#xD;
2019-07-29 16:52:43 - [TEST_CASE][PASSED] - Test Cases/Sysadmin Login Page/login_Simple: Test Cases/Sysadmin Login Page/login_Simple&#xD;
&#xD;
2019-07-29 16:52:43 - [TEST_STEP][PASSED] - openBrowser(url_sysadmin, CONTINUE_ON_FAILURE): Browser is opened with url: 'http://192.168.1.55:8095/'&#xD;
&#xD;
2019-07-29 16:52:43 - [MESSAGE][INFO] - Starting 'Chrome' driver&#xD;
&#xD;
2019-07-29 16:52:45 - [MESSAGE][PASSED] - Browser is opened with url: 'http://192.168.1.55:8095/'&#xD;
&#xD;
2019-07-29 16:52:45 - [TEST_STEP][PASSED] - maximizeWindow(CONTINUE_ON_FAILURE): Current window maximized&#xD;
&#xD;
2019-07-29 16:52:47 - [MESSAGE][PASSED] - Current window maximized&#xD;
&#xD;
2019-07-29 16:52:47 - [TEST_STEP][PASSED] - setText(findTestObject("Sysadmin Login Page/input_userName"), "sysadmin", CONTINUE_ON_FAILURE): Text 'sysadmin' is set on object 'Object Repository/Sysadmin Login Page/input_userName'&#xD;
&#xD;
2019-07-29 16:52:47 - [MESSAGE][PASSED] - Text 'sysadmin' is set on object 'Object Repository/Sysadmin Login Page/input_userName'&#xD;
&#xD;
2019-07-29 16:52:47 - [TEST_STEP][PASSED] - setText(findTestObject("Sysadmin Login Page/input_password"), "sysadmin", CONTINUE_ON_FAILURE): Text 'sysadmin' is set on object 'Object Repository/Sysadmin Login Page/input_password'&#xD;
&#xD;
2019-07-29 16:52:47 - [MESSAGE][PASSED] - Text 'sysadmin' is set on object 'Object Repository/Sysadmin Login Page/input_password'&#xD;
&#xD;
2019-07-29 16:52:47 - [TEST_STEP][PASSED] - click(findTestObject("Sysadmin Login Page/button_Sign in"), CONTINUE_ON_FAILURE): Object: 'Object Repository/Sysadmin Login Page/button_Sign in' is clicked on&#xD;
&#xD;
2019-07-29 16:52:47 - [MESSAGE][PASSED] - Object: 'Object Repository/Sysadmin Login Page/button_Sign in' is clicked on&#xD;
&#xD;
2019-07-29 16:52:47 - [TEST_STEP][PASSED] - if (verifyElementVisible(findTestObject("Sysadmin Login Page/Change_Password_Window/Textbox_Confirm_Password"), OPTIONAL)): Web element with id: 'Object Repository/Sysadmin Login Page/Change_Password_Window/Textbox_Confirm_Password' located by 'By.cssSelector: [id="confirmPasswordTxt"]' not found (Root cause: com.kms.katalon.core.exception.StepFailedException: Web element with id: 'Object Repository/Sysadmin Login Page/Change_Password_Window/Textbox_Confirm_Password' located by 'By.cssSelector: [id="confirmPasswordTxt"]' not found&#xD;
	at com.kms.katalon.core.webui.keyword.internal.WebUIKeywordMain.stepFailed(WebUIKeywordMain.groovy:64)&#xD;
	at com.kms.katalon.core.webui.keyword.builtin.VerifyElementVisibleKeyword$_verifyElementVisible_closure1.doCall(VerifyElementVisibleKeyword.groovy:89)&#xD;
	at com.kms.katalon.core.webui.keyword.builtin.VerifyElementVisibleKeyword$_verifyElementVisible_closure1.call(VerifyElementVisibleKeyword.groovy)&#xD;
	at com.kms.katalon.core.webui.keyword.internal.WebUIKeywordMain.runKeyword(WebUIKeywordMain.groovy:20)&#xD;
	at com.kms.katalon.core.webui.keyword.builtin.VerifyElementVisibleKeyword.verifyElementVisible(VerifyElementVisibleKeyword.groovy:97)&#xD;
	at com.kms.katalon.core.webui.keyword.builtin.VerifyElementVisibleKeyword.execute(VerifyElementVisibleKeyword.groovy:67)&#xD;
	at com.kms.katalon.core.keyword.internal.KeywordExecutor.executeKeywordForPlatform(KeywordExecutor.groovy:56)&#xD;
	at com.kms.katalon.core.webui.keyword.WebUiBuiltInKeywords.verifyElementVisible(WebUiBuiltInKeywords.groovy:358)&#xD;
	at com.kms.katalon.core.webui.keyword.WebUiBuiltInKeywords$verifyElementVisible$3.call(Unknown Source)&#xD;
	at login_Simple.run(login_Simple:32)&#xD;
	at com.kms.katalon.core.main.ScriptEngine.run(ScriptEngine.java:194)&#xD;
	at com.kms.katalon.core.main.ScriptEngine.runScriptAsRawText(ScriptEngine.java:119)&#xD;
	at com.kms.katalon.core.main.TestCaseExecutor.runScript(TestCaseExecutor.java:337)&#xD;
	at com.kms.katalon.core.main.TestCaseExecutor.doExecute(TestCaseExecutor.java:328)&#xD;
	at com.kms.katalon.core.main.TestCaseExecutor.processExecutionPhase(TestCaseExecutor.java:307)&#xD;
	at com.kms.katalon.core.main.TestCaseExecutor.accessMainPhase(TestCaseExecutor.java:299)&#xD;
	at com.kms.katalon.core.main.TestCaseExecutor.execute(TestCaseExecutor.java:233)&#xD;
	at com.kms.katalon.core.main.TestCaseMain.runTestCase(TestCaseMain.java:114)&#xD;
	at com.kms.katalon.core.keyword.builtin.CallTestCaseKeyword$_callTestCase_closure1.doCall(CallTestCaseKeyword.groovy:59)&#xD;
	at com.kms.katalon.core.keyword.builtin.CallTestCaseKeyword$_callTestCase_closure1.call(CallTestCaseKeyword.groovy)&#xD;
	at com.kms.katalon.core.keyword.internal.KeywordMain.runKeyword(KeywordMain.groovy:68)&#xD;
	at com.kms.katalon.core.keyword.builtin.CallTestCaseKeyword.callTestCase(CallTestCaseKeyword.groovy:81)&#xD;
	at com.kms.katalon.core.keyword.builtin.CallTestCaseKeyword.execute(CallTestCaseKeyword.groovy:44)&#xD;
	at com.kms.katalon.core.keyword.internal.KeywordExecutor.executeKeywordForPlatform(KeywordExecutor.groovy:56)&#xD;
	at com.kms.katalon.core.keyword.BuiltinKeywords.callTestCase(BuiltinKeywords.groovy:334)&#xD;
	at ConfigureSearch_QaTest2.run(ConfigureSearch_QaTest2:23)&#xD;
	at com.kms.katalon.core.main.ScriptEngine.run(ScriptEngine.java:194)&#xD;
	at com.kms.katalon.core.main.ScriptEngine.runScriptAsRawText(ScriptEngine.java:119)&#xD;
	at com.kms.katalon.core.main.TestCaseExecutor.runScript(TestCaseExecutor.java:337)&#xD;
	at com.kms.katalon.core.main.TestCaseExecutor.doExecute(TestCaseExecutor.java:328)&#xD;
	at com.kms.katalon.core.main.TestCaseExecutor.processExecutionPhase(TestCaseExecutor.java:307)&#xD;
	at com.kms.katalon.core.main.TestCaseExecutor.accessMainPhase(TestCaseExecutor.java:299)&#xD;
	at com.kms.katalon.core.main.TestCaseExecutor.execute(TestCaseExecutor.java:233)&#xD;
	at com.kms.katalon.core.main.TestSuiteExecutor.accessTestCaseMainPhase(TestSuiteExecutor.java:133)&#xD;
	at com.kms.katalon.core.main.TestSuiteExecutor.accessTestSuiteMainPhase(TestSuiteExecutor.java:116)&#xD;
	at com.kms.katalon.core.main.TestSuiteExecutor.execute(TestSuiteExecutor.java:83)&#xD;
	at com.kms.katalon.core.main.TestCaseMain.startTestSuite(TestCaseMain.java:157)&#xD;
	at com.kms.katalon.core.main.TestCaseMain$startTestSuite$0.call(Unknown Source)&#xD;
	at TempTestSuite1564408079064.run(TempTestSuite1564408079064.groovy:35)&#xD;
)&#xD;
&#xD;
2019-07-29 16:52:52 - [MESSAGE][INFO] - Unable to find the element located by 'By.cssSelector: [id="confirmPasswordTxt"]'. Please recheck the objects properties to make sure the desired element is located. &#xD;
&#xD;
2019-07-29 16:52:52 - [MESSAGE][WARNING] - Web element with id: 'Object Repository/Sysadmin Login Page/Change_Password_Window/Textbox_Confirm_Password' located by 'By.cssSelector: [id="confirmPasswordTxt"]' not found (Root cause: com.kms.katalon.core.exception.StepFailedException: Web element with id: 'Object Repository/Sysadmin Login Page/Change_Password_Window/Textbox_Confirm_Password' located by 'By.cssSelector: [id="confirmPasswordTxt"]' not found&#xD;
	at com.kms.katalon.core.webui.keyword.internal.WebUIKeywordMain.stepFailed(WebUIKeywordMain.groovy:64)&#xD;
	at com.kms.katalon.core.webui.keyword.builtin.VerifyElementVisibleKeyword$_verifyElementVisible_closure1.doCall(VerifyElementVisibleKeyword.groovy:89)&#xD;
	at com.kms.katalon.core.webui.keyword.builtin.VerifyElementVisibleKeyword$_verifyElementVisible_closure1.call(VerifyElementVisibleKeyword.groovy)&#xD;
	at com.kms.katalon.core.webui.keyword.internal.WebUIKeywordMain.runKeyword(WebUIKeywordMain.groovy:20)&#xD;
	at com.kms.katalon.core.webui.keyword.builtin.VerifyElementVisibleKeyword.verifyElementVisible(VerifyElementVisibleKeyword.groovy:97)&#xD;
	at com.kms.katalon.core.webui.keyword.builtin.VerifyElementVisibleKeyword.execute(VerifyElementVisibleKeyword.groovy:67)&#xD;
	at com.kms.katalon.core.keyword.internal.KeywordExecutor.executeKeywordForPlatform(KeywordExecutor.groovy:56)&#xD;
	at com.kms.katalon.core.webui.keyword.WebUiBuiltInKeywords.verifyElementVisible(WebUiBuiltInKeywords.groovy:358)&#xD;
	at com.kms.katalon.core.webui.keyword.WebUiBuiltInKeywords$verifyElementVisible$3.call(Unknown Source)&#xD;
	at login_Simple.run(login_Simple:32)&#xD;
	at com.kms.katalon.core.main.ScriptEngine.run(ScriptEngine.java:194)&#xD;
	at com.kms.katalon.core.main.ScriptEngine.runScriptAsRawText(ScriptEngine.java:119)&#xD;
	at com.kms.katalon.core.main.TestCaseExecutor.runScript(TestCaseExecutor.java:337)&#xD;
	at com.kms.katalon.core.main.TestCaseExecutor.doExecute(TestCaseExecutor.java:328)&#xD;
	at com.kms.katalon.core.main.TestCaseExecutor.processExecutionPhase(TestCaseExecutor.java:307)&#xD;
	at com.kms.katalon.core.main.TestCaseExecutor.accessMainPhase(TestCaseExecutor.java:299)&#xD;
	at com.kms.katalon.core.main.TestCaseExecutor.execute(TestCaseExecutor.java:233)&#xD;
	at com.kms.katalon.core.main.TestCaseMain.runTestCase(TestCaseMain.java:114)&#xD;
	at com.kms.katalon.core.keyword.builtin.CallTestCaseKeyword$_callTestCase_closure1.doCall(CallTestCaseKeyword.groovy:59)&#xD;
	at com.kms.katalon.core.keyword.builtin.CallTestCaseKeyword$_callTestCase_closure1.call(CallTestCaseKeyword.groovy)&#xD;
	at com.kms.katalon.core.keyword.internal.KeywordMain.runKeyword(KeywordMain.groovy:68)&#xD;
	at com.kms.katalon.core.keyword.builtin.CallTestCaseKeyword.callTestCase(CallTestCaseKeyword.groovy:81)&#xD;
	at com.kms.katalon.core.keyword.builtin.CallTestCaseKeyword.execute(CallTestCaseKeyword.groovy:44)&#xD;
	at com.kms.katalon.core.keyword.internal.KeywordExecutor.executeKeywordForPlatform(KeywordExecutor.groovy:56)&#xD;
	at com.kms.katalon.core.keyword.BuiltinKeywords.callTestCase(BuiltinKeywords.groovy:334)&#xD;
	at ConfigureSearch_QaTest2.run(ConfigureSearch_QaTest2:23)&#xD;
	at com.kms.katalon.core.main.ScriptEngine.run(ScriptEngine.java:194)&#xD;
	at com.kms.katalon.core.main.ScriptEngine.runScriptAsRawText(ScriptEngine.java:119)&#xD;
	at com.kms.katalon.core.main.TestCaseExecutor.runScript(TestCaseExecutor.java:337)&#xD;
	at com.kms.katalon.core.main.TestCaseExecutor.doExecute(TestCaseExecutor.java:328)&#xD;
	at com.kms.katalon.core.main.TestCaseExecutor.processExecutionPhase(TestCaseExecutor.java:307)&#xD;
	at com.kms.katalon.core.main.TestCaseExecutor.accessMainPhase(TestCaseExecutor.java:299)&#xD;
	at com.kms.katalon.core.main.TestCaseExecutor.execute(TestCaseExecutor.java:233)&#xD;
	at com.kms.katalon.core.main.TestSuiteExecutor.accessTestCaseMainPhase(TestSuiteExecutor.java:133)&#xD;
	at com.kms.katalon.core.main.TestSuiteExecutor.accessTestSuiteMainPhase(TestSuiteExecutor.java:116)&#xD;
	at com.kms.katalon.core.main.TestSuiteExecutor.execute(TestSuiteExecutor.java:83)&#xD;
	at com.kms.katalon.core.main.TestCaseMain.startTestSuite(TestCaseMain.java:157)&#xD;
	at com.kms.katalon.core.main.TestCaseMain$startTestSuite$0.call(Unknown Source)&#xD;
	at TempTestSuite1564408079064.run(TempTestSuite1564408079064.groovy:35)&#xD;
)&#xD;
[[ATTACHMENT|C:\\Katalon Projects\\Nido_Patch3\\Reports\\Sanity1\\20190729_164759\\1564408372567.png]]&#xD;
&#xD;
2019-07-29 16:52:52 - [TEST_STEP][PASSED] - waitForElementVisible(findTestObject("Sysadmin Login Page/Environments card"), 5, CONTINUE_ON_FAILURE): Object 'Object Repository/Sysadmin Login Page/Environments card' is visible&#xD;
&#xD;
2019-07-29 16:52:52 - [MESSAGE][PASSED] - Object 'Object Repository/Sysadmin Login Page/Environments card' is visible&#xD;
&#xD;
2019-07-29 16:52:52 - [MESSAGE][PASSED] - Call Test Case 'Test Cases/Sysadmin Login Page/login_Simple' successfully&#xD;
&#xD;
2019-07-29 16:52:52 - [TEST_STEP][PASSED] - click(findTestObject("Sysadmin Portal/a_Environments"), CONTINUE_ON_FAILURE): Object: 'Object Repository/Sysadmin Portal/a_Environments' is clicked on&#xD;
&#xD;
2019-07-29 16:52:53 - [MESSAGE][PASSED] - Object: 'Object Repository/Sysadmin Portal/a_Environments' is clicked on&#xD;
&#xD;
2019-07-29 16:52:53 - [TEST_STEP][PASSED] - click(findTestObject("Sysadmin Portal/Environments Page/select_2_Experience_Env"), STOP_ON_FAILURE): Object: 'Object Repository/Sysadmin Portal/Environments Page/select_2_Experience_Env' is clicked on&#xD;
&#xD;
2019-07-29 16:52:53 - [MESSAGE][PASSED] - Object: 'Object Repository/Sysadmin Portal/Environments Page/select_2_Experience_Env' is clicked on&#xD;
&#xD;
2019-07-29 16:52:53 - [TEST_STEP][PASSED] - delay(1, STOP_ON_FAILURE): Delayed 1 second(s)&#xD;
&#xD;
2019-07-29 16:52:54 - [MESSAGE][PASSED] - Delayed 1 second(s)&#xD;
&#xD;
2019-07-29 16:52:54 - [TEST_STEP][PASSED] - click(findTestObject("Sysadmin Portal/Environments Page/Page_Environments - ConfigSearch/a_Search"), STOP_ON_FAILURE): Object: 'Object Repository/Sysadmin Portal/Environments Page/Page_Environments - ConfigSearch/a_Search' is clicked on&#xD;
&#xD;
2019-07-29 16:52:54 - [MESSAGE][PASSED] - Object: 'Object Repository/Sysadmin Portal/Environments Page/Page_Environments - ConfigSearch/a_Search' is clicked on&#xD;
&#xD;
2019-07-29 16:52:54 - [TEST_STEP][PASSED] - click(findTestObject("Sysadmin Portal/Environments Page/Page_Environments - ConfigSearch/button_Configure"), STOP_ON_FAILURE): Object: 'Object Repository/Sysadmin Portal/Environments Page/Page_Environments - ConfigSearch/button_Configure' is clicked on&#xD;
&#xD;
2019-07-29 16:52:54 - [MESSAGE][PASSED] - Object: 'Object Repository/Sysadmin Portal/Environments Page/Page_Environments - ConfigSearch/button_Configure' is clicked on&#xD;
&#xD;
2019-07-29 16:52:54 - [TEST_STEP][PASSED] - delay(2, STOP_ON_FAILURE): Delayed 2 second(s)&#xD;
&#xD;
2019-07-29 16:52:56 - [MESSAGE][PASSED] - Delayed 2 second(s)&#xD;
&#xD;
2019-07-29 16:52:56 - [TEST_STEP][PASSED] - check(findTestObject("Sysadmin Portal/Environments Page/Page_Environments - ConfigSearch/input_Crawl Document Content ("), STOP_ON_FAILURE): Object 'Object Repository/Sysadmin Portal/Environments Page/Page_Environments - ConfigSearch/input_Crawl Document Content (' is checked&#xD;
&#xD;
2019-07-29 16:52:56 - [MESSAGE][PASSED] - Object 'Object Repository/Sysadmin Portal/Environments Page/Page_Environments - ConfigSearch/input_Crawl Document Content (' is checked&#xD;
&#xD;
2019-07-29 16:52:56 - [TEST_STEP][PASSED] - check(findTestObject("Sysadmin Portal/Environments Page/Page_Environments - ConfigSearch/input_Crawl Job Output (slower"), STOP_ON_FAILURE): Object 'Object Repository/Sysadmin Portal/Environments Page/Page_Environments - ConfigSearch/input_Crawl Job Output (slower' is checked&#xD;
&#xD;
2019-07-29 16:52:57 - [MESSAGE][PASSED] - Object 'Object Repository/Sysadmin Portal/Environments Page/Page_Environments - ConfigSearch/input_Crawl Job Output (slower' is checked&#xD;
&#xD;
2019-07-29 16:52:57 - [TEST_STEP][PASSED] - check(findTestObject("Sysadmin Portal/Environments Page/Page_Environments - ConfigSearch/input_Enable Search for Portal"), STOP_ON_FAILURE): Object 'Object Repository/Sysadmin Portal/Environments Page/Page_Environments - ConfigSearch/input_Enable Search for Portal' is checked&#xD;
&#xD;
2019-07-29 16:52:57 - [MESSAGE][PASSED] - Object 'Object Repository/Sysadmin Portal/Environments Page/Page_Environments - ConfigSearch/input_Enable Search for Portal' is checked&#xD;
&#xD;
2019-07-29 16:52:57 - [TEST_STEP][PASSED] - click(findTestObject("Sysadmin Portal/Environments Page/Page_Environments - ConfigSearch/button_Save"), STOP_ON_FAILURE): Object: 'Object Repository/Sysadmin Portal/Environments Page/Page_Environments - ConfigSearch/button_Save' is clicked on&#xD;
&#xD;
2019-07-29 16:52:57 - [MESSAGE][PASSED] - Object: 'Object Repository/Sysadmin Portal/Environments Page/Page_Environments - ConfigSearch/button_Save' is clicked on&#xD;
&#xD;
2019-07-29 16:52:57 - [TEST_STEP][PASSED] - waitForElementVisible(findTestObject("Sysadmin Portal/Environments Page/Page_Environments - ConfigSearch/span_Total crawled"), 5): Object 'Object Repository/Sysadmin Portal/Environments Page/Page_Environments - ConfigSearch/span_Total crawled' is visible&#xD;
&#xD;
2019-07-29 16:52:58 - [MESSAGE][PASSED] - Object 'Object Repository/Sysadmin Portal/Environments Page/Page_Environments - ConfigSearch/span_Total crawled' is visible&#xD;
&#xD;
2019-07-29 16:52:58 - [TEST_STEP][PASSED] - verifyElementVisible(findTestObject("Sysadmin Portal/Environments Page/Page_Environments - ConfigSearch/span_Total crawled"), CONTINUE_ON_FAILURE): Object 'Object Repository/Sysadmin Portal/Environments Page/Page_Environments - ConfigSearch/span_Total crawled' is visible&#xD;
&#xD;
2019-07-29 16:52:58 - [MESSAGE][PASSED] - Object 'Object Repository/Sysadmin Portal/Environments Page/Page_Environments - ConfigSearch/span_Total crawled' is visible&#xD;
&#xD;
2019-07-29 16:52:58 - [TEST_STEP][PASSED] - click(findTestObject("Sysadmin Portal/Environments Page/Page_Environments - ConfigSearch/button_Ok"), STOP_ON_FAILURE): Object: 'Object Repository/Sysadmin Portal/Environments Page/Page_Environments - ConfigSearch/button_Ok' is clicked on&#xD;
&#xD;
2019-07-29 16:52:58 - [MESSAGE][PASSED] - Object: 'Object Repository/Sysadmin Portal/Environments Page/Page_Environments - ConfigSearch/button_Ok' is clicked on&#xD;
&#xD;
2019-07-29 16:52:58 - [TEST_STEP][PASSED] - closeBrowser(): Browser is closed&#xD;
&#xD;
2019-07-29 16:52:59 - [MESSAGE][PASSED] - Browser is closed</system-out>
            <system-err></system-err>
        </testcase>
        <testcase name="Test Cases/Search/Search" classname="Test Cases/Search/Search" status="FAILED">
            <failure type="FAILED" message="Test Cases/Search/Search FAILED.&#xA;Reason:&#xA;com.kms.katalon.core.exception.StepFailedException: Unable to verify if object 'Object Repository/Search/searchResult_3_TestOnDemand' has attribute 'href' with value 'http://192.168.1.55:8094/EOS/Files/#workspace/Default/3_TestOnDemand'&#xD;&#xA;&#x9;at com.kms.katalon.core.webui.keyword.internal.WebUIKeywordMain.stepFailed(WebUIKeywordMain.groovy:64)&#xD;&#xA;&#x9;at com.kms.katalon.core.webui.keyword.internal.WebUIKeywordMain.runKeyword(WebUIKeywordMain.groovy:26)&#xD;&#xA;&#x9;at com.kms.katalon.core.webui.keyword.builtin.VerifyElementAttributeValueKeyword.verifyElementAttributeValue(VerifyElementAttributeValueKeyword.groovy:109)&#xD;&#xA;&#x9;at com.kms.katalon.core.webui.keyword.builtin.VerifyElementAttributeValueKeyword.execute(VerifyElementAttributeValueKeyword.groovy:70)&#xD;&#xA;&#x9;at com.kms.katalon.core.keyword.internal.KeywordExecutor.executeKeywordForPlatform(KeywordExecutor.groovy:56)&#xD;&#xA;&#x9;at com.kms.katalon.core.webui.keyword.WebUiBuiltInKeywords.verifyElementAttributeValue(WebUiBuiltInKeywords.groovy:3252)&#xD;&#xA;&#x9;at com.kms.katalon.core.webui.keyword.WebUiBuiltInKeywords$verifyElementAttributeValue$37.call(Unknown Source)&#xD;&#xA;&#x9;at Search.run(Search:35)&#xD;&#xA;&#x9;at com.kms.katalon.core.main.ScriptEngine.run(ScriptEngine.java:194)&#xD;&#xA;&#x9;at com.kms.katalon.core.main.ScriptEngine.runScriptAsRawText(ScriptEngine.java:119)&#xD;&#xA;&#x9;at com.kms.katalon.core.main.TestCaseExecutor.runScript(TestCaseExecutor.java:337)&#xD;&#xA;&#x9;at com.kms.katalon.core.main.TestCaseExecutor.doExecute(TestCaseExecutor.java:328)&#xD;&#xA;&#x9;at com.kms.katalon.core.main.TestCaseExecutor.processExecutionPhase(TestCaseExecutor.java:307)&#xD;&#xA;&#x9;at com.kms.katalon.core.main.TestCaseExecutor.accessMainPhase(TestCaseExecutor.java:299)&#xD;&#xA;&#x9;at com.kms.katalon.core.main.TestCaseExecutor.execute(TestCaseExecutor.java:233)&#xD;&#xA;&#x9;at com.kms.katalon.core.main.TestSuiteExecutor.accessTestCaseMainPhase(TestSuiteExecutor.java:133)&#xD;&#xA;&#x9;at com.kms.katalon.core.main.TestSuiteExecutor.accessTestSuiteMainPhase(TestSuiteExecutor.java:116)&#xD;&#xA;&#x9;at com.kms.katalon.core.main.TestSuiteExecutor.execute(TestSuiteExecutor.java:83)&#xD;&#xA;&#x9;at com.kms.katalon.core.main.TestCaseMain.startTestSuite(TestCaseMain.java:157)&#xD;&#xA;&#x9;at com.kms.katalon.core.main.TestCaseMain$startTestSuite$0.call(Unknown Source)&#xD;&#xA;&#x9;at TempTestSuite1564408079064.run(TempTestSuite1564408079064.groovy:35)&#xD;&#xA;Caused by: com.kms.katalon.core.exception.StepFailedException: Object 'Object Repository/Search/searchResult_3_TestOnDemand' has attribute 'href' with actual value 'http://192.168.1.55:8094/EOS/Preview/#workspace/Default/Run/1_Batch_Comm/d9f53ee3-3740-4754-a278-8c2611463af2/Render2-4ebdcf4c-ca08-4692-a417-cc1b805289f2/Document%20-%20TestContactLM,%20TestContact%20(EOS_Contact_739b81b8-4071-4d03-8165-c834fa0b3ff6).pdf' instead of expected value 'http://192.168.1.55:8094/EOS/Files/#workspace/Default/3_TestOnDemand'&#xD;&#xA;&#x9;at com.kms.katalon.core.webui.keyword.internal.WebUIKeywordMain.stepFailed(WebUIKeywordMain.groovy:64)&#xD;&#xA;&#x9;at com.kms.katalon.core.webui.keyword.builtin.VerifyElementAttributeValueKeyword$_verifyElementAttributeValue_closure1.doCall(VerifyElementAttributeValueKeyword.groovy:94)&#xD;&#xA;&#x9;at com.kms.katalon.core.webui.keyword.builtin.VerifyElementAttributeValueKeyword$_verifyElementAttributeValue_closure1.call(VerifyElementAttributeValueKeyword.groovy)&#xD;&#xA;&#x9;at com.kms.katalon.core.webui.keyword.internal.WebUIKeywordMain.runKeyword(WebUIKeywordMain.groovy:20)&#xD;&#xA;&#x9;... 19 more&#xD;&#xA;"/>
            <system-out>2019-07-29 16:52:59 - [TEST_CASE][FAILED] - Test Cases/Search/Search: Test Cases/Search/Search FAILED.
Reason:
com.kms.katalon.core.exception.StepFailedException: Unable to verify if object 'Object Repository/Search/searchResult_3_TestOnDemand' has attribute 'href' with value 'http://192.168.1.55:8094/EOS/Files/#workspace/Default/3_TestOnDemand'&#xD;
	at com.kms.katalon.core.webui.keyword.internal.WebUIKeywordMain.stepFailed(WebUIKeywordMain.groovy:64)&#xD;
	at com.kms.katalon.core.webui.keyword.internal.WebUIKeywordMain.runKeyword(WebUIKeywordMain.groovy:26)&#xD;
	at com.kms.katalon.core.webui.keyword.builtin.VerifyElementAttributeValueKeyword.verifyElementAttributeValue(VerifyElementAttributeValueKeyword.groovy:109)&#xD;
	at com.kms.katalon.core.webui.keyword.builtin.VerifyElementAttributeValueKeyword.execute(VerifyElementAttributeValueKeyword.groovy:70)&#xD;
	at com.kms.katalon.core.keyword.internal.KeywordExecutor.executeKeywordForPlatform(KeywordExecutor.groovy:56)&#xD;
	at com.kms.katalon.core.webui.keyword.WebUiBuiltInKeywords.verifyElementAttributeValue(WebUiBuiltInKeywords.groovy:3252)&#xD;
	at com.kms.katalon.core.webui.keyword.WebUiBuiltInKeywords$verifyElementAttributeValue$37.call(Unknown Source)&#xD;
	at Search.run(Search:35)&#xD;
	at com.kms.katalon.core.main.ScriptEngine.run(ScriptEngine.java:194)&#xD;
	at com.kms.katalon.core.main.ScriptEngine.runScriptAsRawText(ScriptEngine.java:119)&#xD;
	at com.kms.katalon.core.main.TestCaseExecutor.runScript(TestCaseExecutor.java:337)&#xD;
	at com.kms.katalon.core.main.TestCaseExecutor.doExecute(TestCaseExecutor.java:328)&#xD;
	at com.kms.katalon.core.main.TestCaseExecutor.processExecutionPhase(TestCaseExecutor.java:307)&#xD;
	at com.kms.katalon.core.main.TestCaseExecutor.accessMainPhase(TestCaseExecutor.java:299)&#xD;
	at com.kms.katalon.core.main.TestCaseExecutor.execute(TestCaseExecutor.java:233)&#xD;
	at com.kms.katalon.core.main.TestSuiteExecutor.accessTestCaseMainPhase(TestSuiteExecutor.java:133)&#xD;
	at com.kms.katalon.core.main.TestSuiteExecutor.accessTestSuiteMainPhase(TestSuiteExecutor.java:116)&#xD;
	at com.kms.katalon.core.main.TestSuiteExecutor.execute(TestSuiteExecutor.java:83)&#xD;
	at com.kms.katalon.core.main.TestCaseMain.startTestSuite(TestCaseMain.java:157)&#xD;
	at com.kms.katalon.core.main.TestCaseMain$startTestSuite$0.call(Unknown Source)&#xD;
	at TempTestSuite1564408079064.run(TempTestSuite1564408079064.groovy:35)&#xD;
Caused by: com.kms.katalon.core.exception.StepFailedException: Object 'Object Repository/Search/searchResult_3_TestOnDemand' has attribute 'href' with actual value 'http://192.168.1.55:8094/EOS/Preview/#workspace/Default/Run/1_Batch_Comm/d9f53ee3-3740-4754-a278-8c2611463af2/Render2-4ebdcf4c-ca08-4692-a417-cc1b805289f2/Document%20-%20TestContactLM,%20TestContact%20(EOS_Contact_739b81b8-4071-4d03-8165-c834fa0b3ff6).pdf' instead of expected value 'http://192.168.1.55:8094/EOS/Files/#workspace/Default/3_TestOnDemand'&#xD;
	at com.kms.katalon.core.webui.keyword.internal.WebUIKeywordMain.stepFailed(WebUIKeywordMain.groovy:64)&#xD;
	at com.kms.katalon.core.webui.keyword.builtin.VerifyElementAttributeValueKeyword$_verifyElementAttributeValue_closure1.doCall(VerifyElementAttributeValueKeyword.groovy:94)&#xD;
	at com.kms.katalon.core.webui.keyword.builtin.VerifyElementAttributeValueKeyword$_verifyElementAttributeValue_closure1.call(VerifyElementAttributeValueKeyword.groovy)&#xD;
	at com.kms.katalon.core.webui.keyword.internal.WebUIKeywordMain.runKeyword(WebUIKeywordMain.groovy:20)&#xD;
	... 19 more&#xD;
&#xD;
&#xD;
2019-07-29 16:52:59 - [TEST_STEP][PASSED] - callTestCase(findTestCase("Main Login Page/login_simple"), [:], STOP_ON_FAILURE): Call Test Case 'Test Cases/Main Login Page/login_simple' successfully&#xD;
&#xD;
2019-07-29 16:52:59 - [TEST_CASE][PASSED] - Test Cases/Main Login Page/login_simple: Test Cases/Main Login Page/login_simple&#xD;
&#xD;
2019-07-29 16:52:59 - [TEST_STEP][PASSED] - openBrowser(url_enterprise, STOP_ON_FAILURE): Browser is opened with url: 'http://192.168.1.55:8094/'&#xD;
&#xD;
2019-07-29 16:52:59 - [MESSAGE][INFO] - Starting 'Chrome' driver&#xD;
&#xD;
2019-07-29 16:53:02 - [MESSAGE][PASSED] - Browser is opened with url: 'http://192.168.1.55:8094/'&#xD;
&#xD;
2019-07-29 16:53:02 - [TEST_STEP][PASSED] - maximizeWindow(): Current window maximized&#xD;
&#xD;
2019-07-29 16:53:03 - [MESSAGE][PASSED] - Current window maximized&#xD;
&#xD;
2019-07-29 16:53:03 - [TEST_STEP][PASSED] - setText(findTestObject("Main Login Page/input_userName"), Username_Admin, CONTINUE_ON_FAILURE): Text 'Ere' is set on object 'Object Repository/Main Login Page/input_userName'&#xD;
&#xD;
2019-07-29 16:53:03 - [MESSAGE][PASSED] - Text 'Ere' is set on object 'Object Repository/Main Login Page/input_userName'&#xD;
&#xD;
2019-07-29 16:53:03 - [TEST_STEP][PASSED] - setText(findTestObject("Main Login Page/input_password"), Password_Admin, CONTINUE_ON_FAILURE): Text 'ere123' is set on object 'Object Repository/Main Login Page/input_password'&#xD;
&#xD;
2019-07-29 16:53:03 - [MESSAGE][PASSED] - Text 'ere123' is set on object 'Object Repository/Main Login Page/input_password'&#xD;
&#xD;
2019-07-29 16:53:03 - [TEST_STEP][PASSED] - click(findTestObject("Main Login Page/button_Sign in"), CONTINUE_ON_FAILURE): Object: 'Object Repository/Main Login Page/button_Sign in' is clicked on&#xD;
&#xD;
2019-07-29 16:53:03 - [MESSAGE][PASSED] - Object: 'Object Repository/Main Login Page/button_Sign in' is clicked on&#xD;
&#xD;
2019-07-29 16:53:03 - [TEST_STEP][PASSED] - delay(1, CONTINUE_ON_FAILURE): Delayed 1 second(s)&#xD;
&#xD;
2019-07-29 16:53:04 - [MESSAGE][PASSED] - Delayed 1 second(s)&#xD;
&#xD;
2019-07-29 16:53:04 - [TEST_STEP][PASSED] - if (verifyElementVisible(findTestObject("Main Login Page/Multiple environments/Environment Selector"), OPTIONAL)): Delayed 2 second(s)&#xD;
&#xD;
2019-07-29 16:53:04 - [MESSAGE][PASSED] - Object 'Object Repository/Main Login Page/Multiple environments/Environment Selector' is visible&#xD;
&#xD;
2019-07-29 16:53:04 - [TEST_STEP][NOT_RUN] - delay(1, CONTINUE_ON_FAILURE): NOT_RUN: delay(1, CONTINUE_ON_FAILURE)&#xD;
&#xD;
2019-07-29 16:53:04 - [MESSAGE][NOT_RUN] - NOT_RUN: delay(1, CONTINUE_ON_FAILURE)&#xD;
&#xD;
2019-07-29 16:53:04 - [TEST_STEP][PASSED] - waitForElementClickable(findTestObject("Main Login Page/Multiple environments/button_Continue"), 0, CONTINUE_ON_FAILURE): Object 'Object Repository/Main Login Page/Multiple environments/button_Continue' is clickable&#xD;
&#xD;
2019-07-29 16:53:04 - [MESSAGE][WARNING] - Timeout '0' is invalid. Using default page load timeout: '5'&#xD;
&#xD;
2019-07-29 16:53:04 - [MESSAGE][PASSED] - Object 'Object Repository/Main Login Page/Multiple environments/button_Continue' is clickable&#xD;
&#xD;
2019-07-29 16:53:04 - [TEST_STEP][PASSED] - click(findTestObject("Main Login Page/Multiple environments/Environment Selector"), CONTINUE_ON_FAILURE): Object: 'Object Repository/Main Login Page/Multiple environments/Environment Selector' is clicked on&#xD;
&#xD;
2019-07-29 16:53:04 - [MESSAGE][PASSED] - Object: 'Object Repository/Main Login Page/Multiple environments/Environment Selector' is clicked on&#xD;
&#xD;
2019-07-29 16:53:04 - [TEST_STEP][PASSED] - waitForElementVisible(findTestObject("Main Login Page/Multiple environments/button_Continue"), 1, CONTINUE_ON_FAILURE): Object 'Object Repository/Main Login Page/Multiple environments/button_Continue' is visible&#xD;
&#xD;
2019-07-29 16:53:04 - [MESSAGE][PASSED] - Object 'Object Repository/Main Login Page/Multiple environments/button_Continue' is visible&#xD;
&#xD;
2019-07-29 16:53:04 - [TEST_STEP][PASSED] - click(findTestObject("Main Login Page/Multiple environments/button_Continue"), CONTINUE_ON_FAILURE): Object: 'Object Repository/Main Login Page/Multiple environments/button_Continue' is clicked on&#xD;
&#xD;
2019-07-29 16:53:04 - [MESSAGE][PASSED] - Object: 'Object Repository/Main Login Page/Multiple environments/button_Continue' is clicked on&#xD;
&#xD;
2019-07-29 16:53:04 - [TEST_STEP][PASSED] - delay(2, CONTINUE_ON_FAILURE): Delayed 2 second(s)&#xD;
&#xD;
2019-07-29 16:53:06 - [MESSAGE][PASSED] - Delayed 2 second(s)&#xD;
&#xD;
2019-07-29 16:53:06 - [MESSAGE][PASSED] - Call Test Case 'Test Cases/Main Login Page/login_simple' successfully&#xD;
&#xD;
2019-07-29 16:53:06 - [TEST_STEP][PASSED] - delay(3, STOP_ON_FAILURE): Delayed 3 second(s)&#xD;
&#xD;
2019-07-29 16:53:09 - [MESSAGE][PASSED] - Delayed 3 second(s)&#xD;
&#xD;
2019-07-29 16:53:09 - [TEST_STEP][PASSED] - waitForPageLoad(5, STOP_ON_FAILURE): Wait for page load successfully&#xD;
&#xD;
2019-07-29 16:53:09 - [MESSAGE][PASSED] - Wait for page load successfully&#xD;
&#xD;
2019-07-29 16:53:09 - [TEST_STEP][PASSED] - click(findTestObject("Search/button_searchbar"), STOP_ON_FAILURE): Object: 'Object Repository/Search/button_searchbar' is clicked on&#xD;
&#xD;
2019-07-29 16:53:09 - [MESSAGE][PASSED] - Object: 'Object Repository/Search/button_searchbar' is clicked on&#xD;
&#xD;
2019-07-29 16:53:09 - [TEST_STEP][PASSED] - setText(findTestObject("Search/textbox_Searchbar"), "Test"): Text 'Test' is set on object 'Object Repository/Search/textbox_Searchbar'&#xD;
&#xD;
2019-07-29 16:53:09 - [MESSAGE][PASSED] - Text 'Test' is set on object 'Object Repository/Search/textbox_Searchbar'&#xD;
&#xD;
2019-07-29 16:53:09 - [TEST_STEP][PASSED] - sendKeys(findTestObject("Search/textbox_Searchbar"), Keys.chord(ENTER)): Keys 'ENTER + ' sent to object: 'Object Repository/Search/textbox_Searchbar'&#xD;
&#xD;
2019-07-29 16:53:10 - [MESSAGE][PASSED] - Keys 'ENTER + ' sent to object: 'Object Repository/Search/textbox_Searchbar'&#xD;
&#xD;
2019-07-29 16:53:10 - [TEST_STEP][PASSED] - switchToWindowIndex("1"): Switched to window with index: '1'&#xD;
&#xD;
2019-07-29 16:53:10 - [MESSAGE][PASSED] - Switched to window with index: '1'&#xD;
&#xD;
2019-07-29 16:53:10 - [TEST_STEP][PASSED] - click(findTestObject("Search/button_FilesFilter"), STOP_ON_FAILURE): Object: 'Object Repository/Search/button_FilesFilter' is clicked on&#xD;
&#xD;
2019-07-29 16:53:11 - [MESSAGE][PASSED] - Object: 'Object Repository/Search/button_FilesFilter' is clicked on&#xD;
&#xD;
2019-07-29 16:53:11 - [TEST_STEP][PASSED] - delay(2, STOP_ON_FAILURE): Delayed 2 second(s)&#xD;
&#xD;
2019-07-29 16:53:13 - [MESSAGE][PASSED] - Delayed 2 second(s)&#xD;
&#xD;
2019-07-29 16:53:13 - [TEST_STEP][FAILED] - verifyElementAttributeValue(findTestObject("Search/searchResult_3_TestOnDemand"), "href", Search_Result_Link, 0): Unable to verify if object 'Object Repository/Search/searchResult_3_TestOnDemand' has attribute 'href' with value 'http://192.168.1.55:8094/EOS/Files/#workspace/Default/3_TestOnDemand' (Root cause: com.kms.katalon.core.exception.StepFailedException: Unable to verify if object 'Object Repository/Search/searchResult_3_TestOnDemand' has attribute 'href' with value 'http://192.168.1.55:8094/EOS/Files/#workspace/Default/3_TestOnDemand'&#xD;
	at com.kms.katalon.core.webui.keyword.internal.WebUIKeywordMain.stepFailed(WebUIKeywordMain.groovy:64)&#xD;
	at com.kms.katalon.core.webui.keyword.internal.WebUIKeywordMain.runKeyword(WebUIKeywordMain.groovy:26)&#xD;
	at com.kms.katalon.core.webui.keyword.builtin.VerifyElementAttributeValueKeyword.verifyElementAttributeValue(VerifyElementAttributeValueKeyword.groovy:109)&#xD;
	at com.kms.katalon.core.webui.keyword.builtin.VerifyElementAttributeValueKeyword.execute(VerifyElementAttributeValueKeyword.groovy:70)&#xD;
	at com.kms.katalon.core.keyword.internal.KeywordExecutor.executeKeywordForPlatform(KeywordExecutor.groovy:56)&#xD;
	at com.kms.katalon.core.webui.keyword.WebUiBuiltInKeywords.verifyElementAttributeValue(WebUiBuiltInKeywords.groovy:3252)&#xD;
	at com.kms.katalon.core.webui.keyword.WebUiBuiltInKeywords$verifyElementAttributeValue$37.call(Unknown Source)&#xD;
	at Search.run(Search:35)&#xD;
	at com.kms.katalon.core.main.ScriptEngine.run(ScriptEngine.java:194)&#xD;
	at com.kms.katalon.core.main.ScriptEngine.runScriptAsRawText(ScriptEngine.java:119)&#xD;
	at com.kms.katalon.core.main.TestCaseExecutor.runScript(TestCaseExecutor.java:337)&#xD;
	at com.kms.katalon.core.main.TestCaseExecutor.doExecute(TestCaseExecutor.java:328)&#xD;
	at com.kms.katalon.core.main.TestCaseExecutor.processExecutionPhase(TestCaseExecutor.java:307)&#xD;
	at com.kms.katalon.core.main.TestCaseExecutor.accessMainPhase(TestCaseExecutor.java:299)&#xD;
	at com.kms.katalon.core.main.TestCaseExecutor.execute(TestCaseExecutor.java:233)&#xD;
	at com.kms.katalon.core.main.TestSuiteExecutor.accessTestCaseMainPhase(TestSuiteExecutor.java:133)&#xD;
	at com.kms.katalon.core.main.TestSuiteExecutor.accessTestSuiteMainPhase(TestSuiteExecutor.java:116)&#xD;
	at com.kms.katalon.core.main.TestSuiteExecutor.execute(TestSuiteExecutor.java:83)&#xD;
	at com.kms.katalon.core.main.TestCaseMain.startTestSuite(TestCaseMain.java:157)&#xD;
	at com.kms.katalon.core.main.TestCaseMain$startTestSuite$0.call(Unknown Source)&#xD;
	at TempTestSuite1564408079064.run(TempTestSuite1564408079064.groovy:35)&#xD;
Caused by: com.kms.katalon.core.exception.StepFailedException: Object 'Object Repository/Search/searchResult_3_TestOnDemand' has attribute 'href' with actual value 'http://192.168.1.55:8094/EOS/Preview/#workspace/Default/Run/1_Batch_Comm/d9f53ee3-3740-4754-a278-8c2611463af2/Render2-4ebdcf4c-ca08-4692-a417-cc1b805289f2/Document%20-%20TestContactLM,%20TestContact%20(EOS_Contact_739b81b8-4071-4d03-8165-c834fa0b3ff6).pdf' instead of expected value 'http://192.168.1.55:8094/EOS/Files/#workspace/Default/3_TestOnDemand'&#xD;
	at com.kms.katalon.core.webui.keyword.internal.WebUIKeywordMain.stepFailed(WebUIKeywordMain.groovy:64)&#xD;
	at com.kms.katalon.core.webui.keyword.builtin.VerifyElementAttributeValueKeyword$_verifyElementAttributeValue_closure1.doCall(VerifyElementAttributeValueKeyword.groovy:94)&#xD;
	at com.kms.katalon.core.webui.keyword.builtin.VerifyElementAttributeValueKeyword$_verifyElementAttributeValue_closure1.call(VerifyElementAttributeValueKeyword.groovy)&#xD;
	at com.kms.katalon.core.webui.keyword.internal.WebUIKeywordMain.runKeyword(WebUIKeywordMain.groovy:20)&#xD;
	... 19 more&#xD;
)&#xD;
&#xD;
2019-07-29 16:53:13 - [MESSAGE][WARNING] - Timeout '0' is invalid. Using default page load timeout: '5'&#xD;
&#xD;
2019-07-29 16:53:13 - [MESSAGE][FAILED] - Object 'Object Repository/Search/searchResult_3_TestOnDemand' has attribute 'href' with actual value 'http://192.168.1.55:8094/EOS/Preview/#workspace/Default/Run/1_Batch_Comm/d9f53ee3-3740-4754-a278-8c2611463af2/Render2-4ebdcf4c-ca08-4692-a417-cc1b805289f2/Document%20-%20TestContactLM,%20TestContact%20(EOS_Contact_739b81b8-4071-4d03-8165-c834fa0b3ff6).pdf' instead of expected value 'http://192.168.1.55:8094/EOS/Files/#workspace/Default/3_TestOnDemand' (Root cause: com.kms.katalon.core.exception.StepFailedException: Object 'Object Repository/Search/searchResult_3_TestOnDemand' has attribute 'href' with actual value 'http://192.168.1.55:8094/EOS/Preview/#workspace/Default/Run/1_Batch_Comm/d9f53ee3-3740-4754-a278-8c2611463af2/Render2-4ebdcf4c-ca08-4692-a417-cc1b805289f2/Document%20-%20TestContactLM,%20TestContact%20(EOS_Contact_739b81b8-4071-4d03-8165-c834fa0b3ff6).pdf' instead of expected value 'http://192.168.1.55:8094/EOS/Files/#workspace/Default/3_TestOnDemand'&#xD;
	at com.kms.katalon.core.webui.keyword.internal.WebUIKeywordMain.stepFailed(WebUIKeywordMain.groovy:64)&#xD;
	at com.kms.katalon.core.webui.keyword.builtin.VerifyElementAttributeValueKeyword$_verifyElementAttributeValue_closure1.doCall(VerifyElementAttributeValueKeyword.groovy:94)&#xD;
	at com.kms.katalon.core.webui.keyword.builtin.VerifyElementAttributeValueKeyword$_verifyElementAttributeValue_closure1.call(VerifyElementAttributeValueKeyword.groovy)&#xD;
	at com.kms.katalon.core.webui.keyword.internal.WebUIKeywordMain.runKeyword(WebUIKeywordMain.groovy:20)&#xD;
	at com.kms.katalon.core.webui.keyword.builtin.VerifyElementAttributeValueKeyword.verifyElementAttributeValue(VerifyElementAttributeValueKeyword.groovy:109)&#xD;
	at com.kms.katalon.core.webui.keyword.builtin.VerifyElementAttributeValueKeyword.execute(VerifyElementAttributeValueKeyword.groovy:70)&#xD;
	at com.kms.katalon.core.keyword.internal.KeywordExecutor.executeKeywordForPlatform(KeywordExecutor.groovy:56)&#xD;
	at com.kms.katalon.core.webui.keyword.WebUiBuiltInKeywords.verifyElementAttributeValue(WebUiBuiltInKeywords.groovy:3252)&#xD;
	at com.kms.katalon.core.webui.keyword.WebUiBuiltInKeywords$verifyElementAttributeValue$37.call(Unknown Source)&#xD;
	at Search.run(Search:35)&#xD;
	at com.kms.katalon.core.main.ScriptEngine.run(ScriptEngine.java:194)&#xD;
	at com.kms.katalon.core.main.ScriptEngine.runScriptAsRawText(ScriptEngine.java:119)&#xD;
	at com.kms.katalon.core.main.TestCaseExecutor.runScript(TestCaseExecutor.java:337)&#xD;
	at com.kms.katalon.core.main.TestCaseExecutor.doExecute(TestCaseExecutor.java:328)&#xD;
	at com.kms.katalon.core.main.TestCaseExecutor.processExecutionPhase(TestCaseExecutor.java:307)&#xD;
	at com.kms.katalon.core.main.TestCaseExecutor.accessMainPhase(TestCaseExecutor.java:299)&#xD;
	at com.kms.katalon.core.main.TestCaseExecutor.execute(TestCaseExecutor.java:233)&#xD;
	at com.kms.katalon.core.main.TestSuiteExecutor.accessTestCaseMainPhase(TestSuiteExecutor.java:133)&#xD;
	at com.kms.katalon.core.main.TestSuiteExecutor.accessTestSuiteMainPhase(TestSuiteExecutor.java:116)&#xD;
	at com.kms.katalon.core.main.TestSuiteExecutor.execute(TestSuiteExecutor.java:83)&#xD;
	at com.kms.katalon.core.main.TestCaseMain.startTestSuite(TestCaseMain.java:157)&#xD;
	at com.kms.katalon.core.main.TestCaseMain$startTestSuite$0.call(Unknown Source)&#xD;
	at TempTestSuite1564408079064.run(TempTestSuite1564408079064.groovy:35)&#xD;
)&#xD;
[[ATTACHMENT|C:\\Katalon Projects\\Nido_Patch3\\Reports\\Sanity1\\20190729_164759\\1564408393554.png]]&#xD;
&#xD;
2019-07-29 16:53:14 - [MESSAGE][FAILED] - Unable to verify if object 'Object Repository/Search/searchResult_3_TestOnDemand' has attribute 'href' with value 'http://192.168.1.55:8094/EOS/Files/#workspace/Default/3_TestOnDemand' (Root cause: com.kms.katalon.core.exception.StepFailedException: Unable to verify if object 'Object Repository/Search/searchResult_3_TestOnDemand' has attribute 'href' with value 'http://192.168.1.55:8094/EOS/Files/#workspace/Default/3_TestOnDemand'&#xD;
	at com.kms.katalon.core.webui.keyword.internal.WebUIKeywordMain.stepFailed(WebUIKeywordMain.groovy:64)&#xD;
	at com.kms.katalon.core.webui.keyword.internal.WebUIKeywordMain.runKeyword(WebUIKeywordMain.groovy:26)&#xD;
	at com.kms.katalon.core.webui.keyword.builtin.VerifyElementAttributeValueKeyword.verifyElementAttributeValue(VerifyElementAttributeValueKeyword.groovy:109)&#xD;
	at com.kms.katalon.core.webui.keyword.builtin.VerifyElementAttributeValueKeyword.execute(VerifyElementAttributeValueKeyword.groovy:70)&#xD;
	at com.kms.katalon.core.keyword.internal.KeywordExecutor.executeKeywordForPlatform(KeywordExecutor.groovy:56)&#xD;
	at com.kms.katalon.core.webui.keyword.WebUiBuiltInKeywords.verifyElementAttributeValue(WebUiBuiltInKeywords.groovy:3252)&#xD;
	at com.kms.katalon.core.webui.keyword.WebUiBuiltInKeywords$verifyElementAttributeValue$37.call(Unknown Source)&#xD;
	at Search.run(Search:35)&#xD;
	at com.kms.katalon.core.main.ScriptEngine.run(ScriptEngine.java:194)&#xD;
	at com.kms.katalon.core.main.ScriptEngine.runScriptAsRawText(ScriptEngine.java:119)&#xD;
	at com.kms.katalon.core.main.TestCaseExecutor.runScript(TestCaseExecutor.java:337)&#xD;
	at com.kms.katalon.core.main.TestCaseExecutor.doExecute(TestCaseExecutor.java:328)&#xD;
	at com.kms.katalon.core.main.TestCaseExecutor.processExecutionPhase(TestCaseExecutor.java:307)&#xD;
	at com.kms.katalon.core.main.TestCaseExecutor.accessMainPhase(TestCaseExecutor.java:299)&#xD;
	at com.kms.katalon.core.main.TestCaseExecutor.execute(TestCaseExecutor.java:233)&#xD;
	at com.kms.katalon.core.main.TestSuiteExecutor.accessTestCaseMainPhase(TestSuiteExecutor.java:133)&#xD;
	at com.kms.katalon.core.main.TestSuiteExecutor.accessTestSuiteMainPhase(TestSuiteExecutor.java:116)&#xD;
	at com.kms.katalon.core.main.TestSuiteExecutor.execute(TestSuiteExecutor.java:83)&#xD;
	at com.kms.katalon.core.main.TestCaseMain.startTestSuite(TestCaseMain.java:157)&#xD;
	at com.kms.katalon.core.main.TestCaseMain$startTestSuite$0.call(Unknown Source)&#xD;
	at TempTestSuite1564408079064.run(TempTestSuite1564408079064.groovy:35)&#xD;
Caused by: com.kms.katalon.core.exception.StepFailedException: Object 'Object Repository/Search/searchResult_3_TestOnDemand' has attribute 'href' with actual value 'http://192.168.1.55:8094/EOS/Preview/#workspace/Default/Run/1_Batch_Comm/d9f53ee3-3740-4754-a278-8c2611463af2/Render2-4ebdcf4c-ca08-4692-a417-cc1b805289f2/Document%20-%20TestContactLM,%20TestContact%20(EOS_Contact_739b81b8-4071-4d03-8165-c834fa0b3ff6).pdf' instead of expected value 'http://192.168.1.55:8094/EOS/Files/#workspace/Default/3_TestOnDemand'&#xD;
	at com.kms.katalon.core.webui.keyword.internal.WebUIKeywordMain.stepFailed(WebUIKeywordMain.groovy:64)&#xD;
	at com.kms.katalon.core.webui.keyword.builtin.VerifyElementAttributeValueKeyword$_verifyElementAttributeValue_closure1.doCall(VerifyElementAttributeValueKeyword.groovy:94)&#xD;
	at com.kms.katalon.core.webui.keyword.builtin.VerifyElementAttributeValueKeyword$_verifyElementAttributeValue_closure1.call(VerifyElementAttributeValueKeyword.groovy)&#xD;
	at com.kms.katalon.core.webui.keyword.internal.WebUIKeywordMain.runKeyword(WebUIKeywordMain.groovy:20)&#xD;
	... 19 more&#xD;
)&#xD;
[[ATTACHMENT|C:\\Katalon Projects\\Nido_Patch3\\Reports\\Sanity1\\20190729_164759\\1564408393896.png]]</system-out>
            <system-err>2019-07-29 16:52:59 - [TEST_CASE][FAILED] - Test Cases/Search/Search: Test Cases/Search/Search FAILED.
Reason:
com.kms.katalon.core.exception.StepFailedException: Unable to verify if object 'Object Repository/Search/searchResult_3_TestOnDemand' has attribute 'href' with value 'http://192.168.1.55:8094/EOS/Files/#workspace/Default/3_TestOnDemand'&#xD;
	at com.kms.katalon.core.webui.keyword.internal.WebUIKeywordMain.stepFailed(WebUIKeywordMain.groovy:64)&#xD;
	at com.kms.katalon.core.webui.keyword.internal.WebUIKeywordMain.runKeyword(WebUIKeywordMain.groovy:26)&#xD;
	at com.kms.katalon.core.webui.keyword.builtin.VerifyElementAttributeValueKeyword.verifyElementAttributeValue(VerifyElementAttributeValueKeyword.groovy:109)&#xD;
	at com.kms.katalon.core.webui.keyword.builtin.VerifyElementAttributeValueKeyword.execute(VerifyElementAttributeValueKeyword.groovy:70)&#xD;
	at com.kms.katalon.core.keyword.internal.KeywordExecutor.executeKeywordForPlatform(KeywordExecutor.groovy:56)&#xD;
	at com.kms.katalon.core.webui.keyword.WebUiBuiltInKeywords.verifyElementAttributeValue(WebUiBuiltInKeywords.groovy:3252)&#xD;
	at com.kms.katalon.core.webui.keyword.WebUiBuiltInKeywords$verifyElementAttributeValue$37.call(Unknown Source)&#xD;
	at Search.run(Search:35)&#xD;
	at com.kms.katalon.core.main.ScriptEngine.run(ScriptEngine.java:194)&#xD;
	at com.kms.katalon.core.main.ScriptEngine.runScriptAsRawText(ScriptEngine.java:119)&#xD;
	at com.kms.katalon.core.main.TestCaseExecutor.runScript(TestCaseExecutor.java:337)&#xD;
	at com.kms.katalon.core.main.TestCaseExecutor.doExecute(TestCaseExecutor.java:328)&#xD;
	at com.kms.katalon.core.main.TestCaseExecutor.processExecutionPhase(TestCaseExecutor.java:307)&#xD;
	at com.kms.katalon.core.main.TestCaseExecutor.accessMainPhase(TestCaseExecutor.java:299)&#xD;
	at com.kms.katalon.core.main.TestCaseExecutor.execute(TestCaseExecutor.java:233)&#xD;
	at com.kms.katalon.core.main.TestSuiteExecutor.accessTestCaseMainPhase(TestSuiteExecutor.java:133)&#xD;
	at com.kms.katalon.core.main.TestSuiteExecutor.accessTestSuiteMainPhase(TestSuiteExecutor.java:116)&#xD;
	at com.kms.katalon.core.main.TestSuiteExecutor.execute(TestSuiteExecutor.java:83)&#xD;
	at com.kms.katalon.core.main.TestCaseMain.startTestSuite(TestCaseMain.java:157)&#xD;
	at com.kms.katalon.core.main.TestCaseMain$startTestSuite$0.call(Unknown Source)&#xD;
	at TempTestSuite1564408079064.run(TempTestSuite1564408079064.groovy:35)&#xD;
Caused by: com.kms.katalon.core.exception.StepFailedException: Object 'Object Repository/Search/searchResult_3_TestOnDemand' has attribute 'href' with actual value 'http://192.168.1.55:8094/EOS/Preview/#workspace/Default/Run/1_Batch_Comm/d9f53ee3-3740-4754-a278-8c2611463af2/Render2-4ebdcf4c-ca08-4692-a417-cc1b805289f2/Document%20-%20TestContactLM,%20TestContact%20(EOS_Contact_739b81b8-4071-4d03-8165-c834fa0b3ff6).pdf' instead of expected value 'http://192.168.1.55:8094/EOS/Files/#workspace/Default/3_TestOnDemand'&#xD;
	at com.kms.katalon.core.webui.keyword.internal.WebUIKeywordMain.stepFailed(WebUIKeywordMain.groovy:64)&#xD;
	at com.kms.katalon.core.webui.keyword.builtin.VerifyElementAttributeValueKeyword$_verifyElementAttributeValue_closure1.doCall(VerifyElementAttributeValueKeyword.groovy:94)&#xD;
	at com.kms.katalon.core.webui.keyword.builtin.VerifyElementAttributeValueKeyword$_verifyElementAttributeValue_closure1.call(VerifyElementAttributeValueKeyword.groovy)&#xD;
	at com.kms.katalon.core.webui.keyword.internal.WebUIKeywordMain.runKeyword(WebUIKeywordMain.groovy:20)&#xD;
	... 19 more</system-err>
        </testcase>
        <system-out>2019-07-29 16:48:03 - [TEST_SUITE][INCOMPLETE] - Sanity1: null</system-out>
        <system-err>2019-07-29 16:48:03 - [TEST_SUITE][INCOMPLETE] - Sanity1: null</system-err>
    </testsuite>
</testsuites>
